[2024-05-31T09:20:04.871+0000] {taskinstance.py:1956} INFO - Dependencies all met for dep_context=non-requeueable deps ti=<TaskInstance: tipico_dag.load_data_to_redshift scheduled__2024-05-31T09:10:00+00:00 [queued]>
[2024-05-31T09:20:04.881+0000] {taskinstance.py:1956} INFO - Dependencies all met for dep_context=requeueable deps ti=<TaskInstance: tipico_dag.load_data_to_redshift scheduled__2024-05-31T09:10:00+00:00 [queued]>
[2024-05-31T09:20:04.882+0000] {taskinstance.py:2170} INFO - Starting attempt 1 of 2
[2024-05-31T09:20:04.898+0000] {taskinstance.py:2191} INFO - Executing <Task(PythonOperator): load_data_to_redshift> on 2024-05-31 09:10:00+00:00
[2024-05-31T09:20:04.907+0000] {standard_task_runner.py:60} INFO - Started process 31144 to run task
[2024-05-31T09:20:04.911+0000] {standard_task_runner.py:87} INFO - Running: ['***', 'tasks', 'run', 'tipico_dag', 'load_data_to_redshift', 'scheduled__2024-05-31T09:10:00+00:00', '--job-id', '333', '--raw', '--subdir', 'DAGS_FOLDER/tipico_dag.py', '--cfg-path', '/tmp/tmpa5m0xmub']
[2024-05-31T09:20:04.913+0000] {standard_task_runner.py:88} INFO - Job 333: Subtask load_data_to_redshift
[2024-05-31T09:20:04.973+0000] {task_command.py:423} INFO - Running <TaskInstance: tipico_dag.load_data_to_redshift scheduled__2024-05-31T09:10:00+00:00 [running]> on host a71bb5ce980f
[2024-05-31T09:20:05.108+0000] {taskinstance.py:2480} INFO - Exporting env vars: AIRFLOW_CTX_DAG_OWNER='***' AIRFLOW_CTX_DAG_ID='tipico_dag' AIRFLOW_CTX_TASK_ID='load_data_to_redshift' AIRFLOW_CTX_EXECUTION_DATE='2024-05-31T09:10:00+00:00' AIRFLOW_CTX_TRY_NUMBER='1' AIRFLOW_CTX_DAG_RUN_ID='scheduled__2024-05-31T09:10:00+00:00'
[2024-05-31T09:20:05.157+0000] {logging_mixin.py:188} INFO -    Unnamed: 0  ...  eventMetadata
0           0  ...            NaN
1           1  ...            NaN
2           2  ...            NaN
3           3  ...            NaN
4           4  ...            NaN

[5 rows x 23 columns]
[2024-05-31T09:20:05.171+0000] {base.py:83} INFO - Using connection ID 'redshift_default' for task execution.
[2024-05-31T09:20:06.073+0000] {logging_mixin.py:188} INFO - {816775}
[2024-05-31T09:20:06.446+0000] {logging_mixin.py:188} INFO - {814918}
[2024-05-31T09:20:06.610+0000] {logging_mixin.py:188} INFO - {814870}
[2024-05-31T09:20:06.786+0000] {logging_mixin.py:188} INFO - {814933}
[2024-05-31T09:20:07.001+0000] {logging_mixin.py:188} INFO - {814872}
[2024-05-31T09:20:07.186+0000] {logging_mixin.py:188} INFO - {817801}
[2024-05-31T09:20:07.371+0000] {logging_mixin.py:188} INFO - {819146}
[2024-05-31T09:20:07.522+0000] {logging_mixin.py:188} INFO - {819147}
[2024-05-31T09:20:07.713+0000] {logging_mixin.py:188} INFO - {818842}
[2024-05-31T09:20:07.899+0000] {logging_mixin.py:188} INFO - {819229}
[2024-05-31T09:20:08.053+0000] {logging_mixin.py:188} INFO - {818870}
[2024-05-31T09:20:08.210+0000] {logging_mixin.py:188} INFO - {818803}
[2024-05-31T09:20:08.384+0000] {logging_mixin.py:188} INFO - {814929}
[2024-05-31T09:20:08.558+0000] {logging_mixin.py:188} INFO - {814968}
[2024-05-31T09:20:08.739+0000] {logging_mixin.py:188} INFO - {818857}
[2024-05-31T09:20:08.924+0000] {logging_mixin.py:188} INFO - {816200}
[2024-05-31T09:20:09.090+0000] {logging_mixin.py:188} INFO - {816732}
[2024-05-31T09:20:09.266+0000] {logging_mixin.py:188} INFO - {818810}
[2024-05-31T09:20:10.080+0000] {python.py:201} INFO - Done. Returned value was: None
[2024-05-31T09:20:10.096+0000] {taskinstance.py:1138} INFO - Marking task as SUCCESS. dag_id=tipico_dag, task_id=load_data_to_redshift, execution_date=20240531T091000, start_date=20240531T092004, end_date=20240531T092010
[2024-05-31T09:20:10.138+0000] {local_task_job_runner.py:234} INFO - Task exited with return code 0
[2024-05-31T09:20:10.166+0000] {taskinstance.py:3280} INFO - 0 downstream tasks scheduled from follow-on schedule check
