[2024-05-31T07:53:45.037+0000] {taskinstance.py:1956} INFO - Dependencies all met for dep_context=non-requeueable deps ti=<TaskInstance: tipico_dag.load_data_to_redshift manual__2024-05-31T07:53:39.386117+00:00 [queued]>
[2024-05-31T07:53:45.049+0000] {taskinstance.py:1956} INFO - Dependencies all met for dep_context=requeueable deps ti=<TaskInstance: tipico_dag.load_data_to_redshift manual__2024-05-31T07:53:39.386117+00:00 [queued]>
[2024-05-31T07:53:45.050+0000] {taskinstance.py:2170} INFO - Starting attempt 1 of 2
[2024-05-31T07:53:45.069+0000] {taskinstance.py:2191} INFO - Executing <Task(PythonOperator): load_data_to_redshift> on 2024-05-31 07:53:39.386117+00:00
[2024-05-31T07:53:45.080+0000] {standard_task_runner.py:60} INFO - Started process 29827 to run task
[2024-05-31T07:53:45.087+0000] {standard_task_runner.py:87} INFO - Running: ['***', 'tasks', 'run', 'tipico_dag', 'load_data_to_redshift', 'manual__2024-05-31T07:53:39.386117+00:00', '--job-id', '315', '--raw', '--subdir', 'DAGS_FOLDER/tipico_dag.py', '--cfg-path', '/tmp/tmpjpahl8al']
[2024-05-31T07:53:45.089+0000] {standard_task_runner.py:88} INFO - Job 315: Subtask load_data_to_redshift
[2024-05-31T07:53:45.152+0000] {task_command.py:423} INFO - Running <TaskInstance: tipico_dag.load_data_to_redshift manual__2024-05-31T07:53:39.386117+00:00 [running]> on host a71bb5ce980f
[2024-05-31T07:53:45.252+0000] {taskinstance.py:2480} INFO - Exporting env vars: AIRFLOW_CTX_DAG_OWNER='***' AIRFLOW_CTX_DAG_ID='tipico_dag' AIRFLOW_CTX_TASK_ID='load_data_to_redshift' AIRFLOW_CTX_EXECUTION_DATE='2024-05-31T07:53:39.386117+00:00' AIRFLOW_CTX_TRY_NUMBER='1' AIRFLOW_CTX_DAG_RUN_ID='manual__2024-05-31T07:53:39.386117+00:00'
[2024-05-31T07:53:45.340+0000] {logging_mixin.py:188} INFO -    Unnamed: 0  ...  eventMetadata
0           0  ...            NaN
1           1  ...            NaN
2           2  ...            NaN
3           3  ...            NaN
4           4  ...            NaN

[5 rows x 23 columns]
[2024-05-31T07:53:45.365+0000] {base.py:83} INFO - Using connection ID 'redshift_default' for task execution.
[2024-05-31T07:53:46.278+0000] {logging_mixin.py:188} INFO - {816775}
[2024-05-31T07:53:49.972+0000] {logging_mixin.py:188} INFO - {814989}
[2024-05-31T07:53:52.804+0000] {logging_mixin.py:188} INFO - {814918}
[2024-05-31T07:53:52.979+0000] {logging_mixin.py:188} INFO - {814870}
[2024-05-31T07:53:53.133+0000] {logging_mixin.py:188} INFO - {814933}
[2024-05-31T07:53:53.311+0000] {logging_mixin.py:188} INFO - {814872}
[2024-05-31T07:53:53.464+0000] {logging_mixin.py:188} INFO - {817801}
[2024-05-31T07:53:53.657+0000] {logging_mixin.py:188} INFO - {818524}
[2024-05-31T07:53:53.814+0000] {logging_mixin.py:188} INFO - {818731}
[2024-05-31T07:53:53.980+0000] {logging_mixin.py:188} INFO - {818838}
[2024-05-31T07:53:54.142+0000] {logging_mixin.py:188} INFO - {818813}
[2024-05-31T07:53:54.304+0000] {logging_mixin.py:188} INFO - {818844}
[2024-05-31T07:53:54.468+0000] {logging_mixin.py:188} INFO - {819199}
[2024-05-31T07:53:54.636+0000] {logging_mixin.py:188} INFO - {818806}
[2024-05-31T07:53:54.803+0000] {logging_mixin.py:188} INFO - {818804}
[2024-05-31T07:53:54.985+0000] {logging_mixin.py:188} INFO - {818842}
[2024-05-31T07:53:55.161+0000] {logging_mixin.py:188} INFO - {819229}
[2024-05-31T07:53:55.326+0000] {logging_mixin.py:188} INFO - {818567}
[2024-05-31T07:53:56.115+0000] {python.py:201} INFO - Done. Returned value was: None
[2024-05-31T07:53:56.137+0000] {taskinstance.py:1138} INFO - Marking task as SUCCESS. dag_id=tipico_dag, task_id=load_data_to_redshift, execution_date=20240531T075339, start_date=20240531T075345, end_date=20240531T075356
[2024-05-31T07:53:56.184+0000] {local_task_job_runner.py:234} INFO - Task exited with return code 0
[2024-05-31T07:53:56.207+0000] {taskinstance.py:3280} INFO - 0 downstream tasks scheduled from follow-on schedule check
