[2024-05-31T16:30:03.584+0000] {taskinstance.py:1956} INFO - Dependencies all met for dep_context=non-requeueable deps ti=<TaskInstance: tipico_dag.load_data_to_redshift scheduled__2024-05-31T16:20:00+00:00 [queued]>
[2024-05-31T16:30:03.593+0000] {taskinstance.py:1956} INFO - Dependencies all met for dep_context=requeueable deps ti=<TaskInstance: tipico_dag.load_data_to_redshift scheduled__2024-05-31T16:20:00+00:00 [queued]>
[2024-05-31T16:30:03.594+0000] {taskinstance.py:2170} INFO - Starting attempt 1 of 2
[2024-05-31T16:30:03.609+0000] {taskinstance.py:2191} INFO - Executing <Task(PythonOperator): load_data_to_redshift> on 2024-05-31 16:20:00+00:00
[2024-05-31T16:30:03.615+0000] {standard_task_runner.py:60} INFO - Started process 37255 to run task
[2024-05-31T16:30:03.619+0000] {standard_task_runner.py:87} INFO - Running: ['***', 'tasks', 'run', 'tipico_dag', 'load_data_to_redshift', 'scheduled__2024-05-31T16:20:00+00:00', '--job-id', '538', '--raw', '--subdir', 'DAGS_FOLDER/tipico_dag.py', '--cfg-path', '/tmp/tmpqifm862z']
[2024-05-31T16:30:03.620+0000] {standard_task_runner.py:88} INFO - Job 538: Subtask load_data_to_redshift
[2024-05-31T16:30:03.678+0000] {task_command.py:423} INFO - Running <TaskInstance: tipico_dag.load_data_to_redshift scheduled__2024-05-31T16:20:00+00:00 [running]> on host a71bb5ce980f
[2024-05-31T16:30:03.774+0000] {taskinstance.py:2480} INFO - Exporting env vars: AIRFLOW_CTX_DAG_OWNER='***' AIRFLOW_CTX_DAG_ID='tipico_dag' AIRFLOW_CTX_TASK_ID='load_data_to_redshift' AIRFLOW_CTX_EXECUTION_DATE='2024-05-31T16:20:00+00:00' AIRFLOW_CTX_TRY_NUMBER='1' AIRFLOW_CTX_DAG_RUN_ID='scheduled__2024-05-31T16:20:00+00:00'
[2024-05-31T16:30:03.821+0000] {logging_mixin.py:188} INFO -    Unnamed: 0  ...  eventMetadata
0           0  ...            NaN
1           1  ...            NaN

[2 rows x 22 columns]
[2024-05-31T16:30:03.836+0000] {logging_mixin.py:188} INFO - 2
[2024-05-31T16:30:03.837+0000] {logging_mixin.py:188} INFO - {'id': 71233, 'name': 'Kato M / Kichenok N', 'position': 'HOME', 'abbreviation': 'KKI'} ---------------- 0
[2024-05-31T16:30:03.838+0000] {logging_mixin.py:188} INFO - {'id': 39274, 'name': 'Saville D / Tomljanovic A', 'position': 'AWAY', 'abbreviation': 'STO'} ---------------- 0
[2024-05-31T16:30:03.839+0000] {logging_mixin.py:188} INFO - 2
[2024-05-31T16:30:03.840+0000] {logging_mixin.py:188} INFO - {'id': 86144, 'name': 'Jacquemot E / Tan H', 'position': 'HOME', 'abbreviation': 'JTA'} ---------------- 1
[2024-05-31T16:30:03.841+0000] {logging_mixin.py:188} INFO - {'id': 30924, 'name': 'Mihalikova T / Noskova L', 'position': 'AWAY', 'abbreviation': 'MNO'} ---------------- 1
[2024-05-31T16:30:03.965+0000] {logging_mixin.py:188} INFO -                                                    0                                                  1
0  {'id': '047fad12-af4d-397a-bb30-e42ba15c96b6',...  {'id': '0fe14f6a-3c54-3be6-a01f-bb25cac87ede',...
1  {'id': '047fad12-af4d-397a-bb30-e42ba15c96b6',...  {'id': '0fe14f6a-3c54-3be6-a01f-bb25cac87ede',...
2  {'id': 'bcd947df-7613-36b5-9342-9b1973387538',...  {'id': '5c51d455-41c3-3de3-a408-1c9eb85f67f9',...
3  {'id': 'bcd947df-7613-36b5-9342-9b1973387538',...  {'id': '5c51d455-41c3-3de3-a408-1c9eb85f67f9',...
[2024-05-31T16:30:03.976+0000] {base.py:83} INFO - Using connection ID 'redshift_default' for task execution.
[2024-05-31T16:30:04.753+0000] {taskinstance.py:2698} ERROR - Task failed with exception
Traceback (most recent call last):
  File "/home/airflow/.local/lib/python3.8/site-packages/airflow/models/taskinstance.py", line 433, in _execute_task
    result = execute_callable(context=context, **execute_callable_kwargs)
  File "/home/airflow/.local/lib/python3.8/site-packages/airflow/operators/python.py", line 199, in execute
    return_value = self.execute_callable()
  File "/home/airflow/.local/lib/python3.8/site-packages/airflow/operators/python.py", line 216, in execute_callable
    return self.python_callable(*self.op_args, **self.op_kwargs)
  File "/opt/airflow/dags/tipico_etl.py", line 237, in load_data_to_redshift
    for index, row in df.iterrows():
AttributeError: 'NoneType' object has no attribute 'iterrows'
[2024-05-31T16:30:04.766+0000] {taskinstance.py:1138} INFO - Marking task as UP_FOR_RETRY. dag_id=tipico_dag, task_id=load_data_to_redshift, execution_date=20240531T162000, start_date=20240531T163003, end_date=20240531T163004
[2024-05-31T16:30:04.785+0000] {standard_task_runner.py:107} ERROR - Failed to execute job 538 for task load_data_to_redshift ('NoneType' object has no attribute 'iterrows'; 37255)
[2024-05-31T16:30:04.800+0000] {local_task_job_runner.py:234} INFO - Task exited with return code 1
[2024-05-31T16:30:04.819+0000] {taskinstance.py:3280} INFO - 0 downstream tasks scheduled from follow-on schedule check
