[2024-05-31T12:20:04.071+0000] {taskinstance.py:1956} INFO - Dependencies all met for dep_context=non-requeueable deps ti=<TaskInstance: tipico_dag.load_data_to_redshift scheduled__2024-05-31T12:10:00+00:00 [queued]>
[2024-05-31T12:20:04.080+0000] {taskinstance.py:1956} INFO - Dependencies all met for dep_context=requeueable deps ti=<TaskInstance: tipico_dag.load_data_to_redshift scheduled__2024-05-31T12:10:00+00:00 [queued]>
[2024-05-31T12:20:04.081+0000] {taskinstance.py:2170} INFO - Starting attempt 1 of 2
[2024-05-31T12:20:04.097+0000] {taskinstance.py:2191} INFO - Executing <Task(PythonOperator): load_data_to_redshift> on 2024-05-31 12:10:00+00:00
[2024-05-31T12:20:04.104+0000] {standard_task_runner.py:60} INFO - Started process 34141 to run task
[2024-05-31T12:20:04.107+0000] {standard_task_runner.py:87} INFO - Running: ['***', 'tasks', 'run', 'tipico_dag', 'load_data_to_redshift', 'scheduled__2024-05-31T12:10:00+00:00', '--job-id', '442', '--raw', '--subdir', 'DAGS_FOLDER/tipico_dag.py', '--cfg-path', '/tmp/tmpoz175w53']
[2024-05-31T12:20:04.109+0000] {standard_task_runner.py:88} INFO - Job 442: Subtask load_data_to_redshift
[2024-05-31T12:20:04.161+0000] {task_command.py:423} INFO - Running <TaskInstance: tipico_dag.load_data_to_redshift scheduled__2024-05-31T12:10:00+00:00 [running]> on host a71bb5ce980f
[2024-05-31T12:20:04.245+0000] {taskinstance.py:2480} INFO - Exporting env vars: AIRFLOW_CTX_DAG_OWNER='***' AIRFLOW_CTX_DAG_ID='tipico_dag' AIRFLOW_CTX_TASK_ID='load_data_to_redshift' AIRFLOW_CTX_EXECUTION_DATE='2024-05-31T12:10:00+00:00' AIRFLOW_CTX_TRY_NUMBER='1' AIRFLOW_CTX_DAG_RUN_ID='scheduled__2024-05-31T12:10:00+00:00'
[2024-05-31T12:20:04.295+0000] {logging_mixin.py:188} INFO -    Unnamed: 0  ...  eventMetadata
0           0  ...            NaN
1           1  ...            NaN

[2 rows x 22 columns]
[2024-05-31T12:20:04.305+0000] {taskinstance.py:2698} ERROR - Task failed with exception
Traceback (most recent call last):
  File "/home/airflow/.local/lib/python3.8/site-packages/airflow/models/taskinstance.py", line 433, in _execute_task
    result = execute_callable(context=context, **execute_callable_kwargs)
  File "/home/airflow/.local/lib/python3.8/site-packages/airflow/operators/python.py", line 199, in execute
    return_value = self.execute_callable()
  File "/home/airflow/.local/lib/python3.8/site-packages/airflow/operators/python.py", line 216, in execute_callable
    return self.python_callable(*self.op_args, **self.op_kwargs)
  File "/opt/airflow/dags/tipico_etl.py", line 139, in load_data_to_redshift
    df.to_csv('./data/test_transformation_quoted.csv')
  File "/home/airflow/.local/lib/python3.8/site-packages/pandas/core/generic.py", line 3772, in to_csv
    return DataFrameRenderer(formatter).to_csv(
  File "/home/airflow/.local/lib/python3.8/site-packages/pandas/io/formats/format.py", line 1186, in to_csv
    csv_formatter.save()
  File "/home/airflow/.local/lib/python3.8/site-packages/pandas/io/formats/csvs.py", line 240, in save
    with get_handle(
  File "/home/airflow/.local/lib/python3.8/site-packages/pandas/io/common.py", line 859, in get_handle
    handle = open(
PermissionError: [Errno 13] Permission denied: './data/test_transformation_quoted.csv'
[2024-05-31T12:20:04.329+0000] {taskinstance.py:1138} INFO - Marking task as UP_FOR_RETRY. dag_id=tipico_dag, task_id=load_data_to_redshift, execution_date=20240531T121000, start_date=20240531T122004, end_date=20240531T122004
[2024-05-31T12:20:04.345+0000] {standard_task_runner.py:107} ERROR - Failed to execute job 442 for task load_data_to_redshift ([Errno 13] Permission denied: './data/test_transformation_quoted.csv'; 34141)
[2024-05-31T12:20:04.363+0000] {local_task_job_runner.py:234} INFO - Task exited with return code 1
[2024-05-31T12:20:04.388+0000] {taskinstance.py:3280} INFO - 0 downstream tasks scheduled from follow-on schedule check
