[2024-05-31T07:48:36.393+0000] {taskinstance.py:1956} INFO - Dependencies all met for dep_context=non-requeueable deps ti=<TaskInstance: tipico_dag.load_data_to_redshift scheduled__2024-05-31T07:30:00+00:00 [queued]>
[2024-05-31T07:48:36.404+0000] {taskinstance.py:1956} INFO - Dependencies all met for dep_context=requeueable deps ti=<TaskInstance: tipico_dag.load_data_to_redshift scheduled__2024-05-31T07:30:00+00:00 [queued]>
[2024-05-31T07:48:36.405+0000] {taskinstance.py:2170} INFO - Starting attempt 1 of 2
[2024-05-31T07:48:36.422+0000] {taskinstance.py:2191} INFO - Executing <Task(PythonOperator): load_data_to_redshift> on 2024-05-31 07:30:00+00:00
[2024-05-31T07:48:36.431+0000] {standard_task_runner.py:60} INFO - Started process 29742 to run task
[2024-05-31T07:48:36.435+0000] {standard_task_runner.py:87} INFO - Running: ['***', 'tasks', 'run', 'tipico_dag', 'load_data_to_redshift', 'scheduled__2024-05-31T07:30:00+00:00', '--job-id', '310', '--raw', '--subdir', 'DAGS_FOLDER/tipico_dag.py', '--cfg-path', '/tmp/tmpu_sifyns']
[2024-05-31T07:48:36.437+0000] {standard_task_runner.py:88} INFO - Job 310: Subtask load_data_to_redshift
[2024-05-31T07:48:36.496+0000] {task_command.py:423} INFO - Running <TaskInstance: tipico_dag.load_data_to_redshift scheduled__2024-05-31T07:30:00+00:00 [running]> on host a71bb5ce980f
[2024-05-31T07:48:36.587+0000] {taskinstance.py:2480} INFO - Exporting env vars: AIRFLOW_CTX_DAG_OWNER='***' AIRFLOW_CTX_DAG_ID='tipico_dag' AIRFLOW_CTX_TASK_ID='load_data_to_redshift' AIRFLOW_CTX_EXECUTION_DATE='2024-05-31T07:30:00+00:00' AIRFLOW_CTX_TRY_NUMBER='1' AIRFLOW_CTX_DAG_RUN_ID='scheduled__2024-05-31T07:30:00+00:00'
[2024-05-31T07:48:36.649+0000] {logging_mixin.py:188} INFO -    Unnamed: 0  ...  eventMetadata
0           0  ...            NaN
1           1  ...            NaN
2           2  ...            NaN
3           3  ...            NaN
4           4  ...            NaN

[5 rows x 23 columns]
[2024-05-31T07:48:36.664+0000] {base.py:83} INFO - Using connection ID 'redshift_default' for task execution.
[2024-05-31T07:48:37.649+0000] {logging_mixin.py:188} INFO - {816775}
[2024-05-31T07:48:41.127+0000] {logging_mixin.py:188} INFO - {814989}
[2024-05-31T07:48:44.001+0000] {logging_mixin.py:188} INFO - {814918}
[2024-05-31T07:48:44.169+0000] {logging_mixin.py:188} INFO - {814870}
[2024-05-31T07:48:44.333+0000] {logging_mixin.py:188} INFO - {814933}
[2024-05-31T07:48:44.527+0000] {logging_mixin.py:188} INFO - {814872}
[2024-05-31T07:48:44.690+0000] {logging_mixin.py:188} INFO - {817801}
[2024-05-31T07:48:45.122+0000] {logging_mixin.py:188} INFO - {818524}
[2024-05-31T07:48:45.279+0000] {logging_mixin.py:188} INFO - {818731}
[2024-05-31T07:48:45.434+0000] {logging_mixin.py:188} INFO - {818838}
[2024-05-31T07:48:45.589+0000] {logging_mixin.py:188} INFO - {818813}
[2024-05-31T07:48:46.252+0000] {logging_mixin.py:188} INFO - {818844}
[2024-05-31T07:48:46.418+0000] {logging_mixin.py:188} INFO - {819199}
[2024-05-31T07:48:46.569+0000] {logging_mixin.py:188} INFO - {818806}
[2024-05-31T07:48:46.741+0000] {logging_mixin.py:188} INFO - {818804}
[2024-05-31T07:48:46.903+0000] {logging_mixin.py:188} INFO - {819069}
[2024-05-31T07:48:47.078+0000] {logging_mixin.py:188} INFO - {819229}
[2024-05-31T07:48:47.258+0000] {logging_mixin.py:188} INFO - {818567}
[2024-05-31T07:48:48.198+0000] {python.py:201} INFO - Done. Returned value was: None
[2024-05-31T07:48:48.219+0000] {taskinstance.py:1138} INFO - Marking task as SUCCESS. dag_id=tipico_dag, task_id=load_data_to_redshift, execution_date=20240531T073000, start_date=20240531T074836, end_date=20240531T074848
[2024-05-31T07:48:48.293+0000] {local_task_job_runner.py:234} INFO - Task exited with return code 0
[2024-05-31T07:48:48.318+0000] {taskinstance.py:3280} INFO - 0 downstream tasks scheduled from follow-on schedule check
