[2024-05-31T03:27:40.838+0000] {taskinstance.py:1956} INFO - Dependencies all met for dep_context=non-requeueable deps ti=<TaskInstance: tipico_dag.load_data_to_redshift manual__2024-05-31T03:27:35.507311+00:00 [queued]>
[2024-05-31T03:27:40.847+0000] {taskinstance.py:1956} INFO - Dependencies all met for dep_context=requeueable deps ti=<TaskInstance: tipico_dag.load_data_to_redshift manual__2024-05-31T03:27:35.507311+00:00 [queued]>
[2024-05-31T03:27:40.848+0000] {taskinstance.py:2170} INFO - Starting attempt 1 of 2
[2024-05-31T03:27:40.862+0000] {taskinstance.py:2191} INFO - Executing <Task(PythonOperator): load_data_to_redshift> on 2024-05-31 03:27:35.507311+00:00
[2024-05-31T03:27:40.869+0000] {standard_task_runner.py:60} INFO - Started process 25830 to run task
[2024-05-31T03:27:40.873+0000] {standard_task_runner.py:87} INFO - Running: ['***', 'tasks', 'run', 'tipico_dag', 'load_data_to_redshift', 'manual__2024-05-31T03:27:35.507311+00:00', '--job-id', '287', '--raw', '--subdir', 'DAGS_FOLDER/tipico_dag.py', '--cfg-path', '/tmp/tmpk3me3tmk']
[2024-05-31T03:27:40.875+0000] {standard_task_runner.py:88} INFO - Job 287: Subtask load_data_to_redshift
[2024-05-31T03:27:40.940+0000] {task_command.py:423} INFO - Running <TaskInstance: tipico_dag.load_data_to_redshift manual__2024-05-31T03:27:35.507311+00:00 [running]> on host a71bb5ce980f
[2024-05-31T03:27:41.027+0000] {taskinstance.py:2480} INFO - Exporting env vars: AIRFLOW_CTX_DAG_OWNER='***' AIRFLOW_CTX_DAG_ID='tipico_dag' AIRFLOW_CTX_TASK_ID='load_data_to_redshift' AIRFLOW_CTX_EXECUTION_DATE='2024-05-31T03:27:35.507311+00:00' AIRFLOW_CTX_TRY_NUMBER='1' AIRFLOW_CTX_DAG_RUN_ID='manual__2024-05-31T03:27:35.507311+00:00'
[2024-05-31T03:27:41.085+0000] {logging_mixin.py:188} INFO -    Unnamed: 0  ...  eventMetadata
0           0  ...            NaN
1           1  ...            NaN
2           2  ...            NaN
3           3  ...            NaN
4           4  ...            NaN

[5 rows x 22 columns]
[2024-05-31T03:27:41.099+0000] {base.py:83} INFO - Using connection ID 'redshift_default' for task execution.
[2024-05-31T03:27:42.050+0000] {logging_mixin.py:188} INFO - {814989}
[2024-05-31T03:27:42.302+0000] {logging_mixin.py:188} INFO - {814918}
[2024-05-31T03:27:42.467+0000] {logging_mixin.py:188} INFO - {814870}
[2024-05-31T03:27:42.634+0000] {logging_mixin.py:188} INFO - {814933}
[2024-05-31T03:27:42.818+0000] {logging_mixin.py:188} INFO - {814872}
[2024-05-31T03:27:43.011+0000] {logging_mixin.py:188} INFO - {817801}
[2024-05-31T03:27:43.179+0000] {logging_mixin.py:188} INFO - {818504}
[2024-05-31T03:27:43.340+0000] {logging_mixin.py:188} INFO - {818129}
[2024-05-31T03:27:43.512+0000] {logging_mixin.py:188} INFO - {818589}
[2024-05-31T03:27:43.695+0000] {logging_mixin.py:188} INFO - {818596}
[2024-05-31T03:27:43.868+0000] {logging_mixin.py:188} INFO - {818520}
[2024-05-31T03:27:44.037+0000] {logging_mixin.py:188} INFO - {818514}
[2024-05-31T03:27:44.195+0000] {logging_mixin.py:188} INFO - {818511}
[2024-05-31T03:27:44.365+0000] {logging_mixin.py:188} INFO - {818521}
[2024-05-31T03:27:44.533+0000] {logging_mixin.py:188} INFO - {818513}
[2024-05-31T03:27:45.421+0000] {python.py:201} INFO - Done. Returned value was: None
[2024-05-31T03:27:45.442+0000] {taskinstance.py:1138} INFO - Marking task as SUCCESS. dag_id=tipico_dag, task_id=load_data_to_redshift, execution_date=20240531T032735, start_date=20240531T032740, end_date=20240531T032745
[2024-05-31T03:27:45.474+0000] {local_task_job_runner.py:234} INFO - Task exited with return code 0
[2024-05-31T03:27:45.494+0000] {taskinstance.py:3280} INFO - 0 downstream tasks scheduled from follow-on schedule check
