[2024-05-31T03:32:42.578+0000] {taskinstance.py:1956} INFO - Dependencies all met for dep_context=non-requeueable deps ti=<TaskInstance: tipico_dag.load_data_to_redshift manual__2024-05-31T03:32:36.808315+00:00 [queued]>
[2024-05-31T03:32:42.590+0000] {taskinstance.py:1956} INFO - Dependencies all met for dep_context=requeueable deps ti=<TaskInstance: tipico_dag.load_data_to_redshift manual__2024-05-31T03:32:36.808315+00:00 [queued]>
[2024-05-31T03:32:42.591+0000] {taskinstance.py:2170} INFO - Starting attempt 1 of 2
[2024-05-31T03:32:42.611+0000] {taskinstance.py:2191} INFO - Executing <Task(PythonOperator): load_data_to_redshift> on 2024-05-31 03:32:36.808315+00:00
[2024-05-31T03:32:42.619+0000] {standard_task_runner.py:60} INFO - Started process 25920 to run task
[2024-05-31T03:32:42.622+0000] {standard_task_runner.py:87} INFO - Running: ['***', 'tasks', 'run', 'tipico_dag', 'load_data_to_redshift', 'manual__2024-05-31T03:32:36.808315+00:00', '--job-id', '293', '--raw', '--subdir', 'DAGS_FOLDER/tipico_dag.py', '--cfg-path', '/tmp/tmpyukrwfbj']
[2024-05-31T03:32:42.624+0000] {standard_task_runner.py:88} INFO - Job 293: Subtask load_data_to_redshift
[2024-05-31T03:32:42.682+0000] {task_command.py:423} INFO - Running <TaskInstance: tipico_dag.load_data_to_redshift manual__2024-05-31T03:32:36.808315+00:00 [running]> on host a71bb5ce980f
[2024-05-31T03:32:42.789+0000] {taskinstance.py:2480} INFO - Exporting env vars: AIRFLOW_CTX_DAG_OWNER='***' AIRFLOW_CTX_DAG_ID='tipico_dag' AIRFLOW_CTX_TASK_ID='load_data_to_redshift' AIRFLOW_CTX_EXECUTION_DATE='2024-05-31T03:32:36.808315+00:00' AIRFLOW_CTX_TRY_NUMBER='1' AIRFLOW_CTX_DAG_RUN_ID='manual__2024-05-31T03:32:36.808315+00:00'
[2024-05-31T03:32:42.849+0000] {logging_mixin.py:188} INFO -    Unnamed: 0  ...                              sportCurrentGameState
0           0  ...                                                NaN
1           1  ...  {"updatedAt": "0", "netSportCurrentGameState":...
2           2  ...  {"updatedAt": "0", "netSportCurrentGameState":...
3           3  ...  {"updatedAt": "0", "netSportCurrentGameState":...
4           4  ...  {"updatedAt": "0", "netSportCurrentGameState":...

[5 rows x 22 columns]
[2024-05-31T03:32:42.868+0000] {base.py:83} INFO - Using connection ID 'redshift_default' for task execution.
[2024-05-31T03:32:43.825+0000] {logging_mixin.py:188} INFO - {816775}
[2024-05-31T03:32:44.131+0000] {logging_mixin.py:188} INFO - {815803}
[2024-05-31T03:32:44.307+0000] {logging_mixin.py:188} INFO - {814989}
[2024-05-31T03:32:44.459+0000] {logging_mixin.py:188} INFO - {815057}
[2024-05-31T03:32:44.650+0000] {logging_mixin.py:188} INFO - {815614}
[2024-05-31T03:32:44.842+0000] {logging_mixin.py:188} INFO - {814942}
[2024-05-31T03:32:45.136+0000] {logging_mixin.py:188} INFO - {814918}
[2024-05-31T03:32:45.296+0000] {logging_mixin.py:188} INFO - {815011}
[2024-05-31T03:32:45.483+0000] {logging_mixin.py:188} INFO - {815058}
[2024-05-31T03:32:45.649+0000] {logging_mixin.py:188} INFO - {814870}
[2024-05-31T03:32:45.811+0000] {logging_mixin.py:188} INFO - {814933}
[2024-05-31T03:32:45.963+0000] {logging_mixin.py:188} INFO - {814872}
[2024-05-31T03:32:46.130+0000] {logging_mixin.py:188} INFO - {816023}
[2024-05-31T03:32:46.295+0000] {logging_mixin.py:188} INFO - {816510}
[2024-05-31T03:32:46.450+0000] {logging_mixin.py:188} INFO - {816776}
[2024-05-31T03:32:46.614+0000] {logging_mixin.py:188} INFO - {815169}
[2024-05-31T03:32:46.784+0000] {logging_mixin.py:188} INFO - {816123}
[2024-05-31T03:32:46.942+0000] {logging_mixin.py:188} INFO - {815066}
[2024-05-31T03:32:47.853+0000] {python.py:201} INFO - Done. Returned value was: None
[2024-05-31T03:32:47.874+0000] {taskinstance.py:1138} INFO - Marking task as SUCCESS. dag_id=tipico_dag, task_id=load_data_to_redshift, execution_date=20240531T033236, start_date=20240531T033242, end_date=20240531T033247
[2024-05-31T03:32:47.916+0000] {local_task_job_runner.py:234} INFO - Task exited with return code 0
[2024-05-31T03:32:47.937+0000] {taskinstance.py:3280} INFO - 0 downstream tasks scheduled from follow-on schedule check
