[2024-05-27T17:30:01.825+0000] {taskinstance.py:1956} INFO - Dependencies all met for dep_context=non-requeueable deps ti=<TaskInstance: tipico_dag.run_tipico_etl scheduled__2024-05-27T17:20:00+00:00 [queued]>
[2024-05-27T17:30:01.842+0000] {taskinstance.py:1956} INFO - Dependencies all met for dep_context=requeueable deps ti=<TaskInstance: tipico_dag.run_tipico_etl scheduled__2024-05-27T17:20:00+00:00 [queued]>
[2024-05-27T17:30:01.843+0000] {taskinstance.py:2170} INFO - Starting attempt 1 of 2
[2024-05-27T17:30:01.874+0000] {taskinstance.py:2191} INFO - Executing <Task(PythonOperator): run_tipico_etl> on 2024-05-27 17:20:00+00:00
[2024-05-27T17:30:01.895+0000] {standard_task_runner.py:60} INFO - Started process 254 to run task
[2024-05-27T17:30:01.900+0000] {standard_task_runner.py:87} INFO - Running: ['***', 'tasks', 'run', 'tipico_dag', 'run_tipico_etl', 'scheduled__2024-05-27T17:20:00+00:00', '--job-id', '121', '--raw', '--subdir', 'DAGS_FOLDER/tipico_dag.py', '--cfg-path', '/tmp/tmpzy2g_4i8']
[2024-05-27T17:30:01.910+0000] {standard_task_runner.py:88} INFO - Job 121: Subtask run_tipico_etl
[2024-05-27T17:30:01.976+0000] {task_command.py:423} INFO - Running <TaskInstance: tipico_dag.run_tipico_etl scheduled__2024-05-27T17:20:00+00:00 [running]> on host aea090bfdf45
[2024-05-27T17:30:02.094+0000] {taskinstance.py:2480} INFO - Exporting env vars: AIRFLOW_CTX_DAG_OWNER='***' AIRFLOW_CTX_DAG_ID='tipico_dag' AIRFLOW_CTX_TASK_ID='run_tipico_etl' AIRFLOW_CTX_EXECUTION_DATE='2024-05-27T17:20:00+00:00' AIRFLOW_CTX_TRY_NUMBER='1' AIRFLOW_CTX_DAG_RUN_ID='scheduled__2024-05-27T17:20:00+00:00'
[2024-05-27T17:30:02.668+0000] {taskinstance.py:2698} ERROR - Task failed with exception
Traceback (most recent call last):
  File "/home/airflow/.local/lib/python3.8/site-packages/airflow/models/taskinstance.py", line 433, in _execute_task
    result = execute_callable(context=context, **execute_callable_kwargs)
  File "/home/airflow/.local/lib/python3.8/site-packages/airflow/operators/python.py", line 199, in execute
    return_value = self.execute_callable()
  File "/home/airflow/.local/lib/python3.8/site-packages/airflow/operators/python.py", line 216, in execute_callable
    return self.python_callable(*self.op_args, **self.op_kwargs)
  File "/opt/airflow/dags/tipico_etl.py", line 18, in run_tipico_etl
    df.to_csv(filename)
  File "/home/airflow/.local/lib/python3.8/site-packages/pandas/core/generic.py", line 3772, in to_csv
    return DataFrameRenderer(formatter).to_csv(
  File "/home/airflow/.local/lib/python3.8/site-packages/pandas/io/formats/format.py", line 1186, in to_csv
    csv_formatter.save()
  File "/home/airflow/.local/lib/python3.8/site-packages/pandas/io/formats/csvs.py", line 240, in save
    with get_handle(
  File "/home/airflow/.local/lib/python3.8/site-packages/pandas/io/common.py", line 737, in get_handle
    check_parent_directory(str(handle))
  File "/home/airflow/.local/lib/python3.8/site-packages/pandas/io/common.py", line 600, in check_parent_directory
    raise OSError(rf"Cannot save file into a non-existent directory: '{parent}'")
OSError: Cannot save file into a non-existent directory: 'data'
[2024-05-27T17:30:02.696+0000] {taskinstance.py:1138} INFO - Marking task as UP_FOR_RETRY. dag_id=tipico_dag, task_id=run_tipico_etl, execution_date=20240527T172000, start_date=20240527T173001, end_date=20240527T173002
[2024-05-27T17:30:02.720+0000] {standard_task_runner.py:107} ERROR - Failed to execute job 121 for task run_tipico_etl (Cannot save file into a non-existent directory: 'data'; 254)
[2024-05-27T17:30:02.770+0000] {local_task_job_runner.py:234} INFO - Task exited with return code 1
[2024-05-27T17:30:02.797+0000] {taskinstance.py:3280} INFO - 0 downstream tasks scheduled from follow-on schedule check
