[2024-05-31T04:10:04.708+0000] {taskinstance.py:1956} INFO - Dependencies all met for dep_context=non-requeueable deps ti=<TaskInstance: tipico_dag.load_data_to_redshift scheduled__2024-05-31T04:00:00+00:00 [queued]>
[2024-05-31T04:10:04.720+0000] {taskinstance.py:1956} INFO - Dependencies all met for dep_context=requeueable deps ti=<TaskInstance: tipico_dag.load_data_to_redshift scheduled__2024-05-31T04:00:00+00:00 [queued]>
[2024-05-31T04:10:04.721+0000] {taskinstance.py:2170} INFO - Starting attempt 1 of 2
[2024-05-31T04:10:04.741+0000] {taskinstance.py:2191} INFO - Executing <Task(PythonOperator): load_data_to_redshift> on 2024-05-31 04:00:00+00:00
[2024-05-31T04:10:04.750+0000] {standard_task_runner.py:60} INFO - Started process 26490 to run task
[2024-05-31T04:10:04.753+0000] {standard_task_runner.py:87} INFO - Running: ['***', 'tasks', 'run', 'tipico_dag', 'load_data_to_redshift', 'scheduled__2024-05-31T04:00:00+00:00', '--job-id', '301', '--raw', '--subdir', 'DAGS_FOLDER/tipico_dag.py', '--cfg-path', '/tmp/tmpv5cn2f8k']
[2024-05-31T04:10:04.754+0000] {standard_task_runner.py:88} INFO - Job 301: Subtask load_data_to_redshift
[2024-05-31T04:10:04.810+0000] {task_command.py:423} INFO - Running <TaskInstance: tipico_dag.load_data_to_redshift scheduled__2024-05-31T04:00:00+00:00 [running]> on host a71bb5ce980f
[2024-05-31T04:10:04.929+0000] {taskinstance.py:2480} INFO - Exporting env vars: AIRFLOW_CTX_DAG_OWNER='***' AIRFLOW_CTX_DAG_ID='tipico_dag' AIRFLOW_CTX_TASK_ID='load_data_to_redshift' AIRFLOW_CTX_EXECUTION_DATE='2024-05-31T04:00:00+00:00' AIRFLOW_CTX_TRY_NUMBER='1' AIRFLOW_CTX_DAG_RUN_ID='scheduled__2024-05-31T04:00:00+00:00'
[2024-05-31T04:10:04.977+0000] {logging_mixin.py:188} INFO -    Unnamed: 0  ...                              sportCurrentGameState
0           0  ...                                                NaN
1           1  ...  {"updatedAt": "0", "netSportCurrentGameState":...
2           2  ...  {"updatedAt": "0", "netSportCurrentGameState":...
3           3  ...  {"updatedAt": "0", "netSportCurrentGameState":...
4           4  ...  {"updatedAt": "0", "netSportCurrentGameState":...

[5 rows x 22 columns]
[2024-05-31T04:10:04.991+0000] {base.py:83} INFO - Using connection ID 'redshift_default' for task execution.
[2024-05-31T04:10:05.853+0000] {logging_mixin.py:188} INFO - {816775}
[2024-05-31T04:10:06.174+0000] {logging_mixin.py:188} INFO - {815803}
[2024-05-31T04:10:06.350+0000] {logging_mixin.py:188} INFO - {814989}
[2024-05-31T04:10:06.539+0000] {logging_mixin.py:188} INFO - {815057}
[2024-05-31T04:10:06.739+0000] {logging_mixin.py:188} INFO - {815614}
[2024-05-31T04:10:06.936+0000] {logging_mixin.py:188} INFO - {814942}
[2024-05-31T04:10:07.091+0000] {logging_mixin.py:188} INFO - {814918}
[2024-05-31T04:10:07.252+0000] {logging_mixin.py:188} INFO - {815011}
[2024-05-31T04:10:07.406+0000] {logging_mixin.py:188} INFO - {815058}
[2024-05-31T04:10:07.572+0000] {logging_mixin.py:188} INFO - {814870}
[2024-05-31T04:10:07.744+0000] {logging_mixin.py:188} INFO - {814933}
[2024-05-31T04:10:07.899+0000] {logging_mixin.py:188} INFO - {814872}
[2024-05-31T04:10:08.063+0000] {logging_mixin.py:188} INFO - {816023}
[2024-05-31T04:10:08.242+0000] {logging_mixin.py:188} INFO - {816510}
[2024-05-31T04:10:08.393+0000] {logging_mixin.py:188} INFO - {816776}
[2024-05-31T04:10:08.566+0000] {logging_mixin.py:188} INFO - {815169}
[2024-05-31T04:10:08.743+0000] {logging_mixin.py:188} INFO - {816123}
[2024-05-31T04:10:08.899+0000] {logging_mixin.py:188} INFO - {815066}
[2024-05-31T04:10:10.041+0000] {python.py:201} INFO - Done. Returned value was: None
[2024-05-31T04:10:10.061+0000] {taskinstance.py:1138} INFO - Marking task as SUCCESS. dag_id=tipico_dag, task_id=load_data_to_redshift, execution_date=20240531T040000, start_date=20240531T041004, end_date=20240531T041010
[2024-05-31T04:10:10.104+0000] {local_task_job_runner.py:234} INFO - Task exited with return code 0
[2024-05-31T04:10:10.125+0000] {taskinstance.py:3280} INFO - 0 downstream tasks scheduled from follow-on schedule check
