[2024-05-31T03:30:04.487+0000] {taskinstance.py:1956} INFO - Dependencies all met for dep_context=non-requeueable deps ti=<TaskInstance: tipico_dag.load_data_to_redshift scheduled__2024-05-31T03:20:00+00:00 [queued]>
[2024-05-31T03:30:04.498+0000] {taskinstance.py:1956} INFO - Dependencies all met for dep_context=requeueable deps ti=<TaskInstance: tipico_dag.load_data_to_redshift scheduled__2024-05-31T03:20:00+00:00 [queued]>
[2024-05-31T03:30:04.499+0000] {taskinstance.py:2170} INFO - Starting attempt 1 of 2
[2024-05-31T03:30:04.516+0000] {taskinstance.py:2191} INFO - Executing <Task(PythonOperator): load_data_to_redshift> on 2024-05-31 03:20:00+00:00
[2024-05-31T03:30:04.524+0000] {standard_task_runner.py:60} INFO - Started process 25874 to run task
[2024-05-31T03:30:04.528+0000] {standard_task_runner.py:87} INFO - Running: ['***', 'tasks', 'run', 'tipico_dag', 'load_data_to_redshift', 'scheduled__2024-05-31T03:20:00+00:00', '--job-id', '291', '--raw', '--subdir', 'DAGS_FOLDER/tipico_dag.py', '--cfg-path', '/tmp/tmpngx5v2ne']
[2024-05-31T03:30:04.530+0000] {standard_task_runner.py:88} INFO - Job 291: Subtask load_data_to_redshift
[2024-05-31T03:30:04.593+0000] {task_command.py:423} INFO - Running <TaskInstance: tipico_dag.load_data_to_redshift scheduled__2024-05-31T03:20:00+00:00 [running]> on host a71bb5ce980f
[2024-05-31T03:30:04.707+0000] {taskinstance.py:2480} INFO - Exporting env vars: AIRFLOW_CTX_DAG_OWNER='***' AIRFLOW_CTX_DAG_ID='tipico_dag' AIRFLOW_CTX_TASK_ID='load_data_to_redshift' AIRFLOW_CTX_EXECUTION_DATE='2024-05-31T03:20:00+00:00' AIRFLOW_CTX_TRY_NUMBER='1' AIRFLOW_CTX_DAG_RUN_ID='scheduled__2024-05-31T03:20:00+00:00'
[2024-05-31T03:30:04.760+0000] {logging_mixin.py:188} INFO -    Unnamed: 0  ...  eventMetadata
0           0  ...            NaN
1           1  ...            NaN
2           2  ...            NaN
3           3  ...            NaN
4           4  ...            NaN

[5 rows x 22 columns]
[2024-05-31T03:30:04.776+0000] {base.py:83} INFO - Using connection ID 'redshift_default' for task execution.
[2024-05-31T03:30:05.764+0000] {logging_mixin.py:188} INFO - {814989}
[2024-05-31T03:30:06.176+0000] {logging_mixin.py:188} INFO - {814918}
[2024-05-31T03:30:06.380+0000] {logging_mixin.py:188} INFO - {814870}
[2024-05-31T03:30:06.582+0000] {logging_mixin.py:188} INFO - {814933}
[2024-05-31T03:30:06.788+0000] {logging_mixin.py:188} INFO - {814872}
[2024-05-31T03:30:06.953+0000] {logging_mixin.py:188} INFO - {817801}
[2024-05-31T03:30:07.199+0000] {logging_mixin.py:188} INFO - {818504}
[2024-05-31T03:30:07.371+0000] {logging_mixin.py:188} INFO - {818129}
[2024-05-31T03:30:07.540+0000] {logging_mixin.py:188} INFO - {818589}
[2024-05-31T03:30:07.725+0000] {logging_mixin.py:188} INFO - {818520}
[2024-05-31T03:30:07.930+0000] {logging_mixin.py:188} INFO - {818514}
[2024-05-31T03:30:08.089+0000] {logging_mixin.py:188} INFO - {818511}
[2024-05-31T03:30:08.245+0000] {logging_mixin.py:188} INFO - {818521}
[2024-05-31T03:30:08.400+0000] {logging_mixin.py:188} INFO - {818513}
[2024-05-31T03:30:09.337+0000] {python.py:201} INFO - Done. Returned value was: None
[2024-05-31T03:30:09.362+0000] {taskinstance.py:1138} INFO - Marking task as SUCCESS. dag_id=tipico_dag, task_id=load_data_to_redshift, execution_date=20240531T032000, start_date=20240531T033004, end_date=20240531T033009
[2024-05-31T03:30:09.418+0000] {local_task_job_runner.py:234} INFO - Task exited with return code 0
[2024-05-31T03:30:09.441+0000] {taskinstance.py:3280} INFO - 0 downstream tasks scheduled from follow-on schedule check
