[2024-05-30T00:00:13.626+0000] {processor.py:161} INFO - Started process (PID=2726) to work on /home/airflow/.local/lib/python3.8/site-packages/airflow/example_dags/example_datasets.py
[2024-05-30T00:00:13.628+0000] {processor.py:830} INFO - Processing file /home/airflow/.local/lib/python3.8/site-packages/airflow/example_dags/example_datasets.py for tasks to queue
[2024-05-30T00:00:13.630+0000] {logging_mixin.py:188} INFO - [2024-05-30T00:00:13.630+0000] {dagbag.py:538} INFO - Filling up the DagBag from /home/airflow/.local/lib/python3.8/site-packages/airflow/example_dags/example_datasets.py
[2024-05-30T00:00:13.644+0000] {processor.py:840} INFO - DAG(s) 'dataset_produces_1', 'dataset_produces_2', 'dataset_consumes_1_never_scheduled', 'dataset_consumes_1', 'dataset_consumes_1_and_2', 'dataset_consumes_unknown_never_scheduled' retrieved from /home/airflow/.local/lib/python3.8/site-packages/airflow/example_dags/example_datasets.py
[2024-05-30T00:00:13.686+0000] {logging_mixin.py:188} INFO - [2024-05-30T00:00:13.685+0000] {dag.py:3036} INFO - Sync 6 DAGs
[2024-05-30T00:00:13.717+0000] {logging_mixin.py:188} INFO - [2024-05-30T00:00:13.716+0000] {dag.py:3823} INFO - Setting next_dagrun for dataset_consumes_1 to None, run_after=None
[2024-05-30T00:00:13.723+0000] {logging_mixin.py:188} INFO - [2024-05-30T00:00:13.723+0000] {dag.py:3823} INFO - Setting next_dagrun for dataset_consumes_1_and_2 to None, run_after=None
[2024-05-30T00:00:13.726+0000] {logging_mixin.py:188} INFO - [2024-05-30T00:00:13.725+0000] {dag.py:3823} INFO - Setting next_dagrun for dataset_consumes_1_never_scheduled to None, run_after=None
[2024-05-30T00:00:13.729+0000] {logging_mixin.py:188} INFO - [2024-05-30T00:00:13.729+0000] {dag.py:3823} INFO - Setting next_dagrun for dataset_consumes_unknown_never_scheduled to None, run_after=None
[2024-05-30T00:00:13.734+0000] {logging_mixin.py:188} INFO - [2024-05-30T00:00:13.734+0000] {dag.py:3823} INFO - Setting next_dagrun for dataset_produces_1 to 2024-05-29 00:00:00+00:00, run_after=2024-05-30 00:00:00+00:00
[2024-05-30T00:00:13.738+0000] {logging_mixin.py:188} INFO - [2024-05-30T00:00:13.738+0000] {dag.py:3823} INFO - Setting next_dagrun for dataset_produces_2 to None, run_after=None
[2024-05-30T00:00:13.791+0000] {processor.py:183} INFO - Processing /home/airflow/.local/lib/python3.8/site-packages/airflow/example_dags/example_datasets.py took 0.169 seconds
[2024-05-30T00:00:44.895+0000] {processor.py:161} INFO - Started process (PID=2785) to work on /home/airflow/.local/lib/python3.8/site-packages/airflow/example_dags/example_datasets.py
[2024-05-30T00:00:44.897+0000] {processor.py:830} INFO - Processing file /home/airflow/.local/lib/python3.8/site-packages/airflow/example_dags/example_datasets.py for tasks to queue
[2024-05-30T00:00:44.901+0000] {logging_mixin.py:188} INFO - [2024-05-30T00:00:44.900+0000] {dagbag.py:538} INFO - Filling up the DagBag from /home/airflow/.local/lib/python3.8/site-packages/airflow/example_dags/example_datasets.py
[2024-05-30T00:00:44.918+0000] {processor.py:840} INFO - DAG(s) 'dataset_consumes_unknown_never_scheduled', 'dataset_consumes_1', 'dataset_consumes_1_never_scheduled', 'dataset_consumes_1_and_2', 'dataset_produces_2', 'dataset_produces_1' retrieved from /home/airflow/.local/lib/python3.8/site-packages/airflow/example_dags/example_datasets.py
[2024-05-30T00:00:45.021+0000] {logging_mixin.py:188} INFO - [2024-05-30T00:00:45.020+0000] {dag.py:3036} INFO - Sync 6 DAGs
[2024-05-30T00:00:45.081+0000] {logging_mixin.py:188} INFO - [2024-05-30T00:00:45.081+0000] {dag.py:3823} INFO - Setting next_dagrun for dataset_consumes_1 to None, run_after=None
[2024-05-30T00:00:45.093+0000] {logging_mixin.py:188} INFO - [2024-05-30T00:00:45.092+0000] {dag.py:3823} INFO - Setting next_dagrun for dataset_consumes_1_and_2 to None, run_after=None
[2024-05-30T00:00:45.096+0000] {logging_mixin.py:188} INFO - [2024-05-30T00:00:45.096+0000] {dag.py:3823} INFO - Setting next_dagrun for dataset_consumes_1_never_scheduled to None, run_after=None
[2024-05-30T00:00:45.110+0000] {logging_mixin.py:188} INFO - [2024-05-30T00:00:45.107+0000] {dag.py:3823} INFO - Setting next_dagrun for dataset_consumes_unknown_never_scheduled to None, run_after=None
[2024-05-30T00:00:45.117+0000] {logging_mixin.py:188} INFO - [2024-05-30T00:00:45.117+0000] {dag.py:3823} INFO - Setting next_dagrun for dataset_produces_1 to 2024-05-29 00:00:00+00:00, run_after=2024-05-30 00:00:00+00:00
[2024-05-30T00:00:45.121+0000] {logging_mixin.py:188} INFO - [2024-05-30T00:00:45.120+0000] {dag.py:3823} INFO - Setting next_dagrun for dataset_produces_2 to None, run_after=None
[2024-05-30T00:00:45.234+0000] {processor.py:183} INFO - Processing /home/airflow/.local/lib/python3.8/site-packages/airflow/example_dags/example_datasets.py took 0.343 seconds
[2024-05-30T00:01:15.599+0000] {processor.py:161} INFO - Started process (PID=2844) to work on /home/airflow/.local/lib/python3.8/site-packages/airflow/example_dags/example_datasets.py
[2024-05-30T00:01:15.601+0000] {processor.py:830} INFO - Processing file /home/airflow/.local/lib/python3.8/site-packages/airflow/example_dags/example_datasets.py for tasks to queue
[2024-05-30T00:01:15.602+0000] {logging_mixin.py:188} INFO - [2024-05-30T00:01:15.602+0000] {dagbag.py:538} INFO - Filling up the DagBag from /home/airflow/.local/lib/python3.8/site-packages/airflow/example_dags/example_datasets.py
[2024-05-30T00:01:15.617+0000] {processor.py:840} INFO - DAG(s) 'dataset_produces_1', 'dataset_consumes_1', 'dataset_produces_2', 'dataset_consumes_unknown_never_scheduled', 'dataset_consumes_1_never_scheduled', 'dataset_consumes_1_and_2' retrieved from /home/airflow/.local/lib/python3.8/site-packages/airflow/example_dags/example_datasets.py
[2024-05-30T00:01:15.675+0000] {logging_mixin.py:188} INFO - [2024-05-30T00:01:15.674+0000] {dag.py:3036} INFO - Sync 6 DAGs
[2024-05-30T00:01:15.713+0000] {logging_mixin.py:188} INFO - [2024-05-30T00:01:15.713+0000] {dag.py:3823} INFO - Setting next_dagrun for dataset_consumes_1 to None, run_after=None
[2024-05-30T00:01:15.719+0000] {logging_mixin.py:188} INFO - [2024-05-30T00:01:15.719+0000] {dag.py:3823} INFO - Setting next_dagrun for dataset_consumes_1_and_2 to None, run_after=None
[2024-05-30T00:01:15.722+0000] {logging_mixin.py:188} INFO - [2024-05-30T00:01:15.722+0000] {dag.py:3823} INFO - Setting next_dagrun for dataset_consumes_1_never_scheduled to None, run_after=None
[2024-05-30T00:01:15.724+0000] {logging_mixin.py:188} INFO - [2024-05-30T00:01:15.724+0000] {dag.py:3823} INFO - Setting next_dagrun for dataset_consumes_unknown_never_scheduled to None, run_after=None
[2024-05-30T00:01:15.730+0000] {logging_mixin.py:188} INFO - [2024-05-30T00:01:15.730+0000] {dag.py:3823} INFO - Setting next_dagrun for dataset_produces_1 to 2024-05-29 00:00:00+00:00, run_after=2024-05-30 00:00:00+00:00
[2024-05-30T00:01:15.733+0000] {logging_mixin.py:188} INFO - [2024-05-30T00:01:15.733+0000] {dag.py:3823} INFO - Setting next_dagrun for dataset_produces_2 to None, run_after=None
[2024-05-30T00:01:15.791+0000] {processor.py:183} INFO - Processing /home/airflow/.local/lib/python3.8/site-packages/airflow/example_dags/example_datasets.py took 0.197 seconds
[2024-05-30T00:01:46.136+0000] {processor.py:161} INFO - Started process (PID=2903) to work on /home/airflow/.local/lib/python3.8/site-packages/airflow/example_dags/example_datasets.py
[2024-05-30T00:01:46.138+0000] {processor.py:830} INFO - Processing file /home/airflow/.local/lib/python3.8/site-packages/airflow/example_dags/example_datasets.py for tasks to queue
[2024-05-30T00:01:46.139+0000] {logging_mixin.py:188} INFO - [2024-05-30T00:01:46.139+0000] {dagbag.py:538} INFO - Filling up the DagBag from /home/airflow/.local/lib/python3.8/site-packages/airflow/example_dags/example_datasets.py
[2024-05-30T00:01:46.150+0000] {processor.py:840} INFO - DAG(s) 'dataset_consumes_unknown_never_scheduled', 'dataset_consumes_1_and_2', 'dataset_consumes_1_never_scheduled', 'dataset_produces_1', 'dataset_produces_2', 'dataset_consumes_1' retrieved from /home/airflow/.local/lib/python3.8/site-packages/airflow/example_dags/example_datasets.py
[2024-05-30T00:01:46.186+0000] {logging_mixin.py:188} INFO - [2024-05-30T00:01:46.186+0000] {dag.py:3036} INFO - Sync 6 DAGs
[2024-05-30T00:01:46.208+0000] {logging_mixin.py:188} INFO - [2024-05-30T00:01:46.207+0000] {dag.py:3823} INFO - Setting next_dagrun for dataset_consumes_1 to None, run_after=None
[2024-05-30T00:01:46.212+0000] {logging_mixin.py:188} INFO - [2024-05-30T00:01:46.212+0000] {dag.py:3823} INFO - Setting next_dagrun for dataset_consumes_1_and_2 to None, run_after=None
[2024-05-30T00:01:46.214+0000] {logging_mixin.py:188} INFO - [2024-05-30T00:01:46.214+0000] {dag.py:3823} INFO - Setting next_dagrun for dataset_consumes_1_never_scheduled to None, run_after=None
[2024-05-30T00:01:46.217+0000] {logging_mixin.py:188} INFO - [2024-05-30T00:01:46.217+0000] {dag.py:3823} INFO - Setting next_dagrun for dataset_consumes_unknown_never_scheduled to None, run_after=None
[2024-05-30T00:01:46.221+0000] {logging_mixin.py:188} INFO - [2024-05-30T00:01:46.220+0000] {dag.py:3823} INFO - Setting next_dagrun for dataset_produces_1 to 2024-05-29 00:00:00+00:00, run_after=2024-05-30 00:00:00+00:00
[2024-05-30T00:01:46.223+0000] {logging_mixin.py:188} INFO - [2024-05-30T00:01:46.223+0000] {dag.py:3823} INFO - Setting next_dagrun for dataset_produces_2 to None, run_after=None
[2024-05-30T00:01:46.264+0000] {processor.py:183} INFO - Processing /home/airflow/.local/lib/python3.8/site-packages/airflow/example_dags/example_datasets.py took 0.131 seconds
[2024-05-30T00:02:17.405+0000] {processor.py:161} INFO - Started process (PID=2962) to work on /home/airflow/.local/lib/python3.8/site-packages/airflow/example_dags/example_datasets.py
[2024-05-30T00:02:17.407+0000] {processor.py:830} INFO - Processing file /home/airflow/.local/lib/python3.8/site-packages/airflow/example_dags/example_datasets.py for tasks to queue
[2024-05-30T00:02:17.409+0000] {logging_mixin.py:188} INFO - [2024-05-30T00:02:17.408+0000] {dagbag.py:538} INFO - Filling up the DagBag from /home/airflow/.local/lib/python3.8/site-packages/airflow/example_dags/example_datasets.py
[2024-05-30T00:02:17.419+0000] {processor.py:840} INFO - DAG(s) 'dataset_consumes_unknown_never_scheduled', 'dataset_produces_2', 'dataset_produces_1', 'dataset_consumes_1', 'dataset_consumes_1_and_2', 'dataset_consumes_1_never_scheduled' retrieved from /home/airflow/.local/lib/python3.8/site-packages/airflow/example_dags/example_datasets.py
[2024-05-30T00:02:17.463+0000] {logging_mixin.py:188} INFO - [2024-05-30T00:02:17.463+0000] {dag.py:3036} INFO - Sync 6 DAGs
[2024-05-30T00:02:17.488+0000] {logging_mixin.py:188} INFO - [2024-05-30T00:02:17.488+0000] {dag.py:3823} INFO - Setting next_dagrun for dataset_consumes_1 to None, run_after=None
[2024-05-30T00:02:17.493+0000] {logging_mixin.py:188} INFO - [2024-05-30T00:02:17.493+0000] {dag.py:3823} INFO - Setting next_dagrun for dataset_consumes_1_and_2 to None, run_after=None
[2024-05-30T00:02:17.495+0000] {logging_mixin.py:188} INFO - [2024-05-30T00:02:17.495+0000] {dag.py:3823} INFO - Setting next_dagrun for dataset_consumes_1_never_scheduled to None, run_after=None
[2024-05-30T00:02:17.497+0000] {logging_mixin.py:188} INFO - [2024-05-30T00:02:17.497+0000] {dag.py:3823} INFO - Setting next_dagrun for dataset_consumes_unknown_never_scheduled to None, run_after=None
[2024-05-30T00:02:17.501+0000] {logging_mixin.py:188} INFO - [2024-05-30T00:02:17.501+0000] {dag.py:3823} INFO - Setting next_dagrun for dataset_produces_1 to 2024-05-29 00:00:00+00:00, run_after=2024-05-30 00:00:00+00:00
[2024-05-30T00:02:17.504+0000] {logging_mixin.py:188} INFO - [2024-05-30T00:02:17.504+0000] {dag.py:3823} INFO - Setting next_dagrun for dataset_produces_2 to None, run_after=None
[2024-05-30T00:02:17.548+0000] {processor.py:183} INFO - Processing /home/airflow/.local/lib/python3.8/site-packages/airflow/example_dags/example_datasets.py took 0.147 seconds
[2024-05-30T00:02:48.915+0000] {processor.py:161} INFO - Started process (PID=3021) to work on /home/airflow/.local/lib/python3.8/site-packages/airflow/example_dags/example_datasets.py
[2024-05-30T00:02:48.919+0000] {processor.py:830} INFO - Processing file /home/airflow/.local/lib/python3.8/site-packages/airflow/example_dags/example_datasets.py for tasks to queue
[2024-05-30T00:02:48.923+0000] {logging_mixin.py:188} INFO - [2024-05-30T00:02:48.922+0000] {dagbag.py:538} INFO - Filling up the DagBag from /home/airflow/.local/lib/python3.8/site-packages/airflow/example_dags/example_datasets.py
[2024-05-30T00:02:48.933+0000] {processor.py:840} INFO - DAG(s) 'dataset_consumes_1_never_scheduled', 'dataset_consumes_1_and_2', 'dataset_produces_2', 'dataset_produces_1', 'dataset_consumes_unknown_never_scheduled', 'dataset_consumes_1' retrieved from /home/airflow/.local/lib/python3.8/site-packages/airflow/example_dags/example_datasets.py
[2024-05-30T00:02:48.981+0000] {logging_mixin.py:188} INFO - [2024-05-30T00:02:48.981+0000] {dag.py:3036} INFO - Sync 6 DAGs
[2024-05-30T00:02:49.010+0000] {logging_mixin.py:188} INFO - [2024-05-30T00:02:49.010+0000] {dag.py:3823} INFO - Setting next_dagrun for dataset_consumes_1 to None, run_after=None
[2024-05-30T00:02:49.014+0000] {logging_mixin.py:188} INFO - [2024-05-30T00:02:49.014+0000] {dag.py:3823} INFO - Setting next_dagrun for dataset_consumes_1_and_2 to None, run_after=None
[2024-05-30T00:02:49.017+0000] {logging_mixin.py:188} INFO - [2024-05-30T00:02:49.016+0000] {dag.py:3823} INFO - Setting next_dagrun for dataset_consumes_1_never_scheduled to None, run_after=None
[2024-05-30T00:02:49.019+0000] {logging_mixin.py:188} INFO - [2024-05-30T00:02:49.019+0000] {dag.py:3823} INFO - Setting next_dagrun for dataset_consumes_unknown_never_scheduled to None, run_after=None
[2024-05-30T00:02:49.028+0000] {logging_mixin.py:188} INFO - [2024-05-30T00:02:49.027+0000] {dag.py:3823} INFO - Setting next_dagrun for dataset_produces_1 to 2024-05-29 00:00:00+00:00, run_after=2024-05-30 00:00:00+00:00
[2024-05-30T00:02:49.032+0000] {logging_mixin.py:188} INFO - [2024-05-30T00:02:49.032+0000] {dag.py:3823} INFO - Setting next_dagrun for dataset_produces_2 to None, run_after=None
[2024-05-30T00:02:49.270+0000] {processor.py:183} INFO - Processing /home/airflow/.local/lib/python3.8/site-packages/airflow/example_dags/example_datasets.py took 0.361 seconds
[2024-05-30T00:03:19.767+0000] {processor.py:161} INFO - Started process (PID=3080) to work on /home/airflow/.local/lib/python3.8/site-packages/airflow/example_dags/example_datasets.py
[2024-05-30T00:03:19.768+0000] {processor.py:830} INFO - Processing file /home/airflow/.local/lib/python3.8/site-packages/airflow/example_dags/example_datasets.py for tasks to queue
[2024-05-30T00:03:19.769+0000] {logging_mixin.py:188} INFO - [2024-05-30T00:03:19.769+0000] {dagbag.py:538} INFO - Filling up the DagBag from /home/airflow/.local/lib/python3.8/site-packages/airflow/example_dags/example_datasets.py
[2024-05-30T00:03:19.778+0000] {processor.py:840} INFO - DAG(s) 'dataset_produces_2', 'dataset_consumes_1_and_2', 'dataset_consumes_1_never_scheduled', 'dataset_produces_1', 'dataset_consumes_unknown_never_scheduled', 'dataset_consumes_1' retrieved from /home/airflow/.local/lib/python3.8/site-packages/airflow/example_dags/example_datasets.py
[2024-05-30T00:03:19.813+0000] {logging_mixin.py:188} INFO - [2024-05-30T00:03:19.812+0000] {dag.py:3036} INFO - Sync 6 DAGs
[2024-05-30T00:03:19.832+0000] {logging_mixin.py:188} INFO - [2024-05-30T00:03:19.832+0000] {dag.py:3823} INFO - Setting next_dagrun for dataset_consumes_1 to None, run_after=None
[2024-05-30T00:03:19.836+0000] {logging_mixin.py:188} INFO - [2024-05-30T00:03:19.836+0000] {dag.py:3823} INFO - Setting next_dagrun for dataset_consumes_1_and_2 to None, run_after=None
[2024-05-30T00:03:19.837+0000] {logging_mixin.py:188} INFO - [2024-05-30T00:03:19.837+0000] {dag.py:3823} INFO - Setting next_dagrun for dataset_consumes_1_never_scheduled to None, run_after=None
[2024-05-30T00:03:19.839+0000] {logging_mixin.py:188} INFO - [2024-05-30T00:03:19.839+0000] {dag.py:3823} INFO - Setting next_dagrun for dataset_consumes_unknown_never_scheduled to None, run_after=None
[2024-05-30T00:03:19.842+0000] {logging_mixin.py:188} INFO - [2024-05-30T00:03:19.842+0000] {dag.py:3823} INFO - Setting next_dagrun for dataset_produces_1 to 2024-05-29 00:00:00+00:00, run_after=2024-05-30 00:00:00+00:00
[2024-05-30T00:03:19.844+0000] {logging_mixin.py:188} INFO - [2024-05-30T00:03:19.844+0000] {dag.py:3823} INFO - Setting next_dagrun for dataset_produces_2 to None, run_after=None
[2024-05-30T00:03:19.875+0000] {processor.py:183} INFO - Processing /home/airflow/.local/lib/python3.8/site-packages/airflow/example_dags/example_datasets.py took 0.111 seconds
[2024-05-30T00:03:50.666+0000] {processor.py:161} INFO - Started process (PID=3139) to work on /home/airflow/.local/lib/python3.8/site-packages/airflow/example_dags/example_datasets.py
[2024-05-30T00:03:50.667+0000] {processor.py:830} INFO - Processing file /home/airflow/.local/lib/python3.8/site-packages/airflow/example_dags/example_datasets.py for tasks to queue
[2024-05-30T00:03:50.669+0000] {logging_mixin.py:188} INFO - [2024-05-30T00:03:50.668+0000] {dagbag.py:538} INFO - Filling up the DagBag from /home/airflow/.local/lib/python3.8/site-packages/airflow/example_dags/example_datasets.py
[2024-05-30T00:03:50.679+0000] {processor.py:840} INFO - DAG(s) 'dataset_produces_2', 'dataset_consumes_1', 'dataset_consumes_unknown_never_scheduled', 'dataset_produces_1', 'dataset_consumes_1_and_2', 'dataset_consumes_1_never_scheduled' retrieved from /home/airflow/.local/lib/python3.8/site-packages/airflow/example_dags/example_datasets.py
[2024-05-30T00:03:50.715+0000] {logging_mixin.py:188} INFO - [2024-05-30T00:03:50.715+0000] {dag.py:3036} INFO - Sync 6 DAGs
[2024-05-30T00:03:50.736+0000] {logging_mixin.py:188} INFO - [2024-05-30T00:03:50.736+0000] {dag.py:3823} INFO - Setting next_dagrun for dataset_consumes_1 to None, run_after=None
[2024-05-30T00:03:50.740+0000] {logging_mixin.py:188} INFO - [2024-05-30T00:03:50.740+0000] {dag.py:3823} INFO - Setting next_dagrun for dataset_consumes_1_and_2 to None, run_after=None
[2024-05-30T00:03:50.742+0000] {logging_mixin.py:188} INFO - [2024-05-30T00:03:50.742+0000] {dag.py:3823} INFO - Setting next_dagrun for dataset_consumes_1_never_scheduled to None, run_after=None
[2024-05-30T00:03:50.744+0000] {logging_mixin.py:188} INFO - [2024-05-30T00:03:50.743+0000] {dag.py:3823} INFO - Setting next_dagrun for dataset_consumes_unknown_never_scheduled to None, run_after=None
[2024-05-30T00:03:50.747+0000] {logging_mixin.py:188} INFO - [2024-05-30T00:03:50.746+0000] {dag.py:3823} INFO - Setting next_dagrun for dataset_produces_1 to 2024-05-29 00:00:00+00:00, run_after=2024-05-30 00:00:00+00:00
[2024-05-30T00:03:50.749+0000] {logging_mixin.py:188} INFO - [2024-05-30T00:03:50.748+0000] {dag.py:3823} INFO - Setting next_dagrun for dataset_produces_2 to None, run_after=None
[2024-05-30T00:03:50.781+0000] {processor.py:183} INFO - Processing /home/airflow/.local/lib/python3.8/site-packages/airflow/example_dags/example_datasets.py took 0.117 seconds
[2024-05-30T00:04:21.204+0000] {processor.py:161} INFO - Started process (PID=3198) to work on /home/airflow/.local/lib/python3.8/site-packages/airflow/example_dags/example_datasets.py
[2024-05-30T00:04:21.205+0000] {processor.py:830} INFO - Processing file /home/airflow/.local/lib/python3.8/site-packages/airflow/example_dags/example_datasets.py for tasks to queue
[2024-05-30T00:04:21.207+0000] {logging_mixin.py:188} INFO - [2024-05-30T00:04:21.206+0000] {dagbag.py:538} INFO - Filling up the DagBag from /home/airflow/.local/lib/python3.8/site-packages/airflow/example_dags/example_datasets.py
[2024-05-30T00:04:21.216+0000] {processor.py:840} INFO - DAG(s) 'dataset_produces_2', 'dataset_consumes_1_and_2', 'dataset_consumes_unknown_never_scheduled', 'dataset_consumes_1_never_scheduled', 'dataset_produces_1', 'dataset_consumes_1' retrieved from /home/airflow/.local/lib/python3.8/site-packages/airflow/example_dags/example_datasets.py
[2024-05-30T00:04:21.254+0000] {logging_mixin.py:188} INFO - [2024-05-30T00:04:21.254+0000] {dag.py:3036} INFO - Sync 6 DAGs
[2024-05-30T00:04:21.391+0000] {logging_mixin.py:188} INFO - [2024-05-30T00:04:21.391+0000] {dag.py:3823} INFO - Setting next_dagrun for dataset_consumes_1 to None, run_after=None
[2024-05-30T00:04:21.396+0000] {logging_mixin.py:188} INFO - [2024-05-30T00:04:21.395+0000] {dag.py:3823} INFO - Setting next_dagrun for dataset_consumes_1_and_2 to None, run_after=None
[2024-05-30T00:04:21.398+0000] {logging_mixin.py:188} INFO - [2024-05-30T00:04:21.398+0000] {dag.py:3823} INFO - Setting next_dagrun for dataset_consumes_1_never_scheduled to None, run_after=None
[2024-05-30T00:04:21.400+0000] {logging_mixin.py:188} INFO - [2024-05-30T00:04:21.400+0000] {dag.py:3823} INFO - Setting next_dagrun for dataset_consumes_unknown_never_scheduled to None, run_after=None
[2024-05-30T00:04:21.403+0000] {logging_mixin.py:188} INFO - [2024-05-30T00:04:21.402+0000] {dag.py:3823} INFO - Setting next_dagrun for dataset_produces_1 to 2024-05-29 00:00:00+00:00, run_after=2024-05-30 00:00:00+00:00
[2024-05-30T00:04:21.405+0000] {logging_mixin.py:188} INFO - [2024-05-30T00:04:21.404+0000] {dag.py:3823} INFO - Setting next_dagrun for dataset_produces_2 to None, run_after=None
[2024-05-30T00:04:21.437+0000] {processor.py:183} INFO - Processing /home/airflow/.local/lib/python3.8/site-packages/airflow/example_dags/example_datasets.py took 0.235 seconds
[2024-05-30T00:04:51.991+0000] {processor.py:161} INFO - Started process (PID=3257) to work on /home/airflow/.local/lib/python3.8/site-packages/airflow/example_dags/example_datasets.py
[2024-05-30T00:04:51.992+0000] {processor.py:830} INFO - Processing file /home/airflow/.local/lib/python3.8/site-packages/airflow/example_dags/example_datasets.py for tasks to queue
[2024-05-30T00:04:51.993+0000] {logging_mixin.py:188} INFO - [2024-05-30T00:04:51.993+0000] {dagbag.py:538} INFO - Filling up the DagBag from /home/airflow/.local/lib/python3.8/site-packages/airflow/example_dags/example_datasets.py
[2024-05-30T00:04:52.002+0000] {processor.py:840} INFO - DAG(s) 'dataset_consumes_1_and_2', 'dataset_produces_1', 'dataset_consumes_1', 'dataset_consumes_unknown_never_scheduled', 'dataset_consumes_1_never_scheduled', 'dataset_produces_2' retrieved from /home/airflow/.local/lib/python3.8/site-packages/airflow/example_dags/example_datasets.py
[2024-05-30T00:04:52.038+0000] {logging_mixin.py:188} INFO - [2024-05-30T00:04:52.037+0000] {dag.py:3036} INFO - Sync 6 DAGs
[2024-05-30T00:04:52.057+0000] {logging_mixin.py:188} INFO - [2024-05-30T00:04:52.057+0000] {dag.py:3823} INFO - Setting next_dagrun for dataset_consumes_1 to None, run_after=None
[2024-05-30T00:04:52.061+0000] {logging_mixin.py:188} INFO - [2024-05-30T00:04:52.061+0000] {dag.py:3823} INFO - Setting next_dagrun for dataset_consumes_1_and_2 to None, run_after=None
[2024-05-30T00:04:52.063+0000] {logging_mixin.py:188} INFO - [2024-05-30T00:04:52.062+0000] {dag.py:3823} INFO - Setting next_dagrun for dataset_consumes_1_never_scheduled to None, run_after=None
[2024-05-30T00:04:52.065+0000] {logging_mixin.py:188} INFO - [2024-05-30T00:04:52.065+0000] {dag.py:3823} INFO - Setting next_dagrun for dataset_consumes_unknown_never_scheduled to None, run_after=None
[2024-05-30T00:04:52.068+0000] {logging_mixin.py:188} INFO - [2024-05-30T00:04:52.068+0000] {dag.py:3823} INFO - Setting next_dagrun for dataset_produces_1 to 2024-05-29 00:00:00+00:00, run_after=2024-05-30 00:00:00+00:00
[2024-05-30T00:04:52.070+0000] {logging_mixin.py:188} INFO - [2024-05-30T00:04:52.070+0000] {dag.py:3823} INFO - Setting next_dagrun for dataset_produces_2 to None, run_after=None
[2024-05-30T00:04:52.216+0000] {processor.py:183} INFO - Processing /home/airflow/.local/lib/python3.8/site-packages/airflow/example_dags/example_datasets.py took 0.228 seconds
[2024-05-30T00:05:22.751+0000] {processor.py:161} INFO - Started process (PID=3316) to work on /home/airflow/.local/lib/python3.8/site-packages/airflow/example_dags/example_datasets.py
[2024-05-30T00:05:22.752+0000] {processor.py:830} INFO - Processing file /home/airflow/.local/lib/python3.8/site-packages/airflow/example_dags/example_datasets.py for tasks to queue
[2024-05-30T00:05:22.753+0000] {logging_mixin.py:188} INFO - [2024-05-30T00:05:22.753+0000] {dagbag.py:538} INFO - Filling up the DagBag from /home/airflow/.local/lib/python3.8/site-packages/airflow/example_dags/example_datasets.py
[2024-05-30T00:05:22.762+0000] {processor.py:840} INFO - DAG(s) 'dataset_produces_2', 'dataset_consumes_unknown_never_scheduled', 'dataset_consumes_1_and_2', 'dataset_consumes_1_never_scheduled', 'dataset_produces_1', 'dataset_consumes_1' retrieved from /home/airflow/.local/lib/python3.8/site-packages/airflow/example_dags/example_datasets.py
[2024-05-30T00:05:22.798+0000] {logging_mixin.py:188} INFO - [2024-05-30T00:05:22.798+0000] {dag.py:3036} INFO - Sync 6 DAGs
[2024-05-30T00:05:22.818+0000] {logging_mixin.py:188} INFO - [2024-05-30T00:05:22.818+0000] {dag.py:3823} INFO - Setting next_dagrun for dataset_consumes_1 to None, run_after=None
[2024-05-30T00:05:22.822+0000] {logging_mixin.py:188} INFO - [2024-05-30T00:05:22.822+0000] {dag.py:3823} INFO - Setting next_dagrun for dataset_consumes_1_and_2 to None, run_after=None
[2024-05-30T00:05:22.824+0000] {logging_mixin.py:188} INFO - [2024-05-30T00:05:22.824+0000] {dag.py:3823} INFO - Setting next_dagrun for dataset_consumes_1_never_scheduled to None, run_after=None
[2024-05-30T00:05:22.826+0000] {logging_mixin.py:188} INFO - [2024-05-30T00:05:22.826+0000] {dag.py:3823} INFO - Setting next_dagrun for dataset_consumes_unknown_never_scheduled to None, run_after=None
[2024-05-30T00:05:22.829+0000] {logging_mixin.py:188} INFO - [2024-05-30T00:05:22.829+0000] {dag.py:3823} INFO - Setting next_dagrun for dataset_produces_1 to 2024-05-29 00:00:00+00:00, run_after=2024-05-30 00:00:00+00:00
[2024-05-30T00:05:22.831+0000] {logging_mixin.py:188} INFO - [2024-05-30T00:05:22.831+0000] {dag.py:3823} INFO - Setting next_dagrun for dataset_produces_2 to None, run_after=None
[2024-05-30T00:05:22.862+0000] {processor.py:183} INFO - Processing /home/airflow/.local/lib/python3.8/site-packages/airflow/example_dags/example_datasets.py took 0.114 seconds
[2024-05-30T00:05:53.947+0000] {processor.py:161} INFO - Started process (PID=3375) to work on /home/airflow/.local/lib/python3.8/site-packages/airflow/example_dags/example_datasets.py
[2024-05-30T00:05:53.948+0000] {processor.py:830} INFO - Processing file /home/airflow/.local/lib/python3.8/site-packages/airflow/example_dags/example_datasets.py for tasks to queue
[2024-05-30T00:05:53.949+0000] {logging_mixin.py:188} INFO - [2024-05-30T00:05:53.949+0000] {dagbag.py:538} INFO - Filling up the DagBag from /home/airflow/.local/lib/python3.8/site-packages/airflow/example_dags/example_datasets.py
[2024-05-30T00:05:53.959+0000] {processor.py:840} INFO - DAG(s) 'dataset_produces_2', 'dataset_consumes_1_and_2', 'dataset_consumes_1', 'dataset_consumes_1_never_scheduled', 'dataset_produces_1', 'dataset_consumes_unknown_never_scheduled' retrieved from /home/airflow/.local/lib/python3.8/site-packages/airflow/example_dags/example_datasets.py
[2024-05-30T00:05:54.108+0000] {logging_mixin.py:188} INFO - [2024-05-30T00:05:54.108+0000] {dag.py:3036} INFO - Sync 6 DAGs
[2024-05-30T00:05:54.127+0000] {logging_mixin.py:188} INFO - [2024-05-30T00:05:54.127+0000] {dag.py:3823} INFO - Setting next_dagrun for dataset_consumes_1 to None, run_after=None
[2024-05-30T00:05:54.131+0000] {logging_mixin.py:188} INFO - [2024-05-30T00:05:54.131+0000] {dag.py:3823} INFO - Setting next_dagrun for dataset_consumes_1_and_2 to None, run_after=None
[2024-05-30T00:05:54.133+0000] {logging_mixin.py:188} INFO - [2024-05-30T00:05:54.133+0000] {dag.py:3823} INFO - Setting next_dagrun for dataset_consumes_1_never_scheduled to None, run_after=None
[2024-05-30T00:05:54.135+0000] {logging_mixin.py:188} INFO - [2024-05-30T00:05:54.134+0000] {dag.py:3823} INFO - Setting next_dagrun for dataset_consumes_unknown_never_scheduled to None, run_after=None
[2024-05-30T00:05:54.137+0000] {logging_mixin.py:188} INFO - [2024-05-30T00:05:54.137+0000] {dag.py:3823} INFO - Setting next_dagrun for dataset_produces_1 to 2024-05-29 00:00:00+00:00, run_after=2024-05-30 00:00:00+00:00
[2024-05-30T00:05:54.139+0000] {logging_mixin.py:188} INFO - [2024-05-30T00:05:54.139+0000] {dag.py:3823} INFO - Setting next_dagrun for dataset_produces_2 to None, run_after=None
[2024-05-30T00:05:54.172+0000] {processor.py:183} INFO - Processing /home/airflow/.local/lib/python3.8/site-packages/airflow/example_dags/example_datasets.py took 0.229 seconds
[2024-05-30T00:06:25.395+0000] {processor.py:161} INFO - Started process (PID=3434) to work on /home/airflow/.local/lib/python3.8/site-packages/airflow/example_dags/example_datasets.py
[2024-05-30T00:06:25.397+0000] {processor.py:830} INFO - Processing file /home/airflow/.local/lib/python3.8/site-packages/airflow/example_dags/example_datasets.py for tasks to queue
[2024-05-30T00:06:25.399+0000] {logging_mixin.py:188} INFO - [2024-05-30T00:06:25.398+0000] {dagbag.py:538} INFO - Filling up the DagBag from /home/airflow/.local/lib/python3.8/site-packages/airflow/example_dags/example_datasets.py
[2024-05-30T00:06:25.411+0000] {processor.py:840} INFO - DAG(s) 'dataset_consumes_1_and_2', 'dataset_consumes_1_never_scheduled', 'dataset_consumes_unknown_never_scheduled', 'dataset_produces_2', 'dataset_produces_1', 'dataset_consumes_1' retrieved from /home/airflow/.local/lib/python3.8/site-packages/airflow/example_dags/example_datasets.py
[2024-05-30T00:06:25.451+0000] {logging_mixin.py:188} INFO - [2024-05-30T00:06:25.451+0000] {dag.py:3036} INFO - Sync 6 DAGs
[2024-05-30T00:06:25.584+0000] {logging_mixin.py:188} INFO - [2024-05-30T00:06:25.583+0000] {dag.py:3823} INFO - Setting next_dagrun for dataset_consumes_1 to None, run_after=None
[2024-05-30T00:06:25.588+0000] {logging_mixin.py:188} INFO - [2024-05-30T00:06:25.587+0000] {dag.py:3823} INFO - Setting next_dagrun for dataset_consumes_1_and_2 to None, run_after=None
[2024-05-30T00:06:25.590+0000] {logging_mixin.py:188} INFO - [2024-05-30T00:06:25.590+0000] {dag.py:3823} INFO - Setting next_dagrun for dataset_consumes_1_never_scheduled to None, run_after=None
[2024-05-30T00:06:25.592+0000] {logging_mixin.py:188} INFO - [2024-05-30T00:06:25.591+0000] {dag.py:3823} INFO - Setting next_dagrun for dataset_consumes_unknown_never_scheduled to None, run_after=None
[2024-05-30T00:06:25.594+0000] {logging_mixin.py:188} INFO - [2024-05-30T00:06:25.594+0000] {dag.py:3823} INFO - Setting next_dagrun for dataset_produces_1 to 2024-05-29 00:00:00+00:00, run_after=2024-05-30 00:00:00+00:00
[2024-05-30T00:06:25.596+0000] {logging_mixin.py:188} INFO - [2024-05-30T00:06:25.596+0000] {dag.py:3823} INFO - Setting next_dagrun for dataset_produces_2 to None, run_after=None
[2024-05-30T00:06:25.627+0000] {processor.py:183} INFO - Processing /home/airflow/.local/lib/python3.8/site-packages/airflow/example_dags/example_datasets.py took 0.236 seconds
[2024-05-30T00:06:55.932+0000] {processor.py:161} INFO - Started process (PID=3493) to work on /home/airflow/.local/lib/python3.8/site-packages/airflow/example_dags/example_datasets.py
[2024-05-30T00:06:55.934+0000] {processor.py:830} INFO - Processing file /home/airflow/.local/lib/python3.8/site-packages/airflow/example_dags/example_datasets.py for tasks to queue
[2024-05-30T00:06:55.936+0000] {logging_mixin.py:188} INFO - [2024-05-30T00:06:55.936+0000] {dagbag.py:538} INFO - Filling up the DagBag from /home/airflow/.local/lib/python3.8/site-packages/airflow/example_dags/example_datasets.py
[2024-05-30T00:06:55.949+0000] {processor.py:840} INFO - DAG(s) 'dataset_consumes_unknown_never_scheduled', 'dataset_consumes_1_and_2', 'dataset_consumes_1_never_scheduled', 'dataset_produces_2', 'dataset_produces_1', 'dataset_consumes_1' retrieved from /home/airflow/.local/lib/python3.8/site-packages/airflow/example_dags/example_datasets.py
[2024-05-30T00:06:55.986+0000] {logging_mixin.py:188} INFO - [2024-05-30T00:06:55.986+0000] {dag.py:3036} INFO - Sync 6 DAGs
[2024-05-30T00:06:56.007+0000] {logging_mixin.py:188} INFO - [2024-05-30T00:06:56.007+0000] {dag.py:3823} INFO - Setting next_dagrun for dataset_consumes_1 to None, run_after=None
[2024-05-30T00:06:56.012+0000] {logging_mixin.py:188} INFO - [2024-05-30T00:06:56.012+0000] {dag.py:3823} INFO - Setting next_dagrun for dataset_consumes_1_and_2 to None, run_after=None
[2024-05-30T00:06:56.014+0000] {logging_mixin.py:188} INFO - [2024-05-30T00:06:56.014+0000] {dag.py:3823} INFO - Setting next_dagrun for dataset_consumes_1_never_scheduled to None, run_after=None
[2024-05-30T00:06:56.016+0000] {logging_mixin.py:188} INFO - [2024-05-30T00:06:56.016+0000] {dag.py:3823} INFO - Setting next_dagrun for dataset_consumes_unknown_never_scheduled to None, run_after=None
[2024-05-30T00:06:56.020+0000] {logging_mixin.py:188} INFO - [2024-05-30T00:06:56.019+0000] {dag.py:3823} INFO - Setting next_dagrun for dataset_produces_1 to 2024-05-29 00:00:00+00:00, run_after=2024-05-30 00:00:00+00:00
[2024-05-30T00:06:56.022+0000] {logging_mixin.py:188} INFO - [2024-05-30T00:06:56.022+0000] {dag.py:3823} INFO - Setting next_dagrun for dataset_produces_2 to None, run_after=None
[2024-05-30T00:06:56.051+0000] {processor.py:183} INFO - Processing /home/airflow/.local/lib/python3.8/site-packages/airflow/example_dags/example_datasets.py took 0.124 seconds
[2024-05-30T00:07:26.861+0000] {processor.py:161} INFO - Started process (PID=3552) to work on /home/airflow/.local/lib/python3.8/site-packages/airflow/example_dags/example_datasets.py
[2024-05-30T00:07:26.862+0000] {processor.py:830} INFO - Processing file /home/airflow/.local/lib/python3.8/site-packages/airflow/example_dags/example_datasets.py for tasks to queue
[2024-05-30T00:07:26.863+0000] {logging_mixin.py:188} INFO - [2024-05-30T00:07:26.862+0000] {dagbag.py:538} INFO - Filling up the DagBag from /home/airflow/.local/lib/python3.8/site-packages/airflow/example_dags/example_datasets.py
[2024-05-30T00:07:26.873+0000] {processor.py:840} INFO - DAG(s) 'dataset_consumes_1_never_scheduled', 'dataset_consumes_1_and_2', 'dataset_produces_2', 'dataset_produces_1', 'dataset_consumes_unknown_never_scheduled', 'dataset_consumes_1' retrieved from /home/airflow/.local/lib/python3.8/site-packages/airflow/example_dags/example_datasets.py
[2024-05-30T00:07:26.914+0000] {logging_mixin.py:188} INFO - [2024-05-30T00:07:26.913+0000] {dag.py:3036} INFO - Sync 6 DAGs
[2024-05-30T00:07:26.934+0000] {logging_mixin.py:188} INFO - [2024-05-30T00:07:26.934+0000] {dag.py:3823} INFO - Setting next_dagrun for dataset_consumes_1 to None, run_after=None
[2024-05-30T00:07:26.939+0000] {logging_mixin.py:188} INFO - [2024-05-30T00:07:26.939+0000] {dag.py:3823} INFO - Setting next_dagrun for dataset_consumes_1_and_2 to None, run_after=None
[2024-05-30T00:07:26.941+0000] {logging_mixin.py:188} INFO - [2024-05-30T00:07:26.941+0000] {dag.py:3823} INFO - Setting next_dagrun for dataset_consumes_1_never_scheduled to None, run_after=None
[2024-05-30T00:07:26.943+0000] {logging_mixin.py:188} INFO - [2024-05-30T00:07:26.943+0000] {dag.py:3823} INFO - Setting next_dagrun for dataset_consumes_unknown_never_scheduled to None, run_after=None
[2024-05-30T00:07:26.947+0000] {logging_mixin.py:188} INFO - [2024-05-30T00:07:26.946+0000] {dag.py:3823} INFO - Setting next_dagrun for dataset_produces_1 to 2024-05-29 00:00:00+00:00, run_after=2024-05-30 00:00:00+00:00
[2024-05-30T00:07:26.949+0000] {logging_mixin.py:188} INFO - [2024-05-30T00:07:26.948+0000] {dag.py:3823} INFO - Setting next_dagrun for dataset_produces_2 to None, run_after=None
[2024-05-30T00:07:26.988+0000] {processor.py:183} INFO - Processing /home/airflow/.local/lib/python3.8/site-packages/airflow/example_dags/example_datasets.py took 0.131 seconds
[2024-05-30T00:07:57.172+0000] {processor.py:161} INFO - Started process (PID=3611) to work on /home/airflow/.local/lib/python3.8/site-packages/airflow/example_dags/example_datasets.py
[2024-05-30T00:07:57.173+0000] {processor.py:830} INFO - Processing file /home/airflow/.local/lib/python3.8/site-packages/airflow/example_dags/example_datasets.py for tasks to queue
[2024-05-30T00:07:57.174+0000] {logging_mixin.py:188} INFO - [2024-05-30T00:07:57.174+0000] {dagbag.py:538} INFO - Filling up the DagBag from /home/airflow/.local/lib/python3.8/site-packages/airflow/example_dags/example_datasets.py
[2024-05-30T00:07:57.184+0000] {processor.py:840} INFO - DAG(s) 'dataset_produces_1', 'dataset_consumes_unknown_never_scheduled', 'dataset_produces_2', 'dataset_consumes_1', 'dataset_consumes_1_never_scheduled', 'dataset_consumes_1_and_2' retrieved from /home/airflow/.local/lib/python3.8/site-packages/airflow/example_dags/example_datasets.py
[2024-05-30T00:07:57.221+0000] {logging_mixin.py:188} INFO - [2024-05-30T00:07:57.221+0000] {dag.py:3036} INFO - Sync 6 DAGs
[2024-05-30T00:07:57.243+0000] {logging_mixin.py:188} INFO - [2024-05-30T00:07:57.242+0000] {dag.py:3823} INFO - Setting next_dagrun for dataset_consumes_1 to None, run_after=None
[2024-05-30T00:07:57.247+0000] {logging_mixin.py:188} INFO - [2024-05-30T00:07:57.246+0000] {dag.py:3823} INFO - Setting next_dagrun for dataset_consumes_1_and_2 to None, run_after=None
[2024-05-30T00:07:57.249+0000] {logging_mixin.py:188} INFO - [2024-05-30T00:07:57.249+0000] {dag.py:3823} INFO - Setting next_dagrun for dataset_consumes_1_never_scheduled to None, run_after=None
[2024-05-30T00:07:57.251+0000] {logging_mixin.py:188} INFO - [2024-05-30T00:07:57.251+0000] {dag.py:3823} INFO - Setting next_dagrun for dataset_consumes_unknown_never_scheduled to None, run_after=None
[2024-05-30T00:07:57.254+0000] {logging_mixin.py:188} INFO - [2024-05-30T00:07:57.254+0000] {dag.py:3823} INFO - Setting next_dagrun for dataset_produces_1 to 2024-05-29 00:00:00+00:00, run_after=2024-05-30 00:00:00+00:00
[2024-05-30T00:07:57.256+0000] {logging_mixin.py:188} INFO - [2024-05-30T00:07:57.256+0000] {dag.py:3823} INFO - Setting next_dagrun for dataset_produces_2 to None, run_after=None
[2024-05-30T00:07:57.291+0000] {processor.py:183} INFO - Processing /home/airflow/.local/lib/python3.8/site-packages/airflow/example_dags/example_datasets.py took 0.122 seconds
[2024-05-30T00:08:27.758+0000] {processor.py:161} INFO - Started process (PID=3670) to work on /home/airflow/.local/lib/python3.8/site-packages/airflow/example_dags/example_datasets.py
[2024-05-30T00:08:27.759+0000] {processor.py:830} INFO - Processing file /home/airflow/.local/lib/python3.8/site-packages/airflow/example_dags/example_datasets.py for tasks to queue
[2024-05-30T00:08:27.760+0000] {logging_mixin.py:188} INFO - [2024-05-30T00:08:27.760+0000] {dagbag.py:538} INFO - Filling up the DagBag from /home/airflow/.local/lib/python3.8/site-packages/airflow/example_dags/example_datasets.py
[2024-05-30T00:08:27.770+0000] {processor.py:840} INFO - DAG(s) 'dataset_produces_1', 'dataset_consumes_1_and_2', 'dataset_consumes_unknown_never_scheduled', 'dataset_produces_2', 'dataset_consumes_1', 'dataset_consumes_1_never_scheduled' retrieved from /home/airflow/.local/lib/python3.8/site-packages/airflow/example_dags/example_datasets.py
[2024-05-30T00:08:27.804+0000] {logging_mixin.py:188} INFO - [2024-05-30T00:08:27.804+0000] {dag.py:3036} INFO - Sync 6 DAGs
[2024-05-30T00:08:27.824+0000] {logging_mixin.py:188} INFO - [2024-05-30T00:08:27.824+0000] {dag.py:3823} INFO - Setting next_dagrun for dataset_consumes_1 to None, run_after=None
[2024-05-30T00:08:27.828+0000] {logging_mixin.py:188} INFO - [2024-05-30T00:08:27.828+0000] {dag.py:3823} INFO - Setting next_dagrun for dataset_consumes_1_and_2 to None, run_after=None
[2024-05-30T00:08:27.831+0000] {logging_mixin.py:188} INFO - [2024-05-30T00:08:27.830+0000] {dag.py:3823} INFO - Setting next_dagrun for dataset_consumes_1_never_scheduled to None, run_after=None
[2024-05-30T00:08:27.833+0000] {logging_mixin.py:188} INFO - [2024-05-30T00:08:27.833+0000] {dag.py:3823} INFO - Setting next_dagrun for dataset_consumes_unknown_never_scheduled to None, run_after=None
[2024-05-30T00:08:27.836+0000] {logging_mixin.py:188} INFO - [2024-05-30T00:08:27.836+0000] {dag.py:3823} INFO - Setting next_dagrun for dataset_produces_1 to 2024-05-29 00:00:00+00:00, run_after=2024-05-30 00:00:00+00:00
[2024-05-30T00:08:27.838+0000] {logging_mixin.py:188} INFO - [2024-05-30T00:08:27.838+0000] {dag.py:3823} INFO - Setting next_dagrun for dataset_produces_2 to None, run_after=None
[2024-05-30T00:08:27.870+0000] {processor.py:183} INFO - Processing /home/airflow/.local/lib/python3.8/site-packages/airflow/example_dags/example_datasets.py took 0.115 seconds
[2024-05-30T00:08:58.617+0000] {processor.py:161} INFO - Started process (PID=3729) to work on /home/airflow/.local/lib/python3.8/site-packages/airflow/example_dags/example_datasets.py
[2024-05-30T00:08:58.618+0000] {processor.py:830} INFO - Processing file /home/airflow/.local/lib/python3.8/site-packages/airflow/example_dags/example_datasets.py for tasks to queue
[2024-05-30T00:08:58.620+0000] {logging_mixin.py:188} INFO - [2024-05-30T00:08:58.620+0000] {dagbag.py:538} INFO - Filling up the DagBag from /home/airflow/.local/lib/python3.8/site-packages/airflow/example_dags/example_datasets.py
[2024-05-30T00:08:58.630+0000] {processor.py:840} INFO - DAG(s) 'dataset_consumes_1', 'dataset_consumes_1_and_2', 'dataset_produces_2', 'dataset_consumes_1_never_scheduled', 'dataset_consumes_unknown_never_scheduled', 'dataset_produces_1' retrieved from /home/airflow/.local/lib/python3.8/site-packages/airflow/example_dags/example_datasets.py
[2024-05-30T00:08:58.675+0000] {logging_mixin.py:188} INFO - [2024-05-30T00:08:58.675+0000] {dag.py:3036} INFO - Sync 6 DAGs
[2024-05-30T00:08:58.698+0000] {logging_mixin.py:188} INFO - [2024-05-30T00:08:58.697+0000] {dag.py:3823} INFO - Setting next_dagrun for dataset_consumes_1 to None, run_after=None
[2024-05-30T00:08:58.701+0000] {logging_mixin.py:188} INFO - [2024-05-30T00:08:58.701+0000] {dag.py:3823} INFO - Setting next_dagrun for dataset_consumes_1_and_2 to None, run_after=None
[2024-05-30T00:08:58.704+0000] {logging_mixin.py:188} INFO - [2024-05-30T00:08:58.703+0000] {dag.py:3823} INFO - Setting next_dagrun for dataset_consumes_1_never_scheduled to None, run_after=None
[2024-05-30T00:08:58.705+0000] {logging_mixin.py:188} INFO - [2024-05-30T00:08:58.705+0000] {dag.py:3823} INFO - Setting next_dagrun for dataset_consumes_unknown_never_scheduled to None, run_after=None
[2024-05-30T00:08:58.709+0000] {logging_mixin.py:188} INFO - [2024-05-30T00:08:58.708+0000] {dag.py:3823} INFO - Setting next_dagrun for dataset_produces_1 to 2024-05-29 00:00:00+00:00, run_after=2024-05-30 00:00:00+00:00
[2024-05-30T00:08:58.710+0000] {logging_mixin.py:188} INFO - [2024-05-30T00:08:58.710+0000] {dag.py:3823} INFO - Setting next_dagrun for dataset_produces_2 to None, run_after=None
[2024-05-30T00:08:58.745+0000] {processor.py:183} INFO - Processing /home/airflow/.local/lib/python3.8/site-packages/airflow/example_dags/example_datasets.py took 0.131 seconds
[2024-05-30T00:09:29.849+0000] {processor.py:161} INFO - Started process (PID=3788) to work on /home/airflow/.local/lib/python3.8/site-packages/airflow/example_dags/example_datasets.py
[2024-05-30T00:09:29.850+0000] {processor.py:830} INFO - Processing file /home/airflow/.local/lib/python3.8/site-packages/airflow/example_dags/example_datasets.py for tasks to queue
[2024-05-30T00:09:29.852+0000] {logging_mixin.py:188} INFO - [2024-05-30T00:09:29.852+0000] {dagbag.py:538} INFO - Filling up the DagBag from /home/airflow/.local/lib/python3.8/site-packages/airflow/example_dags/example_datasets.py
[2024-05-30T00:09:29.863+0000] {processor.py:840} INFO - DAG(s) 'dataset_consumes_1_and_2', 'dataset_consumes_1_never_scheduled', 'dataset_produces_2', 'dataset_produces_1', 'dataset_consumes_unknown_never_scheduled', 'dataset_consumes_1' retrieved from /home/airflow/.local/lib/python3.8/site-packages/airflow/example_dags/example_datasets.py
[2024-05-30T00:09:29.901+0000] {logging_mixin.py:188} INFO - [2024-05-30T00:09:29.901+0000] {dag.py:3036} INFO - Sync 6 DAGs
[2024-05-30T00:09:29.924+0000] {logging_mixin.py:188} INFO - [2024-05-30T00:09:29.923+0000] {dag.py:3823} INFO - Setting next_dagrun for dataset_consumes_1 to None, run_after=None
[2024-05-30T00:09:29.927+0000] {logging_mixin.py:188} INFO - [2024-05-30T00:09:29.927+0000] {dag.py:3823} INFO - Setting next_dagrun for dataset_consumes_1_and_2 to None, run_after=None
[2024-05-30T00:09:29.929+0000] {logging_mixin.py:188} INFO - [2024-05-30T00:09:29.929+0000] {dag.py:3823} INFO - Setting next_dagrun for dataset_consumes_1_never_scheduled to None, run_after=None
[2024-05-30T00:09:29.932+0000] {logging_mixin.py:188} INFO - [2024-05-30T00:09:29.931+0000] {dag.py:3823} INFO - Setting next_dagrun for dataset_consumes_unknown_never_scheduled to None, run_after=None
[2024-05-30T00:09:29.935+0000] {logging_mixin.py:188} INFO - [2024-05-30T00:09:29.935+0000] {dag.py:3823} INFO - Setting next_dagrun for dataset_produces_1 to 2024-05-29 00:00:00+00:00, run_after=2024-05-30 00:00:00+00:00
[2024-05-30T00:09:29.937+0000] {logging_mixin.py:188} INFO - [2024-05-30T00:09:29.937+0000] {dag.py:3823} INFO - Setting next_dagrun for dataset_produces_2 to None, run_after=None
[2024-05-30T00:09:29.981+0000] {processor.py:183} INFO - Processing /home/airflow/.local/lib/python3.8/site-packages/airflow/example_dags/example_datasets.py took 0.138 seconds
[2024-05-30T00:10:00.822+0000] {processor.py:161} INFO - Started process (PID=3847) to work on /home/airflow/.local/lib/python3.8/site-packages/airflow/example_dags/example_datasets.py
[2024-05-30T00:10:00.823+0000] {processor.py:830} INFO - Processing file /home/airflow/.local/lib/python3.8/site-packages/airflow/example_dags/example_datasets.py for tasks to queue
[2024-05-30T00:10:00.824+0000] {logging_mixin.py:188} INFO - [2024-05-30T00:10:00.824+0000] {dagbag.py:538} INFO - Filling up the DagBag from /home/airflow/.local/lib/python3.8/site-packages/airflow/example_dags/example_datasets.py
[2024-05-30T00:10:00.836+0000] {processor.py:840} INFO - DAG(s) 'dataset_consumes_1_never_scheduled', 'dataset_consumes_1', 'dataset_produces_1', 'dataset_consumes_unknown_never_scheduled', 'dataset_produces_2', 'dataset_consumes_1_and_2' retrieved from /home/airflow/.local/lib/python3.8/site-packages/airflow/example_dags/example_datasets.py
[2024-05-30T00:10:00.874+0000] {logging_mixin.py:188} INFO - [2024-05-30T00:10:00.873+0000] {dag.py:3036} INFO - Sync 6 DAGs
[2024-05-30T00:10:00.898+0000] {logging_mixin.py:188} INFO - [2024-05-30T00:10:00.898+0000] {dag.py:3823} INFO - Setting next_dagrun for dataset_consumes_1 to None, run_after=None
[2024-05-30T00:10:00.903+0000] {logging_mixin.py:188} INFO - [2024-05-30T00:10:00.902+0000] {dag.py:3823} INFO - Setting next_dagrun for dataset_consumes_1_and_2 to None, run_after=None
[2024-05-30T00:10:00.904+0000] {logging_mixin.py:188} INFO - [2024-05-30T00:10:00.904+0000] {dag.py:3823} INFO - Setting next_dagrun for dataset_consumes_1_never_scheduled to None, run_after=None
[2024-05-30T00:10:00.906+0000] {logging_mixin.py:188} INFO - [2024-05-30T00:10:00.906+0000] {dag.py:3823} INFO - Setting next_dagrun for dataset_consumes_unknown_never_scheduled to None, run_after=None
[2024-05-30T00:10:00.909+0000] {logging_mixin.py:188} INFO - [2024-05-30T00:10:00.909+0000] {dag.py:3823} INFO - Setting next_dagrun for dataset_produces_1 to 2024-05-29 00:00:00+00:00, run_after=2024-05-30 00:00:00+00:00
[2024-05-30T00:10:00.911+0000] {logging_mixin.py:188} INFO - [2024-05-30T00:10:00.910+0000] {dag.py:3823} INFO - Setting next_dagrun for dataset_produces_2 to None, run_after=None
[2024-05-30T00:10:00.944+0000] {processor.py:183} INFO - Processing /home/airflow/.local/lib/python3.8/site-packages/airflow/example_dags/example_datasets.py took 0.125 seconds
[2024-05-30T00:10:31.381+0000] {processor.py:161} INFO - Started process (PID=3906) to work on /home/airflow/.local/lib/python3.8/site-packages/airflow/example_dags/example_datasets.py
[2024-05-30T00:10:31.382+0000] {processor.py:830} INFO - Processing file /home/airflow/.local/lib/python3.8/site-packages/airflow/example_dags/example_datasets.py for tasks to queue
[2024-05-30T00:10:31.384+0000] {logging_mixin.py:188} INFO - [2024-05-30T00:10:31.383+0000] {dagbag.py:538} INFO - Filling up the DagBag from /home/airflow/.local/lib/python3.8/site-packages/airflow/example_dags/example_datasets.py
[2024-05-30T00:10:31.392+0000] {processor.py:840} INFO - DAG(s) 'dataset_produces_1', 'dataset_produces_2', 'dataset_consumes_1', 'dataset_consumes_1_and_2', 'dataset_consumes_1_never_scheduled', 'dataset_consumes_unknown_never_scheduled' retrieved from /home/airflow/.local/lib/python3.8/site-packages/airflow/example_dags/example_datasets.py
[2024-05-30T00:10:31.427+0000] {logging_mixin.py:188} INFO - [2024-05-30T00:10:31.427+0000] {dag.py:3036} INFO - Sync 6 DAGs
[2024-05-30T00:10:31.448+0000] {logging_mixin.py:188} INFO - [2024-05-30T00:10:31.448+0000] {dag.py:3823} INFO - Setting next_dagrun for dataset_consumes_1 to None, run_after=None
[2024-05-30T00:10:31.453+0000] {logging_mixin.py:188} INFO - [2024-05-30T00:10:31.453+0000] {dag.py:3823} INFO - Setting next_dagrun for dataset_consumes_1_and_2 to None, run_after=None
[2024-05-30T00:10:31.455+0000] {logging_mixin.py:188} INFO - [2024-05-30T00:10:31.455+0000] {dag.py:3823} INFO - Setting next_dagrun for dataset_consumes_1_never_scheduled to None, run_after=None
[2024-05-30T00:10:31.457+0000] {logging_mixin.py:188} INFO - [2024-05-30T00:10:31.457+0000] {dag.py:3823} INFO - Setting next_dagrun for dataset_consumes_unknown_never_scheduled to None, run_after=None
[2024-05-30T00:10:31.460+0000] {logging_mixin.py:188} INFO - [2024-05-30T00:10:31.460+0000] {dag.py:3823} INFO - Setting next_dagrun for dataset_produces_1 to 2024-05-29 00:00:00+00:00, run_after=2024-05-30 00:00:00+00:00
[2024-05-30T00:10:31.462+0000] {logging_mixin.py:188} INFO - [2024-05-30T00:10:31.462+0000] {dag.py:3823} INFO - Setting next_dagrun for dataset_produces_2 to None, run_after=None
[2024-05-30T00:10:31.497+0000] {processor.py:183} INFO - Processing /home/airflow/.local/lib/python3.8/site-packages/airflow/example_dags/example_datasets.py took 0.119 seconds
[2024-05-30T00:11:02.277+0000] {processor.py:161} INFO - Started process (PID=3965) to work on /home/airflow/.local/lib/python3.8/site-packages/airflow/example_dags/example_datasets.py
[2024-05-30T00:11:02.278+0000] {processor.py:830} INFO - Processing file /home/airflow/.local/lib/python3.8/site-packages/airflow/example_dags/example_datasets.py for tasks to queue
[2024-05-30T00:11:02.279+0000] {logging_mixin.py:188} INFO - [2024-05-30T00:11:02.279+0000] {dagbag.py:538} INFO - Filling up the DagBag from /home/airflow/.local/lib/python3.8/site-packages/airflow/example_dags/example_datasets.py
[2024-05-30T00:11:02.288+0000] {processor.py:840} INFO - DAG(s) 'dataset_produces_2', 'dataset_consumes_1', 'dataset_consumes_unknown_never_scheduled', 'dataset_consumes_1_never_scheduled', 'dataset_consumes_1_and_2', 'dataset_produces_1' retrieved from /home/airflow/.local/lib/python3.8/site-packages/airflow/example_dags/example_datasets.py
[2024-05-30T00:11:02.325+0000] {logging_mixin.py:188} INFO - [2024-05-30T00:11:02.325+0000] {dag.py:3036} INFO - Sync 6 DAGs
[2024-05-30T00:11:02.345+0000] {logging_mixin.py:188} INFO - [2024-05-30T00:11:02.345+0000] {dag.py:3823} INFO - Setting next_dagrun for dataset_consumes_1 to None, run_after=None
[2024-05-30T00:11:02.349+0000] {logging_mixin.py:188} INFO - [2024-05-30T00:11:02.349+0000] {dag.py:3823} INFO - Setting next_dagrun for dataset_consumes_1_and_2 to None, run_after=None
[2024-05-30T00:11:02.352+0000] {logging_mixin.py:188} INFO - [2024-05-30T00:11:02.351+0000] {dag.py:3823} INFO - Setting next_dagrun for dataset_consumes_1_never_scheduled to None, run_after=None
[2024-05-30T00:11:02.354+0000] {logging_mixin.py:188} INFO - [2024-05-30T00:11:02.354+0000] {dag.py:3823} INFO - Setting next_dagrun for dataset_consumes_unknown_never_scheduled to None, run_after=None
[2024-05-30T00:11:02.357+0000] {logging_mixin.py:188} INFO - [2024-05-30T00:11:02.357+0000] {dag.py:3823} INFO - Setting next_dagrun for dataset_produces_1 to 2024-05-29 00:00:00+00:00, run_after=2024-05-30 00:00:00+00:00
[2024-05-30T00:11:02.359+0000] {logging_mixin.py:188} INFO - [2024-05-30T00:11:02.358+0000] {dag.py:3823} INFO - Setting next_dagrun for dataset_produces_2 to None, run_after=None
[2024-05-30T00:11:02.391+0000] {processor.py:183} INFO - Processing /home/airflow/.local/lib/python3.8/site-packages/airflow/example_dags/example_datasets.py took 0.118 seconds
[2024-05-30T00:11:32.447+0000] {processor.py:161} INFO - Started process (PID=4022) to work on /home/airflow/.local/lib/python3.8/site-packages/airflow/example_dags/example_datasets.py
[2024-05-30T00:11:32.447+0000] {processor.py:830} INFO - Processing file /home/airflow/.local/lib/python3.8/site-packages/airflow/example_dags/example_datasets.py for tasks to queue
[2024-05-30T00:11:32.449+0000] {logging_mixin.py:188} INFO - [2024-05-30T00:11:32.449+0000] {dagbag.py:538} INFO - Filling up the DagBag from /home/airflow/.local/lib/python3.8/site-packages/airflow/example_dags/example_datasets.py
[2024-05-30T00:11:32.458+0000] {processor.py:840} INFO - DAG(s) 'dataset_consumes_1_and_2', 'dataset_produces_2', 'dataset_produces_1', 'dataset_consumes_1', 'dataset_consumes_unknown_never_scheduled', 'dataset_consumes_1_never_scheduled' retrieved from /home/airflow/.local/lib/python3.8/site-packages/airflow/example_dags/example_datasets.py
[2024-05-30T00:11:32.494+0000] {logging_mixin.py:188} INFO - [2024-05-30T00:11:32.494+0000] {dag.py:3036} INFO - Sync 6 DAGs
[2024-05-30T00:11:32.514+0000] {logging_mixin.py:188} INFO - [2024-05-30T00:11:32.514+0000] {dag.py:3823} INFO - Setting next_dagrun for dataset_consumes_1 to None, run_after=None
[2024-05-30T00:11:32.518+0000] {logging_mixin.py:188} INFO - [2024-05-30T00:11:32.518+0000] {dag.py:3823} INFO - Setting next_dagrun for dataset_consumes_1_and_2 to None, run_after=None
[2024-05-30T00:11:32.520+0000] {logging_mixin.py:188} INFO - [2024-05-30T00:11:32.520+0000] {dag.py:3823} INFO - Setting next_dagrun for dataset_consumes_1_never_scheduled to None, run_after=None
[2024-05-30T00:11:32.522+0000] {logging_mixin.py:188} INFO - [2024-05-30T00:11:32.522+0000] {dag.py:3823} INFO - Setting next_dagrun for dataset_consumes_unknown_never_scheduled to None, run_after=None
[2024-05-30T00:11:32.525+0000] {logging_mixin.py:188} INFO - [2024-05-30T00:11:32.525+0000] {dag.py:3823} INFO - Setting next_dagrun for dataset_produces_1 to 2024-05-29 00:00:00+00:00, run_after=2024-05-30 00:00:00+00:00
[2024-05-30T00:11:32.527+0000] {logging_mixin.py:188} INFO - [2024-05-30T00:11:32.527+0000] {dag.py:3823} INFO - Setting next_dagrun for dataset_produces_2 to None, run_after=None
[2024-05-30T00:11:32.564+0000] {processor.py:183} INFO - Processing /home/airflow/.local/lib/python3.8/site-packages/airflow/example_dags/example_datasets.py took 0.121 seconds
[2024-05-30T00:12:03.660+0000] {processor.py:161} INFO - Started process (PID=4083) to work on /home/airflow/.local/lib/python3.8/site-packages/airflow/example_dags/example_datasets.py
[2024-05-30T00:12:03.661+0000] {processor.py:830} INFO - Processing file /home/airflow/.local/lib/python3.8/site-packages/airflow/example_dags/example_datasets.py for tasks to queue
[2024-05-30T00:12:03.662+0000] {logging_mixin.py:188} INFO - [2024-05-30T00:12:03.662+0000] {dagbag.py:538} INFO - Filling up the DagBag from /home/airflow/.local/lib/python3.8/site-packages/airflow/example_dags/example_datasets.py
[2024-05-30T00:12:03.673+0000] {processor.py:840} INFO - DAG(s) 'dataset_consumes_1_never_scheduled', 'dataset_produces_1', 'dataset_produces_2', 'dataset_consumes_unknown_never_scheduled', 'dataset_consumes_1_and_2', 'dataset_consumes_1' retrieved from /home/airflow/.local/lib/python3.8/site-packages/airflow/example_dags/example_datasets.py
[2024-05-30T00:12:03.711+0000] {logging_mixin.py:188} INFO - [2024-05-30T00:12:03.711+0000] {dag.py:3036} INFO - Sync 6 DAGs
[2024-05-30T00:12:03.734+0000] {logging_mixin.py:188} INFO - [2024-05-30T00:12:03.734+0000] {dag.py:3823} INFO - Setting next_dagrun for dataset_consumes_1 to None, run_after=None
[2024-05-30T00:12:03.738+0000] {logging_mixin.py:188} INFO - [2024-05-30T00:12:03.738+0000] {dag.py:3823} INFO - Setting next_dagrun for dataset_consumes_1_and_2 to None, run_after=None
[2024-05-30T00:12:03.740+0000] {logging_mixin.py:188} INFO - [2024-05-30T00:12:03.740+0000] {dag.py:3823} INFO - Setting next_dagrun for dataset_consumes_1_never_scheduled to None, run_after=None
[2024-05-30T00:12:03.743+0000] {logging_mixin.py:188} INFO - [2024-05-30T00:12:03.742+0000] {dag.py:3823} INFO - Setting next_dagrun for dataset_consumes_unknown_never_scheduled to None, run_after=None
[2024-05-30T00:12:03.746+0000] {logging_mixin.py:188} INFO - [2024-05-30T00:12:03.746+0000] {dag.py:3823} INFO - Setting next_dagrun for dataset_produces_1 to 2024-05-29 00:00:00+00:00, run_after=2024-05-30 00:00:00+00:00
[2024-05-30T00:12:03.748+0000] {logging_mixin.py:188} INFO - [2024-05-30T00:12:03.748+0000] {dag.py:3823} INFO - Setting next_dagrun for dataset_produces_2 to None, run_after=None
[2024-05-30T00:12:03.784+0000] {processor.py:183} INFO - Processing /home/airflow/.local/lib/python3.8/site-packages/airflow/example_dags/example_datasets.py took 0.128 seconds
[2024-05-30T00:12:34.198+0000] {processor.py:161} INFO - Started process (PID=4142) to work on /home/airflow/.local/lib/python3.8/site-packages/airflow/example_dags/example_datasets.py
[2024-05-30T00:12:34.199+0000] {processor.py:830} INFO - Processing file /home/airflow/.local/lib/python3.8/site-packages/airflow/example_dags/example_datasets.py for tasks to queue
[2024-05-30T00:12:34.200+0000] {logging_mixin.py:188} INFO - [2024-05-30T00:12:34.200+0000] {dagbag.py:538} INFO - Filling up the DagBag from /home/airflow/.local/lib/python3.8/site-packages/airflow/example_dags/example_datasets.py
[2024-05-30T00:12:34.209+0000] {processor.py:840} INFO - DAG(s) 'dataset_produces_1', 'dataset_consumes_1_and_2', 'dataset_consumes_1', 'dataset_produces_2', 'dataset_consumes_1_never_scheduled', 'dataset_consumes_unknown_never_scheduled' retrieved from /home/airflow/.local/lib/python3.8/site-packages/airflow/example_dags/example_datasets.py
[2024-05-30T00:12:34.246+0000] {logging_mixin.py:188} INFO - [2024-05-30T00:12:34.246+0000] {dag.py:3036} INFO - Sync 6 DAGs
[2024-05-30T00:12:34.266+0000] {logging_mixin.py:188} INFO - [2024-05-30T00:12:34.266+0000] {dag.py:3823} INFO - Setting next_dagrun for dataset_consumes_1 to None, run_after=None
[2024-05-30T00:12:34.270+0000] {logging_mixin.py:188} INFO - [2024-05-30T00:12:34.270+0000] {dag.py:3823} INFO - Setting next_dagrun for dataset_consumes_1_and_2 to None, run_after=None
[2024-05-30T00:12:34.272+0000] {logging_mixin.py:188} INFO - [2024-05-30T00:12:34.272+0000] {dag.py:3823} INFO - Setting next_dagrun for dataset_consumes_1_never_scheduled to None, run_after=None
[2024-05-30T00:12:34.274+0000] {logging_mixin.py:188} INFO - [2024-05-30T00:12:34.273+0000] {dag.py:3823} INFO - Setting next_dagrun for dataset_consumes_unknown_never_scheduled to None, run_after=None
[2024-05-30T00:12:34.277+0000] {logging_mixin.py:188} INFO - [2024-05-30T00:12:34.276+0000] {dag.py:3823} INFO - Setting next_dagrun for dataset_produces_1 to 2024-05-29 00:00:00+00:00, run_after=2024-05-30 00:00:00+00:00
[2024-05-30T00:12:34.279+0000] {logging_mixin.py:188} INFO - [2024-05-30T00:12:34.278+0000] {dag.py:3823} INFO - Setting next_dagrun for dataset_produces_2 to None, run_after=None
[2024-05-30T00:12:34.313+0000] {processor.py:183} INFO - Processing /home/airflow/.local/lib/python3.8/site-packages/airflow/example_dags/example_datasets.py took 0.119 seconds
[2024-05-30T00:13:04.980+0000] {processor.py:161} INFO - Started process (PID=4201) to work on /home/airflow/.local/lib/python3.8/site-packages/airflow/example_dags/example_datasets.py
[2024-05-30T00:13:04.981+0000] {processor.py:830} INFO - Processing file /home/airflow/.local/lib/python3.8/site-packages/airflow/example_dags/example_datasets.py for tasks to queue
[2024-05-30T00:13:04.983+0000] {logging_mixin.py:188} INFO - [2024-05-30T00:13:04.982+0000] {dagbag.py:538} INFO - Filling up the DagBag from /home/airflow/.local/lib/python3.8/site-packages/airflow/example_dags/example_datasets.py
[2024-05-30T00:13:04.992+0000] {processor.py:840} INFO - DAG(s) 'dataset_consumes_1_never_scheduled', 'dataset_consumes_1', 'dataset_consumes_1_and_2', 'dataset_consumes_unknown_never_scheduled', 'dataset_produces_2', 'dataset_produces_1' retrieved from /home/airflow/.local/lib/python3.8/site-packages/airflow/example_dags/example_datasets.py
[2024-05-30T00:13:05.029+0000] {logging_mixin.py:188} INFO - [2024-05-30T00:13:05.029+0000] {dag.py:3036} INFO - Sync 6 DAGs
[2024-05-30T00:13:05.053+0000] {logging_mixin.py:188} INFO - [2024-05-30T00:13:05.053+0000] {dag.py:3823} INFO - Setting next_dagrun for dataset_consumes_1 to None, run_after=None
[2024-05-30T00:13:05.057+0000] {logging_mixin.py:188} INFO - [2024-05-30T00:13:05.057+0000] {dag.py:3823} INFO - Setting next_dagrun for dataset_consumes_1_and_2 to None, run_after=None
[2024-05-30T00:13:05.059+0000] {logging_mixin.py:188} INFO - [2024-05-30T00:13:05.059+0000] {dag.py:3823} INFO - Setting next_dagrun for dataset_consumes_1_never_scheduled to None, run_after=None
[2024-05-30T00:13:05.061+0000] {logging_mixin.py:188} INFO - [2024-05-30T00:13:05.061+0000] {dag.py:3823} INFO - Setting next_dagrun for dataset_consumes_unknown_never_scheduled to None, run_after=None
[2024-05-30T00:13:05.065+0000] {logging_mixin.py:188} INFO - [2024-05-30T00:13:05.065+0000] {dag.py:3823} INFO - Setting next_dagrun for dataset_produces_1 to 2024-05-29 00:00:00+00:00, run_after=2024-05-30 00:00:00+00:00
[2024-05-30T00:13:05.067+0000] {logging_mixin.py:188} INFO - [2024-05-30T00:13:05.067+0000] {dag.py:3823} INFO - Setting next_dagrun for dataset_produces_2 to None, run_after=None
[2024-05-30T00:13:05.105+0000] {processor.py:183} INFO - Processing /home/airflow/.local/lib/python3.8/site-packages/airflow/example_dags/example_datasets.py took 0.127 seconds
[2024-05-30T00:13:35.647+0000] {processor.py:161} INFO - Started process (PID=4260) to work on /home/airflow/.local/lib/python3.8/site-packages/airflow/example_dags/example_datasets.py
[2024-05-30T00:13:35.648+0000] {processor.py:830} INFO - Processing file /home/airflow/.local/lib/python3.8/site-packages/airflow/example_dags/example_datasets.py for tasks to queue
[2024-05-30T00:13:35.649+0000] {logging_mixin.py:188} INFO - [2024-05-30T00:13:35.649+0000] {dagbag.py:538} INFO - Filling up the DagBag from /home/airflow/.local/lib/python3.8/site-packages/airflow/example_dags/example_datasets.py
[2024-05-30T00:13:35.659+0000] {processor.py:840} INFO - DAG(s) 'dataset_produces_2', 'dataset_consumes_1_never_scheduled', 'dataset_consumes_1_and_2', 'dataset_consumes_1', 'dataset_consumes_unknown_never_scheduled', 'dataset_produces_1' retrieved from /home/airflow/.local/lib/python3.8/site-packages/airflow/example_dags/example_datasets.py
[2024-05-30T00:13:35.695+0000] {logging_mixin.py:188} INFO - [2024-05-30T00:13:35.695+0000] {dag.py:3036} INFO - Sync 6 DAGs
[2024-05-30T00:13:35.717+0000] {logging_mixin.py:188} INFO - [2024-05-30T00:13:35.717+0000] {dag.py:3823} INFO - Setting next_dagrun for dataset_consumes_1 to None, run_after=None
[2024-05-30T00:13:35.721+0000] {logging_mixin.py:188} INFO - [2024-05-30T00:13:35.721+0000] {dag.py:3823} INFO - Setting next_dagrun for dataset_consumes_1_and_2 to None, run_after=None
[2024-05-30T00:13:35.723+0000] {logging_mixin.py:188} INFO - [2024-05-30T00:13:35.723+0000] {dag.py:3823} INFO - Setting next_dagrun for dataset_consumes_1_never_scheduled to None, run_after=None
[2024-05-30T00:13:35.725+0000] {logging_mixin.py:188} INFO - [2024-05-30T00:13:35.725+0000] {dag.py:3823} INFO - Setting next_dagrun for dataset_consumes_unknown_never_scheduled to None, run_after=None
[2024-05-30T00:13:35.729+0000] {logging_mixin.py:188} INFO - [2024-05-30T00:13:35.728+0000] {dag.py:3823} INFO - Setting next_dagrun for dataset_produces_1 to 2024-05-29 00:00:00+00:00, run_after=2024-05-30 00:00:00+00:00
[2024-05-30T00:13:35.731+0000] {logging_mixin.py:188} INFO - [2024-05-30T00:13:35.731+0000] {dag.py:3823} INFO - Setting next_dagrun for dataset_produces_2 to None, run_after=None
[2024-05-30T00:13:35.764+0000] {processor.py:183} INFO - Processing /home/airflow/.local/lib/python3.8/site-packages/airflow/example_dags/example_datasets.py took 0.120 seconds
[2024-05-30T00:14:06.380+0000] {processor.py:161} INFO - Started process (PID=4319) to work on /home/airflow/.local/lib/python3.8/site-packages/airflow/example_dags/example_datasets.py
[2024-05-30T00:14:06.381+0000] {processor.py:830} INFO - Processing file /home/airflow/.local/lib/python3.8/site-packages/airflow/example_dags/example_datasets.py for tasks to queue
[2024-05-30T00:14:06.382+0000] {logging_mixin.py:188} INFO - [2024-05-30T00:14:06.382+0000] {dagbag.py:538} INFO - Filling up the DagBag from /home/airflow/.local/lib/python3.8/site-packages/airflow/example_dags/example_datasets.py
[2024-05-30T00:14:06.391+0000] {processor.py:840} INFO - DAG(s) 'dataset_consumes_1_and_2', 'dataset_consumes_unknown_never_scheduled', 'dataset_produces_2', 'dataset_produces_1', 'dataset_consumes_1', 'dataset_consumes_1_never_scheduled' retrieved from /home/airflow/.local/lib/python3.8/site-packages/airflow/example_dags/example_datasets.py
[2024-05-30T00:14:06.428+0000] {logging_mixin.py:188} INFO - [2024-05-30T00:14:06.427+0000] {dag.py:3036} INFO - Sync 6 DAGs
[2024-05-30T00:14:06.448+0000] {logging_mixin.py:188} INFO - [2024-05-30T00:14:06.448+0000] {dag.py:3823} INFO - Setting next_dagrun for dataset_consumes_1 to None, run_after=None
[2024-05-30T00:14:06.453+0000] {logging_mixin.py:188} INFO - [2024-05-30T00:14:06.453+0000] {dag.py:3823} INFO - Setting next_dagrun for dataset_consumes_1_and_2 to None, run_after=None
[2024-05-30T00:14:06.455+0000] {logging_mixin.py:188} INFO - [2024-05-30T00:14:06.455+0000] {dag.py:3823} INFO - Setting next_dagrun for dataset_consumes_1_never_scheduled to None, run_after=None
[2024-05-30T00:14:06.457+0000] {logging_mixin.py:188} INFO - [2024-05-30T00:14:06.457+0000] {dag.py:3823} INFO - Setting next_dagrun for dataset_consumes_unknown_never_scheduled to None, run_after=None
[2024-05-30T00:14:06.460+0000] {logging_mixin.py:188} INFO - [2024-05-30T00:14:06.459+0000] {dag.py:3823} INFO - Setting next_dagrun for dataset_produces_1 to 2024-05-29 00:00:00+00:00, run_after=2024-05-30 00:00:00+00:00
[2024-05-30T00:14:06.462+0000] {logging_mixin.py:188} INFO - [2024-05-30T00:14:06.461+0000] {dag.py:3823} INFO - Setting next_dagrun for dataset_produces_2 to None, run_after=None
[2024-05-30T00:14:06.494+0000] {processor.py:183} INFO - Processing /home/airflow/.local/lib/python3.8/site-packages/airflow/example_dags/example_datasets.py took 0.118 seconds
