[2024-05-30T00:00:13.362+0000] {processor.py:161} INFO - Started process (PID=2724) to work on /home/airflow/.local/lib/python3.8/site-packages/airflow/example_dags/example_short_circuit_decorator.py
[2024-05-30T00:00:13.363+0000] {processor.py:830} INFO - Processing file /home/airflow/.local/lib/python3.8/site-packages/airflow/example_dags/example_short_circuit_decorator.py for tasks to queue
[2024-05-30T00:00:13.364+0000] {logging_mixin.py:188} INFO - [2024-05-30T00:00:13.364+0000] {dagbag.py:538} INFO - Filling up the DagBag from /home/airflow/.local/lib/python3.8/site-packages/airflow/example_dags/example_short_circuit_decorator.py
[2024-05-30T00:00:13.374+0000] {processor.py:840} INFO - DAG(s) 'example_short_circuit_decorator' retrieved from /home/airflow/.local/lib/python3.8/site-packages/airflow/example_dags/example_short_circuit_decorator.py
[2024-05-30T00:00:13.398+0000] {logging_mixin.py:188} INFO - [2024-05-30T00:00:13.397+0000] {dag.py:3036} INFO - Sync 1 DAGs
[2024-05-30T00:00:13.417+0000] {logging_mixin.py:188} INFO - [2024-05-30T00:00:13.417+0000] {dag.py:3823} INFO - Setting next_dagrun for example_short_circuit_decorator to 2024-05-29 00:00:00+00:00, run_after=2024-05-30 00:00:00+00:00
[2024-05-30T00:00:13.440+0000] {processor.py:183} INFO - Processing /home/airflow/.local/lib/python3.8/site-packages/airflow/example_dags/example_short_circuit_decorator.py took 0.082 seconds
[2024-05-30T00:00:44.681+0000] {processor.py:161} INFO - Started process (PID=2783) to work on /home/airflow/.local/lib/python3.8/site-packages/airflow/example_dags/example_short_circuit_decorator.py
[2024-05-30T00:00:44.683+0000] {processor.py:830} INFO - Processing file /home/airflow/.local/lib/python3.8/site-packages/airflow/example_dags/example_short_circuit_decorator.py for tasks to queue
[2024-05-30T00:00:44.684+0000] {logging_mixin.py:188} INFO - [2024-05-30T00:00:44.684+0000] {dagbag.py:538} INFO - Filling up the DagBag from /home/airflow/.local/lib/python3.8/site-packages/airflow/example_dags/example_short_circuit_decorator.py
[2024-05-30T00:00:44.710+0000] {processor.py:840} INFO - DAG(s) 'example_short_circuit_decorator' retrieved from /home/airflow/.local/lib/python3.8/site-packages/airflow/example_dags/example_short_circuit_decorator.py
[2024-05-30T00:00:44.755+0000] {logging_mixin.py:188} INFO - [2024-05-30T00:00:44.754+0000] {dag.py:3036} INFO - Sync 1 DAGs
[2024-05-30T00:00:44.796+0000] {logging_mixin.py:188} INFO - [2024-05-30T00:00:44.795+0000] {dag.py:3823} INFO - Setting next_dagrun for example_short_circuit_decorator to 2024-05-29 00:00:00+00:00, run_after=2024-05-30 00:00:00+00:00
[2024-05-30T00:00:44.835+0000] {processor.py:183} INFO - Processing /home/airflow/.local/lib/python3.8/site-packages/airflow/example_dags/example_short_circuit_decorator.py took 0.159 seconds
[2024-05-30T00:01:15.438+0000] {processor.py:161} INFO - Started process (PID=2842) to work on /home/airflow/.local/lib/python3.8/site-packages/airflow/example_dags/example_short_circuit_decorator.py
[2024-05-30T00:01:15.439+0000] {processor.py:830} INFO - Processing file /home/airflow/.local/lib/python3.8/site-packages/airflow/example_dags/example_short_circuit_decorator.py for tasks to queue
[2024-05-30T00:01:15.442+0000] {logging_mixin.py:188} INFO - [2024-05-30T00:01:15.441+0000] {dagbag.py:538} INFO - Filling up the DagBag from /home/airflow/.local/lib/python3.8/site-packages/airflow/example_dags/example_short_circuit_decorator.py
[2024-05-30T00:01:15.457+0000] {processor.py:840} INFO - DAG(s) 'example_short_circuit_decorator' retrieved from /home/airflow/.local/lib/python3.8/site-packages/airflow/example_dags/example_short_circuit_decorator.py
[2024-05-30T00:01:15.493+0000] {logging_mixin.py:188} INFO - [2024-05-30T00:01:15.493+0000] {dag.py:3036} INFO - Sync 1 DAGs
[2024-05-30T00:01:15.528+0000] {logging_mixin.py:188} INFO - [2024-05-30T00:01:15.528+0000] {dag.py:3823} INFO - Setting next_dagrun for example_short_circuit_decorator to 2024-05-29 00:00:00+00:00, run_after=2024-05-30 00:00:00+00:00
[2024-05-30T00:01:15.558+0000] {processor.py:183} INFO - Processing /home/airflow/.local/lib/python3.8/site-packages/airflow/example_dags/example_short_circuit_decorator.py took 0.125 seconds
[2024-05-30T00:01:46.016+0000] {processor.py:161} INFO - Started process (PID=2901) to work on /home/airflow/.local/lib/python3.8/site-packages/airflow/example_dags/example_short_circuit_decorator.py
[2024-05-30T00:01:46.017+0000] {processor.py:830} INFO - Processing file /home/airflow/.local/lib/python3.8/site-packages/airflow/example_dags/example_short_circuit_decorator.py for tasks to queue
[2024-05-30T00:01:46.018+0000] {logging_mixin.py:188} INFO - [2024-05-30T00:01:46.018+0000] {dagbag.py:538} INFO - Filling up the DagBag from /home/airflow/.local/lib/python3.8/site-packages/airflow/example_dags/example_short_circuit_decorator.py
[2024-05-30T00:01:46.028+0000] {processor.py:840} INFO - DAG(s) 'example_short_circuit_decorator' retrieved from /home/airflow/.local/lib/python3.8/site-packages/airflow/example_dags/example_short_circuit_decorator.py
[2024-05-30T00:01:46.051+0000] {logging_mixin.py:188} INFO - [2024-05-30T00:01:46.051+0000] {dag.py:3036} INFO - Sync 1 DAGs
[2024-05-30T00:01:46.071+0000] {logging_mixin.py:188} INFO - [2024-05-30T00:01:46.071+0000] {dag.py:3823} INFO - Setting next_dagrun for example_short_circuit_decorator to 2024-05-29 00:00:00+00:00, run_after=2024-05-30 00:00:00+00:00
[2024-05-30T00:01:46.093+0000] {processor.py:183} INFO - Processing /home/airflow/.local/lib/python3.8/site-packages/airflow/example_dags/example_short_circuit_decorator.py took 0.081 seconds
[2024-05-30T00:02:17.128+0000] {processor.py:161} INFO - Started process (PID=2960) to work on /home/airflow/.local/lib/python3.8/site-packages/airflow/example_dags/example_short_circuit_decorator.py
[2024-05-30T00:02:17.130+0000] {processor.py:830} INFO - Processing file /home/airflow/.local/lib/python3.8/site-packages/airflow/example_dags/example_short_circuit_decorator.py for tasks to queue
[2024-05-30T00:02:17.131+0000] {logging_mixin.py:188} INFO - [2024-05-30T00:02:17.131+0000] {dagbag.py:538} INFO - Filling up the DagBag from /home/airflow/.local/lib/python3.8/site-packages/airflow/example_dags/example_short_circuit_decorator.py
[2024-05-30T00:02:17.141+0000] {processor.py:840} INFO - DAG(s) 'example_short_circuit_decorator' retrieved from /home/airflow/.local/lib/python3.8/site-packages/airflow/example_dags/example_short_circuit_decorator.py
[2024-05-30T00:02:17.167+0000] {logging_mixin.py:188} INFO - [2024-05-30T00:02:17.167+0000] {dag.py:3036} INFO - Sync 1 DAGs
[2024-05-30T00:02:17.190+0000] {logging_mixin.py:188} INFO - [2024-05-30T00:02:17.190+0000] {dag.py:3823} INFO - Setting next_dagrun for example_short_circuit_decorator to 2024-05-29 00:00:00+00:00, run_after=2024-05-30 00:00:00+00:00
[2024-05-30T00:02:17.215+0000] {processor.py:183} INFO - Processing /home/airflow/.local/lib/python3.8/site-packages/airflow/example_dags/example_short_circuit_decorator.py took 0.090 seconds
[2024-05-30T00:02:48.760+0000] {processor.py:161} INFO - Started process (PID=3019) to work on /home/airflow/.local/lib/python3.8/site-packages/airflow/example_dags/example_short_circuit_decorator.py
[2024-05-30T00:02:48.761+0000] {processor.py:830} INFO - Processing file /home/airflow/.local/lib/python3.8/site-packages/airflow/example_dags/example_short_circuit_decorator.py for tasks to queue
[2024-05-30T00:02:48.763+0000] {logging_mixin.py:188} INFO - [2024-05-30T00:02:48.762+0000] {dagbag.py:538} INFO - Filling up the DagBag from /home/airflow/.local/lib/python3.8/site-packages/airflow/example_dags/example_short_circuit_decorator.py
[2024-05-30T00:02:48.776+0000] {processor.py:840} INFO - DAG(s) 'example_short_circuit_decorator' retrieved from /home/airflow/.local/lib/python3.8/site-packages/airflow/example_dags/example_short_circuit_decorator.py
[2024-05-30T00:02:48.807+0000] {logging_mixin.py:188} INFO - [2024-05-30T00:02:48.807+0000] {dag.py:3036} INFO - Sync 1 DAGs
[2024-05-30T00:02:48.834+0000] {logging_mixin.py:188} INFO - [2024-05-30T00:02:48.834+0000] {dag.py:3823} INFO - Setting next_dagrun for example_short_circuit_decorator to 2024-05-29 00:00:00+00:00, run_after=2024-05-30 00:00:00+00:00
[2024-05-30T00:02:48.865+0000] {processor.py:183} INFO - Processing /home/airflow/.local/lib/python3.8/site-packages/airflow/example_dags/example_short_circuit_decorator.py took 0.110 seconds
[2024-05-30T00:03:19.500+0000] {processor.py:161} INFO - Started process (PID=3078) to work on /home/airflow/.local/lib/python3.8/site-packages/airflow/example_dags/example_short_circuit_decorator.py
[2024-05-30T00:03:19.502+0000] {processor.py:830} INFO - Processing file /home/airflow/.local/lib/python3.8/site-packages/airflow/example_dags/example_short_circuit_decorator.py for tasks to queue
[2024-05-30T00:03:19.504+0000] {logging_mixin.py:188} INFO - [2024-05-30T00:03:19.503+0000] {dagbag.py:538} INFO - Filling up the DagBag from /home/airflow/.local/lib/python3.8/site-packages/airflow/example_dags/example_short_circuit_decorator.py
[2024-05-30T00:03:19.518+0000] {processor.py:840} INFO - DAG(s) 'example_short_circuit_decorator' retrieved from /home/airflow/.local/lib/python3.8/site-packages/airflow/example_dags/example_short_circuit_decorator.py
[2024-05-30T00:03:19.541+0000] {logging_mixin.py:188} INFO - [2024-05-30T00:03:19.540+0000] {dag.py:3036} INFO - Sync 1 DAGs
[2024-05-30T00:03:19.565+0000] {logging_mixin.py:188} INFO - [2024-05-30T00:03:19.565+0000] {dag.py:3823} INFO - Setting next_dagrun for example_short_circuit_decorator to 2024-05-29 00:00:00+00:00, run_after=2024-05-30 00:00:00+00:00
[2024-05-30T00:03:19.588+0000] {processor.py:183} INFO - Processing /home/airflow/.local/lib/python3.8/site-packages/airflow/example_dags/example_short_circuit_decorator.py took 0.093 seconds
[2024-05-30T00:03:50.544+0000] {processor.py:161} INFO - Started process (PID=3137) to work on /home/airflow/.local/lib/python3.8/site-packages/airflow/example_dags/example_short_circuit_decorator.py
[2024-05-30T00:03:50.545+0000] {processor.py:830} INFO - Processing file /home/airflow/.local/lib/python3.8/site-packages/airflow/example_dags/example_short_circuit_decorator.py for tasks to queue
[2024-05-30T00:03:50.546+0000] {logging_mixin.py:188} INFO - [2024-05-30T00:03:50.546+0000] {dagbag.py:538} INFO - Filling up the DagBag from /home/airflow/.local/lib/python3.8/site-packages/airflow/example_dags/example_short_circuit_decorator.py
[2024-05-30T00:03:50.558+0000] {processor.py:840} INFO - DAG(s) 'example_short_circuit_decorator' retrieved from /home/airflow/.local/lib/python3.8/site-packages/airflow/example_dags/example_short_circuit_decorator.py
[2024-05-30T00:03:50.587+0000] {logging_mixin.py:188} INFO - [2024-05-30T00:03:50.587+0000] {dag.py:3036} INFO - Sync 1 DAGs
[2024-05-30T00:03:50.610+0000] {logging_mixin.py:188} INFO - [2024-05-30T00:03:50.610+0000] {dag.py:3823} INFO - Setting next_dagrun for example_short_circuit_decorator to 2024-05-29 00:00:00+00:00, run_after=2024-05-30 00:00:00+00:00
[2024-05-30T00:03:50.630+0000] {processor.py:183} INFO - Processing /home/airflow/.local/lib/python3.8/site-packages/airflow/example_dags/example_short_circuit_decorator.py took 0.091 seconds
[2024-05-30T00:04:21.032+0000] {processor.py:161} INFO - Started process (PID=3196) to work on /home/airflow/.local/lib/python3.8/site-packages/airflow/example_dags/example_short_circuit_decorator.py
[2024-05-30T00:04:21.034+0000] {processor.py:830} INFO - Processing file /home/airflow/.local/lib/python3.8/site-packages/airflow/example_dags/example_short_circuit_decorator.py for tasks to queue
[2024-05-30T00:04:21.035+0000] {logging_mixin.py:188} INFO - [2024-05-30T00:04:21.035+0000] {dagbag.py:538} INFO - Filling up the DagBag from /home/airflow/.local/lib/python3.8/site-packages/airflow/example_dags/example_short_circuit_decorator.py
[2024-05-30T00:04:21.045+0000] {processor.py:840} INFO - DAG(s) 'example_short_circuit_decorator' retrieved from /home/airflow/.local/lib/python3.8/site-packages/airflow/example_dags/example_short_circuit_decorator.py
[2024-05-30T00:04:21.068+0000] {logging_mixin.py:188} INFO - [2024-05-30T00:04:21.068+0000] {dag.py:3036} INFO - Sync 1 DAGs
[2024-05-30T00:04:21.089+0000] {logging_mixin.py:188} INFO - [2024-05-30T00:04:21.089+0000] {dag.py:3823} INFO - Setting next_dagrun for example_short_circuit_decorator to 2024-05-29 00:00:00+00:00, run_after=2024-05-30 00:00:00+00:00
[2024-05-30T00:04:21.225+0000] {processor.py:183} INFO - Processing /home/airflow/.local/lib/python3.8/site-packages/airflow/example_dags/example_short_circuit_decorator.py took 0.198 seconds
[2024-05-30T00:04:51.870+0000] {processor.py:161} INFO - Started process (PID=3255) to work on /home/airflow/.local/lib/python3.8/site-packages/airflow/example_dags/example_short_circuit_decorator.py
[2024-05-30T00:04:51.871+0000] {processor.py:830} INFO - Processing file /home/airflow/.local/lib/python3.8/site-packages/airflow/example_dags/example_short_circuit_decorator.py for tasks to queue
[2024-05-30T00:04:51.873+0000] {logging_mixin.py:188} INFO - [2024-05-30T00:04:51.872+0000] {dagbag.py:538} INFO - Filling up the DagBag from /home/airflow/.local/lib/python3.8/site-packages/airflow/example_dags/example_short_circuit_decorator.py
[2024-05-30T00:04:51.883+0000] {processor.py:840} INFO - DAG(s) 'example_short_circuit_decorator' retrieved from /home/airflow/.local/lib/python3.8/site-packages/airflow/example_dags/example_short_circuit_decorator.py
[2024-05-30T00:04:51.908+0000] {logging_mixin.py:188} INFO - [2024-05-30T00:04:51.908+0000] {dag.py:3036} INFO - Sync 1 DAGs
[2024-05-30T00:04:51.930+0000] {logging_mixin.py:188} INFO - [2024-05-30T00:04:51.930+0000] {dag.py:3823} INFO - Setting next_dagrun for example_short_circuit_decorator to 2024-05-29 00:00:00+00:00, run_after=2024-05-30 00:00:00+00:00
[2024-05-30T00:04:51.952+0000] {processor.py:183} INFO - Processing /home/airflow/.local/lib/python3.8/site-packages/airflow/example_dags/example_short_circuit_decorator.py took 0.086 seconds
[2024-05-30T00:05:22.631+0000] {processor.py:161} INFO - Started process (PID=3314) to work on /home/airflow/.local/lib/python3.8/site-packages/airflow/example_dags/example_short_circuit_decorator.py
[2024-05-30T00:05:22.632+0000] {processor.py:830} INFO - Processing file /home/airflow/.local/lib/python3.8/site-packages/airflow/example_dags/example_short_circuit_decorator.py for tasks to queue
[2024-05-30T00:05:22.634+0000] {logging_mixin.py:188} INFO - [2024-05-30T00:05:22.633+0000] {dagbag.py:538} INFO - Filling up the DagBag from /home/airflow/.local/lib/python3.8/site-packages/airflow/example_dags/example_short_circuit_decorator.py
[2024-05-30T00:05:22.644+0000] {processor.py:840} INFO - DAG(s) 'example_short_circuit_decorator' retrieved from /home/airflow/.local/lib/python3.8/site-packages/airflow/example_dags/example_short_circuit_decorator.py
[2024-05-30T00:05:22.666+0000] {logging_mixin.py:188} INFO - [2024-05-30T00:05:22.665+0000] {dag.py:3036} INFO - Sync 1 DAGs
[2024-05-30T00:05:22.685+0000] {logging_mixin.py:188} INFO - [2024-05-30T00:05:22.685+0000] {dag.py:3823} INFO - Setting next_dagrun for example_short_circuit_decorator to 2024-05-29 00:00:00+00:00, run_after=2024-05-30 00:00:00+00:00
[2024-05-30T00:05:22.708+0000] {processor.py:183} INFO - Processing /home/airflow/.local/lib/python3.8/site-packages/airflow/example_dags/example_short_circuit_decorator.py took 0.080 seconds
[2024-05-30T00:05:53.726+0000] {processor.py:161} INFO - Started process (PID=3373) to work on /home/airflow/.local/lib/python3.8/site-packages/airflow/example_dags/example_short_circuit_decorator.py
[2024-05-30T00:05:53.728+0000] {processor.py:830} INFO - Processing file /home/airflow/.local/lib/python3.8/site-packages/airflow/example_dags/example_short_circuit_decorator.py for tasks to queue
[2024-05-30T00:05:53.729+0000] {logging_mixin.py:188} INFO - [2024-05-30T00:05:53.729+0000] {dagbag.py:538} INFO - Filling up the DagBag from /home/airflow/.local/lib/python3.8/site-packages/airflow/example_dags/example_short_circuit_decorator.py
[2024-05-30T00:05:53.739+0000] {processor.py:840} INFO - DAG(s) 'example_short_circuit_decorator' retrieved from /home/airflow/.local/lib/python3.8/site-packages/airflow/example_dags/example_short_circuit_decorator.py
[2024-05-30T00:05:53.877+0000] {logging_mixin.py:188} INFO - [2024-05-30T00:05:53.877+0000] {dag.py:3036} INFO - Sync 1 DAGs
[2024-05-30T00:05:53.895+0000] {logging_mixin.py:188} INFO - [2024-05-30T00:05:53.895+0000] {dag.py:3823} INFO - Setting next_dagrun for example_short_circuit_decorator to 2024-05-29 00:00:00+00:00, run_after=2024-05-30 00:00:00+00:00
[2024-05-30T00:05:53.914+0000] {processor.py:183} INFO - Processing /home/airflow/.local/lib/python3.8/site-packages/airflow/example_dags/example_short_circuit_decorator.py took 0.191 seconds
[2024-05-30T00:06:24.887+0000] {processor.py:161} INFO - Started process (PID=3432) to work on /home/airflow/.local/lib/python3.8/site-packages/airflow/example_dags/example_short_circuit_decorator.py
[2024-05-30T00:06:24.888+0000] {processor.py:830} INFO - Processing file /home/airflow/.local/lib/python3.8/site-packages/airflow/example_dags/example_short_circuit_decorator.py for tasks to queue
[2024-05-30T00:06:24.889+0000] {logging_mixin.py:188} INFO - [2024-05-30T00:06:24.889+0000] {dagbag.py:538} INFO - Filling up the DagBag from /home/airflow/.local/lib/python3.8/site-packages/airflow/example_dags/example_short_circuit_decorator.py
[2024-05-30T00:06:24.902+0000] {processor.py:840} INFO - DAG(s) 'example_short_circuit_decorator' retrieved from /home/airflow/.local/lib/python3.8/site-packages/airflow/example_dags/example_short_circuit_decorator.py
[2024-05-30T00:06:24.924+0000] {logging_mixin.py:188} INFO - [2024-05-30T00:06:24.924+0000] {dag.py:3036} INFO - Sync 1 DAGs
[2024-05-30T00:06:25.068+0000] {logging_mixin.py:188} INFO - [2024-05-30T00:06:25.067+0000] {dag.py:3823} INFO - Setting next_dagrun for example_short_circuit_decorator to 2024-05-29 00:00:00+00:00, run_after=2024-05-30 00:00:00+00:00
[2024-05-30T00:06:25.090+0000] {processor.py:183} INFO - Processing /home/airflow/.local/lib/python3.8/site-packages/airflow/example_dags/example_short_circuit_decorator.py took 0.206 seconds
[2024-05-30T00:06:55.697+0000] {processor.py:161} INFO - Started process (PID=3491) to work on /home/airflow/.local/lib/python3.8/site-packages/airflow/example_dags/example_short_circuit_decorator.py
[2024-05-30T00:06:55.698+0000] {processor.py:830} INFO - Processing file /home/airflow/.local/lib/python3.8/site-packages/airflow/example_dags/example_short_circuit_decorator.py for tasks to queue
[2024-05-30T00:06:55.700+0000] {logging_mixin.py:188} INFO - [2024-05-30T00:06:55.699+0000] {dagbag.py:538} INFO - Filling up the DagBag from /home/airflow/.local/lib/python3.8/site-packages/airflow/example_dags/example_short_circuit_decorator.py
[2024-05-30T00:06:55.709+0000] {processor.py:840} INFO - DAG(s) 'example_short_circuit_decorator' retrieved from /home/airflow/.local/lib/python3.8/site-packages/airflow/example_dags/example_short_circuit_decorator.py
[2024-05-30T00:06:55.734+0000] {logging_mixin.py:188} INFO - [2024-05-30T00:06:55.733+0000] {dag.py:3036} INFO - Sync 1 DAGs
[2024-05-30T00:06:55.753+0000] {logging_mixin.py:188} INFO - [2024-05-30T00:06:55.753+0000] {dag.py:3823} INFO - Setting next_dagrun for example_short_circuit_decorator to 2024-05-29 00:00:00+00:00, run_after=2024-05-30 00:00:00+00:00
[2024-05-30T00:06:55.774+0000] {processor.py:183} INFO - Processing /home/airflow/.local/lib/python3.8/site-packages/airflow/example_dags/example_short_circuit_decorator.py took 0.080 seconds
[2024-05-30T00:07:26.593+0000] {processor.py:161} INFO - Started process (PID=3550) to work on /home/airflow/.local/lib/python3.8/site-packages/airflow/example_dags/example_short_circuit_decorator.py
[2024-05-30T00:07:26.595+0000] {processor.py:830} INFO - Processing file /home/airflow/.local/lib/python3.8/site-packages/airflow/example_dags/example_short_circuit_decorator.py for tasks to queue
[2024-05-30T00:07:26.597+0000] {logging_mixin.py:188} INFO - [2024-05-30T00:07:26.596+0000] {dagbag.py:538} INFO - Filling up the DagBag from /home/airflow/.local/lib/python3.8/site-packages/airflow/example_dags/example_short_circuit_decorator.py
[2024-05-30T00:07:26.608+0000] {processor.py:840} INFO - DAG(s) 'example_short_circuit_decorator' retrieved from /home/airflow/.local/lib/python3.8/site-packages/airflow/example_dags/example_short_circuit_decorator.py
[2024-05-30T00:07:26.631+0000] {logging_mixin.py:188} INFO - [2024-05-30T00:07:26.630+0000] {dag.py:3036} INFO - Sync 1 DAGs
[2024-05-30T00:07:26.653+0000] {logging_mixin.py:188} INFO - [2024-05-30T00:07:26.653+0000] {dag.py:3823} INFO - Setting next_dagrun for example_short_circuit_decorator to 2024-05-29 00:00:00+00:00, run_after=2024-05-30 00:00:00+00:00
[2024-05-30T00:07:26.678+0000] {processor.py:183} INFO - Processing /home/airflow/.local/lib/python3.8/site-packages/airflow/example_dags/example_short_circuit_decorator.py took 0.090 seconds
[2024-05-30T00:07:57.015+0000] {processor.py:161} INFO - Started process (PID=3609) to work on /home/airflow/.local/lib/python3.8/site-packages/airflow/example_dags/example_short_circuit_decorator.py
[2024-05-30T00:07:57.016+0000] {processor.py:830} INFO - Processing file /home/airflow/.local/lib/python3.8/site-packages/airflow/example_dags/example_short_circuit_decorator.py for tasks to queue
[2024-05-30T00:07:57.018+0000] {logging_mixin.py:188} INFO - [2024-05-30T00:07:57.018+0000] {dagbag.py:538} INFO - Filling up the DagBag from /home/airflow/.local/lib/python3.8/site-packages/airflow/example_dags/example_short_circuit_decorator.py
[2024-05-30T00:07:57.038+0000] {processor.py:840} INFO - DAG(s) 'example_short_circuit_decorator' retrieved from /home/airflow/.local/lib/python3.8/site-packages/airflow/example_dags/example_short_circuit_decorator.py
[2024-05-30T00:07:57.077+0000] {logging_mixin.py:188} INFO - [2024-05-30T00:07:57.077+0000] {dag.py:3036} INFO - Sync 1 DAGs
[2024-05-30T00:07:57.103+0000] {logging_mixin.py:188} INFO - [2024-05-30T00:07:57.103+0000] {dag.py:3823} INFO - Setting next_dagrun for example_short_circuit_decorator to 2024-05-29 00:00:00+00:00, run_after=2024-05-30 00:00:00+00:00
[2024-05-30T00:07:57.126+0000] {processor.py:183} INFO - Processing /home/airflow/.local/lib/python3.8/site-packages/airflow/example_dags/example_short_circuit_decorator.py took 0.117 seconds
[2024-05-30T00:08:27.528+0000] {processor.py:161} INFO - Started process (PID=3667) to work on /home/airflow/.local/lib/python3.8/site-packages/airflow/example_dags/example_short_circuit_decorator.py
[2024-05-30T00:08:27.529+0000] {processor.py:830} INFO - Processing file /home/airflow/.local/lib/python3.8/site-packages/airflow/example_dags/example_short_circuit_decorator.py for tasks to queue
[2024-05-30T00:08:27.531+0000] {logging_mixin.py:188} INFO - [2024-05-30T00:08:27.530+0000] {dagbag.py:538} INFO - Filling up the DagBag from /home/airflow/.local/lib/python3.8/site-packages/airflow/example_dags/example_short_circuit_decorator.py
[2024-05-30T00:08:27.541+0000] {processor.py:840} INFO - DAG(s) 'example_short_circuit_decorator' retrieved from /home/airflow/.local/lib/python3.8/site-packages/airflow/example_dags/example_short_circuit_decorator.py
[2024-05-30T00:08:27.565+0000] {logging_mixin.py:188} INFO - [2024-05-30T00:08:27.564+0000] {dag.py:3036} INFO - Sync 1 DAGs
[2024-05-30T00:08:27.585+0000] {logging_mixin.py:188} INFO - [2024-05-30T00:08:27.585+0000] {dag.py:3823} INFO - Setting next_dagrun for example_short_circuit_decorator to 2024-05-29 00:00:00+00:00, run_after=2024-05-30 00:00:00+00:00
[2024-05-30T00:08:27.606+0000] {processor.py:183} INFO - Processing /home/airflow/.local/lib/python3.8/site-packages/airflow/example_dags/example_short_circuit_decorator.py took 0.081 seconds
[2024-05-30T00:08:58.366+0000] {processor.py:161} INFO - Started process (PID=3726) to work on /home/airflow/.local/lib/python3.8/site-packages/airflow/example_dags/example_short_circuit_decorator.py
[2024-05-30T00:08:58.367+0000] {processor.py:830} INFO - Processing file /home/airflow/.local/lib/python3.8/site-packages/airflow/example_dags/example_short_circuit_decorator.py for tasks to queue
[2024-05-30T00:08:58.368+0000] {logging_mixin.py:188} INFO - [2024-05-30T00:08:58.368+0000] {dagbag.py:538} INFO - Filling up the DagBag from /home/airflow/.local/lib/python3.8/site-packages/airflow/example_dags/example_short_circuit_decorator.py
[2024-05-30T00:08:58.379+0000] {processor.py:840} INFO - DAG(s) 'example_short_circuit_decorator' retrieved from /home/airflow/.local/lib/python3.8/site-packages/airflow/example_dags/example_short_circuit_decorator.py
[2024-05-30T00:08:58.407+0000] {logging_mixin.py:188} INFO - [2024-05-30T00:08:58.407+0000] {dag.py:3036} INFO - Sync 1 DAGs
[2024-05-30T00:08:58.431+0000] {logging_mixin.py:188} INFO - [2024-05-30T00:08:58.431+0000] {dag.py:3823} INFO - Setting next_dagrun for example_short_circuit_decorator to 2024-05-29 00:00:00+00:00, run_after=2024-05-30 00:00:00+00:00
[2024-05-30T00:08:58.462+0000] {processor.py:183} INFO - Processing /home/airflow/.local/lib/python3.8/site-packages/airflow/example_dags/example_short_circuit_decorator.py took 0.099 seconds
[2024-05-30T00:09:29.722+0000] {processor.py:161} INFO - Started process (PID=3786) to work on /home/airflow/.local/lib/python3.8/site-packages/airflow/example_dags/example_short_circuit_decorator.py
[2024-05-30T00:09:29.723+0000] {processor.py:830} INFO - Processing file /home/airflow/.local/lib/python3.8/site-packages/airflow/example_dags/example_short_circuit_decorator.py for tasks to queue
[2024-05-30T00:09:29.724+0000] {logging_mixin.py:188} INFO - [2024-05-30T00:09:29.724+0000] {dagbag.py:538} INFO - Filling up the DagBag from /home/airflow/.local/lib/python3.8/site-packages/airflow/example_dags/example_short_circuit_decorator.py
[2024-05-30T00:09:29.737+0000] {processor.py:840} INFO - DAG(s) 'example_short_circuit_decorator' retrieved from /home/airflow/.local/lib/python3.8/site-packages/airflow/example_dags/example_short_circuit_decorator.py
[2024-05-30T00:09:29.764+0000] {logging_mixin.py:188} INFO - [2024-05-30T00:09:29.763+0000] {dag.py:3036} INFO - Sync 1 DAGs
[2024-05-30T00:09:29.784+0000] {logging_mixin.py:188} INFO - [2024-05-30T00:09:29.784+0000] {dag.py:3823} INFO - Setting next_dagrun for example_short_circuit_decorator to 2024-05-29 00:00:00+00:00, run_after=2024-05-30 00:00:00+00:00
[2024-05-30T00:09:29.805+0000] {processor.py:183} INFO - Processing /home/airflow/.local/lib/python3.8/site-packages/airflow/example_dags/example_short_circuit_decorator.py took 0.087 seconds
[2024-05-30T00:10:00.568+0000] {processor.py:161} INFO - Started process (PID=3844) to work on /home/airflow/.local/lib/python3.8/site-packages/airflow/example_dags/example_short_circuit_decorator.py
[2024-05-30T00:10:00.569+0000] {processor.py:830} INFO - Processing file /home/airflow/.local/lib/python3.8/site-packages/airflow/example_dags/example_short_circuit_decorator.py for tasks to queue
[2024-05-30T00:10:00.571+0000] {logging_mixin.py:188} INFO - [2024-05-30T00:10:00.570+0000] {dagbag.py:538} INFO - Filling up the DagBag from /home/airflow/.local/lib/python3.8/site-packages/airflow/example_dags/example_short_circuit_decorator.py
[2024-05-30T00:10:00.582+0000] {processor.py:840} INFO - DAG(s) 'example_short_circuit_decorator' retrieved from /home/airflow/.local/lib/python3.8/site-packages/airflow/example_dags/example_short_circuit_decorator.py
[2024-05-30T00:10:00.609+0000] {logging_mixin.py:188} INFO - [2024-05-30T00:10:00.609+0000] {dag.py:3036} INFO - Sync 1 DAGs
[2024-05-30T00:10:00.634+0000] {logging_mixin.py:188} INFO - [2024-05-30T00:10:00.633+0000] {dag.py:3823} INFO - Setting next_dagrun for example_short_circuit_decorator to 2024-05-29 00:00:00+00:00, run_after=2024-05-30 00:00:00+00:00
[2024-05-30T00:10:00.658+0000] {processor.py:183} INFO - Processing /home/airflow/.local/lib/python3.8/site-packages/airflow/example_dags/example_short_circuit_decorator.py took 0.093 seconds
[2024-05-30T00:10:31.153+0000] {processor.py:161} INFO - Started process (PID=3903) to work on /home/airflow/.local/lib/python3.8/site-packages/airflow/example_dags/example_short_circuit_decorator.py
[2024-05-30T00:10:31.154+0000] {processor.py:830} INFO - Processing file /home/airflow/.local/lib/python3.8/site-packages/airflow/example_dags/example_short_circuit_decorator.py for tasks to queue
[2024-05-30T00:10:31.156+0000] {logging_mixin.py:188} INFO - [2024-05-30T00:10:31.155+0000] {dagbag.py:538} INFO - Filling up the DagBag from /home/airflow/.local/lib/python3.8/site-packages/airflow/example_dags/example_short_circuit_decorator.py
[2024-05-30T00:10:31.166+0000] {processor.py:840} INFO - DAG(s) 'example_short_circuit_decorator' retrieved from /home/airflow/.local/lib/python3.8/site-packages/airflow/example_dags/example_short_circuit_decorator.py
[2024-05-30T00:10:31.187+0000] {logging_mixin.py:188} INFO - [2024-05-30T00:10:31.187+0000] {dag.py:3036} INFO - Sync 1 DAGs
[2024-05-30T00:10:31.207+0000] {logging_mixin.py:188} INFO - [2024-05-30T00:10:31.207+0000] {dag.py:3823} INFO - Setting next_dagrun for example_short_circuit_decorator to 2024-05-29 00:00:00+00:00, run_after=2024-05-30 00:00:00+00:00
[2024-05-30T00:10:31.230+0000] {processor.py:183} INFO - Processing /home/airflow/.local/lib/python3.8/site-packages/airflow/example_dags/example_short_circuit_decorator.py took 0.083 seconds
[2024-05-30T00:11:02.045+0000] {processor.py:161} INFO - Started process (PID=3962) to work on /home/airflow/.local/lib/python3.8/site-packages/airflow/example_dags/example_short_circuit_decorator.py
[2024-05-30T00:11:02.046+0000] {processor.py:830} INFO - Processing file /home/airflow/.local/lib/python3.8/site-packages/airflow/example_dags/example_short_circuit_decorator.py for tasks to queue
[2024-05-30T00:11:02.047+0000] {logging_mixin.py:188} INFO - [2024-05-30T00:11:02.047+0000] {dagbag.py:538} INFO - Filling up the DagBag from /home/airflow/.local/lib/python3.8/site-packages/airflow/example_dags/example_short_circuit_decorator.py
[2024-05-30T00:11:02.056+0000] {processor.py:840} INFO - DAG(s) 'example_short_circuit_decorator' retrieved from /home/airflow/.local/lib/python3.8/site-packages/airflow/example_dags/example_short_circuit_decorator.py
[2024-05-30T00:11:02.079+0000] {logging_mixin.py:188} INFO - [2024-05-30T00:11:02.079+0000] {dag.py:3036} INFO - Sync 1 DAGs
[2024-05-30T00:11:02.101+0000] {logging_mixin.py:188} INFO - [2024-05-30T00:11:02.101+0000] {dag.py:3823} INFO - Setting next_dagrun for example_short_circuit_decorator to 2024-05-29 00:00:00+00:00, run_after=2024-05-30 00:00:00+00:00
[2024-05-30T00:11:02.123+0000] {processor.py:183} INFO - Processing /home/airflow/.local/lib/python3.8/site-packages/airflow/example_dags/example_short_circuit_decorator.py took 0.081 seconds
[2024-05-30T00:11:32.211+0000] {processor.py:161} INFO - Started process (PID=4020) to work on /home/airflow/.local/lib/python3.8/site-packages/airflow/example_dags/example_short_circuit_decorator.py
[2024-05-30T00:11:32.211+0000] {processor.py:830} INFO - Processing file /home/airflow/.local/lib/python3.8/site-packages/airflow/example_dags/example_short_circuit_decorator.py for tasks to queue
[2024-05-30T00:11:32.213+0000] {logging_mixin.py:188} INFO - [2024-05-30T00:11:32.212+0000] {dagbag.py:538} INFO - Filling up the DagBag from /home/airflow/.local/lib/python3.8/site-packages/airflow/example_dags/example_short_circuit_decorator.py
[2024-05-30T00:11:32.223+0000] {processor.py:840} INFO - DAG(s) 'example_short_circuit_decorator' retrieved from /home/airflow/.local/lib/python3.8/site-packages/airflow/example_dags/example_short_circuit_decorator.py
[2024-05-30T00:11:32.247+0000] {logging_mixin.py:188} INFO - [2024-05-30T00:11:32.247+0000] {dag.py:3036} INFO - Sync 1 DAGs
[2024-05-30T00:11:32.267+0000] {logging_mixin.py:188} INFO - [2024-05-30T00:11:32.267+0000] {dag.py:3823} INFO - Setting next_dagrun for example_short_circuit_decorator to 2024-05-29 00:00:00+00:00, run_after=2024-05-30 00:00:00+00:00
[2024-05-30T00:11:32.289+0000] {processor.py:183} INFO - Processing /home/airflow/.local/lib/python3.8/site-packages/airflow/example_dags/example_short_circuit_decorator.py took 0.082 seconds
[2024-05-30T00:12:03.170+0000] {processor.py:161} INFO - Started process (PID=4080) to work on /home/airflow/.local/lib/python3.8/site-packages/airflow/example_dags/example_short_circuit_decorator.py
[2024-05-30T00:12:03.171+0000] {processor.py:830} INFO - Processing file /home/airflow/.local/lib/python3.8/site-packages/airflow/example_dags/example_short_circuit_decorator.py for tasks to queue
[2024-05-30T00:12:03.172+0000] {logging_mixin.py:188} INFO - [2024-05-30T00:12:03.172+0000] {dagbag.py:538} INFO - Filling up the DagBag from /home/airflow/.local/lib/python3.8/site-packages/airflow/example_dags/example_short_circuit_decorator.py
[2024-05-30T00:12:03.181+0000] {processor.py:840} INFO - DAG(s) 'example_short_circuit_decorator' retrieved from /home/airflow/.local/lib/python3.8/site-packages/airflow/example_dags/example_short_circuit_decorator.py
[2024-05-30T00:12:03.203+0000] {logging_mixin.py:188} INFO - [2024-05-30T00:12:03.203+0000] {dag.py:3036} INFO - Sync 1 DAGs
[2024-05-30T00:12:03.225+0000] {logging_mixin.py:188} INFO - [2024-05-30T00:12:03.224+0000] {dag.py:3823} INFO - Setting next_dagrun for example_short_circuit_decorator to 2024-05-29 00:00:00+00:00, run_after=2024-05-30 00:00:00+00:00
[2024-05-30T00:12:03.247+0000] {processor.py:183} INFO - Processing /home/airflow/.local/lib/python3.8/site-packages/airflow/example_dags/example_short_circuit_decorator.py took 0.081 seconds
[2024-05-30T00:12:33.950+0000] {processor.py:161} INFO - Started process (PID=4139) to work on /home/airflow/.local/lib/python3.8/site-packages/airflow/example_dags/example_short_circuit_decorator.py
[2024-05-30T00:12:33.951+0000] {processor.py:830} INFO - Processing file /home/airflow/.local/lib/python3.8/site-packages/airflow/example_dags/example_short_circuit_decorator.py for tasks to queue
[2024-05-30T00:12:33.954+0000] {logging_mixin.py:188} INFO - [2024-05-30T00:12:33.953+0000] {dagbag.py:538} INFO - Filling up the DagBag from /home/airflow/.local/lib/python3.8/site-packages/airflow/example_dags/example_short_circuit_decorator.py
[2024-05-30T00:12:33.969+0000] {processor.py:840} INFO - DAG(s) 'example_short_circuit_decorator' retrieved from /home/airflow/.local/lib/python3.8/site-packages/airflow/example_dags/example_short_circuit_decorator.py
[2024-05-30T00:12:33.998+0000] {logging_mixin.py:188} INFO - [2024-05-30T00:12:33.997+0000] {dag.py:3036} INFO - Sync 1 DAGs
[2024-05-30T00:12:34.020+0000] {logging_mixin.py:188} INFO - [2024-05-30T00:12:34.020+0000] {dag.py:3823} INFO - Setting next_dagrun for example_short_circuit_decorator to 2024-05-29 00:00:00+00:00, run_after=2024-05-30 00:00:00+00:00
[2024-05-30T00:12:34.043+0000] {processor.py:183} INFO - Processing /home/airflow/.local/lib/python3.8/site-packages/airflow/example_dags/example_short_circuit_decorator.py took 0.100 seconds
[2024-05-30T00:13:04.742+0000] {processor.py:161} INFO - Started process (PID=4198) to work on /home/airflow/.local/lib/python3.8/site-packages/airflow/example_dags/example_short_circuit_decorator.py
[2024-05-30T00:13:04.743+0000] {processor.py:830} INFO - Processing file /home/airflow/.local/lib/python3.8/site-packages/airflow/example_dags/example_short_circuit_decorator.py for tasks to queue
[2024-05-30T00:13:04.745+0000] {logging_mixin.py:188} INFO - [2024-05-30T00:13:04.745+0000] {dagbag.py:538} INFO - Filling up the DagBag from /home/airflow/.local/lib/python3.8/site-packages/airflow/example_dags/example_short_circuit_decorator.py
[2024-05-30T00:13:04.759+0000] {processor.py:840} INFO - DAG(s) 'example_short_circuit_decorator' retrieved from /home/airflow/.local/lib/python3.8/site-packages/airflow/example_dags/example_short_circuit_decorator.py
[2024-05-30T00:13:04.783+0000] {logging_mixin.py:188} INFO - [2024-05-30T00:13:04.782+0000] {dag.py:3036} INFO - Sync 1 DAGs
[2024-05-30T00:13:04.804+0000] {logging_mixin.py:188} INFO - [2024-05-30T00:13:04.803+0000] {dag.py:3823} INFO - Setting next_dagrun for example_short_circuit_decorator to 2024-05-29 00:00:00+00:00, run_after=2024-05-30 00:00:00+00:00
[2024-05-30T00:13:04.827+0000] {processor.py:183} INFO - Processing /home/airflow/.local/lib/python3.8/site-packages/airflow/example_dags/example_short_circuit_decorator.py took 0.089 seconds
[2024-05-30T00:13:35.407+0000] {processor.py:161} INFO - Started process (PID=4257) to work on /home/airflow/.local/lib/python3.8/site-packages/airflow/example_dags/example_short_circuit_decorator.py
[2024-05-30T00:13:35.408+0000] {processor.py:830} INFO - Processing file /home/airflow/.local/lib/python3.8/site-packages/airflow/example_dags/example_short_circuit_decorator.py for tasks to queue
[2024-05-30T00:13:35.410+0000] {logging_mixin.py:188} INFO - [2024-05-30T00:13:35.409+0000] {dagbag.py:538} INFO - Filling up the DagBag from /home/airflow/.local/lib/python3.8/site-packages/airflow/example_dags/example_short_circuit_decorator.py
[2024-05-30T00:13:35.424+0000] {processor.py:840} INFO - DAG(s) 'example_short_circuit_decorator' retrieved from /home/airflow/.local/lib/python3.8/site-packages/airflow/example_dags/example_short_circuit_decorator.py
[2024-05-30T00:13:35.455+0000] {logging_mixin.py:188} INFO - [2024-05-30T00:13:35.455+0000] {dag.py:3036} INFO - Sync 1 DAGs
[2024-05-30T00:13:35.478+0000] {logging_mixin.py:188} INFO - [2024-05-30T00:13:35.478+0000] {dag.py:3823} INFO - Setting next_dagrun for example_short_circuit_decorator to 2024-05-29 00:00:00+00:00, run_after=2024-05-30 00:00:00+00:00
[2024-05-30T00:13:35.499+0000] {processor.py:183} INFO - Processing /home/airflow/.local/lib/python3.8/site-packages/airflow/example_dags/example_short_circuit_decorator.py took 0.097 seconds
[2024-05-30T00:14:06.155+0000] {processor.py:161} INFO - Started process (PID=4316) to work on /home/airflow/.local/lib/python3.8/site-packages/airflow/example_dags/example_short_circuit_decorator.py
[2024-05-30T00:14:06.156+0000] {processor.py:830} INFO - Processing file /home/airflow/.local/lib/python3.8/site-packages/airflow/example_dags/example_short_circuit_decorator.py for tasks to queue
[2024-05-30T00:14:06.157+0000] {logging_mixin.py:188} INFO - [2024-05-30T00:14:06.157+0000] {dagbag.py:538} INFO - Filling up the DagBag from /home/airflow/.local/lib/python3.8/site-packages/airflow/example_dags/example_short_circuit_decorator.py
[2024-05-30T00:14:06.167+0000] {processor.py:840} INFO - DAG(s) 'example_short_circuit_decorator' retrieved from /home/airflow/.local/lib/python3.8/site-packages/airflow/example_dags/example_short_circuit_decorator.py
[2024-05-30T00:14:06.189+0000] {logging_mixin.py:188} INFO - [2024-05-30T00:14:06.189+0000] {dag.py:3036} INFO - Sync 1 DAGs
[2024-05-30T00:14:06.210+0000] {logging_mixin.py:188} INFO - [2024-05-30T00:14:06.210+0000] {dag.py:3823} INFO - Setting next_dagrun for example_short_circuit_decorator to 2024-05-29 00:00:00+00:00, run_after=2024-05-30 00:00:00+00:00
[2024-05-30T00:14:06.232+0000] {processor.py:183} INFO - Processing /home/airflow/.local/lib/python3.8/site-packages/airflow/example_dags/example_short_circuit_decorator.py took 0.080 seconds
