[2024-05-30T00:00:14.942+0000] {processor.py:161} INFO - Started process (PID=2742) to work on /home/airflow/.local/lib/python3.8/site-packages/airflow/example_dags/example_setup_teardown.py
[2024-05-30T00:00:14.944+0000] {processor.py:830} INFO - Processing file /home/airflow/.local/lib/python3.8/site-packages/airflow/example_dags/example_setup_teardown.py for tasks to queue
[2024-05-30T00:00:14.946+0000] {logging_mixin.py:188} INFO - [2024-05-30T00:00:14.945+0000] {dagbag.py:538} INFO - Filling up the DagBag from /home/airflow/.local/lib/python3.8/site-packages/airflow/example_dags/example_setup_teardown.py
[2024-05-30T00:00:14.957+0000] {processor.py:840} INFO - DAG(s) 'example_setup_teardown' retrieved from /home/airflow/.local/lib/python3.8/site-packages/airflow/example_dags/example_setup_teardown.py
[2024-05-30T00:00:14.988+0000] {logging_mixin.py:188} INFO - [2024-05-30T00:00:14.987+0000] {dag.py:3036} INFO - Sync 1 DAGs
[2024-05-30T00:00:15.011+0000] {logging_mixin.py:188} INFO - [2024-05-30T00:00:15.011+0000] {dag.py:3823} INFO - Setting next_dagrun for example_setup_teardown to 2024-05-29 00:00:00+00:00, run_after=2024-05-30 00:00:00+00:00
[2024-05-30T00:00:15.038+0000] {processor.py:183} INFO - Processing /home/airflow/.local/lib/python3.8/site-packages/airflow/example_dags/example_setup_teardown.py took 0.102 seconds
[2024-05-30T00:00:46.573+0000] {processor.py:161} INFO - Started process (PID=2801) to work on /home/airflow/.local/lib/python3.8/site-packages/airflow/example_dags/example_setup_teardown.py
[2024-05-30T00:00:46.575+0000] {processor.py:830} INFO - Processing file /home/airflow/.local/lib/python3.8/site-packages/airflow/example_dags/example_setup_teardown.py for tasks to queue
[2024-05-30T00:00:46.576+0000] {logging_mixin.py:188} INFO - [2024-05-30T00:00:46.576+0000] {dagbag.py:538} INFO - Filling up the DagBag from /home/airflow/.local/lib/python3.8/site-packages/airflow/example_dags/example_setup_teardown.py
[2024-05-30T00:00:46.590+0000] {processor.py:840} INFO - DAG(s) 'example_setup_teardown' retrieved from /home/airflow/.local/lib/python3.8/site-packages/airflow/example_dags/example_setup_teardown.py
[2024-05-30T00:00:46.621+0000] {logging_mixin.py:188} INFO - [2024-05-30T00:00:46.621+0000] {dag.py:3036} INFO - Sync 1 DAGs
[2024-05-30T00:00:46.658+0000] {logging_mixin.py:188} INFO - [2024-05-30T00:00:46.657+0000] {dag.py:3823} INFO - Setting next_dagrun for example_setup_teardown to 2024-05-29 00:00:00+00:00, run_after=2024-05-30 00:00:00+00:00
[2024-05-30T00:00:46.705+0000] {processor.py:183} INFO - Processing /home/airflow/.local/lib/python3.8/site-packages/airflow/example_dags/example_setup_teardown.py took 0.139 seconds
[2024-05-30T00:01:17.130+0000] {processor.py:161} INFO - Started process (PID=2860) to work on /home/airflow/.local/lib/python3.8/site-packages/airflow/example_dags/example_setup_teardown.py
[2024-05-30T00:01:17.131+0000] {processor.py:830} INFO - Processing file /home/airflow/.local/lib/python3.8/site-packages/airflow/example_dags/example_setup_teardown.py for tasks to queue
[2024-05-30T00:01:17.133+0000] {logging_mixin.py:188} INFO - [2024-05-30T00:01:17.132+0000] {dagbag.py:538} INFO - Filling up the DagBag from /home/airflow/.local/lib/python3.8/site-packages/airflow/example_dags/example_setup_teardown.py
[2024-05-30T00:01:17.144+0000] {processor.py:840} INFO - DAG(s) 'example_setup_teardown' retrieved from /home/airflow/.local/lib/python3.8/site-packages/airflow/example_dags/example_setup_teardown.py
[2024-05-30T00:01:17.174+0000] {logging_mixin.py:188} INFO - [2024-05-30T00:01:17.174+0000] {dag.py:3036} INFO - Sync 1 DAGs
[2024-05-30T00:01:17.205+0000] {logging_mixin.py:188} INFO - [2024-05-30T00:01:17.205+0000] {dag.py:3823} INFO - Setting next_dagrun for example_setup_teardown to 2024-05-29 00:00:00+00:00, run_after=2024-05-30 00:00:00+00:00
[2024-05-30T00:01:17.238+0000] {processor.py:183} INFO - Processing /home/airflow/.local/lib/python3.8/site-packages/airflow/example_dags/example_setup_teardown.py took 0.112 seconds
[2024-05-30T00:01:47.767+0000] {processor.py:161} INFO - Started process (PID=2919) to work on /home/airflow/.local/lib/python3.8/site-packages/airflow/example_dags/example_setup_teardown.py
[2024-05-30T00:01:47.769+0000] {processor.py:830} INFO - Processing file /home/airflow/.local/lib/python3.8/site-packages/airflow/example_dags/example_setup_teardown.py for tasks to queue
[2024-05-30T00:01:47.771+0000] {logging_mixin.py:188} INFO - [2024-05-30T00:01:47.770+0000] {dagbag.py:538} INFO - Filling up the DagBag from /home/airflow/.local/lib/python3.8/site-packages/airflow/example_dags/example_setup_teardown.py
[2024-05-30T00:01:47.780+0000] {processor.py:840} INFO - DAG(s) 'example_setup_teardown' retrieved from /home/airflow/.local/lib/python3.8/site-packages/airflow/example_dags/example_setup_teardown.py
[2024-05-30T00:01:47.801+0000] {logging_mixin.py:188} INFO - [2024-05-30T00:01:47.801+0000] {dag.py:3036} INFO - Sync 1 DAGs
[2024-05-30T00:01:47.824+0000] {logging_mixin.py:188} INFO - [2024-05-30T00:01:47.823+0000] {dag.py:3823} INFO - Setting next_dagrun for example_setup_teardown to 2024-05-29 00:00:00+00:00, run_after=2024-05-30 00:00:00+00:00
[2024-05-30T00:01:47.844+0000] {processor.py:183} INFO - Processing /home/airflow/.local/lib/python3.8/site-packages/airflow/example_dags/example_setup_teardown.py took 0.083 seconds
[2024-05-30T00:02:18.581+0000] {processor.py:161} INFO - Started process (PID=2978) to work on /home/airflow/.local/lib/python3.8/site-packages/airflow/example_dags/example_setup_teardown.py
[2024-05-30T00:02:18.582+0000] {processor.py:830} INFO - Processing file /home/airflow/.local/lib/python3.8/site-packages/airflow/example_dags/example_setup_teardown.py for tasks to queue
[2024-05-30T00:02:18.583+0000] {logging_mixin.py:188} INFO - [2024-05-30T00:02:18.583+0000] {dagbag.py:538} INFO - Filling up the DagBag from /home/airflow/.local/lib/python3.8/site-packages/airflow/example_dags/example_setup_teardown.py
[2024-05-30T00:02:18.591+0000] {processor.py:840} INFO - DAG(s) 'example_setup_teardown' retrieved from /home/airflow/.local/lib/python3.8/site-packages/airflow/example_dags/example_setup_teardown.py
[2024-05-30T00:02:18.615+0000] {logging_mixin.py:188} INFO - [2024-05-30T00:02:18.614+0000] {dag.py:3036} INFO - Sync 1 DAGs
[2024-05-30T00:02:18.645+0000] {logging_mixin.py:188} INFO - [2024-05-30T00:02:18.644+0000] {dag.py:3823} INFO - Setting next_dagrun for example_setup_teardown to 2024-05-29 00:00:00+00:00, run_after=2024-05-30 00:00:00+00:00
[2024-05-30T00:02:18.687+0000] {processor.py:183} INFO - Processing /home/airflow/.local/lib/python3.8/site-packages/airflow/example_dags/example_setup_teardown.py took 0.110 seconds
[2024-05-30T00:02:51.558+0000] {processor.py:161} INFO - Started process (PID=3037) to work on /home/airflow/.local/lib/python3.8/site-packages/airflow/example_dags/example_setup_teardown.py
[2024-05-30T00:02:51.559+0000] {processor.py:830} INFO - Processing file /home/airflow/.local/lib/python3.8/site-packages/airflow/example_dags/example_setup_teardown.py for tasks to queue
[2024-05-30T00:02:51.561+0000] {logging_mixin.py:188} INFO - [2024-05-30T00:02:51.560+0000] {dagbag.py:538} INFO - Filling up the DagBag from /home/airflow/.local/lib/python3.8/site-packages/airflow/example_dags/example_setup_teardown.py
[2024-05-30T00:02:51.575+0000] {processor.py:840} INFO - DAG(s) 'example_setup_teardown' retrieved from /home/airflow/.local/lib/python3.8/site-packages/airflow/example_dags/example_setup_teardown.py
[2024-05-30T00:02:51.618+0000] {logging_mixin.py:188} INFO - [2024-05-30T00:02:51.617+0000] {dag.py:3036} INFO - Sync 1 DAGs
[2024-05-30T00:02:51.658+0000] {logging_mixin.py:188} INFO - [2024-05-30T00:02:51.658+0000] {dag.py:3823} INFO - Setting next_dagrun for example_setup_teardown to 2024-05-29 00:00:00+00:00, run_after=2024-05-30 00:00:00+00:00
[2024-05-30T00:02:51.855+0000] {processor.py:183} INFO - Processing /home/airflow/.local/lib/python3.8/site-packages/airflow/example_dags/example_setup_teardown.py took 0.302 seconds
[2024-05-30T00:03:22.893+0000] {processor.py:161} INFO - Started process (PID=3096) to work on /home/airflow/.local/lib/python3.8/site-packages/airflow/example_dags/example_setup_teardown.py
[2024-05-30T00:03:22.894+0000] {processor.py:830} INFO - Processing file /home/airflow/.local/lib/python3.8/site-packages/airflow/example_dags/example_setup_teardown.py for tasks to queue
[2024-05-30T00:03:22.896+0000] {logging_mixin.py:188} INFO - [2024-05-30T00:03:22.895+0000] {dagbag.py:538} INFO - Filling up the DagBag from /home/airflow/.local/lib/python3.8/site-packages/airflow/example_dags/example_setup_teardown.py
[2024-05-30T00:03:22.904+0000] {processor.py:840} INFO - DAG(s) 'example_setup_teardown' retrieved from /home/airflow/.local/lib/python3.8/site-packages/airflow/example_dags/example_setup_teardown.py
[2024-05-30T00:03:22.924+0000] {logging_mixin.py:188} INFO - [2024-05-30T00:03:22.924+0000] {dag.py:3036} INFO - Sync 1 DAGs
[2024-05-30T00:03:22.944+0000] {logging_mixin.py:188} INFO - [2024-05-30T00:03:22.944+0000] {dag.py:3823} INFO - Setting next_dagrun for example_setup_teardown to 2024-05-29 00:00:00+00:00, run_after=2024-05-30 00:00:00+00:00
[2024-05-30T00:03:22.965+0000] {processor.py:183} INFO - Processing /home/airflow/.local/lib/python3.8/site-packages/airflow/example_dags/example_setup_teardown.py took 0.078 seconds
[2024-05-30T00:03:53.643+0000] {processor.py:161} INFO - Started process (PID=3155) to work on /home/airflow/.local/lib/python3.8/site-packages/airflow/example_dags/example_setup_teardown.py
[2024-05-30T00:03:53.644+0000] {processor.py:830} INFO - Processing file /home/airflow/.local/lib/python3.8/site-packages/airflow/example_dags/example_setup_teardown.py for tasks to queue
[2024-05-30T00:03:53.645+0000] {logging_mixin.py:188} INFO - [2024-05-30T00:03:53.645+0000] {dagbag.py:538} INFO - Filling up the DagBag from /home/airflow/.local/lib/python3.8/site-packages/airflow/example_dags/example_setup_teardown.py
[2024-05-30T00:03:53.653+0000] {processor.py:840} INFO - DAG(s) 'example_setup_teardown' retrieved from /home/airflow/.local/lib/python3.8/site-packages/airflow/example_dags/example_setup_teardown.py
[2024-05-30T00:03:53.672+0000] {logging_mixin.py:188} INFO - [2024-05-30T00:03:53.671+0000] {dag.py:3036} INFO - Sync 1 DAGs
[2024-05-30T00:03:53.692+0000] {logging_mixin.py:188} INFO - [2024-05-30T00:03:53.692+0000] {dag.py:3823} INFO - Setting next_dagrun for example_setup_teardown to 2024-05-29 00:00:00+00:00, run_after=2024-05-30 00:00:00+00:00
[2024-05-30T00:03:53.712+0000] {processor.py:183} INFO - Processing /home/airflow/.local/lib/python3.8/site-packages/airflow/example_dags/example_setup_teardown.py took 0.073 seconds
[2024-05-30T00:04:24.003+0000] {processor.py:161} INFO - Started process (PID=3214) to work on /home/airflow/.local/lib/python3.8/site-packages/airflow/example_dags/example_setup_teardown.py
[2024-05-30T00:04:24.004+0000] {processor.py:830} INFO - Processing file /home/airflow/.local/lib/python3.8/site-packages/airflow/example_dags/example_setup_teardown.py for tasks to queue
[2024-05-30T00:04:24.006+0000] {logging_mixin.py:188} INFO - [2024-05-30T00:04:24.006+0000] {dagbag.py:538} INFO - Filling up the DagBag from /home/airflow/.local/lib/python3.8/site-packages/airflow/example_dags/example_setup_teardown.py
[2024-05-30T00:04:24.016+0000] {processor.py:840} INFO - DAG(s) 'example_setup_teardown' retrieved from /home/airflow/.local/lib/python3.8/site-packages/airflow/example_dags/example_setup_teardown.py
[2024-05-30T00:04:24.036+0000] {logging_mixin.py:188} INFO - [2024-05-30T00:04:24.036+0000] {dag.py:3036} INFO - Sync 1 DAGs
[2024-05-30T00:04:24.056+0000] {logging_mixin.py:188} INFO - [2024-05-30T00:04:24.056+0000] {dag.py:3823} INFO - Setting next_dagrun for example_setup_teardown to 2024-05-29 00:00:00+00:00, run_after=2024-05-30 00:00:00+00:00
[2024-05-30T00:04:24.075+0000] {processor.py:183} INFO - Processing /home/airflow/.local/lib/python3.8/site-packages/airflow/example_dags/example_setup_teardown.py took 0.077 seconds
[2024-05-30T00:04:54.864+0000] {processor.py:161} INFO - Started process (PID=3273) to work on /home/airflow/.local/lib/python3.8/site-packages/airflow/example_dags/example_setup_teardown.py
[2024-05-30T00:04:54.865+0000] {processor.py:830} INFO - Processing file /home/airflow/.local/lib/python3.8/site-packages/airflow/example_dags/example_setup_teardown.py for tasks to queue
[2024-05-30T00:04:54.867+0000] {logging_mixin.py:188} INFO - [2024-05-30T00:04:54.866+0000] {dagbag.py:538} INFO - Filling up the DagBag from /home/airflow/.local/lib/python3.8/site-packages/airflow/example_dags/example_setup_teardown.py
[2024-05-30T00:04:54.874+0000] {processor.py:840} INFO - DAG(s) 'example_setup_teardown' retrieved from /home/airflow/.local/lib/python3.8/site-packages/airflow/example_dags/example_setup_teardown.py
[2024-05-30T00:04:54.894+0000] {logging_mixin.py:188} INFO - [2024-05-30T00:04:54.894+0000] {dag.py:3036} INFO - Sync 1 DAGs
[2024-05-30T00:04:54.916+0000] {logging_mixin.py:188} INFO - [2024-05-30T00:04:54.916+0000] {dag.py:3823} INFO - Setting next_dagrun for example_setup_teardown to 2024-05-29 00:00:00+00:00, run_after=2024-05-30 00:00:00+00:00
[2024-05-30T00:04:55.050+0000] {processor.py:183} INFO - Processing /home/airflow/.local/lib/python3.8/site-packages/airflow/example_dags/example_setup_teardown.py took 0.191 seconds
[2024-05-30T00:05:25.193+0000] {processor.py:161} INFO - Started process (PID=3332) to work on /home/airflow/.local/lib/python3.8/site-packages/airflow/example_dags/example_setup_teardown.py
[2024-05-30T00:05:25.194+0000] {processor.py:830} INFO - Processing file /home/airflow/.local/lib/python3.8/site-packages/airflow/example_dags/example_setup_teardown.py for tasks to queue
[2024-05-30T00:05:25.196+0000] {logging_mixin.py:188} INFO - [2024-05-30T00:05:25.196+0000] {dagbag.py:538} INFO - Filling up the DagBag from /home/airflow/.local/lib/python3.8/site-packages/airflow/example_dags/example_setup_teardown.py
[2024-05-30T00:05:25.205+0000] {processor.py:840} INFO - DAG(s) 'example_setup_teardown' retrieved from /home/airflow/.local/lib/python3.8/site-packages/airflow/example_dags/example_setup_teardown.py
[2024-05-30T00:05:25.229+0000] {logging_mixin.py:188} INFO - [2024-05-30T00:05:25.228+0000] {dag.py:3036} INFO - Sync 1 DAGs
[2024-05-30T00:05:25.251+0000] {logging_mixin.py:188} INFO - [2024-05-30T00:05:25.251+0000] {dag.py:3823} INFO - Setting next_dagrun for example_setup_teardown to 2024-05-29 00:00:00+00:00, run_after=2024-05-30 00:00:00+00:00
[2024-05-30T00:05:25.272+0000] {processor.py:183} INFO - Processing /home/airflow/.local/lib/python3.8/site-packages/airflow/example_dags/example_setup_teardown.py took 0.084 seconds
[2024-05-30T00:05:56.128+0000] {processor.py:161} INFO - Started process (PID=3391) to work on /home/airflow/.local/lib/python3.8/site-packages/airflow/example_dags/example_setup_teardown.py
[2024-05-30T00:05:56.129+0000] {processor.py:830} INFO - Processing file /home/airflow/.local/lib/python3.8/site-packages/airflow/example_dags/example_setup_teardown.py for tasks to queue
[2024-05-30T00:05:56.132+0000] {logging_mixin.py:188} INFO - [2024-05-30T00:05:56.131+0000] {dagbag.py:538} INFO - Filling up the DagBag from /home/airflow/.local/lib/python3.8/site-packages/airflow/example_dags/example_setup_teardown.py
[2024-05-30T00:05:56.145+0000] {processor.py:840} INFO - DAG(s) 'example_setup_teardown' retrieved from /home/airflow/.local/lib/python3.8/site-packages/airflow/example_dags/example_setup_teardown.py
[2024-05-30T00:05:56.181+0000] {logging_mixin.py:188} INFO - [2024-05-30T00:05:56.181+0000] {dag.py:3036} INFO - Sync 1 DAGs
[2024-05-30T00:05:56.201+0000] {logging_mixin.py:188} INFO - [2024-05-30T00:05:56.201+0000] {dag.py:3823} INFO - Setting next_dagrun for example_setup_teardown to 2024-05-29 00:00:00+00:00, run_after=2024-05-30 00:00:00+00:00
[2024-05-30T00:05:56.220+0000] {processor.py:183} INFO - Processing /home/airflow/.local/lib/python3.8/site-packages/airflow/example_dags/example_setup_teardown.py took 0.098 seconds
[2024-05-30T00:06:27.549+0000] {processor.py:161} INFO - Started process (PID=3450) to work on /home/airflow/.local/lib/python3.8/site-packages/airflow/example_dags/example_setup_teardown.py
[2024-05-30T00:06:27.550+0000] {processor.py:830} INFO - Processing file /home/airflow/.local/lib/python3.8/site-packages/airflow/example_dags/example_setup_teardown.py for tasks to queue
[2024-05-30T00:06:27.552+0000] {logging_mixin.py:188} INFO - [2024-05-30T00:06:27.551+0000] {dagbag.py:538} INFO - Filling up the DagBag from /home/airflow/.local/lib/python3.8/site-packages/airflow/example_dags/example_setup_teardown.py
[2024-05-30T00:06:27.560+0000] {processor.py:840} INFO - DAG(s) 'example_setup_teardown' retrieved from /home/airflow/.local/lib/python3.8/site-packages/airflow/example_dags/example_setup_teardown.py
[2024-05-30T00:06:27.754+0000] {logging_mixin.py:188} INFO - [2024-05-30T00:06:27.754+0000] {dag.py:3036} INFO - Sync 1 DAGs
[2024-05-30T00:06:27.783+0000] {logging_mixin.py:188} INFO - [2024-05-30T00:06:27.782+0000] {dag.py:3823} INFO - Setting next_dagrun for example_setup_teardown to 2024-05-29 00:00:00+00:00, run_after=2024-05-30 00:00:00+00:00
[2024-05-30T00:06:27.809+0000] {processor.py:183} INFO - Processing /home/airflow/.local/lib/python3.8/site-packages/airflow/example_dags/example_setup_teardown.py took 0.263 seconds
[2024-05-30T00:06:57.885+0000] {processor.py:161} INFO - Started process (PID=3509) to work on /home/airflow/.local/lib/python3.8/site-packages/airflow/example_dags/example_setup_teardown.py
[2024-05-30T00:06:57.886+0000] {processor.py:830} INFO - Processing file /home/airflow/.local/lib/python3.8/site-packages/airflow/example_dags/example_setup_teardown.py for tasks to queue
[2024-05-30T00:06:57.888+0000] {logging_mixin.py:188} INFO - [2024-05-30T00:06:57.887+0000] {dagbag.py:538} INFO - Filling up the DagBag from /home/airflow/.local/lib/python3.8/site-packages/airflow/example_dags/example_setup_teardown.py
[2024-05-30T00:06:57.895+0000] {processor.py:840} INFO - DAG(s) 'example_setup_teardown' retrieved from /home/airflow/.local/lib/python3.8/site-packages/airflow/example_dags/example_setup_teardown.py
[2024-05-30T00:06:57.916+0000] {logging_mixin.py:188} INFO - [2024-05-30T00:06:57.916+0000] {dag.py:3036} INFO - Sync 1 DAGs
[2024-05-30T00:06:57.936+0000] {logging_mixin.py:188} INFO - [2024-05-30T00:06:57.936+0000] {dag.py:3823} INFO - Setting next_dagrun for example_setup_teardown to 2024-05-29 00:00:00+00:00, run_after=2024-05-30 00:00:00+00:00
[2024-05-30T00:06:57.957+0000] {processor.py:183} INFO - Processing /home/airflow/.local/lib/python3.8/site-packages/airflow/example_dags/example_setup_teardown.py took 0.074 seconds
[2024-05-30T00:07:28.885+0000] {processor.py:161} INFO - Started process (PID=3568) to work on /home/airflow/.local/lib/python3.8/site-packages/airflow/example_dags/example_setup_teardown.py
[2024-05-30T00:07:28.886+0000] {processor.py:830} INFO - Processing file /home/airflow/.local/lib/python3.8/site-packages/airflow/example_dags/example_setup_teardown.py for tasks to queue
[2024-05-30T00:07:28.888+0000] {logging_mixin.py:188} INFO - [2024-05-30T00:07:28.887+0000] {dagbag.py:538} INFO - Filling up the DagBag from /home/airflow/.local/lib/python3.8/site-packages/airflow/example_dags/example_setup_teardown.py
[2024-05-30T00:07:28.895+0000] {processor.py:840} INFO - DAG(s) 'example_setup_teardown' retrieved from /home/airflow/.local/lib/python3.8/site-packages/airflow/example_dags/example_setup_teardown.py
[2024-05-30T00:07:28.914+0000] {logging_mixin.py:188} INFO - [2024-05-30T00:07:28.914+0000] {dag.py:3036} INFO - Sync 1 DAGs
[2024-05-30T00:07:28.934+0000] {logging_mixin.py:188} INFO - [2024-05-30T00:07:28.934+0000] {dag.py:3823} INFO - Setting next_dagrun for example_setup_teardown to 2024-05-29 00:00:00+00:00, run_after=2024-05-30 00:00:00+00:00
[2024-05-30T00:07:28.953+0000] {processor.py:183} INFO - Processing /home/airflow/.local/lib/python3.8/site-packages/airflow/example_dags/example_setup_teardown.py took 0.072 seconds
[2024-05-30T00:07:59.265+0000] {processor.py:161} INFO - Started process (PID=3627) to work on /home/airflow/.local/lib/python3.8/site-packages/airflow/example_dags/example_setup_teardown.py
[2024-05-30T00:07:59.267+0000] {processor.py:830} INFO - Processing file /home/airflow/.local/lib/python3.8/site-packages/airflow/example_dags/example_setup_teardown.py for tasks to queue
[2024-05-30T00:07:59.268+0000] {logging_mixin.py:188} INFO - [2024-05-30T00:07:59.268+0000] {dagbag.py:538} INFO - Filling up the DagBag from /home/airflow/.local/lib/python3.8/site-packages/airflow/example_dags/example_setup_teardown.py
[2024-05-30T00:07:59.278+0000] {processor.py:840} INFO - DAG(s) 'example_setup_teardown' retrieved from /home/airflow/.local/lib/python3.8/site-packages/airflow/example_dags/example_setup_teardown.py
[2024-05-30T00:07:59.298+0000] {logging_mixin.py:188} INFO - [2024-05-30T00:07:59.298+0000] {dag.py:3036} INFO - Sync 1 DAGs
[2024-05-30T00:07:59.322+0000] {logging_mixin.py:188} INFO - [2024-05-30T00:07:59.322+0000] {dag.py:3823} INFO - Setting next_dagrun for example_setup_teardown to 2024-05-29 00:00:00+00:00, run_after=2024-05-30 00:00:00+00:00
[2024-05-30T00:07:59.345+0000] {processor.py:183} INFO - Processing /home/airflow/.local/lib/python3.8/site-packages/airflow/example_dags/example_setup_teardown.py took 0.084 seconds
[2024-05-30T00:08:29.713+0000] {processor.py:161} INFO - Started process (PID=3686) to work on /home/airflow/.local/lib/python3.8/site-packages/airflow/example_dags/example_setup_teardown.py
[2024-05-30T00:08:29.714+0000] {processor.py:830} INFO - Processing file /home/airflow/.local/lib/python3.8/site-packages/airflow/example_dags/example_setup_teardown.py for tasks to queue
[2024-05-30T00:08:29.715+0000] {logging_mixin.py:188} INFO - [2024-05-30T00:08:29.715+0000] {dagbag.py:538} INFO - Filling up the DagBag from /home/airflow/.local/lib/python3.8/site-packages/airflow/example_dags/example_setup_teardown.py
[2024-05-30T00:08:29.723+0000] {processor.py:840} INFO - DAG(s) 'example_setup_teardown' retrieved from /home/airflow/.local/lib/python3.8/site-packages/airflow/example_dags/example_setup_teardown.py
[2024-05-30T00:08:29.745+0000] {logging_mixin.py:188} INFO - [2024-05-30T00:08:29.745+0000] {dag.py:3036} INFO - Sync 1 DAGs
[2024-05-30T00:08:29.770+0000] {logging_mixin.py:188} INFO - [2024-05-30T00:08:29.770+0000] {dag.py:3823} INFO - Setting next_dagrun for example_setup_teardown to 2024-05-29 00:00:00+00:00, run_after=2024-05-30 00:00:00+00:00
[2024-05-30T00:08:29.798+0000] {processor.py:183} INFO - Processing /home/airflow/.local/lib/python3.8/site-packages/airflow/example_dags/example_setup_teardown.py took 0.088 seconds
[2024-05-30T00:09:00.656+0000] {processor.py:161} INFO - Started process (PID=3745) to work on /home/airflow/.local/lib/python3.8/site-packages/airflow/example_dags/example_setup_teardown.py
[2024-05-30T00:09:00.658+0000] {processor.py:830} INFO - Processing file /home/airflow/.local/lib/python3.8/site-packages/airflow/example_dags/example_setup_teardown.py for tasks to queue
[2024-05-30T00:09:00.659+0000] {logging_mixin.py:188} INFO - [2024-05-30T00:09:00.659+0000] {dagbag.py:538} INFO - Filling up the DagBag from /home/airflow/.local/lib/python3.8/site-packages/airflow/example_dags/example_setup_teardown.py
[2024-05-30T00:09:00.668+0000] {processor.py:840} INFO - DAG(s) 'example_setup_teardown' retrieved from /home/airflow/.local/lib/python3.8/site-packages/airflow/example_dags/example_setup_teardown.py
[2024-05-30T00:09:00.690+0000] {logging_mixin.py:188} INFO - [2024-05-30T00:09:00.690+0000] {dag.py:3036} INFO - Sync 1 DAGs
[2024-05-30T00:09:00.713+0000] {logging_mixin.py:188} INFO - [2024-05-30T00:09:00.713+0000] {dag.py:3823} INFO - Setting next_dagrun for example_setup_teardown to 2024-05-29 00:00:00+00:00, run_after=2024-05-30 00:00:00+00:00
[2024-05-30T00:09:00.733+0000] {processor.py:183} INFO - Processing /home/airflow/.local/lib/python3.8/site-packages/airflow/example_dags/example_setup_teardown.py took 0.080 seconds
[2024-05-30T00:09:30.991+0000] {processor.py:161} INFO - Started process (PID=3804) to work on /home/airflow/.local/lib/python3.8/site-packages/airflow/example_dags/example_setup_teardown.py
[2024-05-30T00:09:30.992+0000] {processor.py:830} INFO - Processing file /home/airflow/.local/lib/python3.8/site-packages/airflow/example_dags/example_setup_teardown.py for tasks to queue
[2024-05-30T00:09:30.993+0000] {logging_mixin.py:188} INFO - [2024-05-30T00:09:30.993+0000] {dagbag.py:538} INFO - Filling up the DagBag from /home/airflow/.local/lib/python3.8/site-packages/airflow/example_dags/example_setup_teardown.py
[2024-05-30T00:09:31.001+0000] {processor.py:840} INFO - DAG(s) 'example_setup_teardown' retrieved from /home/airflow/.local/lib/python3.8/site-packages/airflow/example_dags/example_setup_teardown.py
[2024-05-30T00:09:31.020+0000] {logging_mixin.py:188} INFO - [2024-05-30T00:09:31.020+0000] {dag.py:3036} INFO - Sync 1 DAGs
[2024-05-30T00:09:31.041+0000] {logging_mixin.py:188} INFO - [2024-05-30T00:09:31.041+0000] {dag.py:3823} INFO - Setting next_dagrun for example_setup_teardown to 2024-05-29 00:00:00+00:00, run_after=2024-05-30 00:00:00+00:00
[2024-05-30T00:09:31.061+0000] {processor.py:183} INFO - Processing /home/airflow/.local/lib/python3.8/site-packages/airflow/example_dags/example_setup_teardown.py took 0.073 seconds
[2024-05-30T00:10:02.269+0000] {processor.py:161} INFO - Started process (PID=3863) to work on /home/airflow/.local/lib/python3.8/site-packages/airflow/example_dags/example_setup_teardown.py
[2024-05-30T00:10:02.270+0000] {processor.py:830} INFO - Processing file /home/airflow/.local/lib/python3.8/site-packages/airflow/example_dags/example_setup_teardown.py for tasks to queue
[2024-05-30T00:10:02.271+0000] {logging_mixin.py:188} INFO - [2024-05-30T00:10:02.271+0000] {dagbag.py:538} INFO - Filling up the DagBag from /home/airflow/.local/lib/python3.8/site-packages/airflow/example_dags/example_setup_teardown.py
[2024-05-30T00:10:02.284+0000] {processor.py:840} INFO - DAG(s) 'example_setup_teardown' retrieved from /home/airflow/.local/lib/python3.8/site-packages/airflow/example_dags/example_setup_teardown.py
[2024-05-30T00:10:02.314+0000] {logging_mixin.py:188} INFO - [2024-05-30T00:10:02.314+0000] {dag.py:3036} INFO - Sync 1 DAGs
[2024-05-30T00:10:02.335+0000] {logging_mixin.py:188} INFO - [2024-05-30T00:10:02.335+0000] {dag.py:3823} INFO - Setting next_dagrun for example_setup_teardown to 2024-05-29 00:00:00+00:00, run_after=2024-05-30 00:00:00+00:00
[2024-05-30T00:10:02.356+0000] {processor.py:183} INFO - Processing /home/airflow/.local/lib/python3.8/site-packages/airflow/example_dags/example_setup_teardown.py took 0.092 seconds
[2024-05-30T00:10:32.402+0000] {processor.py:161} INFO - Started process (PID=3922) to work on /home/airflow/.local/lib/python3.8/site-packages/airflow/example_dags/example_setup_teardown.py
[2024-05-30T00:10:32.403+0000] {processor.py:830} INFO - Processing file /home/airflow/.local/lib/python3.8/site-packages/airflow/example_dags/example_setup_teardown.py for tasks to queue
[2024-05-30T00:10:32.404+0000] {logging_mixin.py:188} INFO - [2024-05-30T00:10:32.404+0000] {dagbag.py:538} INFO - Filling up the DagBag from /home/airflow/.local/lib/python3.8/site-packages/airflow/example_dags/example_setup_teardown.py
[2024-05-30T00:10:32.412+0000] {processor.py:840} INFO - DAG(s) 'example_setup_teardown' retrieved from /home/airflow/.local/lib/python3.8/site-packages/airflow/example_dags/example_setup_teardown.py
[2024-05-30T00:10:32.431+0000] {logging_mixin.py:188} INFO - [2024-05-30T00:10:32.431+0000] {dag.py:3036} INFO - Sync 1 DAGs
[2024-05-30T00:10:32.452+0000] {logging_mixin.py:188} INFO - [2024-05-30T00:10:32.451+0000] {dag.py:3823} INFO - Setting next_dagrun for example_setup_teardown to 2024-05-29 00:00:00+00:00, run_after=2024-05-30 00:00:00+00:00
[2024-05-30T00:10:32.470+0000] {processor.py:183} INFO - Processing /home/airflow/.local/lib/python3.8/site-packages/airflow/example_dags/example_setup_teardown.py took 0.071 seconds
[2024-05-30T00:11:03.296+0000] {processor.py:161} INFO - Started process (PID=3981) to work on /home/airflow/.local/lib/python3.8/site-packages/airflow/example_dags/example_setup_teardown.py
[2024-05-30T00:11:03.297+0000] {processor.py:830} INFO - Processing file /home/airflow/.local/lib/python3.8/site-packages/airflow/example_dags/example_setup_teardown.py for tasks to queue
[2024-05-30T00:11:03.299+0000] {logging_mixin.py:188} INFO - [2024-05-30T00:11:03.298+0000] {dagbag.py:538} INFO - Filling up the DagBag from /home/airflow/.local/lib/python3.8/site-packages/airflow/example_dags/example_setup_teardown.py
[2024-05-30T00:11:03.307+0000] {processor.py:840} INFO - DAG(s) 'example_setup_teardown' retrieved from /home/airflow/.local/lib/python3.8/site-packages/airflow/example_dags/example_setup_teardown.py
[2024-05-30T00:11:03.330+0000] {logging_mixin.py:188} INFO - [2024-05-30T00:11:03.329+0000] {dag.py:3036} INFO - Sync 1 DAGs
[2024-05-30T00:11:03.354+0000] {logging_mixin.py:188} INFO - [2024-05-30T00:11:03.353+0000] {dag.py:3823} INFO - Setting next_dagrun for example_setup_teardown to 2024-05-29 00:00:00+00:00, run_after=2024-05-30 00:00:00+00:00
[2024-05-30T00:11:03.374+0000] {processor.py:183} INFO - Processing /home/airflow/.local/lib/python3.8/site-packages/airflow/example_dags/example_setup_teardown.py took 0.082 seconds
[2024-05-30T00:11:33.728+0000] {processor.py:161} INFO - Started process (PID=4040) to work on /home/airflow/.local/lib/python3.8/site-packages/airflow/example_dags/example_setup_teardown.py
[2024-05-30T00:11:33.729+0000] {processor.py:830} INFO - Processing file /home/airflow/.local/lib/python3.8/site-packages/airflow/example_dags/example_setup_teardown.py for tasks to queue
[2024-05-30T00:11:33.730+0000] {logging_mixin.py:188} INFO - [2024-05-30T00:11:33.730+0000] {dagbag.py:538} INFO - Filling up the DagBag from /home/airflow/.local/lib/python3.8/site-packages/airflow/example_dags/example_setup_teardown.py
[2024-05-30T00:11:33.738+0000] {processor.py:840} INFO - DAG(s) 'example_setup_teardown' retrieved from /home/airflow/.local/lib/python3.8/site-packages/airflow/example_dags/example_setup_teardown.py
[2024-05-30T00:11:33.759+0000] {logging_mixin.py:188} INFO - [2024-05-30T00:11:33.759+0000] {dag.py:3036} INFO - Sync 1 DAGs
[2024-05-30T00:11:33.781+0000] {logging_mixin.py:188} INFO - [2024-05-30T00:11:33.780+0000] {dag.py:3823} INFO - Setting next_dagrun for example_setup_teardown to 2024-05-29 00:00:00+00:00, run_after=2024-05-30 00:00:00+00:00
[2024-05-30T00:11:33.801+0000] {processor.py:183} INFO - Processing /home/airflow/.local/lib/python3.8/site-packages/airflow/example_dags/example_setup_teardown.py took 0.076 seconds
[2024-05-30T00:12:04.605+0000] {processor.py:161} INFO - Started process (PID=4099) to work on /home/airflow/.local/lib/python3.8/site-packages/airflow/example_dags/example_setup_teardown.py
[2024-05-30T00:12:04.606+0000] {processor.py:830} INFO - Processing file /home/airflow/.local/lib/python3.8/site-packages/airflow/example_dags/example_setup_teardown.py for tasks to queue
[2024-05-30T00:12:04.607+0000] {logging_mixin.py:188} INFO - [2024-05-30T00:12:04.607+0000] {dagbag.py:538} INFO - Filling up the DagBag from /home/airflow/.local/lib/python3.8/site-packages/airflow/example_dags/example_setup_teardown.py
[2024-05-30T00:12:04.615+0000] {processor.py:840} INFO - DAG(s) 'example_setup_teardown' retrieved from /home/airflow/.local/lib/python3.8/site-packages/airflow/example_dags/example_setup_teardown.py
[2024-05-30T00:12:04.637+0000] {logging_mixin.py:188} INFO - [2024-05-30T00:12:04.637+0000] {dag.py:3036} INFO - Sync 1 DAGs
[2024-05-30T00:12:04.658+0000] {logging_mixin.py:188} INFO - [2024-05-30T00:12:04.658+0000] {dag.py:3823} INFO - Setting next_dagrun for example_setup_teardown to 2024-05-29 00:00:00+00:00, run_after=2024-05-30 00:00:00+00:00
[2024-05-30T00:12:04.679+0000] {processor.py:183} INFO - Processing /home/airflow/.local/lib/python3.8/site-packages/airflow/example_dags/example_setup_teardown.py took 0.077 seconds
[2024-05-30T00:12:35.207+0000] {processor.py:161} INFO - Started process (PID=4158) to work on /home/airflow/.local/lib/python3.8/site-packages/airflow/example_dags/example_setup_teardown.py
[2024-05-30T00:12:35.208+0000] {processor.py:830} INFO - Processing file /home/airflow/.local/lib/python3.8/site-packages/airflow/example_dags/example_setup_teardown.py for tasks to queue
[2024-05-30T00:12:35.210+0000] {logging_mixin.py:188} INFO - [2024-05-30T00:12:35.210+0000] {dagbag.py:538} INFO - Filling up the DagBag from /home/airflow/.local/lib/python3.8/site-packages/airflow/example_dags/example_setup_teardown.py
[2024-05-30T00:12:35.217+0000] {processor.py:840} INFO - DAG(s) 'example_setup_teardown' retrieved from /home/airflow/.local/lib/python3.8/site-packages/airflow/example_dags/example_setup_teardown.py
[2024-05-30T00:12:35.240+0000] {logging_mixin.py:188} INFO - [2024-05-30T00:12:35.239+0000] {dag.py:3036} INFO - Sync 1 DAGs
[2024-05-30T00:12:35.260+0000] {logging_mixin.py:188} INFO - [2024-05-30T00:12:35.260+0000] {dag.py:3823} INFO - Setting next_dagrun for example_setup_teardown to 2024-05-29 00:00:00+00:00, run_after=2024-05-30 00:00:00+00:00
[2024-05-30T00:12:35.282+0000] {processor.py:183} INFO - Processing /home/airflow/.local/lib/python3.8/site-packages/airflow/example_dags/example_setup_teardown.py took 0.078 seconds
[2024-05-30T00:13:06.167+0000] {processor.py:161} INFO - Started process (PID=4217) to work on /home/airflow/.local/lib/python3.8/site-packages/airflow/example_dags/example_setup_teardown.py
[2024-05-30T00:13:06.168+0000] {processor.py:830} INFO - Processing file /home/airflow/.local/lib/python3.8/site-packages/airflow/example_dags/example_setup_teardown.py for tasks to queue
[2024-05-30T00:13:06.169+0000] {logging_mixin.py:188} INFO - [2024-05-30T00:13:06.169+0000] {dagbag.py:538} INFO - Filling up the DagBag from /home/airflow/.local/lib/python3.8/site-packages/airflow/example_dags/example_setup_teardown.py
[2024-05-30T00:13:06.176+0000] {processor.py:840} INFO - DAG(s) 'example_setup_teardown' retrieved from /home/airflow/.local/lib/python3.8/site-packages/airflow/example_dags/example_setup_teardown.py
[2024-05-30T00:13:06.197+0000] {logging_mixin.py:188} INFO - [2024-05-30T00:13:06.197+0000] {dag.py:3036} INFO - Sync 1 DAGs
[2024-05-30T00:13:06.218+0000] {logging_mixin.py:188} INFO - [2024-05-30T00:13:06.218+0000] {dag.py:3823} INFO - Setting next_dagrun for example_setup_teardown to 2024-05-29 00:00:00+00:00, run_after=2024-05-30 00:00:00+00:00
[2024-05-30T00:13:06.243+0000] {processor.py:183} INFO - Processing /home/airflow/.local/lib/python3.8/site-packages/airflow/example_dags/example_setup_teardown.py took 0.079 seconds
[2024-05-30T00:13:36.896+0000] {processor.py:161} INFO - Started process (PID=4276) to work on /home/airflow/.local/lib/python3.8/site-packages/airflow/example_dags/example_setup_teardown.py
[2024-05-30T00:13:36.897+0000] {processor.py:830} INFO - Processing file /home/airflow/.local/lib/python3.8/site-packages/airflow/example_dags/example_setup_teardown.py for tasks to queue
[2024-05-30T00:13:36.898+0000] {logging_mixin.py:188} INFO - [2024-05-30T00:13:36.898+0000] {dagbag.py:538} INFO - Filling up the DagBag from /home/airflow/.local/lib/python3.8/site-packages/airflow/example_dags/example_setup_teardown.py
[2024-05-30T00:13:36.905+0000] {processor.py:840} INFO - DAG(s) 'example_setup_teardown' retrieved from /home/airflow/.local/lib/python3.8/site-packages/airflow/example_dags/example_setup_teardown.py
[2024-05-30T00:13:36.923+0000] {logging_mixin.py:188} INFO - [2024-05-30T00:13:36.923+0000] {dag.py:3036} INFO - Sync 1 DAGs
[2024-05-30T00:13:36.943+0000] {logging_mixin.py:188} INFO - [2024-05-30T00:13:36.943+0000] {dag.py:3823} INFO - Setting next_dagrun for example_setup_teardown to 2024-05-29 00:00:00+00:00, run_after=2024-05-30 00:00:00+00:00
[2024-05-30T00:13:36.963+0000] {processor.py:183} INFO - Processing /home/airflow/.local/lib/python3.8/site-packages/airflow/example_dags/example_setup_teardown.py took 0.070 seconds
[2024-05-30T00:14:07.521+0000] {processor.py:161} INFO - Started process (PID=4341) to work on /home/airflow/.local/lib/python3.8/site-packages/airflow/example_dags/example_setup_teardown.py
[2024-05-30T00:14:07.521+0000] {processor.py:830} INFO - Processing file /home/airflow/.local/lib/python3.8/site-packages/airflow/example_dags/example_setup_teardown.py for tasks to queue
[2024-05-30T00:14:07.523+0000] {logging_mixin.py:188} INFO - [2024-05-30T00:14:07.522+0000] {dagbag.py:538} INFO - Filling up the DagBag from /home/airflow/.local/lib/python3.8/site-packages/airflow/example_dags/example_setup_teardown.py
[2024-05-30T00:14:07.530+0000] {processor.py:840} INFO - DAG(s) 'example_setup_teardown' retrieved from /home/airflow/.local/lib/python3.8/site-packages/airflow/example_dags/example_setup_teardown.py
[2024-05-30T00:14:07.553+0000] {logging_mixin.py:188} INFO - [2024-05-30T00:14:07.552+0000] {dag.py:3036} INFO - Sync 1 DAGs
[2024-05-30T00:14:07.578+0000] {logging_mixin.py:188} INFO - [2024-05-30T00:14:07.578+0000] {dag.py:3823} INFO - Setting next_dagrun for example_setup_teardown to 2024-05-29 00:00:00+00:00, run_after=2024-05-30 00:00:00+00:00
[2024-05-30T00:14:07.598+0000] {processor.py:183} INFO - Processing /home/airflow/.local/lib/python3.8/site-packages/airflow/example_dags/example_setup_teardown.py took 0.080 seconds
