[2024-05-30T00:00:14.688+0000] {processor.py:161} INFO - Started process (PID=2738) to work on /home/airflow/.local/lib/python3.8/site-packages/airflow/example_dags/example_branch_datetime_operator.py
[2024-05-30T00:00:14.689+0000] {processor.py:830} INFO - Processing file /home/airflow/.local/lib/python3.8/site-packages/airflow/example_dags/example_branch_datetime_operator.py for tasks to queue
[2024-05-30T00:00:14.691+0000] {logging_mixin.py:188} INFO - [2024-05-30T00:00:14.690+0000] {dagbag.py:538} INFO - Filling up the DagBag from /home/airflow/.local/lib/python3.8/site-packages/airflow/example_dags/example_branch_datetime_operator.py
[2024-05-30T00:00:14.700+0000] {processor.py:840} INFO - DAG(s) 'example_branch_datetime_operator_2', 'example_branch_datetime_operator', 'example_branch_datetime_operator_3' retrieved from /home/airflow/.local/lib/python3.8/site-packages/airflow/example_dags/example_branch_datetime_operator.py
[2024-05-30T00:00:14.729+0000] {logging_mixin.py:188} INFO - [2024-05-30T00:00:14.728+0000] {dag.py:3036} INFO - Sync 3 DAGs
[2024-05-30T00:00:14.750+0000] {logging_mixin.py:188} INFO - [2024-05-30T00:00:14.750+0000] {dag.py:3823} INFO - Setting next_dagrun for example_branch_datetime_operator to 2024-05-29 00:00:00+00:00, run_after=2024-05-30 00:00:00+00:00
[2024-05-30T00:00:14.755+0000] {logging_mixin.py:188} INFO - [2024-05-30T00:00:14.755+0000] {dag.py:3823} INFO - Setting next_dagrun for example_branch_datetime_operator_2 to 2024-05-29 00:00:00+00:00, run_after=2024-05-30 00:00:00+00:00
[2024-05-30T00:00:14.758+0000] {logging_mixin.py:188} INFO - [2024-05-30T00:00:14.758+0000] {dag.py:3823} INFO - Setting next_dagrun for example_branch_datetime_operator_3 to 2024-05-29 00:00:00+00:00, run_after=2024-05-30 00:00:00+00:00
[2024-05-30T00:00:14.778+0000] {processor.py:183} INFO - Processing /home/airflow/.local/lib/python3.8/site-packages/airflow/example_dags/example_branch_datetime_operator.py took 0.094 seconds
[2024-05-30T00:00:46.227+0000] {processor.py:161} INFO - Started process (PID=2797) to work on /home/airflow/.local/lib/python3.8/site-packages/airflow/example_dags/example_branch_datetime_operator.py
[2024-05-30T00:00:46.229+0000] {processor.py:830} INFO - Processing file /home/airflow/.local/lib/python3.8/site-packages/airflow/example_dags/example_branch_datetime_operator.py for tasks to queue
[2024-05-30T00:00:46.231+0000] {logging_mixin.py:188} INFO - [2024-05-30T00:00:46.231+0000] {dagbag.py:538} INFO - Filling up the DagBag from /home/airflow/.local/lib/python3.8/site-packages/airflow/example_dags/example_branch_datetime_operator.py
[2024-05-30T00:00:46.244+0000] {processor.py:840} INFO - DAG(s) 'example_branch_datetime_operator', 'example_branch_datetime_operator_2', 'example_branch_datetime_operator_3' retrieved from /home/airflow/.local/lib/python3.8/site-packages/airflow/example_dags/example_branch_datetime_operator.py
[2024-05-30T00:00:46.289+0000] {logging_mixin.py:188} INFO - [2024-05-30T00:00:46.288+0000] {dag.py:3036} INFO - Sync 3 DAGs
[2024-05-30T00:00:46.326+0000] {logging_mixin.py:188} INFO - [2024-05-30T00:00:46.326+0000] {dag.py:3823} INFO - Setting next_dagrun for example_branch_datetime_operator to 2024-05-29 00:00:00+00:00, run_after=2024-05-30 00:00:00+00:00
[2024-05-30T00:00:46.333+0000] {logging_mixin.py:188} INFO - [2024-05-30T00:00:46.332+0000] {dag.py:3823} INFO - Setting next_dagrun for example_branch_datetime_operator_2 to 2024-05-29 00:00:00+00:00, run_after=2024-05-30 00:00:00+00:00
[2024-05-30T00:00:46.341+0000] {logging_mixin.py:188} INFO - [2024-05-30T00:00:46.340+0000] {dag.py:3823} INFO - Setting next_dagrun for example_branch_datetime_operator_3 to 2024-05-29 00:00:00+00:00, run_after=2024-05-30 00:00:00+00:00
[2024-05-30T00:00:46.375+0000] {processor.py:183} INFO - Processing /home/airflow/.local/lib/python3.8/site-packages/airflow/example_dags/example_branch_datetime_operator.py took 0.152 seconds
[2024-05-30T00:01:16.804+0000] {processor.py:161} INFO - Started process (PID=2856) to work on /home/airflow/.local/lib/python3.8/site-packages/airflow/example_dags/example_branch_datetime_operator.py
[2024-05-30T00:01:16.805+0000] {processor.py:830} INFO - Processing file /home/airflow/.local/lib/python3.8/site-packages/airflow/example_dags/example_branch_datetime_operator.py for tasks to queue
[2024-05-30T00:01:16.806+0000] {logging_mixin.py:188} INFO - [2024-05-30T00:01:16.806+0000] {dagbag.py:538} INFO - Filling up the DagBag from /home/airflow/.local/lib/python3.8/site-packages/airflow/example_dags/example_branch_datetime_operator.py
[2024-05-30T00:01:16.823+0000] {processor.py:840} INFO - DAG(s) 'example_branch_datetime_operator', 'example_branch_datetime_operator_3', 'example_branch_datetime_operator_2' retrieved from /home/airflow/.local/lib/python3.8/site-packages/airflow/example_dags/example_branch_datetime_operator.py
[2024-05-30T00:01:16.871+0000] {logging_mixin.py:188} INFO - [2024-05-30T00:01:16.871+0000] {dag.py:3036} INFO - Sync 3 DAGs
[2024-05-30T00:01:16.906+0000] {logging_mixin.py:188} INFO - [2024-05-30T00:01:16.905+0000] {dag.py:3823} INFO - Setting next_dagrun for example_branch_datetime_operator to 2024-05-29 00:00:00+00:00, run_after=2024-05-30 00:00:00+00:00
[2024-05-30T00:01:16.913+0000] {logging_mixin.py:188} INFO - [2024-05-30T00:01:16.913+0000] {dag.py:3823} INFO - Setting next_dagrun for example_branch_datetime_operator_2 to 2024-05-29 00:00:00+00:00, run_after=2024-05-30 00:00:00+00:00
[2024-05-30T00:01:16.918+0000] {logging_mixin.py:188} INFO - [2024-05-30T00:01:16.917+0000] {dag.py:3823} INFO - Setting next_dagrun for example_branch_datetime_operator_3 to 2024-05-29 00:00:00+00:00, run_after=2024-05-30 00:00:00+00:00
[2024-05-30T00:01:16.943+0000] {processor.py:183} INFO - Processing /home/airflow/.local/lib/python3.8/site-packages/airflow/example_dags/example_branch_datetime_operator.py took 0.144 seconds
[2024-05-30T00:01:47.327+0000] {processor.py:161} INFO - Started process (PID=2915) to work on /home/airflow/.local/lib/python3.8/site-packages/airflow/example_dags/example_branch_datetime_operator.py
[2024-05-30T00:01:47.329+0000] {processor.py:830} INFO - Processing file /home/airflow/.local/lib/python3.8/site-packages/airflow/example_dags/example_branch_datetime_operator.py for tasks to queue
[2024-05-30T00:01:47.331+0000] {logging_mixin.py:188} INFO - [2024-05-30T00:01:47.330+0000] {dagbag.py:538} INFO - Filling up the DagBag from /home/airflow/.local/lib/python3.8/site-packages/airflow/example_dags/example_branch_datetime_operator.py
[2024-05-30T00:01:47.343+0000] {processor.py:840} INFO - DAG(s) 'example_branch_datetime_operator_2', 'example_branch_datetime_operator', 'example_branch_datetime_operator_3' retrieved from /home/airflow/.local/lib/python3.8/site-packages/airflow/example_dags/example_branch_datetime_operator.py
[2024-05-30T00:01:47.380+0000] {logging_mixin.py:188} INFO - [2024-05-30T00:01:47.380+0000] {dag.py:3036} INFO - Sync 3 DAGs
[2024-05-30T00:01:47.416+0000] {logging_mixin.py:188} INFO - [2024-05-30T00:01:47.416+0000] {dag.py:3823} INFO - Setting next_dagrun for example_branch_datetime_operator to 2024-05-29 00:00:00+00:00, run_after=2024-05-30 00:00:00+00:00
[2024-05-30T00:01:47.425+0000] {logging_mixin.py:188} INFO - [2024-05-30T00:01:47.425+0000] {dag.py:3823} INFO - Setting next_dagrun for example_branch_datetime_operator_2 to 2024-05-29 00:00:00+00:00, run_after=2024-05-30 00:00:00+00:00
[2024-05-30T00:01:47.430+0000] {logging_mixin.py:188} INFO - [2024-05-30T00:01:47.430+0000] {dag.py:3823} INFO - Setting next_dagrun for example_branch_datetime_operator_3 to 2024-05-29 00:00:00+00:00, run_after=2024-05-30 00:00:00+00:00
[2024-05-30T00:01:47.450+0000] {processor.py:183} INFO - Processing /home/airflow/.local/lib/python3.8/site-packages/airflow/example_dags/example_branch_datetime_operator.py took 0.128 seconds
[2024-05-30T00:02:18.337+0000] {processor.py:161} INFO - Started process (PID=2974) to work on /home/airflow/.local/lib/python3.8/site-packages/airflow/example_dags/example_branch_datetime_operator.py
[2024-05-30T00:02:18.339+0000] {processor.py:830} INFO - Processing file /home/airflow/.local/lib/python3.8/site-packages/airflow/example_dags/example_branch_datetime_operator.py for tasks to queue
[2024-05-30T00:02:18.340+0000] {logging_mixin.py:188} INFO - [2024-05-30T00:02:18.340+0000] {dagbag.py:538} INFO - Filling up the DagBag from /home/airflow/.local/lib/python3.8/site-packages/airflow/example_dags/example_branch_datetime_operator.py
[2024-05-30T00:02:18.350+0000] {processor.py:840} INFO - DAG(s) 'example_branch_datetime_operator', 'example_branch_datetime_operator_2', 'example_branch_datetime_operator_3' retrieved from /home/airflow/.local/lib/python3.8/site-packages/airflow/example_dags/example_branch_datetime_operator.py
[2024-05-30T00:02:18.379+0000] {logging_mixin.py:188} INFO - [2024-05-30T00:02:18.378+0000] {dag.py:3036} INFO - Sync 3 DAGs
[2024-05-30T00:02:18.401+0000] {logging_mixin.py:188} INFO - [2024-05-30T00:02:18.400+0000] {dag.py:3823} INFO - Setting next_dagrun for example_branch_datetime_operator to 2024-05-29 00:00:00+00:00, run_after=2024-05-30 00:00:00+00:00
[2024-05-30T00:02:18.406+0000] {logging_mixin.py:188} INFO - [2024-05-30T00:02:18.406+0000] {dag.py:3823} INFO - Setting next_dagrun for example_branch_datetime_operator_2 to 2024-05-29 00:00:00+00:00, run_after=2024-05-30 00:00:00+00:00
[2024-05-30T00:02:18.410+0000] {logging_mixin.py:188} INFO - [2024-05-30T00:02:18.409+0000] {dag.py:3823} INFO - Setting next_dagrun for example_branch_datetime_operator_3 to 2024-05-29 00:00:00+00:00, run_after=2024-05-30 00:00:00+00:00
[2024-05-30T00:02:18.430+0000] {processor.py:183} INFO - Processing /home/airflow/.local/lib/python3.8/site-packages/airflow/example_dags/example_branch_datetime_operator.py took 0.097 seconds
[2024-05-30T00:02:50.421+0000] {processor.py:161} INFO - Started process (PID=3033) to work on /home/airflow/.local/lib/python3.8/site-packages/airflow/example_dags/example_branch_datetime_operator.py
[2024-05-30T00:02:50.423+0000] {processor.py:830} INFO - Processing file /home/airflow/.local/lib/python3.8/site-packages/airflow/example_dags/example_branch_datetime_operator.py for tasks to queue
[2024-05-30T00:02:50.424+0000] {logging_mixin.py:188} INFO - [2024-05-30T00:02:50.424+0000] {dagbag.py:538} INFO - Filling up the DagBag from /home/airflow/.local/lib/python3.8/site-packages/airflow/example_dags/example_branch_datetime_operator.py
[2024-05-30T00:02:50.437+0000] {processor.py:840} INFO - DAG(s) 'example_branch_datetime_operator_3', 'example_branch_datetime_operator_2', 'example_branch_datetime_operator' retrieved from /home/airflow/.local/lib/python3.8/site-packages/airflow/example_dags/example_branch_datetime_operator.py
[2024-05-30T00:02:50.491+0000] {logging_mixin.py:188} INFO - [2024-05-30T00:02:50.490+0000] {dag.py:3036} INFO - Sync 3 DAGs
[2024-05-30T00:02:50.530+0000] {logging_mixin.py:188} INFO - [2024-05-30T00:02:50.529+0000] {dag.py:3823} INFO - Setting next_dagrun for example_branch_datetime_operator to 2024-05-29 00:00:00+00:00, run_after=2024-05-30 00:00:00+00:00
[2024-05-30T00:02:50.543+0000] {logging_mixin.py:188} INFO - [2024-05-30T00:02:50.543+0000] {dag.py:3823} INFO - Setting next_dagrun for example_branch_datetime_operator_2 to 2024-05-29 00:00:00+00:00, run_after=2024-05-30 00:00:00+00:00
[2024-05-30T00:02:50.548+0000] {logging_mixin.py:188} INFO - [2024-05-30T00:02:50.547+0000] {dag.py:3823} INFO - Setting next_dagrun for example_branch_datetime_operator_3 to 2024-05-29 00:00:00+00:00, run_after=2024-05-30 00:00:00+00:00
[2024-05-30T00:02:50.813+0000] {processor.py:183} INFO - Processing /home/airflow/.local/lib/python3.8/site-packages/airflow/example_dags/example_branch_datetime_operator.py took 0.394 seconds
[2024-05-30T00:03:21.650+0000] {processor.py:161} INFO - Started process (PID=3092) to work on /home/airflow/.local/lib/python3.8/site-packages/airflow/example_dags/example_branch_datetime_operator.py
[2024-05-30T00:03:21.651+0000] {processor.py:830} INFO - Processing file /home/airflow/.local/lib/python3.8/site-packages/airflow/example_dags/example_branch_datetime_operator.py for tasks to queue
[2024-05-30T00:03:21.652+0000] {logging_mixin.py:188} INFO - [2024-05-30T00:03:21.652+0000] {dagbag.py:538} INFO - Filling up the DagBag from /home/airflow/.local/lib/python3.8/site-packages/airflow/example_dags/example_branch_datetime_operator.py
[2024-05-30T00:03:21.662+0000] {processor.py:840} INFO - DAG(s) 'example_branch_datetime_operator', 'example_branch_datetime_operator_3', 'example_branch_datetime_operator_2' retrieved from /home/airflow/.local/lib/python3.8/site-packages/airflow/example_dags/example_branch_datetime_operator.py
[2024-05-30T00:03:21.692+0000] {logging_mixin.py:188} INFO - [2024-05-30T00:03:21.691+0000] {dag.py:3036} INFO - Sync 3 DAGs
[2024-05-30T00:03:21.715+0000] {logging_mixin.py:188} INFO - [2024-05-30T00:03:21.715+0000] {dag.py:3823} INFO - Setting next_dagrun for example_branch_datetime_operator to 2024-05-29 00:00:00+00:00, run_after=2024-05-30 00:00:00+00:00
[2024-05-30T00:03:21.720+0000] {logging_mixin.py:188} INFO - [2024-05-30T00:03:21.720+0000] {dag.py:3823} INFO - Setting next_dagrun for example_branch_datetime_operator_2 to 2024-05-29 00:00:00+00:00, run_after=2024-05-30 00:00:00+00:00
[2024-05-30T00:03:21.723+0000] {logging_mixin.py:188} INFO - [2024-05-30T00:03:21.723+0000] {dag.py:3823} INFO - Setting next_dagrun for example_branch_datetime_operator_3 to 2024-05-29 00:00:00+00:00, run_after=2024-05-30 00:00:00+00:00
[2024-05-30T00:03:21.744+0000] {processor.py:183} INFO - Processing /home/airflow/.local/lib/python3.8/site-packages/airflow/example_dags/example_branch_datetime_operator.py took 0.097 seconds
[2024-05-30T00:03:52.407+0000] {processor.py:161} INFO - Started process (PID=3151) to work on /home/airflow/.local/lib/python3.8/site-packages/airflow/example_dags/example_branch_datetime_operator.py
[2024-05-30T00:03:52.408+0000] {processor.py:830} INFO - Processing file /home/airflow/.local/lib/python3.8/site-packages/airflow/example_dags/example_branch_datetime_operator.py for tasks to queue
[2024-05-30T00:03:52.410+0000] {logging_mixin.py:188} INFO - [2024-05-30T00:03:52.410+0000] {dagbag.py:538} INFO - Filling up the DagBag from /home/airflow/.local/lib/python3.8/site-packages/airflow/example_dags/example_branch_datetime_operator.py
[2024-05-30T00:03:52.424+0000] {processor.py:840} INFO - DAG(s) 'example_branch_datetime_operator_2', 'example_branch_datetime_operator', 'example_branch_datetime_operator_3' retrieved from /home/airflow/.local/lib/python3.8/site-packages/airflow/example_dags/example_branch_datetime_operator.py
[2024-05-30T00:03:52.452+0000] {logging_mixin.py:188} INFO - [2024-05-30T00:03:52.451+0000] {dag.py:3036} INFO - Sync 3 DAGs
[2024-05-30T00:03:52.474+0000] {logging_mixin.py:188} INFO - [2024-05-30T00:03:52.473+0000] {dag.py:3823} INFO - Setting next_dagrun for example_branch_datetime_operator to 2024-05-29 00:00:00+00:00, run_after=2024-05-30 00:00:00+00:00
[2024-05-30T00:03:52.478+0000] {logging_mixin.py:188} INFO - [2024-05-30T00:03:52.478+0000] {dag.py:3823} INFO - Setting next_dagrun for example_branch_datetime_operator_2 to 2024-05-29 00:00:00+00:00, run_after=2024-05-30 00:00:00+00:00
[2024-05-30T00:03:52.481+0000] {logging_mixin.py:188} INFO - [2024-05-30T00:03:52.481+0000] {dag.py:3823} INFO - Setting next_dagrun for example_branch_datetime_operator_3 to 2024-05-29 00:00:00+00:00, run_after=2024-05-30 00:00:00+00:00
[2024-05-30T00:03:52.499+0000] {processor.py:183} INFO - Processing /home/airflow/.local/lib/python3.8/site-packages/airflow/example_dags/example_branch_datetime_operator.py took 0.100 seconds
[2024-05-30T00:04:22.760+0000] {processor.py:161} INFO - Started process (PID=3210) to work on /home/airflow/.local/lib/python3.8/site-packages/airflow/example_dags/example_branch_datetime_operator.py
[2024-05-30T00:04:22.761+0000] {processor.py:830} INFO - Processing file /home/airflow/.local/lib/python3.8/site-packages/airflow/example_dags/example_branch_datetime_operator.py for tasks to queue
[2024-05-30T00:04:22.763+0000] {logging_mixin.py:188} INFO - [2024-05-30T00:04:22.762+0000] {dagbag.py:538} INFO - Filling up the DagBag from /home/airflow/.local/lib/python3.8/site-packages/airflow/example_dags/example_branch_datetime_operator.py
[2024-05-30T00:04:22.772+0000] {processor.py:840} INFO - DAG(s) 'example_branch_datetime_operator_2', 'example_branch_datetime_operator_3', 'example_branch_datetime_operator' retrieved from /home/airflow/.local/lib/python3.8/site-packages/airflow/example_dags/example_branch_datetime_operator.py
[2024-05-30T00:04:22.801+0000] {logging_mixin.py:188} INFO - [2024-05-30T00:04:22.801+0000] {dag.py:3036} INFO - Sync 3 DAGs
[2024-05-30T00:04:22.822+0000] {logging_mixin.py:188} INFO - [2024-05-30T00:04:22.821+0000] {dag.py:3823} INFO - Setting next_dagrun for example_branch_datetime_operator to 2024-05-29 00:00:00+00:00, run_after=2024-05-30 00:00:00+00:00
[2024-05-30T00:04:22.826+0000] {logging_mixin.py:188} INFO - [2024-05-30T00:04:22.826+0000] {dag.py:3823} INFO - Setting next_dagrun for example_branch_datetime_operator_2 to 2024-05-29 00:00:00+00:00, run_after=2024-05-30 00:00:00+00:00
[2024-05-30T00:04:22.829+0000] {logging_mixin.py:188} INFO - [2024-05-30T00:04:22.829+0000] {dag.py:3823} INFO - Setting next_dagrun for example_branch_datetime_operator_3 to 2024-05-29 00:00:00+00:00, run_after=2024-05-30 00:00:00+00:00
[2024-05-30T00:04:22.848+0000] {processor.py:183} INFO - Processing /home/airflow/.local/lib/python3.8/site-packages/airflow/example_dags/example_branch_datetime_operator.py took 0.090 seconds
[2024-05-30T00:04:53.218+0000] {processor.py:161} INFO - Started process (PID=3269) to work on /home/airflow/.local/lib/python3.8/site-packages/airflow/example_dags/example_branch_datetime_operator.py
[2024-05-30T00:04:53.219+0000] {processor.py:830} INFO - Processing file /home/airflow/.local/lib/python3.8/site-packages/airflow/example_dags/example_branch_datetime_operator.py for tasks to queue
[2024-05-30T00:04:53.220+0000] {logging_mixin.py:188} INFO - [2024-05-30T00:04:53.220+0000] {dagbag.py:538} INFO - Filling up the DagBag from /home/airflow/.local/lib/python3.8/site-packages/airflow/example_dags/example_branch_datetime_operator.py
[2024-05-30T00:04:53.230+0000] {processor.py:840} INFO - DAG(s) 'example_branch_datetime_operator_2', 'example_branch_datetime_operator_3', 'example_branch_datetime_operator' retrieved from /home/airflow/.local/lib/python3.8/site-packages/airflow/example_dags/example_branch_datetime_operator.py
[2024-05-30T00:04:53.268+0000] {logging_mixin.py:188} INFO - [2024-05-30T00:04:53.268+0000] {dag.py:3036} INFO - Sync 3 DAGs
[2024-05-30T00:04:53.301+0000] {logging_mixin.py:188} INFO - [2024-05-30T00:04:53.300+0000] {dag.py:3823} INFO - Setting next_dagrun for example_branch_datetime_operator to 2024-05-29 00:00:00+00:00, run_after=2024-05-30 00:00:00+00:00
[2024-05-30T00:04:53.307+0000] {logging_mixin.py:188} INFO - [2024-05-30T00:04:53.306+0000] {dag.py:3823} INFO - Setting next_dagrun for example_branch_datetime_operator_2 to 2024-05-29 00:00:00+00:00, run_after=2024-05-30 00:00:00+00:00
[2024-05-30T00:04:53.310+0000] {logging_mixin.py:188} INFO - [2024-05-30T00:04:53.310+0000] {dag.py:3823} INFO - Setting next_dagrun for example_branch_datetime_operator_3 to 2024-05-29 00:00:00+00:00, run_after=2024-05-30 00:00:00+00:00
[2024-05-30T00:04:53.452+0000] {processor.py:183} INFO - Processing /home/airflow/.local/lib/python3.8/site-packages/airflow/example_dags/example_branch_datetime_operator.py took 0.237 seconds
[2024-05-30T00:05:23.805+0000] {processor.py:161} INFO - Started process (PID=3328) to work on /home/airflow/.local/lib/python3.8/site-packages/airflow/example_dags/example_branch_datetime_operator.py
[2024-05-30T00:05:23.806+0000] {processor.py:830} INFO - Processing file /home/airflow/.local/lib/python3.8/site-packages/airflow/example_dags/example_branch_datetime_operator.py for tasks to queue
[2024-05-30T00:05:23.807+0000] {logging_mixin.py:188} INFO - [2024-05-30T00:05:23.807+0000] {dagbag.py:538} INFO - Filling up the DagBag from /home/airflow/.local/lib/python3.8/site-packages/airflow/example_dags/example_branch_datetime_operator.py
[2024-05-30T00:05:23.821+0000] {processor.py:840} INFO - DAG(s) 'example_branch_datetime_operator', 'example_branch_datetime_operator_3', 'example_branch_datetime_operator_2' retrieved from /home/airflow/.local/lib/python3.8/site-packages/airflow/example_dags/example_branch_datetime_operator.py
[2024-05-30T00:05:23.851+0000] {logging_mixin.py:188} INFO - [2024-05-30T00:05:23.851+0000] {dag.py:3036} INFO - Sync 3 DAGs
[2024-05-30T00:05:23.872+0000] {logging_mixin.py:188} INFO - [2024-05-30T00:05:23.871+0000] {dag.py:3823} INFO - Setting next_dagrun for example_branch_datetime_operator to 2024-05-29 00:00:00+00:00, run_after=2024-05-30 00:00:00+00:00
[2024-05-30T00:05:23.876+0000] {logging_mixin.py:188} INFO - [2024-05-30T00:05:23.876+0000] {dag.py:3823} INFO - Setting next_dagrun for example_branch_datetime_operator_2 to 2024-05-29 00:00:00+00:00, run_after=2024-05-30 00:00:00+00:00
[2024-05-30T00:05:23.879+0000] {logging_mixin.py:188} INFO - [2024-05-30T00:05:23.879+0000] {dag.py:3823} INFO - Setting next_dagrun for example_branch_datetime_operator_3 to 2024-05-29 00:00:00+00:00, run_after=2024-05-30 00:00:00+00:00
[2024-05-30T00:05:23.896+0000] {processor.py:183} INFO - Processing /home/airflow/.local/lib/python3.8/site-packages/airflow/example_dags/example_branch_datetime_operator.py took 0.094 seconds
[2024-05-30T00:05:54.966+0000] {processor.py:161} INFO - Started process (PID=3387) to work on /home/airflow/.local/lib/python3.8/site-packages/airflow/example_dags/example_branch_datetime_operator.py
[2024-05-30T00:05:54.967+0000] {processor.py:830} INFO - Processing file /home/airflow/.local/lib/python3.8/site-packages/airflow/example_dags/example_branch_datetime_operator.py for tasks to queue
[2024-05-30T00:05:54.968+0000] {logging_mixin.py:188} INFO - [2024-05-30T00:05:54.968+0000] {dagbag.py:538} INFO - Filling up the DagBag from /home/airflow/.local/lib/python3.8/site-packages/airflow/example_dags/example_branch_datetime_operator.py
[2024-05-30T00:05:54.977+0000] {processor.py:840} INFO - DAG(s) 'example_branch_datetime_operator', 'example_branch_datetime_operator_2', 'example_branch_datetime_operator_3' retrieved from /home/airflow/.local/lib/python3.8/site-packages/airflow/example_dags/example_branch_datetime_operator.py
[2024-05-30T00:05:55.005+0000] {logging_mixin.py:188} INFO - [2024-05-30T00:05:55.005+0000] {dag.py:3036} INFO - Sync 3 DAGs
[2024-05-30T00:05:55.028+0000] {logging_mixin.py:188} INFO - [2024-05-30T00:05:55.027+0000] {dag.py:3823} INFO - Setting next_dagrun for example_branch_datetime_operator to 2024-05-29 00:00:00+00:00, run_after=2024-05-30 00:00:00+00:00
[2024-05-30T00:05:55.033+0000] {logging_mixin.py:188} INFO - [2024-05-30T00:05:55.033+0000] {dag.py:3823} INFO - Setting next_dagrun for example_branch_datetime_operator_2 to 2024-05-29 00:00:00+00:00, run_after=2024-05-30 00:00:00+00:00
[2024-05-30T00:05:55.036+0000] {logging_mixin.py:188} INFO - [2024-05-30T00:05:55.036+0000] {dag.py:3823} INFO - Setting next_dagrun for example_branch_datetime_operator_3 to 2024-05-29 00:00:00+00:00, run_after=2024-05-30 00:00:00+00:00
[2024-05-30T00:05:55.055+0000] {processor.py:183} INFO - Processing /home/airflow/.local/lib/python3.8/site-packages/airflow/example_dags/example_branch_datetime_operator.py took 0.092 seconds
[2024-05-30T00:06:27.057+0000] {processor.py:161} INFO - Started process (PID=3446) to work on /home/airflow/.local/lib/python3.8/site-packages/airflow/example_dags/example_branch_datetime_operator.py
[2024-05-30T00:06:27.058+0000] {processor.py:830} INFO - Processing file /home/airflow/.local/lib/python3.8/site-packages/airflow/example_dags/example_branch_datetime_operator.py for tasks to queue
[2024-05-30T00:06:27.059+0000] {logging_mixin.py:188} INFO - [2024-05-30T00:06:27.059+0000] {dagbag.py:538} INFO - Filling up the DagBag from /home/airflow/.local/lib/python3.8/site-packages/airflow/example_dags/example_branch_datetime_operator.py
[2024-05-30T00:06:27.068+0000] {processor.py:840} INFO - DAG(s) 'example_branch_datetime_operator', 'example_branch_datetime_operator_2', 'example_branch_datetime_operator_3' retrieved from /home/airflow/.local/lib/python3.8/site-packages/airflow/example_dags/example_branch_datetime_operator.py
[2024-05-30T00:06:27.225+0000] {logging_mixin.py:188} INFO - [2024-05-30T00:06:27.225+0000] {dag.py:3036} INFO - Sync 3 DAGs
[2024-05-30T00:06:27.248+0000] {logging_mixin.py:188} INFO - [2024-05-30T00:06:27.248+0000] {dag.py:3823} INFO - Setting next_dagrun for example_branch_datetime_operator to 2024-05-29 00:00:00+00:00, run_after=2024-05-30 00:00:00+00:00
[2024-05-30T00:06:27.254+0000] {logging_mixin.py:188} INFO - [2024-05-30T00:06:27.254+0000] {dag.py:3823} INFO - Setting next_dagrun for example_branch_datetime_operator_2 to 2024-05-29 00:00:00+00:00, run_after=2024-05-30 00:00:00+00:00
[2024-05-30T00:06:27.257+0000] {logging_mixin.py:188} INFO - [2024-05-30T00:06:27.257+0000] {dag.py:3823} INFO - Setting next_dagrun for example_branch_datetime_operator_3 to 2024-05-29 00:00:00+00:00, run_after=2024-05-30 00:00:00+00:00
[2024-05-30T00:06:27.280+0000] {processor.py:183} INFO - Processing /home/airflow/.local/lib/python3.8/site-packages/airflow/example_dags/example_branch_datetime_operator.py took 0.226 seconds
[2024-05-30T00:06:57.641+0000] {processor.py:161} INFO - Started process (PID=3505) to work on /home/airflow/.local/lib/python3.8/site-packages/airflow/example_dags/example_branch_datetime_operator.py
[2024-05-30T00:06:57.642+0000] {processor.py:830} INFO - Processing file /home/airflow/.local/lib/python3.8/site-packages/airflow/example_dags/example_branch_datetime_operator.py for tasks to queue
[2024-05-30T00:06:57.643+0000] {logging_mixin.py:188} INFO - [2024-05-30T00:06:57.643+0000] {dagbag.py:538} INFO - Filling up the DagBag from /home/airflow/.local/lib/python3.8/site-packages/airflow/example_dags/example_branch_datetime_operator.py
[2024-05-30T00:06:57.653+0000] {processor.py:840} INFO - DAG(s) 'example_branch_datetime_operator', 'example_branch_datetime_operator_2', 'example_branch_datetime_operator_3' retrieved from /home/airflow/.local/lib/python3.8/site-packages/airflow/example_dags/example_branch_datetime_operator.py
[2024-05-30T00:06:57.684+0000] {logging_mixin.py:188} INFO - [2024-05-30T00:06:57.684+0000] {dag.py:3036} INFO - Sync 3 DAGs
[2024-05-30T00:06:57.705+0000] {logging_mixin.py:188} INFO - [2024-05-30T00:06:57.705+0000] {dag.py:3823} INFO - Setting next_dagrun for example_branch_datetime_operator to 2024-05-29 00:00:00+00:00, run_after=2024-05-30 00:00:00+00:00
[2024-05-30T00:06:57.710+0000] {logging_mixin.py:188} INFO - [2024-05-30T00:06:57.710+0000] {dag.py:3823} INFO - Setting next_dagrun for example_branch_datetime_operator_2 to 2024-05-29 00:00:00+00:00, run_after=2024-05-30 00:00:00+00:00
[2024-05-30T00:06:57.713+0000] {logging_mixin.py:188} INFO - [2024-05-30T00:06:57.713+0000] {dag.py:3823} INFO - Setting next_dagrun for example_branch_datetime_operator_3 to 2024-05-29 00:00:00+00:00, run_after=2024-05-30 00:00:00+00:00
[2024-05-30T00:06:57.734+0000] {processor.py:183} INFO - Processing /home/airflow/.local/lib/python3.8/site-packages/airflow/example_dags/example_branch_datetime_operator.py took 0.096 seconds
[2024-05-30T00:07:28.646+0000] {processor.py:161} INFO - Started process (PID=3564) to work on /home/airflow/.local/lib/python3.8/site-packages/airflow/example_dags/example_branch_datetime_operator.py
[2024-05-30T00:07:28.647+0000] {processor.py:830} INFO - Processing file /home/airflow/.local/lib/python3.8/site-packages/airflow/example_dags/example_branch_datetime_operator.py for tasks to queue
[2024-05-30T00:07:28.649+0000] {logging_mixin.py:188} INFO - [2024-05-30T00:07:28.648+0000] {dagbag.py:538} INFO - Filling up the DagBag from /home/airflow/.local/lib/python3.8/site-packages/airflow/example_dags/example_branch_datetime_operator.py
[2024-05-30T00:07:28.658+0000] {processor.py:840} INFO - DAG(s) 'example_branch_datetime_operator_2', 'example_branch_datetime_operator_3', 'example_branch_datetime_operator' retrieved from /home/airflow/.local/lib/python3.8/site-packages/airflow/example_dags/example_branch_datetime_operator.py
[2024-05-30T00:07:28.686+0000] {logging_mixin.py:188} INFO - [2024-05-30T00:07:28.686+0000] {dag.py:3036} INFO - Sync 3 DAGs
[2024-05-30T00:07:28.708+0000] {logging_mixin.py:188} INFO - [2024-05-30T00:07:28.708+0000] {dag.py:3823} INFO - Setting next_dagrun for example_branch_datetime_operator to 2024-05-29 00:00:00+00:00, run_after=2024-05-30 00:00:00+00:00
[2024-05-30T00:07:28.713+0000] {logging_mixin.py:188} INFO - [2024-05-30T00:07:28.713+0000] {dag.py:3823} INFO - Setting next_dagrun for example_branch_datetime_operator_2 to 2024-05-29 00:00:00+00:00, run_after=2024-05-30 00:00:00+00:00
[2024-05-30T00:07:28.716+0000] {logging_mixin.py:188} INFO - [2024-05-30T00:07:28.716+0000] {dag.py:3823} INFO - Setting next_dagrun for example_branch_datetime_operator_3 to 2024-05-29 00:00:00+00:00, run_after=2024-05-30 00:00:00+00:00
[2024-05-30T00:07:28.734+0000] {processor.py:183} INFO - Processing /home/airflow/.local/lib/python3.8/site-packages/airflow/example_dags/example_branch_datetime_operator.py took 0.092 seconds
[2024-05-30T00:07:58.938+0000] {processor.py:161} INFO - Started process (PID=3623) to work on /home/airflow/.local/lib/python3.8/site-packages/airflow/example_dags/example_branch_datetime_operator.py
[2024-05-30T00:07:58.940+0000] {processor.py:830} INFO - Processing file /home/airflow/.local/lib/python3.8/site-packages/airflow/example_dags/example_branch_datetime_operator.py for tasks to queue
[2024-05-30T00:07:58.941+0000] {logging_mixin.py:188} INFO - [2024-05-30T00:07:58.940+0000] {dagbag.py:538} INFO - Filling up the DagBag from /home/airflow/.local/lib/python3.8/site-packages/airflow/example_dags/example_branch_datetime_operator.py
[2024-05-30T00:07:58.951+0000] {processor.py:840} INFO - DAG(s) 'example_branch_datetime_operator_3', 'example_branch_datetime_operator', 'example_branch_datetime_operator_2' retrieved from /home/airflow/.local/lib/python3.8/site-packages/airflow/example_dags/example_branch_datetime_operator.py
[2024-05-30T00:07:58.997+0000] {logging_mixin.py:188} INFO - [2024-05-30T00:07:58.996+0000] {dag.py:3036} INFO - Sync 3 DAGs
[2024-05-30T00:07:59.030+0000] {logging_mixin.py:188} INFO - [2024-05-30T00:07:59.030+0000] {dag.py:3823} INFO - Setting next_dagrun for example_branch_datetime_operator to 2024-05-29 00:00:00+00:00, run_after=2024-05-30 00:00:00+00:00
[2024-05-30T00:07:59.037+0000] {logging_mixin.py:188} INFO - [2024-05-30T00:07:59.037+0000] {dag.py:3823} INFO - Setting next_dagrun for example_branch_datetime_operator_2 to 2024-05-29 00:00:00+00:00, run_after=2024-05-30 00:00:00+00:00
[2024-05-30T00:07:59.040+0000] {logging_mixin.py:188} INFO - [2024-05-30T00:07:59.040+0000] {dag.py:3823} INFO - Setting next_dagrun for example_branch_datetime_operator_3 to 2024-05-29 00:00:00+00:00, run_after=2024-05-30 00:00:00+00:00
[2024-05-30T00:07:59.064+0000] {processor.py:183} INFO - Processing /home/airflow/.local/lib/python3.8/site-packages/airflow/example_dags/example_branch_datetime_operator.py took 0.129 seconds
[2024-05-30T00:08:29.482+0000] {processor.py:161} INFO - Started process (PID=3682) to work on /home/airflow/.local/lib/python3.8/site-packages/airflow/example_dags/example_branch_datetime_operator.py
[2024-05-30T00:08:29.483+0000] {processor.py:830} INFO - Processing file /home/airflow/.local/lib/python3.8/site-packages/airflow/example_dags/example_branch_datetime_operator.py for tasks to queue
[2024-05-30T00:08:29.484+0000] {logging_mixin.py:188} INFO - [2024-05-30T00:08:29.484+0000] {dagbag.py:538} INFO - Filling up the DagBag from /home/airflow/.local/lib/python3.8/site-packages/airflow/example_dags/example_branch_datetime_operator.py
[2024-05-30T00:08:29.494+0000] {processor.py:840} INFO - DAG(s) 'example_branch_datetime_operator', 'example_branch_datetime_operator_3', 'example_branch_datetime_operator_2' retrieved from /home/airflow/.local/lib/python3.8/site-packages/airflow/example_dags/example_branch_datetime_operator.py
[2024-05-30T00:08:29.523+0000] {logging_mixin.py:188} INFO - [2024-05-30T00:08:29.522+0000] {dag.py:3036} INFO - Sync 3 DAGs
[2024-05-30T00:08:29.545+0000] {logging_mixin.py:188} INFO - [2024-05-30T00:08:29.544+0000] {dag.py:3823} INFO - Setting next_dagrun for example_branch_datetime_operator to 2024-05-29 00:00:00+00:00, run_after=2024-05-30 00:00:00+00:00
[2024-05-30T00:08:29.550+0000] {logging_mixin.py:188} INFO - [2024-05-30T00:08:29.550+0000] {dag.py:3823} INFO - Setting next_dagrun for example_branch_datetime_operator_2 to 2024-05-29 00:00:00+00:00, run_after=2024-05-30 00:00:00+00:00
[2024-05-30T00:08:29.553+0000] {logging_mixin.py:188} INFO - [2024-05-30T00:08:29.553+0000] {dag.py:3823} INFO - Setting next_dagrun for example_branch_datetime_operator_3 to 2024-05-29 00:00:00+00:00, run_after=2024-05-30 00:00:00+00:00
[2024-05-30T00:08:29.579+0000] {processor.py:183} INFO - Processing /home/airflow/.local/lib/python3.8/site-packages/airflow/example_dags/example_branch_datetime_operator.py took 0.100 seconds
[2024-05-30T00:09:00.422+0000] {processor.py:161} INFO - Started process (PID=3741) to work on /home/airflow/.local/lib/python3.8/site-packages/airflow/example_dags/example_branch_datetime_operator.py
[2024-05-30T00:09:00.423+0000] {processor.py:830} INFO - Processing file /home/airflow/.local/lib/python3.8/site-packages/airflow/example_dags/example_branch_datetime_operator.py for tasks to queue
[2024-05-30T00:09:00.424+0000] {logging_mixin.py:188} INFO - [2024-05-30T00:09:00.424+0000] {dagbag.py:538} INFO - Filling up the DagBag from /home/airflow/.local/lib/python3.8/site-packages/airflow/example_dags/example_branch_datetime_operator.py
[2024-05-30T00:09:00.434+0000] {processor.py:840} INFO - DAG(s) 'example_branch_datetime_operator_3', 'example_branch_datetime_operator_2', 'example_branch_datetime_operator' retrieved from /home/airflow/.local/lib/python3.8/site-packages/airflow/example_dags/example_branch_datetime_operator.py
[2024-05-30T00:09:00.462+0000] {logging_mixin.py:188} INFO - [2024-05-30T00:09:00.462+0000] {dag.py:3036} INFO - Sync 3 DAGs
[2024-05-30T00:09:00.484+0000] {logging_mixin.py:188} INFO - [2024-05-30T00:09:00.484+0000] {dag.py:3823} INFO - Setting next_dagrun for example_branch_datetime_operator to 2024-05-29 00:00:00+00:00, run_after=2024-05-30 00:00:00+00:00
[2024-05-30T00:09:00.489+0000] {logging_mixin.py:188} INFO - [2024-05-30T00:09:00.489+0000] {dag.py:3823} INFO - Setting next_dagrun for example_branch_datetime_operator_2 to 2024-05-29 00:00:00+00:00, run_after=2024-05-30 00:00:00+00:00
[2024-05-30T00:09:00.492+0000] {logging_mixin.py:188} INFO - [2024-05-30T00:09:00.492+0000] {dag.py:3823} INFO - Setting next_dagrun for example_branch_datetime_operator_3 to 2024-05-29 00:00:00+00:00, run_after=2024-05-30 00:00:00+00:00
[2024-05-30T00:09:00.515+0000] {processor.py:183} INFO - Processing /home/airflow/.local/lib/python3.8/site-packages/airflow/example_dags/example_branch_datetime_operator.py took 0.097 seconds
[2024-05-30T00:09:30.757+0000] {processor.py:161} INFO - Started process (PID=3800) to work on /home/airflow/.local/lib/python3.8/site-packages/airflow/example_dags/example_branch_datetime_operator.py
[2024-05-30T00:09:30.758+0000] {processor.py:830} INFO - Processing file /home/airflow/.local/lib/python3.8/site-packages/airflow/example_dags/example_branch_datetime_operator.py for tasks to queue
[2024-05-30T00:09:30.759+0000] {logging_mixin.py:188} INFO - [2024-05-30T00:09:30.759+0000] {dagbag.py:538} INFO - Filling up the DagBag from /home/airflow/.local/lib/python3.8/site-packages/airflow/example_dags/example_branch_datetime_operator.py
[2024-05-30T00:09:30.770+0000] {processor.py:840} INFO - DAG(s) 'example_branch_datetime_operator', 'example_branch_datetime_operator_3', 'example_branch_datetime_operator_2' retrieved from /home/airflow/.local/lib/python3.8/site-packages/airflow/example_dags/example_branch_datetime_operator.py
[2024-05-30T00:09:30.804+0000] {logging_mixin.py:188} INFO - [2024-05-30T00:09:30.804+0000] {dag.py:3036} INFO - Sync 3 DAGs
[2024-05-30T00:09:30.828+0000] {logging_mixin.py:188} INFO - [2024-05-30T00:09:30.828+0000] {dag.py:3823} INFO - Setting next_dagrun for example_branch_datetime_operator to 2024-05-29 00:00:00+00:00, run_after=2024-05-30 00:00:00+00:00
[2024-05-30T00:09:30.833+0000] {logging_mixin.py:188} INFO - [2024-05-30T00:09:30.832+0000] {dag.py:3823} INFO - Setting next_dagrun for example_branch_datetime_operator_2 to 2024-05-29 00:00:00+00:00, run_after=2024-05-30 00:00:00+00:00
[2024-05-30T00:09:30.835+0000] {logging_mixin.py:188} INFO - [2024-05-30T00:09:30.835+0000] {dag.py:3823} INFO - Setting next_dagrun for example_branch_datetime_operator_3 to 2024-05-29 00:00:00+00:00, run_after=2024-05-30 00:00:00+00:00
[2024-05-30T00:09:30.851+0000] {processor.py:183} INFO - Processing /home/airflow/.local/lib/python3.8/site-packages/airflow/example_dags/example_branch_datetime_operator.py took 0.098 seconds
[2024-05-30T00:10:02.004+0000] {processor.py:161} INFO - Started process (PID=3859) to work on /home/airflow/.local/lib/python3.8/site-packages/airflow/example_dags/example_branch_datetime_operator.py
[2024-05-30T00:10:02.006+0000] {processor.py:830} INFO - Processing file /home/airflow/.local/lib/python3.8/site-packages/airflow/example_dags/example_branch_datetime_operator.py for tasks to queue
[2024-05-30T00:10:02.007+0000] {logging_mixin.py:188} INFO - [2024-05-30T00:10:02.007+0000] {dagbag.py:538} INFO - Filling up the DagBag from /home/airflow/.local/lib/python3.8/site-packages/airflow/example_dags/example_branch_datetime_operator.py
[2024-05-30T00:10:02.016+0000] {processor.py:840} INFO - DAG(s) 'example_branch_datetime_operator', 'example_branch_datetime_operator_3', 'example_branch_datetime_operator_2' retrieved from /home/airflow/.local/lib/python3.8/site-packages/airflow/example_dags/example_branch_datetime_operator.py
[2024-05-30T00:10:02.045+0000] {logging_mixin.py:188} INFO - [2024-05-30T00:10:02.045+0000] {dag.py:3036} INFO - Sync 3 DAGs
[2024-05-30T00:10:02.068+0000] {logging_mixin.py:188} INFO - [2024-05-30T00:10:02.068+0000] {dag.py:3823} INFO - Setting next_dagrun for example_branch_datetime_operator to 2024-05-29 00:00:00+00:00, run_after=2024-05-30 00:00:00+00:00
[2024-05-30T00:10:02.074+0000] {logging_mixin.py:188} INFO - [2024-05-30T00:10:02.073+0000] {dag.py:3823} INFO - Setting next_dagrun for example_branch_datetime_operator_2 to 2024-05-29 00:00:00+00:00, run_after=2024-05-30 00:00:00+00:00
[2024-05-30T00:10:02.077+0000] {logging_mixin.py:188} INFO - [2024-05-30T00:10:02.076+0000] {dag.py:3823} INFO - Setting next_dagrun for example_branch_datetime_operator_3 to 2024-05-29 00:00:00+00:00, run_after=2024-05-30 00:00:00+00:00
[2024-05-30T00:10:02.095+0000] {processor.py:183} INFO - Processing /home/airflow/.local/lib/python3.8/site-packages/airflow/example_dags/example_branch_datetime_operator.py took 0.093 seconds
[2024-05-30T00:10:32.169+0000] {processor.py:161} INFO - Started process (PID=3918) to work on /home/airflow/.local/lib/python3.8/site-packages/airflow/example_dags/example_branch_datetime_operator.py
[2024-05-30T00:10:32.170+0000] {processor.py:830} INFO - Processing file /home/airflow/.local/lib/python3.8/site-packages/airflow/example_dags/example_branch_datetime_operator.py for tasks to queue
[2024-05-30T00:10:32.172+0000] {logging_mixin.py:188} INFO - [2024-05-30T00:10:32.171+0000] {dagbag.py:538} INFO - Filling up the DagBag from /home/airflow/.local/lib/python3.8/site-packages/airflow/example_dags/example_branch_datetime_operator.py
[2024-05-30T00:10:32.181+0000] {processor.py:840} INFO - DAG(s) 'example_branch_datetime_operator', 'example_branch_datetime_operator_2', 'example_branch_datetime_operator_3' retrieved from /home/airflow/.local/lib/python3.8/site-packages/airflow/example_dags/example_branch_datetime_operator.py
[2024-05-30T00:10:32.208+0000] {logging_mixin.py:188} INFO - [2024-05-30T00:10:32.208+0000] {dag.py:3036} INFO - Sync 3 DAGs
[2024-05-30T00:10:32.230+0000] {logging_mixin.py:188} INFO - [2024-05-30T00:10:32.229+0000] {dag.py:3823} INFO - Setting next_dagrun for example_branch_datetime_operator to 2024-05-29 00:00:00+00:00, run_after=2024-05-30 00:00:00+00:00
[2024-05-30T00:10:32.235+0000] {logging_mixin.py:188} INFO - [2024-05-30T00:10:32.234+0000] {dag.py:3823} INFO - Setting next_dagrun for example_branch_datetime_operator_2 to 2024-05-29 00:00:00+00:00, run_after=2024-05-30 00:00:00+00:00
[2024-05-30T00:10:32.238+0000] {logging_mixin.py:188} INFO - [2024-05-30T00:10:32.238+0000] {dag.py:3823} INFO - Setting next_dagrun for example_branch_datetime_operator_3 to 2024-05-29 00:00:00+00:00, run_after=2024-05-30 00:00:00+00:00
[2024-05-30T00:10:32.256+0000] {processor.py:183} INFO - Processing /home/airflow/.local/lib/python3.8/site-packages/airflow/example_dags/example_branch_datetime_operator.py took 0.090 seconds
[2024-05-30T00:11:03.067+0000] {processor.py:161} INFO - Started process (PID=3977) to work on /home/airflow/.local/lib/python3.8/site-packages/airflow/example_dags/example_branch_datetime_operator.py
[2024-05-30T00:11:03.068+0000] {processor.py:830} INFO - Processing file /home/airflow/.local/lib/python3.8/site-packages/airflow/example_dags/example_branch_datetime_operator.py for tasks to queue
[2024-05-30T00:11:03.069+0000] {logging_mixin.py:188} INFO - [2024-05-30T00:11:03.069+0000] {dagbag.py:538} INFO - Filling up the DagBag from /home/airflow/.local/lib/python3.8/site-packages/airflow/example_dags/example_branch_datetime_operator.py
[2024-05-30T00:11:03.079+0000] {processor.py:840} INFO - DAG(s) 'example_branch_datetime_operator_2', 'example_branch_datetime_operator_3', 'example_branch_datetime_operator' retrieved from /home/airflow/.local/lib/python3.8/site-packages/airflow/example_dags/example_branch_datetime_operator.py
[2024-05-30T00:11:03.108+0000] {logging_mixin.py:188} INFO - [2024-05-30T00:11:03.108+0000] {dag.py:3036} INFO - Sync 3 DAGs
[2024-05-30T00:11:03.130+0000] {logging_mixin.py:188} INFO - [2024-05-30T00:11:03.129+0000] {dag.py:3823} INFO - Setting next_dagrun for example_branch_datetime_operator to 2024-05-29 00:00:00+00:00, run_after=2024-05-30 00:00:00+00:00
[2024-05-30T00:11:03.135+0000] {logging_mixin.py:188} INFO - [2024-05-30T00:11:03.135+0000] {dag.py:3823} INFO - Setting next_dagrun for example_branch_datetime_operator_2 to 2024-05-29 00:00:00+00:00, run_after=2024-05-30 00:00:00+00:00
[2024-05-30T00:11:03.138+0000] {logging_mixin.py:188} INFO - [2024-05-30T00:11:03.138+0000] {dag.py:3823} INFO - Setting next_dagrun for example_branch_datetime_operator_3 to 2024-05-29 00:00:00+00:00, run_after=2024-05-30 00:00:00+00:00
[2024-05-30T00:11:03.156+0000] {processor.py:183} INFO - Processing /home/airflow/.local/lib/python3.8/site-packages/airflow/example_dags/example_branch_datetime_operator.py took 0.091 seconds
[2024-05-30T00:11:33.456+0000] {processor.py:161} INFO - Started process (PID=4036) to work on /home/airflow/.local/lib/python3.8/site-packages/airflow/example_dags/example_branch_datetime_operator.py
[2024-05-30T00:11:33.458+0000] {processor.py:830} INFO - Processing file /home/airflow/.local/lib/python3.8/site-packages/airflow/example_dags/example_branch_datetime_operator.py for tasks to queue
[2024-05-30T00:11:33.460+0000] {logging_mixin.py:188} INFO - [2024-05-30T00:11:33.459+0000] {dagbag.py:538} INFO - Filling up the DagBag from /home/airflow/.local/lib/python3.8/site-packages/airflow/example_dags/example_branch_datetime_operator.py
[2024-05-30T00:11:33.473+0000] {processor.py:840} INFO - DAG(s) 'example_branch_datetime_operator', 'example_branch_datetime_operator_3', 'example_branch_datetime_operator_2' retrieved from /home/airflow/.local/lib/python3.8/site-packages/airflow/example_dags/example_branch_datetime_operator.py
[2024-05-30T00:11:33.508+0000] {logging_mixin.py:188} INFO - [2024-05-30T00:11:33.508+0000] {dag.py:3036} INFO - Sync 3 DAGs
[2024-05-30T00:11:33.535+0000] {logging_mixin.py:188} INFO - [2024-05-30T00:11:33.535+0000] {dag.py:3823} INFO - Setting next_dagrun for example_branch_datetime_operator to 2024-05-29 00:00:00+00:00, run_after=2024-05-30 00:00:00+00:00
[2024-05-30T00:11:33.541+0000] {logging_mixin.py:188} INFO - [2024-05-30T00:11:33.541+0000] {dag.py:3823} INFO - Setting next_dagrun for example_branch_datetime_operator_2 to 2024-05-29 00:00:00+00:00, run_after=2024-05-30 00:00:00+00:00
[2024-05-30T00:11:33.544+0000] {logging_mixin.py:188} INFO - [2024-05-30T00:11:33.543+0000] {dag.py:3823} INFO - Setting next_dagrun for example_branch_datetime_operator_3 to 2024-05-29 00:00:00+00:00, run_after=2024-05-30 00:00:00+00:00
[2024-05-30T00:11:33.564+0000] {processor.py:183} INFO - Processing /home/airflow/.local/lib/python3.8/site-packages/airflow/example_dags/example_branch_datetime_operator.py took 0.113 seconds
[2024-05-30T00:12:04.377+0000] {processor.py:161} INFO - Started process (PID=4095) to work on /home/airflow/.local/lib/python3.8/site-packages/airflow/example_dags/example_branch_datetime_operator.py
[2024-05-30T00:12:04.378+0000] {processor.py:830} INFO - Processing file /home/airflow/.local/lib/python3.8/site-packages/airflow/example_dags/example_branch_datetime_operator.py for tasks to queue
[2024-05-30T00:12:04.380+0000] {logging_mixin.py:188} INFO - [2024-05-30T00:12:04.379+0000] {dagbag.py:538} INFO - Filling up the DagBag from /home/airflow/.local/lib/python3.8/site-packages/airflow/example_dags/example_branch_datetime_operator.py
[2024-05-30T00:12:04.389+0000] {processor.py:840} INFO - DAG(s) 'example_branch_datetime_operator_3', 'example_branch_datetime_operator', 'example_branch_datetime_operator_2' retrieved from /home/airflow/.local/lib/python3.8/site-packages/airflow/example_dags/example_branch_datetime_operator.py
[2024-05-30T00:12:04.420+0000] {logging_mixin.py:188} INFO - [2024-05-30T00:12:04.420+0000] {dag.py:3036} INFO - Sync 3 DAGs
[2024-05-30T00:12:04.442+0000] {logging_mixin.py:188} INFO - [2024-05-30T00:12:04.442+0000] {dag.py:3823} INFO - Setting next_dagrun for example_branch_datetime_operator to 2024-05-29 00:00:00+00:00, run_after=2024-05-30 00:00:00+00:00
[2024-05-30T00:12:04.448+0000] {logging_mixin.py:188} INFO - [2024-05-30T00:12:04.448+0000] {dag.py:3823} INFO - Setting next_dagrun for example_branch_datetime_operator_2 to 2024-05-29 00:00:00+00:00, run_after=2024-05-30 00:00:00+00:00
[2024-05-30T00:12:04.451+0000] {logging_mixin.py:188} INFO - [2024-05-30T00:12:04.451+0000] {dag.py:3823} INFO - Setting next_dagrun for example_branch_datetime_operator_3 to 2024-05-29 00:00:00+00:00, run_after=2024-05-30 00:00:00+00:00
[2024-05-30T00:12:04.469+0000] {processor.py:183} INFO - Processing /home/airflow/.local/lib/python3.8/site-packages/airflow/example_dags/example_branch_datetime_operator.py took 0.096 seconds
[2024-05-30T00:12:34.979+0000] {processor.py:161} INFO - Started process (PID=4154) to work on /home/airflow/.local/lib/python3.8/site-packages/airflow/example_dags/example_branch_datetime_operator.py
[2024-05-30T00:12:34.980+0000] {processor.py:830} INFO - Processing file /home/airflow/.local/lib/python3.8/site-packages/airflow/example_dags/example_branch_datetime_operator.py for tasks to queue
[2024-05-30T00:12:34.981+0000] {logging_mixin.py:188} INFO - [2024-05-30T00:12:34.981+0000] {dagbag.py:538} INFO - Filling up the DagBag from /home/airflow/.local/lib/python3.8/site-packages/airflow/example_dags/example_branch_datetime_operator.py
[2024-05-30T00:12:34.991+0000] {processor.py:840} INFO - DAG(s) 'example_branch_datetime_operator_2', 'example_branch_datetime_operator_3', 'example_branch_datetime_operator' retrieved from /home/airflow/.local/lib/python3.8/site-packages/airflow/example_dags/example_branch_datetime_operator.py
[2024-05-30T00:12:35.018+0000] {logging_mixin.py:188} INFO - [2024-05-30T00:12:35.018+0000] {dag.py:3036} INFO - Sync 3 DAGs
[2024-05-30T00:12:35.040+0000] {logging_mixin.py:188} INFO - [2024-05-30T00:12:35.040+0000] {dag.py:3823} INFO - Setting next_dagrun for example_branch_datetime_operator to 2024-05-29 00:00:00+00:00, run_after=2024-05-30 00:00:00+00:00
[2024-05-30T00:12:35.046+0000] {logging_mixin.py:188} INFO - [2024-05-30T00:12:35.046+0000] {dag.py:3823} INFO - Setting next_dagrun for example_branch_datetime_operator_2 to 2024-05-29 00:00:00+00:00, run_after=2024-05-30 00:00:00+00:00
[2024-05-30T00:12:35.049+0000] {logging_mixin.py:188} INFO - [2024-05-30T00:12:35.049+0000] {dag.py:3823} INFO - Setting next_dagrun for example_branch_datetime_operator_3 to 2024-05-29 00:00:00+00:00, run_after=2024-05-30 00:00:00+00:00
[2024-05-30T00:12:35.069+0000] {processor.py:183} INFO - Processing /home/airflow/.local/lib/python3.8/site-packages/airflow/example_dags/example_branch_datetime_operator.py took 0.093 seconds
[2024-05-30T00:13:05.956+0000] {processor.py:161} INFO - Started process (PID=4213) to work on /home/airflow/.local/lib/python3.8/site-packages/airflow/example_dags/example_branch_datetime_operator.py
[2024-05-30T00:13:05.957+0000] {processor.py:830} INFO - Processing file /home/airflow/.local/lib/python3.8/site-packages/airflow/example_dags/example_branch_datetime_operator.py for tasks to queue
[2024-05-30T00:13:05.958+0000] {logging_mixin.py:188} INFO - [2024-05-30T00:13:05.957+0000] {dagbag.py:538} INFO - Filling up the DagBag from /home/airflow/.local/lib/python3.8/site-packages/airflow/example_dags/example_branch_datetime_operator.py
[2024-05-30T00:13:05.970+0000] {processor.py:840} INFO - DAG(s) 'example_branch_datetime_operator', 'example_branch_datetime_operator_3', 'example_branch_datetime_operator_2' retrieved from /home/airflow/.local/lib/python3.8/site-packages/airflow/example_dags/example_branch_datetime_operator.py
[2024-05-30T00:13:05.998+0000] {logging_mixin.py:188} INFO - [2024-05-30T00:13:05.997+0000] {dag.py:3036} INFO - Sync 3 DAGs
[2024-05-30T00:13:06.018+0000] {logging_mixin.py:188} INFO - [2024-05-30T00:13:06.018+0000] {dag.py:3823} INFO - Setting next_dagrun for example_branch_datetime_operator to 2024-05-29 00:00:00+00:00, run_after=2024-05-30 00:00:00+00:00
[2024-05-30T00:13:06.022+0000] {logging_mixin.py:188} INFO - [2024-05-30T00:13:06.022+0000] {dag.py:3823} INFO - Setting next_dagrun for example_branch_datetime_operator_2 to 2024-05-29 00:00:00+00:00, run_after=2024-05-30 00:00:00+00:00
[2024-05-30T00:13:06.025+0000] {logging_mixin.py:188} INFO - [2024-05-30T00:13:06.025+0000] {dag.py:3823} INFO - Setting next_dagrun for example_branch_datetime_operator_3 to 2024-05-29 00:00:00+00:00, run_after=2024-05-30 00:00:00+00:00
[2024-05-30T00:13:06.045+0000] {processor.py:183} INFO - Processing /home/airflow/.local/lib/python3.8/site-packages/airflow/example_dags/example_branch_datetime_operator.py took 0.092 seconds
[2024-05-30T00:13:36.685+0000] {processor.py:161} INFO - Started process (PID=4272) to work on /home/airflow/.local/lib/python3.8/site-packages/airflow/example_dags/example_branch_datetime_operator.py
[2024-05-30T00:13:36.686+0000] {processor.py:830} INFO - Processing file /home/airflow/.local/lib/python3.8/site-packages/airflow/example_dags/example_branch_datetime_operator.py for tasks to queue
[2024-05-30T00:13:36.688+0000] {logging_mixin.py:188} INFO - [2024-05-30T00:13:36.687+0000] {dagbag.py:538} INFO - Filling up the DagBag from /home/airflow/.local/lib/python3.8/site-packages/airflow/example_dags/example_branch_datetime_operator.py
[2024-05-30T00:13:36.697+0000] {processor.py:840} INFO - DAG(s) 'example_branch_datetime_operator_3', 'example_branch_datetime_operator', 'example_branch_datetime_operator_2' retrieved from /home/airflow/.local/lib/python3.8/site-packages/airflow/example_dags/example_branch_datetime_operator.py
[2024-05-30T00:13:36.726+0000] {logging_mixin.py:188} INFO - [2024-05-30T00:13:36.725+0000] {dag.py:3036} INFO - Sync 3 DAGs
[2024-05-30T00:13:36.747+0000] {logging_mixin.py:188} INFO - [2024-05-30T00:13:36.747+0000] {dag.py:3823} INFO - Setting next_dagrun for example_branch_datetime_operator to 2024-05-29 00:00:00+00:00, run_after=2024-05-30 00:00:00+00:00
[2024-05-30T00:13:36.752+0000] {logging_mixin.py:188} INFO - [2024-05-30T00:13:36.752+0000] {dag.py:3823} INFO - Setting next_dagrun for example_branch_datetime_operator_2 to 2024-05-29 00:00:00+00:00, run_after=2024-05-30 00:00:00+00:00
[2024-05-30T00:13:36.755+0000] {logging_mixin.py:188} INFO - [2024-05-30T00:13:36.755+0000] {dag.py:3823} INFO - Setting next_dagrun for example_branch_datetime_operator_3 to 2024-05-29 00:00:00+00:00, run_after=2024-05-30 00:00:00+00:00
[2024-05-30T00:13:36.774+0000] {processor.py:183} INFO - Processing /home/airflow/.local/lib/python3.8/site-packages/airflow/example_dags/example_branch_datetime_operator.py took 0.092 seconds
[2024-05-30T00:14:07.320+0000] {processor.py:161} INFO - Started process (PID=4337) to work on /home/airflow/.local/lib/python3.8/site-packages/airflow/example_dags/example_branch_datetime_operator.py
[2024-05-30T00:14:07.321+0000] {processor.py:830} INFO - Processing file /home/airflow/.local/lib/python3.8/site-packages/airflow/example_dags/example_branch_datetime_operator.py for tasks to queue
[2024-05-30T00:14:07.322+0000] {logging_mixin.py:188} INFO - [2024-05-30T00:14:07.322+0000] {dagbag.py:538} INFO - Filling up the DagBag from /home/airflow/.local/lib/python3.8/site-packages/airflow/example_dags/example_branch_datetime_operator.py
[2024-05-30T00:14:07.332+0000] {processor.py:840} INFO - DAG(s) 'example_branch_datetime_operator_2', 'example_branch_datetime_operator_3', 'example_branch_datetime_operator' retrieved from /home/airflow/.local/lib/python3.8/site-packages/airflow/example_dags/example_branch_datetime_operator.py
[2024-05-30T00:14:07.361+0000] {logging_mixin.py:188} INFO - [2024-05-30T00:14:07.361+0000] {dag.py:3036} INFO - Sync 3 DAGs
[2024-05-30T00:14:07.383+0000] {logging_mixin.py:188} INFO - [2024-05-30T00:14:07.383+0000] {dag.py:3823} INFO - Setting next_dagrun for example_branch_datetime_operator to 2024-05-29 00:00:00+00:00, run_after=2024-05-30 00:00:00+00:00
[2024-05-30T00:14:07.389+0000] {logging_mixin.py:188} INFO - [2024-05-30T00:14:07.388+0000] {dag.py:3823} INFO - Setting next_dagrun for example_branch_datetime_operator_2 to 2024-05-29 00:00:00+00:00, run_after=2024-05-30 00:00:00+00:00
[2024-05-30T00:14:07.392+0000] {logging_mixin.py:188} INFO - [2024-05-30T00:14:07.391+0000] {dag.py:3823} INFO - Setting next_dagrun for example_branch_datetime_operator_3 to 2024-05-29 00:00:00+00:00, run_after=2024-05-30 00:00:00+00:00
[2024-05-30T00:14:07.410+0000] {processor.py:183} INFO - Processing /home/airflow/.local/lib/python3.8/site-packages/airflow/example_dags/example_branch_datetime_operator.py took 0.093 seconds
