[2024-05-30T00:00:16.520+0000] {processor.py:161} INFO - Started process (PID=2757) to work on /home/airflow/.local/lib/python3.8/site-packages/airflow/example_dags/example_python_operator.py
[2024-05-30T00:00:16.522+0000] {processor.py:830} INFO - Processing file /home/airflow/.local/lib/python3.8/site-packages/airflow/example_dags/example_python_operator.py for tasks to queue
[2024-05-30T00:00:16.523+0000] {logging_mixin.py:188} INFO - [2024-05-30T00:00:16.523+0000] {dagbag.py:538} INFO - Filling up the DagBag from /home/airflow/.local/lib/python3.8/site-packages/airflow/example_dags/example_python_operator.py
[2024-05-30T00:00:16.534+0000] {processor.py:840} INFO - DAG(s) 'example_python_operator' retrieved from /home/airflow/.local/lib/python3.8/site-packages/airflow/example_dags/example_python_operator.py
[2024-05-30T00:00:16.556+0000] {logging_mixin.py:188} INFO - [2024-05-30T00:00:16.556+0000] {dag.py:3036} INFO - Sync 1 DAGs
[2024-05-30T00:00:16.571+0000] {logging_mixin.py:188} INFO - [2024-05-30T00:00:16.571+0000] {dag.py:3823} INFO - Setting next_dagrun for example_python_operator to None, run_after=None
[2024-05-30T00:00:16.593+0000] {processor.py:183} INFO - Processing /home/airflow/.local/lib/python3.8/site-packages/airflow/example_dags/example_python_operator.py took 0.076 seconds
[2024-05-30T00:00:48.722+0000] {processor.py:161} INFO - Started process (PID=2816) to work on /home/airflow/.local/lib/python3.8/site-packages/airflow/example_dags/example_python_operator.py
[2024-05-30T00:00:48.724+0000] {processor.py:830} INFO - Processing file /home/airflow/.local/lib/python3.8/site-packages/airflow/example_dags/example_python_operator.py for tasks to queue
[2024-05-30T00:00:48.725+0000] {logging_mixin.py:188} INFO - [2024-05-30T00:00:48.725+0000] {dagbag.py:538} INFO - Filling up the DagBag from /home/airflow/.local/lib/python3.8/site-packages/airflow/example_dags/example_python_operator.py
[2024-05-30T00:00:48.741+0000] {processor.py:840} INFO - DAG(s) 'example_python_operator' retrieved from /home/airflow/.local/lib/python3.8/site-packages/airflow/example_dags/example_python_operator.py
[2024-05-30T00:00:48.789+0000] {logging_mixin.py:188} INFO - [2024-05-30T00:00:48.789+0000] {dag.py:3036} INFO - Sync 1 DAGs
[2024-05-30T00:00:48.818+0000] {logging_mixin.py:188} INFO - [2024-05-30T00:00:48.817+0000] {dag.py:3823} INFO - Setting next_dagrun for example_python_operator to None, run_after=None
[2024-05-30T00:00:48.861+0000] {processor.py:183} INFO - Processing /home/airflow/.local/lib/python3.8/site-packages/airflow/example_dags/example_python_operator.py took 0.144 seconds
[2024-05-30T00:01:19.469+0000] {processor.py:161} INFO - Started process (PID=2875) to work on /home/airflow/.local/lib/python3.8/site-packages/airflow/example_dags/example_python_operator.py
[2024-05-30T00:01:19.471+0000] {processor.py:830} INFO - Processing file /home/airflow/.local/lib/python3.8/site-packages/airflow/example_dags/example_python_operator.py for tasks to queue
[2024-05-30T00:01:19.472+0000] {logging_mixin.py:188} INFO - [2024-05-30T00:01:19.472+0000] {dagbag.py:538} INFO - Filling up the DagBag from /home/airflow/.local/lib/python3.8/site-packages/airflow/example_dags/example_python_operator.py
[2024-05-30T00:01:19.483+0000] {processor.py:840} INFO - DAG(s) 'example_python_operator' retrieved from /home/airflow/.local/lib/python3.8/site-packages/airflow/example_dags/example_python_operator.py
[2024-05-30T00:01:19.506+0000] {logging_mixin.py:188} INFO - [2024-05-30T00:01:19.505+0000] {dag.py:3036} INFO - Sync 1 DAGs
[2024-05-30T00:01:19.517+0000] {logging_mixin.py:188} INFO - [2024-05-30T00:01:19.517+0000] {dag.py:3823} INFO - Setting next_dagrun for example_python_operator to None, run_after=None
[2024-05-30T00:01:19.539+0000] {processor.py:183} INFO - Processing /home/airflow/.local/lib/python3.8/site-packages/airflow/example_dags/example_python_operator.py took 0.073 seconds
[2024-05-30T00:01:49.748+0000] {processor.py:161} INFO - Started process (PID=2933) to work on /home/airflow/.local/lib/python3.8/site-packages/airflow/example_dags/example_python_operator.py
[2024-05-30T00:01:49.749+0000] {processor.py:830} INFO - Processing file /home/airflow/.local/lib/python3.8/site-packages/airflow/example_dags/example_python_operator.py for tasks to queue
[2024-05-30T00:01:49.750+0000] {logging_mixin.py:188} INFO - [2024-05-30T00:01:49.750+0000] {dagbag.py:538} INFO - Filling up the DagBag from /home/airflow/.local/lib/python3.8/site-packages/airflow/example_dags/example_python_operator.py
[2024-05-30T00:01:49.761+0000] {processor.py:840} INFO - DAG(s) 'example_python_operator' retrieved from /home/airflow/.local/lib/python3.8/site-packages/airflow/example_dags/example_python_operator.py
[2024-05-30T00:01:49.784+0000] {logging_mixin.py:188} INFO - [2024-05-30T00:01:49.784+0000] {dag.py:3036} INFO - Sync 1 DAGs
[2024-05-30T00:01:49.796+0000] {logging_mixin.py:188} INFO - [2024-05-30T00:01:49.796+0000] {dag.py:3823} INFO - Setting next_dagrun for example_python_operator to None, run_after=None
[2024-05-30T00:01:49.818+0000] {processor.py:183} INFO - Processing /home/airflow/.local/lib/python3.8/site-packages/airflow/example_dags/example_python_operator.py took 0.074 seconds
[2024-05-30T00:02:20.952+0000] {processor.py:161} INFO - Started process (PID=2993) to work on /home/airflow/.local/lib/python3.8/site-packages/airflow/example_dags/example_python_operator.py
[2024-05-30T00:02:20.954+0000] {processor.py:830} INFO - Processing file /home/airflow/.local/lib/python3.8/site-packages/airflow/example_dags/example_python_operator.py for tasks to queue
[2024-05-30T00:02:20.955+0000] {logging_mixin.py:188} INFO - [2024-05-30T00:02:20.955+0000] {dagbag.py:538} INFO - Filling up the DagBag from /home/airflow/.local/lib/python3.8/site-packages/airflow/example_dags/example_python_operator.py
[2024-05-30T00:02:20.968+0000] {processor.py:840} INFO - DAG(s) 'example_python_operator' retrieved from /home/airflow/.local/lib/python3.8/site-packages/airflow/example_dags/example_python_operator.py
[2024-05-30T00:02:20.992+0000] {logging_mixin.py:188} INFO - [2024-05-30T00:02:20.992+0000] {dag.py:3036} INFO - Sync 1 DAGs
[2024-05-30T00:02:21.004+0000] {logging_mixin.py:188} INFO - [2024-05-30T00:02:21.004+0000] {dag.py:3823} INFO - Setting next_dagrun for example_python_operator to None, run_after=None
[2024-05-30T00:02:21.025+0000] {processor.py:183} INFO - Processing /home/airflow/.local/lib/python3.8/site-packages/airflow/example_dags/example_python_operator.py took 0.077 seconds
[2024-05-30T00:02:53.454+0000] {processor.py:161} INFO - Started process (PID=3052) to work on /home/airflow/.local/lib/python3.8/site-packages/airflow/example_dags/example_python_operator.py
[2024-05-30T00:02:53.468+0000] {processor.py:830} INFO - Processing file /home/airflow/.local/lib/python3.8/site-packages/airflow/example_dags/example_python_operator.py for tasks to queue
[2024-05-30T00:02:53.470+0000] {logging_mixin.py:188} INFO - [2024-05-30T00:02:53.470+0000] {dagbag.py:538} INFO - Filling up the DagBag from /home/airflow/.local/lib/python3.8/site-packages/airflow/example_dags/example_python_operator.py
[2024-05-30T00:02:53.491+0000] {processor.py:840} INFO - DAG(s) 'example_python_operator' retrieved from /home/airflow/.local/lib/python3.8/site-packages/airflow/example_dags/example_python_operator.py
[2024-05-30T00:02:53.526+0000] {logging_mixin.py:188} INFO - [2024-05-30T00:02:53.526+0000] {dag.py:3036} INFO - Sync 1 DAGs
[2024-05-30T00:02:53.545+0000] {logging_mixin.py:188} INFO - [2024-05-30T00:02:53.545+0000] {dag.py:3823} INFO - Setting next_dagrun for example_python_operator to None, run_after=None
[2024-05-30T00:02:53.577+0000] {processor.py:183} INFO - Processing /home/airflow/.local/lib/python3.8/site-packages/airflow/example_dags/example_python_operator.py took 0.128 seconds
[2024-05-30T00:03:24.067+0000] {processor.py:161} INFO - Started process (PID=3111) to work on /home/airflow/.local/lib/python3.8/site-packages/airflow/example_dags/example_python_operator.py
[2024-05-30T00:03:24.068+0000] {processor.py:830} INFO - Processing file /home/airflow/.local/lib/python3.8/site-packages/airflow/example_dags/example_python_operator.py for tasks to queue
[2024-05-30T00:03:24.070+0000] {logging_mixin.py:188} INFO - [2024-05-30T00:03:24.070+0000] {dagbag.py:538} INFO - Filling up the DagBag from /home/airflow/.local/lib/python3.8/site-packages/airflow/example_dags/example_python_operator.py
[2024-05-30T00:03:24.080+0000] {processor.py:840} INFO - DAG(s) 'example_python_operator' retrieved from /home/airflow/.local/lib/python3.8/site-packages/airflow/example_dags/example_python_operator.py
[2024-05-30T00:03:24.104+0000] {logging_mixin.py:188} INFO - [2024-05-30T00:03:24.104+0000] {dag.py:3036} INFO - Sync 1 DAGs
[2024-05-30T00:03:24.117+0000] {logging_mixin.py:188} INFO - [2024-05-30T00:03:24.116+0000] {dag.py:3823} INFO - Setting next_dagrun for example_python_operator to None, run_after=None
[2024-05-30T00:03:24.250+0000] {processor.py:183} INFO - Processing /home/airflow/.local/lib/python3.8/site-packages/airflow/example_dags/example_python_operator.py took 0.186 seconds
[2024-05-30T00:03:55.051+0000] {processor.py:161} INFO - Started process (PID=3170) to work on /home/airflow/.local/lib/python3.8/site-packages/airflow/example_dags/example_python_operator.py
[2024-05-30T00:03:55.052+0000] {processor.py:830} INFO - Processing file /home/airflow/.local/lib/python3.8/site-packages/airflow/example_dags/example_python_operator.py for tasks to queue
[2024-05-30T00:03:55.053+0000] {logging_mixin.py:188} INFO - [2024-05-30T00:03:55.053+0000] {dagbag.py:538} INFO - Filling up the DagBag from /home/airflow/.local/lib/python3.8/site-packages/airflow/example_dags/example_python_operator.py
[2024-05-30T00:03:55.064+0000] {processor.py:840} INFO - DAG(s) 'example_python_operator' retrieved from /home/airflow/.local/lib/python3.8/site-packages/airflow/example_dags/example_python_operator.py
[2024-05-30T00:03:55.085+0000] {logging_mixin.py:188} INFO - [2024-05-30T00:03:55.085+0000] {dag.py:3036} INFO - Sync 1 DAGs
[2024-05-30T00:03:55.096+0000] {logging_mixin.py:188} INFO - [2024-05-30T00:03:55.096+0000] {dag.py:3823} INFO - Setting next_dagrun for example_python_operator to None, run_after=None
[2024-05-30T00:03:55.116+0000] {processor.py:183} INFO - Processing /home/airflow/.local/lib/python3.8/site-packages/airflow/example_dags/example_python_operator.py took 0.068 seconds
[2024-05-30T00:04:25.508+0000] {processor.py:161} INFO - Started process (PID=3229) to work on /home/airflow/.local/lib/python3.8/site-packages/airflow/example_dags/example_python_operator.py
[2024-05-30T00:04:25.509+0000] {processor.py:830} INFO - Processing file /home/airflow/.local/lib/python3.8/site-packages/airflow/example_dags/example_python_operator.py for tasks to queue
[2024-05-30T00:04:25.511+0000] {logging_mixin.py:188} INFO - [2024-05-30T00:04:25.510+0000] {dagbag.py:538} INFO - Filling up the DagBag from /home/airflow/.local/lib/python3.8/site-packages/airflow/example_dags/example_python_operator.py
[2024-05-30T00:04:25.521+0000] {processor.py:840} INFO - DAG(s) 'example_python_operator' retrieved from /home/airflow/.local/lib/python3.8/site-packages/airflow/example_dags/example_python_operator.py
[2024-05-30T00:04:25.541+0000] {logging_mixin.py:188} INFO - [2024-05-30T00:04:25.541+0000] {dag.py:3036} INFO - Sync 1 DAGs
[2024-05-30T00:04:25.552+0000] {logging_mixin.py:188} INFO - [2024-05-30T00:04:25.552+0000] {dag.py:3823} INFO - Setting next_dagrun for example_python_operator to None, run_after=None
[2024-05-30T00:04:25.571+0000] {processor.py:183} INFO - Processing /home/airflow/.local/lib/python3.8/site-packages/airflow/example_dags/example_python_operator.py took 0.066 seconds
[2024-05-30T00:04:56.382+0000] {processor.py:161} INFO - Started process (PID=3288) to work on /home/airflow/.local/lib/python3.8/site-packages/airflow/example_dags/example_python_operator.py
[2024-05-30T00:04:56.383+0000] {processor.py:830} INFO - Processing file /home/airflow/.local/lib/python3.8/site-packages/airflow/example_dags/example_python_operator.py for tasks to queue
[2024-05-30T00:04:56.384+0000] {logging_mixin.py:188} INFO - [2024-05-30T00:04:56.384+0000] {dagbag.py:538} INFO - Filling up the DagBag from /home/airflow/.local/lib/python3.8/site-packages/airflow/example_dags/example_python_operator.py
[2024-05-30T00:04:56.396+0000] {processor.py:840} INFO - DAG(s) 'example_python_operator' retrieved from /home/airflow/.local/lib/python3.8/site-packages/airflow/example_dags/example_python_operator.py
[2024-05-30T00:04:56.419+0000] {logging_mixin.py:188} INFO - [2024-05-30T00:04:56.419+0000] {dag.py:3036} INFO - Sync 1 DAGs
[2024-05-30T00:04:56.543+0000] {logging_mixin.py:188} INFO - [2024-05-30T00:04:56.543+0000] {dag.py:3823} INFO - Setting next_dagrun for example_python_operator to None, run_after=None
[2024-05-30T00:04:56.564+0000] {processor.py:183} INFO - Processing /home/airflow/.local/lib/python3.8/site-packages/airflow/example_dags/example_python_operator.py took 0.186 seconds
[2024-05-30T00:05:27.473+0000] {processor.py:161} INFO - Started process (PID=3347) to work on /home/airflow/.local/lib/python3.8/site-packages/airflow/example_dags/example_python_operator.py
[2024-05-30T00:05:27.474+0000] {processor.py:830} INFO - Processing file /home/airflow/.local/lib/python3.8/site-packages/airflow/example_dags/example_python_operator.py for tasks to queue
[2024-05-30T00:05:27.475+0000] {logging_mixin.py:188} INFO - [2024-05-30T00:05:27.475+0000] {dagbag.py:538} INFO - Filling up the DagBag from /home/airflow/.local/lib/python3.8/site-packages/airflow/example_dags/example_python_operator.py
[2024-05-30T00:05:27.486+0000] {processor.py:840} INFO - DAG(s) 'example_python_operator' retrieved from /home/airflow/.local/lib/python3.8/site-packages/airflow/example_dags/example_python_operator.py
[2024-05-30T00:05:27.508+0000] {logging_mixin.py:188} INFO - [2024-05-30T00:05:27.508+0000] {dag.py:3036} INFO - Sync 1 DAGs
[2024-05-30T00:05:27.520+0000] {logging_mixin.py:188} INFO - [2024-05-30T00:05:27.520+0000] {dag.py:3823} INFO - Setting next_dagrun for example_python_operator to None, run_after=None
[2024-05-30T00:05:27.656+0000] {processor.py:183} INFO - Processing /home/airflow/.local/lib/python3.8/site-packages/airflow/example_dags/example_python_operator.py took 0.186 seconds
[2024-05-30T00:05:58.203+0000] {processor.py:161} INFO - Started process (PID=3406) to work on /home/airflow/.local/lib/python3.8/site-packages/airflow/example_dags/example_python_operator.py
[2024-05-30T00:05:58.204+0000] {processor.py:830} INFO - Processing file /home/airflow/.local/lib/python3.8/site-packages/airflow/example_dags/example_python_operator.py for tasks to queue
[2024-05-30T00:05:58.206+0000] {logging_mixin.py:188} INFO - [2024-05-30T00:05:58.205+0000] {dagbag.py:538} INFO - Filling up the DagBag from /home/airflow/.local/lib/python3.8/site-packages/airflow/example_dags/example_python_operator.py
[2024-05-30T00:05:58.218+0000] {processor.py:840} INFO - DAG(s) 'example_python_operator' retrieved from /home/airflow/.local/lib/python3.8/site-packages/airflow/example_dags/example_python_operator.py
[2024-05-30T00:05:58.242+0000] {logging_mixin.py:188} INFO - [2024-05-30T00:05:58.242+0000] {dag.py:3036} INFO - Sync 1 DAGs
[2024-05-30T00:05:58.255+0000] {logging_mixin.py:188} INFO - [2024-05-30T00:05:58.255+0000] {dag.py:3823} INFO - Setting next_dagrun for example_python_operator to None, run_after=None
[2024-05-30T00:05:58.277+0000] {processor.py:183} INFO - Processing /home/airflow/.local/lib/python3.8/site-packages/airflow/example_dags/example_python_operator.py took 0.077 seconds
[2024-05-30T00:06:29.939+0000] {processor.py:161} INFO - Started process (PID=3465) to work on /home/airflow/.local/lib/python3.8/site-packages/airflow/example_dags/example_python_operator.py
[2024-05-30T00:06:29.940+0000] {processor.py:830} INFO - Processing file /home/airflow/.local/lib/python3.8/site-packages/airflow/example_dags/example_python_operator.py for tasks to queue
[2024-05-30T00:06:29.942+0000] {logging_mixin.py:188} INFO - [2024-05-30T00:06:29.941+0000] {dagbag.py:538} INFO - Filling up the DagBag from /home/airflow/.local/lib/python3.8/site-packages/airflow/example_dags/example_python_operator.py
[2024-05-30T00:06:29.950+0000] {processor.py:840} INFO - DAG(s) 'example_python_operator' retrieved from /home/airflow/.local/lib/python3.8/site-packages/airflow/example_dags/example_python_operator.py
[2024-05-30T00:06:29.972+0000] {logging_mixin.py:188} INFO - [2024-05-30T00:06:29.972+0000] {dag.py:3036} INFO - Sync 1 DAGs
[2024-05-30T00:06:29.983+0000] {logging_mixin.py:188} INFO - [2024-05-30T00:06:29.982+0000] {dag.py:3823} INFO - Setting next_dagrun for example_python_operator to None, run_after=None
[2024-05-30T00:06:30.002+0000] {processor.py:183} INFO - Processing /home/airflow/.local/lib/python3.8/site-packages/airflow/example_dags/example_python_operator.py took 0.065 seconds
[2024-05-30T00:07:00.864+0000] {processor.py:161} INFO - Started process (PID=3524) to work on /home/airflow/.local/lib/python3.8/site-packages/airflow/example_dags/example_python_operator.py
[2024-05-30T00:07:00.865+0000] {processor.py:830} INFO - Processing file /home/airflow/.local/lib/python3.8/site-packages/airflow/example_dags/example_python_operator.py for tasks to queue
[2024-05-30T00:07:00.866+0000] {logging_mixin.py:188} INFO - [2024-05-30T00:07:00.866+0000] {dagbag.py:538} INFO - Filling up the DagBag from /home/airflow/.local/lib/python3.8/site-packages/airflow/example_dags/example_python_operator.py
[2024-05-30T00:07:00.876+0000] {processor.py:840} INFO - DAG(s) 'example_python_operator' retrieved from /home/airflow/.local/lib/python3.8/site-packages/airflow/example_dags/example_python_operator.py
[2024-05-30T00:07:00.898+0000] {logging_mixin.py:188} INFO - [2024-05-30T00:07:00.898+0000] {dag.py:3036} INFO - Sync 1 DAGs
[2024-05-30T00:07:00.910+0000] {logging_mixin.py:188} INFO - [2024-05-30T00:07:00.910+0000] {dag.py:3823} INFO - Setting next_dagrun for example_python_operator to None, run_after=None
[2024-05-30T00:07:00.928+0000] {processor.py:183} INFO - Processing /home/airflow/.local/lib/python3.8/site-packages/airflow/example_dags/example_python_operator.py took 0.067 seconds
[2024-05-30T00:07:31.919+0000] {processor.py:161} INFO - Started process (PID=3583) to work on /home/airflow/.local/lib/python3.8/site-packages/airflow/example_dags/example_python_operator.py
[2024-05-30T00:07:31.920+0000] {processor.py:830} INFO - Processing file /home/airflow/.local/lib/python3.8/site-packages/airflow/example_dags/example_python_operator.py for tasks to queue
[2024-05-30T00:07:31.921+0000] {logging_mixin.py:188} INFO - [2024-05-30T00:07:31.921+0000] {dagbag.py:538} INFO - Filling up the DagBag from /home/airflow/.local/lib/python3.8/site-packages/airflow/example_dags/example_python_operator.py
[2024-05-30T00:07:31.931+0000] {processor.py:840} INFO - DAG(s) 'example_python_operator' retrieved from /home/airflow/.local/lib/python3.8/site-packages/airflow/example_dags/example_python_operator.py
[2024-05-30T00:07:31.954+0000] {logging_mixin.py:188} INFO - [2024-05-30T00:07:31.954+0000] {dag.py:3036} INFO - Sync 1 DAGs
[2024-05-30T00:07:31.966+0000] {logging_mixin.py:188} INFO - [2024-05-30T00:07:31.966+0000] {dag.py:3823} INFO - Setting next_dagrun for example_python_operator to None, run_after=None
[2024-05-30T00:07:31.987+0000] {processor.py:183} INFO - Processing /home/airflow/.local/lib/python3.8/site-packages/airflow/example_dags/example_python_operator.py took 0.072 seconds
[2024-05-30T00:08:02.312+0000] {processor.py:161} INFO - Started process (PID=3642) to work on /home/airflow/.local/lib/python3.8/site-packages/airflow/example_dags/example_python_operator.py
[2024-05-30T00:08:02.313+0000] {processor.py:830} INFO - Processing file /home/airflow/.local/lib/python3.8/site-packages/airflow/example_dags/example_python_operator.py for tasks to queue
[2024-05-30T00:08:02.314+0000] {logging_mixin.py:188} INFO - [2024-05-30T00:08:02.314+0000] {dagbag.py:538} INFO - Filling up the DagBag from /home/airflow/.local/lib/python3.8/site-packages/airflow/example_dags/example_python_operator.py
[2024-05-30T00:08:02.324+0000] {processor.py:840} INFO - DAG(s) 'example_python_operator' retrieved from /home/airflow/.local/lib/python3.8/site-packages/airflow/example_dags/example_python_operator.py
[2024-05-30T00:08:02.349+0000] {logging_mixin.py:188} INFO - [2024-05-30T00:08:02.348+0000] {dag.py:3036} INFO - Sync 1 DAGs
[2024-05-30T00:08:02.362+0000] {logging_mixin.py:188} INFO - [2024-05-30T00:08:02.362+0000] {dag.py:3823} INFO - Setting next_dagrun for example_python_operator to None, run_after=None
[2024-05-30T00:08:02.384+0000] {processor.py:183} INFO - Processing /home/airflow/.local/lib/python3.8/site-packages/airflow/example_dags/example_python_operator.py took 0.075 seconds
[2024-05-30T00:08:32.758+0000] {processor.py:161} INFO - Started process (PID=3701) to work on /home/airflow/.local/lib/python3.8/site-packages/airflow/example_dags/example_python_operator.py
[2024-05-30T00:08:32.759+0000] {processor.py:830} INFO - Processing file /home/airflow/.local/lib/python3.8/site-packages/airflow/example_dags/example_python_operator.py for tasks to queue
[2024-05-30T00:08:32.761+0000] {logging_mixin.py:188} INFO - [2024-05-30T00:08:32.760+0000] {dagbag.py:538} INFO - Filling up the DagBag from /home/airflow/.local/lib/python3.8/site-packages/airflow/example_dags/example_python_operator.py
[2024-05-30T00:08:32.772+0000] {processor.py:840} INFO - DAG(s) 'example_python_operator' retrieved from /home/airflow/.local/lib/python3.8/site-packages/airflow/example_dags/example_python_operator.py
[2024-05-30T00:08:32.794+0000] {logging_mixin.py:188} INFO - [2024-05-30T00:08:32.793+0000] {dag.py:3036} INFO - Sync 1 DAGs
[2024-05-30T00:08:32.807+0000] {logging_mixin.py:188} INFO - [2024-05-30T00:08:32.807+0000] {dag.py:3823} INFO - Setting next_dagrun for example_python_operator to None, run_after=None
[2024-05-30T00:08:32.829+0000] {processor.py:183} INFO - Processing /home/airflow/.local/lib/python3.8/site-packages/airflow/example_dags/example_python_operator.py took 0.075 seconds
[2024-05-30T00:09:03.665+0000] {processor.py:161} INFO - Started process (PID=3760) to work on /home/airflow/.local/lib/python3.8/site-packages/airflow/example_dags/example_python_operator.py
[2024-05-30T00:09:03.666+0000] {processor.py:830} INFO - Processing file /home/airflow/.local/lib/python3.8/site-packages/airflow/example_dags/example_python_operator.py for tasks to queue
[2024-05-30T00:09:03.668+0000] {logging_mixin.py:188} INFO - [2024-05-30T00:09:03.667+0000] {dagbag.py:538} INFO - Filling up the DagBag from /home/airflow/.local/lib/python3.8/site-packages/airflow/example_dags/example_python_operator.py
[2024-05-30T00:09:03.678+0000] {processor.py:840} INFO - DAG(s) 'example_python_operator' retrieved from /home/airflow/.local/lib/python3.8/site-packages/airflow/example_dags/example_python_operator.py
[2024-05-30T00:09:03.703+0000] {logging_mixin.py:188} INFO - [2024-05-30T00:09:03.703+0000] {dag.py:3036} INFO - Sync 1 DAGs
[2024-05-30T00:09:03.716+0000] {logging_mixin.py:188} INFO - [2024-05-30T00:09:03.716+0000] {dag.py:3823} INFO - Setting next_dagrun for example_python_operator to None, run_after=None
[2024-05-30T00:09:03.740+0000] {processor.py:183} INFO - Processing /home/airflow/.local/lib/python3.8/site-packages/airflow/example_dags/example_python_operator.py took 0.078 seconds
[2024-05-30T00:09:34.079+0000] {processor.py:161} INFO - Started process (PID=3819) to work on /home/airflow/.local/lib/python3.8/site-packages/airflow/example_dags/example_python_operator.py
[2024-05-30T00:09:34.081+0000] {processor.py:830} INFO - Processing file /home/airflow/.local/lib/python3.8/site-packages/airflow/example_dags/example_python_operator.py for tasks to queue
[2024-05-30T00:09:34.082+0000] {logging_mixin.py:188} INFO - [2024-05-30T00:09:34.082+0000] {dagbag.py:538} INFO - Filling up the DagBag from /home/airflow/.local/lib/python3.8/site-packages/airflow/example_dags/example_python_operator.py
[2024-05-30T00:09:34.094+0000] {processor.py:840} INFO - DAG(s) 'example_python_operator' retrieved from /home/airflow/.local/lib/python3.8/site-packages/airflow/example_dags/example_python_operator.py
[2024-05-30T00:09:34.122+0000] {logging_mixin.py:188} INFO - [2024-05-30T00:09:34.122+0000] {dag.py:3036} INFO - Sync 1 DAGs
[2024-05-30T00:09:34.140+0000] {logging_mixin.py:188} INFO - [2024-05-30T00:09:34.140+0000] {dag.py:3823} INFO - Setting next_dagrun for example_python_operator to None, run_after=None
[2024-05-30T00:09:34.170+0000] {processor.py:183} INFO - Processing /home/airflow/.local/lib/python3.8/site-packages/airflow/example_dags/example_python_operator.py took 0.097 seconds
[2024-05-30T00:10:04.517+0000] {processor.py:161} INFO - Started process (PID=3878) to work on /home/airflow/.local/lib/python3.8/site-packages/airflow/example_dags/example_python_operator.py
[2024-05-30T00:10:04.518+0000] {processor.py:830} INFO - Processing file /home/airflow/.local/lib/python3.8/site-packages/airflow/example_dags/example_python_operator.py for tasks to queue
[2024-05-30T00:10:04.521+0000] {logging_mixin.py:188} INFO - [2024-05-30T00:10:04.520+0000] {dagbag.py:538} INFO - Filling up the DagBag from /home/airflow/.local/lib/python3.8/site-packages/airflow/example_dags/example_python_operator.py
[2024-05-30T00:10:04.536+0000] {processor.py:840} INFO - DAG(s) 'example_python_operator' retrieved from /home/airflow/.local/lib/python3.8/site-packages/airflow/example_dags/example_python_operator.py
[2024-05-30T00:10:04.566+0000] {logging_mixin.py:188} INFO - [2024-05-30T00:10:04.565+0000] {dag.py:3036} INFO - Sync 1 DAGs
[2024-05-30T00:10:04.583+0000] {logging_mixin.py:188} INFO - [2024-05-30T00:10:04.582+0000] {dag.py:3823} INFO - Setting next_dagrun for example_python_operator to None, run_after=None
[2024-05-30T00:10:04.609+0000] {processor.py:183} INFO - Processing /home/airflow/.local/lib/python3.8/site-packages/airflow/example_dags/example_python_operator.py took 0.098 seconds
[2024-05-30T00:10:35.421+0000] {processor.py:161} INFO - Started process (PID=3937) to work on /home/airflow/.local/lib/python3.8/site-packages/airflow/example_dags/example_python_operator.py
[2024-05-30T00:10:35.422+0000] {processor.py:830} INFO - Processing file /home/airflow/.local/lib/python3.8/site-packages/airflow/example_dags/example_python_operator.py for tasks to queue
[2024-05-30T00:10:35.423+0000] {logging_mixin.py:188} INFO - [2024-05-30T00:10:35.423+0000] {dagbag.py:538} INFO - Filling up the DagBag from /home/airflow/.local/lib/python3.8/site-packages/airflow/example_dags/example_python_operator.py
[2024-05-30T00:10:35.434+0000] {processor.py:840} INFO - DAG(s) 'example_python_operator' retrieved from /home/airflow/.local/lib/python3.8/site-packages/airflow/example_dags/example_python_operator.py
[2024-05-30T00:10:35.456+0000] {logging_mixin.py:188} INFO - [2024-05-30T00:10:35.456+0000] {dag.py:3036} INFO - Sync 1 DAGs
[2024-05-30T00:10:35.468+0000] {logging_mixin.py:188} INFO - [2024-05-30T00:10:35.468+0000] {dag.py:3823} INFO - Setting next_dagrun for example_python_operator to None, run_after=None
[2024-05-30T00:10:35.487+0000] {processor.py:183} INFO - Processing /home/airflow/.local/lib/python3.8/site-packages/airflow/example_dags/example_python_operator.py took 0.069 seconds
[2024-05-30T00:11:05.796+0000] {processor.py:161} INFO - Started process (PID=3996) to work on /home/airflow/.local/lib/python3.8/site-packages/airflow/example_dags/example_python_operator.py
[2024-05-30T00:11:05.797+0000] {processor.py:830} INFO - Processing file /home/airflow/.local/lib/python3.8/site-packages/airflow/example_dags/example_python_operator.py for tasks to queue
[2024-05-30T00:11:05.798+0000] {logging_mixin.py:188} INFO - [2024-05-30T00:11:05.798+0000] {dagbag.py:538} INFO - Filling up the DagBag from /home/airflow/.local/lib/python3.8/site-packages/airflow/example_dags/example_python_operator.py
[2024-05-30T00:11:05.807+0000] {processor.py:840} INFO - DAG(s) 'example_python_operator' retrieved from /home/airflow/.local/lib/python3.8/site-packages/airflow/example_dags/example_python_operator.py
[2024-05-30T00:11:05.825+0000] {logging_mixin.py:188} INFO - [2024-05-30T00:11:05.825+0000] {dag.py:3036} INFO - Sync 1 DAGs
[2024-05-30T00:11:05.835+0000] {logging_mixin.py:188} INFO - [2024-05-30T00:11:05.835+0000] {dag.py:3823} INFO - Setting next_dagrun for example_python_operator to None, run_after=None
[2024-05-30T00:11:05.851+0000] {processor.py:183} INFO - Processing /home/airflow/.local/lib/python3.8/site-packages/airflow/example_dags/example_python_operator.py took 0.058 seconds
[2024-05-30T00:11:36.772+0000] {processor.py:161} INFO - Started process (PID=4061) to work on /home/airflow/.local/lib/python3.8/site-packages/airflow/example_dags/example_python_operator.py
[2024-05-30T00:11:36.773+0000] {processor.py:830} INFO - Processing file /home/airflow/.local/lib/python3.8/site-packages/airflow/example_dags/example_python_operator.py for tasks to queue
[2024-05-30T00:11:36.775+0000] {logging_mixin.py:188} INFO - [2024-05-30T00:11:36.775+0000] {dagbag.py:538} INFO - Filling up the DagBag from /home/airflow/.local/lib/python3.8/site-packages/airflow/example_dags/example_python_operator.py
[2024-05-30T00:11:36.786+0000] {processor.py:840} INFO - DAG(s) 'example_python_operator' retrieved from /home/airflow/.local/lib/python3.8/site-packages/airflow/example_dags/example_python_operator.py
[2024-05-30T00:11:36.810+0000] {logging_mixin.py:188} INFO - [2024-05-30T00:11:36.809+0000] {dag.py:3036} INFO - Sync 1 DAGs
[2024-05-30T00:11:36.824+0000] {logging_mixin.py:188} INFO - [2024-05-30T00:11:36.824+0000] {dag.py:3823} INFO - Setting next_dagrun for example_python_operator to None, run_after=None
[2024-05-30T00:11:36.850+0000] {processor.py:183} INFO - Processing /home/airflow/.local/lib/python3.8/site-packages/airflow/example_dags/example_python_operator.py took 0.081 seconds
[2024-05-30T00:12:07.683+0000] {processor.py:161} INFO - Started process (PID=4120) to work on /home/airflow/.local/lib/python3.8/site-packages/airflow/example_dags/example_python_operator.py
[2024-05-30T00:12:07.684+0000] {processor.py:830} INFO - Processing file /home/airflow/.local/lib/python3.8/site-packages/airflow/example_dags/example_python_operator.py for tasks to queue
[2024-05-30T00:12:07.686+0000] {logging_mixin.py:188} INFO - [2024-05-30T00:12:07.685+0000] {dagbag.py:538} INFO - Filling up the DagBag from /home/airflow/.local/lib/python3.8/site-packages/airflow/example_dags/example_python_operator.py
[2024-05-30T00:12:07.700+0000] {processor.py:840} INFO - DAG(s) 'example_python_operator' retrieved from /home/airflow/.local/lib/python3.8/site-packages/airflow/example_dags/example_python_operator.py
[2024-05-30T00:12:07.732+0000] {logging_mixin.py:188} INFO - [2024-05-30T00:12:07.731+0000] {dag.py:3036} INFO - Sync 1 DAGs
[2024-05-30T00:12:07.745+0000] {logging_mixin.py:188} INFO - [2024-05-30T00:12:07.744+0000] {dag.py:3823} INFO - Setting next_dagrun for example_python_operator to None, run_after=None
[2024-05-30T00:12:07.775+0000] {processor.py:183} INFO - Processing /home/airflow/.local/lib/python3.8/site-packages/airflow/example_dags/example_python_operator.py took 0.098 seconds
[2024-05-30T00:12:38.177+0000] {processor.py:161} INFO - Started process (PID=4179) to work on /home/airflow/.local/lib/python3.8/site-packages/airflow/example_dags/example_python_operator.py
[2024-05-30T00:12:38.179+0000] {processor.py:830} INFO - Processing file /home/airflow/.local/lib/python3.8/site-packages/airflow/example_dags/example_python_operator.py for tasks to queue
[2024-05-30T00:12:38.180+0000] {logging_mixin.py:188} INFO - [2024-05-30T00:12:38.180+0000] {dagbag.py:538} INFO - Filling up the DagBag from /home/airflow/.local/lib/python3.8/site-packages/airflow/example_dags/example_python_operator.py
[2024-05-30T00:12:38.190+0000] {processor.py:840} INFO - DAG(s) 'example_python_operator' retrieved from /home/airflow/.local/lib/python3.8/site-packages/airflow/example_dags/example_python_operator.py
[2024-05-30T00:12:38.213+0000] {logging_mixin.py:188} INFO - [2024-05-30T00:12:38.212+0000] {dag.py:3036} INFO - Sync 1 DAGs
[2024-05-30T00:12:38.224+0000] {logging_mixin.py:188} INFO - [2024-05-30T00:12:38.224+0000] {dag.py:3823} INFO - Setting next_dagrun for example_python_operator to None, run_after=None
[2024-05-30T00:12:38.245+0000] {processor.py:183} INFO - Processing /home/airflow/.local/lib/python3.8/site-packages/airflow/example_dags/example_python_operator.py took 0.071 seconds
[2024-05-30T00:13:09.111+0000] {processor.py:161} INFO - Started process (PID=4238) to work on /home/airflow/.local/lib/python3.8/site-packages/airflow/example_dags/example_python_operator.py
[2024-05-30T00:13:09.112+0000] {processor.py:830} INFO - Processing file /home/airflow/.local/lib/python3.8/site-packages/airflow/example_dags/example_python_operator.py for tasks to queue
[2024-05-30T00:13:09.113+0000] {logging_mixin.py:188} INFO - [2024-05-30T00:13:09.113+0000] {dagbag.py:538} INFO - Filling up the DagBag from /home/airflow/.local/lib/python3.8/site-packages/airflow/example_dags/example_python_operator.py
[2024-05-30T00:13:09.125+0000] {processor.py:840} INFO - DAG(s) 'example_python_operator' retrieved from /home/airflow/.local/lib/python3.8/site-packages/airflow/example_dags/example_python_operator.py
[2024-05-30T00:13:09.149+0000] {logging_mixin.py:188} INFO - [2024-05-30T00:13:09.149+0000] {dag.py:3036} INFO - Sync 1 DAGs
[2024-05-30T00:13:09.161+0000] {logging_mixin.py:188} INFO - [2024-05-30T00:13:09.161+0000] {dag.py:3823} INFO - Setting next_dagrun for example_python_operator to None, run_after=None
[2024-05-30T00:13:09.183+0000] {processor.py:183} INFO - Processing /home/airflow/.local/lib/python3.8/site-packages/airflow/example_dags/example_python_operator.py took 0.075 seconds
[2024-05-30T00:13:39.724+0000] {processor.py:161} INFO - Started process (PID=4297) to work on /home/airflow/.local/lib/python3.8/site-packages/airflow/example_dags/example_python_operator.py
[2024-05-30T00:13:39.725+0000] {processor.py:830} INFO - Processing file /home/airflow/.local/lib/python3.8/site-packages/airflow/example_dags/example_python_operator.py for tasks to queue
[2024-05-30T00:13:39.727+0000] {logging_mixin.py:188} INFO - [2024-05-30T00:13:39.727+0000] {dagbag.py:538} INFO - Filling up the DagBag from /home/airflow/.local/lib/python3.8/site-packages/airflow/example_dags/example_python_operator.py
[2024-05-30T00:13:39.738+0000] {processor.py:840} INFO - DAG(s) 'example_python_operator' retrieved from /home/airflow/.local/lib/python3.8/site-packages/airflow/example_dags/example_python_operator.py
[2024-05-30T00:13:39.762+0000] {logging_mixin.py:188} INFO - [2024-05-30T00:13:39.761+0000] {dag.py:3036} INFO - Sync 1 DAGs
[2024-05-30T00:13:39.774+0000] {logging_mixin.py:188} INFO - [2024-05-30T00:13:39.773+0000] {dag.py:3823} INFO - Setting next_dagrun for example_python_operator to None, run_after=None
[2024-05-30T00:13:39.798+0000] {processor.py:183} INFO - Processing /home/airflow/.local/lib/python3.8/site-packages/airflow/example_dags/example_python_operator.py took 0.077 seconds
[2024-05-30T00:14:10.592+0000] {processor.py:161} INFO - Started process (PID=4356) to work on /home/airflow/.local/lib/python3.8/site-packages/airflow/example_dags/example_python_operator.py
[2024-05-30T00:14:10.593+0000] {processor.py:830} INFO - Processing file /home/airflow/.local/lib/python3.8/site-packages/airflow/example_dags/example_python_operator.py for tasks to queue
[2024-05-30T00:14:10.595+0000] {logging_mixin.py:188} INFO - [2024-05-30T00:14:10.595+0000] {dagbag.py:538} INFO - Filling up the DagBag from /home/airflow/.local/lib/python3.8/site-packages/airflow/example_dags/example_python_operator.py
[2024-05-30T00:14:10.605+0000] {processor.py:840} INFO - DAG(s) 'example_python_operator' retrieved from /home/airflow/.local/lib/python3.8/site-packages/airflow/example_dags/example_python_operator.py
[2024-05-30T00:14:10.629+0000] {logging_mixin.py:188} INFO - [2024-05-30T00:14:10.629+0000] {dag.py:3036} INFO - Sync 1 DAGs
[2024-05-30T00:14:10.644+0000] {logging_mixin.py:188} INFO - [2024-05-30T00:14:10.644+0000] {dag.py:3823} INFO - Setting next_dagrun for example_python_operator to None, run_after=None
[2024-05-30T00:14:10.672+0000] {processor.py:183} INFO - Processing /home/airflow/.local/lib/python3.8/site-packages/airflow/example_dags/example_python_operator.py took 0.083 seconds
