[2024-05-30T00:00:14.004+0000] {processor.py:161} INFO - Started process (PID=2731) to work on /home/airflow/.local/lib/python3.8/site-packages/airflow/example_dags/example_sla_dag.py
[2024-05-30T00:00:14.006+0000] {processor.py:830} INFO - Processing file /home/airflow/.local/lib/python3.8/site-packages/airflow/example_dags/example_sla_dag.py for tasks to queue
[2024-05-30T00:00:14.007+0000] {logging_mixin.py:188} INFO - [2024-05-30T00:00:14.007+0000] {dagbag.py:538} INFO - Filling up the DagBag from /home/airflow/.local/lib/python3.8/site-packages/airflow/example_dags/example_sla_dag.py
[2024-05-30T00:00:14.018+0000] {processor.py:840} INFO - DAG(s) 'example_sla_dag' retrieved from /home/airflow/.local/lib/python3.8/site-packages/airflow/example_dags/example_sla_dag.py
[2024-05-30T00:00:14.043+0000] {logging_mixin.py:188} INFO - [2024-05-30T00:00:14.043+0000] {dag.py:3036} INFO - Sync 1 DAGs
[2024-05-30T00:00:14.076+0000] {logging_mixin.py:188} INFO - [2024-05-30T00:00:14.075+0000] {dag.py:3823} INFO - Setting next_dagrun for example_sla_dag to 2024-05-29 23:58:00+00:00, run_after=2024-05-30 00:00:00+00:00
[2024-05-30T00:00:14.099+0000] {processor.py:183} INFO - Processing /home/airflow/.local/lib/python3.8/site-packages/airflow/example_dags/example_sla_dag.py took 0.099 seconds
[2024-05-30T00:00:45.593+0000] {processor.py:161} INFO - Started process (PID=2790) to work on /home/airflow/.local/lib/python3.8/site-packages/airflow/example_dags/example_sla_dag.py
[2024-05-30T00:00:45.596+0000] {processor.py:830} INFO - Processing file /home/airflow/.local/lib/python3.8/site-packages/airflow/example_dags/example_sla_dag.py for tasks to queue
[2024-05-30T00:00:45.597+0000] {logging_mixin.py:188} INFO - [2024-05-30T00:00:45.597+0000] {dagbag.py:538} INFO - Filling up the DagBag from /home/airflow/.local/lib/python3.8/site-packages/airflow/example_dags/example_sla_dag.py
[2024-05-30T00:00:45.616+0000] {processor.py:840} INFO - DAG(s) 'example_sla_dag' retrieved from /home/airflow/.local/lib/python3.8/site-packages/airflow/example_dags/example_sla_dag.py
[2024-05-30T00:00:45.657+0000] {logging_mixin.py:188} INFO - [2024-05-30T00:00:45.656+0000] {dag.py:3036} INFO - Sync 1 DAGs
[2024-05-30T00:00:45.699+0000] {logging_mixin.py:188} INFO - [2024-05-30T00:00:45.699+0000] {dag.py:3823} INFO - Setting next_dagrun for example_sla_dag to 2024-05-29 23:58:00+00:00, run_after=2024-05-30 00:00:00+00:00
[2024-05-30T00:00:45.734+0000] {processor.py:183} INFO - Processing /home/airflow/.local/lib/python3.8/site-packages/airflow/example_dags/example_sla_dag.py took 0.146 seconds
[2024-05-30T00:01:16.201+0000] {processor.py:161} INFO - Started process (PID=2849) to work on /home/airflow/.local/lib/python3.8/site-packages/airflow/example_dags/example_sla_dag.py
[2024-05-30T00:01:16.203+0000] {processor.py:830} INFO - Processing file /home/airflow/.local/lib/python3.8/site-packages/airflow/example_dags/example_sla_dag.py for tasks to queue
[2024-05-30T00:01:16.204+0000] {logging_mixin.py:188} INFO - [2024-05-30T00:01:16.204+0000] {dagbag.py:538} INFO - Filling up the DagBag from /home/airflow/.local/lib/python3.8/site-packages/airflow/example_dags/example_sla_dag.py
[2024-05-30T00:01:16.217+0000] {processor.py:840} INFO - DAG(s) 'example_sla_dag' retrieved from /home/airflow/.local/lib/python3.8/site-packages/airflow/example_dags/example_sla_dag.py
[2024-05-30T00:01:16.248+0000] {logging_mixin.py:188} INFO - [2024-05-30T00:01:16.247+0000] {dag.py:3036} INFO - Sync 1 DAGs
[2024-05-30T00:01:16.283+0000] {logging_mixin.py:188} INFO - [2024-05-30T00:01:16.283+0000] {dag.py:3823} INFO - Setting next_dagrun for example_sla_dag to 2024-05-29 23:58:00+00:00, run_after=2024-05-30 00:00:00+00:00
[2024-05-30T00:01:16.320+0000] {processor.py:183} INFO - Processing /home/airflow/.local/lib/python3.8/site-packages/airflow/example_dags/example_sla_dag.py took 0.124 seconds
[2024-05-30T00:01:46.587+0000] {processor.py:161} INFO - Started process (PID=2908) to work on /home/airflow/.local/lib/python3.8/site-packages/airflow/example_dags/example_sla_dag.py
[2024-05-30T00:01:46.588+0000] {processor.py:830} INFO - Processing file /home/airflow/.local/lib/python3.8/site-packages/airflow/example_dags/example_sla_dag.py for tasks to queue
[2024-05-30T00:01:46.590+0000] {logging_mixin.py:188} INFO - [2024-05-30T00:01:46.590+0000] {dagbag.py:538} INFO - Filling up the DagBag from /home/airflow/.local/lib/python3.8/site-packages/airflow/example_dags/example_sla_dag.py
[2024-05-30T00:01:46.599+0000] {processor.py:840} INFO - DAG(s) 'example_sla_dag' retrieved from /home/airflow/.local/lib/python3.8/site-packages/airflow/example_dags/example_sla_dag.py
[2024-05-30T00:01:46.620+0000] {logging_mixin.py:188} INFO - [2024-05-30T00:01:46.620+0000] {dag.py:3036} INFO - Sync 1 DAGs
[2024-05-30T00:01:46.642+0000] {logging_mixin.py:188} INFO - [2024-05-30T00:01:46.642+0000] {dag.py:3823} INFO - Setting next_dagrun for example_sla_dag to 2024-05-29 23:58:00+00:00, run_after=2024-05-30 00:00:00+00:00
[2024-05-30T00:01:46.664+0000] {processor.py:183} INFO - Processing /home/airflow/.local/lib/python3.8/site-packages/airflow/example_dags/example_sla_dag.py took 0.081 seconds
[2024-05-30T00:02:17.709+0000] {processor.py:161} INFO - Started process (PID=2967) to work on /home/airflow/.local/lib/python3.8/site-packages/airflow/example_dags/example_sla_dag.py
[2024-05-30T00:02:17.710+0000] {processor.py:830} INFO - Processing file /home/airflow/.local/lib/python3.8/site-packages/airflow/example_dags/example_sla_dag.py for tasks to queue
[2024-05-30T00:02:17.711+0000] {logging_mixin.py:188} INFO - [2024-05-30T00:02:17.711+0000] {dagbag.py:538} INFO - Filling up the DagBag from /home/airflow/.local/lib/python3.8/site-packages/airflow/example_dags/example_sla_dag.py
[2024-05-30T00:02:17.719+0000] {processor.py:840} INFO - DAG(s) 'example_sla_dag' retrieved from /home/airflow/.local/lib/python3.8/site-packages/airflow/example_dags/example_sla_dag.py
[2024-05-30T00:02:17.740+0000] {logging_mixin.py:188} INFO - [2024-05-30T00:02:17.740+0000] {dag.py:3036} INFO - Sync 1 DAGs
[2024-05-30T00:02:17.765+0000] {logging_mixin.py:188} INFO - [2024-05-30T00:02:17.764+0000] {dag.py:3823} INFO - Setting next_dagrun for example_sla_dag to 2024-05-30 00:00:00+00:00, run_after=2024-05-30 00:02:00+00:00
[2024-05-30T00:02:17.783+0000] {processor.py:183} INFO - Processing /home/airflow/.local/lib/python3.8/site-packages/airflow/example_dags/example_sla_dag.py took 0.077 seconds
[2024-05-30T00:02:49.530+0000] {processor.py:161} INFO - Started process (PID=3026) to work on /home/airflow/.local/lib/python3.8/site-packages/airflow/example_dags/example_sla_dag.py
[2024-05-30T00:02:49.532+0000] {processor.py:830} INFO - Processing file /home/airflow/.local/lib/python3.8/site-packages/airflow/example_dags/example_sla_dag.py for tasks to queue
[2024-05-30T00:02:49.533+0000] {logging_mixin.py:188} INFO - [2024-05-30T00:02:49.533+0000] {dagbag.py:538} INFO - Filling up the DagBag from /home/airflow/.local/lib/python3.8/site-packages/airflow/example_dags/example_sla_dag.py
[2024-05-30T00:02:49.551+0000] {processor.py:840} INFO - DAG(s) 'example_sla_dag' retrieved from /home/airflow/.local/lib/python3.8/site-packages/airflow/example_dags/example_sla_dag.py
[2024-05-30T00:02:49.588+0000] {logging_mixin.py:188} INFO - [2024-05-30T00:02:49.588+0000] {dag.py:3036} INFO - Sync 1 DAGs
[2024-05-30T00:02:49.622+0000] {logging_mixin.py:188} INFO - [2024-05-30T00:02:49.622+0000] {dag.py:3823} INFO - Setting next_dagrun for example_sla_dag to 2024-05-30 00:00:00+00:00, run_after=2024-05-30 00:02:00+00:00
[2024-05-30T00:02:49.647+0000] {processor.py:183} INFO - Processing /home/airflow/.local/lib/python3.8/site-packages/airflow/example_dags/example_sla_dag.py took 0.120 seconds
[2024-05-30T00:03:20.027+0000] {processor.py:161} INFO - Started process (PID=3085) to work on /home/airflow/.local/lib/python3.8/site-packages/airflow/example_dags/example_sla_dag.py
[2024-05-30T00:03:20.028+0000] {processor.py:830} INFO - Processing file /home/airflow/.local/lib/python3.8/site-packages/airflow/example_dags/example_sla_dag.py for tasks to queue
[2024-05-30T00:03:20.030+0000] {logging_mixin.py:188} INFO - [2024-05-30T00:03:20.030+0000] {dagbag.py:538} INFO - Filling up the DagBag from /home/airflow/.local/lib/python3.8/site-packages/airflow/example_dags/example_sla_dag.py
[2024-05-30T00:03:20.039+0000] {processor.py:840} INFO - DAG(s) 'example_sla_dag' retrieved from /home/airflow/.local/lib/python3.8/site-packages/airflow/example_dags/example_sla_dag.py
[2024-05-30T00:03:20.059+0000] {logging_mixin.py:188} INFO - [2024-05-30T00:03:20.058+0000] {dag.py:3036} INFO - Sync 1 DAGs
[2024-05-30T00:03:20.083+0000] {logging_mixin.py:188} INFO - [2024-05-30T00:03:20.082+0000] {dag.py:3823} INFO - Setting next_dagrun for example_sla_dag to 2024-05-30 00:00:00+00:00, run_after=2024-05-30 00:02:00+00:00
[2024-05-30T00:03:20.103+0000] {processor.py:183} INFO - Processing /home/airflow/.local/lib/python3.8/site-packages/airflow/example_dags/example_sla_dag.py took 0.078 seconds
[2024-05-30T00:03:51.017+0000] {processor.py:161} INFO - Started process (PID=3144) to work on /home/airflow/.local/lib/python3.8/site-packages/airflow/example_dags/example_sla_dag.py
[2024-05-30T00:03:51.018+0000] {processor.py:830} INFO - Processing file /home/airflow/.local/lib/python3.8/site-packages/airflow/example_dags/example_sla_dag.py for tasks to queue
[2024-05-30T00:03:51.019+0000] {logging_mixin.py:188} INFO - [2024-05-30T00:03:51.019+0000] {dagbag.py:538} INFO - Filling up the DagBag from /home/airflow/.local/lib/python3.8/site-packages/airflow/example_dags/example_sla_dag.py
[2024-05-30T00:03:51.028+0000] {processor.py:840} INFO - DAG(s) 'example_sla_dag' retrieved from /home/airflow/.local/lib/python3.8/site-packages/airflow/example_dags/example_sla_dag.py
[2024-05-30T00:03:51.049+0000] {logging_mixin.py:188} INFO - [2024-05-30T00:03:51.049+0000] {dag.py:3036} INFO - Sync 1 DAGs
[2024-05-30T00:03:51.071+0000] {logging_mixin.py:188} INFO - [2024-05-30T00:03:51.071+0000] {dag.py:3823} INFO - Setting next_dagrun for example_sla_dag to 2024-05-30 00:00:00+00:00, run_after=2024-05-30 00:02:00+00:00
[2024-05-30T00:03:51.092+0000] {processor.py:183} INFO - Processing /home/airflow/.local/lib/python3.8/site-packages/airflow/example_dags/example_sla_dag.py took 0.078 seconds
[2024-05-30T00:04:21.742+0000] {processor.py:161} INFO - Started process (PID=3203) to work on /home/airflow/.local/lib/python3.8/site-packages/airflow/example_dags/example_sla_dag.py
[2024-05-30T00:04:21.743+0000] {processor.py:830} INFO - Processing file /home/airflow/.local/lib/python3.8/site-packages/airflow/example_dags/example_sla_dag.py for tasks to queue
[2024-05-30T00:04:21.745+0000] {logging_mixin.py:188} INFO - [2024-05-30T00:04:21.744+0000] {dagbag.py:538} INFO - Filling up the DagBag from /home/airflow/.local/lib/python3.8/site-packages/airflow/example_dags/example_sla_dag.py
[2024-05-30T00:04:21.753+0000] {processor.py:840} INFO - DAG(s) 'example_sla_dag' retrieved from /home/airflow/.local/lib/python3.8/site-packages/airflow/example_dags/example_sla_dag.py
[2024-05-30T00:04:21.773+0000] {logging_mixin.py:188} INFO - [2024-05-30T00:04:21.773+0000] {dag.py:3036} INFO - Sync 1 DAGs
[2024-05-30T00:04:21.909+0000] {logging_mixin.py:188} INFO - [2024-05-30T00:04:21.909+0000] {dag.py:3823} INFO - Setting next_dagrun for example_sla_dag to 2024-05-30 00:02:00+00:00, run_after=2024-05-30 00:04:00+00:00
[2024-05-30T00:04:21.927+0000] {processor.py:183} INFO - Processing /home/airflow/.local/lib/python3.8/site-packages/airflow/example_dags/example_sla_dag.py took 0.189 seconds
[2024-05-30T00:04:52.426+0000] {processor.py:161} INFO - Started process (PID=3262) to work on /home/airflow/.local/lib/python3.8/site-packages/airflow/example_dags/example_sla_dag.py
[2024-05-30T00:04:52.427+0000] {processor.py:830} INFO - Processing file /home/airflow/.local/lib/python3.8/site-packages/airflow/example_dags/example_sla_dag.py for tasks to queue
[2024-05-30T00:04:52.429+0000] {logging_mixin.py:188} INFO - [2024-05-30T00:04:52.429+0000] {dagbag.py:538} INFO - Filling up the DagBag from /home/airflow/.local/lib/python3.8/site-packages/airflow/example_dags/example_sla_dag.py
[2024-05-30T00:04:52.438+0000] {processor.py:840} INFO - DAG(s) 'example_sla_dag' retrieved from /home/airflow/.local/lib/python3.8/site-packages/airflow/example_dags/example_sla_dag.py
[2024-05-30T00:04:52.460+0000] {logging_mixin.py:188} INFO - [2024-05-30T00:04:52.460+0000] {dag.py:3036} INFO - Sync 1 DAGs
[2024-05-30T00:04:52.483+0000] {logging_mixin.py:188} INFO - [2024-05-30T00:04:52.483+0000] {dag.py:3823} INFO - Setting next_dagrun for example_sla_dag to 2024-05-30 00:02:00+00:00, run_after=2024-05-30 00:04:00+00:00
[2024-05-30T00:04:52.506+0000] {processor.py:183} INFO - Processing /home/airflow/.local/lib/python3.8/site-packages/airflow/example_dags/example_sla_dag.py took 0.083 seconds
[2024-05-30T00:05:23.132+0000] {processor.py:161} INFO - Started process (PID=3321) to work on /home/airflow/.local/lib/python3.8/site-packages/airflow/example_dags/example_sla_dag.py
[2024-05-30T00:05:23.133+0000] {processor.py:830} INFO - Processing file /home/airflow/.local/lib/python3.8/site-packages/airflow/example_dags/example_sla_dag.py for tasks to queue
[2024-05-30T00:05:23.134+0000] {logging_mixin.py:188} INFO - [2024-05-30T00:05:23.134+0000] {dagbag.py:538} INFO - Filling up the DagBag from /home/airflow/.local/lib/python3.8/site-packages/airflow/example_dags/example_sla_dag.py
[2024-05-30T00:05:23.142+0000] {processor.py:840} INFO - DAG(s) 'example_sla_dag' retrieved from /home/airflow/.local/lib/python3.8/site-packages/airflow/example_dags/example_sla_dag.py
[2024-05-30T00:05:23.163+0000] {logging_mixin.py:188} INFO - [2024-05-30T00:05:23.163+0000] {dag.py:3036} INFO - Sync 1 DAGs
[2024-05-30T00:05:23.190+0000] {logging_mixin.py:188} INFO - [2024-05-30T00:05:23.189+0000] {dag.py:3823} INFO - Setting next_dagrun for example_sla_dag to 2024-05-30 00:02:00+00:00, run_after=2024-05-30 00:04:00+00:00
[2024-05-30T00:05:23.213+0000] {processor.py:183} INFO - Processing /home/airflow/.local/lib/python3.8/site-packages/airflow/example_dags/example_sla_dag.py took 0.085 seconds
[2024-05-30T00:05:54.426+0000] {processor.py:161} INFO - Started process (PID=3380) to work on /home/airflow/.local/lib/python3.8/site-packages/airflow/example_dags/example_sla_dag.py
[2024-05-30T00:05:54.427+0000] {processor.py:830} INFO - Processing file /home/airflow/.local/lib/python3.8/site-packages/airflow/example_dags/example_sla_dag.py for tasks to queue
[2024-05-30T00:05:54.429+0000] {logging_mixin.py:188} INFO - [2024-05-30T00:05:54.428+0000] {dagbag.py:538} INFO - Filling up the DagBag from /home/airflow/.local/lib/python3.8/site-packages/airflow/example_dags/example_sla_dag.py
[2024-05-30T00:05:54.437+0000] {processor.py:840} INFO - DAG(s) 'example_sla_dag' retrieved from /home/airflow/.local/lib/python3.8/site-packages/airflow/example_dags/example_sla_dag.py
[2024-05-30T00:05:54.459+0000] {logging_mixin.py:188} INFO - [2024-05-30T00:05:54.459+0000] {dag.py:3036} INFO - Sync 1 DAGs
[2024-05-30T00:05:54.485+0000] {logging_mixin.py:188} INFO - [2024-05-30T00:05:54.484+0000] {dag.py:3823} INFO - Setting next_dagrun for example_sla_dag to 2024-05-30 00:02:00+00:00, run_after=2024-05-30 00:04:00+00:00
[2024-05-30T00:05:54.504+0000] {processor.py:183} INFO - Processing /home/airflow/.local/lib/python3.8/site-packages/airflow/example_dags/example_sla_dag.py took 0.081 seconds
[2024-05-30T00:06:25.893+0000] {processor.py:161} INFO - Started process (PID=3439) to work on /home/airflow/.local/lib/python3.8/site-packages/airflow/example_dags/example_sla_dag.py
[2024-05-30T00:06:25.894+0000] {processor.py:830} INFO - Processing file /home/airflow/.local/lib/python3.8/site-packages/airflow/example_dags/example_sla_dag.py for tasks to queue
[2024-05-30T00:06:25.895+0000] {logging_mixin.py:188} INFO - [2024-05-30T00:06:25.895+0000] {dagbag.py:538} INFO - Filling up the DagBag from /home/airflow/.local/lib/python3.8/site-packages/airflow/example_dags/example_sla_dag.py
[2024-05-30T00:06:25.904+0000] {processor.py:840} INFO - DAG(s) 'example_sla_dag' retrieved from /home/airflow/.local/lib/python3.8/site-packages/airflow/example_dags/example_sla_dag.py
[2024-05-30T00:06:25.928+0000] {logging_mixin.py:188} INFO - [2024-05-30T00:06:25.928+0000] {dag.py:3036} INFO - Sync 1 DAGs
[2024-05-30T00:06:26.071+0000] {logging_mixin.py:188} INFO - [2024-05-30T00:06:26.071+0000] {dag.py:3823} INFO - Setting next_dagrun for example_sla_dag to 2024-05-30 00:04:00+00:00, run_after=2024-05-30 00:06:00+00:00
[2024-05-30T00:06:26.091+0000] {processor.py:183} INFO - Processing /home/airflow/.local/lib/python3.8/site-packages/airflow/example_dags/example_sla_dag.py took 0.201 seconds
[2024-05-30T00:06:56.209+0000] {processor.py:161} INFO - Started process (PID=3498) to work on /home/airflow/.local/lib/python3.8/site-packages/airflow/example_dags/example_sla_dag.py
[2024-05-30T00:06:56.210+0000] {processor.py:830} INFO - Processing file /home/airflow/.local/lib/python3.8/site-packages/airflow/example_dags/example_sla_dag.py for tasks to queue
[2024-05-30T00:06:56.211+0000] {logging_mixin.py:188} INFO - [2024-05-30T00:06:56.211+0000] {dagbag.py:538} INFO - Filling up the DagBag from /home/airflow/.local/lib/python3.8/site-packages/airflow/example_dags/example_sla_dag.py
[2024-05-30T00:06:56.220+0000] {processor.py:840} INFO - DAG(s) 'example_sla_dag' retrieved from /home/airflow/.local/lib/python3.8/site-packages/airflow/example_dags/example_sla_dag.py
[2024-05-30T00:06:56.241+0000] {logging_mixin.py:188} INFO - [2024-05-30T00:06:56.241+0000] {dag.py:3036} INFO - Sync 1 DAGs
[2024-05-30T00:06:56.264+0000] {logging_mixin.py:188} INFO - [2024-05-30T00:06:56.264+0000] {dag.py:3823} INFO - Setting next_dagrun for example_sla_dag to 2024-05-30 00:04:00+00:00, run_after=2024-05-30 00:06:00+00:00
[2024-05-30T00:06:56.286+0000] {processor.py:183} INFO - Processing /home/airflow/.local/lib/python3.8/site-packages/airflow/example_dags/example_sla_dag.py took 0.080 seconds
[2024-05-30T00:07:27.213+0000] {processor.py:161} INFO - Started process (PID=3557) to work on /home/airflow/.local/lib/python3.8/site-packages/airflow/example_dags/example_sla_dag.py
[2024-05-30T00:07:27.215+0000] {processor.py:830} INFO - Processing file /home/airflow/.local/lib/python3.8/site-packages/airflow/example_dags/example_sla_dag.py for tasks to queue
[2024-05-30T00:07:27.217+0000] {logging_mixin.py:188} INFO - [2024-05-30T00:07:27.216+0000] {dagbag.py:538} INFO - Filling up the DagBag from /home/airflow/.local/lib/python3.8/site-packages/airflow/example_dags/example_sla_dag.py
[2024-05-30T00:07:27.228+0000] {processor.py:840} INFO - DAG(s) 'example_sla_dag' retrieved from /home/airflow/.local/lib/python3.8/site-packages/airflow/example_dags/example_sla_dag.py
[2024-05-30T00:07:27.262+0000] {logging_mixin.py:188} INFO - [2024-05-30T00:07:27.262+0000] {dag.py:3036} INFO - Sync 1 DAGs
[2024-05-30T00:07:27.288+0000] {logging_mixin.py:188} INFO - [2024-05-30T00:07:27.288+0000] {dag.py:3823} INFO - Setting next_dagrun for example_sla_dag to 2024-05-30 00:04:00+00:00, run_after=2024-05-30 00:06:00+00:00
[2024-05-30T00:07:27.308+0000] {processor.py:183} INFO - Processing /home/airflow/.local/lib/python3.8/site-packages/airflow/example_dags/example_sla_dag.py took 0.102 seconds
[2024-05-30T00:07:57.523+0000] {processor.py:161} INFO - Started process (PID=3616) to work on /home/airflow/.local/lib/python3.8/site-packages/airflow/example_dags/example_sla_dag.py
[2024-05-30T00:07:57.524+0000] {processor.py:830} INFO - Processing file /home/airflow/.local/lib/python3.8/site-packages/airflow/example_dags/example_sla_dag.py for tasks to queue
[2024-05-30T00:07:57.525+0000] {logging_mixin.py:188} INFO - [2024-05-30T00:07:57.525+0000] {dagbag.py:538} INFO - Filling up the DagBag from /home/airflow/.local/lib/python3.8/site-packages/airflow/example_dags/example_sla_dag.py
[2024-05-30T00:07:57.534+0000] {processor.py:840} INFO - DAG(s) 'example_sla_dag' retrieved from /home/airflow/.local/lib/python3.8/site-packages/airflow/example_dags/example_sla_dag.py
[2024-05-30T00:07:57.561+0000] {logging_mixin.py:188} INFO - [2024-05-30T00:07:57.561+0000] {dag.py:3036} INFO - Sync 1 DAGs
[2024-05-30T00:07:57.582+0000] {logging_mixin.py:188} INFO - [2024-05-30T00:07:57.582+0000] {dag.py:3823} INFO - Setting next_dagrun for example_sla_dag to 2024-05-30 00:04:00+00:00, run_after=2024-05-30 00:06:00+00:00
[2024-05-30T00:07:57.599+0000] {processor.py:183} INFO - Processing /home/airflow/.local/lib/python3.8/site-packages/airflow/example_dags/example_sla_dag.py took 0.080 seconds
[2024-05-30T00:08:28.098+0000] {processor.py:161} INFO - Started process (PID=3675) to work on /home/airflow/.local/lib/python3.8/site-packages/airflow/example_dags/example_sla_dag.py
[2024-05-30T00:08:28.099+0000] {processor.py:830} INFO - Processing file /home/airflow/.local/lib/python3.8/site-packages/airflow/example_dags/example_sla_dag.py for tasks to queue
[2024-05-30T00:08:28.100+0000] {logging_mixin.py:188} INFO - [2024-05-30T00:08:28.100+0000] {dagbag.py:538} INFO - Filling up the DagBag from /home/airflow/.local/lib/python3.8/site-packages/airflow/example_dags/example_sla_dag.py
[2024-05-30T00:08:28.109+0000] {processor.py:840} INFO - DAG(s) 'example_sla_dag' retrieved from /home/airflow/.local/lib/python3.8/site-packages/airflow/example_dags/example_sla_dag.py
[2024-05-30T00:08:28.134+0000] {logging_mixin.py:188} INFO - [2024-05-30T00:08:28.134+0000] {dag.py:3036} INFO - Sync 1 DAGs
[2024-05-30T00:08:28.159+0000] {logging_mixin.py:188} INFO - [2024-05-30T00:08:28.159+0000] {dag.py:3823} INFO - Setting next_dagrun for example_sla_dag to 2024-05-30 00:06:00+00:00, run_after=2024-05-30 00:08:00+00:00
[2024-05-30T00:08:28.180+0000] {processor.py:183} INFO - Processing /home/airflow/.local/lib/python3.8/site-packages/airflow/example_dags/example_sla_dag.py took 0.085 seconds
[2024-05-30T00:08:59.077+0000] {processor.py:161} INFO - Started process (PID=3734) to work on /home/airflow/.local/lib/python3.8/site-packages/airflow/example_dags/example_sla_dag.py
[2024-05-30T00:08:59.078+0000] {processor.py:830} INFO - Processing file /home/airflow/.local/lib/python3.8/site-packages/airflow/example_dags/example_sla_dag.py for tasks to queue
[2024-05-30T00:08:59.079+0000] {logging_mixin.py:188} INFO - [2024-05-30T00:08:59.079+0000] {dagbag.py:538} INFO - Filling up the DagBag from /home/airflow/.local/lib/python3.8/site-packages/airflow/example_dags/example_sla_dag.py
[2024-05-30T00:08:59.089+0000] {processor.py:840} INFO - DAG(s) 'example_sla_dag' retrieved from /home/airflow/.local/lib/python3.8/site-packages/airflow/example_dags/example_sla_dag.py
[2024-05-30T00:08:59.111+0000] {logging_mixin.py:188} INFO - [2024-05-30T00:08:59.111+0000] {dag.py:3036} INFO - Sync 1 DAGs
[2024-05-30T00:08:59.135+0000] {logging_mixin.py:188} INFO - [2024-05-30T00:08:59.134+0000] {dag.py:3823} INFO - Setting next_dagrun for example_sla_dag to 2024-05-30 00:06:00+00:00, run_after=2024-05-30 00:08:00+00:00
[2024-05-30T00:08:59.156+0000] {processor.py:183} INFO - Processing /home/airflow/.local/lib/python3.8/site-packages/airflow/example_dags/example_sla_dag.py took 0.083 seconds
[2024-05-30T00:09:30.290+0000] {processor.py:161} INFO - Started process (PID=3793) to work on /home/airflow/.local/lib/python3.8/site-packages/airflow/example_dags/example_sla_dag.py
[2024-05-30T00:09:30.291+0000] {processor.py:830} INFO - Processing file /home/airflow/.local/lib/python3.8/site-packages/airflow/example_dags/example_sla_dag.py for tasks to queue
[2024-05-30T00:09:30.293+0000] {logging_mixin.py:188} INFO - [2024-05-30T00:09:30.292+0000] {dagbag.py:538} INFO - Filling up the DagBag from /home/airflow/.local/lib/python3.8/site-packages/airflow/example_dags/example_sla_dag.py
[2024-05-30T00:09:30.303+0000] {processor.py:840} INFO - DAG(s) 'example_sla_dag' retrieved from /home/airflow/.local/lib/python3.8/site-packages/airflow/example_dags/example_sla_dag.py
[2024-05-30T00:09:30.326+0000] {logging_mixin.py:188} INFO - [2024-05-30T00:09:30.326+0000] {dag.py:3036} INFO - Sync 1 DAGs
[2024-05-30T00:09:30.351+0000] {logging_mixin.py:188} INFO - [2024-05-30T00:09:30.351+0000] {dag.py:3823} INFO - Setting next_dagrun for example_sla_dag to 2024-05-30 00:06:00+00:00, run_after=2024-05-30 00:08:00+00:00
[2024-05-30T00:09:30.374+0000] {processor.py:183} INFO - Processing /home/airflow/.local/lib/python3.8/site-packages/airflow/example_dags/example_sla_dag.py took 0.087 seconds
[2024-05-30T00:10:01.358+0000] {processor.py:161} INFO - Started process (PID=3852) to work on /home/airflow/.local/lib/python3.8/site-packages/airflow/example_dags/example_sla_dag.py
[2024-05-30T00:10:01.359+0000] {processor.py:830} INFO - Processing file /home/airflow/.local/lib/python3.8/site-packages/airflow/example_dags/example_sla_dag.py for tasks to queue
[2024-05-30T00:10:01.361+0000] {logging_mixin.py:188} INFO - [2024-05-30T00:10:01.360+0000] {dagbag.py:538} INFO - Filling up the DagBag from /home/airflow/.local/lib/python3.8/site-packages/airflow/example_dags/example_sla_dag.py
[2024-05-30T00:10:01.370+0000] {processor.py:840} INFO - DAG(s) 'example_sla_dag' retrieved from /home/airflow/.local/lib/python3.8/site-packages/airflow/example_dags/example_sla_dag.py
[2024-05-30T00:10:01.390+0000] {logging_mixin.py:188} INFO - [2024-05-30T00:10:01.390+0000] {dag.py:3036} INFO - Sync 1 DAGs
[2024-05-30T00:10:01.416+0000] {logging_mixin.py:188} INFO - [2024-05-30T00:10:01.415+0000] {dag.py:3823} INFO - Setting next_dagrun for example_sla_dag to 2024-05-30 00:08:00+00:00, run_after=2024-05-30 00:10:00+00:00
[2024-05-30T00:10:01.441+0000] {processor.py:183} INFO - Processing /home/airflow/.local/lib/python3.8/site-packages/airflow/example_dags/example_sla_dag.py took 0.085 seconds
[2024-05-30T00:10:31.785+0000] {processor.py:161} INFO - Started process (PID=3911) to work on /home/airflow/.local/lib/python3.8/site-packages/airflow/example_dags/example_sla_dag.py
[2024-05-30T00:10:31.786+0000] {processor.py:830} INFO - Processing file /home/airflow/.local/lib/python3.8/site-packages/airflow/example_dags/example_sla_dag.py for tasks to queue
[2024-05-30T00:10:31.787+0000] {logging_mixin.py:188} INFO - [2024-05-30T00:10:31.787+0000] {dagbag.py:538} INFO - Filling up the DagBag from /home/airflow/.local/lib/python3.8/site-packages/airflow/example_dags/example_sla_dag.py
[2024-05-30T00:10:31.796+0000] {processor.py:840} INFO - DAG(s) 'example_sla_dag' retrieved from /home/airflow/.local/lib/python3.8/site-packages/airflow/example_dags/example_sla_dag.py
[2024-05-30T00:10:31.818+0000] {logging_mixin.py:188} INFO - [2024-05-30T00:10:31.818+0000] {dag.py:3036} INFO - Sync 1 DAGs
[2024-05-30T00:10:31.847+0000] {logging_mixin.py:188} INFO - [2024-05-30T00:10:31.847+0000] {dag.py:3823} INFO - Setting next_dagrun for example_sla_dag to 2024-05-30 00:08:00+00:00, run_after=2024-05-30 00:10:00+00:00
[2024-05-30T00:10:31.867+0000] {processor.py:183} INFO - Processing /home/airflow/.local/lib/python3.8/site-packages/airflow/example_dags/example_sla_dag.py took 0.086 seconds
[2024-05-30T00:11:02.681+0000] {processor.py:161} INFO - Started process (PID=3970) to work on /home/airflow/.local/lib/python3.8/site-packages/airflow/example_dags/example_sla_dag.py
[2024-05-30T00:11:02.682+0000] {processor.py:830} INFO - Processing file /home/airflow/.local/lib/python3.8/site-packages/airflow/example_dags/example_sla_dag.py for tasks to queue
[2024-05-30T00:11:02.683+0000] {logging_mixin.py:188} INFO - [2024-05-30T00:11:02.683+0000] {dagbag.py:538} INFO - Filling up the DagBag from /home/airflow/.local/lib/python3.8/site-packages/airflow/example_dags/example_sla_dag.py
[2024-05-30T00:11:02.692+0000] {processor.py:840} INFO - DAG(s) 'example_sla_dag' retrieved from /home/airflow/.local/lib/python3.8/site-packages/airflow/example_dags/example_sla_dag.py
[2024-05-30T00:11:02.717+0000] {logging_mixin.py:188} INFO - [2024-05-30T00:11:02.717+0000] {dag.py:3036} INFO - Sync 1 DAGs
[2024-05-30T00:11:02.742+0000] {logging_mixin.py:188} INFO - [2024-05-30T00:11:02.742+0000] {dag.py:3823} INFO - Setting next_dagrun for example_sla_dag to 2024-05-30 00:08:00+00:00, run_after=2024-05-30 00:10:00+00:00
[2024-05-30T00:11:02.766+0000] {processor.py:183} INFO - Processing /home/airflow/.local/lib/python3.8/site-packages/airflow/example_dags/example_sla_dag.py took 0.089 seconds
[2024-05-30T00:11:33.097+0000] {processor.py:161} INFO - Started process (PID=4029) to work on /home/airflow/.local/lib/python3.8/site-packages/airflow/example_dags/example_sla_dag.py
[2024-05-30T00:11:33.098+0000] {processor.py:830} INFO - Processing file /home/airflow/.local/lib/python3.8/site-packages/airflow/example_dags/example_sla_dag.py for tasks to queue
[2024-05-30T00:11:33.099+0000] {logging_mixin.py:188} INFO - [2024-05-30T00:11:33.099+0000] {dagbag.py:538} INFO - Filling up the DagBag from /home/airflow/.local/lib/python3.8/site-packages/airflow/example_dags/example_sla_dag.py
[2024-05-30T00:11:33.108+0000] {processor.py:840} INFO - DAG(s) 'example_sla_dag' retrieved from /home/airflow/.local/lib/python3.8/site-packages/airflow/example_dags/example_sla_dag.py
[2024-05-30T00:11:33.127+0000] {logging_mixin.py:188} INFO - [2024-05-30T00:11:33.127+0000] {dag.py:3036} INFO - Sync 1 DAGs
[2024-05-30T00:11:33.150+0000] {logging_mixin.py:188} INFO - [2024-05-30T00:11:33.150+0000] {dag.py:3823} INFO - Setting next_dagrun for example_sla_dag to 2024-05-30 00:08:00+00:00, run_after=2024-05-30 00:10:00+00:00
[2024-05-30T00:11:33.171+0000] {processor.py:183} INFO - Processing /home/airflow/.local/lib/python3.8/site-packages/airflow/example_dags/example_sla_dag.py took 0.076 seconds
[2024-05-30T00:12:04.018+0000] {processor.py:161} INFO - Started process (PID=4088) to work on /home/airflow/.local/lib/python3.8/site-packages/airflow/example_dags/example_sla_dag.py
[2024-05-30T00:12:04.020+0000] {processor.py:830} INFO - Processing file /home/airflow/.local/lib/python3.8/site-packages/airflow/example_dags/example_sla_dag.py for tasks to queue
[2024-05-30T00:12:04.021+0000] {logging_mixin.py:188} INFO - [2024-05-30T00:12:04.021+0000] {dagbag.py:538} INFO - Filling up the DagBag from /home/airflow/.local/lib/python3.8/site-packages/airflow/example_dags/example_sla_dag.py
[2024-05-30T00:12:04.030+0000] {processor.py:840} INFO - DAG(s) 'example_sla_dag' retrieved from /home/airflow/.local/lib/python3.8/site-packages/airflow/example_dags/example_sla_dag.py
[2024-05-30T00:12:04.049+0000] {logging_mixin.py:188} INFO - [2024-05-30T00:12:04.049+0000] {dag.py:3036} INFO - Sync 1 DAGs
[2024-05-30T00:12:04.073+0000] {logging_mixin.py:188} INFO - [2024-05-30T00:12:04.072+0000] {dag.py:3823} INFO - Setting next_dagrun for example_sla_dag to 2024-05-30 00:10:00+00:00, run_after=2024-05-30 00:12:00+00:00
[2024-05-30T00:12:04.094+0000] {processor.py:183} INFO - Processing /home/airflow/.local/lib/python3.8/site-packages/airflow/example_dags/example_sla_dag.py took 0.079 seconds
[2024-05-30T00:12:34.596+0000] {processor.py:161} INFO - Started process (PID=4147) to work on /home/airflow/.local/lib/python3.8/site-packages/airflow/example_dags/example_sla_dag.py
[2024-05-30T00:12:34.597+0000] {processor.py:830} INFO - Processing file /home/airflow/.local/lib/python3.8/site-packages/airflow/example_dags/example_sla_dag.py for tasks to queue
[2024-05-30T00:12:34.598+0000] {logging_mixin.py:188} INFO - [2024-05-30T00:12:34.598+0000] {dagbag.py:538} INFO - Filling up the DagBag from /home/airflow/.local/lib/python3.8/site-packages/airflow/example_dags/example_sla_dag.py
[2024-05-30T00:12:34.609+0000] {processor.py:840} INFO - DAG(s) 'example_sla_dag' retrieved from /home/airflow/.local/lib/python3.8/site-packages/airflow/example_dags/example_sla_dag.py
[2024-05-30T00:12:34.629+0000] {logging_mixin.py:188} INFO - [2024-05-30T00:12:34.629+0000] {dag.py:3036} INFO - Sync 1 DAGs
[2024-05-30T00:12:34.652+0000] {logging_mixin.py:188} INFO - [2024-05-30T00:12:34.652+0000] {dag.py:3823} INFO - Setting next_dagrun for example_sla_dag to 2024-05-30 00:10:00+00:00, run_after=2024-05-30 00:12:00+00:00
[2024-05-30T00:12:34.673+0000] {processor.py:183} INFO - Processing /home/airflow/.local/lib/python3.8/site-packages/airflow/example_dags/example_sla_dag.py took 0.081 seconds
[2024-05-30T00:13:05.373+0000] {processor.py:161} INFO - Started process (PID=4206) to work on /home/airflow/.local/lib/python3.8/site-packages/airflow/example_dags/example_sla_dag.py
[2024-05-30T00:13:05.374+0000] {processor.py:830} INFO - Processing file /home/airflow/.local/lib/python3.8/site-packages/airflow/example_dags/example_sla_dag.py for tasks to queue
[2024-05-30T00:13:05.375+0000] {logging_mixin.py:188} INFO - [2024-05-30T00:13:05.375+0000] {dagbag.py:538} INFO - Filling up the DagBag from /home/airflow/.local/lib/python3.8/site-packages/airflow/example_dags/example_sla_dag.py
[2024-05-30T00:13:05.384+0000] {processor.py:840} INFO - DAG(s) 'example_sla_dag' retrieved from /home/airflow/.local/lib/python3.8/site-packages/airflow/example_dags/example_sla_dag.py
[2024-05-30T00:13:05.405+0000] {logging_mixin.py:188} INFO - [2024-05-30T00:13:05.404+0000] {dag.py:3036} INFO - Sync 1 DAGs
[2024-05-30T00:13:05.429+0000] {logging_mixin.py:188} INFO - [2024-05-30T00:13:05.428+0000] {dag.py:3823} INFO - Setting next_dagrun for example_sla_dag to 2024-05-30 00:10:00+00:00, run_after=2024-05-30 00:12:00+00:00
[2024-05-30T00:13:05.446+0000] {processor.py:183} INFO - Processing /home/airflow/.local/lib/python3.8/site-packages/airflow/example_dags/example_sla_dag.py took 0.076 seconds
[2024-05-30T00:13:36.033+0000] {processor.py:161} INFO - Started process (PID=4265) to work on /home/airflow/.local/lib/python3.8/site-packages/airflow/example_dags/example_sla_dag.py
[2024-05-30T00:13:36.034+0000] {processor.py:830} INFO - Processing file /home/airflow/.local/lib/python3.8/site-packages/airflow/example_dags/example_sla_dag.py for tasks to queue
[2024-05-30T00:13:36.036+0000] {logging_mixin.py:188} INFO - [2024-05-30T00:13:36.035+0000] {dagbag.py:538} INFO - Filling up the DagBag from /home/airflow/.local/lib/python3.8/site-packages/airflow/example_dags/example_sla_dag.py
[2024-05-30T00:13:36.044+0000] {processor.py:840} INFO - DAG(s) 'example_sla_dag' retrieved from /home/airflow/.local/lib/python3.8/site-packages/airflow/example_dags/example_sla_dag.py
[2024-05-30T00:13:36.065+0000] {logging_mixin.py:188} INFO - [2024-05-30T00:13:36.065+0000] {dag.py:3036} INFO - Sync 1 DAGs
[2024-05-30T00:13:36.089+0000] {logging_mixin.py:188} INFO - [2024-05-30T00:13:36.089+0000] {dag.py:3823} INFO - Setting next_dagrun for example_sla_dag to 2024-05-30 00:10:00+00:00, run_after=2024-05-30 00:12:00+00:00
[2024-05-30T00:13:36.107+0000] {processor.py:183} INFO - Processing /home/airflow/.local/lib/python3.8/site-packages/airflow/example_dags/example_sla_dag.py took 0.077 seconds
[2024-05-30T00:14:06.764+0000] {processor.py:161} INFO - Started process (PID=4324) to work on /home/airflow/.local/lib/python3.8/site-packages/airflow/example_dags/example_sla_dag.py
[2024-05-30T00:14:06.765+0000] {processor.py:830} INFO - Processing file /home/airflow/.local/lib/python3.8/site-packages/airflow/example_dags/example_sla_dag.py for tasks to queue
[2024-05-30T00:14:06.766+0000] {logging_mixin.py:188} INFO - [2024-05-30T00:14:06.766+0000] {dagbag.py:538} INFO - Filling up the DagBag from /home/airflow/.local/lib/python3.8/site-packages/airflow/example_dags/example_sla_dag.py
[2024-05-30T00:14:06.775+0000] {processor.py:840} INFO - DAG(s) 'example_sla_dag' retrieved from /home/airflow/.local/lib/python3.8/site-packages/airflow/example_dags/example_sla_dag.py
[2024-05-30T00:14:06.796+0000] {logging_mixin.py:188} INFO - [2024-05-30T00:14:06.796+0000] {dag.py:3036} INFO - Sync 1 DAGs
[2024-05-30T00:14:06.821+0000] {logging_mixin.py:188} INFO - [2024-05-30T00:14:06.820+0000] {dag.py:3823} INFO - Setting next_dagrun for example_sla_dag to 2024-05-30 00:12:00+00:00, run_after=2024-05-30 00:14:00+00:00
[2024-05-30T00:14:06.842+0000] {processor.py:183} INFO - Processing /home/airflow/.local/lib/python3.8/site-packages/airflow/example_dags/example_sla_dag.py took 0.082 seconds
[2024-05-30T00:21:14.517+0000] {processor.py:161} INFO - Started process (PID=5151) to work on /home/airflow/.local/lib/python3.8/site-packages/airflow/example_dags/example_sla_dag.py
[2024-05-30T00:21:14.518+0000] {processor.py:830} INFO - Processing file /home/airflow/.local/lib/python3.8/site-packages/airflow/example_dags/example_sla_dag.py for tasks to queue
[2024-05-30T00:21:14.520+0000] {logging_mixin.py:188} INFO - [2024-05-30T00:21:14.520+0000] {dagbag.py:538} INFO - Filling up the DagBag from /home/airflow/.local/lib/python3.8/site-packages/airflow/example_dags/example_sla_dag.py
[2024-05-30T00:21:14.531+0000] {processor.py:840} INFO - DAG(s) 'example_sla_dag' retrieved from /home/airflow/.local/lib/python3.8/site-packages/airflow/example_dags/example_sla_dag.py
[2024-05-30T00:21:14.552+0000] {logging_mixin.py:188} INFO - [2024-05-30T00:21:14.552+0000] {dag.py:3036} INFO - Sync 1 DAGs
[2024-05-30T00:21:14.574+0000] {logging_mixin.py:188} INFO - [2024-05-30T00:21:14.574+0000] {dag.py:3823} INFO - Setting next_dagrun for example_sla_dag to 2024-05-30 00:18:00+00:00, run_after=2024-05-30 00:20:00+00:00
[2024-05-30T00:21:14.596+0000] {processor.py:183} INFO - Processing /home/airflow/.local/lib/python3.8/site-packages/airflow/example_dags/example_sla_dag.py took 0.084 seconds
[2024-05-30T00:21:45.463+0000] {processor.py:161} INFO - Started process (PID=5210) to work on /home/airflow/.local/lib/python3.8/site-packages/airflow/example_dags/example_sla_dag.py
[2024-05-30T00:21:45.465+0000] {processor.py:830} INFO - Processing file /home/airflow/.local/lib/python3.8/site-packages/airflow/example_dags/example_sla_dag.py for tasks to queue
[2024-05-30T00:21:45.466+0000] {logging_mixin.py:188} INFO - [2024-05-30T00:21:45.465+0000] {dagbag.py:538} INFO - Filling up the DagBag from /home/airflow/.local/lib/python3.8/site-packages/airflow/example_dags/example_sla_dag.py
[2024-05-30T00:21:45.475+0000] {processor.py:840} INFO - DAG(s) 'example_sla_dag' retrieved from /home/airflow/.local/lib/python3.8/site-packages/airflow/example_dags/example_sla_dag.py
[2024-05-30T00:21:45.498+0000] {logging_mixin.py:188} INFO - [2024-05-30T00:21:45.497+0000] {dag.py:3036} INFO - Sync 1 DAGs
[2024-05-30T00:21:45.523+0000] {logging_mixin.py:188} INFO - [2024-05-30T00:21:45.523+0000] {dag.py:3823} INFO - Setting next_dagrun for example_sla_dag to 2024-05-30 00:18:00+00:00, run_after=2024-05-30 00:20:00+00:00
[2024-05-30T00:21:45.551+0000] {processor.py:183} INFO - Processing /home/airflow/.local/lib/python3.8/site-packages/airflow/example_dags/example_sla_dag.py took 0.092 seconds
