[2024-05-30T00:00:14.688+0000] {processor.py:161} INFO - Started process (PID=2739) to work on /home/airflow/.local/lib/python3.8/site-packages/airflow/example_dags/example_latest_only_with_trigger.py
[2024-05-30T00:00:14.690+0000] {processor.py:830} INFO - Processing file /home/airflow/.local/lib/python3.8/site-packages/airflow/example_dags/example_latest_only_with_trigger.py for tasks to queue
[2024-05-30T00:00:14.691+0000] {logging_mixin.py:188} INFO - [2024-05-30T00:00:14.691+0000] {dagbag.py:538} INFO - Filling up the DagBag from /home/airflow/.local/lib/python3.8/site-packages/airflow/example_dags/example_latest_only_with_trigger.py
[2024-05-30T00:00:14.697+0000] {processor.py:840} INFO - DAG(s) 'latest_only_with_trigger' retrieved from /home/airflow/.local/lib/python3.8/site-packages/airflow/example_dags/example_latest_only_with_trigger.py
[2024-05-30T00:00:14.720+0000] {logging_mixin.py:188} INFO - [2024-05-30T00:00:14.720+0000] {dag.py:3036} INFO - Sync 1 DAGs
[2024-05-30T00:00:14.741+0000] {logging_mixin.py:188} INFO - [2024-05-30T00:00:14.741+0000] {dag.py:3823} INFO - Setting next_dagrun for latest_only_with_trigger to 2024-05-29 20:00:00+00:00, run_after=2024-05-30 00:00:00+00:00
[2024-05-30T00:00:14.764+0000] {processor.py:183} INFO - Processing /home/airflow/.local/lib/python3.8/site-packages/airflow/example_dags/example_latest_only_with_trigger.py took 0.079 seconds
[2024-05-30T00:00:46.300+0000] {processor.py:161} INFO - Started process (PID=2798) to work on /home/airflow/.local/lib/python3.8/site-packages/airflow/example_dags/example_latest_only_with_trigger.py
[2024-05-30T00:00:46.302+0000] {processor.py:830} INFO - Processing file /home/airflow/.local/lib/python3.8/site-packages/airflow/example_dags/example_latest_only_with_trigger.py for tasks to queue
[2024-05-30T00:00:46.306+0000] {logging_mixin.py:188} INFO - [2024-05-30T00:00:46.304+0000] {dagbag.py:538} INFO - Filling up the DagBag from /home/airflow/.local/lib/python3.8/site-packages/airflow/example_dags/example_latest_only_with_trigger.py
[2024-05-30T00:00:46.320+0000] {processor.py:840} INFO - DAG(s) 'latest_only_with_trigger' retrieved from /home/airflow/.local/lib/python3.8/site-packages/airflow/example_dags/example_latest_only_with_trigger.py
[2024-05-30T00:00:46.353+0000] {logging_mixin.py:188} INFO - [2024-05-30T00:00:46.353+0000] {dag.py:3036} INFO - Sync 1 DAGs
[2024-05-30T00:00:46.384+0000] {logging_mixin.py:188} INFO - [2024-05-30T00:00:46.384+0000] {dag.py:3823} INFO - Setting next_dagrun for latest_only_with_trigger to 2024-05-29 20:00:00+00:00, run_after=2024-05-30 00:00:00+00:00
[2024-05-30T00:00:46.411+0000] {processor.py:183} INFO - Processing /home/airflow/.local/lib/python3.8/site-packages/airflow/example_dags/example_latest_only_with_trigger.py took 0.115 seconds
[2024-05-30T00:01:16.864+0000] {processor.py:161} INFO - Started process (PID=2857) to work on /home/airflow/.local/lib/python3.8/site-packages/airflow/example_dags/example_latest_only_with_trigger.py
[2024-05-30T00:01:16.865+0000] {processor.py:830} INFO - Processing file /home/airflow/.local/lib/python3.8/site-packages/airflow/example_dags/example_latest_only_with_trigger.py for tasks to queue
[2024-05-30T00:01:16.867+0000] {logging_mixin.py:188} INFO - [2024-05-30T00:01:16.867+0000] {dagbag.py:538} INFO - Filling up the DagBag from /home/airflow/.local/lib/python3.8/site-packages/airflow/example_dags/example_latest_only_with_trigger.py
[2024-05-30T00:01:16.877+0000] {processor.py:840} INFO - DAG(s) 'latest_only_with_trigger' retrieved from /home/airflow/.local/lib/python3.8/site-packages/airflow/example_dags/example_latest_only_with_trigger.py
[2024-05-30T00:01:16.909+0000] {logging_mixin.py:188} INFO - [2024-05-30T00:01:16.909+0000] {dag.py:3036} INFO - Sync 1 DAGs
[2024-05-30T00:01:16.939+0000] {logging_mixin.py:188} INFO - [2024-05-30T00:01:16.939+0000] {dag.py:3823} INFO - Setting next_dagrun for latest_only_with_trigger to 2024-05-29 20:00:00+00:00, run_after=2024-05-30 00:00:00+00:00
[2024-05-30T00:01:16.968+0000] {processor.py:183} INFO - Processing /home/airflow/.local/lib/python3.8/site-packages/airflow/example_dags/example_latest_only_with_trigger.py took 0.109 seconds
[2024-05-30T00:01:47.503+0000] {processor.py:161} INFO - Started process (PID=2916) to work on /home/airflow/.local/lib/python3.8/site-packages/airflow/example_dags/example_latest_only_with_trigger.py
[2024-05-30T00:01:47.504+0000] {processor.py:830} INFO - Processing file /home/airflow/.local/lib/python3.8/site-packages/airflow/example_dags/example_latest_only_with_trigger.py for tasks to queue
[2024-05-30T00:01:47.505+0000] {logging_mixin.py:188} INFO - [2024-05-30T00:01:47.505+0000] {dagbag.py:538} INFO - Filling up the DagBag from /home/airflow/.local/lib/python3.8/site-packages/airflow/example_dags/example_latest_only_with_trigger.py
[2024-05-30T00:01:47.511+0000] {processor.py:840} INFO - DAG(s) 'latest_only_with_trigger' retrieved from /home/airflow/.local/lib/python3.8/site-packages/airflow/example_dags/example_latest_only_with_trigger.py
[2024-05-30T00:01:47.533+0000] {logging_mixin.py:188} INFO - [2024-05-30T00:01:47.533+0000] {dag.py:3036} INFO - Sync 1 DAGs
[2024-05-30T00:01:47.553+0000] {logging_mixin.py:188} INFO - [2024-05-30T00:01:47.553+0000] {dag.py:3823} INFO - Setting next_dagrun for latest_only_with_trigger to 2024-05-29 20:00:00+00:00, run_after=2024-05-30 00:00:00+00:00
[2024-05-30T00:01:47.573+0000] {processor.py:183} INFO - Processing /home/airflow/.local/lib/python3.8/site-packages/airflow/example_dags/example_latest_only_with_trigger.py took 0.074 seconds
[2024-05-30T00:02:18.337+0000] {processor.py:161} INFO - Started process (PID=2975) to work on /home/airflow/.local/lib/python3.8/site-packages/airflow/example_dags/example_latest_only_with_trigger.py
[2024-05-30T00:02:18.339+0000] {processor.py:830} INFO - Processing file /home/airflow/.local/lib/python3.8/site-packages/airflow/example_dags/example_latest_only_with_trigger.py for tasks to queue
[2024-05-30T00:02:18.340+0000] {logging_mixin.py:188} INFO - [2024-05-30T00:02:18.340+0000] {dagbag.py:538} INFO - Filling up the DagBag from /home/airflow/.local/lib/python3.8/site-packages/airflow/example_dags/example_latest_only_with_trigger.py
[2024-05-30T00:02:18.347+0000] {processor.py:840} INFO - DAG(s) 'latest_only_with_trigger' retrieved from /home/airflow/.local/lib/python3.8/site-packages/airflow/example_dags/example_latest_only_with_trigger.py
[2024-05-30T00:02:18.370+0000] {logging_mixin.py:188} INFO - [2024-05-30T00:02:18.370+0000] {dag.py:3036} INFO - Sync 1 DAGs
[2024-05-30T00:02:18.391+0000] {logging_mixin.py:188} INFO - [2024-05-30T00:02:18.391+0000] {dag.py:3823} INFO - Setting next_dagrun for latest_only_with_trigger to 2024-05-29 20:00:00+00:00, run_after=2024-05-30 00:00:00+00:00
[2024-05-30T00:02:18.416+0000] {processor.py:183} INFO - Processing /home/airflow/.local/lib/python3.8/site-packages/airflow/example_dags/example_latest_only_with_trigger.py took 0.083 seconds
[2024-05-30T00:02:50.974+0000] {processor.py:161} INFO - Started process (PID=3034) to work on /home/airflow/.local/lib/python3.8/site-packages/airflow/example_dags/example_latest_only_with_trigger.py
[2024-05-30T00:02:50.975+0000] {processor.py:830} INFO - Processing file /home/airflow/.local/lib/python3.8/site-packages/airflow/example_dags/example_latest_only_with_trigger.py for tasks to queue
[2024-05-30T00:02:50.984+0000] {logging_mixin.py:188} INFO - [2024-05-30T00:02:50.976+0000] {dagbag.py:538} INFO - Filling up the DagBag from /home/airflow/.local/lib/python3.8/site-packages/airflow/example_dags/example_latest_only_with_trigger.py
[2024-05-30T00:02:51.004+0000] {processor.py:840} INFO - DAG(s) 'latest_only_with_trigger' retrieved from /home/airflow/.local/lib/python3.8/site-packages/airflow/example_dags/example_latest_only_with_trigger.py
[2024-05-30T00:02:51.047+0000] {logging_mixin.py:188} INFO - [2024-05-30T00:02:51.047+0000] {dag.py:3036} INFO - Sync 1 DAGs
[2024-05-30T00:02:51.161+0000] {logging_mixin.py:188} INFO - [2024-05-30T00:02:51.161+0000] {dag.py:3823} INFO - Setting next_dagrun for latest_only_with_trigger to 2024-05-29 20:00:00+00:00, run_after=2024-05-30 00:00:00+00:00
[2024-05-30T00:02:51.355+0000] {processor.py:183} INFO - Processing /home/airflow/.local/lib/python3.8/site-packages/airflow/example_dags/example_latest_only_with_trigger.py took 0.387 seconds
[2024-05-30T00:03:21.649+0000] {processor.py:161} INFO - Started process (PID=3093) to work on /home/airflow/.local/lib/python3.8/site-packages/airflow/example_dags/example_latest_only_with_trigger.py
[2024-05-30T00:03:21.651+0000] {processor.py:830} INFO - Processing file /home/airflow/.local/lib/python3.8/site-packages/airflow/example_dags/example_latest_only_with_trigger.py for tasks to queue
[2024-05-30T00:03:21.652+0000] {logging_mixin.py:188} INFO - [2024-05-30T00:03:21.652+0000] {dagbag.py:538} INFO - Filling up the DagBag from /home/airflow/.local/lib/python3.8/site-packages/airflow/example_dags/example_latest_only_with_trigger.py
[2024-05-30T00:03:21.658+0000] {processor.py:840} INFO - DAG(s) 'latest_only_with_trigger' retrieved from /home/airflow/.local/lib/python3.8/site-packages/airflow/example_dags/example_latest_only_with_trigger.py
[2024-05-30T00:03:21.679+0000] {logging_mixin.py:188} INFO - [2024-05-30T00:03:21.679+0000] {dag.py:3036} INFO - Sync 1 DAGs
[2024-05-30T00:03:21.700+0000] {logging_mixin.py:188} INFO - [2024-05-30T00:03:21.700+0000] {dag.py:3823} INFO - Setting next_dagrun for latest_only_with_trigger to 2024-05-29 20:00:00+00:00, run_after=2024-05-30 00:00:00+00:00
[2024-05-30T00:03:21.722+0000] {processor.py:183} INFO - Processing /home/airflow/.local/lib/python3.8/site-packages/airflow/example_dags/example_latest_only_with_trigger.py took 0.076 seconds
[2024-05-30T00:03:52.408+0000] {processor.py:161} INFO - Started process (PID=3152) to work on /home/airflow/.local/lib/python3.8/site-packages/airflow/example_dags/example_latest_only_with_trigger.py
[2024-05-30T00:03:52.409+0000] {processor.py:830} INFO - Processing file /home/airflow/.local/lib/python3.8/site-packages/airflow/example_dags/example_latest_only_with_trigger.py for tasks to queue
[2024-05-30T00:03:52.411+0000] {logging_mixin.py:188} INFO - [2024-05-30T00:03:52.411+0000] {dagbag.py:538} INFO - Filling up the DagBag from /home/airflow/.local/lib/python3.8/site-packages/airflow/example_dags/example_latest_only_with_trigger.py
[2024-05-30T00:03:52.421+0000] {processor.py:840} INFO - DAG(s) 'latest_only_with_trigger' retrieved from /home/airflow/.local/lib/python3.8/site-packages/airflow/example_dags/example_latest_only_with_trigger.py
[2024-05-30T00:03:52.443+0000] {logging_mixin.py:188} INFO - [2024-05-30T00:03:52.443+0000] {dag.py:3036} INFO - Sync 1 DAGs
[2024-05-30T00:03:52.465+0000] {logging_mixin.py:188} INFO - [2024-05-30T00:03:52.464+0000] {dag.py:3823} INFO - Setting next_dagrun for latest_only_with_trigger to 2024-05-29 20:00:00+00:00, run_after=2024-05-30 00:00:00+00:00
[2024-05-30T00:03:52.485+0000] {processor.py:183} INFO - Processing /home/airflow/.local/lib/python3.8/site-packages/airflow/example_dags/example_latest_only_with_trigger.py took 0.085 seconds
[2024-05-30T00:04:22.761+0000] {processor.py:161} INFO - Started process (PID=3211) to work on /home/airflow/.local/lib/python3.8/site-packages/airflow/example_dags/example_latest_only_with_trigger.py
[2024-05-30T00:04:22.762+0000] {processor.py:830} INFO - Processing file /home/airflow/.local/lib/python3.8/site-packages/airflow/example_dags/example_latest_only_with_trigger.py for tasks to queue
[2024-05-30T00:04:22.763+0000] {logging_mixin.py:188} INFO - [2024-05-30T00:04:22.763+0000] {dagbag.py:538} INFO - Filling up the DagBag from /home/airflow/.local/lib/python3.8/site-packages/airflow/example_dags/example_latest_only_with_trigger.py
[2024-05-30T00:04:22.769+0000] {processor.py:840} INFO - DAG(s) 'latest_only_with_trigger' retrieved from /home/airflow/.local/lib/python3.8/site-packages/airflow/example_dags/example_latest_only_with_trigger.py
[2024-05-30T00:04:22.791+0000] {logging_mixin.py:188} INFO - [2024-05-30T00:04:22.790+0000] {dag.py:3036} INFO - Sync 1 DAGs
[2024-05-30T00:04:22.810+0000] {logging_mixin.py:188} INFO - [2024-05-30T00:04:22.810+0000] {dag.py:3823} INFO - Setting next_dagrun for latest_only_with_trigger to 2024-05-29 20:00:00+00:00, run_after=2024-05-30 00:00:00+00:00
[2024-05-30T00:04:22.831+0000] {processor.py:183} INFO - Processing /home/airflow/.local/lib/python3.8/site-packages/airflow/example_dags/example_latest_only_with_trigger.py took 0.073 seconds
[2024-05-30T00:04:53.502+0000] {processor.py:161} INFO - Started process (PID=3270) to work on /home/airflow/.local/lib/python3.8/site-packages/airflow/example_dags/example_latest_only_with_trigger.py
[2024-05-30T00:04:53.503+0000] {processor.py:830} INFO - Processing file /home/airflow/.local/lib/python3.8/site-packages/airflow/example_dags/example_latest_only_with_trigger.py for tasks to queue
[2024-05-30T00:04:53.504+0000] {logging_mixin.py:188} INFO - [2024-05-30T00:04:53.504+0000] {dagbag.py:538} INFO - Filling up the DagBag from /home/airflow/.local/lib/python3.8/site-packages/airflow/example_dags/example_latest_only_with_trigger.py
[2024-05-30T00:04:53.512+0000] {processor.py:840} INFO - DAG(s) 'latest_only_with_trigger' retrieved from /home/airflow/.local/lib/python3.8/site-packages/airflow/example_dags/example_latest_only_with_trigger.py
[2024-05-30T00:04:53.538+0000] {logging_mixin.py:188} INFO - [2024-05-30T00:04:53.537+0000] {dag.py:3036} INFO - Sync 1 DAGs
[2024-05-30T00:04:53.560+0000] {logging_mixin.py:188} INFO - [2024-05-30T00:04:53.560+0000] {dag.py:3823} INFO - Setting next_dagrun for latest_only_with_trigger to 2024-05-29 20:00:00+00:00, run_after=2024-05-30 00:00:00+00:00
[2024-05-30T00:04:53.695+0000] {processor.py:183} INFO - Processing /home/airflow/.local/lib/python3.8/site-packages/airflow/example_dags/example_latest_only_with_trigger.py took 0.197 seconds
[2024-05-30T00:05:23.932+0000] {processor.py:161} INFO - Started process (PID=3329) to work on /home/airflow/.local/lib/python3.8/site-packages/airflow/example_dags/example_latest_only_with_trigger.py
[2024-05-30T00:05:23.933+0000] {processor.py:830} INFO - Processing file /home/airflow/.local/lib/python3.8/site-packages/airflow/example_dags/example_latest_only_with_trigger.py for tasks to queue
[2024-05-30T00:05:23.934+0000] {logging_mixin.py:188} INFO - [2024-05-30T00:05:23.934+0000] {dagbag.py:538} INFO - Filling up the DagBag from /home/airflow/.local/lib/python3.8/site-packages/airflow/example_dags/example_latest_only_with_trigger.py
[2024-05-30T00:05:23.940+0000] {processor.py:840} INFO - DAG(s) 'latest_only_with_trigger' retrieved from /home/airflow/.local/lib/python3.8/site-packages/airflow/example_dags/example_latest_only_with_trigger.py
[2024-05-30T00:05:23.961+0000] {logging_mixin.py:188} INFO - [2024-05-30T00:05:23.961+0000] {dag.py:3036} INFO - Sync 1 DAGs
[2024-05-30T00:05:23.981+0000] {logging_mixin.py:188} INFO - [2024-05-30T00:05:23.980+0000] {dag.py:3823} INFO - Setting next_dagrun for latest_only_with_trigger to 2024-05-29 20:00:00+00:00, run_after=2024-05-30 00:00:00+00:00
[2024-05-30T00:05:23.998+0000] {processor.py:183} INFO - Processing /home/airflow/.local/lib/python3.8/site-packages/airflow/example_dags/example_latest_only_with_trigger.py took 0.069 seconds
[2024-05-30T00:05:54.967+0000] {processor.py:161} INFO - Started process (PID=3388) to work on /home/airflow/.local/lib/python3.8/site-packages/airflow/example_dags/example_latest_only_with_trigger.py
[2024-05-30T00:05:54.968+0000] {processor.py:830} INFO - Processing file /home/airflow/.local/lib/python3.8/site-packages/airflow/example_dags/example_latest_only_with_trigger.py for tasks to queue
[2024-05-30T00:05:54.969+0000] {logging_mixin.py:188} INFO - [2024-05-30T00:05:54.969+0000] {dagbag.py:538} INFO - Filling up the DagBag from /home/airflow/.local/lib/python3.8/site-packages/airflow/example_dags/example_latest_only_with_trigger.py
[2024-05-30T00:05:54.975+0000] {processor.py:840} INFO - DAG(s) 'latest_only_with_trigger' retrieved from /home/airflow/.local/lib/python3.8/site-packages/airflow/example_dags/example_latest_only_with_trigger.py
[2024-05-30T00:05:54.997+0000] {logging_mixin.py:188} INFO - [2024-05-30T00:05:54.997+0000] {dag.py:3036} INFO - Sync 1 DAGs
[2024-05-30T00:05:55.018+0000] {logging_mixin.py:188} INFO - [2024-05-30T00:05:55.018+0000] {dag.py:3823} INFO - Setting next_dagrun for latest_only_with_trigger to 2024-05-29 20:00:00+00:00, run_after=2024-05-30 00:00:00+00:00
[2024-05-30T00:05:55.042+0000] {processor.py:183} INFO - Processing /home/airflow/.local/lib/python3.8/site-packages/airflow/example_dags/example_latest_only_with_trigger.py took 0.078 seconds
[2024-05-30T00:06:27.057+0000] {processor.py:161} INFO - Started process (PID=3447) to work on /home/airflow/.local/lib/python3.8/site-packages/airflow/example_dags/example_latest_only_with_trigger.py
[2024-05-30T00:06:27.058+0000] {processor.py:830} INFO - Processing file /home/airflow/.local/lib/python3.8/site-packages/airflow/example_dags/example_latest_only_with_trigger.py for tasks to queue
[2024-05-30T00:06:27.059+0000] {logging_mixin.py:188} INFO - [2024-05-30T00:06:27.059+0000] {dagbag.py:538} INFO - Filling up the DagBag from /home/airflow/.local/lib/python3.8/site-packages/airflow/example_dags/example_latest_only_with_trigger.py
[2024-05-30T00:06:27.065+0000] {processor.py:840} INFO - DAG(s) 'latest_only_with_trigger' retrieved from /home/airflow/.local/lib/python3.8/site-packages/airflow/example_dags/example_latest_only_with_trigger.py
[2024-05-30T00:06:27.218+0000] {logging_mixin.py:188} INFO - [2024-05-30T00:06:27.218+0000] {dag.py:3036} INFO - Sync 1 DAGs
[2024-05-30T00:06:27.241+0000] {logging_mixin.py:188} INFO - [2024-05-30T00:06:27.241+0000] {dag.py:3823} INFO - Setting next_dagrun for latest_only_with_trigger to 2024-05-29 20:00:00+00:00, run_after=2024-05-30 00:00:00+00:00
[2024-05-30T00:06:27.265+0000] {processor.py:183} INFO - Processing /home/airflow/.local/lib/python3.8/site-packages/airflow/example_dags/example_latest_only_with_trigger.py took 0.211 seconds
[2024-05-30T00:06:57.683+0000] {processor.py:161} INFO - Started process (PID=3506) to work on /home/airflow/.local/lib/python3.8/site-packages/airflow/example_dags/example_latest_only_with_trigger.py
[2024-05-30T00:06:57.684+0000] {processor.py:830} INFO - Processing file /home/airflow/.local/lib/python3.8/site-packages/airflow/example_dags/example_latest_only_with_trigger.py for tasks to queue
[2024-05-30T00:06:57.685+0000] {logging_mixin.py:188} INFO - [2024-05-30T00:06:57.685+0000] {dagbag.py:538} INFO - Filling up the DagBag from /home/airflow/.local/lib/python3.8/site-packages/airflow/example_dags/example_latest_only_with_trigger.py
[2024-05-30T00:06:57.692+0000] {processor.py:840} INFO - DAG(s) 'latest_only_with_trigger' retrieved from /home/airflow/.local/lib/python3.8/site-packages/airflow/example_dags/example_latest_only_with_trigger.py
[2024-05-30T00:06:57.714+0000] {logging_mixin.py:188} INFO - [2024-05-30T00:06:57.713+0000] {dag.py:3036} INFO - Sync 1 DAGs
[2024-05-30T00:06:57.733+0000] {logging_mixin.py:188} INFO - [2024-05-30T00:06:57.733+0000] {dag.py:3823} INFO - Setting next_dagrun for latest_only_with_trigger to 2024-05-29 20:00:00+00:00, run_after=2024-05-30 00:00:00+00:00
[2024-05-30T00:06:57.755+0000] {processor.py:183} INFO - Processing /home/airflow/.local/lib/python3.8/site-packages/airflow/example_dags/example_latest_only_with_trigger.py took 0.075 seconds
[2024-05-30T00:07:28.684+0000] {processor.py:161} INFO - Started process (PID=3565) to work on /home/airflow/.local/lib/python3.8/site-packages/airflow/example_dags/example_latest_only_with_trigger.py
[2024-05-30T00:07:28.686+0000] {processor.py:830} INFO - Processing file /home/airflow/.local/lib/python3.8/site-packages/airflow/example_dags/example_latest_only_with_trigger.py for tasks to queue
[2024-05-30T00:07:28.687+0000] {logging_mixin.py:188} INFO - [2024-05-30T00:07:28.687+0000] {dagbag.py:538} INFO - Filling up the DagBag from /home/airflow/.local/lib/python3.8/site-packages/airflow/example_dags/example_latest_only_with_trigger.py
[2024-05-30T00:07:28.693+0000] {processor.py:840} INFO - DAG(s) 'latest_only_with_trigger' retrieved from /home/airflow/.local/lib/python3.8/site-packages/airflow/example_dags/example_latest_only_with_trigger.py
[2024-05-30T00:07:28.714+0000] {logging_mixin.py:188} INFO - [2024-05-30T00:07:28.714+0000] {dag.py:3036} INFO - Sync 1 DAGs
[2024-05-30T00:07:28.734+0000] {logging_mixin.py:188} INFO - [2024-05-30T00:07:28.734+0000] {dag.py:3823} INFO - Setting next_dagrun for latest_only_with_trigger to 2024-05-29 20:00:00+00:00, run_after=2024-05-30 00:00:00+00:00
[2024-05-30T00:07:28.754+0000] {processor.py:183} INFO - Processing /home/airflow/.local/lib/python3.8/site-packages/airflow/example_dags/example_latest_only_with_trigger.py took 0.072 seconds
[2024-05-30T00:07:59.015+0000] {processor.py:161} INFO - Started process (PID=3624) to work on /home/airflow/.local/lib/python3.8/site-packages/airflow/example_dags/example_latest_only_with_trigger.py
[2024-05-30T00:07:59.016+0000] {processor.py:830} INFO - Processing file /home/airflow/.local/lib/python3.8/site-packages/airflow/example_dags/example_latest_only_with_trigger.py for tasks to queue
[2024-05-30T00:07:59.018+0000] {logging_mixin.py:188} INFO - [2024-05-30T00:07:59.017+0000] {dagbag.py:538} INFO - Filling up the DagBag from /home/airflow/.local/lib/python3.8/site-packages/airflow/example_dags/example_latest_only_with_trigger.py
[2024-05-30T00:07:59.029+0000] {processor.py:840} INFO - DAG(s) 'latest_only_with_trigger' retrieved from /home/airflow/.local/lib/python3.8/site-packages/airflow/example_dags/example_latest_only_with_trigger.py
[2024-05-30T00:07:59.058+0000] {logging_mixin.py:188} INFO - [2024-05-30T00:07:59.058+0000] {dag.py:3036} INFO - Sync 1 DAGs
[2024-05-30T00:07:59.084+0000] {logging_mixin.py:188} INFO - [2024-05-30T00:07:59.084+0000] {dag.py:3823} INFO - Setting next_dagrun for latest_only_with_trigger to 2024-05-29 20:00:00+00:00, run_after=2024-05-30 00:00:00+00:00
[2024-05-30T00:07:59.107+0000] {processor.py:183} INFO - Processing /home/airflow/.local/lib/python3.8/site-packages/airflow/example_dags/example_latest_only_with_trigger.py took 0.099 seconds
[2024-05-30T00:08:29.529+0000] {processor.py:161} INFO - Started process (PID=3683) to work on /home/airflow/.local/lib/python3.8/site-packages/airflow/example_dags/example_latest_only_with_trigger.py
[2024-05-30T00:08:29.530+0000] {processor.py:830} INFO - Processing file /home/airflow/.local/lib/python3.8/site-packages/airflow/example_dags/example_latest_only_with_trigger.py for tasks to queue
[2024-05-30T00:08:29.532+0000] {logging_mixin.py:188} INFO - [2024-05-30T00:08:29.532+0000] {dagbag.py:538} INFO - Filling up the DagBag from /home/airflow/.local/lib/python3.8/site-packages/airflow/example_dags/example_latest_only_with_trigger.py
[2024-05-30T00:08:29.539+0000] {processor.py:840} INFO - DAG(s) 'latest_only_with_trigger' retrieved from /home/airflow/.local/lib/python3.8/site-packages/airflow/example_dags/example_latest_only_with_trigger.py
[2024-05-30T00:08:29.561+0000] {logging_mixin.py:188} INFO - [2024-05-30T00:08:29.561+0000] {dag.py:3036} INFO - Sync 1 DAGs
[2024-05-30T00:08:29.589+0000] {logging_mixin.py:188} INFO - [2024-05-30T00:08:29.589+0000] {dag.py:3823} INFO - Setting next_dagrun for latest_only_with_trigger to 2024-05-29 20:00:00+00:00, run_after=2024-05-30 00:00:00+00:00
[2024-05-30T00:08:29.610+0000] {processor.py:183} INFO - Processing /home/airflow/.local/lib/python3.8/site-packages/airflow/example_dags/example_latest_only_with_trigger.py took 0.084 seconds
[2024-05-30T00:09:00.469+0000] {processor.py:161} INFO - Started process (PID=3742) to work on /home/airflow/.local/lib/python3.8/site-packages/airflow/example_dags/example_latest_only_with_trigger.py
[2024-05-30T00:09:00.470+0000] {processor.py:830} INFO - Processing file /home/airflow/.local/lib/python3.8/site-packages/airflow/example_dags/example_latest_only_with_trigger.py for tasks to queue
[2024-05-30T00:09:00.472+0000] {logging_mixin.py:188} INFO - [2024-05-30T00:09:00.472+0000] {dagbag.py:538} INFO - Filling up the DagBag from /home/airflow/.local/lib/python3.8/site-packages/airflow/example_dags/example_latest_only_with_trigger.py
[2024-05-30T00:09:00.481+0000] {processor.py:840} INFO - DAG(s) 'latest_only_with_trigger' retrieved from /home/airflow/.local/lib/python3.8/site-packages/airflow/example_dags/example_latest_only_with_trigger.py
[2024-05-30T00:09:00.507+0000] {logging_mixin.py:188} INFO - [2024-05-30T00:09:00.507+0000] {dag.py:3036} INFO - Sync 1 DAGs
[2024-05-30T00:09:00.532+0000] {logging_mixin.py:188} INFO - [2024-05-30T00:09:00.532+0000] {dag.py:3823} INFO - Setting next_dagrun for latest_only_with_trigger to 2024-05-29 20:00:00+00:00, run_after=2024-05-30 00:00:00+00:00
[2024-05-30T00:09:00.553+0000] {processor.py:183} INFO - Processing /home/airflow/.local/lib/python3.8/site-packages/airflow/example_dags/example_latest_only_with_trigger.py took 0.088 seconds
[2024-05-30T00:09:30.806+0000] {processor.py:161} INFO - Started process (PID=3801) to work on /home/airflow/.local/lib/python3.8/site-packages/airflow/example_dags/example_latest_only_with_trigger.py
[2024-05-30T00:09:30.807+0000] {processor.py:830} INFO - Processing file /home/airflow/.local/lib/python3.8/site-packages/airflow/example_dags/example_latest_only_with_trigger.py for tasks to queue
[2024-05-30T00:09:30.808+0000] {logging_mixin.py:188} INFO - [2024-05-30T00:09:30.808+0000] {dagbag.py:538} INFO - Filling up the DagBag from /home/airflow/.local/lib/python3.8/site-packages/airflow/example_dags/example_latest_only_with_trigger.py
[2024-05-30T00:09:30.814+0000] {processor.py:840} INFO - DAG(s) 'latest_only_with_trigger' retrieved from /home/airflow/.local/lib/python3.8/site-packages/airflow/example_dags/example_latest_only_with_trigger.py
[2024-05-30T00:09:30.836+0000] {logging_mixin.py:188} INFO - [2024-05-30T00:09:30.835+0000] {dag.py:3036} INFO - Sync 1 DAGs
[2024-05-30T00:09:30.856+0000] {logging_mixin.py:188} INFO - [2024-05-30T00:09:30.856+0000] {dag.py:3823} INFO - Setting next_dagrun for latest_only_with_trigger to 2024-05-29 20:00:00+00:00, run_after=2024-05-30 00:00:00+00:00
[2024-05-30T00:09:30.876+0000] {processor.py:183} INFO - Processing /home/airflow/.local/lib/python3.8/site-packages/airflow/example_dags/example_latest_only_with_trigger.py took 0.073 seconds
[2024-05-30T00:10:02.016+0000] {processor.py:161} INFO - Started process (PID=3860) to work on /home/airflow/.local/lib/python3.8/site-packages/airflow/example_dags/example_latest_only_with_trigger.py
[2024-05-30T00:10:02.017+0000] {processor.py:830} INFO - Processing file /home/airflow/.local/lib/python3.8/site-packages/airflow/example_dags/example_latest_only_with_trigger.py for tasks to queue
[2024-05-30T00:10:02.018+0000] {logging_mixin.py:188} INFO - [2024-05-30T00:10:02.018+0000] {dagbag.py:538} INFO - Filling up the DagBag from /home/airflow/.local/lib/python3.8/site-packages/airflow/example_dags/example_latest_only_with_trigger.py
[2024-05-30T00:10:02.025+0000] {processor.py:840} INFO - DAG(s) 'latest_only_with_trigger' retrieved from /home/airflow/.local/lib/python3.8/site-packages/airflow/example_dags/example_latest_only_with_trigger.py
[2024-05-30T00:10:02.046+0000] {logging_mixin.py:188} INFO - [2024-05-30T00:10:02.045+0000] {dag.py:3036} INFO - Sync 1 DAGs
[2024-05-30T00:10:02.068+0000] {logging_mixin.py:188} INFO - [2024-05-30T00:10:02.067+0000] {dag.py:3823} INFO - Setting next_dagrun for latest_only_with_trigger to 2024-05-29 20:00:00+00:00, run_after=2024-05-30 00:00:00+00:00
[2024-05-30T00:10:02.089+0000] {processor.py:183} INFO - Processing /home/airflow/.local/lib/python3.8/site-packages/airflow/example_dags/example_latest_only_with_trigger.py took 0.076 seconds
[2024-05-30T00:10:32.271+0000] {processor.py:161} INFO - Started process (PID=3919) to work on /home/airflow/.local/lib/python3.8/site-packages/airflow/example_dags/example_latest_only_with_trigger.py
[2024-05-30T00:10:32.272+0000] {processor.py:830} INFO - Processing file /home/airflow/.local/lib/python3.8/site-packages/airflow/example_dags/example_latest_only_with_trigger.py for tasks to queue
[2024-05-30T00:10:32.273+0000] {logging_mixin.py:188} INFO - [2024-05-30T00:10:32.273+0000] {dagbag.py:538} INFO - Filling up the DagBag from /home/airflow/.local/lib/python3.8/site-packages/airflow/example_dags/example_latest_only_with_trigger.py
[2024-05-30T00:10:32.280+0000] {processor.py:840} INFO - DAG(s) 'latest_only_with_trigger' retrieved from /home/airflow/.local/lib/python3.8/site-packages/airflow/example_dags/example_latest_only_with_trigger.py
[2024-05-30T00:10:32.300+0000] {logging_mixin.py:188} INFO - [2024-05-30T00:10:32.300+0000] {dag.py:3036} INFO - Sync 1 DAGs
[2024-05-30T00:10:32.320+0000] {logging_mixin.py:188} INFO - [2024-05-30T00:10:32.320+0000] {dag.py:3823} INFO - Setting next_dagrun for latest_only_with_trigger to 2024-05-29 20:00:00+00:00, run_after=2024-05-30 00:00:00+00:00
[2024-05-30T00:10:32.342+0000] {processor.py:183} INFO - Processing /home/airflow/.local/lib/python3.8/site-packages/airflow/example_dags/example_latest_only_with_trigger.py took 0.074 seconds
[2024-05-30T00:11:03.167+0000] {processor.py:161} INFO - Started process (PID=3978) to work on /home/airflow/.local/lib/python3.8/site-packages/airflow/example_dags/example_latest_only_with_trigger.py
[2024-05-30T00:11:03.168+0000] {processor.py:830} INFO - Processing file /home/airflow/.local/lib/python3.8/site-packages/airflow/example_dags/example_latest_only_with_trigger.py for tasks to queue
[2024-05-30T00:11:03.169+0000] {logging_mixin.py:188} INFO - [2024-05-30T00:11:03.169+0000] {dagbag.py:538} INFO - Filling up the DagBag from /home/airflow/.local/lib/python3.8/site-packages/airflow/example_dags/example_latest_only_with_trigger.py
[2024-05-30T00:11:03.176+0000] {processor.py:840} INFO - DAG(s) 'latest_only_with_trigger' retrieved from /home/airflow/.local/lib/python3.8/site-packages/airflow/example_dags/example_latest_only_with_trigger.py
[2024-05-30T00:11:03.195+0000] {logging_mixin.py:188} INFO - [2024-05-30T00:11:03.195+0000] {dag.py:3036} INFO - Sync 1 DAGs
[2024-05-30T00:11:03.217+0000] {logging_mixin.py:188} INFO - [2024-05-30T00:11:03.216+0000] {dag.py:3823} INFO - Setting next_dagrun for latest_only_with_trigger to 2024-05-29 20:00:00+00:00, run_after=2024-05-30 00:00:00+00:00
[2024-05-30T00:11:03.238+0000] {processor.py:183} INFO - Processing /home/airflow/.local/lib/python3.8/site-packages/airflow/example_dags/example_latest_only_with_trigger.py took 0.074 seconds
[2024-05-30T00:11:33.547+0000] {processor.py:161} INFO - Started process (PID=4037) to work on /home/airflow/.local/lib/python3.8/site-packages/airflow/example_dags/example_latest_only_with_trigger.py
[2024-05-30T00:11:33.548+0000] {processor.py:830} INFO - Processing file /home/airflow/.local/lib/python3.8/site-packages/airflow/example_dags/example_latest_only_with_trigger.py for tasks to queue
[2024-05-30T00:11:33.549+0000] {logging_mixin.py:188} INFO - [2024-05-30T00:11:33.549+0000] {dagbag.py:538} INFO - Filling up the DagBag from /home/airflow/.local/lib/python3.8/site-packages/airflow/example_dags/example_latest_only_with_trigger.py
[2024-05-30T00:11:33.555+0000] {processor.py:840} INFO - DAG(s) 'latest_only_with_trigger' retrieved from /home/airflow/.local/lib/python3.8/site-packages/airflow/example_dags/example_latest_only_with_trigger.py
[2024-05-30T00:11:33.584+0000] {logging_mixin.py:188} INFO - [2024-05-30T00:11:33.584+0000] {dag.py:3036} INFO - Sync 1 DAGs
[2024-05-30T00:11:33.607+0000] {logging_mixin.py:188} INFO - [2024-05-30T00:11:33.607+0000] {dag.py:3823} INFO - Setting next_dagrun for latest_only_with_trigger to 2024-05-29 20:00:00+00:00, run_after=2024-05-30 00:00:00+00:00
[2024-05-30T00:11:33.640+0000] {processor.py:183} INFO - Processing /home/airflow/.local/lib/python3.8/site-packages/airflow/example_dags/example_latest_only_with_trigger.py took 0.097 seconds
[2024-05-30T00:12:04.460+0000] {processor.py:161} INFO - Started process (PID=4096) to work on /home/airflow/.local/lib/python3.8/site-packages/airflow/example_dags/example_latest_only_with_trigger.py
[2024-05-30T00:12:04.461+0000] {processor.py:830} INFO - Processing file /home/airflow/.local/lib/python3.8/site-packages/airflow/example_dags/example_latest_only_with_trigger.py for tasks to queue
[2024-05-30T00:12:04.463+0000] {logging_mixin.py:188} INFO - [2024-05-30T00:12:04.462+0000] {dagbag.py:538} INFO - Filling up the DagBag from /home/airflow/.local/lib/python3.8/site-packages/airflow/example_dags/example_latest_only_with_trigger.py
[2024-05-30T00:12:04.469+0000] {processor.py:840} INFO - DAG(s) 'latest_only_with_trigger' retrieved from /home/airflow/.local/lib/python3.8/site-packages/airflow/example_dags/example_latest_only_with_trigger.py
[2024-05-30T00:12:04.490+0000] {logging_mixin.py:188} INFO - [2024-05-30T00:12:04.489+0000] {dag.py:3036} INFO - Sync 1 DAGs
[2024-05-30T00:12:04.510+0000] {logging_mixin.py:188} INFO - [2024-05-30T00:12:04.510+0000] {dag.py:3823} INFO - Setting next_dagrun for latest_only_with_trigger to 2024-05-29 20:00:00+00:00, run_after=2024-05-30 00:00:00+00:00
[2024-05-30T00:12:04.529+0000] {processor.py:183} INFO - Processing /home/airflow/.local/lib/python3.8/site-packages/airflow/example_dags/example_latest_only_with_trigger.py took 0.072 seconds
[2024-05-30T00:12:35.044+0000] {processor.py:161} INFO - Started process (PID=4155) to work on /home/airflow/.local/lib/python3.8/site-packages/airflow/example_dags/example_latest_only_with_trigger.py
[2024-05-30T00:12:35.045+0000] {processor.py:830} INFO - Processing file /home/airflow/.local/lib/python3.8/site-packages/airflow/example_dags/example_latest_only_with_trigger.py for tasks to queue
[2024-05-30T00:12:35.047+0000] {logging_mixin.py:188} INFO - [2024-05-30T00:12:35.046+0000] {dagbag.py:538} INFO - Filling up the DagBag from /home/airflow/.local/lib/python3.8/site-packages/airflow/example_dags/example_latest_only_with_trigger.py
[2024-05-30T00:12:35.053+0000] {processor.py:840} INFO - DAG(s) 'latest_only_with_trigger' retrieved from /home/airflow/.local/lib/python3.8/site-packages/airflow/example_dags/example_latest_only_with_trigger.py
[2024-05-30T00:12:35.075+0000] {logging_mixin.py:188} INFO - [2024-05-30T00:12:35.075+0000] {dag.py:3036} INFO - Sync 1 DAGs
[2024-05-30T00:12:35.097+0000] {logging_mixin.py:188} INFO - [2024-05-30T00:12:35.096+0000] {dag.py:3823} INFO - Setting next_dagrun for latest_only_with_trigger to 2024-05-29 20:00:00+00:00, run_after=2024-05-30 00:00:00+00:00
[2024-05-30T00:12:35.115+0000] {processor.py:183} INFO - Processing /home/airflow/.local/lib/python3.8/site-packages/airflow/example_dags/example_latest_only_with_trigger.py took 0.074 seconds
[2024-05-30T00:13:05.956+0000] {processor.py:161} INFO - Started process (PID=4214) to work on /home/airflow/.local/lib/python3.8/site-packages/airflow/example_dags/example_latest_only_with_trigger.py
[2024-05-30T00:13:05.957+0000] {processor.py:830} INFO - Processing file /home/airflow/.local/lib/python3.8/site-packages/airflow/example_dags/example_latest_only_with_trigger.py for tasks to queue
[2024-05-30T00:13:05.958+0000] {logging_mixin.py:188} INFO - [2024-05-30T00:13:05.958+0000] {dagbag.py:538} INFO - Filling up the DagBag from /home/airflow/.local/lib/python3.8/site-packages/airflow/example_dags/example_latest_only_with_trigger.py
[2024-05-30T00:13:05.965+0000] {processor.py:840} INFO - DAG(s) 'latest_only_with_trigger' retrieved from /home/airflow/.local/lib/python3.8/site-packages/airflow/example_dags/example_latest_only_with_trigger.py
[2024-05-30T00:13:05.990+0000] {logging_mixin.py:188} INFO - [2024-05-30T00:13:05.989+0000] {dag.py:3036} INFO - Sync 1 DAGs
[2024-05-30T00:13:06.009+0000] {logging_mixin.py:188} INFO - [2024-05-30T00:13:06.009+0000] {dag.py:3823} INFO - Setting next_dagrun for latest_only_with_trigger to 2024-05-29 20:00:00+00:00, run_after=2024-05-30 00:00:00+00:00
[2024-05-30T00:13:06.029+0000] {processor.py:183} INFO - Processing /home/airflow/.local/lib/python3.8/site-packages/airflow/example_dags/example_latest_only_with_trigger.py took 0.075 seconds
[2024-05-30T00:13:36.686+0000] {processor.py:161} INFO - Started process (PID=4273) to work on /home/airflow/.local/lib/python3.8/site-packages/airflow/example_dags/example_latest_only_with_trigger.py
[2024-05-30T00:13:36.686+0000] {processor.py:830} INFO - Processing file /home/airflow/.local/lib/python3.8/site-packages/airflow/example_dags/example_latest_only_with_trigger.py for tasks to queue
[2024-05-30T00:13:36.688+0000] {logging_mixin.py:188} INFO - [2024-05-30T00:13:36.688+0000] {dagbag.py:538} INFO - Filling up the DagBag from /home/airflow/.local/lib/python3.8/site-packages/airflow/example_dags/example_latest_only_with_trigger.py
[2024-05-30T00:13:36.694+0000] {processor.py:840} INFO - DAG(s) 'latest_only_with_trigger' retrieved from /home/airflow/.local/lib/python3.8/site-packages/airflow/example_dags/example_latest_only_with_trigger.py
[2024-05-30T00:13:36.717+0000] {logging_mixin.py:188} INFO - [2024-05-30T00:13:36.716+0000] {dag.py:3036} INFO - Sync 1 DAGs
[2024-05-30T00:13:36.739+0000] {logging_mixin.py:188} INFO - [2024-05-30T00:13:36.739+0000] {dag.py:3823} INFO - Setting next_dagrun for latest_only_with_trigger to 2024-05-29 20:00:00+00:00, run_after=2024-05-30 00:00:00+00:00
[2024-05-30T00:13:36.758+0000] {processor.py:183} INFO - Processing /home/airflow/.local/lib/python3.8/site-packages/airflow/example_dags/example_latest_only_with_trigger.py took 0.076 seconds
[2024-05-30T00:14:07.320+0000] {processor.py:161} INFO - Started process (PID=4338) to work on /home/airflow/.local/lib/python3.8/site-packages/airflow/example_dags/example_latest_only_with_trigger.py
[2024-05-30T00:14:07.321+0000] {processor.py:830} INFO - Processing file /home/airflow/.local/lib/python3.8/site-packages/airflow/example_dags/example_latest_only_with_trigger.py for tasks to queue
[2024-05-30T00:14:07.322+0000] {logging_mixin.py:188} INFO - [2024-05-30T00:14:07.322+0000] {dagbag.py:538} INFO - Filling up the DagBag from /home/airflow/.local/lib/python3.8/site-packages/airflow/example_dags/example_latest_only_with_trigger.py
[2024-05-30T00:14:07.328+0000] {processor.py:840} INFO - DAG(s) 'latest_only_with_trigger' retrieved from /home/airflow/.local/lib/python3.8/site-packages/airflow/example_dags/example_latest_only_with_trigger.py
[2024-05-30T00:14:07.350+0000] {logging_mixin.py:188} INFO - [2024-05-30T00:14:07.350+0000] {dag.py:3036} INFO - Sync 1 DAGs
[2024-05-30T00:14:07.372+0000] {logging_mixin.py:188} INFO - [2024-05-30T00:14:07.372+0000] {dag.py:3823} INFO - Setting next_dagrun for latest_only_with_trigger to 2024-05-29 20:00:00+00:00, run_after=2024-05-30 00:00:00+00:00
[2024-05-30T00:14:07.393+0000] {processor.py:183} INFO - Processing /home/airflow/.local/lib/python3.8/site-packages/airflow/example_dags/example_latest_only_with_trigger.py took 0.076 seconds
[2024-05-30T00:20:46.132+0000] {processor.py:161} INFO - Started process (PID=5104) to work on /home/airflow/.local/lib/python3.8/site-packages/airflow/example_dags/example_latest_only_with_trigger.py
[2024-05-30T00:20:46.133+0000] {processor.py:830} INFO - Processing file /home/airflow/.local/lib/python3.8/site-packages/airflow/example_dags/example_latest_only_with_trigger.py for tasks to queue
[2024-05-30T00:20:46.134+0000] {logging_mixin.py:188} INFO - [2024-05-30T00:20:46.134+0000] {dagbag.py:538} INFO - Filling up the DagBag from /home/airflow/.local/lib/python3.8/site-packages/airflow/example_dags/example_latest_only_with_trigger.py
[2024-05-30T00:20:46.140+0000] {processor.py:840} INFO - DAG(s) 'latest_only_with_trigger' retrieved from /home/airflow/.local/lib/python3.8/site-packages/airflow/example_dags/example_latest_only_with_trigger.py
[2024-05-30T00:20:46.162+0000] {logging_mixin.py:188} INFO - [2024-05-30T00:20:46.162+0000] {dag.py:3036} INFO - Sync 1 DAGs
[2024-05-30T00:20:46.184+0000] {logging_mixin.py:188} INFO - [2024-05-30T00:20:46.184+0000] {dag.py:3823} INFO - Setting next_dagrun for latest_only_with_trigger to 2024-05-29 20:00:00+00:00, run_after=2024-05-30 00:00:00+00:00
[2024-05-30T00:20:46.203+0000] {processor.py:183} INFO - Processing /home/airflow/.local/lib/python3.8/site-packages/airflow/example_dags/example_latest_only_with_trigger.py took 0.075 seconds
[2024-05-30T00:21:17.622+0000] {processor.py:161} INFO - Started process (PID=5163) to work on /home/airflow/.local/lib/python3.8/site-packages/airflow/example_dags/example_latest_only_with_trigger.py
[2024-05-30T00:21:17.623+0000] {processor.py:830} INFO - Processing file /home/airflow/.local/lib/python3.8/site-packages/airflow/example_dags/example_latest_only_with_trigger.py for tasks to queue
[2024-05-30T00:21:17.625+0000] {logging_mixin.py:188} INFO - [2024-05-30T00:21:17.625+0000] {dagbag.py:538} INFO - Filling up the DagBag from /home/airflow/.local/lib/python3.8/site-packages/airflow/example_dags/example_latest_only_with_trigger.py
[2024-05-30T00:21:17.635+0000] {processor.py:840} INFO - DAG(s) 'latest_only_with_trigger' retrieved from /home/airflow/.local/lib/python3.8/site-packages/airflow/example_dags/example_latest_only_with_trigger.py
[2024-05-30T00:21:17.659+0000] {logging_mixin.py:188} INFO - [2024-05-30T00:21:17.659+0000] {dag.py:3036} INFO - Sync 1 DAGs
[2024-05-30T00:21:17.680+0000] {logging_mixin.py:188} INFO - [2024-05-30T00:21:17.679+0000] {dag.py:3823} INFO - Setting next_dagrun for latest_only_with_trigger to 2024-05-29 20:00:00+00:00, run_after=2024-05-30 00:00:00+00:00
[2024-05-30T00:21:17.703+0000] {processor.py:183} INFO - Processing /home/airflow/.local/lib/python3.8/site-packages/airflow/example_dags/example_latest_only_with_trigger.py took 0.086 seconds
[2024-05-30T00:21:48.631+0000] {processor.py:161} INFO - Started process (PID=5222) to work on /home/airflow/.local/lib/python3.8/site-packages/airflow/example_dags/example_latest_only_with_trigger.py
[2024-05-30T00:21:48.632+0000] {processor.py:830} INFO - Processing file /home/airflow/.local/lib/python3.8/site-packages/airflow/example_dags/example_latest_only_with_trigger.py for tasks to queue
[2024-05-30T00:21:48.634+0000] {logging_mixin.py:188} INFO - [2024-05-30T00:21:48.634+0000] {dagbag.py:538} INFO - Filling up the DagBag from /home/airflow/.local/lib/python3.8/site-packages/airflow/example_dags/example_latest_only_with_trigger.py
[2024-05-30T00:21:48.641+0000] {processor.py:840} INFO - DAG(s) 'latest_only_with_trigger' retrieved from /home/airflow/.local/lib/python3.8/site-packages/airflow/example_dags/example_latest_only_with_trigger.py
[2024-05-30T00:21:48.664+0000] {logging_mixin.py:188} INFO - [2024-05-30T00:21:48.664+0000] {dag.py:3036} INFO - Sync 1 DAGs
[2024-05-30T00:21:48.685+0000] {logging_mixin.py:188} INFO - [2024-05-30T00:21:48.685+0000] {dag.py:3823} INFO - Setting next_dagrun for latest_only_with_trigger to 2024-05-29 20:00:00+00:00, run_after=2024-05-30 00:00:00+00:00
[2024-05-30T00:21:48.706+0000] {processor.py:183} INFO - Processing /home/airflow/.local/lib/python3.8/site-packages/airflow/example_dags/example_latest_only_with_trigger.py took 0.078 seconds
