[2024-05-30T00:00:14.806+0000] {processor.py:161} INFO - Started process (PID=2740) to work on /home/airflow/.local/lib/python3.8/site-packages/airflow/example_dags/example_sensors.py
[2024-05-30T00:00:14.806+0000] {processor.py:830} INFO - Processing file /home/airflow/.local/lib/python3.8/site-packages/airflow/example_dags/example_sensors.py for tasks to queue
[2024-05-30T00:00:14.808+0000] {logging_mixin.py:188} INFO - [2024-05-30T00:00:14.807+0000] {dagbag.py:538} INFO - Filling up the DagBag from /home/airflow/.local/lib/python3.8/site-packages/airflow/example_dags/example_sensors.py
[2024-05-30T00:00:14.818+0000] {processor.py:840} INFO - DAG(s) 'example_sensors' retrieved from /home/airflow/.local/lib/python3.8/site-packages/airflow/example_dags/example_sensors.py
[2024-05-30T00:00:14.843+0000] {logging_mixin.py:188} INFO - [2024-05-30T00:00:14.843+0000] {dag.py:3036} INFO - Sync 1 DAGs
[2024-05-30T00:00:14.855+0000] {logging_mixin.py:188} INFO - [2024-05-30T00:00:14.855+0000] {dag.py:3823} INFO - Setting next_dagrun for example_sensors to None, run_after=None
[2024-05-30T00:00:14.879+0000] {processor.py:183} INFO - Processing /home/airflow/.local/lib/python3.8/site-packages/airflow/example_dags/example_sensors.py took 0.076 seconds
[2024-05-30T00:00:46.412+0000] {processor.py:161} INFO - Started process (PID=2799) to work on /home/airflow/.local/lib/python3.8/site-packages/airflow/example_dags/example_sensors.py
[2024-05-30T00:00:46.413+0000] {processor.py:830} INFO - Processing file /home/airflow/.local/lib/python3.8/site-packages/airflow/example_dags/example_sensors.py for tasks to queue
[2024-05-30T00:00:46.415+0000] {logging_mixin.py:188} INFO - [2024-05-30T00:00:46.415+0000] {dagbag.py:538} INFO - Filling up the DagBag from /home/airflow/.local/lib/python3.8/site-packages/airflow/example_dags/example_sensors.py
[2024-05-30T00:00:46.430+0000] {processor.py:840} INFO - DAG(s) 'example_sensors' retrieved from /home/airflow/.local/lib/python3.8/site-packages/airflow/example_dags/example_sensors.py
[2024-05-30T00:00:46.475+0000] {logging_mixin.py:188} INFO - [2024-05-30T00:00:46.475+0000] {dag.py:3036} INFO - Sync 1 DAGs
[2024-05-30T00:00:46.496+0000] {logging_mixin.py:188} INFO - [2024-05-30T00:00:46.494+0000] {dag.py:3823} INFO - Setting next_dagrun for example_sensors to None, run_after=None
[2024-05-30T00:00:46.531+0000] {processor.py:183} INFO - Processing /home/airflow/.local/lib/python3.8/site-packages/airflow/example_dags/example_sensors.py took 0.123 seconds
[2024-05-30T00:01:16.984+0000] {processor.py:161} INFO - Started process (PID=2858) to work on /home/airflow/.local/lib/python3.8/site-packages/airflow/example_dags/example_sensors.py
[2024-05-30T00:01:16.985+0000] {processor.py:830} INFO - Processing file /home/airflow/.local/lib/python3.8/site-packages/airflow/example_dags/example_sensors.py for tasks to queue
[2024-05-30T00:01:16.987+0000] {logging_mixin.py:188} INFO - [2024-05-30T00:01:16.987+0000] {dagbag.py:538} INFO - Filling up the DagBag from /home/airflow/.local/lib/python3.8/site-packages/airflow/example_dags/example_sensors.py
[2024-05-30T00:01:17.002+0000] {processor.py:840} INFO - DAG(s) 'example_sensors' retrieved from /home/airflow/.local/lib/python3.8/site-packages/airflow/example_dags/example_sensors.py
[2024-05-30T00:01:17.039+0000] {logging_mixin.py:188} INFO - [2024-05-30T00:01:17.039+0000] {dag.py:3036} INFO - Sync 1 DAGs
[2024-05-30T00:01:17.058+0000] {logging_mixin.py:188} INFO - [2024-05-30T00:01:17.058+0000] {dag.py:3823} INFO - Setting next_dagrun for example_sensors to None, run_after=None
[2024-05-30T00:01:17.088+0000] {processor.py:183} INFO - Processing /home/airflow/.local/lib/python3.8/site-packages/airflow/example_dags/example_sensors.py took 0.108 seconds
[2024-05-30T00:01:47.503+0000] {processor.py:161} INFO - Started process (PID=2917) to work on /home/airflow/.local/lib/python3.8/site-packages/airflow/example_dags/example_sensors.py
[2024-05-30T00:01:47.504+0000] {processor.py:830} INFO - Processing file /home/airflow/.local/lib/python3.8/site-packages/airflow/example_dags/example_sensors.py for tasks to queue
[2024-05-30T00:01:47.506+0000] {logging_mixin.py:188} INFO - [2024-05-30T00:01:47.506+0000] {dagbag.py:538} INFO - Filling up the DagBag from /home/airflow/.local/lib/python3.8/site-packages/airflow/example_dags/example_sensors.py
[2024-05-30T00:01:47.515+0000] {processor.py:840} INFO - DAG(s) 'example_sensors' retrieved from /home/airflow/.local/lib/python3.8/site-packages/airflow/example_dags/example_sensors.py
[2024-05-30T00:01:47.539+0000] {logging_mixin.py:188} INFO - [2024-05-30T00:01:47.539+0000] {dag.py:3036} INFO - Sync 1 DAGs
[2024-05-30T00:01:47.550+0000] {logging_mixin.py:188} INFO - [2024-05-30T00:01:47.550+0000] {dag.py:3823} INFO - Setting next_dagrun for example_sensors to None, run_after=None
[2024-05-30T00:01:47.572+0000] {processor.py:183} INFO - Processing /home/airflow/.local/lib/python3.8/site-packages/airflow/example_dags/example_sensors.py took 0.072 seconds
[2024-05-30T00:02:18.455+0000] {processor.py:161} INFO - Started process (PID=2976) to work on /home/airflow/.local/lib/python3.8/site-packages/airflow/example_dags/example_sensors.py
[2024-05-30T00:02:18.456+0000] {processor.py:830} INFO - Processing file /home/airflow/.local/lib/python3.8/site-packages/airflow/example_dags/example_sensors.py for tasks to queue
[2024-05-30T00:02:18.457+0000] {logging_mixin.py:188} INFO - [2024-05-30T00:02:18.457+0000] {dagbag.py:538} INFO - Filling up the DagBag from /home/airflow/.local/lib/python3.8/site-packages/airflow/example_dags/example_sensors.py
[2024-05-30T00:02:18.467+0000] {processor.py:840} INFO - DAG(s) 'example_sensors' retrieved from /home/airflow/.local/lib/python3.8/site-packages/airflow/example_dags/example_sensors.py
[2024-05-30T00:02:18.492+0000] {logging_mixin.py:188} INFO - [2024-05-30T00:02:18.492+0000] {dag.py:3036} INFO - Sync 1 DAGs
[2024-05-30T00:02:18.505+0000] {logging_mixin.py:188} INFO - [2024-05-30T00:02:18.504+0000] {dag.py:3823} INFO - Setting next_dagrun for example_sensors to None, run_after=None
[2024-05-30T00:02:18.528+0000] {processor.py:183} INFO - Processing /home/airflow/.local/lib/python3.8/site-packages/airflow/example_dags/example_sensors.py took 0.077 seconds
[2024-05-30T00:02:51.410+0000] {processor.py:161} INFO - Started process (PID=3035) to work on /home/airflow/.local/lib/python3.8/site-packages/airflow/example_dags/example_sensors.py
[2024-05-30T00:02:51.411+0000] {processor.py:830} INFO - Processing file /home/airflow/.local/lib/python3.8/site-packages/airflow/example_dags/example_sensors.py for tasks to queue
[2024-05-30T00:02:51.414+0000] {logging_mixin.py:188} INFO - [2024-05-30T00:02:51.414+0000] {dagbag.py:538} INFO - Filling up the DagBag from /home/airflow/.local/lib/python3.8/site-packages/airflow/example_dags/example_sensors.py
[2024-05-30T00:02:51.429+0000] {processor.py:840} INFO - DAG(s) 'example_sensors' retrieved from /home/airflow/.local/lib/python3.8/site-packages/airflow/example_dags/example_sensors.py
[2024-05-30T00:02:51.466+0000] {logging_mixin.py:188} INFO - [2024-05-30T00:02:51.466+0000] {dag.py:3036} INFO - Sync 1 DAGs
[2024-05-30T00:02:51.486+0000] {logging_mixin.py:188} INFO - [2024-05-30T00:02:51.486+0000] {dag.py:3823} INFO - Setting next_dagrun for example_sensors to None, run_after=None
[2024-05-30T00:02:51.719+0000] {processor.py:183} INFO - Processing /home/airflow/.local/lib/python3.8/site-packages/airflow/example_dags/example_sensors.py took 0.313 seconds
[2024-05-30T00:03:21.782+0000] {processor.py:161} INFO - Started process (PID=3095) to work on /home/airflow/.local/lib/python3.8/site-packages/airflow/example_dags/example_sensors.py
[2024-05-30T00:03:21.784+0000] {processor.py:830} INFO - Processing file /home/airflow/.local/lib/python3.8/site-packages/airflow/example_dags/example_sensors.py for tasks to queue
[2024-05-30T00:03:21.785+0000] {logging_mixin.py:188} INFO - [2024-05-30T00:03:21.785+0000] {dagbag.py:538} INFO - Filling up the DagBag from /home/airflow/.local/lib/python3.8/site-packages/airflow/example_dags/example_sensors.py
[2024-05-30T00:03:21.796+0000] {processor.py:840} INFO - DAG(s) 'example_sensors' retrieved from /home/airflow/.local/lib/python3.8/site-packages/airflow/example_dags/example_sensors.py
[2024-05-30T00:03:21.823+0000] {logging_mixin.py:188} INFO - [2024-05-30T00:03:21.823+0000] {dag.py:3036} INFO - Sync 1 DAGs
[2024-05-30T00:03:21.835+0000] {logging_mixin.py:188} INFO - [2024-05-30T00:03:21.835+0000] {dag.py:3823} INFO - Setting next_dagrun for example_sensors to None, run_after=None
[2024-05-30T00:03:21.854+0000] {processor.py:183} INFO - Processing /home/airflow/.local/lib/python3.8/site-packages/airflow/example_dags/example_sensors.py took 0.075 seconds
[2024-05-30T00:03:52.509+0000] {processor.py:161} INFO - Started process (PID=3153) to work on /home/airflow/.local/lib/python3.8/site-packages/airflow/example_dags/example_sensors.py
[2024-05-30T00:03:52.510+0000] {processor.py:830} INFO - Processing file /home/airflow/.local/lib/python3.8/site-packages/airflow/example_dags/example_sensors.py for tasks to queue
[2024-05-30T00:03:52.511+0000] {logging_mixin.py:188} INFO - [2024-05-30T00:03:52.510+0000] {dagbag.py:538} INFO - Filling up the DagBag from /home/airflow/.local/lib/python3.8/site-packages/airflow/example_dags/example_sensors.py
[2024-05-30T00:03:52.521+0000] {processor.py:840} INFO - DAG(s) 'example_sensors' retrieved from /home/airflow/.local/lib/python3.8/site-packages/airflow/example_dags/example_sensors.py
[2024-05-30T00:03:52.546+0000] {logging_mixin.py:188} INFO - [2024-05-30T00:03:52.545+0000] {dag.py:3036} INFO - Sync 1 DAGs
[2024-05-30T00:03:52.560+0000] {logging_mixin.py:188} INFO - [2024-05-30T00:03:52.560+0000] {dag.py:3823} INFO - Setting next_dagrun for example_sensors to None, run_after=None
[2024-05-30T00:03:52.584+0000] {processor.py:183} INFO - Processing /home/airflow/.local/lib/python3.8/site-packages/airflow/example_dags/example_sensors.py took 0.078 seconds
[2024-05-30T00:04:22.862+0000] {processor.py:161} INFO - Started process (PID=3212) to work on /home/airflow/.local/lib/python3.8/site-packages/airflow/example_dags/example_sensors.py
[2024-05-30T00:04:22.863+0000] {processor.py:830} INFO - Processing file /home/airflow/.local/lib/python3.8/site-packages/airflow/example_dags/example_sensors.py for tasks to queue
[2024-05-30T00:04:22.864+0000] {logging_mixin.py:188} INFO - [2024-05-30T00:04:22.864+0000] {dagbag.py:538} INFO - Filling up the DagBag from /home/airflow/.local/lib/python3.8/site-packages/airflow/example_dags/example_sensors.py
[2024-05-30T00:04:22.873+0000] {processor.py:840} INFO - DAG(s) 'example_sensors' retrieved from /home/airflow/.local/lib/python3.8/site-packages/airflow/example_dags/example_sensors.py
[2024-05-30T00:04:22.896+0000] {logging_mixin.py:188} INFO - [2024-05-30T00:04:22.896+0000] {dag.py:3036} INFO - Sync 1 DAGs
[2024-05-30T00:04:22.908+0000] {logging_mixin.py:188} INFO - [2024-05-30T00:04:22.908+0000] {dag.py:3823} INFO - Setting next_dagrun for example_sensors to None, run_after=None
[2024-05-30T00:04:22.931+0000] {processor.py:183} INFO - Processing /home/airflow/.local/lib/python3.8/site-packages/airflow/example_dags/example_sensors.py took 0.072 seconds
[2024-05-30T00:04:53.737+0000] {processor.py:161} INFO - Started process (PID=3271) to work on /home/airflow/.local/lib/python3.8/site-packages/airflow/example_dags/example_sensors.py
[2024-05-30T00:04:53.739+0000] {processor.py:830} INFO - Processing file /home/airflow/.local/lib/python3.8/site-packages/airflow/example_dags/example_sensors.py for tasks to queue
[2024-05-30T00:04:53.740+0000] {logging_mixin.py:188} INFO - [2024-05-30T00:04:53.740+0000] {dagbag.py:538} INFO - Filling up the DagBag from /home/airflow/.local/lib/python3.8/site-packages/airflow/example_dags/example_sensors.py
[2024-05-30T00:04:53.750+0000] {processor.py:840} INFO - DAG(s) 'example_sensors' retrieved from /home/airflow/.local/lib/python3.8/site-packages/airflow/example_dags/example_sensors.py
[2024-05-30T00:04:53.777+0000] {logging_mixin.py:188} INFO - [2024-05-30T00:04:53.777+0000] {dag.py:3036} INFO - Sync 1 DAGs
[2024-05-30T00:04:53.790+0000] {logging_mixin.py:188} INFO - [2024-05-30T00:04:53.790+0000] {dag.py:3823} INFO - Setting next_dagrun for example_sensors to None, run_after=None
[2024-05-30T00:04:53.942+0000] {processor.py:183} INFO - Processing /home/airflow/.local/lib/python3.8/site-packages/airflow/example_dags/example_sensors.py took 0.208 seconds
[2024-05-30T00:05:24.169+0000] {processor.py:161} INFO - Started process (PID=3331) to work on /home/airflow/.local/lib/python3.8/site-packages/airflow/example_dags/example_sensors.py
[2024-05-30T00:05:24.170+0000] {processor.py:830} INFO - Processing file /home/airflow/.local/lib/python3.8/site-packages/airflow/example_dags/example_sensors.py for tasks to queue
[2024-05-30T00:05:24.172+0000] {logging_mixin.py:188} INFO - [2024-05-30T00:05:24.172+0000] {dagbag.py:538} INFO - Filling up the DagBag from /home/airflow/.local/lib/python3.8/site-packages/airflow/example_dags/example_sensors.py
[2024-05-30T00:05:24.184+0000] {processor.py:840} INFO - DAG(s) 'example_sensors' retrieved from /home/airflow/.local/lib/python3.8/site-packages/airflow/example_dags/example_sensors.py
[2024-05-30T00:05:24.215+0000] {logging_mixin.py:188} INFO - [2024-05-30T00:05:24.215+0000] {dag.py:3036} INFO - Sync 1 DAGs
[2024-05-30T00:05:24.228+0000] {logging_mixin.py:188} INFO - [2024-05-30T00:05:24.227+0000] {dag.py:3823} INFO - Setting next_dagrun for example_sensors to None, run_after=None
[2024-05-30T00:05:24.252+0000] {processor.py:183} INFO - Processing /home/airflow/.local/lib/python3.8/site-packages/airflow/example_dags/example_sensors.py took 0.087 seconds
[2024-05-30T00:05:55.079+0000] {processor.py:161} INFO - Started process (PID=3389) to work on /home/airflow/.local/lib/python3.8/site-packages/airflow/example_dags/example_sensors.py
[2024-05-30T00:05:55.080+0000] {processor.py:830} INFO - Processing file /home/airflow/.local/lib/python3.8/site-packages/airflow/example_dags/example_sensors.py for tasks to queue
[2024-05-30T00:05:55.081+0000] {logging_mixin.py:188} INFO - [2024-05-30T00:05:55.081+0000] {dagbag.py:538} INFO - Filling up the DagBag from /home/airflow/.local/lib/python3.8/site-packages/airflow/example_dags/example_sensors.py
[2024-05-30T00:05:55.090+0000] {processor.py:840} INFO - DAG(s) 'example_sensors' retrieved from /home/airflow/.local/lib/python3.8/site-packages/airflow/example_dags/example_sensors.py
[2024-05-30T00:05:55.113+0000] {logging_mixin.py:188} INFO - [2024-05-30T00:05:55.112+0000] {dag.py:3036} INFO - Sync 1 DAGs
[2024-05-30T00:05:55.124+0000] {logging_mixin.py:188} INFO - [2024-05-30T00:05:55.124+0000] {dag.py:3823} INFO - Setting next_dagrun for example_sensors to None, run_after=None
[2024-05-30T00:05:55.144+0000] {processor.py:183} INFO - Processing /home/airflow/.local/lib/python3.8/site-packages/airflow/example_dags/example_sensors.py took 0.068 seconds
[2024-05-30T00:06:27.307+0000] {processor.py:161} INFO - Started process (PID=3448) to work on /home/airflow/.local/lib/python3.8/site-packages/airflow/example_dags/example_sensors.py
[2024-05-30T00:06:27.308+0000] {processor.py:830} INFO - Processing file /home/airflow/.local/lib/python3.8/site-packages/airflow/example_dags/example_sensors.py for tasks to queue
[2024-05-30T00:06:27.309+0000] {logging_mixin.py:188} INFO - [2024-05-30T00:06:27.309+0000] {dagbag.py:538} INFO - Filling up the DagBag from /home/airflow/.local/lib/python3.8/site-packages/airflow/example_dags/example_sensors.py
[2024-05-30T00:06:27.319+0000] {processor.py:840} INFO - DAG(s) 'example_sensors' retrieved from /home/airflow/.local/lib/python3.8/site-packages/airflow/example_dags/example_sensors.py
[2024-05-30T00:06:27.471+0000] {logging_mixin.py:188} INFO - [2024-05-30T00:06:27.470+0000] {dag.py:3036} INFO - Sync 1 DAGs
[2024-05-30T00:06:27.482+0000] {logging_mixin.py:188} INFO - [2024-05-30T00:06:27.481+0000] {dag.py:3823} INFO - Setting next_dagrun for example_sensors to None, run_after=None
[2024-05-30T00:06:27.504+0000] {processor.py:183} INFO - Processing /home/airflow/.local/lib/python3.8/site-packages/airflow/example_dags/example_sensors.py took 0.200 seconds
[2024-05-30T00:06:57.768+0000] {processor.py:161} INFO - Started process (PID=3507) to work on /home/airflow/.local/lib/python3.8/site-packages/airflow/example_dags/example_sensors.py
[2024-05-30T00:06:57.769+0000] {processor.py:830} INFO - Processing file /home/airflow/.local/lib/python3.8/site-packages/airflow/example_dags/example_sensors.py for tasks to queue
[2024-05-30T00:06:57.771+0000] {logging_mixin.py:188} INFO - [2024-05-30T00:06:57.770+0000] {dagbag.py:538} INFO - Filling up the DagBag from /home/airflow/.local/lib/python3.8/site-packages/airflow/example_dags/example_sensors.py
[2024-05-30T00:06:57.780+0000] {processor.py:840} INFO - DAG(s) 'example_sensors' retrieved from /home/airflow/.local/lib/python3.8/site-packages/airflow/example_dags/example_sensors.py
[2024-05-30T00:06:57.804+0000] {logging_mixin.py:188} INFO - [2024-05-30T00:06:57.804+0000] {dag.py:3036} INFO - Sync 1 DAGs
[2024-05-30T00:06:57.816+0000] {logging_mixin.py:188} INFO - [2024-05-30T00:06:57.816+0000] {dag.py:3823} INFO - Setting next_dagrun for example_sensors to None, run_after=None
[2024-05-30T00:06:57.839+0000] {processor.py:183} INFO - Processing /home/airflow/.local/lib/python3.8/site-packages/airflow/example_dags/example_sensors.py took 0.074 seconds
[2024-05-30T00:07:28.767+0000] {processor.py:161} INFO - Started process (PID=3566) to work on /home/airflow/.local/lib/python3.8/site-packages/airflow/example_dags/example_sensors.py
[2024-05-30T00:07:28.769+0000] {processor.py:830} INFO - Processing file /home/airflow/.local/lib/python3.8/site-packages/airflow/example_dags/example_sensors.py for tasks to queue
[2024-05-30T00:07:28.770+0000] {logging_mixin.py:188} INFO - [2024-05-30T00:07:28.770+0000] {dagbag.py:538} INFO - Filling up the DagBag from /home/airflow/.local/lib/python3.8/site-packages/airflow/example_dags/example_sensors.py
[2024-05-30T00:07:28.781+0000] {processor.py:840} INFO - DAG(s) 'example_sensors' retrieved from /home/airflow/.local/lib/python3.8/site-packages/airflow/example_dags/example_sensors.py
[2024-05-30T00:07:28.812+0000] {logging_mixin.py:188} INFO - [2024-05-30T00:07:28.812+0000] {dag.py:3036} INFO - Sync 1 DAGs
[2024-05-30T00:07:28.825+0000] {logging_mixin.py:188} INFO - [2024-05-30T00:07:28.824+0000] {dag.py:3823} INFO - Setting next_dagrun for example_sensors to None, run_after=None
[2024-05-30T00:07:28.848+0000] {processor.py:183} INFO - Processing /home/airflow/.local/lib/python3.8/site-packages/airflow/example_dags/example_sensors.py took 0.085 seconds
[2024-05-30T00:07:59.099+0000] {processor.py:161} INFO - Started process (PID=3625) to work on /home/airflow/.local/lib/python3.8/site-packages/airflow/example_dags/example_sensors.py
[2024-05-30T00:07:59.100+0000] {processor.py:830} INFO - Processing file /home/airflow/.local/lib/python3.8/site-packages/airflow/example_dags/example_sensors.py for tasks to queue
[2024-05-30T00:07:59.101+0000] {logging_mixin.py:188} INFO - [2024-05-30T00:07:59.101+0000] {dagbag.py:538} INFO - Filling up the DagBag from /home/airflow/.local/lib/python3.8/site-packages/airflow/example_dags/example_sensors.py
[2024-05-30T00:07:59.114+0000] {processor.py:840} INFO - DAG(s) 'example_sensors' retrieved from /home/airflow/.local/lib/python3.8/site-packages/airflow/example_dags/example_sensors.py
[2024-05-30T00:07:59.153+0000] {logging_mixin.py:188} INFO - [2024-05-30T00:07:59.153+0000] {dag.py:3036} INFO - Sync 1 DAGs
[2024-05-30T00:07:59.169+0000] {logging_mixin.py:188} INFO - [2024-05-30T00:07:59.168+0000] {dag.py:3823} INFO - Setting next_dagrun for example_sensors to None, run_after=None
[2024-05-30T00:07:59.209+0000] {processor.py:183} INFO - Processing /home/airflow/.local/lib/python3.8/site-packages/airflow/example_dags/example_sensors.py took 0.114 seconds
[2024-05-30T00:08:29.612+0000] {processor.py:161} INFO - Started process (PID=3684) to work on /home/airflow/.local/lib/python3.8/site-packages/airflow/example_dags/example_sensors.py
[2024-05-30T00:08:29.614+0000] {processor.py:830} INFO - Processing file /home/airflow/.local/lib/python3.8/site-packages/airflow/example_dags/example_sensors.py for tasks to queue
[2024-05-30T00:08:29.615+0000] {logging_mixin.py:188} INFO - [2024-05-30T00:08:29.615+0000] {dagbag.py:538} INFO - Filling up the DagBag from /home/airflow/.local/lib/python3.8/site-packages/airflow/example_dags/example_sensors.py
[2024-05-30T00:08:29.624+0000] {processor.py:840} INFO - DAG(s) 'example_sensors' retrieved from /home/airflow/.local/lib/python3.8/site-packages/airflow/example_dags/example_sensors.py
[2024-05-30T00:08:29.649+0000] {logging_mixin.py:188} INFO - [2024-05-30T00:08:29.648+0000] {dag.py:3036} INFO - Sync 1 DAGs
[2024-05-30T00:08:29.660+0000] {logging_mixin.py:188} INFO - [2024-05-30T00:08:29.660+0000] {dag.py:3823} INFO - Setting next_dagrun for example_sensors to None, run_after=None
[2024-05-30T00:08:29.682+0000] {processor.py:183} INFO - Processing /home/airflow/.local/lib/python3.8/site-packages/airflow/example_dags/example_sensors.py took 0.073 seconds
[2024-05-30T00:09:00.545+0000] {processor.py:161} INFO - Started process (PID=3743) to work on /home/airflow/.local/lib/python3.8/site-packages/airflow/example_dags/example_sensors.py
[2024-05-30T00:09:00.546+0000] {processor.py:830} INFO - Processing file /home/airflow/.local/lib/python3.8/site-packages/airflow/example_dags/example_sensors.py for tasks to queue
[2024-05-30T00:09:00.547+0000] {logging_mixin.py:188} INFO - [2024-05-30T00:09:00.547+0000] {dagbag.py:538} INFO - Filling up the DagBag from /home/airflow/.local/lib/python3.8/site-packages/airflow/example_dags/example_sensors.py
[2024-05-30T00:09:00.557+0000] {processor.py:840} INFO - DAG(s) 'example_sensors' retrieved from /home/airflow/.local/lib/python3.8/site-packages/airflow/example_dags/example_sensors.py
[2024-05-30T00:09:00.583+0000] {logging_mixin.py:188} INFO - [2024-05-30T00:09:00.582+0000] {dag.py:3036} INFO - Sync 1 DAGs
[2024-05-30T00:09:00.594+0000] {logging_mixin.py:188} INFO - [2024-05-30T00:09:00.594+0000] {dag.py:3823} INFO - Setting next_dagrun for example_sensors to None, run_after=None
[2024-05-30T00:09:00.616+0000] {processor.py:183} INFO - Processing /home/airflow/.local/lib/python3.8/site-packages/airflow/example_dags/example_sensors.py took 0.074 seconds
[2024-05-30T00:09:30.884+0000] {processor.py:161} INFO - Started process (PID=3802) to work on /home/airflow/.local/lib/python3.8/site-packages/airflow/example_dags/example_sensors.py
[2024-05-30T00:09:30.885+0000] {processor.py:830} INFO - Processing file /home/airflow/.local/lib/python3.8/site-packages/airflow/example_dags/example_sensors.py for tasks to queue
[2024-05-30T00:09:30.886+0000] {logging_mixin.py:188} INFO - [2024-05-30T00:09:30.886+0000] {dagbag.py:538} INFO - Filling up the DagBag from /home/airflow/.local/lib/python3.8/site-packages/airflow/example_dags/example_sensors.py
[2024-05-30T00:09:30.896+0000] {processor.py:840} INFO - DAG(s) 'example_sensors' retrieved from /home/airflow/.local/lib/python3.8/site-packages/airflow/example_dags/example_sensors.py
[2024-05-30T00:09:30.923+0000] {logging_mixin.py:188} INFO - [2024-05-30T00:09:30.922+0000] {dag.py:3036} INFO - Sync 1 DAGs
[2024-05-30T00:09:30.939+0000] {logging_mixin.py:188} INFO - [2024-05-30T00:09:30.939+0000] {dag.py:3823} INFO - Setting next_dagrun for example_sensors to None, run_after=None
[2024-05-30T00:09:30.962+0000] {processor.py:183} INFO - Processing /home/airflow/.local/lib/python3.8/site-packages/airflow/example_dags/example_sensors.py took 0.082 seconds
[2024-05-30T00:10:02.134+0000] {processor.py:161} INFO - Started process (PID=3861) to work on /home/airflow/.local/lib/python3.8/site-packages/airflow/example_dags/example_sensors.py
[2024-05-30T00:10:02.136+0000] {processor.py:830} INFO - Processing file /home/airflow/.local/lib/python3.8/site-packages/airflow/example_dags/example_sensors.py for tasks to queue
[2024-05-30T00:10:02.137+0000] {logging_mixin.py:188} INFO - [2024-05-30T00:10:02.137+0000] {dagbag.py:538} INFO - Filling up the DagBag from /home/airflow/.local/lib/python3.8/site-packages/airflow/example_dags/example_sensors.py
[2024-05-30T00:10:02.148+0000] {processor.py:840} INFO - DAG(s) 'example_sensors' retrieved from /home/airflow/.local/lib/python3.8/site-packages/airflow/example_dags/example_sensors.py
[2024-05-30T00:10:02.179+0000] {logging_mixin.py:188} INFO - [2024-05-30T00:10:02.179+0000] {dag.py:3036} INFO - Sync 1 DAGs
[2024-05-30T00:10:02.192+0000] {logging_mixin.py:188} INFO - [2024-05-30T00:10:02.192+0000] {dag.py:3823} INFO - Setting next_dagrun for example_sensors to None, run_after=None
[2024-05-30T00:10:02.217+0000] {processor.py:183} INFO - Processing /home/airflow/.local/lib/python3.8/site-packages/airflow/example_dags/example_sensors.py took 0.086 seconds
[2024-05-30T00:10:32.294+0000] {processor.py:161} INFO - Started process (PID=3920) to work on /home/airflow/.local/lib/python3.8/site-packages/airflow/example_dags/example_sensors.py
[2024-05-30T00:10:32.295+0000] {processor.py:830} INFO - Processing file /home/airflow/.local/lib/python3.8/site-packages/airflow/example_dags/example_sensors.py for tasks to queue
[2024-05-30T00:10:32.297+0000] {logging_mixin.py:188} INFO - [2024-05-30T00:10:32.297+0000] {dagbag.py:538} INFO - Filling up the DagBag from /home/airflow/.local/lib/python3.8/site-packages/airflow/example_dags/example_sensors.py
[2024-05-30T00:10:32.306+0000] {processor.py:840} INFO - DAG(s) 'example_sensors' retrieved from /home/airflow/.local/lib/python3.8/site-packages/airflow/example_dags/example_sensors.py
[2024-05-30T00:10:32.331+0000] {logging_mixin.py:188} INFO - [2024-05-30T00:10:32.331+0000] {dag.py:3036} INFO - Sync 1 DAGs
[2024-05-30T00:10:32.343+0000] {logging_mixin.py:188} INFO - [2024-05-30T00:10:32.343+0000] {dag.py:3823} INFO - Setting next_dagrun for example_sensors to None, run_after=None
[2024-05-30T00:10:32.361+0000] {processor.py:183} INFO - Processing /home/airflow/.local/lib/python3.8/site-packages/airflow/example_dags/example_sensors.py took 0.070 seconds
[2024-05-30T00:11:03.188+0000] {processor.py:161} INFO - Started process (PID=3979) to work on /home/airflow/.local/lib/python3.8/site-packages/airflow/example_dags/example_sensors.py
[2024-05-30T00:11:03.189+0000] {processor.py:830} INFO - Processing file /home/airflow/.local/lib/python3.8/site-packages/airflow/example_dags/example_sensors.py for tasks to queue
[2024-05-30T00:11:03.191+0000] {logging_mixin.py:188} INFO - [2024-05-30T00:11:03.190+0000] {dagbag.py:538} INFO - Filling up the DagBag from /home/airflow/.local/lib/python3.8/site-packages/airflow/example_dags/example_sensors.py
[2024-05-30T00:11:03.200+0000] {processor.py:840} INFO - DAG(s) 'example_sensors' retrieved from /home/airflow/.local/lib/python3.8/site-packages/airflow/example_dags/example_sensors.py
[2024-05-30T00:11:03.226+0000] {logging_mixin.py:188} INFO - [2024-05-30T00:11:03.225+0000] {dag.py:3036} INFO - Sync 1 DAGs
[2024-05-30T00:11:03.237+0000] {logging_mixin.py:188} INFO - [2024-05-30T00:11:03.237+0000] {dag.py:3823} INFO - Setting next_dagrun for example_sensors to None, run_after=None
[2024-05-30T00:11:03.259+0000] {processor.py:183} INFO - Processing /home/airflow/.local/lib/python3.8/site-packages/airflow/example_dags/example_sensors.py took 0.074 seconds
[2024-05-30T00:11:33.601+0000] {processor.py:161} INFO - Started process (PID=4038) to work on /home/airflow/.local/lib/python3.8/site-packages/airflow/example_dags/example_sensors.py
[2024-05-30T00:11:33.602+0000] {processor.py:830} INFO - Processing file /home/airflow/.local/lib/python3.8/site-packages/airflow/example_dags/example_sensors.py for tasks to queue
[2024-05-30T00:11:33.604+0000] {logging_mixin.py:188} INFO - [2024-05-30T00:11:33.603+0000] {dagbag.py:538} INFO - Filling up the DagBag from /home/airflow/.local/lib/python3.8/site-packages/airflow/example_dags/example_sensors.py
[2024-05-30T00:11:33.614+0000] {processor.py:840} INFO - DAG(s) 'example_sensors' retrieved from /home/airflow/.local/lib/python3.8/site-packages/airflow/example_dags/example_sensors.py
[2024-05-30T00:11:33.657+0000] {logging_mixin.py:188} INFO - [2024-05-30T00:11:33.657+0000] {dag.py:3036} INFO - Sync 1 DAGs
[2024-05-30T00:11:33.673+0000] {logging_mixin.py:188} INFO - [2024-05-30T00:11:33.673+0000] {dag.py:3823} INFO - Setting next_dagrun for example_sensors to None, run_after=None
[2024-05-30T00:11:33.701+0000] {processor.py:183} INFO - Processing /home/airflow/.local/lib/python3.8/site-packages/airflow/example_dags/example_sensors.py took 0.103 seconds
[2024-05-30T00:12:04.504+0000] {processor.py:161} INFO - Started process (PID=4097) to work on /home/airflow/.local/lib/python3.8/site-packages/airflow/example_dags/example_sensors.py
[2024-05-30T00:12:04.505+0000] {processor.py:830} INFO - Processing file /home/airflow/.local/lib/python3.8/site-packages/airflow/example_dags/example_sensors.py for tasks to queue
[2024-05-30T00:12:04.506+0000] {logging_mixin.py:188} INFO - [2024-05-30T00:12:04.506+0000] {dagbag.py:538} INFO - Filling up the DagBag from /home/airflow/.local/lib/python3.8/site-packages/airflow/example_dags/example_sensors.py
[2024-05-30T00:12:04.516+0000] {processor.py:840} INFO - DAG(s) 'example_sensors' retrieved from /home/airflow/.local/lib/python3.8/site-packages/airflow/example_dags/example_sensors.py
[2024-05-30T00:12:04.539+0000] {logging_mixin.py:188} INFO - [2024-05-30T00:12:04.539+0000] {dag.py:3036} INFO - Sync 1 DAGs
[2024-05-30T00:12:04.551+0000] {logging_mixin.py:188} INFO - [2024-05-30T00:12:04.551+0000] {dag.py:3823} INFO - Setting next_dagrun for example_sensors to None, run_after=None
[2024-05-30T00:12:04.571+0000] {processor.py:183} INFO - Processing /home/airflow/.local/lib/python3.8/site-packages/airflow/example_dags/example_sensors.py took 0.070 seconds
[2024-05-30T00:12:35.104+0000] {processor.py:161} INFO - Started process (PID=4156) to work on /home/airflow/.local/lib/python3.8/site-packages/airflow/example_dags/example_sensors.py
[2024-05-30T00:12:35.105+0000] {processor.py:830} INFO - Processing file /home/airflow/.local/lib/python3.8/site-packages/airflow/example_dags/example_sensors.py for tasks to queue
[2024-05-30T00:12:35.107+0000] {logging_mixin.py:188} INFO - [2024-05-30T00:12:35.107+0000] {dagbag.py:538} INFO - Filling up the DagBag from /home/airflow/.local/lib/python3.8/site-packages/airflow/example_dags/example_sensors.py
[2024-05-30T00:12:35.116+0000] {processor.py:840} INFO - DAG(s) 'example_sensors' retrieved from /home/airflow/.local/lib/python3.8/site-packages/airflow/example_dags/example_sensors.py
[2024-05-30T00:12:35.142+0000] {logging_mixin.py:188} INFO - [2024-05-30T00:12:35.141+0000] {dag.py:3036} INFO - Sync 1 DAGs
[2024-05-30T00:12:35.153+0000] {logging_mixin.py:188} INFO - [2024-05-30T00:12:35.153+0000] {dag.py:3823} INFO - Setting next_dagrun for example_sensors to None, run_after=None
[2024-05-30T00:12:35.175+0000] {processor.py:183} INFO - Processing /home/airflow/.local/lib/python3.8/site-packages/airflow/example_dags/example_sensors.py took 0.073 seconds
[2024-05-30T00:13:06.061+0000] {processor.py:161} INFO - Started process (PID=4215) to work on /home/airflow/.local/lib/python3.8/site-packages/airflow/example_dags/example_sensors.py
[2024-05-30T00:13:06.062+0000] {processor.py:830} INFO - Processing file /home/airflow/.local/lib/python3.8/site-packages/airflow/example_dags/example_sensors.py for tasks to queue
[2024-05-30T00:13:06.063+0000] {logging_mixin.py:188} INFO - [2024-05-30T00:13:06.063+0000] {dagbag.py:538} INFO - Filling up the DagBag from /home/airflow/.local/lib/python3.8/site-packages/airflow/example_dags/example_sensors.py
[2024-05-30T00:13:06.073+0000] {processor.py:840} INFO - DAG(s) 'example_sensors' retrieved from /home/airflow/.local/lib/python3.8/site-packages/airflow/example_dags/example_sensors.py
[2024-05-30T00:13:06.096+0000] {logging_mixin.py:188} INFO - [2024-05-30T00:13:06.096+0000] {dag.py:3036} INFO - Sync 1 DAGs
[2024-05-30T00:13:06.108+0000] {logging_mixin.py:188} INFO - [2024-05-30T00:13:06.108+0000] {dag.py:3823} INFO - Setting next_dagrun for example_sensors to None, run_after=None
[2024-05-30T00:13:06.131+0000] {processor.py:183} INFO - Processing /home/airflow/.local/lib/python3.8/site-packages/airflow/example_dags/example_sensors.py took 0.072 seconds
[2024-05-30T00:13:36.791+0000] {processor.py:161} INFO - Started process (PID=4274) to work on /home/airflow/.local/lib/python3.8/site-packages/airflow/example_dags/example_sensors.py
[2024-05-30T00:13:36.792+0000] {processor.py:830} INFO - Processing file /home/airflow/.local/lib/python3.8/site-packages/airflow/example_dags/example_sensors.py for tasks to queue
[2024-05-30T00:13:36.793+0000] {logging_mixin.py:188} INFO - [2024-05-30T00:13:36.793+0000] {dagbag.py:538} INFO - Filling up the DagBag from /home/airflow/.local/lib/python3.8/site-packages/airflow/example_dags/example_sensors.py
[2024-05-30T00:13:36.802+0000] {processor.py:840} INFO - DAG(s) 'example_sensors' retrieved from /home/airflow/.local/lib/python3.8/site-packages/airflow/example_dags/example_sensors.py
[2024-05-30T00:13:36.828+0000] {logging_mixin.py:188} INFO - [2024-05-30T00:13:36.827+0000] {dag.py:3036} INFO - Sync 1 DAGs
[2024-05-30T00:13:36.839+0000] {logging_mixin.py:188} INFO - [2024-05-30T00:13:36.839+0000] {dag.py:3823} INFO - Setting next_dagrun for example_sensors to None, run_after=None
[2024-05-30T00:13:36.861+0000] {processor.py:183} INFO - Processing /home/airflow/.local/lib/python3.8/site-packages/airflow/example_dags/example_sensors.py took 0.073 seconds
[2024-05-30T00:14:07.423+0000] {processor.py:161} INFO - Started process (PID=4339) to work on /home/airflow/.local/lib/python3.8/site-packages/airflow/example_dags/example_sensors.py
[2024-05-30T00:14:07.424+0000] {processor.py:830} INFO - Processing file /home/airflow/.local/lib/python3.8/site-packages/airflow/example_dags/example_sensors.py for tasks to queue
[2024-05-30T00:14:07.426+0000] {logging_mixin.py:188} INFO - [2024-05-30T00:14:07.426+0000] {dagbag.py:538} INFO - Filling up the DagBag from /home/airflow/.local/lib/python3.8/site-packages/airflow/example_dags/example_sensors.py
[2024-05-30T00:14:07.435+0000] {processor.py:840} INFO - DAG(s) 'example_sensors' retrieved from /home/airflow/.local/lib/python3.8/site-packages/airflow/example_dags/example_sensors.py
[2024-05-30T00:14:07.458+0000] {logging_mixin.py:188} INFO - [2024-05-30T00:14:07.458+0000] {dag.py:3036} INFO - Sync 1 DAGs
[2024-05-30T00:14:07.470+0000] {logging_mixin.py:188} INFO - [2024-05-30T00:14:07.470+0000] {dag.py:3823} INFO - Setting next_dagrun for example_sensors to None, run_after=None
[2024-05-30T00:14:07.490+0000] {processor.py:183} INFO - Processing /home/airflow/.local/lib/python3.8/site-packages/airflow/example_dags/example_sensors.py took 0.070 seconds
