[2024-05-30T00:00:13.781+0000] {processor.py:161} INFO - Started process (PID=2728) to work on /home/airflow/.local/lib/python3.8/site-packages/airflow/example_dags/example_task_group.py
[2024-05-30T00:00:13.783+0000] {processor.py:830} INFO - Processing file /home/airflow/.local/lib/python3.8/site-packages/airflow/example_dags/example_task_group.py for tasks to queue
[2024-05-30T00:00:13.785+0000] {logging_mixin.py:188} INFO - [2024-05-30T00:00:13.784+0000] {dagbag.py:538} INFO - Filling up the DagBag from /home/airflow/.local/lib/python3.8/site-packages/airflow/example_dags/example_task_group.py
[2024-05-30T00:00:13.795+0000] {processor.py:840} INFO - DAG(s) 'example_task_group' retrieved from /home/airflow/.local/lib/python3.8/site-packages/airflow/example_dags/example_task_group.py
[2024-05-30T00:00:13.823+0000] {logging_mixin.py:188} INFO - [2024-05-30T00:00:13.823+0000] {dag.py:3036} INFO - Sync 1 DAGs
[2024-05-30T00:00:13.855+0000] {logging_mixin.py:188} INFO - [2024-05-30T00:00:13.855+0000] {dag.py:3823} INFO - Setting next_dagrun for example_task_group to 2024-05-29 00:00:00+00:00, run_after=2024-05-30 00:00:00+00:00
[2024-05-30T00:00:13.881+0000] {processor.py:183} INFO - Processing /home/airflow/.local/lib/python3.8/site-packages/airflow/example_dags/example_task_group.py took 0.105 seconds
[2024-05-30T00:00:45.307+0000] {processor.py:161} INFO - Started process (PID=2787) to work on /home/airflow/.local/lib/python3.8/site-packages/airflow/example_dags/example_task_group.py
[2024-05-30T00:00:45.310+0000] {processor.py:830} INFO - Processing file /home/airflow/.local/lib/python3.8/site-packages/airflow/example_dags/example_task_group.py for tasks to queue
[2024-05-30T00:00:45.312+0000] {logging_mixin.py:188} INFO - [2024-05-30T00:00:45.312+0000] {dagbag.py:538} INFO - Filling up the DagBag from /home/airflow/.local/lib/python3.8/site-packages/airflow/example_dags/example_task_group.py
[2024-05-30T00:00:45.330+0000] {processor.py:840} INFO - DAG(s) 'example_task_group' retrieved from /home/airflow/.local/lib/python3.8/site-packages/airflow/example_dags/example_task_group.py
[2024-05-30T00:00:45.364+0000] {logging_mixin.py:188} INFO - [2024-05-30T00:00:45.363+0000] {dag.py:3036} INFO - Sync 1 DAGs
[2024-05-30T00:00:45.399+0000] {logging_mixin.py:188} INFO - [2024-05-30T00:00:45.398+0000] {dag.py:3823} INFO - Setting next_dagrun for example_task_group to 2024-05-29 00:00:00+00:00, run_after=2024-05-30 00:00:00+00:00
[2024-05-30T00:00:45.427+0000] {processor.py:183} INFO - Processing /home/airflow/.local/lib/python3.8/site-packages/airflow/example_dags/example_task_group.py took 0.132 seconds
[2024-05-30T00:01:16.017+0000] {processor.py:161} INFO - Started process (PID=2846) to work on /home/airflow/.local/lib/python3.8/site-packages/airflow/example_dags/example_task_group.py
[2024-05-30T00:01:16.018+0000] {processor.py:830} INFO - Processing file /home/airflow/.local/lib/python3.8/site-packages/airflow/example_dags/example_task_group.py for tasks to queue
[2024-05-30T00:01:16.019+0000] {logging_mixin.py:188} INFO - [2024-05-30T00:01:16.019+0000] {dagbag.py:538} INFO - Filling up the DagBag from /home/airflow/.local/lib/python3.8/site-packages/airflow/example_dags/example_task_group.py
[2024-05-30T00:01:16.033+0000] {processor.py:840} INFO - DAG(s) 'example_task_group' retrieved from /home/airflow/.local/lib/python3.8/site-packages/airflow/example_dags/example_task_group.py
[2024-05-30T00:01:16.068+0000] {logging_mixin.py:188} INFO - [2024-05-30T00:01:16.067+0000] {dag.py:3036} INFO - Sync 1 DAGs
[2024-05-30T00:01:16.100+0000] {logging_mixin.py:188} INFO - [2024-05-30T00:01:16.099+0000] {dag.py:3823} INFO - Setting next_dagrun for example_task_group to 2024-05-29 00:00:00+00:00, run_after=2024-05-30 00:00:00+00:00
[2024-05-30T00:01:16.131+0000] {processor.py:183} INFO - Processing /home/airflow/.local/lib/python3.8/site-packages/airflow/example_dags/example_task_group.py took 0.119 seconds
[2024-05-30T00:01:46.461+0000] {processor.py:161} INFO - Started process (PID=2905) to work on /home/airflow/.local/lib/python3.8/site-packages/airflow/example_dags/example_task_group.py
[2024-05-30T00:01:46.462+0000] {processor.py:830} INFO - Processing file /home/airflow/.local/lib/python3.8/site-packages/airflow/example_dags/example_task_group.py for tasks to queue
[2024-05-30T00:01:46.464+0000] {logging_mixin.py:188} INFO - [2024-05-30T00:01:46.463+0000] {dagbag.py:538} INFO - Filling up the DagBag from /home/airflow/.local/lib/python3.8/site-packages/airflow/example_dags/example_task_group.py
[2024-05-30T00:01:46.471+0000] {processor.py:840} INFO - DAG(s) 'example_task_group' retrieved from /home/airflow/.local/lib/python3.8/site-packages/airflow/example_dags/example_task_group.py
[2024-05-30T00:01:46.494+0000] {logging_mixin.py:188} INFO - [2024-05-30T00:01:46.494+0000] {dag.py:3036} INFO - Sync 1 DAGs
[2024-05-30T00:01:46.514+0000] {logging_mixin.py:188} INFO - [2024-05-30T00:01:46.514+0000] {dag.py:3823} INFO - Setting next_dagrun for example_task_group to 2024-05-29 00:00:00+00:00, run_after=2024-05-30 00:00:00+00:00
[2024-05-30T00:01:46.538+0000] {processor.py:183} INFO - Processing /home/airflow/.local/lib/python3.8/site-packages/airflow/example_dags/example_task_group.py took 0.080 seconds
[2024-05-30T00:02:17.539+0000] {processor.py:161} INFO - Started process (PID=2964) to work on /home/airflow/.local/lib/python3.8/site-packages/airflow/example_dags/example_task_group.py
[2024-05-30T00:02:17.540+0000] {processor.py:830} INFO - Processing file /home/airflow/.local/lib/python3.8/site-packages/airflow/example_dags/example_task_group.py for tasks to queue
[2024-05-30T00:02:17.543+0000] {logging_mixin.py:188} INFO - [2024-05-30T00:02:17.542+0000] {dagbag.py:538} INFO - Filling up the DagBag from /home/airflow/.local/lib/python3.8/site-packages/airflow/example_dags/example_task_group.py
[2024-05-30T00:02:17.553+0000] {processor.py:840} INFO - DAG(s) 'example_task_group' retrieved from /home/airflow/.local/lib/python3.8/site-packages/airflow/example_dags/example_task_group.py
[2024-05-30T00:02:17.576+0000] {logging_mixin.py:188} INFO - [2024-05-30T00:02:17.575+0000] {dag.py:3036} INFO - Sync 1 DAGs
[2024-05-30T00:02:17.597+0000] {logging_mixin.py:188} INFO - [2024-05-30T00:02:17.597+0000] {dag.py:3823} INFO - Setting next_dagrun for example_task_group to 2024-05-29 00:00:00+00:00, run_after=2024-05-30 00:00:00+00:00
[2024-05-30T00:02:17.620+0000] {processor.py:183} INFO - Processing /home/airflow/.local/lib/python3.8/site-packages/airflow/example_dags/example_task_group.py took 0.085 seconds
[2024-05-30T00:02:49.218+0000] {processor.py:161} INFO - Started process (PID=3023) to work on /home/airflow/.local/lib/python3.8/site-packages/airflow/example_dags/example_task_group.py
[2024-05-30T00:02:49.222+0000] {processor.py:830} INFO - Processing file /home/airflow/.local/lib/python3.8/site-packages/airflow/example_dags/example_task_group.py for tasks to queue
[2024-05-30T00:02:49.224+0000] {logging_mixin.py:188} INFO - [2024-05-30T00:02:49.224+0000] {dagbag.py:538} INFO - Filling up the DagBag from /home/airflow/.local/lib/python3.8/site-packages/airflow/example_dags/example_task_group.py
[2024-05-30T00:02:49.235+0000] {processor.py:840} INFO - DAG(s) 'example_task_group' retrieved from /home/airflow/.local/lib/python3.8/site-packages/airflow/example_dags/example_task_group.py
[2024-05-30T00:02:49.274+0000] {logging_mixin.py:188} INFO - [2024-05-30T00:02:49.273+0000] {dag.py:3036} INFO - Sync 1 DAGs
[2024-05-30T00:02:49.303+0000] {logging_mixin.py:188} INFO - [2024-05-30T00:02:49.302+0000] {dag.py:3823} INFO - Setting next_dagrun for example_task_group to 2024-05-29 00:00:00+00:00, run_after=2024-05-30 00:00:00+00:00
[2024-05-30T00:02:49.332+0000] {processor.py:183} INFO - Processing /home/airflow/.local/lib/python3.8/site-packages/airflow/example_dags/example_task_group.py took 0.123 seconds
[2024-05-30T00:03:19.870+0000] {processor.py:161} INFO - Started process (PID=3082) to work on /home/airflow/.local/lib/python3.8/site-packages/airflow/example_dags/example_task_group.py
[2024-05-30T00:03:19.871+0000] {processor.py:830} INFO - Processing file /home/airflow/.local/lib/python3.8/site-packages/airflow/example_dags/example_task_group.py for tasks to queue
[2024-05-30T00:03:19.872+0000] {logging_mixin.py:188} INFO - [2024-05-30T00:03:19.872+0000] {dagbag.py:538} INFO - Filling up the DagBag from /home/airflow/.local/lib/python3.8/site-packages/airflow/example_dags/example_task_group.py
[2024-05-30T00:03:19.881+0000] {processor.py:840} INFO - DAG(s) 'example_task_group' retrieved from /home/airflow/.local/lib/python3.8/site-packages/airflow/example_dags/example_task_group.py
[2024-05-30T00:03:19.903+0000] {logging_mixin.py:188} INFO - [2024-05-30T00:03:19.903+0000] {dag.py:3036} INFO - Sync 1 DAGs
[2024-05-30T00:03:19.923+0000] {logging_mixin.py:188} INFO - [2024-05-30T00:03:19.923+0000] {dag.py:3823} INFO - Setting next_dagrun for example_task_group to 2024-05-29 00:00:00+00:00, run_after=2024-05-30 00:00:00+00:00
[2024-05-30T00:03:19.946+0000] {processor.py:183} INFO - Processing /home/airflow/.local/lib/python3.8/site-packages/airflow/example_dags/example_task_group.py took 0.079 seconds
[2024-05-30T00:03:50.812+0000] {processor.py:161} INFO - Started process (PID=3141) to work on /home/airflow/.local/lib/python3.8/site-packages/airflow/example_dags/example_task_group.py
[2024-05-30T00:03:50.813+0000] {processor.py:830} INFO - Processing file /home/airflow/.local/lib/python3.8/site-packages/airflow/example_dags/example_task_group.py for tasks to queue
[2024-05-30T00:03:50.814+0000] {logging_mixin.py:188} INFO - [2024-05-30T00:03:50.814+0000] {dagbag.py:538} INFO - Filling up the DagBag from /home/airflow/.local/lib/python3.8/site-packages/airflow/example_dags/example_task_group.py
[2024-05-30T00:03:50.822+0000] {processor.py:840} INFO - DAG(s) 'example_task_group' retrieved from /home/airflow/.local/lib/python3.8/site-packages/airflow/example_dags/example_task_group.py
[2024-05-30T00:03:50.845+0000] {logging_mixin.py:188} INFO - [2024-05-30T00:03:50.845+0000] {dag.py:3036} INFO - Sync 1 DAGs
[2024-05-30T00:03:50.866+0000] {logging_mixin.py:188} INFO - [2024-05-30T00:03:50.866+0000] {dag.py:3823} INFO - Setting next_dagrun for example_task_group to 2024-05-29 00:00:00+00:00, run_after=2024-05-30 00:00:00+00:00
[2024-05-30T00:03:50.886+0000] {processor.py:183} INFO - Processing /home/airflow/.local/lib/python3.8/site-packages/airflow/example_dags/example_task_group.py took 0.077 seconds
[2024-05-30T00:04:21.474+0000] {processor.py:161} INFO - Started process (PID=3200) to work on /home/airflow/.local/lib/python3.8/site-packages/airflow/example_dags/example_task_group.py
[2024-05-30T00:04:21.475+0000] {processor.py:830} INFO - Processing file /home/airflow/.local/lib/python3.8/site-packages/airflow/example_dags/example_task_group.py for tasks to queue
[2024-05-30T00:04:21.476+0000] {logging_mixin.py:188} INFO - [2024-05-30T00:04:21.476+0000] {dagbag.py:538} INFO - Filling up the DagBag from /home/airflow/.local/lib/python3.8/site-packages/airflow/example_dags/example_task_group.py
[2024-05-30T00:04:21.485+0000] {processor.py:840} INFO - DAG(s) 'example_task_group' retrieved from /home/airflow/.local/lib/python3.8/site-packages/airflow/example_dags/example_task_group.py
[2024-05-30T00:04:21.509+0000] {logging_mixin.py:188} INFO - [2024-05-30T00:04:21.509+0000] {dag.py:3036} INFO - Sync 1 DAGs
[2024-05-30T00:04:21.534+0000] {logging_mixin.py:188} INFO - [2024-05-30T00:04:21.534+0000] {dag.py:3823} INFO - Setting next_dagrun for example_task_group to 2024-05-29 00:00:00+00:00, run_after=2024-05-30 00:00:00+00:00
[2024-05-30T00:04:21.676+0000] {processor.py:183} INFO - Processing /home/airflow/.local/lib/python3.8/site-packages/airflow/example_dags/example_task_group.py took 0.205 seconds
[2024-05-30T00:04:52.206+0000] {processor.py:161} INFO - Started process (PID=3259) to work on /home/airflow/.local/lib/python3.8/site-packages/airflow/example_dags/example_task_group.py
[2024-05-30T00:04:52.207+0000] {processor.py:830} INFO - Processing file /home/airflow/.local/lib/python3.8/site-packages/airflow/example_dags/example_task_group.py for tasks to queue
[2024-05-30T00:04:52.209+0000] {logging_mixin.py:188} INFO - [2024-05-30T00:04:52.208+0000] {dagbag.py:538} INFO - Filling up the DagBag from /home/airflow/.local/lib/python3.8/site-packages/airflow/example_dags/example_task_group.py
[2024-05-30T00:04:52.217+0000] {processor.py:840} INFO - DAG(s) 'example_task_group' retrieved from /home/airflow/.local/lib/python3.8/site-packages/airflow/example_dags/example_task_group.py
[2024-05-30T00:04:52.239+0000] {logging_mixin.py:188} INFO - [2024-05-30T00:04:52.238+0000] {dag.py:3036} INFO - Sync 1 DAGs
[2024-05-30T00:04:52.258+0000] {logging_mixin.py:188} INFO - [2024-05-30T00:04:52.258+0000] {dag.py:3823} INFO - Setting next_dagrun for example_task_group to 2024-05-29 00:00:00+00:00, run_after=2024-05-30 00:00:00+00:00
[2024-05-30T00:04:52.279+0000] {processor.py:183} INFO - Processing /home/airflow/.local/lib/python3.8/site-packages/airflow/example_dags/example_task_group.py took 0.076 seconds
[2024-05-30T00:05:22.902+0000] {processor.py:161} INFO - Started process (PID=3318) to work on /home/airflow/.local/lib/python3.8/site-packages/airflow/example_dags/example_task_group.py
[2024-05-30T00:05:22.903+0000] {processor.py:830} INFO - Processing file /home/airflow/.local/lib/python3.8/site-packages/airflow/example_dags/example_task_group.py for tasks to queue
[2024-05-30T00:05:22.904+0000] {logging_mixin.py:188} INFO - [2024-05-30T00:05:22.904+0000] {dagbag.py:538} INFO - Filling up the DagBag from /home/airflow/.local/lib/python3.8/site-packages/airflow/example_dags/example_task_group.py
[2024-05-30T00:05:22.912+0000] {processor.py:840} INFO - DAG(s) 'example_task_group' retrieved from /home/airflow/.local/lib/python3.8/site-packages/airflow/example_dags/example_task_group.py
[2024-05-30T00:05:22.934+0000] {logging_mixin.py:188} INFO - [2024-05-30T00:05:22.934+0000] {dag.py:3036} INFO - Sync 1 DAGs
[2024-05-30T00:05:22.954+0000] {logging_mixin.py:188} INFO - [2024-05-30T00:05:22.953+0000] {dag.py:3823} INFO - Setting next_dagrun for example_task_group to 2024-05-29 00:00:00+00:00, run_after=2024-05-30 00:00:00+00:00
[2024-05-30T00:05:22.972+0000] {processor.py:183} INFO - Processing /home/airflow/.local/lib/python3.8/site-packages/airflow/example_dags/example_task_group.py took 0.074 seconds
[2024-05-30T00:05:54.210+0000] {processor.py:161} INFO - Started process (PID=3377) to work on /home/airflow/.local/lib/python3.8/site-packages/airflow/example_dags/example_task_group.py
[2024-05-30T00:05:54.211+0000] {processor.py:830} INFO - Processing file /home/airflow/.local/lib/python3.8/site-packages/airflow/example_dags/example_task_group.py for tasks to queue
[2024-05-30T00:05:54.213+0000] {logging_mixin.py:188} INFO - [2024-05-30T00:05:54.213+0000] {dagbag.py:538} INFO - Filling up the DagBag from /home/airflow/.local/lib/python3.8/site-packages/airflow/example_dags/example_task_group.py
[2024-05-30T00:05:54.221+0000] {processor.py:840} INFO - DAG(s) 'example_task_group' retrieved from /home/airflow/.local/lib/python3.8/site-packages/airflow/example_dags/example_task_group.py
[2024-05-30T00:05:54.355+0000] {logging_mixin.py:188} INFO - [2024-05-30T00:05:54.354+0000] {dag.py:3036} INFO - Sync 1 DAGs
[2024-05-30T00:05:54.373+0000] {logging_mixin.py:188} INFO - [2024-05-30T00:05:54.373+0000] {dag.py:3823} INFO - Setting next_dagrun for example_task_group to 2024-05-29 00:00:00+00:00, run_after=2024-05-30 00:00:00+00:00
[2024-05-30T00:05:54.391+0000] {processor.py:183} INFO - Processing /home/airflow/.local/lib/python3.8/site-packages/airflow/example_dags/example_task_group.py took 0.184 seconds
[2024-05-30T00:06:25.624+0000] {processor.py:161} INFO - Started process (PID=3436) to work on /home/airflow/.local/lib/python3.8/site-packages/airflow/example_dags/example_task_group.py
[2024-05-30T00:06:25.625+0000] {processor.py:830} INFO - Processing file /home/airflow/.local/lib/python3.8/site-packages/airflow/example_dags/example_task_group.py for tasks to queue
[2024-05-30T00:06:25.627+0000] {logging_mixin.py:188} INFO - [2024-05-30T00:06:25.626+0000] {dagbag.py:538} INFO - Filling up the DagBag from /home/airflow/.local/lib/python3.8/site-packages/airflow/example_dags/example_task_group.py
[2024-05-30T00:06:25.634+0000] {processor.py:840} INFO - DAG(s) 'example_task_group' retrieved from /home/airflow/.local/lib/python3.8/site-packages/airflow/example_dags/example_task_group.py
[2024-05-30T00:06:25.656+0000] {logging_mixin.py:188} INFO - [2024-05-30T00:06:25.656+0000] {dag.py:3036} INFO - Sync 1 DAGs
[2024-05-30T00:06:25.791+0000] {logging_mixin.py:188} INFO - [2024-05-30T00:06:25.791+0000] {dag.py:3823} INFO - Setting next_dagrun for example_task_group to 2024-05-29 00:00:00+00:00, run_after=2024-05-30 00:00:00+00:00
[2024-05-30T00:06:25.815+0000] {processor.py:183} INFO - Processing /home/airflow/.local/lib/python3.8/site-packages/airflow/example_dags/example_task_group.py took 0.194 seconds
[2024-05-30T00:06:56.051+0000] {processor.py:161} INFO - Started process (PID=3495) to work on /home/airflow/.local/lib/python3.8/site-packages/airflow/example_dags/example_task_group.py
[2024-05-30T00:06:56.052+0000] {processor.py:830} INFO - Processing file /home/airflow/.local/lib/python3.8/site-packages/airflow/example_dags/example_task_group.py for tasks to queue
[2024-05-30T00:06:56.054+0000] {logging_mixin.py:188} INFO - [2024-05-30T00:06:56.054+0000] {dagbag.py:538} INFO - Filling up the DagBag from /home/airflow/.local/lib/python3.8/site-packages/airflow/example_dags/example_task_group.py
[2024-05-30T00:06:56.062+0000] {processor.py:840} INFO - DAG(s) 'example_task_group' retrieved from /home/airflow/.local/lib/python3.8/site-packages/airflow/example_dags/example_task_group.py
[2024-05-30T00:06:56.083+0000] {logging_mixin.py:188} INFO - [2024-05-30T00:06:56.083+0000] {dag.py:3036} INFO - Sync 1 DAGs
[2024-05-30T00:06:56.104+0000] {logging_mixin.py:188} INFO - [2024-05-30T00:06:56.103+0000] {dag.py:3823} INFO - Setting next_dagrun for example_task_group to 2024-05-29 00:00:00+00:00, run_after=2024-05-30 00:00:00+00:00
[2024-05-30T00:06:56.126+0000] {processor.py:183} INFO - Processing /home/airflow/.local/lib/python3.8/site-packages/airflow/example_dags/example_task_group.py took 0.077 seconds
[2024-05-30T00:07:26.975+0000] {processor.py:161} INFO - Started process (PID=3554) to work on /home/airflow/.local/lib/python3.8/site-packages/airflow/example_dags/example_task_group.py
[2024-05-30T00:07:26.977+0000] {processor.py:830} INFO - Processing file /home/airflow/.local/lib/python3.8/site-packages/airflow/example_dags/example_task_group.py for tasks to queue
[2024-05-30T00:07:26.978+0000] {logging_mixin.py:188} INFO - [2024-05-30T00:07:26.978+0000] {dagbag.py:538} INFO - Filling up the DagBag from /home/airflow/.local/lib/python3.8/site-packages/airflow/example_dags/example_task_group.py
[2024-05-30T00:07:26.989+0000] {processor.py:840} INFO - DAG(s) 'example_task_group' retrieved from /home/airflow/.local/lib/python3.8/site-packages/airflow/example_dags/example_task_group.py
[2024-05-30T00:07:27.014+0000] {logging_mixin.py:188} INFO - [2024-05-30T00:07:27.014+0000] {dag.py:3036} INFO - Sync 1 DAGs
[2024-05-30T00:07:27.041+0000] {logging_mixin.py:188} INFO - [2024-05-30T00:07:27.040+0000] {dag.py:3823} INFO - Setting next_dagrun for example_task_group to 2024-05-29 00:00:00+00:00, run_after=2024-05-30 00:00:00+00:00
[2024-05-30T00:07:27.065+0000] {processor.py:183} INFO - Processing /home/airflow/.local/lib/python3.8/site-packages/airflow/example_dags/example_task_group.py took 0.093 seconds
[2024-05-30T00:07:57.325+0000] {processor.py:161} INFO - Started process (PID=3613) to work on /home/airflow/.local/lib/python3.8/site-packages/airflow/example_dags/example_task_group.py
[2024-05-30T00:07:57.326+0000] {processor.py:830} INFO - Processing file /home/airflow/.local/lib/python3.8/site-packages/airflow/example_dags/example_task_group.py for tasks to queue
[2024-05-30T00:07:57.327+0000] {logging_mixin.py:188} INFO - [2024-05-30T00:07:57.327+0000] {dagbag.py:538} INFO - Filling up the DagBag from /home/airflow/.local/lib/python3.8/site-packages/airflow/example_dags/example_task_group.py
[2024-05-30T00:07:57.335+0000] {processor.py:840} INFO - DAG(s) 'example_task_group' retrieved from /home/airflow/.local/lib/python3.8/site-packages/airflow/example_dags/example_task_group.py
[2024-05-30T00:07:57.356+0000] {logging_mixin.py:188} INFO - [2024-05-30T00:07:57.356+0000] {dag.py:3036} INFO - Sync 1 DAGs
[2024-05-30T00:07:57.379+0000] {logging_mixin.py:188} INFO - [2024-05-30T00:07:57.379+0000] {dag.py:3823} INFO - Setting next_dagrun for example_task_group to 2024-05-29 00:00:00+00:00, run_after=2024-05-30 00:00:00+00:00
[2024-05-30T00:07:57.398+0000] {processor.py:183} INFO - Processing /home/airflow/.local/lib/python3.8/site-packages/airflow/example_dags/example_task_group.py took 0.077 seconds
[2024-05-30T00:08:27.902+0000] {processor.py:161} INFO - Started process (PID=3672) to work on /home/airflow/.local/lib/python3.8/site-packages/airflow/example_dags/example_task_group.py
[2024-05-30T00:08:27.903+0000] {processor.py:830} INFO - Processing file /home/airflow/.local/lib/python3.8/site-packages/airflow/example_dags/example_task_group.py for tasks to queue
[2024-05-30T00:08:27.904+0000] {logging_mixin.py:188} INFO - [2024-05-30T00:08:27.904+0000] {dagbag.py:538} INFO - Filling up the DagBag from /home/airflow/.local/lib/python3.8/site-packages/airflow/example_dags/example_task_group.py
[2024-05-30T00:08:27.913+0000] {processor.py:840} INFO - DAG(s) 'example_task_group' retrieved from /home/airflow/.local/lib/python3.8/site-packages/airflow/example_dags/example_task_group.py
[2024-05-30T00:08:27.935+0000] {logging_mixin.py:188} INFO - [2024-05-30T00:08:27.935+0000] {dag.py:3036} INFO - Sync 1 DAGs
[2024-05-30T00:08:27.956+0000] {logging_mixin.py:188} INFO - [2024-05-30T00:08:27.956+0000] {dag.py:3823} INFO - Setting next_dagrun for example_task_group to 2024-05-29 00:00:00+00:00, run_after=2024-05-30 00:00:00+00:00
[2024-05-30T00:08:27.976+0000] {processor.py:183} INFO - Processing /home/airflow/.local/lib/python3.8/site-packages/airflow/example_dags/example_task_group.py took 0.077 seconds
[2024-05-30T00:08:58.799+0000] {processor.py:161} INFO - Started process (PID=3731) to work on /home/airflow/.local/lib/python3.8/site-packages/airflow/example_dags/example_task_group.py
[2024-05-30T00:08:58.800+0000] {processor.py:830} INFO - Processing file /home/airflow/.local/lib/python3.8/site-packages/airflow/example_dags/example_task_group.py for tasks to queue
[2024-05-30T00:08:58.802+0000] {logging_mixin.py:188} INFO - [2024-05-30T00:08:58.801+0000] {dagbag.py:538} INFO - Filling up the DagBag from /home/airflow/.local/lib/python3.8/site-packages/airflow/example_dags/example_task_group.py
[2024-05-30T00:08:58.813+0000] {processor.py:840} INFO - DAG(s) 'example_task_group' retrieved from /home/airflow/.local/lib/python3.8/site-packages/airflow/example_dags/example_task_group.py
[2024-05-30T00:08:58.840+0000] {logging_mixin.py:188} INFO - [2024-05-30T00:08:58.840+0000] {dag.py:3036} INFO - Sync 1 DAGs
[2024-05-30T00:08:58.866+0000] {logging_mixin.py:188} INFO - [2024-05-30T00:08:58.865+0000] {dag.py:3823} INFO - Setting next_dagrun for example_task_group to 2024-05-29 00:00:00+00:00, run_after=2024-05-30 00:00:00+00:00
[2024-05-30T00:08:58.888+0000] {processor.py:183} INFO - Processing /home/airflow/.local/lib/python3.8/site-packages/airflow/example_dags/example_task_group.py took 0.096 seconds
[2024-05-30T00:09:30.027+0000] {processor.py:161} INFO - Started process (PID=3790) to work on /home/airflow/.local/lib/python3.8/site-packages/airflow/example_dags/example_task_group.py
[2024-05-30T00:09:30.029+0000] {processor.py:830} INFO - Processing file /home/airflow/.local/lib/python3.8/site-packages/airflow/example_dags/example_task_group.py for tasks to queue
[2024-05-30T00:09:30.030+0000] {logging_mixin.py:188} INFO - [2024-05-30T00:09:30.030+0000] {dagbag.py:538} INFO - Filling up the DagBag from /home/airflow/.local/lib/python3.8/site-packages/airflow/example_dags/example_task_group.py
[2024-05-30T00:09:30.042+0000] {processor.py:840} INFO - DAG(s) 'example_task_group' retrieved from /home/airflow/.local/lib/python3.8/site-packages/airflow/example_dags/example_task_group.py
[2024-05-30T00:09:30.063+0000] {logging_mixin.py:188} INFO - [2024-05-30T00:09:30.063+0000] {dag.py:3036} INFO - Sync 1 DAGs
[2024-05-30T00:09:30.086+0000] {logging_mixin.py:188} INFO - [2024-05-30T00:09:30.086+0000] {dag.py:3823} INFO - Setting next_dagrun for example_task_group to 2024-05-29 00:00:00+00:00, run_after=2024-05-30 00:00:00+00:00
[2024-05-30T00:09:30.113+0000] {processor.py:183} INFO - Processing /home/airflow/.local/lib/python3.8/site-packages/airflow/example_dags/example_task_group.py took 0.090 seconds
[2024-05-30T00:10:01.115+0000] {processor.py:161} INFO - Started process (PID=3849) to work on /home/airflow/.local/lib/python3.8/site-packages/airflow/example_dags/example_task_group.py
[2024-05-30T00:10:01.117+0000] {processor.py:830} INFO - Processing file /home/airflow/.local/lib/python3.8/site-packages/airflow/example_dags/example_task_group.py for tasks to queue
[2024-05-30T00:10:01.118+0000] {logging_mixin.py:188} INFO - [2024-05-30T00:10:01.118+0000] {dagbag.py:538} INFO - Filling up the DagBag from /home/airflow/.local/lib/python3.8/site-packages/airflow/example_dags/example_task_group.py
[2024-05-30T00:10:01.126+0000] {processor.py:840} INFO - DAG(s) 'example_task_group' retrieved from /home/airflow/.local/lib/python3.8/site-packages/airflow/example_dags/example_task_group.py
[2024-05-30T00:10:01.150+0000] {logging_mixin.py:188} INFO - [2024-05-30T00:10:01.149+0000] {dag.py:3036} INFO - Sync 1 DAGs
[2024-05-30T00:10:01.172+0000] {logging_mixin.py:188} INFO - [2024-05-30T00:10:01.172+0000] {dag.py:3823} INFO - Setting next_dagrun for example_task_group to 2024-05-29 00:00:00+00:00, run_after=2024-05-30 00:00:00+00:00
[2024-05-30T00:10:01.196+0000] {processor.py:183} INFO - Processing /home/airflow/.local/lib/python3.8/site-packages/airflow/example_dags/example_task_group.py took 0.084 seconds
[2024-05-30T00:10:31.626+0000] {processor.py:161} INFO - Started process (PID=3908) to work on /home/airflow/.local/lib/python3.8/site-packages/airflow/example_dags/example_task_group.py
[2024-05-30T00:10:31.627+0000] {processor.py:830} INFO - Processing file /home/airflow/.local/lib/python3.8/site-packages/airflow/example_dags/example_task_group.py for tasks to queue
[2024-05-30T00:10:31.629+0000] {logging_mixin.py:188} INFO - [2024-05-30T00:10:31.628+0000] {dagbag.py:538} INFO - Filling up the DagBag from /home/airflow/.local/lib/python3.8/site-packages/airflow/example_dags/example_task_group.py
[2024-05-30T00:10:31.637+0000] {processor.py:840} INFO - DAG(s) 'example_task_group' retrieved from /home/airflow/.local/lib/python3.8/site-packages/airflow/example_dags/example_task_group.py
[2024-05-30T00:10:31.660+0000] {logging_mixin.py:188} INFO - [2024-05-30T00:10:31.659+0000] {dag.py:3036} INFO - Sync 1 DAGs
[2024-05-30T00:10:31.680+0000] {logging_mixin.py:188} INFO - [2024-05-30T00:10:31.680+0000] {dag.py:3823} INFO - Setting next_dagrun for example_task_group to 2024-05-29 00:00:00+00:00, run_after=2024-05-30 00:00:00+00:00
[2024-05-30T00:10:31.705+0000] {processor.py:183} INFO - Processing /home/airflow/.local/lib/python3.8/site-packages/airflow/example_dags/example_task_group.py took 0.083 seconds
[2024-05-30T00:11:02.523+0000] {processor.py:161} INFO - Started process (PID=3967) to work on /home/airflow/.local/lib/python3.8/site-packages/airflow/example_dags/example_task_group.py
[2024-05-30T00:11:02.524+0000] {processor.py:830} INFO - Processing file /home/airflow/.local/lib/python3.8/site-packages/airflow/example_dags/example_task_group.py for tasks to queue
[2024-05-30T00:11:02.525+0000] {logging_mixin.py:188} INFO - [2024-05-30T00:11:02.525+0000] {dagbag.py:538} INFO - Filling up the DagBag from /home/airflow/.local/lib/python3.8/site-packages/airflow/example_dags/example_task_group.py
[2024-05-30T00:11:02.533+0000] {processor.py:840} INFO - DAG(s) 'example_task_group' retrieved from /home/airflow/.local/lib/python3.8/site-packages/airflow/example_dags/example_task_group.py
[2024-05-30T00:11:02.558+0000] {logging_mixin.py:188} INFO - [2024-05-30T00:11:02.557+0000] {dag.py:3036} INFO - Sync 1 DAGs
[2024-05-30T00:11:02.583+0000] {logging_mixin.py:188} INFO - [2024-05-30T00:11:02.583+0000] {dag.py:3823} INFO - Setting next_dagrun for example_task_group to 2024-05-29 00:00:00+00:00, run_after=2024-05-30 00:00:00+00:00
[2024-05-30T00:11:02.604+0000] {processor.py:183} INFO - Processing /home/airflow/.local/lib/python3.8/site-packages/airflow/example_dags/example_task_group.py took 0.085 seconds
[2024-05-30T00:11:32.744+0000] {processor.py:161} INFO - Started process (PID=4025) to work on /home/airflow/.local/lib/python3.8/site-packages/airflow/example_dags/example_task_group.py
[2024-05-30T00:11:32.746+0000] {processor.py:830} INFO - Processing file /home/airflow/.local/lib/python3.8/site-packages/airflow/example_dags/example_task_group.py for tasks to queue
[2024-05-30T00:11:32.747+0000] {logging_mixin.py:188} INFO - [2024-05-30T00:11:32.747+0000] {dagbag.py:538} INFO - Filling up the DagBag from /home/airflow/.local/lib/python3.8/site-packages/airflow/example_dags/example_task_group.py
[2024-05-30T00:11:32.755+0000] {processor.py:840} INFO - DAG(s) 'example_task_group' retrieved from /home/airflow/.local/lib/python3.8/site-packages/airflow/example_dags/example_task_group.py
[2024-05-30T00:11:32.780+0000] {logging_mixin.py:188} INFO - [2024-05-30T00:11:32.780+0000] {dag.py:3036} INFO - Sync 1 DAGs
[2024-05-30T00:11:32.802+0000] {logging_mixin.py:188} INFO - [2024-05-30T00:11:32.802+0000] {dag.py:3823} INFO - Setting next_dagrun for example_task_group to 2024-05-29 00:00:00+00:00, run_after=2024-05-30 00:00:00+00:00
[2024-05-30T00:11:32.823+0000] {processor.py:183} INFO - Processing /home/airflow/.local/lib/python3.8/site-packages/airflow/example_dags/example_task_group.py took 0.082 seconds
[2024-05-30T00:12:03.818+0000] {processor.py:161} INFO - Started process (PID=4085) to work on /home/airflow/.local/lib/python3.8/site-packages/airflow/example_dags/example_task_group.py
[2024-05-30T00:12:03.819+0000] {processor.py:830} INFO - Processing file /home/airflow/.local/lib/python3.8/site-packages/airflow/example_dags/example_task_group.py for tasks to queue
[2024-05-30T00:12:03.821+0000] {logging_mixin.py:188} INFO - [2024-05-30T00:12:03.820+0000] {dagbag.py:538} INFO - Filling up the DagBag from /home/airflow/.local/lib/python3.8/site-packages/airflow/example_dags/example_task_group.py
[2024-05-30T00:12:03.829+0000] {processor.py:840} INFO - DAG(s) 'example_task_group' retrieved from /home/airflow/.local/lib/python3.8/site-packages/airflow/example_dags/example_task_group.py
[2024-05-30T00:12:03.852+0000] {logging_mixin.py:188} INFO - [2024-05-30T00:12:03.852+0000] {dag.py:3036} INFO - Sync 1 DAGs
[2024-05-30T00:12:03.873+0000] {logging_mixin.py:188} INFO - [2024-05-30T00:12:03.872+0000] {dag.py:3823} INFO - Setting next_dagrun for example_task_group to 2024-05-29 00:00:00+00:00, run_after=2024-05-30 00:00:00+00:00
[2024-05-30T00:12:03.893+0000] {processor.py:183} INFO - Processing /home/airflow/.local/lib/python3.8/site-packages/airflow/example_dags/example_task_group.py took 0.078 seconds
[2024-05-30T00:12:34.404+0000] {processor.py:161} INFO - Started process (PID=4144) to work on /home/airflow/.local/lib/python3.8/site-packages/airflow/example_dags/example_task_group.py
[2024-05-30T00:12:34.405+0000] {processor.py:830} INFO - Processing file /home/airflow/.local/lib/python3.8/site-packages/airflow/example_dags/example_task_group.py for tasks to queue
[2024-05-30T00:12:34.406+0000] {logging_mixin.py:188} INFO - [2024-05-30T00:12:34.406+0000] {dagbag.py:538} INFO - Filling up the DagBag from /home/airflow/.local/lib/python3.8/site-packages/airflow/example_dags/example_task_group.py
[2024-05-30T00:12:34.414+0000] {processor.py:840} INFO - DAG(s) 'example_task_group' retrieved from /home/airflow/.local/lib/python3.8/site-packages/airflow/example_dags/example_task_group.py
[2024-05-30T00:12:34.436+0000] {logging_mixin.py:188} INFO - [2024-05-30T00:12:34.435+0000] {dag.py:3036} INFO - Sync 1 DAGs
[2024-05-30T00:12:34.457+0000] {logging_mixin.py:188} INFO - [2024-05-30T00:12:34.457+0000] {dag.py:3823} INFO - Setting next_dagrun for example_task_group to 2024-05-29 00:00:00+00:00, run_after=2024-05-30 00:00:00+00:00
[2024-05-30T00:12:34.480+0000] {processor.py:183} INFO - Processing /home/airflow/.local/lib/python3.8/site-packages/airflow/example_dags/example_task_group.py took 0.079 seconds
[2024-05-30T00:13:05.223+0000] {processor.py:161} INFO - Started process (PID=4203) to work on /home/airflow/.local/lib/python3.8/site-packages/airflow/example_dags/example_task_group.py
[2024-05-30T00:13:05.225+0000] {processor.py:830} INFO - Processing file /home/airflow/.local/lib/python3.8/site-packages/airflow/example_dags/example_task_group.py for tasks to queue
[2024-05-30T00:13:05.226+0000] {logging_mixin.py:188} INFO - [2024-05-30T00:13:05.226+0000] {dagbag.py:538} INFO - Filling up the DagBag from /home/airflow/.local/lib/python3.8/site-packages/airflow/example_dags/example_task_group.py
[2024-05-30T00:13:05.234+0000] {processor.py:840} INFO - DAG(s) 'example_task_group' retrieved from /home/airflow/.local/lib/python3.8/site-packages/airflow/example_dags/example_task_group.py
[2024-05-30T00:13:05.255+0000] {logging_mixin.py:188} INFO - [2024-05-30T00:13:05.255+0000] {dag.py:3036} INFO - Sync 1 DAGs
[2024-05-30T00:13:05.275+0000] {logging_mixin.py:188} INFO - [2024-05-30T00:13:05.275+0000] {dag.py:3823} INFO - Setting next_dagrun for example_task_group to 2024-05-29 00:00:00+00:00, run_after=2024-05-30 00:00:00+00:00
[2024-05-30T00:13:05.294+0000] {processor.py:183} INFO - Processing /home/airflow/.local/lib/python3.8/site-packages/airflow/example_dags/example_task_group.py took 0.073 seconds
[2024-05-30T00:13:35.887+0000] {processor.py:161} INFO - Started process (PID=4262) to work on /home/airflow/.local/lib/python3.8/site-packages/airflow/example_dags/example_task_group.py
[2024-05-30T00:13:35.888+0000] {processor.py:830} INFO - Processing file /home/airflow/.local/lib/python3.8/site-packages/airflow/example_dags/example_task_group.py for tasks to queue
[2024-05-30T00:13:35.890+0000] {logging_mixin.py:188} INFO - [2024-05-30T00:13:35.889+0000] {dagbag.py:538} INFO - Filling up the DagBag from /home/airflow/.local/lib/python3.8/site-packages/airflow/example_dags/example_task_group.py
[2024-05-30T00:13:35.897+0000] {processor.py:840} INFO - DAG(s) 'example_task_group' retrieved from /home/airflow/.local/lib/python3.8/site-packages/airflow/example_dags/example_task_group.py
[2024-05-30T00:13:35.918+0000] {logging_mixin.py:188} INFO - [2024-05-30T00:13:35.918+0000] {dag.py:3036} INFO - Sync 1 DAGs
[2024-05-30T00:13:35.940+0000] {logging_mixin.py:188} INFO - [2024-05-30T00:13:35.940+0000] {dag.py:3823} INFO - Setting next_dagrun for example_task_group to 2024-05-29 00:00:00+00:00, run_after=2024-05-30 00:00:00+00:00
[2024-05-30T00:13:35.962+0000] {processor.py:183} INFO - Processing /home/airflow/.local/lib/python3.8/site-packages/airflow/example_dags/example_task_group.py took 0.078 seconds
[2024-05-30T00:14:06.611+0000] {processor.py:161} INFO - Started process (PID=4321) to work on /home/airflow/.local/lib/python3.8/site-packages/airflow/example_dags/example_task_group.py
[2024-05-30T00:14:06.612+0000] {processor.py:830} INFO - Processing file /home/airflow/.local/lib/python3.8/site-packages/airflow/example_dags/example_task_group.py for tasks to queue
[2024-05-30T00:14:06.614+0000] {logging_mixin.py:188} INFO - [2024-05-30T00:14:06.614+0000] {dagbag.py:538} INFO - Filling up the DagBag from /home/airflow/.local/lib/python3.8/site-packages/airflow/example_dags/example_task_group.py
[2024-05-30T00:14:06.622+0000] {processor.py:840} INFO - DAG(s) 'example_task_group' retrieved from /home/airflow/.local/lib/python3.8/site-packages/airflow/example_dags/example_task_group.py
[2024-05-30T00:14:06.644+0000] {logging_mixin.py:188} INFO - [2024-05-30T00:14:06.644+0000] {dag.py:3036} INFO - Sync 1 DAGs
[2024-05-30T00:14:06.664+0000] {logging_mixin.py:188} INFO - [2024-05-30T00:14:06.664+0000] {dag.py:3823} INFO - Setting next_dagrun for example_task_group to 2024-05-29 00:00:00+00:00, run_after=2024-05-30 00:00:00+00:00
[2024-05-30T00:14:06.686+0000] {processor.py:183} INFO - Processing /home/airflow/.local/lib/python3.8/site-packages/airflow/example_dags/example_task_group.py took 0.078 seconds
[2024-05-30T00:21:14.075+0000] {processor.py:161} INFO - Started process (PID=5148) to work on /home/airflow/.local/lib/python3.8/site-packages/airflow/example_dags/example_task_group.py
[2024-05-30T00:21:14.076+0000] {processor.py:830} INFO - Processing file /home/airflow/.local/lib/python3.8/site-packages/airflow/example_dags/example_task_group.py for tasks to queue
[2024-05-30T00:21:14.078+0000] {logging_mixin.py:188} INFO - [2024-05-30T00:21:14.077+0000] {dagbag.py:538} INFO - Filling up the DagBag from /home/airflow/.local/lib/python3.8/site-packages/airflow/example_dags/example_task_group.py
[2024-05-30T00:21:14.086+0000] {processor.py:840} INFO - DAG(s) 'example_task_group' retrieved from /home/airflow/.local/lib/python3.8/site-packages/airflow/example_dags/example_task_group.py
[2024-05-30T00:21:14.108+0000] {logging_mixin.py:188} INFO - [2024-05-30T00:21:14.108+0000] {dag.py:3036} INFO - Sync 1 DAGs
[2024-05-30T00:21:14.128+0000] {logging_mixin.py:188} INFO - [2024-05-30T00:21:14.128+0000] {dag.py:3823} INFO - Setting next_dagrun for example_task_group to 2024-05-29 00:00:00+00:00, run_after=2024-05-30 00:00:00+00:00
[2024-05-30T00:21:14.148+0000] {processor.py:183} INFO - Processing /home/airflow/.local/lib/python3.8/site-packages/airflow/example_dags/example_task_group.py took 0.076 seconds
[2024-05-30T00:21:44.327+0000] {processor.py:161} INFO - Started process (PID=5207) to work on /home/airflow/.local/lib/python3.8/site-packages/airflow/example_dags/example_task_group.py
[2024-05-30T00:21:44.328+0000] {processor.py:830} INFO - Processing file /home/airflow/.local/lib/python3.8/site-packages/airflow/example_dags/example_task_group.py for tasks to queue
[2024-05-30T00:21:44.330+0000] {logging_mixin.py:188} INFO - [2024-05-30T00:21:44.329+0000] {dagbag.py:538} INFO - Filling up the DagBag from /home/airflow/.local/lib/python3.8/site-packages/airflow/example_dags/example_task_group.py
[2024-05-30T00:21:44.338+0000] {processor.py:840} INFO - DAG(s) 'example_task_group' retrieved from /home/airflow/.local/lib/python3.8/site-packages/airflow/example_dags/example_task_group.py
[2024-05-30T00:21:44.360+0000] {logging_mixin.py:188} INFO - [2024-05-30T00:21:44.360+0000] {dag.py:3036} INFO - Sync 1 DAGs
[2024-05-30T00:21:44.381+0000] {logging_mixin.py:188} INFO - [2024-05-30T00:21:44.381+0000] {dag.py:3823} INFO - Setting next_dagrun for example_task_group to 2024-05-29 00:00:00+00:00, run_after=2024-05-30 00:00:00+00:00
[2024-05-30T00:21:44.403+0000] {processor.py:183} INFO - Processing /home/airflow/.local/lib/python3.8/site-packages/airflow/example_dags/example_task_group.py took 0.079 seconds
