[2024-05-30T00:00:16.642+0000] {processor.py:161} INFO - Started process (PID=2760) to work on /home/airflow/.local/lib/python3.8/site-packages/airflow/example_dags/example_subdag_operator.py
[2024-05-30T00:00:16.643+0000] {processor.py:830} INFO - Processing file /home/airflow/.local/lib/python3.8/site-packages/airflow/example_dags/example_subdag_operator.py for tasks to queue
[2024-05-30T00:00:16.645+0000] {logging_mixin.py:188} INFO - [2024-05-30T00:00:16.645+0000] {dagbag.py:538} INFO - Filling up the DagBag from /home/airflow/.local/lib/python3.8/site-packages/airflow/example_dags/example_subdag_operator.py
[2024-05-30T00:00:16.672+0000] {processor.py:840} INFO - DAG(s) 'example_subdag_operator.section-1', 'example_subdag_operator.section-2', 'example_subdag_operator' retrieved from /home/airflow/.local/lib/python3.8/site-packages/airflow/example_dags/example_subdag_operator.py
[2024-05-30T00:00:16.690+0000] {logging_mixin.py:188} INFO - [2024-05-30T00:00:16.690+0000] {dag.py:3036} INFO - Sync 3 DAGs
[2024-05-30T00:00:16.711+0000] {logging_mixin.py:188} INFO - [2024-05-30T00:00:16.711+0000] {dag.py:3823} INFO - Setting next_dagrun for example_subdag_operator to 2022-01-01 00:00:00+00:00, run_after=2022-01-01 00:00:00+00:00
[2024-05-30T00:00:16.716+0000] {logging_mixin.py:188} INFO - [2024-05-30T00:00:16.716+0000] {dag.py:3823} INFO - Setting next_dagrun for example_subdag_operator.section-1 to None, run_after=None
[2024-05-30T00:00:16.718+0000] {logging_mixin.py:188} INFO - [2024-05-30T00:00:16.718+0000] {dag.py:3823} INFO - Setting next_dagrun for example_subdag_operator.section-2 to None, run_after=None
[2024-05-30T00:00:16.726+0000] {logging_mixin.py:188} INFO - [2024-05-30T00:00:16.726+0000] {dag.py:3036} INFO - Sync 2 DAGs
[2024-05-30T00:00:16.732+0000] {logging_mixin.py:188} INFO - [2024-05-30T00:00:16.732+0000] {dag.py:3823} INFO - Setting next_dagrun for example_subdag_operator.section-1 to None, run_after=None
[2024-05-30T00:00:16.733+0000] {logging_mixin.py:188} INFO - [2024-05-30T00:00:16.733+0000] {dag.py:3823} INFO - Setting next_dagrun for example_subdag_operator.section-2 to None, run_after=None
[2024-05-30T00:00:16.749+0000] {processor.py:183} INFO - Processing /home/airflow/.local/lib/python3.8/site-packages/airflow/example_dags/example_subdag_operator.py took 0.110 seconds
[2024-05-30T00:00:49.186+0000] {processor.py:161} INFO - Started process (PID=2819) to work on /home/airflow/.local/lib/python3.8/site-packages/airflow/example_dags/example_subdag_operator.py
[2024-05-30T00:00:49.188+0000] {processor.py:830} INFO - Processing file /home/airflow/.local/lib/python3.8/site-packages/airflow/example_dags/example_subdag_operator.py for tasks to queue
[2024-05-30T00:00:49.190+0000] {logging_mixin.py:188} INFO - [2024-05-30T00:00:49.189+0000] {dagbag.py:538} INFO - Filling up the DagBag from /home/airflow/.local/lib/python3.8/site-packages/airflow/example_dags/example_subdag_operator.py
[2024-05-30T00:00:49.234+0000] {processor.py:840} INFO - DAG(s) 'example_subdag_operator.section-1', 'example_subdag_operator.section-2', 'example_subdag_operator' retrieved from /home/airflow/.local/lib/python3.8/site-packages/airflow/example_dags/example_subdag_operator.py
[2024-05-30T00:00:49.260+0000] {logging_mixin.py:188} INFO - [2024-05-30T00:00:49.260+0000] {dag.py:3036} INFO - Sync 3 DAGs
[2024-05-30T00:00:49.335+0000] {logging_mixin.py:188} INFO - [2024-05-30T00:00:49.335+0000] {dag.py:3823} INFO - Setting next_dagrun for example_subdag_operator to 2022-01-01 00:00:00+00:00, run_after=2022-01-01 00:00:00+00:00
[2024-05-30T00:00:49.345+0000] {logging_mixin.py:188} INFO - [2024-05-30T00:00:49.345+0000] {dag.py:3823} INFO - Setting next_dagrun for example_subdag_operator.section-1 to None, run_after=None
[2024-05-30T00:00:49.348+0000] {logging_mixin.py:188} INFO - [2024-05-30T00:00:49.347+0000] {dag.py:3823} INFO - Setting next_dagrun for example_subdag_operator.section-2 to None, run_after=None
[2024-05-30T00:00:49.361+0000] {logging_mixin.py:188} INFO - [2024-05-30T00:00:49.360+0000] {dag.py:3036} INFO - Sync 2 DAGs
[2024-05-30T00:00:49.369+0000] {logging_mixin.py:188} INFO - [2024-05-30T00:00:49.369+0000] {dag.py:3823} INFO - Setting next_dagrun for example_subdag_operator.section-1 to None, run_after=None
[2024-05-30T00:00:49.392+0000] {logging_mixin.py:188} INFO - [2024-05-30T00:00:49.392+0000] {dag.py:3823} INFO - Setting next_dagrun for example_subdag_operator.section-2 to None, run_after=None
[2024-05-30T00:00:49.414+0000] {processor.py:183} INFO - Processing /home/airflow/.local/lib/python3.8/site-packages/airflow/example_dags/example_subdag_operator.py took 0.233 seconds
[2024-05-30T00:01:19.688+0000] {processor.py:161} INFO - Started process (PID=2878) to work on /home/airflow/.local/lib/python3.8/site-packages/airflow/example_dags/example_subdag_operator.py
[2024-05-30T00:01:19.689+0000] {processor.py:830} INFO - Processing file /home/airflow/.local/lib/python3.8/site-packages/airflow/example_dags/example_subdag_operator.py for tasks to queue
[2024-05-30T00:01:19.691+0000] {logging_mixin.py:188} INFO - [2024-05-30T00:01:19.690+0000] {dagbag.py:538} INFO - Filling up the DagBag from /home/airflow/.local/lib/python3.8/site-packages/airflow/example_dags/example_subdag_operator.py
[2024-05-30T00:01:19.714+0000] {processor.py:840} INFO - DAG(s) 'example_subdag_operator.section-1', 'example_subdag_operator.section-2', 'example_subdag_operator' retrieved from /home/airflow/.local/lib/python3.8/site-packages/airflow/example_dags/example_subdag_operator.py
[2024-05-30T00:01:19.730+0000] {logging_mixin.py:188} INFO - [2024-05-30T00:01:19.730+0000] {dag.py:3036} INFO - Sync 3 DAGs
[2024-05-30T00:01:19.750+0000] {logging_mixin.py:188} INFO - [2024-05-30T00:01:19.750+0000] {dag.py:3823} INFO - Setting next_dagrun for example_subdag_operator to 2022-01-01 00:00:00+00:00, run_after=2022-01-01 00:00:00+00:00
[2024-05-30T00:01:19.755+0000] {logging_mixin.py:188} INFO - [2024-05-30T00:01:19.755+0000] {dag.py:3823} INFO - Setting next_dagrun for example_subdag_operator.section-1 to None, run_after=None
[2024-05-30T00:01:19.758+0000] {logging_mixin.py:188} INFO - [2024-05-30T00:01:19.758+0000] {dag.py:3823} INFO - Setting next_dagrun for example_subdag_operator.section-2 to None, run_after=None
[2024-05-30T00:01:19.766+0000] {logging_mixin.py:188} INFO - [2024-05-30T00:01:19.766+0000] {dag.py:3036} INFO - Sync 2 DAGs
[2024-05-30T00:01:19.898+0000] {logging_mixin.py:188} INFO - [2024-05-30T00:01:19.898+0000] {dag.py:3823} INFO - Setting next_dagrun for example_subdag_operator.section-1 to None, run_after=None
[2024-05-30T00:01:19.899+0000] {logging_mixin.py:188} INFO - [2024-05-30T00:01:19.899+0000] {dag.py:3823} INFO - Setting next_dagrun for example_subdag_operator.section-2 to None, run_after=None
[2024-05-30T00:01:19.914+0000] {processor.py:183} INFO - Processing /home/airflow/.local/lib/python3.8/site-packages/airflow/example_dags/example_subdag_operator.py took 0.229 seconds
[2024-05-30T00:01:50.183+0000] {processor.py:161} INFO - Started process (PID=2938) to work on /home/airflow/.local/lib/python3.8/site-packages/airflow/example_dags/example_subdag_operator.py
[2024-05-30T00:01:50.184+0000] {processor.py:830} INFO - Processing file /home/airflow/.local/lib/python3.8/site-packages/airflow/example_dags/example_subdag_operator.py for tasks to queue
[2024-05-30T00:01:50.186+0000] {logging_mixin.py:188} INFO - [2024-05-30T00:01:50.185+0000] {dagbag.py:538} INFO - Filling up the DagBag from /home/airflow/.local/lib/python3.8/site-packages/airflow/example_dags/example_subdag_operator.py
[2024-05-30T00:01:50.211+0000] {processor.py:840} INFO - DAG(s) 'example_subdag_operator.section-1', 'example_subdag_operator.section-2', 'example_subdag_operator' retrieved from /home/airflow/.local/lib/python3.8/site-packages/airflow/example_dags/example_subdag_operator.py
[2024-05-30T00:01:50.227+0000] {logging_mixin.py:188} INFO - [2024-05-30T00:01:50.227+0000] {dag.py:3036} INFO - Sync 3 DAGs
[2024-05-30T00:01:50.247+0000] {logging_mixin.py:188} INFO - [2024-05-30T00:01:50.247+0000] {dag.py:3823} INFO - Setting next_dagrun for example_subdag_operator to 2022-01-01 00:00:00+00:00, run_after=2022-01-01 00:00:00+00:00
[2024-05-30T00:01:50.253+0000] {logging_mixin.py:188} INFO - [2024-05-30T00:01:50.253+0000] {dag.py:3823} INFO - Setting next_dagrun for example_subdag_operator.section-1 to None, run_after=None
[2024-05-30T00:01:50.256+0000] {logging_mixin.py:188} INFO - [2024-05-30T00:01:50.255+0000] {dag.py:3823} INFO - Setting next_dagrun for example_subdag_operator.section-2 to None, run_after=None
[2024-05-30T00:01:50.263+0000] {logging_mixin.py:188} INFO - [2024-05-30T00:01:50.263+0000] {dag.py:3036} INFO - Sync 2 DAGs
[2024-05-30T00:01:50.269+0000] {logging_mixin.py:188} INFO - [2024-05-30T00:01:50.269+0000] {dag.py:3823} INFO - Setting next_dagrun for example_subdag_operator.section-1 to None, run_after=None
[2024-05-30T00:01:50.270+0000] {logging_mixin.py:188} INFO - [2024-05-30T00:01:50.270+0000] {dag.py:3823} INFO - Setting next_dagrun for example_subdag_operator.section-2 to None, run_after=None
[2024-05-30T00:01:50.285+0000] {processor.py:183} INFO - Processing /home/airflow/.local/lib/python3.8/site-packages/airflow/example_dags/example_subdag_operator.py took 0.106 seconds
[2024-05-30T00:02:21.197+0000] {processor.py:161} INFO - Started process (PID=2996) to work on /home/airflow/.local/lib/python3.8/site-packages/airflow/example_dags/example_subdag_operator.py
[2024-05-30T00:02:21.197+0000] {processor.py:830} INFO - Processing file /home/airflow/.local/lib/python3.8/site-packages/airflow/example_dags/example_subdag_operator.py for tasks to queue
[2024-05-30T00:02:21.198+0000] {logging_mixin.py:188} INFO - [2024-05-30T00:02:21.198+0000] {dagbag.py:538} INFO - Filling up the DagBag from /home/airflow/.local/lib/python3.8/site-packages/airflow/example_dags/example_subdag_operator.py
[2024-05-30T00:02:21.225+0000] {processor.py:840} INFO - DAG(s) 'example_subdag_operator.section-1', 'example_subdag_operator.section-2', 'example_subdag_operator' retrieved from /home/airflow/.local/lib/python3.8/site-packages/airflow/example_dags/example_subdag_operator.py
[2024-05-30T00:02:21.242+0000] {logging_mixin.py:188} INFO - [2024-05-30T00:02:21.241+0000] {dag.py:3036} INFO - Sync 3 DAGs
[2024-05-30T00:02:21.262+0000] {logging_mixin.py:188} INFO - [2024-05-30T00:02:21.262+0000] {dag.py:3823} INFO - Setting next_dagrun for example_subdag_operator to 2022-01-01 00:00:00+00:00, run_after=2022-01-01 00:00:00+00:00
[2024-05-30T00:02:21.267+0000] {logging_mixin.py:188} INFO - [2024-05-30T00:02:21.267+0000] {dag.py:3823} INFO - Setting next_dagrun for example_subdag_operator.section-1 to None, run_after=None
[2024-05-30T00:02:21.269+0000] {logging_mixin.py:188} INFO - [2024-05-30T00:02:21.269+0000] {dag.py:3823} INFO - Setting next_dagrun for example_subdag_operator.section-2 to None, run_after=None
[2024-05-30T00:02:21.277+0000] {logging_mixin.py:188} INFO - [2024-05-30T00:02:21.277+0000] {dag.py:3036} INFO - Sync 2 DAGs
[2024-05-30T00:02:21.284+0000] {logging_mixin.py:188} INFO - [2024-05-30T00:02:21.283+0000] {dag.py:3823} INFO - Setting next_dagrun for example_subdag_operator.section-1 to None, run_after=None
[2024-05-30T00:02:21.285+0000] {logging_mixin.py:188} INFO - [2024-05-30T00:02:21.285+0000] {dag.py:3823} INFO - Setting next_dagrun for example_subdag_operator.section-2 to None, run_after=None
[2024-05-30T00:02:21.302+0000] {processor.py:183} INFO - Processing /home/airflow/.local/lib/python3.8/site-packages/airflow/example_dags/example_subdag_operator.py took 0.108 seconds
[2024-05-30T00:02:53.770+0000] {processor.py:161} INFO - Started process (PID=3055) to work on /home/airflow/.local/lib/python3.8/site-packages/airflow/example_dags/example_subdag_operator.py
[2024-05-30T00:02:53.772+0000] {processor.py:830} INFO - Processing file /home/airflow/.local/lib/python3.8/site-packages/airflow/example_dags/example_subdag_operator.py for tasks to queue
[2024-05-30T00:02:53.777+0000] {logging_mixin.py:188} INFO - [2024-05-30T00:02:53.777+0000] {dagbag.py:538} INFO - Filling up the DagBag from /home/airflow/.local/lib/python3.8/site-packages/airflow/example_dags/example_subdag_operator.py
[2024-05-30T00:02:53.814+0000] {processor.py:840} INFO - DAG(s) 'example_subdag_operator.section-1', 'example_subdag_operator.section-2', 'example_subdag_operator' retrieved from /home/airflow/.local/lib/python3.8/site-packages/airflow/example_dags/example_subdag_operator.py
[2024-05-30T00:02:53.841+0000] {logging_mixin.py:188} INFO - [2024-05-30T00:02:53.841+0000] {dag.py:3036} INFO - Sync 3 DAGs
[2024-05-30T00:02:53.876+0000] {logging_mixin.py:188} INFO - [2024-05-30T00:02:53.875+0000] {dag.py:3823} INFO - Setting next_dagrun for example_subdag_operator to 2022-01-01 00:00:00+00:00, run_after=2022-01-01 00:00:00+00:00
[2024-05-30T00:02:53.881+0000] {logging_mixin.py:188} INFO - [2024-05-30T00:02:53.881+0000] {dag.py:3823} INFO - Setting next_dagrun for example_subdag_operator.section-1 to None, run_after=None
[2024-05-30T00:02:53.885+0000] {logging_mixin.py:188} INFO - [2024-05-30T00:02:53.884+0000] {dag.py:3823} INFO - Setting next_dagrun for example_subdag_operator.section-2 to None, run_after=None
[2024-05-30T00:02:53.896+0000] {logging_mixin.py:188} INFO - [2024-05-30T00:02:53.896+0000] {dag.py:3036} INFO - Sync 2 DAGs
[2024-05-30T00:02:53.908+0000] {logging_mixin.py:188} INFO - [2024-05-30T00:02:53.907+0000] {dag.py:3823} INFO - Setting next_dagrun for example_subdag_operator.section-1 to None, run_after=None
[2024-05-30T00:02:53.909+0000] {logging_mixin.py:188} INFO - [2024-05-30T00:02:53.909+0000] {dag.py:3823} INFO - Setting next_dagrun for example_subdag_operator.section-2 to None, run_after=None
[2024-05-30T00:02:53.927+0000] {processor.py:183} INFO - Processing /home/airflow/.local/lib/python3.8/site-packages/airflow/example_dags/example_subdag_operator.py took 0.162 seconds
[2024-05-30T00:03:24.509+0000] {processor.py:161} INFO - Started process (PID=3114) to work on /home/airflow/.local/lib/python3.8/site-packages/airflow/example_dags/example_subdag_operator.py
[2024-05-30T00:03:24.510+0000] {processor.py:830} INFO - Processing file /home/airflow/.local/lib/python3.8/site-packages/airflow/example_dags/example_subdag_operator.py for tasks to queue
[2024-05-30T00:03:24.512+0000] {logging_mixin.py:188} INFO - [2024-05-30T00:03:24.512+0000] {dagbag.py:538} INFO - Filling up the DagBag from /home/airflow/.local/lib/python3.8/site-packages/airflow/example_dags/example_subdag_operator.py
[2024-05-30T00:03:24.537+0000] {processor.py:840} INFO - DAG(s) 'example_subdag_operator.section-1', 'example_subdag_operator.section-2', 'example_subdag_operator' retrieved from /home/airflow/.local/lib/python3.8/site-packages/airflow/example_dags/example_subdag_operator.py
[2024-05-30T00:03:24.554+0000] {logging_mixin.py:188} INFO - [2024-05-30T00:03:24.554+0000] {dag.py:3036} INFO - Sync 3 DAGs
[2024-05-30T00:03:24.692+0000] {logging_mixin.py:188} INFO - [2024-05-30T00:03:24.692+0000] {dag.py:3823} INFO - Setting next_dagrun for example_subdag_operator to 2022-01-01 00:00:00+00:00, run_after=2022-01-01 00:00:00+00:00
[2024-05-30T00:03:24.696+0000] {logging_mixin.py:188} INFO - [2024-05-30T00:03:24.696+0000] {dag.py:3823} INFO - Setting next_dagrun for example_subdag_operator.section-1 to None, run_after=None
[2024-05-30T00:03:24.698+0000] {logging_mixin.py:188} INFO - [2024-05-30T00:03:24.698+0000] {dag.py:3823} INFO - Setting next_dagrun for example_subdag_operator.section-2 to None, run_after=None
[2024-05-30T00:03:24.705+0000] {logging_mixin.py:188} INFO - [2024-05-30T00:03:24.705+0000] {dag.py:3036} INFO - Sync 2 DAGs
[2024-05-30T00:03:24.710+0000] {logging_mixin.py:188} INFO - [2024-05-30T00:03:24.710+0000] {dag.py:3823} INFO - Setting next_dagrun for example_subdag_operator.section-1 to None, run_after=None
[2024-05-30T00:03:24.711+0000] {logging_mixin.py:188} INFO - [2024-05-30T00:03:24.711+0000] {dag.py:3823} INFO - Setting next_dagrun for example_subdag_operator.section-2 to None, run_after=None
[2024-05-30T00:03:24.725+0000] {processor.py:183} INFO - Processing /home/airflow/.local/lib/python3.8/site-packages/airflow/example_dags/example_subdag_operator.py took 0.219 seconds
[2024-05-30T00:03:55.474+0000] {processor.py:161} INFO - Started process (PID=3173) to work on /home/airflow/.local/lib/python3.8/site-packages/airflow/example_dags/example_subdag_operator.py
[2024-05-30T00:03:55.475+0000] {processor.py:830} INFO - Processing file /home/airflow/.local/lib/python3.8/site-packages/airflow/example_dags/example_subdag_operator.py for tasks to queue
[2024-05-30T00:03:55.476+0000] {logging_mixin.py:188} INFO - [2024-05-30T00:03:55.476+0000] {dagbag.py:538} INFO - Filling up the DagBag from /home/airflow/.local/lib/python3.8/site-packages/airflow/example_dags/example_subdag_operator.py
[2024-05-30T00:03:55.506+0000] {processor.py:840} INFO - DAG(s) 'example_subdag_operator.section-1', 'example_subdag_operator.section-2', 'example_subdag_operator' retrieved from /home/airflow/.local/lib/python3.8/site-packages/airflow/example_dags/example_subdag_operator.py
[2024-05-30T00:03:55.522+0000] {logging_mixin.py:188} INFO - [2024-05-30T00:03:55.522+0000] {dag.py:3036} INFO - Sync 3 DAGs
[2024-05-30T00:03:55.541+0000] {logging_mixin.py:188} INFO - [2024-05-30T00:03:55.541+0000] {dag.py:3823} INFO - Setting next_dagrun for example_subdag_operator to 2022-01-01 00:00:00+00:00, run_after=2022-01-01 00:00:00+00:00
[2024-05-30T00:03:55.545+0000] {logging_mixin.py:188} INFO - [2024-05-30T00:03:55.545+0000] {dag.py:3823} INFO - Setting next_dagrun for example_subdag_operator.section-1 to None, run_after=None
[2024-05-30T00:03:55.547+0000] {logging_mixin.py:188} INFO - [2024-05-30T00:03:55.547+0000] {dag.py:3823} INFO - Setting next_dagrun for example_subdag_operator.section-2 to None, run_after=None
[2024-05-30T00:03:55.554+0000] {logging_mixin.py:188} INFO - [2024-05-30T00:03:55.554+0000] {dag.py:3036} INFO - Sync 2 DAGs
[2024-05-30T00:03:55.559+0000] {logging_mixin.py:188} INFO - [2024-05-30T00:03:55.559+0000] {dag.py:3823} INFO - Setting next_dagrun for example_subdag_operator.section-1 to None, run_after=None
[2024-05-30T00:03:55.561+0000] {logging_mixin.py:188} INFO - [2024-05-30T00:03:55.560+0000] {dag.py:3823} INFO - Setting next_dagrun for example_subdag_operator.section-2 to None, run_after=None
[2024-05-30T00:03:55.579+0000] {processor.py:183} INFO - Processing /home/airflow/.local/lib/python3.8/site-packages/airflow/example_dags/example_subdag_operator.py took 0.109 seconds
[2024-05-30T00:04:25.889+0000] {processor.py:161} INFO - Started process (PID=3232) to work on /home/airflow/.local/lib/python3.8/site-packages/airflow/example_dags/example_subdag_operator.py
[2024-05-30T00:04:25.890+0000] {processor.py:830} INFO - Processing file /home/airflow/.local/lib/python3.8/site-packages/airflow/example_dags/example_subdag_operator.py for tasks to queue
[2024-05-30T00:04:25.891+0000] {logging_mixin.py:188} INFO - [2024-05-30T00:04:25.891+0000] {dagbag.py:538} INFO - Filling up the DagBag from /home/airflow/.local/lib/python3.8/site-packages/airflow/example_dags/example_subdag_operator.py
[2024-05-30T00:04:25.914+0000] {processor.py:840} INFO - DAG(s) 'example_subdag_operator.section-1', 'example_subdag_operator.section-2', 'example_subdag_operator' retrieved from /home/airflow/.local/lib/python3.8/site-packages/airflow/example_dags/example_subdag_operator.py
[2024-05-30T00:04:25.930+0000] {logging_mixin.py:188} INFO - [2024-05-30T00:04:25.929+0000] {dag.py:3036} INFO - Sync 3 DAGs
[2024-05-30T00:04:25.948+0000] {logging_mixin.py:188} INFO - [2024-05-30T00:04:25.948+0000] {dag.py:3823} INFO - Setting next_dagrun for example_subdag_operator to 2022-01-01 00:00:00+00:00, run_after=2022-01-01 00:00:00+00:00
[2024-05-30T00:04:25.952+0000] {logging_mixin.py:188} INFO - [2024-05-30T00:04:25.952+0000] {dag.py:3823} INFO - Setting next_dagrun for example_subdag_operator.section-1 to None, run_after=None
[2024-05-30T00:04:25.954+0000] {logging_mixin.py:188} INFO - [2024-05-30T00:04:25.954+0000] {dag.py:3823} INFO - Setting next_dagrun for example_subdag_operator.section-2 to None, run_after=None
[2024-05-30T00:04:25.961+0000] {logging_mixin.py:188} INFO - [2024-05-30T00:04:25.961+0000] {dag.py:3036} INFO - Sync 2 DAGs
[2024-05-30T00:04:25.966+0000] {logging_mixin.py:188} INFO - [2024-05-30T00:04:25.966+0000] {dag.py:3823} INFO - Setting next_dagrun for example_subdag_operator.section-1 to None, run_after=None
[2024-05-30T00:04:25.967+0000] {logging_mixin.py:188} INFO - [2024-05-30T00:04:25.967+0000] {dag.py:3823} INFO - Setting next_dagrun for example_subdag_operator.section-2 to None, run_after=None
[2024-05-30T00:04:25.981+0000] {processor.py:183} INFO - Processing /home/airflow/.local/lib/python3.8/site-packages/airflow/example_dags/example_subdag_operator.py took 0.095 seconds
[2024-05-30T00:04:56.796+0000] {processor.py:161} INFO - Started process (PID=3291) to work on /home/airflow/.local/lib/python3.8/site-packages/airflow/example_dags/example_subdag_operator.py
[2024-05-30T00:04:56.797+0000] {processor.py:830} INFO - Processing file /home/airflow/.local/lib/python3.8/site-packages/airflow/example_dags/example_subdag_operator.py for tasks to queue
[2024-05-30T00:04:56.799+0000] {logging_mixin.py:188} INFO - [2024-05-30T00:04:56.798+0000] {dagbag.py:538} INFO - Filling up the DagBag from /home/airflow/.local/lib/python3.8/site-packages/airflow/example_dags/example_subdag_operator.py
[2024-05-30T00:04:56.823+0000] {processor.py:840} INFO - DAG(s) 'example_subdag_operator.section-1', 'example_subdag_operator.section-2', 'example_subdag_operator' retrieved from /home/airflow/.local/lib/python3.8/site-packages/airflow/example_dags/example_subdag_operator.py
[2024-05-30T00:04:56.840+0000] {logging_mixin.py:188} INFO - [2024-05-30T00:04:56.839+0000] {dag.py:3036} INFO - Sync 3 DAGs
[2024-05-30T00:04:56.974+0000] {logging_mixin.py:188} INFO - [2024-05-30T00:04:56.974+0000] {dag.py:3823} INFO - Setting next_dagrun for example_subdag_operator to 2022-01-01 00:00:00+00:00, run_after=2022-01-01 00:00:00+00:00
[2024-05-30T00:04:56.978+0000] {logging_mixin.py:188} INFO - [2024-05-30T00:04:56.977+0000] {dag.py:3823} INFO - Setting next_dagrun for example_subdag_operator.section-1 to None, run_after=None
[2024-05-30T00:04:56.980+0000] {logging_mixin.py:188} INFO - [2024-05-30T00:04:56.980+0000] {dag.py:3823} INFO - Setting next_dagrun for example_subdag_operator.section-2 to None, run_after=None
[2024-05-30T00:04:56.987+0000] {logging_mixin.py:188} INFO - [2024-05-30T00:04:56.987+0000] {dag.py:3036} INFO - Sync 2 DAGs
[2024-05-30T00:04:56.992+0000] {logging_mixin.py:188} INFO - [2024-05-30T00:04:56.992+0000] {dag.py:3823} INFO - Setting next_dagrun for example_subdag_operator.section-1 to None, run_after=None
[2024-05-30T00:04:56.994+0000] {logging_mixin.py:188} INFO - [2024-05-30T00:04:56.993+0000] {dag.py:3823} INFO - Setting next_dagrun for example_subdag_operator.section-2 to None, run_after=None
[2024-05-30T00:04:57.008+0000] {processor.py:183} INFO - Processing /home/airflow/.local/lib/python3.8/site-packages/airflow/example_dags/example_subdag_operator.py took 0.215 seconds
[2024-05-30T00:05:27.870+0000] {processor.py:161} INFO - Started process (PID=3350) to work on /home/airflow/.local/lib/python3.8/site-packages/airflow/example_dags/example_subdag_operator.py
[2024-05-30T00:05:27.871+0000] {processor.py:830} INFO - Processing file /home/airflow/.local/lib/python3.8/site-packages/airflow/example_dags/example_subdag_operator.py for tasks to queue
[2024-05-30T00:05:27.872+0000] {logging_mixin.py:188} INFO - [2024-05-30T00:05:27.872+0000] {dagbag.py:538} INFO - Filling up the DagBag from /home/airflow/.local/lib/python3.8/site-packages/airflow/example_dags/example_subdag_operator.py
[2024-05-30T00:05:27.897+0000] {processor.py:840} INFO - DAG(s) 'example_subdag_operator.section-1', 'example_subdag_operator.section-2', 'example_subdag_operator' retrieved from /home/airflow/.local/lib/python3.8/site-packages/airflow/example_dags/example_subdag_operator.py
[2024-05-30T00:05:27.913+0000] {logging_mixin.py:188} INFO - [2024-05-30T00:05:27.913+0000] {dag.py:3036} INFO - Sync 3 DAGs
[2024-05-30T00:05:28.049+0000] {logging_mixin.py:188} INFO - [2024-05-30T00:05:28.048+0000] {dag.py:3823} INFO - Setting next_dagrun for example_subdag_operator to 2022-01-01 00:00:00+00:00, run_after=2022-01-01 00:00:00+00:00
[2024-05-30T00:05:28.052+0000] {logging_mixin.py:188} INFO - [2024-05-30T00:05:28.052+0000] {dag.py:3823} INFO - Setting next_dagrun for example_subdag_operator.section-1 to None, run_after=None
[2024-05-30T00:05:28.054+0000] {logging_mixin.py:188} INFO - [2024-05-30T00:05:28.054+0000] {dag.py:3823} INFO - Setting next_dagrun for example_subdag_operator.section-2 to None, run_after=None
[2024-05-30T00:05:28.060+0000] {logging_mixin.py:188} INFO - [2024-05-30T00:05:28.060+0000] {dag.py:3036} INFO - Sync 2 DAGs
[2024-05-30T00:05:28.066+0000] {logging_mixin.py:188} INFO - [2024-05-30T00:05:28.065+0000] {dag.py:3823} INFO - Setting next_dagrun for example_subdag_operator.section-1 to None, run_after=None
[2024-05-30T00:05:28.067+0000] {logging_mixin.py:188} INFO - [2024-05-30T00:05:28.066+0000] {dag.py:3823} INFO - Setting next_dagrun for example_subdag_operator.section-2 to None, run_after=None
[2024-05-30T00:05:28.081+0000] {processor.py:183} INFO - Processing /home/airflow/.local/lib/python3.8/site-packages/airflow/example_dags/example_subdag_operator.py took 0.214 seconds
[2024-05-30T00:05:58.441+0000] {processor.py:161} INFO - Started process (PID=3409) to work on /home/airflow/.local/lib/python3.8/site-packages/airflow/example_dags/example_subdag_operator.py
[2024-05-30T00:05:58.442+0000] {processor.py:830} INFO - Processing file /home/airflow/.local/lib/python3.8/site-packages/airflow/example_dags/example_subdag_operator.py for tasks to queue
[2024-05-30T00:05:58.444+0000] {logging_mixin.py:188} INFO - [2024-05-30T00:05:58.443+0000] {dagbag.py:538} INFO - Filling up the DagBag from /home/airflow/.local/lib/python3.8/site-packages/airflow/example_dags/example_subdag_operator.py
[2024-05-30T00:05:58.469+0000] {processor.py:840} INFO - DAG(s) 'example_subdag_operator.section-1', 'example_subdag_operator.section-2', 'example_subdag_operator' retrieved from /home/airflow/.local/lib/python3.8/site-packages/airflow/example_dags/example_subdag_operator.py
[2024-05-30T00:05:58.484+0000] {logging_mixin.py:188} INFO - [2024-05-30T00:05:58.484+0000] {dag.py:3036} INFO - Sync 3 DAGs
[2024-05-30T00:05:58.504+0000] {logging_mixin.py:188} INFO - [2024-05-30T00:05:58.504+0000] {dag.py:3823} INFO - Setting next_dagrun for example_subdag_operator to 2022-01-01 00:00:00+00:00, run_after=2022-01-01 00:00:00+00:00
[2024-05-30T00:05:58.509+0000] {logging_mixin.py:188} INFO - [2024-05-30T00:05:58.509+0000] {dag.py:3823} INFO - Setting next_dagrun for example_subdag_operator.section-1 to None, run_after=None
[2024-05-30T00:05:58.511+0000] {logging_mixin.py:188} INFO - [2024-05-30T00:05:58.511+0000] {dag.py:3823} INFO - Setting next_dagrun for example_subdag_operator.section-2 to None, run_after=None
[2024-05-30T00:05:58.518+0000] {logging_mixin.py:188} INFO - [2024-05-30T00:05:58.518+0000] {dag.py:3036} INFO - Sync 2 DAGs
[2024-05-30T00:05:58.643+0000] {logging_mixin.py:188} INFO - [2024-05-30T00:05:58.643+0000] {dag.py:3823} INFO - Setting next_dagrun for example_subdag_operator.section-1 to None, run_after=None
[2024-05-30T00:05:58.644+0000] {logging_mixin.py:188} INFO - [2024-05-30T00:05:58.644+0000] {dag.py:3823} INFO - Setting next_dagrun for example_subdag_operator.section-2 to None, run_after=None
[2024-05-30T00:05:58.659+0000] {processor.py:183} INFO - Processing /home/airflow/.local/lib/python3.8/site-packages/airflow/example_dags/example_subdag_operator.py took 0.220 seconds
[2024-05-30T00:06:30.161+0000] {processor.py:161} INFO - Started process (PID=3468) to work on /home/airflow/.local/lib/python3.8/site-packages/airflow/example_dags/example_subdag_operator.py
[2024-05-30T00:06:30.162+0000] {processor.py:830} INFO - Processing file /home/airflow/.local/lib/python3.8/site-packages/airflow/example_dags/example_subdag_operator.py for tasks to queue
[2024-05-30T00:06:30.164+0000] {logging_mixin.py:188} INFO - [2024-05-30T00:06:30.164+0000] {dagbag.py:538} INFO - Filling up the DagBag from /home/airflow/.local/lib/python3.8/site-packages/airflow/example_dags/example_subdag_operator.py
[2024-05-30T00:06:30.191+0000] {processor.py:840} INFO - DAG(s) 'example_subdag_operator.section-1', 'example_subdag_operator.section-2', 'example_subdag_operator' retrieved from /home/airflow/.local/lib/python3.8/site-packages/airflow/example_dags/example_subdag_operator.py
[2024-05-30T00:06:30.208+0000] {logging_mixin.py:188} INFO - [2024-05-30T00:06:30.208+0000] {dag.py:3036} INFO - Sync 3 DAGs
[2024-05-30T00:06:30.231+0000] {logging_mixin.py:188} INFO - [2024-05-30T00:06:30.230+0000] {dag.py:3823} INFO - Setting next_dagrun for example_subdag_operator to 2022-01-01 00:00:00+00:00, run_after=2022-01-01 00:00:00+00:00
[2024-05-30T00:06:30.235+0000] {logging_mixin.py:188} INFO - [2024-05-30T00:06:30.234+0000] {dag.py:3823} INFO - Setting next_dagrun for example_subdag_operator.section-1 to None, run_after=None
[2024-05-30T00:06:30.236+0000] {logging_mixin.py:188} INFO - [2024-05-30T00:06:30.236+0000] {dag.py:3823} INFO - Setting next_dagrun for example_subdag_operator.section-2 to None, run_after=None
[2024-05-30T00:06:30.243+0000] {logging_mixin.py:188} INFO - [2024-05-30T00:06:30.243+0000] {dag.py:3036} INFO - Sync 2 DAGs
[2024-05-30T00:06:30.250+0000] {logging_mixin.py:188} INFO - [2024-05-30T00:06:30.249+0000] {dag.py:3823} INFO - Setting next_dagrun for example_subdag_operator.section-1 to None, run_after=None
[2024-05-30T00:06:30.250+0000] {logging_mixin.py:188} INFO - [2024-05-30T00:06:30.250+0000] {dag.py:3823} INFO - Setting next_dagrun for example_subdag_operator.section-2 to None, run_after=None
[2024-05-30T00:06:30.264+0000] {processor.py:183} INFO - Processing /home/airflow/.local/lib/python3.8/site-packages/airflow/example_dags/example_subdag_operator.py took 0.105 seconds
[2024-05-30T00:07:01.034+0000] {processor.py:161} INFO - Started process (PID=3527) to work on /home/airflow/.local/lib/python3.8/site-packages/airflow/example_dags/example_subdag_operator.py
[2024-05-30T00:07:01.035+0000] {processor.py:830} INFO - Processing file /home/airflow/.local/lib/python3.8/site-packages/airflow/example_dags/example_subdag_operator.py for tasks to queue
[2024-05-30T00:07:01.037+0000] {logging_mixin.py:188} INFO - [2024-05-30T00:07:01.036+0000] {dagbag.py:538} INFO - Filling up the DagBag from /home/airflow/.local/lib/python3.8/site-packages/airflow/example_dags/example_subdag_operator.py
[2024-05-30T00:07:01.060+0000] {processor.py:840} INFO - DAG(s) 'example_subdag_operator.section-1', 'example_subdag_operator.section-2', 'example_subdag_operator' retrieved from /home/airflow/.local/lib/python3.8/site-packages/airflow/example_dags/example_subdag_operator.py
[2024-05-30T00:07:01.077+0000] {logging_mixin.py:188} INFO - [2024-05-30T00:07:01.076+0000] {dag.py:3036} INFO - Sync 3 DAGs
[2024-05-30T00:07:01.096+0000] {logging_mixin.py:188} INFO - [2024-05-30T00:07:01.096+0000] {dag.py:3823} INFO - Setting next_dagrun for example_subdag_operator to 2022-01-01 00:00:00+00:00, run_after=2022-01-01 00:00:00+00:00
[2024-05-30T00:07:01.100+0000] {logging_mixin.py:188} INFO - [2024-05-30T00:07:01.100+0000] {dag.py:3823} INFO - Setting next_dagrun for example_subdag_operator.section-1 to None, run_after=None
[2024-05-30T00:07:01.102+0000] {logging_mixin.py:188} INFO - [2024-05-30T00:07:01.102+0000] {dag.py:3823} INFO - Setting next_dagrun for example_subdag_operator.section-2 to None, run_after=None
[2024-05-30T00:07:01.109+0000] {logging_mixin.py:188} INFO - [2024-05-30T00:07:01.109+0000] {dag.py:3036} INFO - Sync 2 DAGs
[2024-05-30T00:07:01.115+0000] {logging_mixin.py:188} INFO - [2024-05-30T00:07:01.115+0000] {dag.py:3823} INFO - Setting next_dagrun for example_subdag_operator.section-1 to None, run_after=None
[2024-05-30T00:07:01.116+0000] {logging_mixin.py:188} INFO - [2024-05-30T00:07:01.116+0000] {dag.py:3823} INFO - Setting next_dagrun for example_subdag_operator.section-2 to None, run_after=None
[2024-05-30T00:07:01.131+0000] {processor.py:183} INFO - Processing /home/airflow/.local/lib/python3.8/site-packages/airflow/example_dags/example_subdag_operator.py took 0.100 seconds
[2024-05-30T00:07:32.111+0000] {processor.py:161} INFO - Started process (PID=3586) to work on /home/airflow/.local/lib/python3.8/site-packages/airflow/example_dags/example_subdag_operator.py
[2024-05-30T00:07:32.112+0000] {processor.py:830} INFO - Processing file /home/airflow/.local/lib/python3.8/site-packages/airflow/example_dags/example_subdag_operator.py for tasks to queue
[2024-05-30T00:07:32.113+0000] {logging_mixin.py:188} INFO - [2024-05-30T00:07:32.113+0000] {dagbag.py:538} INFO - Filling up the DagBag from /home/airflow/.local/lib/python3.8/site-packages/airflow/example_dags/example_subdag_operator.py
[2024-05-30T00:07:32.137+0000] {processor.py:840} INFO - DAG(s) 'example_subdag_operator.section-1', 'example_subdag_operator.section-2', 'example_subdag_operator' retrieved from /home/airflow/.local/lib/python3.8/site-packages/airflow/example_dags/example_subdag_operator.py
[2024-05-30T00:07:32.153+0000] {logging_mixin.py:188} INFO - [2024-05-30T00:07:32.152+0000] {dag.py:3036} INFO - Sync 3 DAGs
[2024-05-30T00:07:32.172+0000] {logging_mixin.py:188} INFO - [2024-05-30T00:07:32.172+0000] {dag.py:3823} INFO - Setting next_dagrun for example_subdag_operator to 2022-01-01 00:00:00+00:00, run_after=2022-01-01 00:00:00+00:00
[2024-05-30T00:07:32.176+0000] {logging_mixin.py:188} INFO - [2024-05-30T00:07:32.176+0000] {dag.py:3823} INFO - Setting next_dagrun for example_subdag_operator.section-1 to None, run_after=None
[2024-05-30T00:07:32.178+0000] {logging_mixin.py:188} INFO - [2024-05-30T00:07:32.177+0000] {dag.py:3823} INFO - Setting next_dagrun for example_subdag_operator.section-2 to None, run_after=None
[2024-05-30T00:07:32.185+0000] {logging_mixin.py:188} INFO - [2024-05-30T00:07:32.185+0000] {dag.py:3036} INFO - Sync 2 DAGs
[2024-05-30T00:07:32.190+0000] {logging_mixin.py:188} INFO - [2024-05-30T00:07:32.190+0000] {dag.py:3823} INFO - Setting next_dagrun for example_subdag_operator.section-1 to None, run_after=None
[2024-05-30T00:07:32.191+0000] {logging_mixin.py:188} INFO - [2024-05-30T00:07:32.191+0000] {dag.py:3823} INFO - Setting next_dagrun for example_subdag_operator.section-2 to None, run_after=None
[2024-05-30T00:07:32.206+0000] {processor.py:183} INFO - Processing /home/airflow/.local/lib/python3.8/site-packages/airflow/example_dags/example_subdag_operator.py took 0.098 seconds
[2024-05-30T00:08:02.480+0000] {processor.py:161} INFO - Started process (PID=3645) to work on /home/airflow/.local/lib/python3.8/site-packages/airflow/example_dags/example_subdag_operator.py
[2024-05-30T00:08:02.481+0000] {processor.py:830} INFO - Processing file /home/airflow/.local/lib/python3.8/site-packages/airflow/example_dags/example_subdag_operator.py for tasks to queue
[2024-05-30T00:08:02.482+0000] {logging_mixin.py:188} INFO - [2024-05-30T00:08:02.482+0000] {dagbag.py:538} INFO - Filling up the DagBag from /home/airflow/.local/lib/python3.8/site-packages/airflow/example_dags/example_subdag_operator.py
[2024-05-30T00:08:02.508+0000] {processor.py:840} INFO - DAG(s) 'example_subdag_operator.section-1', 'example_subdag_operator.section-2', 'example_subdag_operator' retrieved from /home/airflow/.local/lib/python3.8/site-packages/airflow/example_dags/example_subdag_operator.py
[2024-05-30T00:08:02.524+0000] {logging_mixin.py:188} INFO - [2024-05-30T00:08:02.523+0000] {dag.py:3036} INFO - Sync 3 DAGs
[2024-05-30T00:08:02.544+0000] {logging_mixin.py:188} INFO - [2024-05-30T00:08:02.544+0000] {dag.py:3823} INFO - Setting next_dagrun for example_subdag_operator to 2022-01-01 00:00:00+00:00, run_after=2022-01-01 00:00:00+00:00
[2024-05-30T00:08:02.548+0000] {logging_mixin.py:188} INFO - [2024-05-30T00:08:02.548+0000] {dag.py:3823} INFO - Setting next_dagrun for example_subdag_operator.section-1 to None, run_after=None
[2024-05-30T00:08:02.550+0000] {logging_mixin.py:188} INFO - [2024-05-30T00:08:02.550+0000] {dag.py:3823} INFO - Setting next_dagrun for example_subdag_operator.section-2 to None, run_after=None
[2024-05-30T00:08:02.557+0000] {logging_mixin.py:188} INFO - [2024-05-30T00:08:02.557+0000] {dag.py:3036} INFO - Sync 2 DAGs
[2024-05-30T00:08:02.562+0000] {logging_mixin.py:188} INFO - [2024-05-30T00:08:02.562+0000] {dag.py:3823} INFO - Setting next_dagrun for example_subdag_operator.section-1 to None, run_after=None
[2024-05-30T00:08:02.563+0000] {logging_mixin.py:188} INFO - [2024-05-30T00:08:02.563+0000] {dag.py:3823} INFO - Setting next_dagrun for example_subdag_operator.section-2 to None, run_after=None
[2024-05-30T00:08:02.576+0000] {processor.py:183} INFO - Processing /home/airflow/.local/lib/python3.8/site-packages/airflow/example_dags/example_subdag_operator.py took 0.099 seconds
[2024-05-30T00:08:33.013+0000] {processor.py:161} INFO - Started process (PID=3704) to work on /home/airflow/.local/lib/python3.8/site-packages/airflow/example_dags/example_subdag_operator.py
[2024-05-30T00:08:33.014+0000] {processor.py:830} INFO - Processing file /home/airflow/.local/lib/python3.8/site-packages/airflow/example_dags/example_subdag_operator.py for tasks to queue
[2024-05-30T00:08:33.016+0000] {logging_mixin.py:188} INFO - [2024-05-30T00:08:33.015+0000] {dagbag.py:538} INFO - Filling up the DagBag from /home/airflow/.local/lib/python3.8/site-packages/airflow/example_dags/example_subdag_operator.py
[2024-05-30T00:08:33.043+0000] {processor.py:840} INFO - DAG(s) 'example_subdag_operator.section-1', 'example_subdag_operator.section-2', 'example_subdag_operator' retrieved from /home/airflow/.local/lib/python3.8/site-packages/airflow/example_dags/example_subdag_operator.py
[2024-05-30T00:08:33.059+0000] {logging_mixin.py:188} INFO - [2024-05-30T00:08:33.059+0000] {dag.py:3036} INFO - Sync 3 DAGs
[2024-05-30T00:08:33.080+0000] {logging_mixin.py:188} INFO - [2024-05-30T00:08:33.080+0000] {dag.py:3823} INFO - Setting next_dagrun for example_subdag_operator to 2022-01-01 00:00:00+00:00, run_after=2022-01-01 00:00:00+00:00
[2024-05-30T00:08:33.084+0000] {logging_mixin.py:188} INFO - [2024-05-30T00:08:33.084+0000] {dag.py:3823} INFO - Setting next_dagrun for example_subdag_operator.section-1 to None, run_after=None
[2024-05-30T00:08:33.086+0000] {logging_mixin.py:188} INFO - [2024-05-30T00:08:33.086+0000] {dag.py:3823} INFO - Setting next_dagrun for example_subdag_operator.section-2 to None, run_after=None
[2024-05-30T00:08:33.093+0000] {logging_mixin.py:188} INFO - [2024-05-30T00:08:33.093+0000] {dag.py:3036} INFO - Sync 2 DAGs
[2024-05-30T00:08:33.098+0000] {logging_mixin.py:188} INFO - [2024-05-30T00:08:33.098+0000] {dag.py:3823} INFO - Setting next_dagrun for example_subdag_operator.section-1 to None, run_after=None
[2024-05-30T00:08:33.099+0000] {logging_mixin.py:188} INFO - [2024-05-30T00:08:33.099+0000] {dag.py:3823} INFO - Setting next_dagrun for example_subdag_operator.section-2 to None, run_after=None
[2024-05-30T00:08:33.113+0000] {processor.py:183} INFO - Processing /home/airflow/.local/lib/python3.8/site-packages/airflow/example_dags/example_subdag_operator.py took 0.105 seconds
[2024-05-30T00:09:03.903+0000] {processor.py:161} INFO - Started process (PID=3763) to work on /home/airflow/.local/lib/python3.8/site-packages/airflow/example_dags/example_subdag_operator.py
[2024-05-30T00:09:03.904+0000] {processor.py:830} INFO - Processing file /home/airflow/.local/lib/python3.8/site-packages/airflow/example_dags/example_subdag_operator.py for tasks to queue
[2024-05-30T00:09:03.906+0000] {logging_mixin.py:188} INFO - [2024-05-30T00:09:03.906+0000] {dagbag.py:538} INFO - Filling up the DagBag from /home/airflow/.local/lib/python3.8/site-packages/airflow/example_dags/example_subdag_operator.py
[2024-05-30T00:09:03.930+0000] {processor.py:840} INFO - DAG(s) 'example_subdag_operator.section-1', 'example_subdag_operator.section-2', 'example_subdag_operator' retrieved from /home/airflow/.local/lib/python3.8/site-packages/airflow/example_dags/example_subdag_operator.py
[2024-05-30T00:09:03.947+0000] {logging_mixin.py:188} INFO - [2024-05-30T00:09:03.947+0000] {dag.py:3036} INFO - Sync 3 DAGs
[2024-05-30T00:09:03.969+0000] {logging_mixin.py:188} INFO - [2024-05-30T00:09:03.969+0000] {dag.py:3823} INFO - Setting next_dagrun for example_subdag_operator to 2022-01-01 00:00:00+00:00, run_after=2022-01-01 00:00:00+00:00
[2024-05-30T00:09:03.975+0000] {logging_mixin.py:188} INFO - [2024-05-30T00:09:03.974+0000] {dag.py:3823} INFO - Setting next_dagrun for example_subdag_operator.section-1 to None, run_after=None
[2024-05-30T00:09:03.977+0000] {logging_mixin.py:188} INFO - [2024-05-30T00:09:03.977+0000] {dag.py:3823} INFO - Setting next_dagrun for example_subdag_operator.section-2 to None, run_after=None
[2024-05-30T00:09:03.984+0000] {logging_mixin.py:188} INFO - [2024-05-30T00:09:03.984+0000] {dag.py:3036} INFO - Sync 2 DAGs
[2024-05-30T00:09:03.992+0000] {logging_mixin.py:188} INFO - [2024-05-30T00:09:03.992+0000] {dag.py:3823} INFO - Setting next_dagrun for example_subdag_operator.section-1 to None, run_after=None
[2024-05-30T00:09:03.993+0000] {logging_mixin.py:188} INFO - [2024-05-30T00:09:03.993+0000] {dag.py:3823} INFO - Setting next_dagrun for example_subdag_operator.section-2 to None, run_after=None
[2024-05-30T00:09:04.008+0000] {processor.py:183} INFO - Processing /home/airflow/.local/lib/python3.8/site-packages/airflow/example_dags/example_subdag_operator.py took 0.108 seconds
[2024-05-30T00:09:34.356+0000] {processor.py:161} INFO - Started process (PID=3822) to work on /home/airflow/.local/lib/python3.8/site-packages/airflow/example_dags/example_subdag_operator.py
[2024-05-30T00:09:34.358+0000] {processor.py:830} INFO - Processing file /home/airflow/.local/lib/python3.8/site-packages/airflow/example_dags/example_subdag_operator.py for tasks to queue
[2024-05-30T00:09:34.359+0000] {logging_mixin.py:188} INFO - [2024-05-30T00:09:34.359+0000] {dagbag.py:538} INFO - Filling up the DagBag from /home/airflow/.local/lib/python3.8/site-packages/airflow/example_dags/example_subdag_operator.py
[2024-05-30T00:09:34.394+0000] {processor.py:840} INFO - DAG(s) 'example_subdag_operator.section-1', 'example_subdag_operator.section-2', 'example_subdag_operator' retrieved from /home/airflow/.local/lib/python3.8/site-packages/airflow/example_dags/example_subdag_operator.py
[2024-05-30T00:09:34.411+0000] {logging_mixin.py:188} INFO - [2024-05-30T00:09:34.411+0000] {dag.py:3036} INFO - Sync 3 DAGs
[2024-05-30T00:09:34.433+0000] {logging_mixin.py:188} INFO - [2024-05-30T00:09:34.433+0000] {dag.py:3823} INFO - Setting next_dagrun for example_subdag_operator to 2022-01-01 00:00:00+00:00, run_after=2022-01-01 00:00:00+00:00
[2024-05-30T00:09:34.438+0000] {logging_mixin.py:188} INFO - [2024-05-30T00:09:34.438+0000] {dag.py:3823} INFO - Setting next_dagrun for example_subdag_operator.section-1 to None, run_after=None
[2024-05-30T00:09:34.441+0000] {logging_mixin.py:188} INFO - [2024-05-30T00:09:34.440+0000] {dag.py:3823} INFO - Setting next_dagrun for example_subdag_operator.section-2 to None, run_after=None
[2024-05-30T00:09:34.448+0000] {logging_mixin.py:188} INFO - [2024-05-30T00:09:34.448+0000] {dag.py:3036} INFO - Sync 2 DAGs
[2024-05-30T00:09:34.454+0000] {logging_mixin.py:188} INFO - [2024-05-30T00:09:34.454+0000] {dag.py:3823} INFO - Setting next_dagrun for example_subdag_operator.section-1 to None, run_after=None
[2024-05-30T00:09:34.455+0000] {logging_mixin.py:188} INFO - [2024-05-30T00:09:34.455+0000] {dag.py:3823} INFO - Setting next_dagrun for example_subdag_operator.section-2 to None, run_after=None
[2024-05-30T00:09:34.470+0000] {processor.py:183} INFO - Processing /home/airflow/.local/lib/python3.8/site-packages/airflow/example_dags/example_subdag_operator.py took 0.117 seconds
[2024-05-30T00:10:04.783+0000] {processor.py:161} INFO - Started process (PID=3881) to work on /home/airflow/.local/lib/python3.8/site-packages/airflow/example_dags/example_subdag_operator.py
[2024-05-30T00:10:04.784+0000] {processor.py:830} INFO - Processing file /home/airflow/.local/lib/python3.8/site-packages/airflow/example_dags/example_subdag_operator.py for tasks to queue
[2024-05-30T00:10:04.786+0000] {logging_mixin.py:188} INFO - [2024-05-30T00:10:04.785+0000] {dagbag.py:538} INFO - Filling up the DagBag from /home/airflow/.local/lib/python3.8/site-packages/airflow/example_dags/example_subdag_operator.py
[2024-05-30T00:10:04.811+0000] {processor.py:840} INFO - DAG(s) 'example_subdag_operator.section-1', 'example_subdag_operator.section-2', 'example_subdag_operator' retrieved from /home/airflow/.local/lib/python3.8/site-packages/airflow/example_dags/example_subdag_operator.py
[2024-05-30T00:10:04.826+0000] {logging_mixin.py:188} INFO - [2024-05-30T00:10:04.826+0000] {dag.py:3036} INFO - Sync 3 DAGs
[2024-05-30T00:10:04.846+0000] {logging_mixin.py:188} INFO - [2024-05-30T00:10:04.846+0000] {dag.py:3823} INFO - Setting next_dagrun for example_subdag_operator to 2022-01-01 00:00:00+00:00, run_after=2022-01-01 00:00:00+00:00
[2024-05-30T00:10:04.850+0000] {logging_mixin.py:188} INFO - [2024-05-30T00:10:04.850+0000] {dag.py:3823} INFO - Setting next_dagrun for example_subdag_operator.section-1 to None, run_after=None
[2024-05-30T00:10:04.852+0000] {logging_mixin.py:188} INFO - [2024-05-30T00:10:04.852+0000] {dag.py:3823} INFO - Setting next_dagrun for example_subdag_operator.section-2 to None, run_after=None
[2024-05-30T00:10:04.859+0000] {logging_mixin.py:188} INFO - [2024-05-30T00:10:04.858+0000] {dag.py:3036} INFO - Sync 2 DAGs
[2024-05-30T00:10:04.864+0000] {logging_mixin.py:188} INFO - [2024-05-30T00:10:04.864+0000] {dag.py:3823} INFO - Setting next_dagrun for example_subdag_operator.section-1 to None, run_after=None
[2024-05-30T00:10:04.865+0000] {logging_mixin.py:188} INFO - [2024-05-30T00:10:04.865+0000] {dag.py:3823} INFO - Setting next_dagrun for example_subdag_operator.section-2 to None, run_after=None
[2024-05-30T00:10:04.879+0000] {processor.py:183} INFO - Processing /home/airflow/.local/lib/python3.8/site-packages/airflow/example_dags/example_subdag_operator.py took 0.098 seconds
[2024-05-30T00:10:35.636+0000] {processor.py:161} INFO - Started process (PID=3940) to work on /home/airflow/.local/lib/python3.8/site-packages/airflow/example_dags/example_subdag_operator.py
[2024-05-30T00:10:35.638+0000] {processor.py:830} INFO - Processing file /home/airflow/.local/lib/python3.8/site-packages/airflow/example_dags/example_subdag_operator.py for tasks to queue
[2024-05-30T00:10:35.639+0000] {logging_mixin.py:188} INFO - [2024-05-30T00:10:35.639+0000] {dagbag.py:538} INFO - Filling up the DagBag from /home/airflow/.local/lib/python3.8/site-packages/airflow/example_dags/example_subdag_operator.py
[2024-05-30T00:10:35.665+0000] {processor.py:840} INFO - DAG(s) 'example_subdag_operator.section-1', 'example_subdag_operator.section-2', 'example_subdag_operator' retrieved from /home/airflow/.local/lib/python3.8/site-packages/airflow/example_dags/example_subdag_operator.py
[2024-05-30T00:10:35.682+0000] {logging_mixin.py:188} INFO - [2024-05-30T00:10:35.681+0000] {dag.py:3036} INFO - Sync 3 DAGs
[2024-05-30T00:10:35.703+0000] {logging_mixin.py:188} INFO - [2024-05-30T00:10:35.703+0000] {dag.py:3823} INFO - Setting next_dagrun for example_subdag_operator to 2022-01-01 00:00:00+00:00, run_after=2022-01-01 00:00:00+00:00
[2024-05-30T00:10:35.707+0000] {logging_mixin.py:188} INFO - [2024-05-30T00:10:35.707+0000] {dag.py:3823} INFO - Setting next_dagrun for example_subdag_operator.section-1 to None, run_after=None
[2024-05-30T00:10:35.709+0000] {logging_mixin.py:188} INFO - [2024-05-30T00:10:35.709+0000] {dag.py:3823} INFO - Setting next_dagrun for example_subdag_operator.section-2 to None, run_after=None
[2024-05-30T00:10:35.715+0000] {logging_mixin.py:188} INFO - [2024-05-30T00:10:35.715+0000] {dag.py:3036} INFO - Sync 2 DAGs
[2024-05-30T00:10:35.721+0000] {logging_mixin.py:188} INFO - [2024-05-30T00:10:35.720+0000] {dag.py:3823} INFO - Setting next_dagrun for example_subdag_operator.section-1 to None, run_after=None
[2024-05-30T00:10:35.722+0000] {logging_mixin.py:188} INFO - [2024-05-30T00:10:35.721+0000] {dag.py:3823} INFO - Setting next_dagrun for example_subdag_operator.section-2 to None, run_after=None
[2024-05-30T00:10:35.733+0000] {processor.py:183} INFO - Processing /home/airflow/.local/lib/python3.8/site-packages/airflow/example_dags/example_subdag_operator.py took 0.100 seconds
[2024-05-30T00:11:05.984+0000] {processor.py:161} INFO - Started process (PID=3999) to work on /home/airflow/.local/lib/python3.8/site-packages/airflow/example_dags/example_subdag_operator.py
[2024-05-30T00:11:05.986+0000] {processor.py:830} INFO - Processing file /home/airflow/.local/lib/python3.8/site-packages/airflow/example_dags/example_subdag_operator.py for tasks to queue
[2024-05-30T00:11:05.987+0000] {logging_mixin.py:188} INFO - [2024-05-30T00:11:05.987+0000] {dagbag.py:538} INFO - Filling up the DagBag from /home/airflow/.local/lib/python3.8/site-packages/airflow/example_dags/example_subdag_operator.py
[2024-05-30T00:11:06.016+0000] {processor.py:840} INFO - DAG(s) 'example_subdag_operator.section-1', 'example_subdag_operator.section-2', 'example_subdag_operator' retrieved from /home/airflow/.local/lib/python3.8/site-packages/airflow/example_dags/example_subdag_operator.py
[2024-05-30T00:11:06.033+0000] {logging_mixin.py:188} INFO - [2024-05-30T00:11:06.033+0000] {dag.py:3036} INFO - Sync 3 DAGs
[2024-05-30T00:11:06.052+0000] {logging_mixin.py:188} INFO - [2024-05-30T00:11:06.051+0000] {dag.py:3823} INFO - Setting next_dagrun for example_subdag_operator to 2022-01-01 00:00:00+00:00, run_after=2022-01-01 00:00:00+00:00
[2024-05-30T00:11:06.055+0000] {logging_mixin.py:188} INFO - [2024-05-30T00:11:06.055+0000] {dag.py:3823} INFO - Setting next_dagrun for example_subdag_operator.section-1 to None, run_after=None
[2024-05-30T00:11:06.056+0000] {logging_mixin.py:188} INFO - [2024-05-30T00:11:06.056+0000] {dag.py:3823} INFO - Setting next_dagrun for example_subdag_operator.section-2 to None, run_after=None
[2024-05-30T00:11:06.062+0000] {logging_mixin.py:188} INFO - [2024-05-30T00:11:06.062+0000] {dag.py:3036} INFO - Sync 2 DAGs
[2024-05-30T00:11:06.066+0000] {logging_mixin.py:188} INFO - [2024-05-30T00:11:06.066+0000] {dag.py:3823} INFO - Setting next_dagrun for example_subdag_operator.section-1 to None, run_after=None
[2024-05-30T00:11:06.067+0000] {logging_mixin.py:188} INFO - [2024-05-30T00:11:06.067+0000] {dag.py:3823} INFO - Setting next_dagrun for example_subdag_operator.section-2 to None, run_after=None
[2024-05-30T00:11:06.078+0000] {processor.py:183} INFO - Processing /home/airflow/.local/lib/python3.8/site-packages/airflow/example_dags/example_subdag_operator.py took 0.096 seconds
[2024-05-30T00:11:36.949+0000] {processor.py:161} INFO - Started process (PID=4064) to work on /home/airflow/.local/lib/python3.8/site-packages/airflow/example_dags/example_subdag_operator.py
[2024-05-30T00:11:36.950+0000] {processor.py:830} INFO - Processing file /home/airflow/.local/lib/python3.8/site-packages/airflow/example_dags/example_subdag_operator.py for tasks to queue
[2024-05-30T00:11:36.952+0000] {logging_mixin.py:188} INFO - [2024-05-30T00:11:36.951+0000] {dagbag.py:538} INFO - Filling up the DagBag from /home/airflow/.local/lib/python3.8/site-packages/airflow/example_dags/example_subdag_operator.py
[2024-05-30T00:11:36.978+0000] {processor.py:840} INFO - DAG(s) 'example_subdag_operator.section-1', 'example_subdag_operator.section-2', 'example_subdag_operator' retrieved from /home/airflow/.local/lib/python3.8/site-packages/airflow/example_dags/example_subdag_operator.py
[2024-05-30T00:11:36.994+0000] {logging_mixin.py:188} INFO - [2024-05-30T00:11:36.994+0000] {dag.py:3036} INFO - Sync 3 DAGs
[2024-05-30T00:11:37.016+0000] {logging_mixin.py:188} INFO - [2024-05-30T00:11:37.016+0000] {dag.py:3823} INFO - Setting next_dagrun for example_subdag_operator to 2022-01-01 00:00:00+00:00, run_after=2022-01-01 00:00:00+00:00
[2024-05-30T00:11:37.020+0000] {logging_mixin.py:188} INFO - [2024-05-30T00:11:37.020+0000] {dag.py:3823} INFO - Setting next_dagrun for example_subdag_operator.section-1 to None, run_after=None
[2024-05-30T00:11:37.022+0000] {logging_mixin.py:188} INFO - [2024-05-30T00:11:37.022+0000] {dag.py:3823} INFO - Setting next_dagrun for example_subdag_operator.section-2 to None, run_after=None
[2024-05-30T00:11:37.029+0000] {logging_mixin.py:188} INFO - [2024-05-30T00:11:37.029+0000] {dag.py:3036} INFO - Sync 2 DAGs
[2024-05-30T00:11:37.035+0000] {logging_mixin.py:188} INFO - [2024-05-30T00:11:37.034+0000] {dag.py:3823} INFO - Setting next_dagrun for example_subdag_operator.section-1 to None, run_after=None
[2024-05-30T00:11:37.036+0000] {logging_mixin.py:188} INFO - [2024-05-30T00:11:37.036+0000] {dag.py:3823} INFO - Setting next_dagrun for example_subdag_operator.section-2 to None, run_after=None
[2024-05-30T00:11:37.051+0000] {processor.py:183} INFO - Processing /home/airflow/.local/lib/python3.8/site-packages/airflow/example_dags/example_subdag_operator.py took 0.105 seconds
[2024-05-30T00:12:07.886+0000] {processor.py:161} INFO - Started process (PID=4123) to work on /home/airflow/.local/lib/python3.8/site-packages/airflow/example_dags/example_subdag_operator.py
[2024-05-30T00:12:07.887+0000] {processor.py:830} INFO - Processing file /home/airflow/.local/lib/python3.8/site-packages/airflow/example_dags/example_subdag_operator.py for tasks to queue
[2024-05-30T00:12:07.889+0000] {logging_mixin.py:188} INFO - [2024-05-30T00:12:07.888+0000] {dagbag.py:538} INFO - Filling up the DagBag from /home/airflow/.local/lib/python3.8/site-packages/airflow/example_dags/example_subdag_operator.py
[2024-05-30T00:12:07.913+0000] {processor.py:840} INFO - DAG(s) 'example_subdag_operator.section-1', 'example_subdag_operator.section-2', 'example_subdag_operator' retrieved from /home/airflow/.local/lib/python3.8/site-packages/airflow/example_dags/example_subdag_operator.py
[2024-05-30T00:12:07.929+0000] {logging_mixin.py:188} INFO - [2024-05-30T00:12:07.929+0000] {dag.py:3036} INFO - Sync 3 DAGs
[2024-05-30T00:12:07.956+0000] {logging_mixin.py:188} INFO - [2024-05-30T00:12:07.956+0000] {dag.py:3823} INFO - Setting next_dagrun for example_subdag_operator to 2022-01-01 00:00:00+00:00, run_after=2022-01-01 00:00:00+00:00
[2024-05-30T00:12:07.963+0000] {logging_mixin.py:188} INFO - [2024-05-30T00:12:07.962+0000] {dag.py:3823} INFO - Setting next_dagrun for example_subdag_operator.section-1 to None, run_after=None
[2024-05-30T00:12:07.966+0000] {logging_mixin.py:188} INFO - [2024-05-30T00:12:07.965+0000] {dag.py:3823} INFO - Setting next_dagrun for example_subdag_operator.section-2 to None, run_after=None
[2024-05-30T00:12:07.982+0000] {logging_mixin.py:188} INFO - [2024-05-30T00:12:07.982+0000] {dag.py:3036} INFO - Sync 2 DAGs
[2024-05-30T00:12:07.994+0000] {logging_mixin.py:188} INFO - [2024-05-30T00:12:07.993+0000] {dag.py:3823} INFO - Setting next_dagrun for example_subdag_operator.section-1 to None, run_after=None
[2024-05-30T00:12:07.995+0000] {logging_mixin.py:188} INFO - [2024-05-30T00:12:07.995+0000] {dag.py:3823} INFO - Setting next_dagrun for example_subdag_operator.section-2 to None, run_after=None
[2024-05-30T00:12:08.016+0000] {processor.py:183} INFO - Processing /home/airflow/.local/lib/python3.8/site-packages/airflow/example_dags/example_subdag_operator.py took 0.133 seconds
[2024-05-30T00:12:38.347+0000] {processor.py:161} INFO - Started process (PID=4182) to work on /home/airflow/.local/lib/python3.8/site-packages/airflow/example_dags/example_subdag_operator.py
[2024-05-30T00:12:38.348+0000] {processor.py:830} INFO - Processing file /home/airflow/.local/lib/python3.8/site-packages/airflow/example_dags/example_subdag_operator.py for tasks to queue
[2024-05-30T00:12:38.350+0000] {logging_mixin.py:188} INFO - [2024-05-30T00:12:38.350+0000] {dagbag.py:538} INFO - Filling up the DagBag from /home/airflow/.local/lib/python3.8/site-packages/airflow/example_dags/example_subdag_operator.py
[2024-05-30T00:12:38.374+0000] {processor.py:840} INFO - DAG(s) 'example_subdag_operator.section-1', 'example_subdag_operator.section-2', 'example_subdag_operator' retrieved from /home/airflow/.local/lib/python3.8/site-packages/airflow/example_dags/example_subdag_operator.py
[2024-05-30T00:12:38.391+0000] {logging_mixin.py:188} INFO - [2024-05-30T00:12:38.390+0000] {dag.py:3036} INFO - Sync 3 DAGs
[2024-05-30T00:12:38.411+0000] {logging_mixin.py:188} INFO - [2024-05-30T00:12:38.411+0000] {dag.py:3823} INFO - Setting next_dagrun for example_subdag_operator to 2022-01-01 00:00:00+00:00, run_after=2022-01-01 00:00:00+00:00
[2024-05-30T00:12:38.416+0000] {logging_mixin.py:188} INFO - [2024-05-30T00:12:38.416+0000] {dag.py:3823} INFO - Setting next_dagrun for example_subdag_operator.section-1 to None, run_after=None
[2024-05-30T00:12:38.418+0000] {logging_mixin.py:188} INFO - [2024-05-30T00:12:38.418+0000] {dag.py:3823} INFO - Setting next_dagrun for example_subdag_operator.section-2 to None, run_after=None
[2024-05-30T00:12:38.426+0000] {logging_mixin.py:188} INFO - [2024-05-30T00:12:38.426+0000] {dag.py:3036} INFO - Sync 2 DAGs
[2024-05-30T00:12:38.433+0000] {logging_mixin.py:188} INFO - [2024-05-30T00:12:38.432+0000] {dag.py:3823} INFO - Setting next_dagrun for example_subdag_operator.section-1 to None, run_after=None
[2024-05-30T00:12:38.434+0000] {logging_mixin.py:188} INFO - [2024-05-30T00:12:38.433+0000] {dag.py:3823} INFO - Setting next_dagrun for example_subdag_operator.section-2 to None, run_after=None
[2024-05-30T00:12:38.445+0000] {processor.py:183} INFO - Processing /home/airflow/.local/lib/python3.8/site-packages/airflow/example_dags/example_subdag_operator.py took 0.102 seconds
[2024-05-30T00:13:09.276+0000] {processor.py:161} INFO - Started process (PID=4241) to work on /home/airflow/.local/lib/python3.8/site-packages/airflow/example_dags/example_subdag_operator.py
[2024-05-30T00:13:09.277+0000] {processor.py:830} INFO - Processing file /home/airflow/.local/lib/python3.8/site-packages/airflow/example_dags/example_subdag_operator.py for tasks to queue
[2024-05-30T00:13:09.279+0000] {logging_mixin.py:188} INFO - [2024-05-30T00:13:09.278+0000] {dagbag.py:538} INFO - Filling up the DagBag from /home/airflow/.local/lib/python3.8/site-packages/airflow/example_dags/example_subdag_operator.py
[2024-05-30T00:13:09.304+0000] {processor.py:840} INFO - DAG(s) 'example_subdag_operator.section-1', 'example_subdag_operator.section-2', 'example_subdag_operator' retrieved from /home/airflow/.local/lib/python3.8/site-packages/airflow/example_dags/example_subdag_operator.py
[2024-05-30T00:13:09.319+0000] {logging_mixin.py:188} INFO - [2024-05-30T00:13:09.319+0000] {dag.py:3036} INFO - Sync 3 DAGs
[2024-05-30T00:13:09.339+0000] {logging_mixin.py:188} INFO - [2024-05-30T00:13:09.339+0000] {dag.py:3823} INFO - Setting next_dagrun for example_subdag_operator to 2022-01-01 00:00:00+00:00, run_after=2022-01-01 00:00:00+00:00
[2024-05-30T00:13:09.343+0000] {logging_mixin.py:188} INFO - [2024-05-30T00:13:09.343+0000] {dag.py:3823} INFO - Setting next_dagrun for example_subdag_operator.section-1 to None, run_after=None
[2024-05-30T00:13:09.345+0000] {logging_mixin.py:188} INFO - [2024-05-30T00:13:09.345+0000] {dag.py:3823} INFO - Setting next_dagrun for example_subdag_operator.section-2 to None, run_after=None
[2024-05-30T00:13:09.353+0000] {logging_mixin.py:188} INFO - [2024-05-30T00:13:09.352+0000] {dag.py:3036} INFO - Sync 2 DAGs
[2024-05-30T00:13:09.358+0000] {logging_mixin.py:188} INFO - [2024-05-30T00:13:09.358+0000] {dag.py:3823} INFO - Setting next_dagrun for example_subdag_operator.section-1 to None, run_after=None
[2024-05-30T00:13:09.359+0000] {logging_mixin.py:188} INFO - [2024-05-30T00:13:09.359+0000] {dag.py:3823} INFO - Setting next_dagrun for example_subdag_operator.section-2 to None, run_after=None
[2024-05-30T00:13:09.372+0000] {processor.py:183} INFO - Processing /home/airflow/.local/lib/python3.8/site-packages/airflow/example_dags/example_subdag_operator.py took 0.099 seconds
[2024-05-30T00:13:39.903+0000] {processor.py:161} INFO - Started process (PID=4300) to work on /home/airflow/.local/lib/python3.8/site-packages/airflow/example_dags/example_subdag_operator.py
[2024-05-30T00:13:39.904+0000] {processor.py:830} INFO - Processing file /home/airflow/.local/lib/python3.8/site-packages/airflow/example_dags/example_subdag_operator.py for tasks to queue
[2024-05-30T00:13:39.905+0000] {logging_mixin.py:188} INFO - [2024-05-30T00:13:39.905+0000] {dagbag.py:538} INFO - Filling up the DagBag from /home/airflow/.local/lib/python3.8/site-packages/airflow/example_dags/example_subdag_operator.py
[2024-05-30T00:13:39.930+0000] {processor.py:840} INFO - DAG(s) 'example_subdag_operator.section-1', 'example_subdag_operator.section-2', 'example_subdag_operator' retrieved from /home/airflow/.local/lib/python3.8/site-packages/airflow/example_dags/example_subdag_operator.py
[2024-05-30T00:13:39.947+0000] {logging_mixin.py:188} INFO - [2024-05-30T00:13:39.947+0000] {dag.py:3036} INFO - Sync 3 DAGs
[2024-05-30T00:13:39.970+0000] {logging_mixin.py:188} INFO - [2024-05-30T00:13:39.969+0000] {dag.py:3823} INFO - Setting next_dagrun for example_subdag_operator to 2022-01-01 00:00:00+00:00, run_after=2022-01-01 00:00:00+00:00
[2024-05-30T00:13:39.974+0000] {logging_mixin.py:188} INFO - [2024-05-30T00:13:39.974+0000] {dag.py:3823} INFO - Setting next_dagrun for example_subdag_operator.section-1 to None, run_after=None
[2024-05-30T00:13:39.976+0000] {logging_mixin.py:188} INFO - [2024-05-30T00:13:39.976+0000] {dag.py:3823} INFO - Setting next_dagrun for example_subdag_operator.section-2 to None, run_after=None
[2024-05-30T00:13:39.984+0000] {logging_mixin.py:188} INFO - [2024-05-30T00:13:39.983+0000] {dag.py:3036} INFO - Sync 2 DAGs
[2024-05-30T00:13:39.989+0000] {logging_mixin.py:188} INFO - [2024-05-30T00:13:39.989+0000] {dag.py:3823} INFO - Setting next_dagrun for example_subdag_operator.section-1 to None, run_after=None
[2024-05-30T00:13:39.990+0000] {logging_mixin.py:188} INFO - [2024-05-30T00:13:39.990+0000] {dag.py:3823} INFO - Setting next_dagrun for example_subdag_operator.section-2 to None, run_after=None
[2024-05-30T00:13:40.005+0000] {processor.py:183} INFO - Processing /home/airflow/.local/lib/python3.8/site-packages/airflow/example_dags/example_subdag_operator.py took 0.107 seconds
[2024-05-30T00:14:10.776+0000] {processor.py:161} INFO - Started process (PID=4359) to work on /home/airflow/.local/lib/python3.8/site-packages/airflow/example_dags/example_subdag_operator.py
[2024-05-30T00:14:10.778+0000] {processor.py:830} INFO - Processing file /home/airflow/.local/lib/python3.8/site-packages/airflow/example_dags/example_subdag_operator.py for tasks to queue
[2024-05-30T00:14:10.779+0000] {logging_mixin.py:188} INFO - [2024-05-30T00:14:10.779+0000] {dagbag.py:538} INFO - Filling up the DagBag from /home/airflow/.local/lib/python3.8/site-packages/airflow/example_dags/example_subdag_operator.py
[2024-05-30T00:14:10.804+0000] {processor.py:840} INFO - DAG(s) 'example_subdag_operator.section-1', 'example_subdag_operator.section-2', 'example_subdag_operator' retrieved from /home/airflow/.local/lib/python3.8/site-packages/airflow/example_dags/example_subdag_operator.py
[2024-05-30T00:14:10.820+0000] {logging_mixin.py:188} INFO - [2024-05-30T00:14:10.820+0000] {dag.py:3036} INFO - Sync 3 DAGs
[2024-05-30T00:14:10.840+0000] {logging_mixin.py:188} INFO - [2024-05-30T00:14:10.840+0000] {dag.py:3823} INFO - Setting next_dagrun for example_subdag_operator to 2022-01-01 00:00:00+00:00, run_after=2022-01-01 00:00:00+00:00
[2024-05-30T00:14:10.844+0000] {logging_mixin.py:188} INFO - [2024-05-30T00:14:10.844+0000] {dag.py:3823} INFO - Setting next_dagrun for example_subdag_operator.section-1 to None, run_after=None
[2024-05-30T00:14:10.846+0000] {logging_mixin.py:188} INFO - [2024-05-30T00:14:10.845+0000] {dag.py:3823} INFO - Setting next_dagrun for example_subdag_operator.section-2 to None, run_after=None
[2024-05-30T00:14:10.863+0000] {logging_mixin.py:188} INFO - [2024-05-30T00:14:10.862+0000] {dag.py:3036} INFO - Sync 2 DAGs
[2024-05-30T00:14:10.871+0000] {logging_mixin.py:188} INFO - [2024-05-30T00:14:10.871+0000] {dag.py:3823} INFO - Setting next_dagrun for example_subdag_operator.section-1 to None, run_after=None
[2024-05-30T00:14:10.873+0000] {logging_mixin.py:188} INFO - [2024-05-30T00:14:10.872+0000] {dag.py:3823} INFO - Setting next_dagrun for example_subdag_operator.section-2 to None, run_after=None
[2024-05-30T00:14:10.895+0000] {processor.py:183} INFO - Processing /home/airflow/.local/lib/python3.8/site-packages/airflow/example_dags/example_subdag_operator.py took 0.121 seconds
[2024-05-30T00:20:49.596+0000] {processor.py:161} INFO - Started process (PID=5125) to work on /home/airflow/.local/lib/python3.8/site-packages/airflow/example_dags/example_subdag_operator.py
[2024-05-30T00:20:49.598+0000] {processor.py:830} INFO - Processing file /home/airflow/.local/lib/python3.8/site-packages/airflow/example_dags/example_subdag_operator.py for tasks to queue
[2024-05-30T00:20:49.599+0000] {logging_mixin.py:188} INFO - [2024-05-30T00:20:49.599+0000] {dagbag.py:538} INFO - Filling up the DagBag from /home/airflow/.local/lib/python3.8/site-packages/airflow/example_dags/example_subdag_operator.py
[2024-05-30T00:20:49.631+0000] {processor.py:840} INFO - DAG(s) 'example_subdag_operator.section-1', 'example_subdag_operator.section-2', 'example_subdag_operator' retrieved from /home/airflow/.local/lib/python3.8/site-packages/airflow/example_dags/example_subdag_operator.py
[2024-05-30T00:20:49.653+0000] {logging_mixin.py:188} INFO - [2024-05-30T00:20:49.653+0000] {dag.py:3036} INFO - Sync 3 DAGs
[2024-05-30T00:20:49.679+0000] {logging_mixin.py:188} INFO - [2024-05-30T00:20:49.679+0000] {dag.py:3823} INFO - Setting next_dagrun for example_subdag_operator to 2022-01-01 00:00:00+00:00, run_after=2022-01-01 00:00:00+00:00
[2024-05-30T00:20:49.685+0000] {logging_mixin.py:188} INFO - [2024-05-30T00:20:49.684+0000] {dag.py:3823} INFO - Setting next_dagrun for example_subdag_operator.section-1 to None, run_after=None
[2024-05-30T00:20:49.688+0000] {logging_mixin.py:188} INFO - [2024-05-30T00:20:49.688+0000] {dag.py:3823} INFO - Setting next_dagrun for example_subdag_operator.section-2 to None, run_after=None
[2024-05-30T00:20:49.698+0000] {logging_mixin.py:188} INFO - [2024-05-30T00:20:49.698+0000] {dag.py:3036} INFO - Sync 2 DAGs
[2024-05-30T00:20:49.706+0000] {logging_mixin.py:188} INFO - [2024-05-30T00:20:49.706+0000] {dag.py:3823} INFO - Setting next_dagrun for example_subdag_operator.section-1 to None, run_after=None
[2024-05-30T00:20:49.707+0000] {logging_mixin.py:188} INFO - [2024-05-30T00:20:49.707+0000] {dag.py:3823} INFO - Setting next_dagrun for example_subdag_operator.section-2 to None, run_after=None
[2024-05-30T00:20:49.728+0000] {processor.py:183} INFO - Processing /home/airflow/.local/lib/python3.8/site-packages/airflow/example_dags/example_subdag_operator.py took 0.137 seconds
[2024-05-30T00:21:19.962+0000] {processor.py:161} INFO - Started process (PID=5185) to work on /home/airflow/.local/lib/python3.8/site-packages/airflow/example_dags/example_subdag_operator.py
[2024-05-30T00:21:19.963+0000] {processor.py:830} INFO - Processing file /home/airflow/.local/lib/python3.8/site-packages/airflow/example_dags/example_subdag_operator.py for tasks to queue
[2024-05-30T00:21:19.964+0000] {logging_mixin.py:188} INFO - [2024-05-30T00:21:19.964+0000] {dagbag.py:538} INFO - Filling up the DagBag from /home/airflow/.local/lib/python3.8/site-packages/airflow/example_dags/example_subdag_operator.py
[2024-05-30T00:21:19.990+0000] {processor.py:840} INFO - DAG(s) 'example_subdag_operator.section-1', 'example_subdag_operator.section-2', 'example_subdag_operator' retrieved from /home/airflow/.local/lib/python3.8/site-packages/airflow/example_dags/example_subdag_operator.py
[2024-05-30T00:21:20.009+0000] {logging_mixin.py:188} INFO - [2024-05-30T00:21:20.009+0000] {dag.py:3036} INFO - Sync 3 DAGs
[2024-05-30T00:21:20.029+0000] {logging_mixin.py:188} INFO - [2024-05-30T00:21:20.029+0000] {dag.py:3823} INFO - Setting next_dagrun for example_subdag_operator to 2022-01-01 00:00:00+00:00, run_after=2022-01-01 00:00:00+00:00
[2024-05-30T00:21:20.033+0000] {logging_mixin.py:188} INFO - [2024-05-30T00:21:20.033+0000] {dag.py:3823} INFO - Setting next_dagrun for example_subdag_operator.section-1 to None, run_after=None
[2024-05-30T00:21:20.035+0000] {logging_mixin.py:188} INFO - [2024-05-30T00:21:20.035+0000] {dag.py:3823} INFO - Setting next_dagrun for example_subdag_operator.section-2 to None, run_after=None
[2024-05-30T00:21:20.042+0000] {logging_mixin.py:188} INFO - [2024-05-30T00:21:20.042+0000] {dag.py:3036} INFO - Sync 2 DAGs
[2024-05-30T00:21:20.048+0000] {logging_mixin.py:188} INFO - [2024-05-30T00:21:20.048+0000] {dag.py:3823} INFO - Setting next_dagrun for example_subdag_operator.section-1 to None, run_after=None
[2024-05-30T00:21:20.049+0000] {logging_mixin.py:188} INFO - [2024-05-30T00:21:20.049+0000] {dag.py:3823} INFO - Setting next_dagrun for example_subdag_operator.section-2 to None, run_after=None
[2024-05-30T00:21:20.064+0000] {processor.py:183} INFO - Processing /home/airflow/.local/lib/python3.8/site-packages/airflow/example_dags/example_subdag_operator.py took 0.105 seconds
[2024-05-30T00:21:50.765+0000] {processor.py:161} INFO - Started process (PID=5243) to work on /home/airflow/.local/lib/python3.8/site-packages/airflow/example_dags/example_subdag_operator.py
[2024-05-30T00:21:50.766+0000] {processor.py:830} INFO - Processing file /home/airflow/.local/lib/python3.8/site-packages/airflow/example_dags/example_subdag_operator.py for tasks to queue
[2024-05-30T00:21:50.767+0000] {logging_mixin.py:188} INFO - [2024-05-30T00:21:50.767+0000] {dagbag.py:538} INFO - Filling up the DagBag from /home/airflow/.local/lib/python3.8/site-packages/airflow/example_dags/example_subdag_operator.py
[2024-05-30T00:21:50.791+0000] {processor.py:840} INFO - DAG(s) 'example_subdag_operator.section-1', 'example_subdag_operator.section-2', 'example_subdag_operator' retrieved from /home/airflow/.local/lib/python3.8/site-packages/airflow/example_dags/example_subdag_operator.py
[2024-05-30T00:21:50.806+0000] {logging_mixin.py:188} INFO - [2024-05-30T00:21:50.806+0000] {dag.py:3036} INFO - Sync 3 DAGs
[2024-05-30T00:21:50.828+0000] {logging_mixin.py:188} INFO - [2024-05-30T00:21:50.828+0000] {dag.py:3823} INFO - Setting next_dagrun for example_subdag_operator to 2022-01-01 00:00:00+00:00, run_after=2022-01-01 00:00:00+00:00
[2024-05-30T00:21:50.832+0000] {logging_mixin.py:188} INFO - [2024-05-30T00:21:50.832+0000] {dag.py:3823} INFO - Setting next_dagrun for example_subdag_operator.section-1 to None, run_after=None
[2024-05-30T00:21:50.834+0000] {logging_mixin.py:188} INFO - [2024-05-30T00:21:50.833+0000] {dag.py:3823} INFO - Setting next_dagrun for example_subdag_operator.section-2 to None, run_after=None
[2024-05-30T00:21:50.841+0000] {logging_mixin.py:188} INFO - [2024-05-30T00:21:50.840+0000] {dag.py:3036} INFO - Sync 2 DAGs
[2024-05-30T00:21:50.847+0000] {logging_mixin.py:188} INFO - [2024-05-30T00:21:50.847+0000] {dag.py:3823} INFO - Setting next_dagrun for example_subdag_operator.section-1 to None, run_after=None
[2024-05-30T00:21:50.848+0000] {logging_mixin.py:188} INFO - [2024-05-30T00:21:50.848+0000] {dag.py:3823} INFO - Setting next_dagrun for example_subdag_operator.section-2 to None, run_after=None
[2024-05-30T00:21:50.862+0000] {processor.py:183} INFO - Processing /home/airflow/.local/lib/python3.8/site-packages/airflow/example_dags/example_subdag_operator.py took 0.100 seconds
