[2024-05-30T00:00:13.236+0000] {processor.py:161} INFO - Started process (PID=2722) to work on /home/airflow/.local/lib/python3.8/site-packages/airflow/example_dags/example_xcomargs.py
[2024-05-30T00:00:13.237+0000] {processor.py:830} INFO - Processing file /home/airflow/.local/lib/python3.8/site-packages/airflow/example_dags/example_xcomargs.py for tasks to queue
[2024-05-30T00:00:13.239+0000] {logging_mixin.py:188} INFO - [2024-05-30T00:00:13.239+0000] {dagbag.py:538} INFO - Filling up the DagBag from /home/airflow/.local/lib/python3.8/site-packages/airflow/example_dags/example_xcomargs.py
[2024-05-30T00:00:13.251+0000] {processor.py:840} INFO - DAG(s) 'example_xcom_args_with_operators', 'example_xcom_args' retrieved from /home/airflow/.local/lib/python3.8/site-packages/airflow/example_dags/example_xcomargs.py
[2024-05-30T00:00:13.276+0000] {logging_mixin.py:188} INFO - [2024-05-30T00:00:13.276+0000] {dag.py:3036} INFO - Sync 2 DAGs
[2024-05-30T00:00:13.289+0000] {logging_mixin.py:188} INFO - [2024-05-30T00:00:13.289+0000] {dag.py:3823} INFO - Setting next_dagrun for example_xcom_args to None, run_after=None
[2024-05-30T00:00:13.293+0000] {logging_mixin.py:188} INFO - [2024-05-30T00:00:13.293+0000] {dag.py:3823} INFO - Setting next_dagrun for example_xcom_args_with_operators to None, run_after=None
[2024-05-30T00:00:13.315+0000] {processor.py:183} INFO - Processing /home/airflow/.local/lib/python3.8/site-packages/airflow/example_dags/example_xcomargs.py took 0.084 seconds
[2024-05-30T00:00:44.365+0000] {processor.py:161} INFO - Started process (PID=2781) to work on /home/airflow/.local/lib/python3.8/site-packages/airflow/example_dags/example_xcomargs.py
[2024-05-30T00:00:44.367+0000] {processor.py:830} INFO - Processing file /home/airflow/.local/lib/python3.8/site-packages/airflow/example_dags/example_xcomargs.py for tasks to queue
[2024-05-30T00:00:44.371+0000] {logging_mixin.py:188} INFO - [2024-05-30T00:00:44.370+0000] {dagbag.py:538} INFO - Filling up the DagBag from /home/airflow/.local/lib/python3.8/site-packages/airflow/example_dags/example_xcomargs.py
[2024-05-30T00:00:44.404+0000] {processor.py:840} INFO - DAG(s) 'example_xcom_args', 'example_xcom_args_with_operators' retrieved from /home/airflow/.local/lib/python3.8/site-packages/airflow/example_dags/example_xcomargs.py
[2024-05-30T00:00:44.481+0000] {logging_mixin.py:188} INFO - [2024-05-30T00:00:44.480+0000] {dag.py:3036} INFO - Sync 2 DAGs
[2024-05-30T00:00:44.529+0000] {logging_mixin.py:188} INFO - [2024-05-30T00:00:44.528+0000] {dag.py:3823} INFO - Setting next_dagrun for example_xcom_args to None, run_after=None
[2024-05-30T00:00:44.539+0000] {logging_mixin.py:188} INFO - [2024-05-30T00:00:44.539+0000] {dag.py:3823} INFO - Setting next_dagrun for example_xcom_args_with_operators to None, run_after=None
[2024-05-30T00:00:44.600+0000] {processor.py:183} INFO - Processing /home/airflow/.local/lib/python3.8/site-packages/airflow/example_dags/example_xcomargs.py took 0.247 seconds
[2024-05-30T00:01:15.043+0000] {processor.py:161} INFO - Started process (PID=2840) to work on /home/airflow/.local/lib/python3.8/site-packages/airflow/example_dags/example_xcomargs.py
[2024-05-30T00:01:15.044+0000] {processor.py:830} INFO - Processing file /home/airflow/.local/lib/python3.8/site-packages/airflow/example_dags/example_xcomargs.py for tasks to queue
[2024-05-30T00:01:15.046+0000] {logging_mixin.py:188} INFO - [2024-05-30T00:01:15.045+0000] {dagbag.py:538} INFO - Filling up the DagBag from /home/airflow/.local/lib/python3.8/site-packages/airflow/example_dags/example_xcomargs.py
[2024-05-30T00:01:15.061+0000] {processor.py:840} INFO - DAG(s) 'example_xcom_args', 'example_xcom_args_with_operators' retrieved from /home/airflow/.local/lib/python3.8/site-packages/airflow/example_dags/example_xcomargs.py
[2024-05-30T00:01:15.109+0000] {logging_mixin.py:188} INFO - [2024-05-30T00:01:15.108+0000] {dag.py:3036} INFO - Sync 2 DAGs
[2024-05-30T00:01:15.132+0000] {logging_mixin.py:188} INFO - [2024-05-30T00:01:15.132+0000] {dag.py:3823} INFO - Setting next_dagrun for example_xcom_args to None, run_after=None
[2024-05-30T00:01:15.139+0000] {logging_mixin.py:188} INFO - [2024-05-30T00:01:15.139+0000] {dag.py:3823} INFO - Setting next_dagrun for example_xcom_args_with_operators to None, run_after=None
[2024-05-30T00:01:15.174+0000] {processor.py:183} INFO - Processing /home/airflow/.local/lib/python3.8/site-packages/airflow/example_dags/example_xcomargs.py took 0.136 seconds
[2024-05-30T00:01:45.756+0000] {processor.py:161} INFO - Started process (PID=2899) to work on /home/airflow/.local/lib/python3.8/site-packages/airflow/example_dags/example_xcomargs.py
[2024-05-30T00:01:45.758+0000] {processor.py:830} INFO - Processing file /home/airflow/.local/lib/python3.8/site-packages/airflow/example_dags/example_xcomargs.py for tasks to queue
[2024-05-30T00:01:45.759+0000] {logging_mixin.py:188} INFO - [2024-05-30T00:01:45.759+0000] {dagbag.py:538} INFO - Filling up the DagBag from /home/airflow/.local/lib/python3.8/site-packages/airflow/example_dags/example_xcomargs.py
[2024-05-30T00:01:45.767+0000] {processor.py:840} INFO - DAG(s) 'example_xcom_args_with_operators', 'example_xcom_args' retrieved from /home/airflow/.local/lib/python3.8/site-packages/airflow/example_dags/example_xcomargs.py
[2024-05-30T00:01:45.791+0000] {logging_mixin.py:188} INFO - [2024-05-30T00:01:45.791+0000] {dag.py:3036} INFO - Sync 2 DAGs
[2024-05-30T00:01:45.807+0000] {logging_mixin.py:188} INFO - [2024-05-30T00:01:45.807+0000] {dag.py:3823} INFO - Setting next_dagrun for example_xcom_args to None, run_after=None
[2024-05-30T00:01:45.811+0000] {logging_mixin.py:188} INFO - [2024-05-30T00:01:45.810+0000] {dag.py:3823} INFO - Setting next_dagrun for example_xcom_args_with_operators to None, run_after=None
[2024-05-30T00:01:45.831+0000] {processor.py:183} INFO - Processing /home/airflow/.local/lib/python3.8/site-packages/airflow/example_dags/example_xcomargs.py took 0.078 seconds
[2024-05-30T00:02:17.013+0000] {processor.py:161} INFO - Started process (PID=2958) to work on /home/airflow/.local/lib/python3.8/site-packages/airflow/example_dags/example_xcomargs.py
[2024-05-30T00:02:17.015+0000] {processor.py:830} INFO - Processing file /home/airflow/.local/lib/python3.8/site-packages/airflow/example_dags/example_xcomargs.py for tasks to queue
[2024-05-30T00:02:17.016+0000] {logging_mixin.py:188} INFO - [2024-05-30T00:02:17.016+0000] {dagbag.py:538} INFO - Filling up the DagBag from /home/airflow/.local/lib/python3.8/site-packages/airflow/example_dags/example_xcomargs.py
[2024-05-30T00:02:17.028+0000] {processor.py:840} INFO - DAG(s) 'example_xcom_args_with_operators', 'example_xcom_args' retrieved from /home/airflow/.local/lib/python3.8/site-packages/airflow/example_dags/example_xcomargs.py
[2024-05-30T00:02:17.055+0000] {logging_mixin.py:188} INFO - [2024-05-30T00:02:17.054+0000] {dag.py:3036} INFO - Sync 2 DAGs
[2024-05-30T00:02:17.067+0000] {logging_mixin.py:188} INFO - [2024-05-30T00:02:17.067+0000] {dag.py:3823} INFO - Setting next_dagrun for example_xcom_args to None, run_after=None
[2024-05-30T00:02:17.073+0000] {logging_mixin.py:188} INFO - [2024-05-30T00:02:17.072+0000] {dag.py:3823} INFO - Setting next_dagrun for example_xcom_args_with_operators to None, run_after=None
[2024-05-30T00:02:17.094+0000] {processor.py:183} INFO - Processing /home/airflow/.local/lib/python3.8/site-packages/airflow/example_dags/example_xcomargs.py took 0.085 seconds
[2024-05-30T00:02:48.568+0000] {processor.py:161} INFO - Started process (PID=3017) to work on /home/airflow/.local/lib/python3.8/site-packages/airflow/example_dags/example_xcomargs.py
[2024-05-30T00:02:48.571+0000] {processor.py:830} INFO - Processing file /home/airflow/.local/lib/python3.8/site-packages/airflow/example_dags/example_xcomargs.py for tasks to queue
[2024-05-30T00:02:48.574+0000] {logging_mixin.py:188} INFO - [2024-05-30T00:02:48.574+0000] {dagbag.py:538} INFO - Filling up the DagBag from /home/airflow/.local/lib/python3.8/site-packages/airflow/example_dags/example_xcomargs.py
[2024-05-30T00:02:48.587+0000] {processor.py:840} INFO - DAG(s) 'example_xcom_args_with_operators', 'example_xcom_args' retrieved from /home/airflow/.local/lib/python3.8/site-packages/airflow/example_dags/example_xcomargs.py
[2024-05-30T00:02:48.630+0000] {logging_mixin.py:188} INFO - [2024-05-30T00:02:48.629+0000] {dag.py:3036} INFO - Sync 2 DAGs
[2024-05-30T00:02:48.656+0000] {logging_mixin.py:188} INFO - [2024-05-30T00:02:48.656+0000] {dag.py:3823} INFO - Setting next_dagrun for example_xcom_args to None, run_after=None
[2024-05-30T00:02:48.661+0000] {logging_mixin.py:188} INFO - [2024-05-30T00:02:48.661+0000] {dag.py:3823} INFO - Setting next_dagrun for example_xcom_args_with_operators to None, run_after=None
[2024-05-30T00:02:48.693+0000] {processor.py:183} INFO - Processing /home/airflow/.local/lib/python3.8/site-packages/airflow/example_dags/example_xcomargs.py took 0.133 seconds
[2024-05-30T00:03:19.323+0000] {processor.py:161} INFO - Started process (PID=3076) to work on /home/airflow/.local/lib/python3.8/site-packages/airflow/example_dags/example_xcomargs.py
[2024-05-30T00:03:19.325+0000] {processor.py:830} INFO - Processing file /home/airflow/.local/lib/python3.8/site-packages/airflow/example_dags/example_xcomargs.py for tasks to queue
[2024-05-30T00:03:19.328+0000] {logging_mixin.py:188} INFO - [2024-05-30T00:03:19.327+0000] {dagbag.py:538} INFO - Filling up the DagBag from /home/airflow/.local/lib/python3.8/site-packages/airflow/example_dags/example_xcomargs.py
[2024-05-30T00:03:19.343+0000] {processor.py:840} INFO - DAG(s) 'example_xcom_args', 'example_xcom_args_with_operators' retrieved from /home/airflow/.local/lib/python3.8/site-packages/airflow/example_dags/example_xcomargs.py
[2024-05-30T00:03:19.382+0000] {logging_mixin.py:188} INFO - [2024-05-30T00:03:19.382+0000] {dag.py:3036} INFO - Sync 2 DAGs
[2024-05-30T00:03:19.402+0000] {logging_mixin.py:188} INFO - [2024-05-30T00:03:19.401+0000] {dag.py:3823} INFO - Setting next_dagrun for example_xcom_args to None, run_after=None
[2024-05-30T00:03:19.407+0000] {logging_mixin.py:188} INFO - [2024-05-30T00:03:19.407+0000] {dag.py:3823} INFO - Setting next_dagrun for example_xcom_args_with_operators to None, run_after=None
[2024-05-30T00:03:19.439+0000] {processor.py:183} INFO - Processing /home/airflow/.local/lib/python3.8/site-packages/airflow/example_dags/example_xcomargs.py took 0.122 seconds
[2024-05-30T00:03:50.431+0000] {processor.py:161} INFO - Started process (PID=3135) to work on /home/airflow/.local/lib/python3.8/site-packages/airflow/example_dags/example_xcomargs.py
[2024-05-30T00:03:50.432+0000] {processor.py:830} INFO - Processing file /home/airflow/.local/lib/python3.8/site-packages/airflow/example_dags/example_xcomargs.py for tasks to queue
[2024-05-30T00:03:50.434+0000] {logging_mixin.py:188} INFO - [2024-05-30T00:03:50.433+0000] {dagbag.py:538} INFO - Filling up the DagBag from /home/airflow/.local/lib/python3.8/site-packages/airflow/example_dags/example_xcomargs.py
[2024-05-30T00:03:50.443+0000] {processor.py:840} INFO - DAG(s) 'example_xcom_args_with_operators', 'example_xcom_args' retrieved from /home/airflow/.local/lib/python3.8/site-packages/airflow/example_dags/example_xcomargs.py
[2024-05-30T00:03:50.468+0000] {logging_mixin.py:188} INFO - [2024-05-30T00:03:50.467+0000] {dag.py:3036} INFO - Sync 2 DAGs
[2024-05-30T00:03:50.479+0000] {logging_mixin.py:188} INFO - [2024-05-30T00:03:50.479+0000] {dag.py:3823} INFO - Setting next_dagrun for example_xcom_args to None, run_after=None
[2024-05-30T00:03:50.484+0000] {logging_mixin.py:188} INFO - [2024-05-30T00:03:50.484+0000] {dag.py:3823} INFO - Setting next_dagrun for example_xcom_args_with_operators to None, run_after=None
[2024-05-30T00:03:50.504+0000] {processor.py:183} INFO - Processing /home/airflow/.local/lib/python3.8/site-packages/airflow/example_dags/example_xcomargs.py took 0.076 seconds
[2024-05-30T00:04:20.918+0000] {processor.py:161} INFO - Started process (PID=3194) to work on /home/airflow/.local/lib/python3.8/site-packages/airflow/example_dags/example_xcomargs.py
[2024-05-30T00:04:20.920+0000] {processor.py:830} INFO - Processing file /home/airflow/.local/lib/python3.8/site-packages/airflow/example_dags/example_xcomargs.py for tasks to queue
[2024-05-30T00:04:20.921+0000] {logging_mixin.py:188} INFO - [2024-05-30T00:04:20.921+0000] {dagbag.py:538} INFO - Filling up the DagBag from /home/airflow/.local/lib/python3.8/site-packages/airflow/example_dags/example_xcomargs.py
[2024-05-30T00:04:20.930+0000] {processor.py:840} INFO - DAG(s) 'example_xcom_args_with_operators', 'example_xcom_args' retrieved from /home/airflow/.local/lib/python3.8/site-packages/airflow/example_dags/example_xcomargs.py
[2024-05-30T00:04:20.957+0000] {logging_mixin.py:188} INFO - [2024-05-30T00:04:20.956+0000] {dag.py:3036} INFO - Sync 2 DAGs
[2024-05-30T00:04:20.969+0000] {logging_mixin.py:188} INFO - [2024-05-30T00:04:20.969+0000] {dag.py:3823} INFO - Setting next_dagrun for example_xcom_args to None, run_after=None
[2024-05-30T00:04:20.974+0000] {logging_mixin.py:188} INFO - [2024-05-30T00:04:20.974+0000] {dag.py:3823} INFO - Setting next_dagrun for example_xcom_args_with_operators to None, run_after=None
[2024-05-30T00:04:20.994+0000] {processor.py:183} INFO - Processing /home/airflow/.local/lib/python3.8/site-packages/airflow/example_dags/example_xcomargs.py took 0.079 seconds
[2024-05-30T00:04:51.754+0000] {processor.py:161} INFO - Started process (PID=3253) to work on /home/airflow/.local/lib/python3.8/site-packages/airflow/example_dags/example_xcomargs.py
[2024-05-30T00:04:51.756+0000] {processor.py:830} INFO - Processing file /home/airflow/.local/lib/python3.8/site-packages/airflow/example_dags/example_xcomargs.py for tasks to queue
[2024-05-30T00:04:51.757+0000] {logging_mixin.py:188} INFO - [2024-05-30T00:04:51.757+0000] {dagbag.py:538} INFO - Filling up the DagBag from /home/airflow/.local/lib/python3.8/site-packages/airflow/example_dags/example_xcomargs.py
[2024-05-30T00:04:51.765+0000] {processor.py:840} INFO - DAG(s) 'example_xcom_args_with_operators', 'example_xcom_args' retrieved from /home/airflow/.local/lib/python3.8/site-packages/airflow/example_dags/example_xcomargs.py
[2024-05-30T00:04:51.791+0000] {logging_mixin.py:188} INFO - [2024-05-30T00:04:51.791+0000] {dag.py:3036} INFO - Sync 2 DAGs
[2024-05-30T00:04:51.803+0000] {logging_mixin.py:188} INFO - [2024-05-30T00:04:51.803+0000] {dag.py:3823} INFO - Setting next_dagrun for example_xcom_args to None, run_after=None
[2024-05-30T00:04:51.807+0000] {logging_mixin.py:188} INFO - [2024-05-30T00:04:51.807+0000] {dag.py:3823} INFO - Setting next_dagrun for example_xcom_args_with_operators to None, run_after=None
[2024-05-30T00:04:51.828+0000] {processor.py:183} INFO - Processing /home/airflow/.local/lib/python3.8/site-packages/airflow/example_dags/example_xcomargs.py took 0.077 seconds
[2024-05-30T00:05:22.404+0000] {processor.py:161} INFO - Started process (PID=3312) to work on /home/airflow/.local/lib/python3.8/site-packages/airflow/example_dags/example_xcomargs.py
[2024-05-30T00:05:22.405+0000] {processor.py:830} INFO - Processing file /home/airflow/.local/lib/python3.8/site-packages/airflow/example_dags/example_xcomargs.py for tasks to queue
[2024-05-30T00:05:22.407+0000] {logging_mixin.py:188} INFO - [2024-05-30T00:05:22.406+0000] {dagbag.py:538} INFO - Filling up the DagBag from /home/airflow/.local/lib/python3.8/site-packages/airflow/example_dags/example_xcomargs.py
[2024-05-30T00:05:22.415+0000] {processor.py:840} INFO - DAG(s) 'example_xcom_args_with_operators', 'example_xcom_args' retrieved from /home/airflow/.local/lib/python3.8/site-packages/airflow/example_dags/example_xcomargs.py
[2024-05-30T00:05:22.438+0000] {logging_mixin.py:188} INFO - [2024-05-30T00:05:22.437+0000] {dag.py:3036} INFO - Sync 2 DAGs
[2024-05-30T00:05:22.450+0000] {logging_mixin.py:188} INFO - [2024-05-30T00:05:22.449+0000] {dag.py:3823} INFO - Setting next_dagrun for example_xcom_args to None, run_after=None
[2024-05-30T00:05:22.454+0000] {logging_mixin.py:188} INFO - [2024-05-30T00:05:22.454+0000] {dag.py:3823} INFO - Setting next_dagrun for example_xcom_args_with_operators to None, run_after=None
[2024-05-30T00:05:22.473+0000] {processor.py:183} INFO - Processing /home/airflow/.local/lib/python3.8/site-packages/airflow/example_dags/example_xcomargs.py took 0.072 seconds
[2024-05-30T00:05:53.498+0000] {processor.py:161} INFO - Started process (PID=3371) to work on /home/airflow/.local/lib/python3.8/site-packages/airflow/example_dags/example_xcomargs.py
[2024-05-30T00:05:53.499+0000] {processor.py:830} INFO - Processing file /home/airflow/.local/lib/python3.8/site-packages/airflow/example_dags/example_xcomargs.py for tasks to queue
[2024-05-30T00:05:53.500+0000] {logging_mixin.py:188} INFO - [2024-05-30T00:05:53.500+0000] {dagbag.py:538} INFO - Filling up the DagBag from /home/airflow/.local/lib/python3.8/site-packages/airflow/example_dags/example_xcomargs.py
[2024-05-30T00:05:53.509+0000] {processor.py:840} INFO - DAG(s) 'example_xcom_args', 'example_xcom_args_with_operators' retrieved from /home/airflow/.local/lib/python3.8/site-packages/airflow/example_dags/example_xcomargs.py
[2024-05-30T00:05:53.658+0000] {logging_mixin.py:188} INFO - [2024-05-30T00:05:53.658+0000] {dag.py:3036} INFO - Sync 2 DAGs
[2024-05-30T00:05:53.669+0000] {logging_mixin.py:188} INFO - [2024-05-30T00:05:53.669+0000] {dag.py:3823} INFO - Setting next_dagrun for example_xcom_args to None, run_after=None
[2024-05-30T00:05:53.673+0000] {logging_mixin.py:188} INFO - [2024-05-30T00:05:53.673+0000] {dag.py:3823} INFO - Setting next_dagrun for example_xcom_args_with_operators to None, run_after=None
[2024-05-30T00:05:53.692+0000] {processor.py:183} INFO - Processing /home/airflow/.local/lib/python3.8/site-packages/airflow/example_dags/example_xcomargs.py took 0.197 seconds
[2024-05-30T00:06:24.650+0000] {processor.py:161} INFO - Started process (PID=3430) to work on /home/airflow/.local/lib/python3.8/site-packages/airflow/example_dags/example_xcomargs.py
[2024-05-30T00:06:24.651+0000] {processor.py:830} INFO - Processing file /home/airflow/.local/lib/python3.8/site-packages/airflow/example_dags/example_xcomargs.py for tasks to queue
[2024-05-30T00:06:24.652+0000] {logging_mixin.py:188} INFO - [2024-05-30T00:06:24.652+0000] {dagbag.py:538} INFO - Filling up the DagBag from /home/airflow/.local/lib/python3.8/site-packages/airflow/example_dags/example_xcomargs.py
[2024-05-30T00:06:24.660+0000] {processor.py:840} INFO - DAG(s) 'example_xcom_args_with_operators', 'example_xcom_args' retrieved from /home/airflow/.local/lib/python3.8/site-packages/airflow/example_dags/example_xcomargs.py
[2024-05-30T00:06:24.686+0000] {logging_mixin.py:188} INFO - [2024-05-30T00:06:24.685+0000] {dag.py:3036} INFO - Sync 2 DAGs
[2024-05-30T00:06:24.814+0000] {logging_mixin.py:188} INFO - [2024-05-30T00:06:24.814+0000] {dag.py:3823} INFO - Setting next_dagrun for example_xcom_args to None, run_after=None
[2024-05-30T00:06:24.819+0000] {logging_mixin.py:188} INFO - [2024-05-30T00:06:24.818+0000] {dag.py:3823} INFO - Setting next_dagrun for example_xcom_args_with_operators to None, run_after=None
[2024-05-30T00:06:24.837+0000] {processor.py:183} INFO - Processing /home/airflow/.local/lib/python3.8/site-packages/airflow/example_dags/example_xcomargs.py took 0.192 seconds
[2024-05-30T00:06:55.599+0000] {processor.py:161} INFO - Started process (PID=3489) to work on /home/airflow/.local/lib/python3.8/site-packages/airflow/example_dags/example_xcomargs.py
[2024-05-30T00:06:55.600+0000] {processor.py:830} INFO - Processing file /home/airflow/.local/lib/python3.8/site-packages/airflow/example_dags/example_xcomargs.py for tasks to queue
[2024-05-30T00:06:55.601+0000] {logging_mixin.py:188} INFO - [2024-05-30T00:06:55.601+0000] {dagbag.py:538} INFO - Filling up the DagBag from /home/airflow/.local/lib/python3.8/site-packages/airflow/example_dags/example_xcomargs.py
[2024-05-30T00:06:55.610+0000] {processor.py:840} INFO - DAG(s) 'example_xcom_args_with_operators', 'example_xcom_args' retrieved from /home/airflow/.local/lib/python3.8/site-packages/airflow/example_dags/example_xcomargs.py
[2024-05-30T00:06:55.634+0000] {logging_mixin.py:188} INFO - [2024-05-30T00:06:55.633+0000] {dag.py:3036} INFO - Sync 2 DAGs
[2024-05-30T00:06:55.646+0000] {logging_mixin.py:188} INFO - [2024-05-30T00:06:55.646+0000] {dag.py:3823} INFO - Setting next_dagrun for example_xcom_args to None, run_after=None
[2024-05-30T00:06:55.650+0000] {logging_mixin.py:188} INFO - [2024-05-30T00:06:55.650+0000] {dag.py:3823} INFO - Setting next_dagrun for example_xcom_args_with_operators to None, run_after=None
[2024-05-30T00:06:55.668+0000] {processor.py:183} INFO - Processing /home/airflow/.local/lib/python3.8/site-packages/airflow/example_dags/example_xcomargs.py took 0.072 seconds
[2024-05-30T00:07:26.427+0000] {processor.py:161} INFO - Started process (PID=3548) to work on /home/airflow/.local/lib/python3.8/site-packages/airflow/example_dags/example_xcomargs.py
[2024-05-30T00:07:26.429+0000] {processor.py:830} INFO - Processing file /home/airflow/.local/lib/python3.8/site-packages/airflow/example_dags/example_xcomargs.py for tasks to queue
[2024-05-30T00:07:26.431+0000] {logging_mixin.py:188} INFO - [2024-05-30T00:07:26.431+0000] {dagbag.py:538} INFO - Filling up the DagBag from /home/airflow/.local/lib/python3.8/site-packages/airflow/example_dags/example_xcomargs.py
[2024-05-30T00:07:26.444+0000] {processor.py:840} INFO - DAG(s) 'example_xcom_args_with_operators', 'example_xcom_args' retrieved from /home/airflow/.local/lib/python3.8/site-packages/airflow/example_dags/example_xcomargs.py
[2024-05-30T00:07:26.477+0000] {logging_mixin.py:188} INFO - [2024-05-30T00:07:26.476+0000] {dag.py:3036} INFO - Sync 2 DAGs
[2024-05-30T00:07:26.495+0000] {logging_mixin.py:188} INFO - [2024-05-30T00:07:26.495+0000] {dag.py:3823} INFO - Setting next_dagrun for example_xcom_args to None, run_after=None
[2024-05-30T00:07:26.501+0000] {logging_mixin.py:188} INFO - [2024-05-30T00:07:26.500+0000] {dag.py:3823} INFO - Setting next_dagrun for example_xcom_args_with_operators to None, run_after=None
[2024-05-30T00:07:26.529+0000] {processor.py:183} INFO - Processing /home/airflow/.local/lib/python3.8/site-packages/airflow/example_dags/example_xcomargs.py took 0.108 seconds
[2024-05-30T00:07:56.745+0000] {processor.py:161} INFO - Started process (PID=3607) to work on /home/airflow/.local/lib/python3.8/site-packages/airflow/example_dags/example_xcomargs.py
[2024-05-30T00:07:56.746+0000] {processor.py:830} INFO - Processing file /home/airflow/.local/lib/python3.8/site-packages/airflow/example_dags/example_xcomargs.py for tasks to queue
[2024-05-30T00:07:56.747+0000] {logging_mixin.py:188} INFO - [2024-05-30T00:07:56.747+0000] {dagbag.py:538} INFO - Filling up the DagBag from /home/airflow/.local/lib/python3.8/site-packages/airflow/example_dags/example_xcomargs.py
[2024-05-30T00:07:56.759+0000] {processor.py:840} INFO - DAG(s) 'example_xcom_args_with_operators', 'example_xcom_args' retrieved from /home/airflow/.local/lib/python3.8/site-packages/airflow/example_dags/example_xcomargs.py
[2024-05-30T00:07:56.793+0000] {logging_mixin.py:188} INFO - [2024-05-30T00:07:56.793+0000] {dag.py:3036} INFO - Sync 2 DAGs
[2024-05-30T00:07:56.807+0000] {logging_mixin.py:188} INFO - [2024-05-30T00:07:56.807+0000] {dag.py:3823} INFO - Setting next_dagrun for example_xcom_args to None, run_after=None
[2024-05-30T00:07:56.812+0000] {logging_mixin.py:188} INFO - [2024-05-30T00:07:56.812+0000] {dag.py:3823} INFO - Setting next_dagrun for example_xcom_args_with_operators to None, run_after=None
[2024-05-30T00:07:56.835+0000] {processor.py:183} INFO - Processing /home/airflow/.local/lib/python3.8/site-packages/airflow/example_dags/example_xcomargs.py took 0.093 seconds
[2024-05-30T00:08:27.264+0000] {processor.py:161} INFO - Started process (PID=3664) to work on /home/airflow/.local/lib/python3.8/site-packages/airflow/example_dags/example_xcomargs.py
[2024-05-30T00:08:27.266+0000] {processor.py:830} INFO - Processing file /home/airflow/.local/lib/python3.8/site-packages/airflow/example_dags/example_xcomargs.py for tasks to queue
[2024-05-30T00:08:27.268+0000] {logging_mixin.py:188} INFO - [2024-05-30T00:08:27.268+0000] {dagbag.py:538} INFO - Filling up the DagBag from /home/airflow/.local/lib/python3.8/site-packages/airflow/example_dags/example_xcomargs.py
[2024-05-30T00:08:27.283+0000] {processor.py:840} INFO - DAG(s) 'example_xcom_args', 'example_xcom_args_with_operators' retrieved from /home/airflow/.local/lib/python3.8/site-packages/airflow/example_dags/example_xcomargs.py
[2024-05-30T00:08:27.323+0000] {logging_mixin.py:188} INFO - [2024-05-30T00:08:27.322+0000] {dag.py:3036} INFO - Sync 2 DAGs
[2024-05-30T00:08:27.335+0000] {logging_mixin.py:188} INFO - [2024-05-30T00:08:27.335+0000] {dag.py:3823} INFO - Setting next_dagrun for example_xcom_args to None, run_after=None
[2024-05-30T00:08:27.339+0000] {logging_mixin.py:188} INFO - [2024-05-30T00:08:27.339+0000] {dag.py:3823} INFO - Setting next_dagrun for example_xcom_args_with_operators to None, run_after=None
[2024-05-30T00:08:27.358+0000] {processor.py:183} INFO - Processing /home/airflow/.local/lib/python3.8/site-packages/airflow/example_dags/example_xcomargs.py took 0.098 seconds
[2024-05-30T00:08:58.143+0000] {processor.py:161} INFO - Started process (PID=3723) to work on /home/airflow/.local/lib/python3.8/site-packages/airflow/example_dags/example_xcomargs.py
[2024-05-30T00:08:58.144+0000] {processor.py:830} INFO - Processing file /home/airflow/.local/lib/python3.8/site-packages/airflow/example_dags/example_xcomargs.py for tasks to queue
[2024-05-30T00:08:58.145+0000] {logging_mixin.py:188} INFO - [2024-05-30T00:08:58.145+0000] {dagbag.py:538} INFO - Filling up the DagBag from /home/airflow/.local/lib/python3.8/site-packages/airflow/example_dags/example_xcomargs.py
[2024-05-30T00:08:58.155+0000] {processor.py:840} INFO - DAG(s) 'example_xcom_args', 'example_xcom_args_with_operators' retrieved from /home/airflow/.local/lib/python3.8/site-packages/airflow/example_dags/example_xcomargs.py
[2024-05-30T00:08:58.185+0000] {logging_mixin.py:188} INFO - [2024-05-30T00:08:58.185+0000] {dag.py:3036} INFO - Sync 2 DAGs
[2024-05-30T00:08:58.200+0000] {logging_mixin.py:188} INFO - [2024-05-30T00:08:58.199+0000] {dag.py:3823} INFO - Setting next_dagrun for example_xcom_args to None, run_after=None
[2024-05-30T00:08:58.204+0000] {logging_mixin.py:188} INFO - [2024-05-30T00:08:58.204+0000] {dag.py:3823} INFO - Setting next_dagrun for example_xcom_args_with_operators to None, run_after=None
[2024-05-30T00:08:58.224+0000] {processor.py:183} INFO - Processing /home/airflow/.local/lib/python3.8/site-packages/airflow/example_dags/example_xcomargs.py took 0.085 seconds
[2024-05-30T00:09:29.098+0000] {processor.py:161} INFO - Started process (PID=3782) to work on /home/airflow/.local/lib/python3.8/site-packages/airflow/example_dags/example_xcomargs.py
[2024-05-30T00:09:29.099+0000] {processor.py:830} INFO - Processing file /home/airflow/.local/lib/python3.8/site-packages/airflow/example_dags/example_xcomargs.py for tasks to queue
[2024-05-30T00:09:29.100+0000] {logging_mixin.py:188} INFO - [2024-05-30T00:09:29.100+0000] {dagbag.py:538} INFO - Filling up the DagBag from /home/airflow/.local/lib/python3.8/site-packages/airflow/example_dags/example_xcomargs.py
[2024-05-30T00:09:29.108+0000] {processor.py:840} INFO - DAG(s) 'example_xcom_args', 'example_xcom_args_with_operators' retrieved from /home/airflow/.local/lib/python3.8/site-packages/airflow/example_dags/example_xcomargs.py
[2024-05-30T00:09:29.132+0000] {logging_mixin.py:188} INFO - [2024-05-30T00:09:29.132+0000] {dag.py:3036} INFO - Sync 2 DAGs
[2024-05-30T00:09:29.145+0000] {logging_mixin.py:188} INFO - [2024-05-30T00:09:29.144+0000] {dag.py:3823} INFO - Setting next_dagrun for example_xcom_args to None, run_after=None
[2024-05-30T00:09:29.149+0000] {logging_mixin.py:188} INFO - [2024-05-30T00:09:29.148+0000] {dag.py:3823} INFO - Setting next_dagrun for example_xcom_args_with_operators to None, run_after=None
[2024-05-30T00:09:29.169+0000] {processor.py:183} INFO - Processing /home/airflow/.local/lib/python3.8/site-packages/airflow/example_dags/example_xcomargs.py took 0.075 seconds
[2024-05-30T00:09:59.366+0000] {processor.py:161} INFO - Started process (PID=3841) to work on /home/airflow/.local/lib/python3.8/site-packages/airflow/example_dags/example_xcomargs.py
[2024-05-30T00:09:59.367+0000] {processor.py:830} INFO - Processing file /home/airflow/.local/lib/python3.8/site-packages/airflow/example_dags/example_xcomargs.py for tasks to queue
[2024-05-30T00:09:59.368+0000] {logging_mixin.py:188} INFO - [2024-05-30T00:09:59.368+0000] {dagbag.py:538} INFO - Filling up the DagBag from /home/airflow/.local/lib/python3.8/site-packages/airflow/example_dags/example_xcomargs.py
[2024-05-30T00:09:59.377+0000] {processor.py:840} INFO - DAG(s) 'example_xcom_args', 'example_xcom_args_with_operators' retrieved from /home/airflow/.local/lib/python3.8/site-packages/airflow/example_dags/example_xcomargs.py
[2024-05-30T00:09:59.403+0000] {logging_mixin.py:188} INFO - [2024-05-30T00:09:59.403+0000] {dag.py:3036} INFO - Sync 2 DAGs
[2024-05-30T00:09:59.416+0000] {logging_mixin.py:188} INFO - [2024-05-30T00:09:59.416+0000] {dag.py:3823} INFO - Setting next_dagrun for example_xcom_args to None, run_after=None
[2024-05-30T00:09:59.421+0000] {logging_mixin.py:188} INFO - [2024-05-30T00:09:59.421+0000] {dag.py:3823} INFO - Setting next_dagrun for example_xcom_args_with_operators to None, run_after=None
[2024-05-30T00:09:59.443+0000] {processor.py:183} INFO - Processing /home/airflow/.local/lib/python3.8/site-packages/airflow/example_dags/example_xcomargs.py took 0.080 seconds
[2024-05-30T00:10:29.866+0000] {processor.py:161} INFO - Started process (PID=3899) to work on /home/airflow/.local/lib/python3.8/site-packages/airflow/example_dags/example_xcomargs.py
[2024-05-30T00:10:29.867+0000] {processor.py:830} INFO - Processing file /home/airflow/.local/lib/python3.8/site-packages/airflow/example_dags/example_xcomargs.py for tasks to queue
[2024-05-30T00:10:29.868+0000] {logging_mixin.py:188} INFO - [2024-05-30T00:10:29.868+0000] {dagbag.py:538} INFO - Filling up the DagBag from /home/airflow/.local/lib/python3.8/site-packages/airflow/example_dags/example_xcomargs.py
[2024-05-30T00:10:29.877+0000] {processor.py:840} INFO - DAG(s) 'example_xcom_args', 'example_xcom_args_with_operators' retrieved from /home/airflow/.local/lib/python3.8/site-packages/airflow/example_dags/example_xcomargs.py
[2024-05-30T00:10:29.902+0000] {logging_mixin.py:188} INFO - [2024-05-30T00:10:29.901+0000] {dag.py:3036} INFO - Sync 2 DAGs
[2024-05-30T00:10:29.914+0000] {logging_mixin.py:188} INFO - [2024-05-30T00:10:29.914+0000] {dag.py:3823} INFO - Setting next_dagrun for example_xcom_args to None, run_after=None
[2024-05-30T00:10:29.918+0000] {logging_mixin.py:188} INFO - [2024-05-30T00:10:29.918+0000] {dag.py:3823} INFO - Setting next_dagrun for example_xcom_args_with_operators to None, run_after=None
[2024-05-30T00:10:29.937+0000] {processor.py:183} INFO - Processing /home/airflow/.local/lib/python3.8/site-packages/airflow/example_dags/example_xcomargs.py took 0.074 seconds
[2024-05-30T00:11:00.851+0000] {processor.py:161} INFO - Started process (PID=3959) to work on /home/airflow/.local/lib/python3.8/site-packages/airflow/example_dags/example_xcomargs.py
[2024-05-30T00:11:00.852+0000] {processor.py:830} INFO - Processing file /home/airflow/.local/lib/python3.8/site-packages/airflow/example_dags/example_xcomargs.py for tasks to queue
[2024-05-30T00:11:00.853+0000] {logging_mixin.py:188} INFO - [2024-05-30T00:11:00.853+0000] {dagbag.py:538} INFO - Filling up the DagBag from /home/airflow/.local/lib/python3.8/site-packages/airflow/example_dags/example_xcomargs.py
[2024-05-30T00:11:00.863+0000] {processor.py:840} INFO - DAG(s) 'example_xcom_args', 'example_xcom_args_with_operators' retrieved from /home/airflow/.local/lib/python3.8/site-packages/airflow/example_dags/example_xcomargs.py
[2024-05-30T00:11:00.889+0000] {logging_mixin.py:188} INFO - [2024-05-30T00:11:00.889+0000] {dag.py:3036} INFO - Sync 2 DAGs
[2024-05-30T00:11:00.904+0000] {logging_mixin.py:188} INFO - [2024-05-30T00:11:00.903+0000] {dag.py:3823} INFO - Setting next_dagrun for example_xcom_args to None, run_after=None
[2024-05-30T00:11:00.908+0000] {logging_mixin.py:188} INFO - [2024-05-30T00:11:00.908+0000] {dag.py:3823} INFO - Setting next_dagrun for example_xcom_args_with_operators to None, run_after=None
[2024-05-30T00:11:00.928+0000] {processor.py:183} INFO - Processing /home/airflow/.local/lib/python3.8/site-packages/airflow/example_dags/example_xcomargs.py took 0.080 seconds
[2024-05-30T00:11:30.983+0000] {processor.py:161} INFO - Started process (PID=4016) to work on /home/airflow/.local/lib/python3.8/site-packages/airflow/example_dags/example_xcomargs.py
[2024-05-30T00:11:30.983+0000] {processor.py:830} INFO - Processing file /home/airflow/.local/lib/python3.8/site-packages/airflow/example_dags/example_xcomargs.py for tasks to queue
[2024-05-30T00:11:30.985+0000] {logging_mixin.py:188} INFO - [2024-05-30T00:11:30.984+0000] {dagbag.py:538} INFO - Filling up the DagBag from /home/airflow/.local/lib/python3.8/site-packages/airflow/example_dags/example_xcomargs.py
[2024-05-30T00:11:30.993+0000] {processor.py:840} INFO - DAG(s) 'example_xcom_args', 'example_xcom_args_with_operators' retrieved from /home/airflow/.local/lib/python3.8/site-packages/airflow/example_dags/example_xcomargs.py
[2024-05-30T00:11:31.016+0000] {logging_mixin.py:188} INFO - [2024-05-30T00:11:31.015+0000] {dag.py:3036} INFO - Sync 2 DAGs
[2024-05-30T00:11:31.027+0000] {logging_mixin.py:188} INFO - [2024-05-30T00:11:31.027+0000] {dag.py:3823} INFO - Setting next_dagrun for example_xcom_args to None, run_after=None
[2024-05-30T00:11:31.032+0000] {logging_mixin.py:188} INFO - [2024-05-30T00:11:31.032+0000] {dag.py:3823} INFO - Setting next_dagrun for example_xcom_args_with_operators to None, run_after=None
[2024-05-30T00:11:31.050+0000] {processor.py:183} INFO - Processing /home/airflow/.local/lib/python3.8/site-packages/airflow/example_dags/example_xcomargs.py took 0.071 seconds
[2024-05-30T00:12:02.040+0000] {processor.py:161} INFO - Started process (PID=4077) to work on /home/airflow/.local/lib/python3.8/site-packages/airflow/example_dags/example_xcomargs.py
[2024-05-30T00:12:02.041+0000] {processor.py:830} INFO - Processing file /home/airflow/.local/lib/python3.8/site-packages/airflow/example_dags/example_xcomargs.py for tasks to queue
[2024-05-30T00:12:02.042+0000] {logging_mixin.py:188} INFO - [2024-05-30T00:12:02.042+0000] {dagbag.py:538} INFO - Filling up the DagBag from /home/airflow/.local/lib/python3.8/site-packages/airflow/example_dags/example_xcomargs.py
[2024-05-30T00:12:02.050+0000] {processor.py:840} INFO - DAG(s) 'example_xcom_args_with_operators', 'example_xcom_args' retrieved from /home/airflow/.local/lib/python3.8/site-packages/airflow/example_dags/example_xcomargs.py
[2024-05-30T00:12:02.075+0000] {logging_mixin.py:188} INFO - [2024-05-30T00:12:02.075+0000] {dag.py:3036} INFO - Sync 2 DAGs
[2024-05-30T00:12:02.088+0000] {logging_mixin.py:188} INFO - [2024-05-30T00:12:02.087+0000] {dag.py:3823} INFO - Setting next_dagrun for example_xcom_args to None, run_after=None
[2024-05-30T00:12:02.091+0000] {logging_mixin.py:188} INFO - [2024-05-30T00:12:02.091+0000] {dag.py:3823} INFO - Setting next_dagrun for example_xcom_args_with_operators to None, run_after=None
[2024-05-30T00:12:02.110+0000] {processor.py:183} INFO - Processing /home/airflow/.local/lib/python3.8/site-packages/airflow/example_dags/example_xcomargs.py took 0.073 seconds
[2024-05-30T00:12:32.772+0000] {processor.py:161} INFO - Started process (PID=4136) to work on /home/airflow/.local/lib/python3.8/site-packages/airflow/example_dags/example_xcomargs.py
[2024-05-30T00:12:32.773+0000] {processor.py:830} INFO - Processing file /home/airflow/.local/lib/python3.8/site-packages/airflow/example_dags/example_xcomargs.py for tasks to queue
[2024-05-30T00:12:32.774+0000] {logging_mixin.py:188} INFO - [2024-05-30T00:12:32.774+0000] {dagbag.py:538} INFO - Filling up the DagBag from /home/airflow/.local/lib/python3.8/site-packages/airflow/example_dags/example_xcomargs.py
[2024-05-30T00:12:32.782+0000] {processor.py:840} INFO - DAG(s) 'example_xcom_args', 'example_xcom_args_with_operators' retrieved from /home/airflow/.local/lib/python3.8/site-packages/airflow/example_dags/example_xcomargs.py
[2024-05-30T00:12:32.810+0000] {logging_mixin.py:188} INFO - [2024-05-30T00:12:32.810+0000] {dag.py:3036} INFO - Sync 2 DAGs
[2024-05-30T00:12:32.823+0000] {logging_mixin.py:188} INFO - [2024-05-30T00:12:32.823+0000] {dag.py:3823} INFO - Setting next_dagrun for example_xcom_args to None, run_after=None
[2024-05-30T00:12:32.827+0000] {logging_mixin.py:188} INFO - [2024-05-30T00:12:32.827+0000] {dag.py:3823} INFO - Setting next_dagrun for example_xcom_args_with_operators to None, run_after=None
[2024-05-30T00:12:32.847+0000] {processor.py:183} INFO - Processing /home/airflow/.local/lib/python3.8/site-packages/airflow/example_dags/example_xcomargs.py took 0.079 seconds
[2024-05-30T00:13:03.447+0000] {processor.py:161} INFO - Started process (PID=4194) to work on /home/airflow/.local/lib/python3.8/site-packages/airflow/example_dags/example_xcomargs.py
[2024-05-30T00:13:03.448+0000] {processor.py:830} INFO - Processing file /home/airflow/.local/lib/python3.8/site-packages/airflow/example_dags/example_xcomargs.py for tasks to queue
[2024-05-30T00:13:03.449+0000] {logging_mixin.py:188} INFO - [2024-05-30T00:13:03.449+0000] {dagbag.py:538} INFO - Filling up the DagBag from /home/airflow/.local/lib/python3.8/site-packages/airflow/example_dags/example_xcomargs.py
[2024-05-30T00:13:03.458+0000] {processor.py:840} INFO - DAG(s) 'example_xcom_args_with_operators', 'example_xcom_args' retrieved from /home/airflow/.local/lib/python3.8/site-packages/airflow/example_dags/example_xcomargs.py
[2024-05-30T00:13:03.483+0000] {logging_mixin.py:188} INFO - [2024-05-30T00:13:03.483+0000] {dag.py:3036} INFO - Sync 2 DAGs
[2024-05-30T00:13:03.495+0000] {logging_mixin.py:188} INFO - [2024-05-30T00:13:03.495+0000] {dag.py:3823} INFO - Setting next_dagrun for example_xcom_args to None, run_after=None
[2024-05-30T00:13:03.499+0000] {logging_mixin.py:188} INFO - [2024-05-30T00:13:03.499+0000] {dag.py:3823} INFO - Setting next_dagrun for example_xcom_args_with_operators to None, run_after=None
[2024-05-30T00:13:03.519+0000] {processor.py:183} INFO - Processing /home/airflow/.local/lib/python3.8/site-packages/airflow/example_dags/example_xcomargs.py took 0.075 seconds
[2024-05-30T00:13:34.132+0000] {processor.py:161} INFO - Started process (PID=4253) to work on /home/airflow/.local/lib/python3.8/site-packages/airflow/example_dags/example_xcomargs.py
[2024-05-30T00:13:34.133+0000] {processor.py:830} INFO - Processing file /home/airflow/.local/lib/python3.8/site-packages/airflow/example_dags/example_xcomargs.py for tasks to queue
[2024-05-30T00:13:34.134+0000] {logging_mixin.py:188} INFO - [2024-05-30T00:13:34.134+0000] {dagbag.py:538} INFO - Filling up the DagBag from /home/airflow/.local/lib/python3.8/site-packages/airflow/example_dags/example_xcomargs.py
[2024-05-30T00:13:34.143+0000] {processor.py:840} INFO - DAG(s) 'example_xcom_args_with_operators', 'example_xcom_args' retrieved from /home/airflow/.local/lib/python3.8/site-packages/airflow/example_dags/example_xcomargs.py
[2024-05-30T00:13:34.169+0000] {logging_mixin.py:188} INFO - [2024-05-30T00:13:34.169+0000] {dag.py:3036} INFO - Sync 2 DAGs
[2024-05-30T00:13:34.181+0000] {logging_mixin.py:188} INFO - [2024-05-30T00:13:34.181+0000] {dag.py:3823} INFO - Setting next_dagrun for example_xcom_args to None, run_after=None
[2024-05-30T00:13:34.185+0000] {logging_mixin.py:188} INFO - [2024-05-30T00:13:34.185+0000] {dag.py:3823} INFO - Setting next_dagrun for example_xcom_args_with_operators to None, run_after=None
[2024-05-30T00:13:34.206+0000] {processor.py:183} INFO - Processing /home/airflow/.local/lib/python3.8/site-packages/airflow/example_dags/example_xcomargs.py took 0.078 seconds
[2024-05-30T00:14:04.828+0000] {processor.py:161} INFO - Started process (PID=4312) to work on /home/airflow/.local/lib/python3.8/site-packages/airflow/example_dags/example_xcomargs.py
[2024-05-30T00:14:04.831+0000] {processor.py:830} INFO - Processing file /home/airflow/.local/lib/python3.8/site-packages/airflow/example_dags/example_xcomargs.py for tasks to queue
[2024-05-30T00:14:04.833+0000] {logging_mixin.py:188} INFO - [2024-05-30T00:14:04.832+0000] {dagbag.py:538} INFO - Filling up the DagBag from /home/airflow/.local/lib/python3.8/site-packages/airflow/example_dags/example_xcomargs.py
[2024-05-30T00:14:04.843+0000] {processor.py:840} INFO - DAG(s) 'example_xcom_args_with_operators', 'example_xcom_args' retrieved from /home/airflow/.local/lib/python3.8/site-packages/airflow/example_dags/example_xcomargs.py
[2024-05-30T00:14:04.879+0000] {logging_mixin.py:188} INFO - [2024-05-30T00:14:04.879+0000] {dag.py:3036} INFO - Sync 2 DAGs
[2024-05-30T00:14:04.897+0000] {logging_mixin.py:188} INFO - [2024-05-30T00:14:04.897+0000] {dag.py:3823} INFO - Setting next_dagrun for example_xcom_args to None, run_after=None
[2024-05-30T00:14:04.904+0000] {logging_mixin.py:188} INFO - [2024-05-30T00:14:04.903+0000] {dag.py:3823} INFO - Setting next_dagrun for example_xcom_args_with_operators to None, run_after=None
[2024-05-30T00:14:04.932+0000] {processor.py:183} INFO - Processing /home/airflow/.local/lib/python3.8/site-packages/airflow/example_dags/example_xcomargs.py took 0.107 seconds
