[2024-05-30T00:00:14.532+0000] {processor.py:161} INFO - Started process (PID=2737) to work on /home/airflow/.local/lib/python3.8/site-packages/airflow/example_dags/example_kubernetes_executor.py
[2024-05-30T00:00:14.533+0000] {processor.py:830} INFO - Processing file /home/airflow/.local/lib/python3.8/site-packages/airflow/example_dags/example_kubernetes_executor.py for tasks to queue
[2024-05-30T00:00:14.535+0000] {logging_mixin.py:188} INFO - [2024-05-30T00:00:14.535+0000] {dagbag.py:538} INFO - Filling up the DagBag from /home/airflow/.local/lib/python3.8/site-packages/airflow/example_dags/example_kubernetes_executor.py
[2024-05-30T00:00:14.551+0000] {processor.py:840} INFO - DAG(s) 'example_kubernetes_executor' retrieved from /home/airflow/.local/lib/python3.8/site-packages/airflow/example_dags/example_kubernetes_executor.py
[2024-05-30T00:00:14.598+0000] {logging_mixin.py:188} INFO - [2024-05-30T00:00:14.597+0000] {dag.py:3036} INFO - Sync 1 DAGs
[2024-05-30T00:00:14.610+0000] {logging_mixin.py:188} INFO - [2024-05-30T00:00:14.610+0000] {dag.py:3823} INFO - Setting next_dagrun for example_kubernetes_executor to None, run_after=None
[2024-05-30T00:00:14.639+0000] {processor.py:183} INFO - Processing /home/airflow/.local/lib/python3.8/site-packages/airflow/example_dags/example_kubernetes_executor.py took 0.112 seconds
[2024-05-30T00:00:46.108+0000] {processor.py:161} INFO - Started process (PID=2796) to work on /home/airflow/.local/lib/python3.8/site-packages/airflow/example_dags/example_kubernetes_executor.py
[2024-05-30T00:00:46.110+0000] {processor.py:830} INFO - Processing file /home/airflow/.local/lib/python3.8/site-packages/airflow/example_dags/example_kubernetes_executor.py for tasks to queue
[2024-05-30T00:00:46.113+0000] {logging_mixin.py:188} INFO - [2024-05-30T00:00:46.112+0000] {dagbag.py:538} INFO - Filling up the DagBag from /home/airflow/.local/lib/python3.8/site-packages/airflow/example_dags/example_kubernetes_executor.py
[2024-05-30T00:00:46.131+0000] {processor.py:840} INFO - DAG(s) 'example_kubernetes_executor' retrieved from /home/airflow/.local/lib/python3.8/site-packages/airflow/example_dags/example_kubernetes_executor.py
[2024-05-30T00:00:46.205+0000] {logging_mixin.py:188} INFO - [2024-05-30T00:00:46.205+0000] {dag.py:3036} INFO - Sync 1 DAGs
[2024-05-30T00:00:46.228+0000] {logging_mixin.py:188} INFO - [2024-05-30T00:00:46.227+0000] {dag.py:3823} INFO - Setting next_dagrun for example_kubernetes_executor to None, run_after=None
[2024-05-30T00:00:46.259+0000] {processor.py:183} INFO - Processing /home/airflow/.local/lib/python3.8/site-packages/airflow/example_dags/example_kubernetes_executor.py took 0.156 seconds
[2024-05-30T00:01:16.694+0000] {processor.py:161} INFO - Started process (PID=2855) to work on /home/airflow/.local/lib/python3.8/site-packages/airflow/example_dags/example_kubernetes_executor.py
[2024-05-30T00:01:16.695+0000] {processor.py:830} INFO - Processing file /home/airflow/.local/lib/python3.8/site-packages/airflow/example_dags/example_kubernetes_executor.py for tasks to queue
[2024-05-30T00:01:16.696+0000] {logging_mixin.py:188} INFO - [2024-05-30T00:01:16.696+0000] {dagbag.py:538} INFO - Filling up the DagBag from /home/airflow/.local/lib/python3.8/site-packages/airflow/example_dags/example_kubernetes_executor.py
[2024-05-30T00:01:16.717+0000] {processor.py:840} INFO - DAG(s) 'example_kubernetes_executor' retrieved from /home/airflow/.local/lib/python3.8/site-packages/airflow/example_dags/example_kubernetes_executor.py
[2024-05-30T00:01:16.774+0000] {logging_mixin.py:188} INFO - [2024-05-30T00:01:16.774+0000] {dag.py:3036} INFO - Sync 1 DAGs
[2024-05-30T00:01:16.795+0000] {logging_mixin.py:188} INFO - [2024-05-30T00:01:16.794+0000] {dag.py:3823} INFO - Setting next_dagrun for example_kubernetes_executor to None, run_after=None
[2024-05-30T00:01:16.826+0000] {processor.py:183} INFO - Processing /home/airflow/.local/lib/python3.8/site-packages/airflow/example_dags/example_kubernetes_executor.py took 0.137 seconds
[2024-05-30T00:01:47.167+0000] {processor.py:161} INFO - Started process (PID=2914) to work on /home/airflow/.local/lib/python3.8/site-packages/airflow/example_dags/example_kubernetes_executor.py
[2024-05-30T00:01:47.168+0000] {processor.py:830} INFO - Processing file /home/airflow/.local/lib/python3.8/site-packages/airflow/example_dags/example_kubernetes_executor.py for tasks to queue
[2024-05-30T00:01:47.170+0000] {logging_mixin.py:188} INFO - [2024-05-30T00:01:47.170+0000] {dagbag.py:538} INFO - Filling up the DagBag from /home/airflow/.local/lib/python3.8/site-packages/airflow/example_dags/example_kubernetes_executor.py
[2024-05-30T00:01:47.188+0000] {processor.py:840} INFO - DAG(s) 'example_kubernetes_executor' retrieved from /home/airflow/.local/lib/python3.8/site-packages/airflow/example_dags/example_kubernetes_executor.py
[2024-05-30T00:01:47.238+0000] {logging_mixin.py:188} INFO - [2024-05-30T00:01:47.237+0000] {dag.py:3036} INFO - Sync 1 DAGs
[2024-05-30T00:01:47.252+0000] {logging_mixin.py:188} INFO - [2024-05-30T00:01:47.252+0000] {dag.py:3823} INFO - Setting next_dagrun for example_kubernetes_executor to None, run_after=None
[2024-05-30T00:01:47.281+0000] {processor.py:183} INFO - Processing /home/airflow/.local/lib/python3.8/site-packages/airflow/example_dags/example_kubernetes_executor.py took 0.118 seconds
[2024-05-30T00:02:18.198+0000] {processor.py:161} INFO - Started process (PID=2973) to work on /home/airflow/.local/lib/python3.8/site-packages/airflow/example_dags/example_kubernetes_executor.py
[2024-05-30T00:02:18.200+0000] {processor.py:830} INFO - Processing file /home/airflow/.local/lib/python3.8/site-packages/airflow/example_dags/example_kubernetes_executor.py for tasks to queue
[2024-05-30T00:02:18.202+0000] {logging_mixin.py:188} INFO - [2024-05-30T00:02:18.201+0000] {dagbag.py:538} INFO - Filling up the DagBag from /home/airflow/.local/lib/python3.8/site-packages/airflow/example_dags/example_kubernetes_executor.py
[2024-05-30T00:02:18.216+0000] {processor.py:840} INFO - DAG(s) 'example_kubernetes_executor' retrieved from /home/airflow/.local/lib/python3.8/site-packages/airflow/example_dags/example_kubernetes_executor.py
[2024-05-30T00:02:18.259+0000] {logging_mixin.py:188} INFO - [2024-05-30T00:02:18.258+0000] {dag.py:3036} INFO - Sync 1 DAGs
[2024-05-30T00:02:18.271+0000] {logging_mixin.py:188} INFO - [2024-05-30T00:02:18.270+0000] {dag.py:3823} INFO - Setting next_dagrun for example_kubernetes_executor to None, run_after=None
[2024-05-30T00:02:18.293+0000] {processor.py:183} INFO - Processing /home/airflow/.local/lib/python3.8/site-packages/airflow/example_dags/example_kubernetes_executor.py took 0.100 seconds
[2024-05-30T00:02:50.289+0000] {processor.py:161} INFO - Started process (PID=3032) to work on /home/airflow/.local/lib/python3.8/site-packages/airflow/example_dags/example_kubernetes_executor.py
[2024-05-30T00:02:50.290+0000] {processor.py:830} INFO - Processing file /home/airflow/.local/lib/python3.8/site-packages/airflow/example_dags/example_kubernetes_executor.py for tasks to queue
[2024-05-30T00:02:50.291+0000] {logging_mixin.py:188} INFO - [2024-05-30T00:02:50.291+0000] {dagbag.py:538} INFO - Filling up the DagBag from /home/airflow/.local/lib/python3.8/site-packages/airflow/example_dags/example_kubernetes_executor.py
[2024-05-30T00:02:50.305+0000] {processor.py:840} INFO - DAG(s) 'example_kubernetes_executor' retrieved from /home/airflow/.local/lib/python3.8/site-packages/airflow/example_dags/example_kubernetes_executor.py
[2024-05-30T00:02:50.346+0000] {logging_mixin.py:188} INFO - [2024-05-30T00:02:50.346+0000] {dag.py:3036} INFO - Sync 1 DAGs
[2024-05-30T00:02:50.361+0000] {logging_mixin.py:188} INFO - [2024-05-30T00:02:50.360+0000] {dag.py:3823} INFO - Setting next_dagrun for example_kubernetes_executor to None, run_after=None
[2024-05-30T00:02:50.384+0000] {processor.py:183} INFO - Processing /home/airflow/.local/lib/python3.8/site-packages/airflow/example_dags/example_kubernetes_executor.py took 0.098 seconds
[2024-05-30T00:03:20.525+0000] {processor.py:161} INFO - Started process (PID=3091) to work on /home/airflow/.local/lib/python3.8/site-packages/airflow/example_dags/example_kubernetes_executor.py
[2024-05-30T00:03:20.526+0000] {processor.py:830} INFO - Processing file /home/airflow/.local/lib/python3.8/site-packages/airflow/example_dags/example_kubernetes_executor.py for tasks to queue
[2024-05-30T00:03:20.527+0000] {logging_mixin.py:188} INFO - [2024-05-30T00:03:20.527+0000] {dagbag.py:538} INFO - Filling up the DagBag from /home/airflow/.local/lib/python3.8/site-packages/airflow/example_dags/example_kubernetes_executor.py
[2024-05-30T00:03:20.540+0000] {processor.py:840} INFO - DAG(s) 'example_kubernetes_executor' retrieved from /home/airflow/.local/lib/python3.8/site-packages/airflow/example_dags/example_kubernetes_executor.py
[2024-05-30T00:03:20.575+0000] {logging_mixin.py:188} INFO - [2024-05-30T00:03:20.575+0000] {dag.py:3036} INFO - Sync 1 DAGs
[2024-05-30T00:03:20.586+0000] {logging_mixin.py:188} INFO - [2024-05-30T00:03:20.586+0000] {dag.py:3823} INFO - Setting next_dagrun for example_kubernetes_executor to None, run_after=None
[2024-05-30T00:03:20.605+0000] {processor.py:183} INFO - Processing /home/airflow/.local/lib/python3.8/site-packages/airflow/example_dags/example_kubernetes_executor.py took 0.084 seconds
[2024-05-30T00:03:51.334+0000] {processor.py:161} INFO - Started process (PID=3150) to work on /home/airflow/.local/lib/python3.8/site-packages/airflow/example_dags/example_kubernetes_executor.py
[2024-05-30T00:03:51.335+0000] {processor.py:830} INFO - Processing file /home/airflow/.local/lib/python3.8/site-packages/airflow/example_dags/example_kubernetes_executor.py for tasks to queue
[2024-05-30T00:03:51.337+0000] {logging_mixin.py:188} INFO - [2024-05-30T00:03:51.336+0000] {dagbag.py:538} INFO - Filling up the DagBag from /home/airflow/.local/lib/python3.8/site-packages/airflow/example_dags/example_kubernetes_executor.py
[2024-05-30T00:03:51.350+0000] {processor.py:840} INFO - DAG(s) 'example_kubernetes_executor' retrieved from /home/airflow/.local/lib/python3.8/site-packages/airflow/example_dags/example_kubernetes_executor.py
[2024-05-30T00:03:51.388+0000] {logging_mixin.py:188} INFO - [2024-05-30T00:03:51.388+0000] {dag.py:3036} INFO - Sync 1 DAGs
[2024-05-30T00:03:51.400+0000] {logging_mixin.py:188} INFO - [2024-05-30T00:03:51.400+0000] {dag.py:3823} INFO - Setting next_dagrun for example_kubernetes_executor to None, run_after=None
[2024-05-30T00:03:51.422+0000] {processor.py:183} INFO - Processing /home/airflow/.local/lib/python3.8/site-packages/airflow/example_dags/example_kubernetes_executor.py took 0.091 seconds
[2024-05-30T00:04:22.630+0000] {processor.py:161} INFO - Started process (PID=3209) to work on /home/airflow/.local/lib/python3.8/site-packages/airflow/example_dags/example_kubernetes_executor.py
[2024-05-30T00:04:22.632+0000] {processor.py:830} INFO - Processing file /home/airflow/.local/lib/python3.8/site-packages/airflow/example_dags/example_kubernetes_executor.py for tasks to queue
[2024-05-30T00:04:22.634+0000] {logging_mixin.py:188} INFO - [2024-05-30T00:04:22.634+0000] {dagbag.py:538} INFO - Filling up the DagBag from /home/airflow/.local/lib/python3.8/site-packages/airflow/example_dags/example_kubernetes_executor.py
[2024-05-30T00:04:22.654+0000] {processor.py:840} INFO - DAG(s) 'example_kubernetes_executor' retrieved from /home/airflow/.local/lib/python3.8/site-packages/airflow/example_dags/example_kubernetes_executor.py
[2024-05-30T00:04:22.690+0000] {logging_mixin.py:188} INFO - [2024-05-30T00:04:22.690+0000] {dag.py:3036} INFO - Sync 1 DAGs
[2024-05-30T00:04:22.701+0000] {logging_mixin.py:188} INFO - [2024-05-30T00:04:22.701+0000] {dag.py:3823} INFO - Setting next_dagrun for example_kubernetes_executor to None, run_after=None
[2024-05-30T00:04:22.720+0000] {processor.py:183} INFO - Processing /home/airflow/.local/lib/python3.8/site-packages/airflow/example_dags/example_kubernetes_executor.py took 0.096 seconds
[2024-05-30T00:04:52.963+0000] {processor.py:161} INFO - Started process (PID=3268) to work on /home/airflow/.local/lib/python3.8/site-packages/airflow/example_dags/example_kubernetes_executor.py
[2024-05-30T00:04:52.965+0000] {processor.py:830} INFO - Processing file /home/airflow/.local/lib/python3.8/site-packages/airflow/example_dags/example_kubernetes_executor.py for tasks to queue
[2024-05-30T00:04:52.966+0000] {logging_mixin.py:188} INFO - [2024-05-30T00:04:52.966+0000] {dagbag.py:538} INFO - Filling up the DagBag from /home/airflow/.local/lib/python3.8/site-packages/airflow/example_dags/example_kubernetes_executor.py
[2024-05-30T00:04:52.983+0000] {processor.py:840} INFO - DAG(s) 'example_kubernetes_executor' retrieved from /home/airflow/.local/lib/python3.8/site-packages/airflow/example_dags/example_kubernetes_executor.py
[2024-05-30T00:04:53.021+0000] {logging_mixin.py:188} INFO - [2024-05-30T00:04:53.021+0000] {dag.py:3036} INFO - Sync 1 DAGs
[2024-05-30T00:04:53.157+0000] {logging_mixin.py:188} INFO - [2024-05-30T00:04:53.157+0000] {dag.py:3823} INFO - Setting next_dagrun for example_kubernetes_executor to None, run_after=None
[2024-05-30T00:04:53.179+0000] {processor.py:183} INFO - Processing /home/airflow/.local/lib/python3.8/site-packages/airflow/example_dags/example_kubernetes_executor.py took 0.220 seconds
[2024-05-30T00:05:23.805+0000] {processor.py:161} INFO - Started process (PID=3327) to work on /home/airflow/.local/lib/python3.8/site-packages/airflow/example_dags/example_kubernetes_executor.py
[2024-05-30T00:05:23.806+0000] {processor.py:830} INFO - Processing file /home/airflow/.local/lib/python3.8/site-packages/airflow/example_dags/example_kubernetes_executor.py for tasks to queue
[2024-05-30T00:05:23.807+0000] {logging_mixin.py:188} INFO - [2024-05-30T00:05:23.807+0000] {dagbag.py:538} INFO - Filling up the DagBag from /home/airflow/.local/lib/python3.8/site-packages/airflow/example_dags/example_kubernetes_executor.py
[2024-05-30T00:05:23.825+0000] {processor.py:840} INFO - DAG(s) 'example_kubernetes_executor' retrieved from /home/airflow/.local/lib/python3.8/site-packages/airflow/example_dags/example_kubernetes_executor.py
[2024-05-30T00:05:23.862+0000] {logging_mixin.py:188} INFO - [2024-05-30T00:05:23.862+0000] {dag.py:3036} INFO - Sync 1 DAGs
[2024-05-30T00:05:23.873+0000] {logging_mixin.py:188} INFO - [2024-05-30T00:05:23.873+0000] {dag.py:3823} INFO - Setting next_dagrun for example_kubernetes_executor to None, run_after=None
[2024-05-30T00:05:23.892+0000] {processor.py:183} INFO - Processing /home/airflow/.local/lib/python3.8/site-packages/airflow/example_dags/example_kubernetes_executor.py took 0.090 seconds
[2024-05-30T00:05:54.852+0000] {processor.py:161} INFO - Started process (PID=3386) to work on /home/airflow/.local/lib/python3.8/site-packages/airflow/example_dags/example_kubernetes_executor.py
[2024-05-30T00:05:54.853+0000] {processor.py:830} INFO - Processing file /home/airflow/.local/lib/python3.8/site-packages/airflow/example_dags/example_kubernetes_executor.py for tasks to queue
[2024-05-30T00:05:54.854+0000] {logging_mixin.py:188} INFO - [2024-05-30T00:05:54.854+0000] {dagbag.py:538} INFO - Filling up the DagBag from /home/airflow/.local/lib/python3.8/site-packages/airflow/example_dags/example_kubernetes_executor.py
[2024-05-30T00:05:54.867+0000] {processor.py:840} INFO - DAG(s) 'example_kubernetes_executor' retrieved from /home/airflow/.local/lib/python3.8/site-packages/airflow/example_dags/example_kubernetes_executor.py
[2024-05-30T00:05:54.904+0000] {logging_mixin.py:188} INFO - [2024-05-30T00:05:54.904+0000] {dag.py:3036} INFO - Sync 1 DAGs
[2024-05-30T00:05:54.914+0000] {logging_mixin.py:188} INFO - [2024-05-30T00:05:54.914+0000] {dag.py:3823} INFO - Setting next_dagrun for example_kubernetes_executor to None, run_after=None
[2024-05-30T00:05:54.933+0000] {processor.py:183} INFO - Processing /home/airflow/.local/lib/python3.8/site-packages/airflow/example_dags/example_kubernetes_executor.py took 0.084 seconds
[2024-05-30T00:06:26.799+0000] {processor.py:161} INFO - Started process (PID=3445) to work on /home/airflow/.local/lib/python3.8/site-packages/airflow/example_dags/example_kubernetes_executor.py
[2024-05-30T00:06:26.800+0000] {processor.py:830} INFO - Processing file /home/airflow/.local/lib/python3.8/site-packages/airflow/example_dags/example_kubernetes_executor.py for tasks to queue
[2024-05-30T00:06:26.801+0000] {logging_mixin.py:188} INFO - [2024-05-30T00:06:26.801+0000] {dagbag.py:538} INFO - Filling up the DagBag from /home/airflow/.local/lib/python3.8/site-packages/airflow/example_dags/example_kubernetes_executor.py
[2024-05-30T00:06:26.815+0000] {processor.py:840} INFO - DAG(s) 'example_kubernetes_executor' retrieved from /home/airflow/.local/lib/python3.8/site-packages/airflow/example_dags/example_kubernetes_executor.py
[2024-05-30T00:06:26.989+0000] {logging_mixin.py:188} INFO - [2024-05-30T00:06:26.988+0000] {dag.py:3036} INFO - Sync 1 DAGs
[2024-05-30T00:06:26.998+0000] {logging_mixin.py:188} INFO - [2024-05-30T00:06:26.998+0000] {dag.py:3823} INFO - Setting next_dagrun for example_kubernetes_executor to None, run_after=None
[2024-05-30T00:06:27.019+0000] {processor.py:183} INFO - Processing /home/airflow/.local/lib/python3.8/site-packages/airflow/example_dags/example_kubernetes_executor.py took 0.224 seconds
[2024-05-30T00:06:57.558+0000] {processor.py:161} INFO - Started process (PID=3504) to work on /home/airflow/.local/lib/python3.8/site-packages/airflow/example_dags/example_kubernetes_executor.py
[2024-05-30T00:06:57.559+0000] {processor.py:830} INFO - Processing file /home/airflow/.local/lib/python3.8/site-packages/airflow/example_dags/example_kubernetes_executor.py for tasks to queue
[2024-05-30T00:06:57.560+0000] {logging_mixin.py:188} INFO - [2024-05-30T00:06:57.560+0000] {dagbag.py:538} INFO - Filling up the DagBag from /home/airflow/.local/lib/python3.8/site-packages/airflow/example_dags/example_kubernetes_executor.py
[2024-05-30T00:06:57.574+0000] {processor.py:840} INFO - DAG(s) 'example_kubernetes_executor' retrieved from /home/airflow/.local/lib/python3.8/site-packages/airflow/example_dags/example_kubernetes_executor.py
[2024-05-30T00:06:57.614+0000] {logging_mixin.py:188} INFO - [2024-05-30T00:06:57.614+0000] {dag.py:3036} INFO - Sync 1 DAGs
[2024-05-30T00:06:57.626+0000] {logging_mixin.py:188} INFO - [2024-05-30T00:06:57.626+0000] {dag.py:3823} INFO - Setting next_dagrun for example_kubernetes_executor to None, run_after=None
[2024-05-30T00:06:57.647+0000] {processor.py:183} INFO - Processing /home/airflow/.local/lib/python3.8/site-packages/airflow/example_dags/example_kubernetes_executor.py took 0.092 seconds
[2024-05-30T00:07:28.565+0000] {processor.py:161} INFO - Started process (PID=3563) to work on /home/airflow/.local/lib/python3.8/site-packages/airflow/example_dags/example_kubernetes_executor.py
[2024-05-30T00:07:28.566+0000] {processor.py:830} INFO - Processing file /home/airflow/.local/lib/python3.8/site-packages/airflow/example_dags/example_kubernetes_executor.py for tasks to queue
[2024-05-30T00:07:28.568+0000] {logging_mixin.py:188} INFO - [2024-05-30T00:07:28.568+0000] {dagbag.py:538} INFO - Filling up the DagBag from /home/airflow/.local/lib/python3.8/site-packages/airflow/example_dags/example_kubernetes_executor.py
[2024-05-30T00:07:28.582+0000] {processor.py:840} INFO - DAG(s) 'example_kubernetes_executor' retrieved from /home/airflow/.local/lib/python3.8/site-packages/airflow/example_dags/example_kubernetes_executor.py
[2024-05-30T00:07:28.621+0000] {logging_mixin.py:188} INFO - [2024-05-30T00:07:28.620+0000] {dag.py:3036} INFO - Sync 1 DAGs
[2024-05-30T00:07:28.633+0000] {logging_mixin.py:188} INFO - [2024-05-30T00:07:28.632+0000] {dag.py:3823} INFO - Setting next_dagrun for example_kubernetes_executor to None, run_after=None
[2024-05-30T00:07:28.650+0000] {processor.py:183} INFO - Processing /home/airflow/.local/lib/python3.8/site-packages/airflow/example_dags/example_kubernetes_executor.py took 0.089 seconds
[2024-05-30T00:07:58.868+0000] {processor.py:161} INFO - Started process (PID=3622) to work on /home/airflow/.local/lib/python3.8/site-packages/airflow/example_dags/example_kubernetes_executor.py
[2024-05-30T00:07:58.869+0000] {processor.py:830} INFO - Processing file /home/airflow/.local/lib/python3.8/site-packages/airflow/example_dags/example_kubernetes_executor.py for tasks to queue
[2024-05-30T00:07:58.870+0000] {logging_mixin.py:188} INFO - [2024-05-30T00:07:58.870+0000] {dagbag.py:538} INFO - Filling up the DagBag from /home/airflow/.local/lib/python3.8/site-packages/airflow/example_dags/example_kubernetes_executor.py
[2024-05-30T00:07:58.884+0000] {processor.py:840} INFO - DAG(s) 'example_kubernetes_executor' retrieved from /home/airflow/.local/lib/python3.8/site-packages/airflow/example_dags/example_kubernetes_executor.py
[2024-05-30T00:07:58.925+0000] {logging_mixin.py:188} INFO - [2024-05-30T00:07:58.924+0000] {dag.py:3036} INFO - Sync 1 DAGs
[2024-05-30T00:07:58.942+0000] {logging_mixin.py:188} INFO - [2024-05-30T00:07:58.941+0000] {dag.py:3823} INFO - Setting next_dagrun for example_kubernetes_executor to None, run_after=None
[2024-05-30T00:07:58.965+0000] {processor.py:183} INFO - Processing /home/airflow/.local/lib/python3.8/site-packages/airflow/example_dags/example_kubernetes_executor.py took 0.101 seconds
[2024-05-30T00:08:29.407+0000] {processor.py:161} INFO - Started process (PID=3681) to work on /home/airflow/.local/lib/python3.8/site-packages/airflow/example_dags/example_kubernetes_executor.py
[2024-05-30T00:08:29.408+0000] {processor.py:830} INFO - Processing file /home/airflow/.local/lib/python3.8/site-packages/airflow/example_dags/example_kubernetes_executor.py for tasks to queue
[2024-05-30T00:08:29.409+0000] {logging_mixin.py:188} INFO - [2024-05-30T00:08:29.409+0000] {dagbag.py:538} INFO - Filling up the DagBag from /home/airflow/.local/lib/python3.8/site-packages/airflow/example_dags/example_kubernetes_executor.py
[2024-05-30T00:08:29.423+0000] {processor.py:840} INFO - DAG(s) 'example_kubernetes_executor' retrieved from /home/airflow/.local/lib/python3.8/site-packages/airflow/example_dags/example_kubernetes_executor.py
[2024-05-30T00:08:29.462+0000] {logging_mixin.py:188} INFO - [2024-05-30T00:08:29.461+0000] {dag.py:3036} INFO - Sync 1 DAGs
[2024-05-30T00:08:29.473+0000] {logging_mixin.py:188} INFO - [2024-05-30T00:08:29.473+0000] {dag.py:3823} INFO - Setting next_dagrun for example_kubernetes_executor to None, run_after=None
[2024-05-30T00:08:29.492+0000] {processor.py:183} INFO - Processing /home/airflow/.local/lib/python3.8/site-packages/airflow/example_dags/example_kubernetes_executor.py took 0.089 seconds
[2024-05-30T00:09:00.349+0000] {processor.py:161} INFO - Started process (PID=3740) to work on /home/airflow/.local/lib/python3.8/site-packages/airflow/example_dags/example_kubernetes_executor.py
[2024-05-30T00:09:00.351+0000] {processor.py:830} INFO - Processing file /home/airflow/.local/lib/python3.8/site-packages/airflow/example_dags/example_kubernetes_executor.py for tasks to queue
[2024-05-30T00:09:00.352+0000] {logging_mixin.py:188} INFO - [2024-05-30T00:09:00.352+0000] {dagbag.py:538} INFO - Filling up the DagBag from /home/airflow/.local/lib/python3.8/site-packages/airflow/example_dags/example_kubernetes_executor.py
[2024-05-30T00:09:00.366+0000] {processor.py:840} INFO - DAG(s) 'example_kubernetes_executor' retrieved from /home/airflow/.local/lib/python3.8/site-packages/airflow/example_dags/example_kubernetes_executor.py
[2024-05-30T00:09:00.405+0000] {logging_mixin.py:188} INFO - [2024-05-30T00:09:00.405+0000] {dag.py:3036} INFO - Sync 1 DAGs
[2024-05-30T00:09:00.417+0000] {logging_mixin.py:188} INFO - [2024-05-30T00:09:00.417+0000] {dag.py:3823} INFO - Setting next_dagrun for example_kubernetes_executor to None, run_after=None
[2024-05-30T00:09:00.435+0000] {processor.py:183} INFO - Processing /home/airflow/.local/lib/python3.8/site-packages/airflow/example_dags/example_kubernetes_executor.py took 0.088 seconds
[2024-05-30T00:09:30.675+0000] {processor.py:161} INFO - Started process (PID=3799) to work on /home/airflow/.local/lib/python3.8/site-packages/airflow/example_dags/example_kubernetes_executor.py
[2024-05-30T00:09:30.677+0000] {processor.py:830} INFO - Processing file /home/airflow/.local/lib/python3.8/site-packages/airflow/example_dags/example_kubernetes_executor.py for tasks to queue
[2024-05-30T00:09:30.678+0000] {logging_mixin.py:188} INFO - [2024-05-30T00:09:30.678+0000] {dagbag.py:538} INFO - Filling up the DagBag from /home/airflow/.local/lib/python3.8/site-packages/airflow/example_dags/example_kubernetes_executor.py
[2024-05-30T00:09:30.693+0000] {processor.py:840} INFO - DAG(s) 'example_kubernetes_executor' retrieved from /home/airflow/.local/lib/python3.8/site-packages/airflow/example_dags/example_kubernetes_executor.py
[2024-05-30T00:09:30.741+0000] {logging_mixin.py:188} INFO - [2024-05-30T00:09:30.741+0000] {dag.py:3036} INFO - Sync 1 DAGs
[2024-05-30T00:09:30.755+0000] {logging_mixin.py:188} INFO - [2024-05-30T00:09:30.755+0000] {dag.py:3823} INFO - Setting next_dagrun for example_kubernetes_executor to None, run_after=None
[2024-05-30T00:09:30.777+0000] {processor.py:183} INFO - Processing /home/airflow/.local/lib/python3.8/site-packages/airflow/example_dags/example_kubernetes_executor.py took 0.105 seconds
[2024-05-30T00:10:01.895+0000] {processor.py:161} INFO - Started process (PID=3858) to work on /home/airflow/.local/lib/python3.8/site-packages/airflow/example_dags/example_kubernetes_executor.py
[2024-05-30T00:10:01.897+0000] {processor.py:830} INFO - Processing file /home/airflow/.local/lib/python3.8/site-packages/airflow/example_dags/example_kubernetes_executor.py for tasks to queue
[2024-05-30T00:10:01.899+0000] {logging_mixin.py:188} INFO - [2024-05-30T00:10:01.898+0000] {dagbag.py:538} INFO - Filling up the DagBag from /home/airflow/.local/lib/python3.8/site-packages/airflow/example_dags/example_kubernetes_executor.py
[2024-05-30T00:10:01.913+0000] {processor.py:840} INFO - DAG(s) 'example_kubernetes_executor' retrieved from /home/airflow/.local/lib/python3.8/site-packages/airflow/example_dags/example_kubernetes_executor.py
[2024-05-30T00:10:01.953+0000] {logging_mixin.py:188} INFO - [2024-05-30T00:10:01.953+0000] {dag.py:3036} INFO - Sync 1 DAGs
[2024-05-30T00:10:01.964+0000] {logging_mixin.py:188} INFO - [2024-05-30T00:10:01.964+0000] {dag.py:3823} INFO - Setting next_dagrun for example_kubernetes_executor to None, run_after=None
[2024-05-30T00:10:01.985+0000] {processor.py:183} INFO - Processing /home/airflow/.local/lib/python3.8/site-packages/airflow/example_dags/example_kubernetes_executor.py took 0.093 seconds
[2024-05-30T00:10:32.155+0000] {processor.py:161} INFO - Started process (PID=3917) to work on /home/airflow/.local/lib/python3.8/site-packages/airflow/example_dags/example_kubernetes_executor.py
[2024-05-30T00:10:32.156+0000] {processor.py:830} INFO - Processing file /home/airflow/.local/lib/python3.8/site-packages/airflow/example_dags/example_kubernetes_executor.py for tasks to queue
[2024-05-30T00:10:32.158+0000] {logging_mixin.py:188} INFO - [2024-05-30T00:10:32.157+0000] {dagbag.py:538} INFO - Filling up the DagBag from /home/airflow/.local/lib/python3.8/site-packages/airflow/example_dags/example_kubernetes_executor.py
[2024-05-30T00:10:32.170+0000] {processor.py:840} INFO - DAG(s) 'example_kubernetes_executor' retrieved from /home/airflow/.local/lib/python3.8/site-packages/airflow/example_dags/example_kubernetes_executor.py
[2024-05-30T00:10:32.206+0000] {logging_mixin.py:188} INFO - [2024-05-30T00:10:32.206+0000] {dag.py:3036} INFO - Sync 1 DAGs
[2024-05-30T00:10:32.218+0000] {logging_mixin.py:188} INFO - [2024-05-30T00:10:32.217+0000] {dag.py:3823} INFO - Setting next_dagrun for example_kubernetes_executor to None, run_after=None
[2024-05-30T00:10:32.239+0000] {processor.py:183} INFO - Processing /home/airflow/.local/lib/python3.8/site-packages/airflow/example_dags/example_kubernetes_executor.py took 0.087 seconds
[2024-05-30T00:11:03.050+0000] {processor.py:161} INFO - Started process (PID=3976) to work on /home/airflow/.local/lib/python3.8/site-packages/airflow/example_dags/example_kubernetes_executor.py
[2024-05-30T00:11:03.051+0000] {processor.py:830} INFO - Processing file /home/airflow/.local/lib/python3.8/site-packages/airflow/example_dags/example_kubernetes_executor.py for tasks to queue
[2024-05-30T00:11:03.053+0000] {logging_mixin.py:188} INFO - [2024-05-30T00:11:03.052+0000] {dagbag.py:538} INFO - Filling up the DagBag from /home/airflow/.local/lib/python3.8/site-packages/airflow/example_dags/example_kubernetes_executor.py
[2024-05-30T00:11:03.067+0000] {processor.py:840} INFO - DAG(s) 'example_kubernetes_executor' retrieved from /home/airflow/.local/lib/python3.8/site-packages/airflow/example_dags/example_kubernetes_executor.py
[2024-05-30T00:11:03.106+0000] {logging_mixin.py:188} INFO - [2024-05-30T00:11:03.106+0000] {dag.py:3036} INFO - Sync 1 DAGs
[2024-05-30T00:11:03.118+0000] {logging_mixin.py:188} INFO - [2024-05-30T00:11:03.117+0000] {dag.py:3823} INFO - Setting next_dagrun for example_kubernetes_executor to None, run_after=None
[2024-05-30T00:11:03.138+0000] {processor.py:183} INFO - Processing /home/airflow/.local/lib/python3.8/site-packages/airflow/example_dags/example_kubernetes_executor.py took 0.091 seconds
[2024-05-30T00:11:33.414+0000] {processor.py:161} INFO - Started process (PID=4035) to work on /home/airflow/.local/lib/python3.8/site-packages/airflow/example_dags/example_kubernetes_executor.py
[2024-05-30T00:11:33.415+0000] {processor.py:830} INFO - Processing file /home/airflow/.local/lib/python3.8/site-packages/airflow/example_dags/example_kubernetes_executor.py for tasks to queue
[2024-05-30T00:11:33.417+0000] {logging_mixin.py:188} INFO - [2024-05-30T00:11:33.416+0000] {dagbag.py:538} INFO - Filling up the DagBag from /home/airflow/.local/lib/python3.8/site-packages/airflow/example_dags/example_kubernetes_executor.py
[2024-05-30T00:11:33.431+0000] {processor.py:840} INFO - DAG(s) 'example_kubernetes_executor' retrieved from /home/airflow/.local/lib/python3.8/site-packages/airflow/example_dags/example_kubernetes_executor.py
[2024-05-30T00:11:33.482+0000] {logging_mixin.py:188} INFO - [2024-05-30T00:11:33.482+0000] {dag.py:3036} INFO - Sync 1 DAGs
[2024-05-30T00:11:33.495+0000] {logging_mixin.py:188} INFO - [2024-05-30T00:11:33.495+0000] {dag.py:3823} INFO - Setting next_dagrun for example_kubernetes_executor to None, run_after=None
[2024-05-30T00:11:33.514+0000] {processor.py:183} INFO - Processing /home/airflow/.local/lib/python3.8/site-packages/airflow/example_dags/example_kubernetes_executor.py took 0.103 seconds
[2024-05-30T00:12:04.334+0000] {processor.py:161} INFO - Started process (PID=4094) to work on /home/airflow/.local/lib/python3.8/site-packages/airflow/example_dags/example_kubernetes_executor.py
[2024-05-30T00:12:04.335+0000] {processor.py:830} INFO - Processing file /home/airflow/.local/lib/python3.8/site-packages/airflow/example_dags/example_kubernetes_executor.py for tasks to queue
[2024-05-30T00:12:04.337+0000] {logging_mixin.py:188} INFO - [2024-05-30T00:12:04.336+0000] {dagbag.py:538} INFO - Filling up the DagBag from /home/airflow/.local/lib/python3.8/site-packages/airflow/example_dags/example_kubernetes_executor.py
[2024-05-30T00:12:04.350+0000] {processor.py:840} INFO - DAG(s) 'example_kubernetes_executor' retrieved from /home/airflow/.local/lib/python3.8/site-packages/airflow/example_dags/example_kubernetes_executor.py
[2024-05-30T00:12:04.387+0000] {logging_mixin.py:188} INFO - [2024-05-30T00:12:04.387+0000] {dag.py:3036} INFO - Sync 1 DAGs
[2024-05-30T00:12:04.399+0000] {logging_mixin.py:188} INFO - [2024-05-30T00:12:04.399+0000] {dag.py:3823} INFO - Setting next_dagrun for example_kubernetes_executor to None, run_after=None
[2024-05-30T00:12:04.423+0000] {processor.py:183} INFO - Processing /home/airflow/.local/lib/python3.8/site-packages/airflow/example_dags/example_kubernetes_executor.py took 0.092 seconds
[2024-05-30T00:12:34.917+0000] {processor.py:161} INFO - Started process (PID=4153) to work on /home/airflow/.local/lib/python3.8/site-packages/airflow/example_dags/example_kubernetes_executor.py
[2024-05-30T00:12:34.918+0000] {processor.py:830} INFO - Processing file /home/airflow/.local/lib/python3.8/site-packages/airflow/example_dags/example_kubernetes_executor.py for tasks to queue
[2024-05-30T00:12:34.920+0000] {logging_mixin.py:188} INFO - [2024-05-30T00:12:34.919+0000] {dagbag.py:538} INFO - Filling up the DagBag from /home/airflow/.local/lib/python3.8/site-packages/airflow/example_dags/example_kubernetes_executor.py
[2024-05-30T00:12:34.934+0000] {processor.py:840} INFO - DAG(s) 'example_kubernetes_executor' retrieved from /home/airflow/.local/lib/python3.8/site-packages/airflow/example_dags/example_kubernetes_executor.py
[2024-05-30T00:12:34.979+0000] {logging_mixin.py:188} INFO - [2024-05-30T00:12:34.979+0000] {dag.py:3036} INFO - Sync 1 DAGs
[2024-05-30T00:12:34.991+0000] {logging_mixin.py:188} INFO - [2024-05-30T00:12:34.991+0000] {dag.py:3823} INFO - Setting next_dagrun for example_kubernetes_executor to None, run_after=None
[2024-05-30T00:12:35.009+0000] {processor.py:183} INFO - Processing /home/airflow/.local/lib/python3.8/site-packages/airflow/example_dags/example_kubernetes_executor.py took 0.095 seconds
[2024-05-30T00:13:05.829+0000] {processor.py:161} INFO - Started process (PID=4212) to work on /home/airflow/.local/lib/python3.8/site-packages/airflow/example_dags/example_kubernetes_executor.py
[2024-05-30T00:13:05.831+0000] {processor.py:830} INFO - Processing file /home/airflow/.local/lib/python3.8/site-packages/airflow/example_dags/example_kubernetes_executor.py for tasks to queue
[2024-05-30T00:13:05.832+0000] {logging_mixin.py:188} INFO - [2024-05-30T00:13:05.832+0000] {dagbag.py:538} INFO - Filling up the DagBag from /home/airflow/.local/lib/python3.8/site-packages/airflow/example_dags/example_kubernetes_executor.py
[2024-05-30T00:13:05.848+0000] {processor.py:840} INFO - DAG(s) 'example_kubernetes_executor' retrieved from /home/airflow/.local/lib/python3.8/site-packages/airflow/example_dags/example_kubernetes_executor.py
[2024-05-30T00:13:05.888+0000] {logging_mixin.py:188} INFO - [2024-05-30T00:13:05.888+0000] {dag.py:3036} INFO - Sync 1 DAGs
[2024-05-30T00:13:05.900+0000] {logging_mixin.py:188} INFO - [2024-05-30T00:13:05.899+0000] {dag.py:3823} INFO - Setting next_dagrun for example_kubernetes_executor to None, run_after=None
[2024-05-30T00:13:05.920+0000] {processor.py:183} INFO - Processing /home/airflow/.local/lib/python3.8/site-packages/airflow/example_dags/example_kubernetes_executor.py took 0.096 seconds
[2024-05-30T00:13:36.513+0000] {processor.py:161} INFO - Started process (PID=4271) to work on /home/airflow/.local/lib/python3.8/site-packages/airflow/example_dags/example_kubernetes_executor.py
[2024-05-30T00:13:36.514+0000] {processor.py:830} INFO - Processing file /home/airflow/.local/lib/python3.8/site-packages/airflow/example_dags/example_kubernetes_executor.py for tasks to queue
[2024-05-30T00:13:36.516+0000] {logging_mixin.py:188} INFO - [2024-05-30T00:13:36.516+0000] {dagbag.py:538} INFO - Filling up the DagBag from /home/airflow/.local/lib/python3.8/site-packages/airflow/example_dags/example_kubernetes_executor.py
[2024-05-30T00:13:36.542+0000] {processor.py:840} INFO - DAG(s) 'example_kubernetes_executor' retrieved from /home/airflow/.local/lib/python3.8/site-packages/airflow/example_dags/example_kubernetes_executor.py
[2024-05-30T00:13:36.610+0000] {logging_mixin.py:188} INFO - [2024-05-30T00:13:36.610+0000] {dag.py:3036} INFO - Sync 1 DAGs
[2024-05-30T00:13:36.622+0000] {logging_mixin.py:188} INFO - [2024-05-30T00:13:36.622+0000] {dag.py:3823} INFO - Setting next_dagrun for example_kubernetes_executor to None, run_after=None
[2024-05-30T00:13:36.643+0000] {processor.py:183} INFO - Processing /home/airflow/.local/lib/python3.8/site-packages/airflow/example_dags/example_kubernetes_executor.py took 0.136 seconds
[2024-05-30T00:14:07.186+0000] {processor.py:161} INFO - Started process (PID=4336) to work on /home/airflow/.local/lib/python3.8/site-packages/airflow/example_dags/example_kubernetes_executor.py
[2024-05-30T00:14:07.187+0000] {processor.py:830} INFO - Processing file /home/airflow/.local/lib/python3.8/site-packages/airflow/example_dags/example_kubernetes_executor.py for tasks to queue
[2024-05-30T00:14:07.189+0000] {logging_mixin.py:188} INFO - [2024-05-30T00:14:07.188+0000] {dagbag.py:538} INFO - Filling up the DagBag from /home/airflow/.local/lib/python3.8/site-packages/airflow/example_dags/example_kubernetes_executor.py
[2024-05-30T00:14:07.202+0000] {processor.py:840} INFO - DAG(s) 'example_kubernetes_executor' retrieved from /home/airflow/.local/lib/python3.8/site-packages/airflow/example_dags/example_kubernetes_executor.py
[2024-05-30T00:14:07.240+0000] {logging_mixin.py:188} INFO - [2024-05-30T00:14:07.240+0000] {dag.py:3036} INFO - Sync 1 DAGs
[2024-05-30T00:14:07.253+0000] {logging_mixin.py:188} INFO - [2024-05-30T00:14:07.252+0000] {dag.py:3823} INFO - Setting next_dagrun for example_kubernetes_executor to None, run_after=None
[2024-05-30T00:14:07.276+0000] {processor.py:183} INFO - Processing /home/airflow/.local/lib/python3.8/site-packages/airflow/example_dags/example_kubernetes_executor.py took 0.093 seconds
