[2024-05-30T00:00:14.392+0000] {processor.py:161} INFO - Started process (PID=2735) to work on /home/airflow/.local/lib/python3.8/site-packages/airflow/example_dags/example_task_group_decorator.py
[2024-05-30T00:00:14.393+0000] {processor.py:830} INFO - Processing file /home/airflow/.local/lib/python3.8/site-packages/airflow/example_dags/example_task_group_decorator.py for tasks to queue
[2024-05-30T00:00:14.395+0000] {logging_mixin.py:188} INFO - [2024-05-30T00:00:14.394+0000] {dagbag.py:538} INFO - Filling up the DagBag from /home/airflow/.local/lib/python3.8/site-packages/airflow/example_dags/example_task_group_decorator.py
[2024-05-30T00:00:14.412+0000] {processor.py:840} INFO - DAG(s) 'example_task_group_decorator' retrieved from /home/airflow/.local/lib/python3.8/site-packages/airflow/example_dags/example_task_group_decorator.py
[2024-05-30T00:00:14.438+0000] {logging_mixin.py:188} INFO - [2024-05-30T00:00:14.438+0000] {dag.py:3036} INFO - Sync 1 DAGs
[2024-05-30T00:00:14.459+0000] {logging_mixin.py:188} INFO - [2024-05-30T00:00:14.459+0000] {dag.py:3823} INFO - Setting next_dagrun for example_task_group_decorator to 2024-05-29 00:00:00+00:00, run_after=2024-05-30 00:00:00+00:00
[2024-05-30T00:00:14.481+0000] {processor.py:183} INFO - Processing /home/airflow/.local/lib/python3.8/site-packages/airflow/example_dags/example_task_group_decorator.py took 0.095 seconds
[2024-05-30T00:00:45.925+0000] {processor.py:161} INFO - Started process (PID=2794) to work on /home/airflow/.local/lib/python3.8/site-packages/airflow/example_dags/example_task_group_decorator.py
[2024-05-30T00:00:45.926+0000] {processor.py:830} INFO - Processing file /home/airflow/.local/lib/python3.8/site-packages/airflow/example_dags/example_task_group_decorator.py for tasks to queue
[2024-05-30T00:00:45.928+0000] {logging_mixin.py:188} INFO - [2024-05-30T00:00:45.927+0000] {dagbag.py:538} INFO - Filling up the DagBag from /home/airflow/.local/lib/python3.8/site-packages/airflow/example_dags/example_task_group_decorator.py
[2024-05-30T00:00:45.948+0000] {processor.py:840} INFO - DAG(s) 'example_task_group_decorator' retrieved from /home/airflow/.local/lib/python3.8/site-packages/airflow/example_dags/example_task_group_decorator.py
[2024-05-30T00:00:45.987+0000] {logging_mixin.py:188} INFO - [2024-05-30T00:00:45.987+0000] {dag.py:3036} INFO - Sync 1 DAGs
[2024-05-30T00:00:46.025+0000] {logging_mixin.py:188} INFO - [2024-05-30T00:00:46.025+0000] {dag.py:3823} INFO - Setting next_dagrun for example_task_group_decorator to 2024-05-29 00:00:00+00:00, run_after=2024-05-30 00:00:00+00:00
[2024-05-30T00:00:46.058+0000] {processor.py:183} INFO - Processing /home/airflow/.local/lib/python3.8/site-packages/airflow/example_dags/example_task_group_decorator.py took 0.137 seconds
[2024-05-30T00:01:16.519+0000] {processor.py:161} INFO - Started process (PID=2853) to work on /home/airflow/.local/lib/python3.8/site-packages/airflow/example_dags/example_task_group_decorator.py
[2024-05-30T00:01:16.521+0000] {processor.py:830} INFO - Processing file /home/airflow/.local/lib/python3.8/site-packages/airflow/example_dags/example_task_group_decorator.py for tasks to queue
[2024-05-30T00:01:16.523+0000] {logging_mixin.py:188} INFO - [2024-05-30T00:01:16.522+0000] {dagbag.py:538} INFO - Filling up the DagBag from /home/airflow/.local/lib/python3.8/site-packages/airflow/example_dags/example_task_group_decorator.py
[2024-05-30T00:01:16.545+0000] {processor.py:840} INFO - DAG(s) 'example_task_group_decorator' retrieved from /home/airflow/.local/lib/python3.8/site-packages/airflow/example_dags/example_task_group_decorator.py
[2024-05-30T00:01:16.589+0000] {logging_mixin.py:188} INFO - [2024-05-30T00:01:16.589+0000] {dag.py:3036} INFO - Sync 1 DAGs
[2024-05-30T00:01:16.621+0000] {logging_mixin.py:188} INFO - [2024-05-30T00:01:16.621+0000] {dag.py:3823} INFO - Setting next_dagrun for example_task_group_decorator to 2024-05-29 00:00:00+00:00, run_after=2024-05-30 00:00:00+00:00
[2024-05-30T00:01:16.653+0000] {processor.py:183} INFO - Processing /home/airflow/.local/lib/python3.8/site-packages/airflow/example_dags/example_task_group_decorator.py took 0.138 seconds
[2024-05-30T00:01:47.001+0000] {processor.py:161} INFO - Started process (PID=2912) to work on /home/airflow/.local/lib/python3.8/site-packages/airflow/example_dags/example_task_group_decorator.py
[2024-05-30T00:01:47.002+0000] {processor.py:830} INFO - Processing file /home/airflow/.local/lib/python3.8/site-packages/airflow/example_dags/example_task_group_decorator.py for tasks to queue
[2024-05-30T00:01:47.004+0000] {logging_mixin.py:188} INFO - [2024-05-30T00:01:47.003+0000] {dagbag.py:538} INFO - Filling up the DagBag from /home/airflow/.local/lib/python3.8/site-packages/airflow/example_dags/example_task_group_decorator.py
[2024-05-30T00:01:47.019+0000] {processor.py:840} INFO - DAG(s) 'example_task_group_decorator' retrieved from /home/airflow/.local/lib/python3.8/site-packages/airflow/example_dags/example_task_group_decorator.py
[2024-05-30T00:01:47.053+0000] {logging_mixin.py:188} INFO - [2024-05-30T00:01:47.052+0000] {dag.py:3036} INFO - Sync 1 DAGs
[2024-05-30T00:01:47.081+0000] {logging_mixin.py:188} INFO - [2024-05-30T00:01:47.080+0000] {dag.py:3823} INFO - Setting next_dagrun for example_task_group_decorator to 2024-05-29 00:00:00+00:00, run_after=2024-05-30 00:00:00+00:00
[2024-05-30T00:01:47.112+0000] {processor.py:183} INFO - Processing /home/airflow/.local/lib/python3.8/site-packages/airflow/example_dags/example_task_group_decorator.py took 0.114 seconds
[2024-05-30T00:02:18.061+0000] {processor.py:161} INFO - Started process (PID=2971) to work on /home/airflow/.local/lib/python3.8/site-packages/airflow/example_dags/example_task_group_decorator.py
[2024-05-30T00:02:18.063+0000] {processor.py:830} INFO - Processing file /home/airflow/.local/lib/python3.8/site-packages/airflow/example_dags/example_task_group_decorator.py for tasks to queue
[2024-05-30T00:02:18.065+0000] {logging_mixin.py:188} INFO - [2024-05-30T00:02:18.064+0000] {dagbag.py:538} INFO - Filling up the DagBag from /home/airflow/.local/lib/python3.8/site-packages/airflow/example_dags/example_task_group_decorator.py
[2024-05-30T00:02:18.083+0000] {processor.py:840} INFO - DAG(s) 'example_task_group_decorator' retrieved from /home/airflow/.local/lib/python3.8/site-packages/airflow/example_dags/example_task_group_decorator.py
[2024-05-30T00:02:18.109+0000] {logging_mixin.py:188} INFO - [2024-05-30T00:02:18.109+0000] {dag.py:3036} INFO - Sync 1 DAGs
[2024-05-30T00:02:18.130+0000] {logging_mixin.py:188} INFO - [2024-05-30T00:02:18.130+0000] {dag.py:3823} INFO - Setting next_dagrun for example_task_group_decorator to 2024-05-29 00:00:00+00:00, run_after=2024-05-30 00:00:00+00:00
[2024-05-30T00:02:18.151+0000] {processor.py:183} INFO - Processing /home/airflow/.local/lib/python3.8/site-packages/airflow/example_dags/example_task_group_decorator.py took 0.095 seconds
[2024-05-30T00:02:50.022+0000] {processor.py:161} INFO - Started process (PID=3030) to work on /home/airflow/.local/lib/python3.8/site-packages/airflow/example_dags/example_task_group_decorator.py
[2024-05-30T00:02:50.024+0000] {processor.py:830} INFO - Processing file /home/airflow/.local/lib/python3.8/site-packages/airflow/example_dags/example_task_group_decorator.py for tasks to queue
[2024-05-30T00:02:50.025+0000] {logging_mixin.py:188} INFO - [2024-05-30T00:02:50.025+0000] {dagbag.py:538} INFO - Filling up the DagBag from /home/airflow/.local/lib/python3.8/site-packages/airflow/example_dags/example_task_group_decorator.py
[2024-05-30T00:02:50.039+0000] {processor.py:840} INFO - DAG(s) 'example_task_group_decorator' retrieved from /home/airflow/.local/lib/python3.8/site-packages/airflow/example_dags/example_task_group_decorator.py
[2024-05-30T00:02:50.071+0000] {logging_mixin.py:188} INFO - [2024-05-30T00:02:50.070+0000] {dag.py:3036} INFO - Sync 1 DAGs
[2024-05-30T00:02:50.095+0000] {logging_mixin.py:188} INFO - [2024-05-30T00:02:50.094+0000] {dag.py:3823} INFO - Setting next_dagrun for example_task_group_decorator to 2024-05-29 00:00:00+00:00, run_after=2024-05-30 00:00:00+00:00
[2024-05-30T00:02:50.247+0000] {processor.py:183} INFO - Processing /home/airflow/.local/lib/python3.8/site-packages/airflow/example_dags/example_task_group_decorator.py took 0.228 seconds
[2024-05-30T00:03:20.393+0000] {processor.py:161} INFO - Started process (PID=3089) to work on /home/airflow/.local/lib/python3.8/site-packages/airflow/example_dags/example_task_group_decorator.py
[2024-05-30T00:03:20.395+0000] {processor.py:830} INFO - Processing file /home/airflow/.local/lib/python3.8/site-packages/airflow/example_dags/example_task_group_decorator.py for tasks to queue
[2024-05-30T00:03:20.397+0000] {logging_mixin.py:188} INFO - [2024-05-30T00:03:20.396+0000] {dagbag.py:538} INFO - Filling up the DagBag from /home/airflow/.local/lib/python3.8/site-packages/airflow/example_dags/example_task_group_decorator.py
[2024-05-30T00:03:20.413+0000] {processor.py:840} INFO - DAG(s) 'example_task_group_decorator' retrieved from /home/airflow/.local/lib/python3.8/site-packages/airflow/example_dags/example_task_group_decorator.py
[2024-05-30T00:03:20.438+0000] {logging_mixin.py:188} INFO - [2024-05-30T00:03:20.438+0000] {dag.py:3036} INFO - Sync 1 DAGs
[2024-05-30T00:03:20.460+0000] {logging_mixin.py:188} INFO - [2024-05-30T00:03:20.460+0000] {dag.py:3823} INFO - Setting next_dagrun for example_task_group_decorator to 2024-05-29 00:00:00+00:00, run_after=2024-05-30 00:00:00+00:00
[2024-05-30T00:03:20.483+0000] {processor.py:183} INFO - Processing /home/airflow/.local/lib/python3.8/site-packages/airflow/example_dags/example_task_group_decorator.py took 0.094 seconds
[2024-05-30T00:03:51.220+0000] {processor.py:161} INFO - Started process (PID=3148) to work on /home/airflow/.local/lib/python3.8/site-packages/airflow/example_dags/example_task_group_decorator.py
[2024-05-30T00:03:51.221+0000] {processor.py:830} INFO - Processing file /home/airflow/.local/lib/python3.8/site-packages/airflow/example_dags/example_task_group_decorator.py for tasks to queue
[2024-05-30T00:03:51.222+0000] {logging_mixin.py:188} INFO - [2024-05-30T00:03:51.222+0000] {dagbag.py:538} INFO - Filling up the DagBag from /home/airflow/.local/lib/python3.8/site-packages/airflow/example_dags/example_task_group_decorator.py
[2024-05-30T00:03:51.236+0000] {processor.py:840} INFO - DAG(s) 'example_task_group_decorator' retrieved from /home/airflow/.local/lib/python3.8/site-packages/airflow/example_dags/example_task_group_decorator.py
[2024-05-30T00:03:51.259+0000] {logging_mixin.py:188} INFO - [2024-05-30T00:03:51.259+0000] {dag.py:3036} INFO - Sync 1 DAGs
[2024-05-30T00:03:51.279+0000] {logging_mixin.py:188} INFO - [2024-05-30T00:03:51.279+0000] {dag.py:3823} INFO - Setting next_dagrun for example_task_group_decorator to 2024-05-29 00:00:00+00:00, run_after=2024-05-30 00:00:00+00:00
[2024-05-30T00:03:51.300+0000] {processor.py:183} INFO - Processing /home/airflow/.local/lib/python3.8/site-packages/airflow/example_dags/example_task_group_decorator.py took 0.084 seconds
[2024-05-30T00:04:22.395+0000] {processor.py:161} INFO - Started process (PID=3207) to work on /home/airflow/.local/lib/python3.8/site-packages/airflow/example_dags/example_task_group_decorator.py
[2024-05-30T00:04:22.396+0000] {processor.py:830} INFO - Processing file /home/airflow/.local/lib/python3.8/site-packages/airflow/example_dags/example_task_group_decorator.py for tasks to queue
[2024-05-30T00:04:22.397+0000] {logging_mixin.py:188} INFO - [2024-05-30T00:04:22.397+0000] {dagbag.py:538} INFO - Filling up the DagBag from /home/airflow/.local/lib/python3.8/site-packages/airflow/example_dags/example_task_group_decorator.py
[2024-05-30T00:04:22.412+0000] {processor.py:840} INFO - DAG(s) 'example_task_group_decorator' retrieved from /home/airflow/.local/lib/python3.8/site-packages/airflow/example_dags/example_task_group_decorator.py
[2024-05-30T00:04:22.434+0000] {logging_mixin.py:188} INFO - [2024-05-30T00:04:22.434+0000] {dag.py:3036} INFO - Sync 1 DAGs
[2024-05-30T00:04:22.570+0000] {logging_mixin.py:188} INFO - [2024-05-30T00:04:22.570+0000] {dag.py:3823} INFO - Setting next_dagrun for example_task_group_decorator to 2024-05-29 00:00:00+00:00, run_after=2024-05-30 00:00:00+00:00
[2024-05-30T00:04:22.588+0000] {processor.py:183} INFO - Processing /home/airflow/.local/lib/python3.8/site-packages/airflow/example_dags/example_task_group_decorator.py took 0.198 seconds
[2024-05-30T00:04:52.962+0000] {processor.py:161} INFO - Started process (PID=3267) to work on /home/airflow/.local/lib/python3.8/site-packages/airflow/example_dags/example_task_group_decorator.py
[2024-05-30T00:04:52.963+0000] {processor.py:830} INFO - Processing file /home/airflow/.local/lib/python3.8/site-packages/airflow/example_dags/example_task_group_decorator.py for tasks to queue
[2024-05-30T00:04:52.965+0000] {logging_mixin.py:188} INFO - [2024-05-30T00:04:52.965+0000] {dagbag.py:538} INFO - Filling up the DagBag from /home/airflow/.local/lib/python3.8/site-packages/airflow/example_dags/example_task_group_decorator.py
[2024-05-30T00:04:52.983+0000] {processor.py:840} INFO - DAG(s) 'example_task_group_decorator' retrieved from /home/airflow/.local/lib/python3.8/site-packages/airflow/example_dags/example_task_group_decorator.py
[2024-05-30T00:04:53.010+0000] {logging_mixin.py:188} INFO - [2024-05-30T00:04:53.009+0000] {dag.py:3036} INFO - Sync 1 DAGs
[2024-05-30T00:04:53.030+0000] {logging_mixin.py:188} INFO - [2024-05-30T00:04:53.029+0000] {dag.py:3823} INFO - Setting next_dagrun for example_task_group_decorator to 2024-05-29 00:00:00+00:00, run_after=2024-05-30 00:00:00+00:00
[2024-05-30T00:04:53.172+0000] {processor.py:183} INFO - Processing /home/airflow/.local/lib/python3.8/site-packages/airflow/example_dags/example_task_group_decorator.py took 0.214 seconds
[2024-05-30T00:05:23.520+0000] {processor.py:161} INFO - Started process (PID=3325) to work on /home/airflow/.local/lib/python3.8/site-packages/airflow/example_dags/example_task_group_decorator.py
[2024-05-30T00:05:23.521+0000] {processor.py:830} INFO - Processing file /home/airflow/.local/lib/python3.8/site-packages/airflow/example_dags/example_task_group_decorator.py for tasks to queue
[2024-05-30T00:05:23.523+0000] {logging_mixin.py:188} INFO - [2024-05-30T00:05:23.522+0000] {dagbag.py:538} INFO - Filling up the DagBag from /home/airflow/.local/lib/python3.8/site-packages/airflow/example_dags/example_task_group_decorator.py
[2024-05-30T00:05:23.537+0000] {processor.py:840} INFO - DAG(s) 'example_task_group_decorator' retrieved from /home/airflow/.local/lib/python3.8/site-packages/airflow/example_dags/example_task_group_decorator.py
[2024-05-30T00:05:23.561+0000] {logging_mixin.py:188} INFO - [2024-05-30T00:05:23.560+0000] {dag.py:3036} INFO - Sync 1 DAGs
[2024-05-30T00:05:23.580+0000] {logging_mixin.py:188} INFO - [2024-05-30T00:05:23.580+0000] {dag.py:3823} INFO - Setting next_dagrun for example_task_group_decorator to 2024-05-29 00:00:00+00:00, run_after=2024-05-30 00:00:00+00:00
[2024-05-30T00:05:23.599+0000] {processor.py:183} INFO - Processing /home/airflow/.local/lib/python3.8/site-packages/airflow/example_dags/example_task_group_decorator.py took 0.082 seconds
[2024-05-30T00:05:54.733+0000] {processor.py:161} INFO - Started process (PID=3384) to work on /home/airflow/.local/lib/python3.8/site-packages/airflow/example_dags/example_task_group_decorator.py
[2024-05-30T00:05:54.734+0000] {processor.py:830} INFO - Processing file /home/airflow/.local/lib/python3.8/site-packages/airflow/example_dags/example_task_group_decorator.py for tasks to queue
[2024-05-30T00:05:54.735+0000] {logging_mixin.py:188} INFO - [2024-05-30T00:05:54.734+0000] {dagbag.py:538} INFO - Filling up the DagBag from /home/airflow/.local/lib/python3.8/site-packages/airflow/example_dags/example_task_group_decorator.py
[2024-05-30T00:05:54.748+0000] {processor.py:840} INFO - DAG(s) 'example_task_group_decorator' retrieved from /home/airflow/.local/lib/python3.8/site-packages/airflow/example_dags/example_task_group_decorator.py
[2024-05-30T00:05:54.772+0000] {logging_mixin.py:188} INFO - [2024-05-30T00:05:54.772+0000] {dag.py:3036} INFO - Sync 1 DAGs
[2024-05-30T00:05:54.791+0000] {logging_mixin.py:188} INFO - [2024-05-30T00:05:54.791+0000] {dag.py:3823} INFO - Setting next_dagrun for example_task_group_decorator to 2024-05-29 00:00:00+00:00, run_after=2024-05-30 00:00:00+00:00
[2024-05-30T00:05:54.810+0000] {processor.py:183} INFO - Processing /home/airflow/.local/lib/python3.8/site-packages/airflow/example_dags/example_task_group_decorator.py took 0.080 seconds
[2024-05-30T00:06:26.559+0000] {processor.py:161} INFO - Started process (PID=3443) to work on /home/airflow/.local/lib/python3.8/site-packages/airflow/example_dags/example_task_group_decorator.py
[2024-05-30T00:06:26.560+0000] {processor.py:830} INFO - Processing file /home/airflow/.local/lib/python3.8/site-packages/airflow/example_dags/example_task_group_decorator.py for tasks to queue
[2024-05-30T00:06:26.561+0000] {logging_mixin.py:188} INFO - [2024-05-30T00:06:26.561+0000] {dagbag.py:538} INFO - Filling up the DagBag from /home/airflow/.local/lib/python3.8/site-packages/airflow/example_dags/example_task_group_decorator.py
[2024-05-30T00:06:26.577+0000] {processor.py:840} INFO - DAG(s) 'example_task_group_decorator' retrieved from /home/airflow/.local/lib/python3.8/site-packages/airflow/example_dags/example_task_group_decorator.py
[2024-05-30T00:06:26.726+0000] {logging_mixin.py:188} INFO - [2024-05-30T00:06:26.725+0000] {dag.py:3036} INFO - Sync 1 DAGs
[2024-05-30T00:06:26.744+0000] {logging_mixin.py:188} INFO - [2024-05-30T00:06:26.744+0000] {dag.py:3823} INFO - Setting next_dagrun for example_task_group_decorator to 2024-05-29 00:00:00+00:00, run_after=2024-05-30 00:00:00+00:00
[2024-05-30T00:06:26.763+0000] {processor.py:183} INFO - Processing /home/airflow/.local/lib/python3.8/site-packages/airflow/example_dags/example_task_group_decorator.py took 0.207 seconds
[2024-05-30T00:06:57.442+0000] {processor.py:161} INFO - Started process (PID=3502) to work on /home/airflow/.local/lib/python3.8/site-packages/airflow/example_dags/example_task_group_decorator.py
[2024-05-30T00:06:57.443+0000] {processor.py:830} INFO - Processing file /home/airflow/.local/lib/python3.8/site-packages/airflow/example_dags/example_task_group_decorator.py for tasks to queue
[2024-05-30T00:06:57.444+0000] {logging_mixin.py:188} INFO - [2024-05-30T00:06:57.444+0000] {dagbag.py:538} INFO - Filling up the DagBag from /home/airflow/.local/lib/python3.8/site-packages/airflow/example_dags/example_task_group_decorator.py
[2024-05-30T00:06:57.458+0000] {processor.py:840} INFO - DAG(s) 'example_task_group_decorator' retrieved from /home/airflow/.local/lib/python3.8/site-packages/airflow/example_dags/example_task_group_decorator.py
[2024-05-30T00:06:57.483+0000] {logging_mixin.py:188} INFO - [2024-05-30T00:06:57.483+0000] {dag.py:3036} INFO - Sync 1 DAGs
[2024-05-30T00:06:57.504+0000] {logging_mixin.py:188} INFO - [2024-05-30T00:06:57.503+0000] {dag.py:3823} INFO - Setting next_dagrun for example_task_group_decorator to 2024-05-29 00:00:00+00:00, run_after=2024-05-30 00:00:00+00:00
[2024-05-30T00:06:57.524+0000] {processor.py:183} INFO - Processing /home/airflow/.local/lib/python3.8/site-packages/airflow/example_dags/example_task_group_decorator.py took 0.085 seconds
[2024-05-30T00:07:28.446+0000] {processor.py:161} INFO - Started process (PID=3561) to work on /home/airflow/.local/lib/python3.8/site-packages/airflow/example_dags/example_task_group_decorator.py
[2024-05-30T00:07:28.447+0000] {processor.py:830} INFO - Processing file /home/airflow/.local/lib/python3.8/site-packages/airflow/example_dags/example_task_group_decorator.py for tasks to queue
[2024-05-30T00:07:28.449+0000] {logging_mixin.py:188} INFO - [2024-05-30T00:07:28.449+0000] {dagbag.py:538} INFO - Filling up the DagBag from /home/airflow/.local/lib/python3.8/site-packages/airflow/example_dags/example_task_group_decorator.py
[2024-05-30T00:07:28.464+0000] {processor.py:840} INFO - DAG(s) 'example_task_group_decorator' retrieved from /home/airflow/.local/lib/python3.8/site-packages/airflow/example_dags/example_task_group_decorator.py
[2024-05-30T00:07:28.489+0000] {logging_mixin.py:188} INFO - [2024-05-30T00:07:28.489+0000] {dag.py:3036} INFO - Sync 1 DAGs
[2024-05-30T00:07:28.510+0000] {logging_mixin.py:188} INFO - [2024-05-30T00:07:28.509+0000] {dag.py:3823} INFO - Setting next_dagrun for example_task_group_decorator to 2024-05-29 00:00:00+00:00, run_after=2024-05-30 00:00:00+00:00
[2024-05-30T00:07:28.527+0000] {processor.py:183} INFO - Processing /home/airflow/.local/lib/python3.8/site-packages/airflow/example_dags/example_task_group_decorator.py took 0.084 seconds
[2024-05-30T00:07:58.735+0000] {processor.py:161} INFO - Started process (PID=3620) to work on /home/airflow/.local/lib/python3.8/site-packages/airflow/example_dags/example_task_group_decorator.py
[2024-05-30T00:07:58.737+0000] {processor.py:830} INFO - Processing file /home/airflow/.local/lib/python3.8/site-packages/airflow/example_dags/example_task_group_decorator.py for tasks to queue
[2024-05-30T00:07:58.738+0000] {logging_mixin.py:188} INFO - [2024-05-30T00:07:58.738+0000] {dagbag.py:538} INFO - Filling up the DagBag from /home/airflow/.local/lib/python3.8/site-packages/airflow/example_dags/example_task_group_decorator.py
[2024-05-30T00:07:58.752+0000] {processor.py:840} INFO - DAG(s) 'example_task_group_decorator' retrieved from /home/airflow/.local/lib/python3.8/site-packages/airflow/example_dags/example_task_group_decorator.py
[2024-05-30T00:07:58.778+0000] {logging_mixin.py:188} INFO - [2024-05-30T00:07:58.778+0000] {dag.py:3036} INFO - Sync 1 DAGs
[2024-05-30T00:07:58.804+0000] {logging_mixin.py:188} INFO - [2024-05-30T00:07:58.803+0000] {dag.py:3823} INFO - Setting next_dagrun for example_task_group_decorator to 2024-05-29 00:00:00+00:00, run_after=2024-05-30 00:00:00+00:00
[2024-05-30T00:07:58.833+0000] {processor.py:183} INFO - Processing /home/airflow/.local/lib/python3.8/site-packages/airflow/example_dags/example_task_group_decorator.py took 0.101 seconds
[2024-05-30T00:08:29.293+0000] {processor.py:161} INFO - Started process (PID=3679) to work on /home/airflow/.local/lib/python3.8/site-packages/airflow/example_dags/example_task_group_decorator.py
[2024-05-30T00:08:29.294+0000] {processor.py:830} INFO - Processing file /home/airflow/.local/lib/python3.8/site-packages/airflow/example_dags/example_task_group_decorator.py for tasks to queue
[2024-05-30T00:08:29.296+0000] {logging_mixin.py:188} INFO - [2024-05-30T00:08:29.295+0000] {dagbag.py:538} INFO - Filling up the DagBag from /home/airflow/.local/lib/python3.8/site-packages/airflow/example_dags/example_task_group_decorator.py
[2024-05-30T00:08:29.310+0000] {processor.py:840} INFO - DAG(s) 'example_task_group_decorator' retrieved from /home/airflow/.local/lib/python3.8/site-packages/airflow/example_dags/example_task_group_decorator.py
[2024-05-30T00:08:29.335+0000] {logging_mixin.py:188} INFO - [2024-05-30T00:08:29.335+0000] {dag.py:3036} INFO - Sync 1 DAGs
[2024-05-30T00:08:29.355+0000] {logging_mixin.py:188} INFO - [2024-05-30T00:08:29.355+0000] {dag.py:3823} INFO - Setting next_dagrun for example_task_group_decorator to 2024-05-29 00:00:00+00:00, run_after=2024-05-30 00:00:00+00:00
[2024-05-30T00:08:29.374+0000] {processor.py:183} INFO - Processing /home/airflow/.local/lib/python3.8/site-packages/airflow/example_dags/example_task_group_decorator.py took 0.083 seconds
[2024-05-30T00:09:00.233+0000] {processor.py:161} INFO - Started process (PID=3738) to work on /home/airflow/.local/lib/python3.8/site-packages/airflow/example_dags/example_task_group_decorator.py
[2024-05-30T00:09:00.235+0000] {processor.py:830} INFO - Processing file /home/airflow/.local/lib/python3.8/site-packages/airflow/example_dags/example_task_group_decorator.py for tasks to queue
[2024-05-30T00:09:00.236+0000] {logging_mixin.py:188} INFO - [2024-05-30T00:09:00.236+0000] {dagbag.py:538} INFO - Filling up the DagBag from /home/airflow/.local/lib/python3.8/site-packages/airflow/example_dags/example_task_group_decorator.py
[2024-05-30T00:09:00.254+0000] {processor.py:840} INFO - DAG(s) 'example_task_group_decorator' retrieved from /home/airflow/.local/lib/python3.8/site-packages/airflow/example_dags/example_task_group_decorator.py
[2024-05-30T00:09:00.279+0000] {logging_mixin.py:188} INFO - [2024-05-30T00:09:00.279+0000] {dag.py:3036} INFO - Sync 1 DAGs
[2024-05-30T00:09:00.300+0000] {logging_mixin.py:188} INFO - [2024-05-30T00:09:00.300+0000] {dag.py:3823} INFO - Setting next_dagrun for example_task_group_decorator to 2024-05-29 00:00:00+00:00, run_after=2024-05-30 00:00:00+00:00
[2024-05-30T00:09:00.319+0000] {processor.py:183} INFO - Processing /home/airflow/.local/lib/python3.8/site-packages/airflow/example_dags/example_task_group_decorator.py took 0.089 seconds
[2024-05-30T00:09:30.552+0000] {processor.py:161} INFO - Started process (PID=3797) to work on /home/airflow/.local/lib/python3.8/site-packages/airflow/example_dags/example_task_group_decorator.py
[2024-05-30T00:09:30.554+0000] {processor.py:830} INFO - Processing file /home/airflow/.local/lib/python3.8/site-packages/airflow/example_dags/example_task_group_decorator.py for tasks to queue
[2024-05-30T00:09:30.555+0000] {logging_mixin.py:188} INFO - [2024-05-30T00:09:30.555+0000] {dagbag.py:538} INFO - Filling up the DagBag from /home/airflow/.local/lib/python3.8/site-packages/airflow/example_dags/example_task_group_decorator.py
[2024-05-30T00:09:30.569+0000] {processor.py:840} INFO - DAG(s) 'example_task_group_decorator' retrieved from /home/airflow/.local/lib/python3.8/site-packages/airflow/example_dags/example_task_group_decorator.py
[2024-05-30T00:09:30.594+0000] {logging_mixin.py:188} INFO - [2024-05-30T00:09:30.594+0000] {dag.py:3036} INFO - Sync 1 DAGs
[2024-05-30T00:09:30.615+0000] {logging_mixin.py:188} INFO - [2024-05-30T00:09:30.615+0000] {dag.py:3823} INFO - Setting next_dagrun for example_task_group_decorator to 2024-05-29 00:00:00+00:00, run_after=2024-05-30 00:00:00+00:00
[2024-05-30T00:09:30.634+0000] {processor.py:183} INFO - Processing /home/airflow/.local/lib/python3.8/site-packages/airflow/example_dags/example_task_group_decorator.py took 0.084 seconds
[2024-05-30T00:10:01.765+0000] {processor.py:161} INFO - Started process (PID=3856) to work on /home/airflow/.local/lib/python3.8/site-packages/airflow/example_dags/example_task_group_decorator.py
[2024-05-30T00:10:01.766+0000] {processor.py:830} INFO - Processing file /home/airflow/.local/lib/python3.8/site-packages/airflow/example_dags/example_task_group_decorator.py for tasks to queue
[2024-05-30T00:10:01.767+0000] {logging_mixin.py:188} INFO - [2024-05-30T00:10:01.767+0000] {dagbag.py:538} INFO - Filling up the DagBag from /home/airflow/.local/lib/python3.8/site-packages/airflow/example_dags/example_task_group_decorator.py
[2024-05-30T00:10:01.783+0000] {processor.py:840} INFO - DAG(s) 'example_task_group_decorator' retrieved from /home/airflow/.local/lib/python3.8/site-packages/airflow/example_dags/example_task_group_decorator.py
[2024-05-30T00:10:01.808+0000] {logging_mixin.py:188} INFO - [2024-05-30T00:10:01.808+0000] {dag.py:3036} INFO - Sync 1 DAGs
[2024-05-30T00:10:01.834+0000] {logging_mixin.py:188} INFO - [2024-05-30T00:10:01.833+0000] {dag.py:3823} INFO - Setting next_dagrun for example_task_group_decorator to 2024-05-29 00:00:00+00:00, run_after=2024-05-30 00:00:00+00:00
[2024-05-30T00:10:01.854+0000] {processor.py:183} INFO - Processing /home/airflow/.local/lib/python3.8/site-packages/airflow/example_dags/example_task_group_decorator.py took 0.092 seconds
[2024-05-30T00:10:32.029+0000] {processor.py:161} INFO - Started process (PID=3915) to work on /home/airflow/.local/lib/python3.8/site-packages/airflow/example_dags/example_task_group_decorator.py
[2024-05-30T00:10:32.030+0000] {processor.py:830} INFO - Processing file /home/airflow/.local/lib/python3.8/site-packages/airflow/example_dags/example_task_group_decorator.py for tasks to queue
[2024-05-30T00:10:32.032+0000] {logging_mixin.py:188} INFO - [2024-05-30T00:10:32.032+0000] {dagbag.py:538} INFO - Filling up the DagBag from /home/airflow/.local/lib/python3.8/site-packages/airflow/example_dags/example_task_group_decorator.py
[2024-05-30T00:10:32.046+0000] {processor.py:840} INFO - DAG(s) 'example_task_group_decorator' retrieved from /home/airflow/.local/lib/python3.8/site-packages/airflow/example_dags/example_task_group_decorator.py
[2024-05-30T00:10:32.074+0000] {logging_mixin.py:188} INFO - [2024-05-30T00:10:32.074+0000] {dag.py:3036} INFO - Sync 1 DAGs
[2024-05-30T00:10:32.097+0000] {logging_mixin.py:188} INFO - [2024-05-30T00:10:32.097+0000] {dag.py:3823} INFO - Setting next_dagrun for example_task_group_decorator to 2024-05-29 00:00:00+00:00, run_after=2024-05-30 00:00:00+00:00
[2024-05-30T00:10:32.121+0000] {processor.py:183} INFO - Processing /home/airflow/.local/lib/python3.8/site-packages/airflow/example_dags/example_task_group_decorator.py took 0.094 seconds
[2024-05-30T00:11:02.934+0000] {processor.py:161} INFO - Started process (PID=3974) to work on /home/airflow/.local/lib/python3.8/site-packages/airflow/example_dags/example_task_group_decorator.py
[2024-05-30T00:11:02.935+0000] {processor.py:830} INFO - Processing file /home/airflow/.local/lib/python3.8/site-packages/airflow/example_dags/example_task_group_decorator.py for tasks to queue
[2024-05-30T00:11:02.936+0000] {logging_mixin.py:188} INFO - [2024-05-30T00:11:02.936+0000] {dagbag.py:538} INFO - Filling up the DagBag from /home/airflow/.local/lib/python3.8/site-packages/airflow/example_dags/example_task_group_decorator.py
[2024-05-30T00:11:02.951+0000] {processor.py:840} INFO - DAG(s) 'example_task_group_decorator' retrieved from /home/airflow/.local/lib/python3.8/site-packages/airflow/example_dags/example_task_group_decorator.py
[2024-05-30T00:11:02.975+0000] {logging_mixin.py:188} INFO - [2024-05-30T00:11:02.975+0000] {dag.py:3036} INFO - Sync 1 DAGs
[2024-05-30T00:11:02.997+0000] {logging_mixin.py:188} INFO - [2024-05-30T00:11:02.997+0000] {dag.py:3823} INFO - Setting next_dagrun for example_task_group_decorator to 2024-05-29 00:00:00+00:00, run_after=2024-05-30 00:00:00+00:00
[2024-05-30T00:11:03.019+0000] {processor.py:183} INFO - Processing /home/airflow/.local/lib/python3.8/site-packages/airflow/example_dags/example_task_group_decorator.py took 0.088 seconds
[2024-05-30T00:11:33.298+0000] {processor.py:161} INFO - Started process (PID=4033) to work on /home/airflow/.local/lib/python3.8/site-packages/airflow/example_dags/example_task_group_decorator.py
[2024-05-30T00:11:33.300+0000] {processor.py:830} INFO - Processing file /home/airflow/.local/lib/python3.8/site-packages/airflow/example_dags/example_task_group_decorator.py for tasks to queue
[2024-05-30T00:11:33.301+0000] {logging_mixin.py:188} INFO - [2024-05-30T00:11:33.301+0000] {dagbag.py:538} INFO - Filling up the DagBag from /home/airflow/.local/lib/python3.8/site-packages/airflow/example_dags/example_task_group_decorator.py
[2024-05-30T00:11:33.315+0000] {processor.py:840} INFO - DAG(s) 'example_task_group_decorator' retrieved from /home/airflow/.local/lib/python3.8/site-packages/airflow/example_dags/example_task_group_decorator.py
[2024-05-30T00:11:33.340+0000] {logging_mixin.py:188} INFO - [2024-05-30T00:11:33.339+0000] {dag.py:3036} INFO - Sync 1 DAGs
[2024-05-30T00:11:33.360+0000] {logging_mixin.py:188} INFO - [2024-05-30T00:11:33.360+0000] {dag.py:3823} INFO - Setting next_dagrun for example_task_group_decorator to 2024-05-29 00:00:00+00:00, run_after=2024-05-30 00:00:00+00:00
[2024-05-30T00:11:33.380+0000] {processor.py:183} INFO - Processing /home/airflow/.local/lib/python3.8/site-packages/airflow/example_dags/example_task_group_decorator.py took 0.085 seconds
[2024-05-30T00:12:04.223+0000] {processor.py:161} INFO - Started process (PID=4092) to work on /home/airflow/.local/lib/python3.8/site-packages/airflow/example_dags/example_task_group_decorator.py
[2024-05-30T00:12:04.224+0000] {processor.py:830} INFO - Processing file /home/airflow/.local/lib/python3.8/site-packages/airflow/example_dags/example_task_group_decorator.py for tasks to queue
[2024-05-30T00:12:04.225+0000] {logging_mixin.py:188} INFO - [2024-05-30T00:12:04.225+0000] {dagbag.py:538} INFO - Filling up the DagBag from /home/airflow/.local/lib/python3.8/site-packages/airflow/example_dags/example_task_group_decorator.py
[2024-05-30T00:12:04.239+0000] {processor.py:840} INFO - DAG(s) 'example_task_group_decorator' retrieved from /home/airflow/.local/lib/python3.8/site-packages/airflow/example_dags/example_task_group_decorator.py
[2024-05-30T00:12:04.262+0000] {logging_mixin.py:188} INFO - [2024-05-30T00:12:04.262+0000] {dag.py:3036} INFO - Sync 1 DAGs
[2024-05-30T00:12:04.281+0000] {logging_mixin.py:188} INFO - [2024-05-30T00:12:04.281+0000] {dag.py:3823} INFO - Setting next_dagrun for example_task_group_decorator to 2024-05-29 00:00:00+00:00, run_after=2024-05-30 00:00:00+00:00
[2024-05-30T00:12:04.299+0000] {processor.py:183} INFO - Processing /home/airflow/.local/lib/python3.8/site-packages/airflow/example_dags/example_task_group_decorator.py took 0.079 seconds
[2024-05-30T00:12:34.799+0000] {processor.py:161} INFO - Started process (PID=4151) to work on /home/airflow/.local/lib/python3.8/site-packages/airflow/example_dags/example_task_group_decorator.py
[2024-05-30T00:12:34.800+0000] {processor.py:830} INFO - Processing file /home/airflow/.local/lib/python3.8/site-packages/airflow/example_dags/example_task_group_decorator.py for tasks to queue
[2024-05-30T00:12:34.801+0000] {logging_mixin.py:188} INFO - [2024-05-30T00:12:34.801+0000] {dagbag.py:538} INFO - Filling up the DagBag from /home/airflow/.local/lib/python3.8/site-packages/airflow/example_dags/example_task_group_decorator.py
[2024-05-30T00:12:34.815+0000] {processor.py:840} INFO - DAG(s) 'example_task_group_decorator' retrieved from /home/airflow/.local/lib/python3.8/site-packages/airflow/example_dags/example_task_group_decorator.py
[2024-05-30T00:12:34.840+0000] {logging_mixin.py:188} INFO - [2024-05-30T00:12:34.839+0000] {dag.py:3036} INFO - Sync 1 DAGs
[2024-05-30T00:12:34.860+0000] {logging_mixin.py:188} INFO - [2024-05-30T00:12:34.860+0000] {dag.py:3823} INFO - Setting next_dagrun for example_task_group_decorator to 2024-05-29 00:00:00+00:00, run_after=2024-05-30 00:00:00+00:00
[2024-05-30T00:12:34.879+0000] {processor.py:183} INFO - Processing /home/airflow/.local/lib/python3.8/site-packages/airflow/example_dags/example_task_group_decorator.py took 0.084 seconds
[2024-05-30T00:13:05.708+0000] {processor.py:161} INFO - Started process (PID=4210) to work on /home/airflow/.local/lib/python3.8/site-packages/airflow/example_dags/example_task_group_decorator.py
[2024-05-30T00:13:05.709+0000] {processor.py:830} INFO - Processing file /home/airflow/.local/lib/python3.8/site-packages/airflow/example_dags/example_task_group_decorator.py for tasks to queue
[2024-05-30T00:13:05.711+0000] {logging_mixin.py:188} INFO - [2024-05-30T00:13:05.711+0000] {dagbag.py:538} INFO - Filling up the DagBag from /home/airflow/.local/lib/python3.8/site-packages/airflow/example_dags/example_task_group_decorator.py
[2024-05-30T00:13:05.725+0000] {processor.py:840} INFO - DAG(s) 'example_task_group_decorator' retrieved from /home/airflow/.local/lib/python3.8/site-packages/airflow/example_dags/example_task_group_decorator.py
[2024-05-30T00:13:05.749+0000] {logging_mixin.py:188} INFO - [2024-05-30T00:13:05.749+0000] {dag.py:3036} INFO - Sync 1 DAGs
[2024-05-30T00:13:05.768+0000] {logging_mixin.py:188} INFO - [2024-05-30T00:13:05.768+0000] {dag.py:3823} INFO - Setting next_dagrun for example_task_group_decorator to 2024-05-29 00:00:00+00:00, run_after=2024-05-30 00:00:00+00:00
[2024-05-30T00:13:05.788+0000] {processor.py:183} INFO - Processing /home/airflow/.local/lib/python3.8/site-packages/airflow/example_dags/example_task_group_decorator.py took 0.085 seconds
[2024-05-30T00:13:36.390+0000] {processor.py:161} INFO - Started process (PID=4269) to work on /home/airflow/.local/lib/python3.8/site-packages/airflow/example_dags/example_task_group_decorator.py
[2024-05-30T00:13:36.391+0000] {processor.py:830} INFO - Processing file /home/airflow/.local/lib/python3.8/site-packages/airflow/example_dags/example_task_group_decorator.py for tasks to queue
[2024-05-30T00:13:36.393+0000] {logging_mixin.py:188} INFO - [2024-05-30T00:13:36.393+0000] {dagbag.py:538} INFO - Filling up the DagBag from /home/airflow/.local/lib/python3.8/site-packages/airflow/example_dags/example_task_group_decorator.py
[2024-05-30T00:13:36.407+0000] {processor.py:840} INFO - DAG(s) 'example_task_group_decorator' retrieved from /home/airflow/.local/lib/python3.8/site-packages/airflow/example_dags/example_task_group_decorator.py
[2024-05-30T00:13:36.432+0000] {logging_mixin.py:188} INFO - [2024-05-30T00:13:36.431+0000] {dag.py:3036} INFO - Sync 1 DAGs
[2024-05-30T00:13:36.452+0000] {logging_mixin.py:188} INFO - [2024-05-30T00:13:36.452+0000] {dag.py:3823} INFO - Setting next_dagrun for example_task_group_decorator to 2024-05-29 00:00:00+00:00, run_after=2024-05-30 00:00:00+00:00
[2024-05-30T00:13:36.472+0000] {processor.py:183} INFO - Processing /home/airflow/.local/lib/python3.8/site-packages/airflow/example_dags/example_task_group_decorator.py took 0.085 seconds
[2024-05-30T00:14:07.070+0000] {processor.py:161} INFO - Started process (PID=4334) to work on /home/airflow/.local/lib/python3.8/site-packages/airflow/example_dags/example_task_group_decorator.py
[2024-05-30T00:14:07.071+0000] {processor.py:830} INFO - Processing file /home/airflow/.local/lib/python3.8/site-packages/airflow/example_dags/example_task_group_decorator.py for tasks to queue
[2024-05-30T00:14:07.072+0000] {logging_mixin.py:188} INFO - [2024-05-30T00:14:07.072+0000] {dagbag.py:538} INFO - Filling up the DagBag from /home/airflow/.local/lib/python3.8/site-packages/airflow/example_dags/example_task_group_decorator.py
[2024-05-30T00:14:07.086+0000] {processor.py:840} INFO - DAG(s) 'example_task_group_decorator' retrieved from /home/airflow/.local/lib/python3.8/site-packages/airflow/example_dags/example_task_group_decorator.py
[2024-05-30T00:14:07.110+0000] {logging_mixin.py:188} INFO - [2024-05-30T00:14:07.110+0000] {dag.py:3036} INFO - Sync 1 DAGs
[2024-05-30T00:14:07.130+0000] {logging_mixin.py:188} INFO - [2024-05-30T00:14:07.130+0000] {dag.py:3823} INFO - Setting next_dagrun for example_task_group_decorator to 2024-05-29 00:00:00+00:00, run_after=2024-05-30 00:00:00+00:00
[2024-05-30T00:14:07.150+0000] {processor.py:183} INFO - Processing /home/airflow/.local/lib/python3.8/site-packages/airflow/example_dags/example_task_group_decorator.py took 0.083 seconds
[2024-05-30T00:21:17.347+0000] {processor.py:161} INFO - Started process (PID=5159) to work on /home/airflow/.local/lib/python3.8/site-packages/airflow/example_dags/example_task_group_decorator.py
[2024-05-30T00:21:17.348+0000] {processor.py:830} INFO - Processing file /home/airflow/.local/lib/python3.8/site-packages/airflow/example_dags/example_task_group_decorator.py for tasks to queue
[2024-05-30T00:21:17.349+0000] {logging_mixin.py:188} INFO - [2024-05-30T00:21:17.349+0000] {dagbag.py:538} INFO - Filling up the DagBag from /home/airflow/.local/lib/python3.8/site-packages/airflow/example_dags/example_task_group_decorator.py
[2024-05-30T00:21:17.364+0000] {processor.py:840} INFO - DAG(s) 'example_task_group_decorator' retrieved from /home/airflow/.local/lib/python3.8/site-packages/airflow/example_dags/example_task_group_decorator.py
[2024-05-30T00:21:17.387+0000] {logging_mixin.py:188} INFO - [2024-05-30T00:21:17.387+0000] {dag.py:3036} INFO - Sync 1 DAGs
[2024-05-30T00:21:17.407+0000] {logging_mixin.py:188} INFO - [2024-05-30T00:21:17.407+0000] {dag.py:3823} INFO - Setting next_dagrun for example_task_group_decorator to 2024-05-29 00:00:00+00:00, run_after=2024-05-30 00:00:00+00:00
[2024-05-30T00:21:17.426+0000] {processor.py:183} INFO - Processing /home/airflow/.local/lib/python3.8/site-packages/airflow/example_dags/example_task_group_decorator.py took 0.082 seconds
[2024-05-30T00:21:48.402+0000] {processor.py:161} INFO - Started process (PID=5218) to work on /home/airflow/.local/lib/python3.8/site-packages/airflow/example_dags/example_task_group_decorator.py
[2024-05-30T00:21:48.403+0000] {processor.py:830} INFO - Processing file /home/airflow/.local/lib/python3.8/site-packages/airflow/example_dags/example_task_group_decorator.py for tasks to queue
[2024-05-30T00:21:48.405+0000] {logging_mixin.py:188} INFO - [2024-05-30T00:21:48.404+0000] {dagbag.py:538} INFO - Filling up the DagBag from /home/airflow/.local/lib/python3.8/site-packages/airflow/example_dags/example_task_group_decorator.py
[2024-05-30T00:21:48.419+0000] {processor.py:840} INFO - DAG(s) 'example_task_group_decorator' retrieved from /home/airflow/.local/lib/python3.8/site-packages/airflow/example_dags/example_task_group_decorator.py
[2024-05-30T00:21:48.443+0000] {logging_mixin.py:188} INFO - [2024-05-30T00:21:48.443+0000] {dag.py:3036} INFO - Sync 1 DAGs
[2024-05-30T00:21:48.464+0000] {logging_mixin.py:188} INFO - [2024-05-30T00:21:48.463+0000] {dag.py:3823} INFO - Setting next_dagrun for example_task_group_decorator to 2024-05-29 00:00:00+00:00, run_after=2024-05-30 00:00:00+00:00
[2024-05-30T00:21:48.484+0000] {processor.py:183} INFO - Processing /home/airflow/.local/lib/python3.8/site-packages/airflow/example_dags/example_task_group_decorator.py took 0.086 seconds
