[2024-05-30T00:00:13.483+0000] {processor.py:161} INFO - Started process (PID=2725) to work on /home/airflow/.local/lib/python3.8/site-packages/airflow/example_dags/example_skip_dag.py
[2024-05-30T00:00:13.484+0000] {processor.py:830} INFO - Processing file /home/airflow/.local/lib/python3.8/site-packages/airflow/example_dags/example_skip_dag.py for tasks to queue
[2024-05-30T00:00:13.487+0000] {logging_mixin.py:188} INFO - [2024-05-30T00:00:13.486+0000] {dagbag.py:538} INFO - Filling up the DagBag from /home/airflow/.local/lib/python3.8/site-packages/airflow/example_dags/example_skip_dag.py
[2024-05-30T00:00:13.498+0000] {processor.py:840} INFO - DAG(s) 'example_skip_dag' retrieved from /home/airflow/.local/lib/python3.8/site-packages/airflow/example_dags/example_skip_dag.py
[2024-05-30T00:00:13.526+0000] {logging_mixin.py:188} INFO - [2024-05-30T00:00:13.526+0000] {dag.py:3036} INFO - Sync 1 DAGs
[2024-05-30T00:00:13.552+0000] {logging_mixin.py:188} INFO - [2024-05-30T00:00:13.552+0000] {dag.py:3823} INFO - Setting next_dagrun for example_skip_dag to 2024-05-29 00:00:00+00:00, run_after=2024-05-30 00:00:00+00:00
[2024-05-30T00:00:13.577+0000] {processor.py:183} INFO - Processing /home/airflow/.local/lib/python3.8/site-packages/airflow/example_dags/example_skip_dag.py took 0.098 seconds
[2024-05-30T00:00:44.894+0000] {processor.py:161} INFO - Started process (PID=2784) to work on /home/airflow/.local/lib/python3.8/site-packages/airflow/example_dags/example_skip_dag.py
[2024-05-30T00:00:44.896+0000] {processor.py:830} INFO - Processing file /home/airflow/.local/lib/python3.8/site-packages/airflow/example_dags/example_skip_dag.py for tasks to queue
[2024-05-30T00:00:44.899+0000] {logging_mixin.py:188} INFO - [2024-05-30T00:00:44.897+0000] {dagbag.py:538} INFO - Filling up the DagBag from /home/airflow/.local/lib/python3.8/site-packages/airflow/example_dags/example_skip_dag.py
[2024-05-30T00:00:44.914+0000] {processor.py:840} INFO - DAG(s) 'example_skip_dag' retrieved from /home/airflow/.local/lib/python3.8/site-packages/airflow/example_dags/example_skip_dag.py
[2024-05-30T00:00:44.982+0000] {logging_mixin.py:188} INFO - [2024-05-30T00:00:44.981+0000] {dag.py:3036} INFO - Sync 1 DAGs
[2024-05-30T00:00:45.036+0000] {logging_mixin.py:188} INFO - [2024-05-30T00:00:45.035+0000] {dag.py:3823} INFO - Setting next_dagrun for example_skip_dag to 2024-05-29 00:00:00+00:00, run_after=2024-05-30 00:00:00+00:00
[2024-05-30T00:00:45.091+0000] {processor.py:183} INFO - Processing /home/airflow/.local/lib/python3.8/site-packages/airflow/example_dags/example_skip_dag.py took 0.201 seconds
[2024-05-30T00:01:15.441+0000] {processor.py:161} INFO - Started process (PID=2843) to work on /home/airflow/.local/lib/python3.8/site-packages/airflow/example_dags/example_skip_dag.py
[2024-05-30T00:01:15.443+0000] {processor.py:830} INFO - Processing file /home/airflow/.local/lib/python3.8/site-packages/airflow/example_dags/example_skip_dag.py for tasks to queue
[2024-05-30T00:01:15.444+0000] {logging_mixin.py:188} INFO - [2024-05-30T00:01:15.444+0000] {dagbag.py:538} INFO - Filling up the DagBag from /home/airflow/.local/lib/python3.8/site-packages/airflow/example_dags/example_skip_dag.py
[2024-05-30T00:01:15.456+0000] {processor.py:840} INFO - DAG(s) 'example_skip_dag' retrieved from /home/airflow/.local/lib/python3.8/site-packages/airflow/example_dags/example_skip_dag.py
[2024-05-30T00:01:15.490+0000] {logging_mixin.py:188} INFO - [2024-05-30T00:01:15.490+0000] {dag.py:3036} INFO - Sync 1 DAGs
[2024-05-30T00:01:15.524+0000] {logging_mixin.py:188} INFO - [2024-05-30T00:01:15.523+0000] {dag.py:3823} INFO - Setting next_dagrun for example_skip_dag to 2024-05-29 00:00:00+00:00, run_after=2024-05-30 00:00:00+00:00
[2024-05-30T00:01:15.555+0000] {processor.py:183} INFO - Processing /home/airflow/.local/lib/python3.8/site-packages/airflow/example_dags/example_skip_dag.py took 0.121 seconds
[2024-05-30T00:01:46.016+0000] {processor.py:161} INFO - Started process (PID=2902) to work on /home/airflow/.local/lib/python3.8/site-packages/airflow/example_dags/example_skip_dag.py
[2024-05-30T00:01:46.017+0000] {processor.py:830} INFO - Processing file /home/airflow/.local/lib/python3.8/site-packages/airflow/example_dags/example_skip_dag.py for tasks to queue
[2024-05-30T00:01:46.018+0000] {logging_mixin.py:188} INFO - [2024-05-30T00:01:46.018+0000] {dagbag.py:538} INFO - Filling up the DagBag from /home/airflow/.local/lib/python3.8/site-packages/airflow/example_dags/example_skip_dag.py
[2024-05-30T00:01:46.025+0000] {processor.py:840} INFO - DAG(s) 'example_skip_dag' retrieved from /home/airflow/.local/lib/python3.8/site-packages/airflow/example_dags/example_skip_dag.py
[2024-05-30T00:01:46.048+0000] {logging_mixin.py:188} INFO - [2024-05-30T00:01:46.048+0000] {dag.py:3036} INFO - Sync 1 DAGs
[2024-05-30T00:01:46.069+0000] {logging_mixin.py:188} INFO - [2024-05-30T00:01:46.069+0000] {dag.py:3823} INFO - Setting next_dagrun for example_skip_dag to 2024-05-29 00:00:00+00:00, run_after=2024-05-30 00:00:00+00:00
[2024-05-30T00:01:46.092+0000] {processor.py:183} INFO - Processing /home/airflow/.local/lib/python3.8/site-packages/airflow/example_dags/example_skip_dag.py took 0.079 seconds
[2024-05-30T00:02:17.265+0000] {processor.py:161} INFO - Started process (PID=2961) to work on /home/airflow/.local/lib/python3.8/site-packages/airflow/example_dags/example_skip_dag.py
[2024-05-30T00:02:17.266+0000] {processor.py:830} INFO - Processing file /home/airflow/.local/lib/python3.8/site-packages/airflow/example_dags/example_skip_dag.py for tasks to queue
[2024-05-30T00:02:17.269+0000] {logging_mixin.py:188} INFO - [2024-05-30T00:02:17.268+0000] {dagbag.py:538} INFO - Filling up the DagBag from /home/airflow/.local/lib/python3.8/site-packages/airflow/example_dags/example_skip_dag.py
[2024-05-30T00:02:17.277+0000] {processor.py:840} INFO - DAG(s) 'example_skip_dag' retrieved from /home/airflow/.local/lib/python3.8/site-packages/airflow/example_dags/example_skip_dag.py
[2024-05-30T00:02:17.302+0000] {logging_mixin.py:188} INFO - [2024-05-30T00:02:17.302+0000] {dag.py:3036} INFO - Sync 1 DAGs
[2024-05-30T00:02:17.327+0000] {logging_mixin.py:188} INFO - [2024-05-30T00:02:17.326+0000] {dag.py:3823} INFO - Setting next_dagrun for example_skip_dag to 2024-05-29 00:00:00+00:00, run_after=2024-05-30 00:00:00+00:00
[2024-05-30T00:02:17.353+0000] {processor.py:183} INFO - Processing /home/airflow/.local/lib/python3.8/site-packages/airflow/example_dags/example_skip_dag.py took 0.092 seconds
[2024-05-30T00:02:48.915+0000] {processor.py:161} INFO - Started process (PID=3020) to work on /home/airflow/.local/lib/python3.8/site-packages/airflow/example_dags/example_skip_dag.py
[2024-05-30T00:02:48.919+0000] {processor.py:830} INFO - Processing file /home/airflow/.local/lib/python3.8/site-packages/airflow/example_dags/example_skip_dag.py for tasks to queue
[2024-05-30T00:02:48.923+0000] {logging_mixin.py:188} INFO - [2024-05-30T00:02:48.922+0000] {dagbag.py:538} INFO - Filling up the DagBag from /home/airflow/.local/lib/python3.8/site-packages/airflow/example_dags/example_skip_dag.py
[2024-05-30T00:02:48.930+0000] {processor.py:840} INFO - DAG(s) 'example_skip_dag' retrieved from /home/airflow/.local/lib/python3.8/site-packages/airflow/example_dags/example_skip_dag.py
[2024-05-30T00:02:48.964+0000] {logging_mixin.py:188} INFO - [2024-05-30T00:02:48.963+0000] {dag.py:3036} INFO - Sync 1 DAGs
[2024-05-30T00:02:48.986+0000] {logging_mixin.py:188} INFO - [2024-05-30T00:02:48.986+0000] {dag.py:3823} INFO - Setting next_dagrun for example_skip_dag to 2024-05-29 00:00:00+00:00, run_after=2024-05-30 00:00:00+00:00
[2024-05-30T00:02:49.022+0000] {processor.py:183} INFO - Processing /home/airflow/.local/lib/python3.8/site-packages/airflow/example_dags/example_skip_dag.py took 0.113 seconds
[2024-05-30T00:03:19.629+0000] {processor.py:161} INFO - Started process (PID=3079) to work on /home/airflow/.local/lib/python3.8/site-packages/airflow/example_dags/example_skip_dag.py
[2024-05-30T00:03:19.630+0000] {processor.py:830} INFO - Processing file /home/airflow/.local/lib/python3.8/site-packages/airflow/example_dags/example_skip_dag.py for tasks to queue
[2024-05-30T00:03:19.633+0000] {logging_mixin.py:188} INFO - [2024-05-30T00:03:19.632+0000] {dagbag.py:538} INFO - Filling up the DagBag from /home/airflow/.local/lib/python3.8/site-packages/airflow/example_dags/example_skip_dag.py
[2024-05-30T00:03:19.643+0000] {processor.py:840} INFO - DAG(s) 'example_skip_dag' retrieved from /home/airflow/.local/lib/python3.8/site-packages/airflow/example_dags/example_skip_dag.py
[2024-05-30T00:03:19.670+0000] {logging_mixin.py:188} INFO - [2024-05-30T00:03:19.670+0000] {dag.py:3036} INFO - Sync 1 DAGs
[2024-05-30T00:03:19.695+0000] {logging_mixin.py:188} INFO - [2024-05-30T00:03:19.695+0000] {dag.py:3823} INFO - Setting next_dagrun for example_skip_dag to 2024-05-29 00:00:00+00:00, run_after=2024-05-30 00:00:00+00:00
[2024-05-30T00:03:19.718+0000] {processor.py:183} INFO - Processing /home/airflow/.local/lib/python3.8/site-packages/airflow/example_dags/example_skip_dag.py took 0.095 seconds
[2024-05-30T00:03:50.666+0000] {processor.py:161} INFO - Started process (PID=3138) to work on /home/airflow/.local/lib/python3.8/site-packages/airflow/example_dags/example_skip_dag.py
[2024-05-30T00:03:50.667+0000] {processor.py:830} INFO - Processing file /home/airflow/.local/lib/python3.8/site-packages/airflow/example_dags/example_skip_dag.py for tasks to queue
[2024-05-30T00:03:50.669+0000] {logging_mixin.py:188} INFO - [2024-05-30T00:03:50.668+0000] {dagbag.py:538} INFO - Filling up the DagBag from /home/airflow/.local/lib/python3.8/site-packages/airflow/example_dags/example_skip_dag.py
[2024-05-30T00:03:50.676+0000] {processor.py:840} INFO - DAG(s) 'example_skip_dag' retrieved from /home/airflow/.local/lib/python3.8/site-packages/airflow/example_dags/example_skip_dag.py
[2024-05-30T00:03:50.701+0000] {logging_mixin.py:188} INFO - [2024-05-30T00:03:50.701+0000] {dag.py:3036} INFO - Sync 1 DAGs
[2024-05-30T00:03:50.721+0000] {logging_mixin.py:188} INFO - [2024-05-30T00:03:50.721+0000] {dag.py:3823} INFO - Setting next_dagrun for example_skip_dag to 2024-05-29 00:00:00+00:00, run_after=2024-05-30 00:00:00+00:00
[2024-05-30T00:03:50.743+0000] {processor.py:183} INFO - Processing /home/airflow/.local/lib/python3.8/site-packages/airflow/example_dags/example_skip_dag.py took 0.080 seconds
[2024-05-30T00:04:21.092+0000] {processor.py:161} INFO - Started process (PID=3197) to work on /home/airflow/.local/lib/python3.8/site-packages/airflow/example_dags/example_skip_dag.py
[2024-05-30T00:04:21.094+0000] {processor.py:830} INFO - Processing file /home/airflow/.local/lib/python3.8/site-packages/airflow/example_dags/example_skip_dag.py for tasks to queue
[2024-05-30T00:04:21.095+0000] {logging_mixin.py:188} INFO - [2024-05-30T00:04:21.095+0000] {dagbag.py:538} INFO - Filling up the DagBag from /home/airflow/.local/lib/python3.8/site-packages/airflow/example_dags/example_skip_dag.py
[2024-05-30T00:04:21.106+0000] {processor.py:840} INFO - DAG(s) 'example_skip_dag' retrieved from /home/airflow/.local/lib/python3.8/site-packages/airflow/example_dags/example_skip_dag.py
[2024-05-30T00:04:21.128+0000] {logging_mixin.py:188} INFO - [2024-05-30T00:04:21.128+0000] {dag.py:3036} INFO - Sync 1 DAGs
[2024-05-30T00:04:21.149+0000] {logging_mixin.py:188} INFO - [2024-05-30T00:04:21.148+0000] {dag.py:3823} INFO - Setting next_dagrun for example_skip_dag to 2024-05-29 00:00:00+00:00, run_after=2024-05-30 00:00:00+00:00
[2024-05-30T00:04:21.171+0000] {processor.py:183} INFO - Processing /home/airflow/.local/lib/python3.8/site-packages/airflow/example_dags/example_skip_dag.py took 0.082 seconds
[2024-05-30T00:04:51.991+0000] {processor.py:161} INFO - Started process (PID=3256) to work on /home/airflow/.local/lib/python3.8/site-packages/airflow/example_dags/example_skip_dag.py
[2024-05-30T00:04:51.992+0000] {processor.py:830} INFO - Processing file /home/airflow/.local/lib/python3.8/site-packages/airflow/example_dags/example_skip_dag.py for tasks to queue
[2024-05-30T00:04:51.993+0000] {logging_mixin.py:188} INFO - [2024-05-30T00:04:51.993+0000] {dagbag.py:538} INFO - Filling up the DagBag from /home/airflow/.local/lib/python3.8/site-packages/airflow/example_dags/example_skip_dag.py
[2024-05-30T00:04:52.000+0000] {processor.py:840} INFO - DAG(s) 'example_skip_dag' retrieved from /home/airflow/.local/lib/python3.8/site-packages/airflow/example_dags/example_skip_dag.py
[2024-05-30T00:04:52.022+0000] {logging_mixin.py:188} INFO - [2024-05-30T00:04:52.022+0000] {dag.py:3036} INFO - Sync 1 DAGs
[2024-05-30T00:04:52.042+0000] {logging_mixin.py:188} INFO - [2024-05-30T00:04:52.042+0000] {dag.py:3823} INFO - Setting next_dagrun for example_skip_dag to 2024-05-29 00:00:00+00:00, run_after=2024-05-30 00:00:00+00:00
[2024-05-30T00:04:52.061+0000] {processor.py:183} INFO - Processing /home/airflow/.local/lib/python3.8/site-packages/airflow/example_dags/example_skip_dag.py took 0.074 seconds
[2024-05-30T00:05:22.633+0000] {processor.py:161} INFO - Started process (PID=3315) to work on /home/airflow/.local/lib/python3.8/site-packages/airflow/example_dags/example_skip_dag.py
[2024-05-30T00:05:22.634+0000] {processor.py:830} INFO - Processing file /home/airflow/.local/lib/python3.8/site-packages/airflow/example_dags/example_skip_dag.py for tasks to queue
[2024-05-30T00:05:22.635+0000] {logging_mixin.py:188} INFO - [2024-05-30T00:05:22.635+0000] {dagbag.py:538} INFO - Filling up the DagBag from /home/airflow/.local/lib/python3.8/site-packages/airflow/example_dags/example_skip_dag.py
[2024-05-30T00:05:22.643+0000] {processor.py:840} INFO - DAG(s) 'example_skip_dag' retrieved from /home/airflow/.local/lib/python3.8/site-packages/airflow/example_dags/example_skip_dag.py
[2024-05-30T00:05:22.664+0000] {logging_mixin.py:188} INFO - [2024-05-30T00:05:22.663+0000] {dag.py:3036} INFO - Sync 1 DAGs
[2024-05-30T00:05:22.683+0000] {logging_mixin.py:188} INFO - [2024-05-30T00:05:22.683+0000] {dag.py:3823} INFO - Setting next_dagrun for example_skip_dag to 2024-05-29 00:00:00+00:00, run_after=2024-05-30 00:00:00+00:00
[2024-05-30T00:05:22.706+0000] {processor.py:183} INFO - Processing /home/airflow/.local/lib/python3.8/site-packages/airflow/example_dags/example_skip_dag.py took 0.077 seconds
[2024-05-30T00:05:53.922+0000] {processor.py:161} INFO - Started process (PID=3374) to work on /home/airflow/.local/lib/python3.8/site-packages/airflow/example_dags/example_skip_dag.py
[2024-05-30T00:05:53.923+0000] {processor.py:830} INFO - Processing file /home/airflow/.local/lib/python3.8/site-packages/airflow/example_dags/example_skip_dag.py for tasks to queue
[2024-05-30T00:05:53.924+0000] {logging_mixin.py:188} INFO - [2024-05-30T00:05:53.924+0000] {dagbag.py:538} INFO - Filling up the DagBag from /home/airflow/.local/lib/python3.8/site-packages/airflow/example_dags/example_skip_dag.py
[2024-05-30T00:05:53.931+0000] {processor.py:840} INFO - DAG(s) 'example_skip_dag' retrieved from /home/airflow/.local/lib/python3.8/site-packages/airflow/example_dags/example_skip_dag.py
[2024-05-30T00:05:54.069+0000] {logging_mixin.py:188} INFO - [2024-05-30T00:05:54.069+0000] {dag.py:3036} INFO - Sync 1 DAGs
[2024-05-30T00:05:54.089+0000] {logging_mixin.py:188} INFO - [2024-05-30T00:05:54.089+0000] {dag.py:3823} INFO - Setting next_dagrun for example_skip_dag to 2024-05-29 00:00:00+00:00, run_after=2024-05-30 00:00:00+00:00
[2024-05-30T00:05:54.110+0000] {processor.py:183} INFO - Processing /home/airflow/.local/lib/python3.8/site-packages/airflow/example_dags/example_skip_dag.py took 0.191 seconds
[2024-05-30T00:06:25.135+0000] {processor.py:161} INFO - Started process (PID=3433) to work on /home/airflow/.local/lib/python3.8/site-packages/airflow/example_dags/example_skip_dag.py
[2024-05-30T00:06:25.136+0000] {processor.py:830} INFO - Processing file /home/airflow/.local/lib/python3.8/site-packages/airflow/example_dags/example_skip_dag.py for tasks to queue
[2024-05-30T00:06:25.137+0000] {logging_mixin.py:188} INFO - [2024-05-30T00:06:25.137+0000] {dagbag.py:538} INFO - Filling up the DagBag from /home/airflow/.local/lib/python3.8/site-packages/airflow/example_dags/example_skip_dag.py
[2024-05-30T00:06:25.145+0000] {processor.py:840} INFO - DAG(s) 'example_skip_dag' retrieved from /home/airflow/.local/lib/python3.8/site-packages/airflow/example_dags/example_skip_dag.py
[2024-05-30T00:06:25.170+0000] {logging_mixin.py:188} INFO - [2024-05-30T00:06:25.169+0000] {dag.py:3036} INFO - Sync 1 DAGs
[2024-05-30T00:06:25.306+0000] {logging_mixin.py:188} INFO - [2024-05-30T00:06:25.305+0000] {dag.py:3823} INFO - Setting next_dagrun for example_skip_dag to 2024-05-29 00:00:00+00:00, run_after=2024-05-30 00:00:00+00:00
[2024-05-30T00:06:25.334+0000] {processor.py:183} INFO - Processing /home/airflow/.local/lib/python3.8/site-packages/airflow/example_dags/example_skip_dag.py took 0.204 seconds
[2024-05-30T00:06:55.807+0000] {processor.py:161} INFO - Started process (PID=3492) to work on /home/airflow/.local/lib/python3.8/site-packages/airflow/example_dags/example_skip_dag.py
[2024-05-30T00:06:55.808+0000] {processor.py:830} INFO - Processing file /home/airflow/.local/lib/python3.8/site-packages/airflow/example_dags/example_skip_dag.py for tasks to queue
[2024-05-30T00:06:55.809+0000] {logging_mixin.py:188} INFO - [2024-05-30T00:06:55.809+0000] {dagbag.py:538} INFO - Filling up the DagBag from /home/airflow/.local/lib/python3.8/site-packages/airflow/example_dags/example_skip_dag.py
[2024-05-30T00:06:55.816+0000] {processor.py:840} INFO - DAG(s) 'example_skip_dag' retrieved from /home/airflow/.local/lib/python3.8/site-packages/airflow/example_dags/example_skip_dag.py
[2024-05-30T00:06:55.838+0000] {logging_mixin.py:188} INFO - [2024-05-30T00:06:55.838+0000] {dag.py:3036} INFO - Sync 1 DAGs
[2024-05-30T00:06:55.861+0000] {logging_mixin.py:188} INFO - [2024-05-30T00:06:55.861+0000] {dag.py:3823} INFO - Setting next_dagrun for example_skip_dag to 2024-05-29 00:00:00+00:00, run_after=2024-05-30 00:00:00+00:00
[2024-05-30T00:06:55.883+0000] {processor.py:183} INFO - Processing /home/airflow/.local/lib/python3.8/site-packages/airflow/example_dags/example_skip_dag.py took 0.080 seconds
[2024-05-30T00:07:26.729+0000] {processor.py:161} INFO - Started process (PID=3551) to work on /home/airflow/.local/lib/python3.8/site-packages/airflow/example_dags/example_skip_dag.py
[2024-05-30T00:07:26.731+0000] {processor.py:830} INFO - Processing file /home/airflow/.local/lib/python3.8/site-packages/airflow/example_dags/example_skip_dag.py for tasks to queue
[2024-05-30T00:07:26.733+0000] {logging_mixin.py:188} INFO - [2024-05-30T00:07:26.732+0000] {dagbag.py:538} INFO - Filling up the DagBag from /home/airflow/.local/lib/python3.8/site-packages/airflow/example_dags/example_skip_dag.py
[2024-05-30T00:07:26.743+0000] {processor.py:840} INFO - DAG(s) 'example_skip_dag' retrieved from /home/airflow/.local/lib/python3.8/site-packages/airflow/example_dags/example_skip_dag.py
[2024-05-30T00:07:26.769+0000] {logging_mixin.py:188} INFO - [2024-05-30T00:07:26.769+0000] {dag.py:3036} INFO - Sync 1 DAGs
[2024-05-30T00:07:26.794+0000] {logging_mixin.py:188} INFO - [2024-05-30T00:07:26.793+0000] {dag.py:3823} INFO - Setting next_dagrun for example_skip_dag to 2024-05-29 00:00:00+00:00, run_after=2024-05-30 00:00:00+00:00
[2024-05-30T00:07:26.818+0000] {processor.py:183} INFO - Processing /home/airflow/.local/lib/python3.8/site-packages/airflow/example_dags/example_skip_dag.py took 0.095 seconds
[2024-05-30T00:07:57.172+0000] {processor.py:161} INFO - Started process (PID=3610) to work on /home/airflow/.local/lib/python3.8/site-packages/airflow/example_dags/example_skip_dag.py
[2024-05-30T00:07:57.173+0000] {processor.py:830} INFO - Processing file /home/airflow/.local/lib/python3.8/site-packages/airflow/example_dags/example_skip_dag.py for tasks to queue
[2024-05-30T00:07:57.174+0000] {logging_mixin.py:188} INFO - [2024-05-30T00:07:57.174+0000] {dagbag.py:538} INFO - Filling up the DagBag from /home/airflow/.local/lib/python3.8/site-packages/airflow/example_dags/example_skip_dag.py
[2024-05-30T00:07:57.182+0000] {processor.py:840} INFO - DAG(s) 'example_skip_dag' retrieved from /home/airflow/.local/lib/python3.8/site-packages/airflow/example_dags/example_skip_dag.py
[2024-05-30T00:07:57.205+0000] {logging_mixin.py:188} INFO - [2024-05-30T00:07:57.205+0000] {dag.py:3036} INFO - Sync 1 DAGs
[2024-05-30T00:07:57.227+0000] {logging_mixin.py:188} INFO - [2024-05-30T00:07:57.226+0000] {dag.py:3823} INFO - Setting next_dagrun for example_skip_dag to 2024-05-29 00:00:00+00:00, run_after=2024-05-30 00:00:00+00:00
[2024-05-30T00:07:57.249+0000] {processor.py:183} INFO - Processing /home/airflow/.local/lib/python3.8/site-packages/airflow/example_dags/example_skip_dag.py took 0.081 seconds
[2024-05-30T00:08:27.637+0000] {processor.py:161} INFO - Started process (PID=3669) to work on /home/airflow/.local/lib/python3.8/site-packages/airflow/example_dags/example_skip_dag.py
[2024-05-30T00:08:27.639+0000] {processor.py:830} INFO - Processing file /home/airflow/.local/lib/python3.8/site-packages/airflow/example_dags/example_skip_dag.py for tasks to queue
[2024-05-30T00:08:27.640+0000] {logging_mixin.py:188} INFO - [2024-05-30T00:08:27.640+0000] {dagbag.py:538} INFO - Filling up the DagBag from /home/airflow/.local/lib/python3.8/site-packages/airflow/example_dags/example_skip_dag.py
[2024-05-30T00:08:27.648+0000] {processor.py:840} INFO - DAG(s) 'example_skip_dag' retrieved from /home/airflow/.local/lib/python3.8/site-packages/airflow/example_dags/example_skip_dag.py
[2024-05-30T00:08:27.669+0000] {logging_mixin.py:188} INFO - [2024-05-30T00:08:27.669+0000] {dag.py:3036} INFO - Sync 1 DAGs
[2024-05-30T00:08:27.691+0000] {logging_mixin.py:188} INFO - [2024-05-30T00:08:27.691+0000] {dag.py:3823} INFO - Setting next_dagrun for example_skip_dag to 2024-05-29 00:00:00+00:00, run_after=2024-05-30 00:00:00+00:00
[2024-05-30T00:08:27.715+0000] {processor.py:183} INFO - Processing /home/airflow/.local/lib/python3.8/site-packages/airflow/example_dags/example_skip_dag.py took 0.081 seconds
[2024-05-30T00:08:58.502+0000] {processor.py:161} INFO - Started process (PID=3727) to work on /home/airflow/.local/lib/python3.8/site-packages/airflow/example_dags/example_skip_dag.py
[2024-05-30T00:08:58.503+0000] {processor.py:830} INFO - Processing file /home/airflow/.local/lib/python3.8/site-packages/airflow/example_dags/example_skip_dag.py for tasks to queue
[2024-05-30T00:08:58.505+0000] {logging_mixin.py:188} INFO - [2024-05-30T00:08:58.504+0000] {dagbag.py:538} INFO - Filling up the DagBag from /home/airflow/.local/lib/python3.8/site-packages/airflow/example_dags/example_skip_dag.py
[2024-05-30T00:08:58.513+0000] {processor.py:840} INFO - DAG(s) 'example_skip_dag' retrieved from /home/airflow/.local/lib/python3.8/site-packages/airflow/example_dags/example_skip_dag.py
[2024-05-30T00:08:58.537+0000] {logging_mixin.py:188} INFO - [2024-05-30T00:08:58.537+0000] {dag.py:3036} INFO - Sync 1 DAGs
[2024-05-30T00:08:58.561+0000] {logging_mixin.py:188} INFO - [2024-05-30T00:08:58.561+0000] {dag.py:3823} INFO - Setting next_dagrun for example_skip_dag to 2024-05-29 00:00:00+00:00, run_after=2024-05-30 00:00:00+00:00
[2024-05-30T00:08:58.579+0000] {processor.py:183} INFO - Processing /home/airflow/.local/lib/python3.8/site-packages/airflow/example_dags/example_skip_dag.py took 0.080 seconds
[2024-05-30T00:09:29.722+0000] {processor.py:161} INFO - Started process (PID=3787) to work on /home/airflow/.local/lib/python3.8/site-packages/airflow/example_dags/example_skip_dag.py
[2024-05-30T00:09:29.724+0000] {processor.py:830} INFO - Processing file /home/airflow/.local/lib/python3.8/site-packages/airflow/example_dags/example_skip_dag.py for tasks to queue
[2024-05-30T00:09:29.725+0000] {logging_mixin.py:188} INFO - [2024-05-30T00:09:29.724+0000] {dagbag.py:538} INFO - Filling up the DagBag from /home/airflow/.local/lib/python3.8/site-packages/airflow/example_dags/example_skip_dag.py
[2024-05-30T00:09:29.733+0000] {processor.py:840} INFO - DAG(s) 'example_skip_dag' retrieved from /home/airflow/.local/lib/python3.8/site-packages/airflow/example_dags/example_skip_dag.py
[2024-05-30T00:09:29.760+0000] {logging_mixin.py:188} INFO - [2024-05-30T00:09:29.760+0000] {dag.py:3036} INFO - Sync 1 DAGs
[2024-05-30T00:09:29.781+0000] {logging_mixin.py:188} INFO - [2024-05-30T00:09:29.781+0000] {dag.py:3823} INFO - Setting next_dagrun for example_skip_dag to 2024-05-29 00:00:00+00:00, run_after=2024-05-30 00:00:00+00:00
[2024-05-30T00:09:29.803+0000] {processor.py:183} INFO - Processing /home/airflow/.local/lib/python3.8/site-packages/airflow/example_dags/example_skip_dag.py took 0.084 seconds
[2024-05-30T00:10:00.694+0000] {processor.py:161} INFO - Started process (PID=3845) to work on /home/airflow/.local/lib/python3.8/site-packages/airflow/example_dags/example_skip_dag.py
[2024-05-30T00:10:00.695+0000] {processor.py:830} INFO - Processing file /home/airflow/.local/lib/python3.8/site-packages/airflow/example_dags/example_skip_dag.py for tasks to queue
[2024-05-30T00:10:00.696+0000] {logging_mixin.py:188} INFO - [2024-05-30T00:10:00.696+0000] {dagbag.py:538} INFO - Filling up the DagBag from /home/airflow/.local/lib/python3.8/site-packages/airflow/example_dags/example_skip_dag.py
[2024-05-30T00:10:00.707+0000] {processor.py:840} INFO - DAG(s) 'example_skip_dag' retrieved from /home/airflow/.local/lib/python3.8/site-packages/airflow/example_dags/example_skip_dag.py
[2024-05-30T00:10:00.733+0000] {logging_mixin.py:188} INFO - [2024-05-30T00:10:00.733+0000] {dag.py:3036} INFO - Sync 1 DAGs
[2024-05-30T00:10:00.758+0000] {logging_mixin.py:188} INFO - [2024-05-30T00:10:00.758+0000] {dag.py:3823} INFO - Setting next_dagrun for example_skip_dag to 2024-05-29 00:00:00+00:00, run_after=2024-05-30 00:00:00+00:00
[2024-05-30T00:10:00.786+0000] {processor.py:183} INFO - Processing /home/airflow/.local/lib/python3.8/site-packages/airflow/example_dags/example_skip_dag.py took 0.095 seconds
[2024-05-30T00:10:31.273+0000] {processor.py:161} INFO - Started process (PID=3904) to work on /home/airflow/.local/lib/python3.8/site-packages/airflow/example_dags/example_skip_dag.py
[2024-05-30T00:10:31.274+0000] {processor.py:830} INFO - Processing file /home/airflow/.local/lib/python3.8/site-packages/airflow/example_dags/example_skip_dag.py for tasks to queue
[2024-05-30T00:10:31.275+0000] {logging_mixin.py:188} INFO - [2024-05-30T00:10:31.275+0000] {dagbag.py:538} INFO - Filling up the DagBag from /home/airflow/.local/lib/python3.8/site-packages/airflow/example_dags/example_skip_dag.py
[2024-05-30T00:10:31.283+0000] {processor.py:840} INFO - DAG(s) 'example_skip_dag' retrieved from /home/airflow/.local/lib/python3.8/site-packages/airflow/example_dags/example_skip_dag.py
[2024-05-30T00:10:31.306+0000] {logging_mixin.py:188} INFO - [2024-05-30T00:10:31.306+0000] {dag.py:3036} INFO - Sync 1 DAGs
[2024-05-30T00:10:31.326+0000] {logging_mixin.py:188} INFO - [2024-05-30T00:10:31.326+0000] {dag.py:3823} INFO - Setting next_dagrun for example_skip_dag to 2024-05-29 00:00:00+00:00, run_after=2024-05-30 00:00:00+00:00
[2024-05-30T00:10:31.347+0000] {processor.py:183} INFO - Processing /home/airflow/.local/lib/python3.8/site-packages/airflow/example_dags/example_skip_dag.py took 0.077 seconds
[2024-05-30T00:11:02.164+0000] {processor.py:161} INFO - Started process (PID=3963) to work on /home/airflow/.local/lib/python3.8/site-packages/airflow/example_dags/example_skip_dag.py
[2024-05-30T00:11:02.165+0000] {processor.py:830} INFO - Processing file /home/airflow/.local/lib/python3.8/site-packages/airflow/example_dags/example_skip_dag.py for tasks to queue
[2024-05-30T00:11:02.166+0000] {logging_mixin.py:188} INFO - [2024-05-30T00:11:02.166+0000] {dagbag.py:538} INFO - Filling up the DagBag from /home/airflow/.local/lib/python3.8/site-packages/airflow/example_dags/example_skip_dag.py
[2024-05-30T00:11:02.173+0000] {processor.py:840} INFO - DAG(s) 'example_skip_dag' retrieved from /home/airflow/.local/lib/python3.8/site-packages/airflow/example_dags/example_skip_dag.py
[2024-05-30T00:11:02.196+0000] {logging_mixin.py:188} INFO - [2024-05-30T00:11:02.196+0000] {dag.py:3036} INFO - Sync 1 DAGs
[2024-05-30T00:11:02.217+0000] {logging_mixin.py:188} INFO - [2024-05-30T00:11:02.217+0000] {dag.py:3823} INFO - Setting next_dagrun for example_skip_dag to 2024-05-29 00:00:00+00:00, run_after=2024-05-30 00:00:00+00:00
[2024-05-30T00:11:02.239+0000] {processor.py:183} INFO - Processing /home/airflow/.local/lib/python3.8/site-packages/airflow/example_dags/example_skip_dag.py took 0.078 seconds
[2024-05-30T00:11:32.325+0000] {processor.py:161} INFO - Started process (PID=4021) to work on /home/airflow/.local/lib/python3.8/site-packages/airflow/example_dags/example_skip_dag.py
[2024-05-30T00:11:32.325+0000] {processor.py:830} INFO - Processing file /home/airflow/.local/lib/python3.8/site-packages/airflow/example_dags/example_skip_dag.py for tasks to queue
[2024-05-30T00:11:32.326+0000] {logging_mixin.py:188} INFO - [2024-05-30T00:11:32.326+0000] {dagbag.py:538} INFO - Filling up the DagBag from /home/airflow/.local/lib/python3.8/site-packages/airflow/example_dags/example_skip_dag.py
[2024-05-30T00:11:32.333+0000] {processor.py:840} INFO - DAG(s) 'example_skip_dag' retrieved from /home/airflow/.local/lib/python3.8/site-packages/airflow/example_dags/example_skip_dag.py
[2024-05-30T00:11:32.354+0000] {logging_mixin.py:188} INFO - [2024-05-30T00:11:32.354+0000] {dag.py:3036} INFO - Sync 1 DAGs
[2024-05-30T00:11:32.374+0000] {logging_mixin.py:188} INFO - [2024-05-30T00:11:32.374+0000] {dag.py:3823} INFO - Setting next_dagrun for example_skip_dag to 2024-05-29 00:00:00+00:00, run_after=2024-05-30 00:00:00+00:00
[2024-05-30T00:11:32.392+0000] {processor.py:183} INFO - Processing /home/airflow/.local/lib/python3.8/site-packages/airflow/example_dags/example_skip_dag.py took 0.071 seconds
[2024-05-30T00:12:03.659+0000] {processor.py:161} INFO - Started process (PID=4082) to work on /home/airflow/.local/lib/python3.8/site-packages/airflow/example_dags/example_skip_dag.py
[2024-05-30T00:12:03.660+0000] {processor.py:830} INFO - Processing file /home/airflow/.local/lib/python3.8/site-packages/airflow/example_dags/example_skip_dag.py for tasks to queue
[2024-05-30T00:12:03.662+0000] {logging_mixin.py:188} INFO - [2024-05-30T00:12:03.661+0000] {dagbag.py:538} INFO - Filling up the DagBag from /home/airflow/.local/lib/python3.8/site-packages/airflow/example_dags/example_skip_dag.py
[2024-05-30T00:12:03.670+0000] {processor.py:840} INFO - DAG(s) 'example_skip_dag' retrieved from /home/airflow/.local/lib/python3.8/site-packages/airflow/example_dags/example_skip_dag.py
[2024-05-30T00:12:03.694+0000] {logging_mixin.py:188} INFO - [2024-05-30T00:12:03.693+0000] {dag.py:3036} INFO - Sync 1 DAGs
[2024-05-30T00:12:03.715+0000] {logging_mixin.py:188} INFO - [2024-05-30T00:12:03.715+0000] {dag.py:3823} INFO - Setting next_dagrun for example_skip_dag to 2024-05-29 00:00:00+00:00, run_after=2024-05-30 00:00:00+00:00
[2024-05-30T00:12:03.739+0000] {processor.py:183} INFO - Processing /home/airflow/.local/lib/python3.8/site-packages/airflow/example_dags/example_skip_dag.py took 0.084 seconds
[2024-05-30T00:12:34.082+0000] {processor.py:161} INFO - Started process (PID=4140) to work on /home/airflow/.local/lib/python3.8/site-packages/airflow/example_dags/example_skip_dag.py
[2024-05-30T00:12:34.083+0000] {processor.py:830} INFO - Processing file /home/airflow/.local/lib/python3.8/site-packages/airflow/example_dags/example_skip_dag.py for tasks to queue
[2024-05-30T00:12:34.084+0000] {logging_mixin.py:188} INFO - [2024-05-30T00:12:34.084+0000] {dagbag.py:538} INFO - Filling up the DagBag from /home/airflow/.local/lib/python3.8/site-packages/airflow/example_dags/example_skip_dag.py
[2024-05-30T00:12:34.091+0000] {processor.py:840} INFO - DAG(s) 'example_skip_dag' retrieved from /home/airflow/.local/lib/python3.8/site-packages/airflow/example_dags/example_skip_dag.py
[2024-05-30T00:12:34.115+0000] {logging_mixin.py:188} INFO - [2024-05-30T00:12:34.114+0000] {dag.py:3036} INFO - Sync 1 DAGs
[2024-05-30T00:12:34.137+0000] {logging_mixin.py:188} INFO - [2024-05-30T00:12:34.136+0000] {dag.py:3823} INFO - Setting next_dagrun for example_skip_dag to 2024-05-29 00:00:00+00:00, run_after=2024-05-30 00:00:00+00:00
[2024-05-30T00:12:34.160+0000] {processor.py:183} INFO - Processing /home/airflow/.local/lib/python3.8/site-packages/airflow/example_dags/example_skip_dag.py took 0.082 seconds
[2024-05-30T00:13:04.861+0000] {processor.py:161} INFO - Started process (PID=4199) to work on /home/airflow/.local/lib/python3.8/site-packages/airflow/example_dags/example_skip_dag.py
[2024-05-30T00:13:04.862+0000] {processor.py:830} INFO - Processing file /home/airflow/.local/lib/python3.8/site-packages/airflow/example_dags/example_skip_dag.py for tasks to queue
[2024-05-30T00:13:04.863+0000] {logging_mixin.py:188} INFO - [2024-05-30T00:13:04.863+0000] {dagbag.py:538} INFO - Filling up the DagBag from /home/airflow/.local/lib/python3.8/site-packages/airflow/example_dags/example_skip_dag.py
[2024-05-30T00:13:04.871+0000] {processor.py:840} INFO - DAG(s) 'example_skip_dag' retrieved from /home/airflow/.local/lib/python3.8/site-packages/airflow/example_dags/example_skip_dag.py
[2024-05-30T00:13:04.895+0000] {logging_mixin.py:188} INFO - [2024-05-30T00:13:04.895+0000] {dag.py:3036} INFO - Sync 1 DAGs
[2024-05-30T00:13:04.919+0000] {logging_mixin.py:188} INFO - [2024-05-30T00:13:04.919+0000] {dag.py:3823} INFO - Setting next_dagrun for example_skip_dag to 2024-05-29 00:00:00+00:00, run_after=2024-05-30 00:00:00+00:00
[2024-05-30T00:13:04.943+0000] {processor.py:183} INFO - Processing /home/airflow/.local/lib/python3.8/site-packages/airflow/example_dags/example_skip_dag.py took 0.084 seconds
[2024-05-30T00:13:35.537+0000] {processor.py:161} INFO - Started process (PID=4258) to work on /home/airflow/.local/lib/python3.8/site-packages/airflow/example_dags/example_skip_dag.py
[2024-05-30T00:13:35.538+0000] {processor.py:830} INFO - Processing file /home/airflow/.local/lib/python3.8/site-packages/airflow/example_dags/example_skip_dag.py for tasks to queue
[2024-05-30T00:13:35.540+0000] {logging_mixin.py:188} INFO - [2024-05-30T00:13:35.539+0000] {dagbag.py:538} INFO - Filling up the DagBag from /home/airflow/.local/lib/python3.8/site-packages/airflow/example_dags/example_skip_dag.py
[2024-05-30T00:13:35.548+0000] {processor.py:840} INFO - DAG(s) 'example_skip_dag' retrieved from /home/airflow/.local/lib/python3.8/site-packages/airflow/example_dags/example_skip_dag.py
[2024-05-30T00:13:35.571+0000] {logging_mixin.py:188} INFO - [2024-05-30T00:13:35.570+0000] {dag.py:3036} INFO - Sync 1 DAGs
[2024-05-30T00:13:35.591+0000] {logging_mixin.py:188} INFO - [2024-05-30T00:13:35.590+0000] {dag.py:3823} INFO - Setting next_dagrun for example_skip_dag to 2024-05-29 00:00:00+00:00, run_after=2024-05-30 00:00:00+00:00
[2024-05-30T00:13:35.612+0000] {processor.py:183} INFO - Processing /home/airflow/.local/lib/python3.8/site-packages/airflow/example_dags/example_skip_dag.py took 0.077 seconds
[2024-05-30T00:14:06.268+0000] {processor.py:161} INFO - Started process (PID=4317) to work on /home/airflow/.local/lib/python3.8/site-packages/airflow/example_dags/example_skip_dag.py
[2024-05-30T00:14:06.269+0000] {processor.py:830} INFO - Processing file /home/airflow/.local/lib/python3.8/site-packages/airflow/example_dags/example_skip_dag.py for tasks to queue
[2024-05-30T00:14:06.270+0000] {logging_mixin.py:188} INFO - [2024-05-30T00:14:06.270+0000] {dagbag.py:538} INFO - Filling up the DagBag from /home/airflow/.local/lib/python3.8/site-packages/airflow/example_dags/example_skip_dag.py
[2024-05-30T00:14:06.277+0000] {processor.py:840} INFO - DAG(s) 'example_skip_dag' retrieved from /home/airflow/.local/lib/python3.8/site-packages/airflow/example_dags/example_skip_dag.py
[2024-05-30T00:14:06.299+0000] {logging_mixin.py:188} INFO - [2024-05-30T00:14:06.299+0000] {dag.py:3036} INFO - Sync 1 DAGs
[2024-05-30T00:14:06.320+0000] {logging_mixin.py:188} INFO - [2024-05-30T00:14:06.320+0000] {dag.py:3823} INFO - Setting next_dagrun for example_skip_dag to 2024-05-29 00:00:00+00:00, run_after=2024-05-30 00:00:00+00:00
[2024-05-30T00:14:06.344+0000] {processor.py:183} INFO - Processing /home/airflow/.local/lib/python3.8/site-packages/airflow/example_dags/example_skip_dag.py took 0.079 seconds
