[2024-05-30T00:00:16.521+0000] {processor.py:161} INFO - Started process (PID=2758) to work on /home/airflow/.local/lib/python3.8/site-packages/airflow/example_dags/example_local_kubernetes_executor.py
[2024-05-30T00:00:16.522+0000] {processor.py:830} INFO - Processing file /home/airflow/.local/lib/python3.8/site-packages/airflow/example_dags/example_local_kubernetes_executor.py for tasks to queue
[2024-05-30T00:00:16.524+0000] {logging_mixin.py:188} INFO - [2024-05-30T00:00:16.523+0000] {dagbag.py:538} INFO - Filling up the DagBag from /home/airflow/.local/lib/python3.8/site-packages/airflow/example_dags/example_local_kubernetes_executor.py
[2024-05-30T00:00:16.532+0000] {processor.py:840} INFO - DAG(s) 'example_local_kubernetes_executor' retrieved from /home/airflow/.local/lib/python3.8/site-packages/airflow/example_dags/example_local_kubernetes_executor.py
[2024-05-30T00:00:16.571+0000] {logging_mixin.py:188} INFO - [2024-05-30T00:00:16.571+0000] {dag.py:3036} INFO - Sync 1 DAGs
[2024-05-30T00:00:16.584+0000] {logging_mixin.py:188} INFO - [2024-05-30T00:00:16.584+0000] {dag.py:3823} INFO - Setting next_dagrun for example_local_kubernetes_executor to None, run_after=None
[2024-05-30T00:00:16.605+0000] {processor.py:183} INFO - Processing /home/airflow/.local/lib/python3.8/site-packages/airflow/example_dags/example_local_kubernetes_executor.py took 0.088 seconds
[2024-05-30T00:00:48.921+0000] {processor.py:161} INFO - Started process (PID=2817) to work on /home/airflow/.local/lib/python3.8/site-packages/airflow/example_dags/example_local_kubernetes_executor.py
[2024-05-30T00:00:48.923+0000] {processor.py:830} INFO - Processing file /home/airflow/.local/lib/python3.8/site-packages/airflow/example_dags/example_local_kubernetes_executor.py for tasks to queue
[2024-05-30T00:00:48.926+0000] {logging_mixin.py:188} INFO - [2024-05-30T00:00:48.925+0000] {dagbag.py:538} INFO - Filling up the DagBag from /home/airflow/.local/lib/python3.8/site-packages/airflow/example_dags/example_local_kubernetes_executor.py
[2024-05-30T00:00:49.002+0000] {processor.py:840} INFO - DAG(s) 'example_local_kubernetes_executor' retrieved from /home/airflow/.local/lib/python3.8/site-packages/airflow/example_dags/example_local_kubernetes_executor.py
[2024-05-30T00:00:49.071+0000] {logging_mixin.py:188} INFO - [2024-05-30T00:00:49.071+0000] {dag.py:3036} INFO - Sync 1 DAGs
[2024-05-30T00:00:49.096+0000] {logging_mixin.py:188} INFO - [2024-05-30T00:00:49.095+0000] {dag.py:3823} INFO - Setting next_dagrun for example_local_kubernetes_executor to None, run_after=None
[2024-05-30T00:00:49.137+0000] {processor.py:183} INFO - Processing /home/airflow/.local/lib/python3.8/site-packages/airflow/example_dags/example_local_kubernetes_executor.py took 0.222 seconds
[2024-05-30T00:01:19.574+0000] {processor.py:161} INFO - Started process (PID=2876) to work on /home/airflow/.local/lib/python3.8/site-packages/airflow/example_dags/example_local_kubernetes_executor.py
[2024-05-30T00:01:19.575+0000] {processor.py:830} INFO - Processing file /home/airflow/.local/lib/python3.8/site-packages/airflow/example_dags/example_local_kubernetes_executor.py for tasks to queue
[2024-05-30T00:01:19.577+0000] {logging_mixin.py:188} INFO - [2024-05-30T00:01:19.576+0000] {dagbag.py:538} INFO - Filling up the DagBag from /home/airflow/.local/lib/python3.8/site-packages/airflow/example_dags/example_local_kubernetes_executor.py
[2024-05-30T00:01:19.584+0000] {processor.py:840} INFO - DAG(s) 'example_local_kubernetes_executor' retrieved from /home/airflow/.local/lib/python3.8/site-packages/airflow/example_dags/example_local_kubernetes_executor.py
[2024-05-30T00:01:19.619+0000] {logging_mixin.py:188} INFO - [2024-05-30T00:01:19.619+0000] {dag.py:3036} INFO - Sync 1 DAGs
[2024-05-30T00:01:19.631+0000] {logging_mixin.py:188} INFO - [2024-05-30T00:01:19.631+0000] {dag.py:3823} INFO - Setting next_dagrun for example_local_kubernetes_executor to None, run_after=None
[2024-05-30T00:01:19.651+0000] {processor.py:183} INFO - Processing /home/airflow/.local/lib/python3.8/site-packages/airflow/example_dags/example_local_kubernetes_executor.py took 0.081 seconds
[2024-05-30T00:01:49.860+0000] {processor.py:161} INFO - Started process (PID=2935) to work on /home/airflow/.local/lib/python3.8/site-packages/airflow/example_dags/example_local_kubernetes_executor.py
[2024-05-30T00:01:49.861+0000] {processor.py:830} INFO - Processing file /home/airflow/.local/lib/python3.8/site-packages/airflow/example_dags/example_local_kubernetes_executor.py for tasks to queue
[2024-05-30T00:01:49.862+0000] {logging_mixin.py:188} INFO - [2024-05-30T00:01:49.862+0000] {dagbag.py:538} INFO - Filling up the DagBag from /home/airflow/.local/lib/python3.8/site-packages/airflow/example_dags/example_local_kubernetes_executor.py
[2024-05-30T00:01:49.870+0000] {processor.py:840} INFO - DAG(s) 'example_local_kubernetes_executor' retrieved from /home/airflow/.local/lib/python3.8/site-packages/airflow/example_dags/example_local_kubernetes_executor.py
[2024-05-30T00:01:49.906+0000] {logging_mixin.py:188} INFO - [2024-05-30T00:01:49.905+0000] {dag.py:3036} INFO - Sync 1 DAGs
[2024-05-30T00:01:49.917+0000] {logging_mixin.py:188} INFO - [2024-05-30T00:01:49.917+0000] {dag.py:3823} INFO - Setting next_dagrun for example_local_kubernetes_executor to None, run_after=None
[2024-05-30T00:01:49.940+0000] {processor.py:183} INFO - Processing /home/airflow/.local/lib/python3.8/site-packages/airflow/example_dags/example_local_kubernetes_executor.py took 0.083 seconds
[2024-05-30T00:02:21.072+0000] {processor.py:161} INFO - Started process (PID=2994) to work on /home/airflow/.local/lib/python3.8/site-packages/airflow/example_dags/example_local_kubernetes_executor.py
[2024-05-30T00:02:21.074+0000] {processor.py:830} INFO - Processing file /home/airflow/.local/lib/python3.8/site-packages/airflow/example_dags/example_local_kubernetes_executor.py for tasks to queue
[2024-05-30T00:02:21.075+0000] {logging_mixin.py:188} INFO - [2024-05-30T00:02:21.075+0000] {dagbag.py:538} INFO - Filling up the DagBag from /home/airflow/.local/lib/python3.8/site-packages/airflow/example_dags/example_local_kubernetes_executor.py
[2024-05-30T00:02:21.085+0000] {processor.py:840} INFO - DAG(s) 'example_local_kubernetes_executor' retrieved from /home/airflow/.local/lib/python3.8/site-packages/airflow/example_dags/example_local_kubernetes_executor.py
[2024-05-30T00:02:21.122+0000] {logging_mixin.py:188} INFO - [2024-05-30T00:02:21.121+0000] {dag.py:3036} INFO - Sync 1 DAGs
[2024-05-30T00:02:21.133+0000] {logging_mixin.py:188} INFO - [2024-05-30T00:02:21.133+0000] {dag.py:3823} INFO - Setting next_dagrun for example_local_kubernetes_executor to None, run_after=None
[2024-05-30T00:02:21.157+0000] {processor.py:183} INFO - Processing /home/airflow/.local/lib/python3.8/site-packages/airflow/example_dags/example_local_kubernetes_executor.py took 0.091 seconds
[2024-05-30T00:02:53.615+0000] {processor.py:161} INFO - Started process (PID=3053) to work on /home/airflow/.local/lib/python3.8/site-packages/airflow/example_dags/example_local_kubernetes_executor.py
[2024-05-30T00:02:53.617+0000] {processor.py:830} INFO - Processing file /home/airflow/.local/lib/python3.8/site-packages/airflow/example_dags/example_local_kubernetes_executor.py for tasks to queue
[2024-05-30T00:02:53.619+0000] {logging_mixin.py:188} INFO - [2024-05-30T00:02:53.618+0000] {dagbag.py:538} INFO - Filling up the DagBag from /home/airflow/.local/lib/python3.8/site-packages/airflow/example_dags/example_local_kubernetes_executor.py
[2024-05-30T00:02:53.630+0000] {processor.py:840} INFO - DAG(s) 'example_local_kubernetes_executor' retrieved from /home/airflow/.local/lib/python3.8/site-packages/airflow/example_dags/example_local_kubernetes_executor.py
[2024-05-30T00:02:53.682+0000] {logging_mixin.py:188} INFO - [2024-05-30T00:02:53.682+0000] {dag.py:3036} INFO - Sync 1 DAGs
[2024-05-30T00:02:53.702+0000] {logging_mixin.py:188} INFO - [2024-05-30T00:02:53.701+0000] {dag.py:3823} INFO - Setting next_dagrun for example_local_kubernetes_executor to None, run_after=None
[2024-05-30T00:02:53.732+0000] {processor.py:183} INFO - Processing /home/airflow/.local/lib/python3.8/site-packages/airflow/example_dags/example_local_kubernetes_executor.py took 0.122 seconds
[2024-05-30T00:03:24.283+0000] {processor.py:161} INFO - Started process (PID=3112) to work on /home/airflow/.local/lib/python3.8/site-packages/airflow/example_dags/example_local_kubernetes_executor.py
[2024-05-30T00:03:24.285+0000] {processor.py:830} INFO - Processing file /home/airflow/.local/lib/python3.8/site-packages/airflow/example_dags/example_local_kubernetes_executor.py for tasks to queue
[2024-05-30T00:03:24.286+0000] {logging_mixin.py:188} INFO - [2024-05-30T00:03:24.286+0000] {dagbag.py:538} INFO - Filling up the DagBag from /home/airflow/.local/lib/python3.8/site-packages/airflow/example_dags/example_local_kubernetes_executor.py
[2024-05-30T00:03:24.294+0000] {processor.py:840} INFO - DAG(s) 'example_local_kubernetes_executor' retrieved from /home/airflow/.local/lib/python3.8/site-packages/airflow/example_dags/example_local_kubernetes_executor.py
[2024-05-30T00:03:24.331+0000] {logging_mixin.py:188} INFO - [2024-05-30T00:03:24.331+0000] {dag.py:3036} INFO - Sync 1 DAGs
[2024-05-30T00:03:24.343+0000] {logging_mixin.py:188} INFO - [2024-05-30T00:03:24.343+0000] {dag.py:3823} INFO - Setting next_dagrun for example_local_kubernetes_executor to None, run_after=None
[2024-05-30T00:03:24.474+0000] {processor.py:183} INFO - Processing /home/airflow/.local/lib/python3.8/site-packages/airflow/example_dags/example_local_kubernetes_executor.py took 0.194 seconds
[2024-05-30T00:03:55.164+0000] {processor.py:161} INFO - Started process (PID=3171) to work on /home/airflow/.local/lib/python3.8/site-packages/airflow/example_dags/example_local_kubernetes_executor.py
[2024-05-30T00:03:55.165+0000] {processor.py:830} INFO - Processing file /home/airflow/.local/lib/python3.8/site-packages/airflow/example_dags/example_local_kubernetes_executor.py for tasks to queue
[2024-05-30T00:03:55.167+0000] {logging_mixin.py:188} INFO - [2024-05-30T00:03:55.167+0000] {dagbag.py:538} INFO - Filling up the DagBag from /home/airflow/.local/lib/python3.8/site-packages/airflow/example_dags/example_local_kubernetes_executor.py
[2024-05-30T00:03:55.176+0000] {processor.py:840} INFO - DAG(s) 'example_local_kubernetes_executor' retrieved from /home/airflow/.local/lib/python3.8/site-packages/airflow/example_dags/example_local_kubernetes_executor.py
[2024-05-30T00:03:55.212+0000] {logging_mixin.py:188} INFO - [2024-05-30T00:03:55.211+0000] {dag.py:3036} INFO - Sync 1 DAGs
[2024-05-30T00:03:55.223+0000] {logging_mixin.py:188} INFO - [2024-05-30T00:03:55.223+0000] {dag.py:3823} INFO - Setting next_dagrun for example_local_kubernetes_executor to None, run_after=None
[2024-05-30T00:03:55.245+0000] {processor.py:183} INFO - Processing /home/airflow/.local/lib/python3.8/site-packages/airflow/example_dags/example_local_kubernetes_executor.py took 0.086 seconds
[2024-05-30T00:04:25.610+0000] {processor.py:161} INFO - Started process (PID=3230) to work on /home/airflow/.local/lib/python3.8/site-packages/airflow/example_dags/example_local_kubernetes_executor.py
[2024-05-30T00:04:25.612+0000] {processor.py:830} INFO - Processing file /home/airflow/.local/lib/python3.8/site-packages/airflow/example_dags/example_local_kubernetes_executor.py for tasks to queue
[2024-05-30T00:04:25.614+0000] {logging_mixin.py:188} INFO - [2024-05-30T00:04:25.614+0000] {dagbag.py:538} INFO - Filling up the DagBag from /home/airflow/.local/lib/python3.8/site-packages/airflow/example_dags/example_local_kubernetes_executor.py
[2024-05-30T00:04:25.628+0000] {processor.py:840} INFO - DAG(s) 'example_local_kubernetes_executor' retrieved from /home/airflow/.local/lib/python3.8/site-packages/airflow/example_dags/example_local_kubernetes_executor.py
[2024-05-30T00:04:25.676+0000] {logging_mixin.py:188} INFO - [2024-05-30T00:04:25.676+0000] {dag.py:3036} INFO - Sync 1 DAGs
[2024-05-30T00:04:25.687+0000] {logging_mixin.py:188} INFO - [2024-05-30T00:04:25.687+0000] {dag.py:3823} INFO - Setting next_dagrun for example_local_kubernetes_executor to None, run_after=None
[2024-05-30T00:04:25.707+0000] {processor.py:183} INFO - Processing /home/airflow/.local/lib/python3.8/site-packages/airflow/example_dags/example_local_kubernetes_executor.py took 0.103 seconds
[2024-05-30T00:04:56.563+0000] {processor.py:161} INFO - Started process (PID=3289) to work on /home/airflow/.local/lib/python3.8/site-packages/airflow/example_dags/example_local_kubernetes_executor.py
[2024-05-30T00:04:56.564+0000] {processor.py:830} INFO - Processing file /home/airflow/.local/lib/python3.8/site-packages/airflow/example_dags/example_local_kubernetes_executor.py for tasks to queue
[2024-05-30T00:04:56.567+0000] {logging_mixin.py:188} INFO - [2024-05-30T00:04:56.566+0000] {dagbag.py:538} INFO - Filling up the DagBag from /home/airflow/.local/lib/python3.8/site-packages/airflow/example_dags/example_local_kubernetes_executor.py
[2024-05-30T00:04:56.575+0000] {processor.py:840} INFO - DAG(s) 'example_local_kubernetes_executor' retrieved from /home/airflow/.local/lib/python3.8/site-packages/airflow/example_dags/example_local_kubernetes_executor.py
[2024-05-30T00:04:56.610+0000] {logging_mixin.py:188} INFO - [2024-05-30T00:04:56.609+0000] {dag.py:3036} INFO - Sync 1 DAGs
[2024-05-30T00:04:56.734+0000] {logging_mixin.py:188} INFO - [2024-05-30T00:04:56.733+0000] {dag.py:3823} INFO - Setting next_dagrun for example_local_kubernetes_executor to None, run_after=None
[2024-05-30T00:04:56.758+0000] {processor.py:183} INFO - Processing /home/airflow/.local/lib/python3.8/site-packages/airflow/example_dags/example_local_kubernetes_executor.py took 0.200 seconds
[2024-05-30T00:05:27.644+0000] {processor.py:161} INFO - Started process (PID=3348) to work on /home/airflow/.local/lib/python3.8/site-packages/airflow/example_dags/example_local_kubernetes_executor.py
[2024-05-30T00:05:27.645+0000] {processor.py:830} INFO - Processing file /home/airflow/.local/lib/python3.8/site-packages/airflow/example_dags/example_local_kubernetes_executor.py for tasks to queue
[2024-05-30T00:05:27.646+0000] {logging_mixin.py:188} INFO - [2024-05-30T00:05:27.646+0000] {dagbag.py:538} INFO - Filling up the DagBag from /home/airflow/.local/lib/python3.8/site-packages/airflow/example_dags/example_local_kubernetes_executor.py
[2024-05-30T00:05:27.654+0000] {processor.py:840} INFO - DAG(s) 'example_local_kubernetes_executor' retrieved from /home/airflow/.local/lib/python3.8/site-packages/airflow/example_dags/example_local_kubernetes_executor.py
[2024-05-30T00:05:27.689+0000] {logging_mixin.py:188} INFO - [2024-05-30T00:05:27.689+0000] {dag.py:3036} INFO - Sync 1 DAGs
[2024-05-30T00:05:27.701+0000] {logging_mixin.py:188} INFO - [2024-05-30T00:05:27.700+0000] {dag.py:3823} INFO - Setting next_dagrun for example_local_kubernetes_executor to None, run_after=None
[2024-05-30T00:05:27.836+0000] {processor.py:183} INFO - Processing /home/airflow/.local/lib/python3.8/site-packages/airflow/example_dags/example_local_kubernetes_executor.py took 0.196 seconds
[2024-05-30T00:05:58.308+0000] {processor.py:161} INFO - Started process (PID=3407) to work on /home/airflow/.local/lib/python3.8/site-packages/airflow/example_dags/example_local_kubernetes_executor.py
[2024-05-30T00:05:58.309+0000] {processor.py:830} INFO - Processing file /home/airflow/.local/lib/python3.8/site-packages/airflow/example_dags/example_local_kubernetes_executor.py for tasks to queue
[2024-05-30T00:05:58.311+0000] {logging_mixin.py:188} INFO - [2024-05-30T00:05:58.310+0000] {dagbag.py:538} INFO - Filling up the DagBag from /home/airflow/.local/lib/python3.8/site-packages/airflow/example_dags/example_local_kubernetes_executor.py
[2024-05-30T00:05:58.319+0000] {processor.py:840} INFO - DAG(s) 'example_local_kubernetes_executor' retrieved from /home/airflow/.local/lib/python3.8/site-packages/airflow/example_dags/example_local_kubernetes_executor.py
[2024-05-30T00:05:58.370+0000] {logging_mixin.py:188} INFO - [2024-05-30T00:05:58.370+0000] {dag.py:3036} INFO - Sync 1 DAGs
[2024-05-30T00:05:58.381+0000] {logging_mixin.py:188} INFO - [2024-05-30T00:05:58.381+0000] {dag.py:3823} INFO - Setting next_dagrun for example_local_kubernetes_executor to None, run_after=None
[2024-05-30T00:05:58.403+0000] {processor.py:183} INFO - Processing /home/airflow/.local/lib/python3.8/site-packages/airflow/example_dags/example_local_kubernetes_executor.py took 0.098 seconds
[2024-05-30T00:06:30.046+0000] {processor.py:161} INFO - Started process (PID=3466) to work on /home/airflow/.local/lib/python3.8/site-packages/airflow/example_dags/example_local_kubernetes_executor.py
[2024-05-30T00:06:30.047+0000] {processor.py:830} INFO - Processing file /home/airflow/.local/lib/python3.8/site-packages/airflow/example_dags/example_local_kubernetes_executor.py for tasks to queue
[2024-05-30T00:06:30.048+0000] {logging_mixin.py:188} INFO - [2024-05-30T00:06:30.048+0000] {dagbag.py:538} INFO - Filling up the DagBag from /home/airflow/.local/lib/python3.8/site-packages/airflow/example_dags/example_local_kubernetes_executor.py
[2024-05-30T00:06:30.055+0000] {processor.py:840} INFO - DAG(s) 'example_local_kubernetes_executor' retrieved from /home/airflow/.local/lib/python3.8/site-packages/airflow/example_dags/example_local_kubernetes_executor.py
[2024-05-30T00:06:30.086+0000] {logging_mixin.py:188} INFO - [2024-05-30T00:06:30.085+0000] {dag.py:3036} INFO - Sync 1 DAGs
[2024-05-30T00:06:30.097+0000] {logging_mixin.py:188} INFO - [2024-05-30T00:06:30.097+0000] {dag.py:3823} INFO - Setting next_dagrun for example_local_kubernetes_executor to None, run_after=None
[2024-05-30T00:06:30.126+0000] {processor.py:183} INFO - Processing /home/airflow/.local/lib/python3.8/site-packages/airflow/example_dags/example_local_kubernetes_executor.py took 0.083 seconds
[2024-05-30T00:07:00.924+0000] {processor.py:161} INFO - Started process (PID=3525) to work on /home/airflow/.local/lib/python3.8/site-packages/airflow/example_dags/example_local_kubernetes_executor.py
[2024-05-30T00:07:00.925+0000] {processor.py:830} INFO - Processing file /home/airflow/.local/lib/python3.8/site-packages/airflow/example_dags/example_local_kubernetes_executor.py for tasks to queue
[2024-05-30T00:07:00.926+0000] {logging_mixin.py:188} INFO - [2024-05-30T00:07:00.926+0000] {dagbag.py:538} INFO - Filling up the DagBag from /home/airflow/.local/lib/python3.8/site-packages/airflow/example_dags/example_local_kubernetes_executor.py
[2024-05-30T00:07:00.936+0000] {processor.py:840} INFO - DAG(s) 'example_local_kubernetes_executor' retrieved from /home/airflow/.local/lib/python3.8/site-packages/airflow/example_dags/example_local_kubernetes_executor.py
[2024-05-30T00:07:00.968+0000] {logging_mixin.py:188} INFO - [2024-05-30T00:07:00.968+0000] {dag.py:3036} INFO - Sync 1 DAGs
[2024-05-30T00:07:00.980+0000] {logging_mixin.py:188} INFO - [2024-05-30T00:07:00.980+0000] {dag.py:3823} INFO - Setting next_dagrun for example_local_kubernetes_executor to None, run_after=None
[2024-05-30T00:07:01.000+0000] {processor.py:183} INFO - Processing /home/airflow/.local/lib/python3.8/site-packages/airflow/example_dags/example_local_kubernetes_executor.py took 0.079 seconds
[2024-05-30T00:07:31.980+0000] {processor.py:161} INFO - Started process (PID=3584) to work on /home/airflow/.local/lib/python3.8/site-packages/airflow/example_dags/example_local_kubernetes_executor.py
[2024-05-30T00:07:31.981+0000] {processor.py:830} INFO - Processing file /home/airflow/.local/lib/python3.8/site-packages/airflow/example_dags/example_local_kubernetes_executor.py for tasks to queue
[2024-05-30T00:07:31.983+0000] {logging_mixin.py:188} INFO - [2024-05-30T00:07:31.982+0000] {dagbag.py:538} INFO - Filling up the DagBag from /home/airflow/.local/lib/python3.8/site-packages/airflow/example_dags/example_local_kubernetes_executor.py
[2024-05-30T00:07:31.991+0000] {processor.py:840} INFO - DAG(s) 'example_local_kubernetes_executor' retrieved from /home/airflow/.local/lib/python3.8/site-packages/airflow/example_dags/example_local_kubernetes_executor.py
[2024-05-30T00:07:32.044+0000] {logging_mixin.py:188} INFO - [2024-05-30T00:07:32.044+0000] {dag.py:3036} INFO - Sync 1 DAGs
[2024-05-30T00:07:32.057+0000] {logging_mixin.py:188} INFO - [2024-05-30T00:07:32.056+0000] {dag.py:3823} INFO - Setting next_dagrun for example_local_kubernetes_executor to None, run_after=None
[2024-05-30T00:07:32.080+0000] {processor.py:183} INFO - Processing /home/airflow/.local/lib/python3.8/site-packages/airflow/example_dags/example_local_kubernetes_executor.py took 0.103 seconds
[2024-05-30T00:08:02.366+0000] {processor.py:161} INFO - Started process (PID=3643) to work on /home/airflow/.local/lib/python3.8/site-packages/airflow/example_dags/example_local_kubernetes_executor.py
[2024-05-30T00:08:02.367+0000] {processor.py:830} INFO - Processing file /home/airflow/.local/lib/python3.8/site-packages/airflow/example_dags/example_local_kubernetes_executor.py for tasks to queue
[2024-05-30T00:08:02.368+0000] {logging_mixin.py:188} INFO - [2024-05-30T00:08:02.368+0000] {dagbag.py:538} INFO - Filling up the DagBag from /home/airflow/.local/lib/python3.8/site-packages/airflow/example_dags/example_local_kubernetes_executor.py
[2024-05-30T00:08:02.376+0000] {processor.py:840} INFO - DAG(s) 'example_local_kubernetes_executor' retrieved from /home/airflow/.local/lib/python3.8/site-packages/airflow/example_dags/example_local_kubernetes_executor.py
[2024-05-30T00:08:02.412+0000] {logging_mixin.py:188} INFO - [2024-05-30T00:08:02.412+0000] {dag.py:3036} INFO - Sync 1 DAGs
[2024-05-30T00:08:02.425+0000] {logging_mixin.py:188} INFO - [2024-05-30T00:08:02.425+0000] {dag.py:3823} INFO - Setting next_dagrun for example_local_kubernetes_executor to None, run_after=None
[2024-05-30T00:08:02.448+0000] {processor.py:183} INFO - Processing /home/airflow/.local/lib/python3.8/site-packages/airflow/example_dags/example_local_kubernetes_executor.py took 0.086 seconds
[2024-05-30T00:08:32.878+0000] {processor.py:161} INFO - Started process (PID=3702) to work on /home/airflow/.local/lib/python3.8/site-packages/airflow/example_dags/example_local_kubernetes_executor.py
[2024-05-30T00:08:32.880+0000] {processor.py:830} INFO - Processing file /home/airflow/.local/lib/python3.8/site-packages/airflow/example_dags/example_local_kubernetes_executor.py for tasks to queue
[2024-05-30T00:08:32.881+0000] {logging_mixin.py:188} INFO - [2024-05-30T00:08:32.881+0000] {dagbag.py:538} INFO - Filling up the DagBag from /home/airflow/.local/lib/python3.8/site-packages/airflow/example_dags/example_local_kubernetes_executor.py
[2024-05-30T00:08:32.890+0000] {processor.py:840} INFO - DAG(s) 'example_local_kubernetes_executor' retrieved from /home/airflow/.local/lib/python3.8/site-packages/airflow/example_dags/example_local_kubernetes_executor.py
[2024-05-30T00:08:32.926+0000] {logging_mixin.py:188} INFO - [2024-05-30T00:08:32.926+0000] {dag.py:3036} INFO - Sync 1 DAGs
[2024-05-30T00:08:32.938+0000] {logging_mixin.py:188} INFO - [2024-05-30T00:08:32.938+0000] {dag.py:3823} INFO - Setting next_dagrun for example_local_kubernetes_executor to None, run_after=None
[2024-05-30T00:08:32.962+0000] {processor.py:183} INFO - Processing /home/airflow/.local/lib/python3.8/site-packages/airflow/example_dags/example_local_kubernetes_executor.py took 0.089 seconds
[2024-05-30T00:09:03.784+0000] {processor.py:161} INFO - Started process (PID=3761) to work on /home/airflow/.local/lib/python3.8/site-packages/airflow/example_dags/example_local_kubernetes_executor.py
[2024-05-30T00:09:03.786+0000] {processor.py:830} INFO - Processing file /home/airflow/.local/lib/python3.8/site-packages/airflow/example_dags/example_local_kubernetes_executor.py for tasks to queue
[2024-05-30T00:09:03.787+0000] {logging_mixin.py:188} INFO - [2024-05-30T00:09:03.787+0000] {dagbag.py:538} INFO - Filling up the DagBag from /home/airflow/.local/lib/python3.8/site-packages/airflow/example_dags/example_local_kubernetes_executor.py
[2024-05-30T00:09:03.797+0000] {processor.py:840} INFO - DAG(s) 'example_local_kubernetes_executor' retrieved from /home/airflow/.local/lib/python3.8/site-packages/airflow/example_dags/example_local_kubernetes_executor.py
[2024-05-30T00:09:03.834+0000] {logging_mixin.py:188} INFO - [2024-05-30T00:09:03.834+0000] {dag.py:3036} INFO - Sync 1 DAGs
[2024-05-30T00:09:03.847+0000] {logging_mixin.py:188} INFO - [2024-05-30T00:09:03.846+0000] {dag.py:3823} INFO - Setting next_dagrun for example_local_kubernetes_executor to None, run_after=None
[2024-05-30T00:09:03.869+0000] {processor.py:183} INFO - Processing /home/airflow/.local/lib/python3.8/site-packages/airflow/example_dags/example_local_kubernetes_executor.py took 0.088 seconds
[2024-05-30T00:09:34.233+0000] {processor.py:161} INFO - Started process (PID=3820) to work on /home/airflow/.local/lib/python3.8/site-packages/airflow/example_dags/example_local_kubernetes_executor.py
[2024-05-30T00:09:34.235+0000] {processor.py:830} INFO - Processing file /home/airflow/.local/lib/python3.8/site-packages/airflow/example_dags/example_local_kubernetes_executor.py for tasks to queue
[2024-05-30T00:09:34.237+0000] {logging_mixin.py:188} INFO - [2024-05-30T00:09:34.237+0000] {dagbag.py:538} INFO - Filling up the DagBag from /home/airflow/.local/lib/python3.8/site-packages/airflow/example_dags/example_local_kubernetes_executor.py
[2024-05-30T00:09:34.249+0000] {processor.py:840} INFO - DAG(s) 'example_local_kubernetes_executor' retrieved from /home/airflow/.local/lib/python3.8/site-packages/airflow/example_dags/example_local_kubernetes_executor.py
[2024-05-30T00:09:34.286+0000] {logging_mixin.py:188} INFO - [2024-05-30T00:09:34.286+0000] {dag.py:3036} INFO - Sync 1 DAGs
[2024-05-30T00:09:34.298+0000] {logging_mixin.py:188} INFO - [2024-05-30T00:09:34.298+0000] {dag.py:3823} INFO - Setting next_dagrun for example_local_kubernetes_executor to None, run_after=None
[2024-05-30T00:09:34.321+0000] {processor.py:183} INFO - Processing /home/airflow/.local/lib/python3.8/site-packages/airflow/example_dags/example_local_kubernetes_executor.py took 0.093 seconds
[2024-05-30T00:10:04.662+0000] {processor.py:161} INFO - Started process (PID=3879) to work on /home/airflow/.local/lib/python3.8/site-packages/airflow/example_dags/example_local_kubernetes_executor.py
[2024-05-30T00:10:04.664+0000] {processor.py:830} INFO - Processing file /home/airflow/.local/lib/python3.8/site-packages/airflow/example_dags/example_local_kubernetes_executor.py for tasks to queue
[2024-05-30T00:10:04.665+0000] {logging_mixin.py:188} INFO - [2024-05-30T00:10:04.665+0000] {dagbag.py:538} INFO - Filling up the DagBag from /home/airflow/.local/lib/python3.8/site-packages/airflow/example_dags/example_local_kubernetes_executor.py
[2024-05-30T00:10:04.678+0000] {processor.py:840} INFO - DAG(s) 'example_local_kubernetes_executor' retrieved from /home/airflow/.local/lib/python3.8/site-packages/airflow/example_dags/example_local_kubernetes_executor.py
[2024-05-30T00:10:04.716+0000] {logging_mixin.py:188} INFO - [2024-05-30T00:10:04.716+0000] {dag.py:3036} INFO - Sync 1 DAGs
[2024-05-30T00:10:04.727+0000] {logging_mixin.py:188} INFO - [2024-05-30T00:10:04.727+0000] {dag.py:3823} INFO - Setting next_dagrun for example_local_kubernetes_executor to None, run_after=None
[2024-05-30T00:10:04.750+0000] {processor.py:183} INFO - Processing /home/airflow/.local/lib/python3.8/site-packages/airflow/example_dags/example_local_kubernetes_executor.py took 0.092 seconds
[2024-05-30T00:10:35.525+0000] {processor.py:161} INFO - Started process (PID=3938) to work on /home/airflow/.local/lib/python3.8/site-packages/airflow/example_dags/example_local_kubernetes_executor.py
[2024-05-30T00:10:35.526+0000] {processor.py:830} INFO - Processing file /home/airflow/.local/lib/python3.8/site-packages/airflow/example_dags/example_local_kubernetes_executor.py for tasks to queue
[2024-05-30T00:10:35.528+0000] {logging_mixin.py:188} INFO - [2024-05-30T00:10:35.527+0000] {dagbag.py:538} INFO - Filling up the DagBag from /home/airflow/.local/lib/python3.8/site-packages/airflow/example_dags/example_local_kubernetes_executor.py
[2024-05-30T00:10:35.535+0000] {processor.py:840} INFO - DAG(s) 'example_local_kubernetes_executor' retrieved from /home/airflow/.local/lib/python3.8/site-packages/airflow/example_dags/example_local_kubernetes_executor.py
[2024-05-30T00:10:35.570+0000] {logging_mixin.py:188} INFO - [2024-05-30T00:10:35.570+0000] {dag.py:3036} INFO - Sync 1 DAGs
[2024-05-30T00:10:35.582+0000] {logging_mixin.py:188} INFO - [2024-05-30T00:10:35.581+0000] {dag.py:3823} INFO - Setting next_dagrun for example_local_kubernetes_executor to None, run_after=None
[2024-05-30T00:10:35.605+0000] {processor.py:183} INFO - Processing /home/airflow/.local/lib/python3.8/site-packages/airflow/example_dags/example_local_kubernetes_executor.py took 0.084 seconds
[2024-05-30T00:11:05.883+0000] {processor.py:161} INFO - Started process (PID=3997) to work on /home/airflow/.local/lib/python3.8/site-packages/airflow/example_dags/example_local_kubernetes_executor.py
[2024-05-30T00:11:05.884+0000] {processor.py:830} INFO - Processing file /home/airflow/.local/lib/python3.8/site-packages/airflow/example_dags/example_local_kubernetes_executor.py for tasks to queue
[2024-05-30T00:11:05.886+0000] {logging_mixin.py:188} INFO - [2024-05-30T00:11:05.885+0000] {dagbag.py:538} INFO - Filling up the DagBag from /home/airflow/.local/lib/python3.8/site-packages/airflow/example_dags/example_local_kubernetes_executor.py
[2024-05-30T00:11:05.892+0000] {processor.py:840} INFO - DAG(s) 'example_local_kubernetes_executor' retrieved from /home/airflow/.local/lib/python3.8/site-packages/airflow/example_dags/example_local_kubernetes_executor.py
[2024-05-30T00:11:05.923+0000] {logging_mixin.py:188} INFO - [2024-05-30T00:11:05.923+0000] {dag.py:3036} INFO - Sync 1 DAGs
[2024-05-30T00:11:05.933+0000] {logging_mixin.py:188} INFO - [2024-05-30T00:11:05.933+0000] {dag.py:3823} INFO - Setting next_dagrun for example_local_kubernetes_executor to None, run_after=None
[2024-05-30T00:11:05.953+0000] {processor.py:183} INFO - Processing /home/airflow/.local/lib/python3.8/site-packages/airflow/example_dags/example_local_kubernetes_executor.py took 0.072 seconds
[2024-05-30T00:11:36.830+0000] {processor.py:161} INFO - Started process (PID=4062) to work on /home/airflow/.local/lib/python3.8/site-packages/airflow/example_dags/example_local_kubernetes_executor.py
[2024-05-30T00:11:36.832+0000] {processor.py:830} INFO - Processing file /home/airflow/.local/lib/python3.8/site-packages/airflow/example_dags/example_local_kubernetes_executor.py for tasks to queue
[2024-05-30T00:11:36.833+0000] {logging_mixin.py:188} INFO - [2024-05-30T00:11:36.833+0000] {dagbag.py:538} INFO - Filling up the DagBag from /home/airflow/.local/lib/python3.8/site-packages/airflow/example_dags/example_local_kubernetes_executor.py
[2024-05-30T00:11:36.843+0000] {processor.py:840} INFO - DAG(s) 'example_local_kubernetes_executor' retrieved from /home/airflow/.local/lib/python3.8/site-packages/airflow/example_dags/example_local_kubernetes_executor.py
[2024-05-30T00:11:36.884+0000] {logging_mixin.py:188} INFO - [2024-05-30T00:11:36.884+0000] {dag.py:3036} INFO - Sync 1 DAGs
[2024-05-30T00:11:36.896+0000] {logging_mixin.py:188} INFO - [2024-05-30T00:11:36.896+0000] {dag.py:3823} INFO - Setting next_dagrun for example_local_kubernetes_executor to None, run_after=None
[2024-05-30T00:11:36.917+0000] {processor.py:183} INFO - Processing /home/airflow/.local/lib/python3.8/site-packages/airflow/example_dags/example_local_kubernetes_executor.py took 0.089 seconds
[2024-05-30T00:12:07.741+0000] {processor.py:161} INFO - Started process (PID=4121) to work on /home/airflow/.local/lib/python3.8/site-packages/airflow/example_dags/example_local_kubernetes_executor.py
[2024-05-30T00:12:07.743+0000] {processor.py:830} INFO - Processing file /home/airflow/.local/lib/python3.8/site-packages/airflow/example_dags/example_local_kubernetes_executor.py for tasks to queue
[2024-05-30T00:12:07.745+0000] {logging_mixin.py:188} INFO - [2024-05-30T00:12:07.744+0000] {dagbag.py:538} INFO - Filling up the DagBag from /home/airflow/.local/lib/python3.8/site-packages/airflow/example_dags/example_local_kubernetes_executor.py
[2024-05-30T00:12:07.754+0000] {processor.py:840} INFO - DAG(s) 'example_local_kubernetes_executor' retrieved from /home/airflow/.local/lib/python3.8/site-packages/airflow/example_dags/example_local_kubernetes_executor.py
[2024-05-30T00:12:07.798+0000] {logging_mixin.py:188} INFO - [2024-05-30T00:12:07.797+0000] {dag.py:3036} INFO - Sync 1 DAGs
[2024-05-30T00:12:07.817+0000] {logging_mixin.py:188} INFO - [2024-05-30T00:12:07.817+0000] {dag.py:3823} INFO - Setting next_dagrun for example_local_kubernetes_executor to None, run_after=None
[2024-05-30T00:12:07.849+0000] {processor.py:183} INFO - Processing /home/airflow/.local/lib/python3.8/site-packages/airflow/example_dags/example_local_kubernetes_executor.py took 0.112 seconds
[2024-05-30T00:12:38.229+0000] {processor.py:161} INFO - Started process (PID=4180) to work on /home/airflow/.local/lib/python3.8/site-packages/airflow/example_dags/example_local_kubernetes_executor.py
[2024-05-30T00:12:38.230+0000] {processor.py:830} INFO - Processing file /home/airflow/.local/lib/python3.8/site-packages/airflow/example_dags/example_local_kubernetes_executor.py for tasks to queue
[2024-05-30T00:12:38.232+0000] {logging_mixin.py:188} INFO - [2024-05-30T00:12:38.232+0000] {dagbag.py:538} INFO - Filling up the DagBag from /home/airflow/.local/lib/python3.8/site-packages/airflow/example_dags/example_local_kubernetes_executor.py
[2024-05-30T00:12:38.240+0000] {processor.py:840} INFO - DAG(s) 'example_local_kubernetes_executor' retrieved from /home/airflow/.local/lib/python3.8/site-packages/airflow/example_dags/example_local_kubernetes_executor.py
[2024-05-30T00:12:38.280+0000] {logging_mixin.py:188} INFO - [2024-05-30T00:12:38.280+0000] {dag.py:3036} INFO - Sync 1 DAGs
[2024-05-30T00:12:38.293+0000] {logging_mixin.py:188} INFO - [2024-05-30T00:12:38.293+0000] {dag.py:3823} INFO - Setting next_dagrun for example_local_kubernetes_executor to None, run_after=None
[2024-05-30T00:12:38.315+0000] {processor.py:183} INFO - Processing /home/airflow/.local/lib/python3.8/site-packages/airflow/example_dags/example_local_kubernetes_executor.py took 0.089 seconds
[2024-05-30T00:13:09.158+0000] {processor.py:161} INFO - Started process (PID=4239) to work on /home/airflow/.local/lib/python3.8/site-packages/airflow/example_dags/example_local_kubernetes_executor.py
[2024-05-30T00:13:09.160+0000] {processor.py:830} INFO - Processing file /home/airflow/.local/lib/python3.8/site-packages/airflow/example_dags/example_local_kubernetes_executor.py for tasks to queue
[2024-05-30T00:13:09.161+0000] {logging_mixin.py:188} INFO - [2024-05-30T00:13:09.161+0000] {dagbag.py:538} INFO - Filling up the DagBag from /home/airflow/.local/lib/python3.8/site-packages/airflow/example_dags/example_local_kubernetes_executor.py
[2024-05-30T00:13:09.169+0000] {processor.py:840} INFO - DAG(s) 'example_local_kubernetes_executor' retrieved from /home/airflow/.local/lib/python3.8/site-packages/airflow/example_dags/example_local_kubernetes_executor.py
[2024-05-30T00:13:09.206+0000] {logging_mixin.py:188} INFO - [2024-05-30T00:13:09.205+0000] {dag.py:3036} INFO - Sync 1 DAGs
[2024-05-30T00:13:09.218+0000] {logging_mixin.py:188} INFO - [2024-05-30T00:13:09.218+0000] {dag.py:3823} INFO - Setting next_dagrun for example_local_kubernetes_executor to None, run_after=None
[2024-05-30T00:13:09.242+0000] {processor.py:183} INFO - Processing /home/airflow/.local/lib/python3.8/site-packages/airflow/example_dags/example_local_kubernetes_executor.py took 0.086 seconds
[2024-05-30T00:13:39.784+0000] {processor.py:161} INFO - Started process (PID=4298) to work on /home/airflow/.local/lib/python3.8/site-packages/airflow/example_dags/example_local_kubernetes_executor.py
[2024-05-30T00:13:39.786+0000] {processor.py:830} INFO - Processing file /home/airflow/.local/lib/python3.8/site-packages/airflow/example_dags/example_local_kubernetes_executor.py for tasks to queue
[2024-05-30T00:13:39.787+0000] {logging_mixin.py:188} INFO - [2024-05-30T00:13:39.787+0000] {dagbag.py:538} INFO - Filling up the DagBag from /home/airflow/.local/lib/python3.8/site-packages/airflow/example_dags/example_local_kubernetes_executor.py
[2024-05-30T00:13:39.795+0000] {processor.py:840} INFO - DAG(s) 'example_local_kubernetes_executor' retrieved from /home/airflow/.local/lib/python3.8/site-packages/airflow/example_dags/example_local_kubernetes_executor.py
[2024-05-30T00:13:39.833+0000] {logging_mixin.py:188} INFO - [2024-05-30T00:13:39.832+0000] {dag.py:3036} INFO - Sync 1 DAGs
[2024-05-30T00:13:39.844+0000] {logging_mixin.py:188} INFO - [2024-05-30T00:13:39.844+0000] {dag.py:3823} INFO - Setting next_dagrun for example_local_kubernetes_executor to None, run_after=None
[2024-05-30T00:13:39.867+0000] {processor.py:183} INFO - Processing /home/airflow/.local/lib/python3.8/site-packages/airflow/example_dags/example_local_kubernetes_executor.py took 0.086 seconds
[2024-05-30T00:14:10.653+0000] {processor.py:161} INFO - Started process (PID=4357) to work on /home/airflow/.local/lib/python3.8/site-packages/airflow/example_dags/example_local_kubernetes_executor.py
[2024-05-30T00:14:10.654+0000] {processor.py:830} INFO - Processing file /home/airflow/.local/lib/python3.8/site-packages/airflow/example_dags/example_local_kubernetes_executor.py for tasks to queue
[2024-05-30T00:14:10.655+0000] {logging_mixin.py:188} INFO - [2024-05-30T00:14:10.655+0000] {dagbag.py:538} INFO - Filling up the DagBag from /home/airflow/.local/lib/python3.8/site-packages/airflow/example_dags/example_local_kubernetes_executor.py
[2024-05-30T00:14:10.668+0000] {processor.py:840} INFO - DAG(s) 'example_local_kubernetes_executor' retrieved from /home/airflow/.local/lib/python3.8/site-packages/airflow/example_dags/example_local_kubernetes_executor.py
[2024-05-30T00:14:10.709+0000] {logging_mixin.py:188} INFO - [2024-05-30T00:14:10.709+0000] {dag.py:3036} INFO - Sync 1 DAGs
[2024-05-30T00:14:10.721+0000] {logging_mixin.py:188} INFO - [2024-05-30T00:14:10.721+0000] {dag.py:3823} INFO - Setting next_dagrun for example_local_kubernetes_executor to None, run_after=None
[2024-05-30T00:14:10.742+0000] {processor.py:183} INFO - Processing /home/airflow/.local/lib/python3.8/site-packages/airflow/example_dags/example_local_kubernetes_executor.py took 0.093 seconds
[2024-05-30T00:20:49.268+0000] {processor.py:161} INFO - Started process (PID=5123) to work on /home/airflow/.local/lib/python3.8/site-packages/airflow/example_dags/example_local_kubernetes_executor.py
[2024-05-30T00:20:49.270+0000] {processor.py:830} INFO - Processing file /home/airflow/.local/lib/python3.8/site-packages/airflow/example_dags/example_local_kubernetes_executor.py for tasks to queue
[2024-05-30T00:20:49.273+0000] {logging_mixin.py:188} INFO - [2024-05-30T00:20:49.272+0000] {dagbag.py:538} INFO - Filling up the DagBag from /home/airflow/.local/lib/python3.8/site-packages/airflow/example_dags/example_local_kubernetes_executor.py
[2024-05-30T00:20:49.290+0000] {processor.py:840} INFO - DAG(s) 'example_local_kubernetes_executor' retrieved from /home/airflow/.local/lib/python3.8/site-packages/airflow/example_dags/example_local_kubernetes_executor.py
[2024-05-30T00:20:49.381+0000] {logging_mixin.py:188} INFO - [2024-05-30T00:20:49.381+0000] {dag.py:3036} INFO - Sync 1 DAGs
[2024-05-30T00:20:49.397+0000] {logging_mixin.py:188} INFO - [2024-05-30T00:20:49.397+0000] {dag.py:3823} INFO - Setting next_dagrun for example_local_kubernetes_executor to None, run_after=None
[2024-05-30T00:20:49.430+0000] {processor.py:183} INFO - Processing /home/airflow/.local/lib/python3.8/site-packages/airflow/example_dags/example_local_kubernetes_executor.py took 0.168 seconds
[2024-05-30T00:21:19.635+0000] {processor.py:161} INFO - Started process (PID=5182) to work on /home/airflow/.local/lib/python3.8/site-packages/airflow/example_dags/example_local_kubernetes_executor.py
[2024-05-30T00:21:19.637+0000] {processor.py:830} INFO - Processing file /home/airflow/.local/lib/python3.8/site-packages/airflow/example_dags/example_local_kubernetes_executor.py for tasks to queue
[2024-05-30T00:21:19.640+0000] {logging_mixin.py:188} INFO - [2024-05-30T00:21:19.639+0000] {dagbag.py:538} INFO - Filling up the DagBag from /home/airflow/.local/lib/python3.8/site-packages/airflow/example_dags/example_local_kubernetes_executor.py
[2024-05-30T00:21:19.652+0000] {processor.py:840} INFO - DAG(s) 'example_local_kubernetes_executor' retrieved from /home/airflow/.local/lib/python3.8/site-packages/airflow/example_dags/example_local_kubernetes_executor.py
[2024-05-30T00:21:19.689+0000] {logging_mixin.py:188} INFO - [2024-05-30T00:21:19.689+0000] {dag.py:3036} INFO - Sync 1 DAGs
[2024-05-30T00:21:19.702+0000] {logging_mixin.py:188} INFO - [2024-05-30T00:21:19.702+0000] {dag.py:3823} INFO - Setting next_dagrun for example_local_kubernetes_executor to None, run_after=None
[2024-05-30T00:21:19.723+0000] {processor.py:183} INFO - Processing /home/airflow/.local/lib/python3.8/site-packages/airflow/example_dags/example_local_kubernetes_executor.py took 0.094 seconds
[2024-05-30T00:21:50.585+0000] {processor.py:161} INFO - Started process (PID=5241) to work on /home/airflow/.local/lib/python3.8/site-packages/airflow/example_dags/example_local_kubernetes_executor.py
[2024-05-30T00:21:50.586+0000] {processor.py:830} INFO - Processing file /home/airflow/.local/lib/python3.8/site-packages/airflow/example_dags/example_local_kubernetes_executor.py for tasks to queue
[2024-05-30T00:21:50.587+0000] {logging_mixin.py:188} INFO - [2024-05-30T00:21:50.587+0000] {dagbag.py:538} INFO - Filling up the DagBag from /home/airflow/.local/lib/python3.8/site-packages/airflow/example_dags/example_local_kubernetes_executor.py
[2024-05-30T00:21:50.597+0000] {processor.py:840} INFO - DAG(s) 'example_local_kubernetes_executor' retrieved from /home/airflow/.local/lib/python3.8/site-packages/airflow/example_dags/example_local_kubernetes_executor.py
[2024-05-30T00:21:50.632+0000] {logging_mixin.py:188} INFO - [2024-05-30T00:21:50.632+0000] {dag.py:3036} INFO - Sync 1 DAGs
[2024-05-30T00:21:50.643+0000] {logging_mixin.py:188} INFO - [2024-05-30T00:21:50.643+0000] {dag.py:3823} INFO - Setting next_dagrun for example_local_kubernetes_executor to None, run_after=None
[2024-05-30T00:21:50.666+0000] {processor.py:183} INFO - Processing /home/airflow/.local/lib/python3.8/site-packages/airflow/example_dags/example_local_kubernetes_executor.py took 0.084 seconds
