[2024-05-30T00:00:15.607+0000] {processor.py:161} INFO - Started process (PID=2749) to work on /home/airflow/.local/lib/python3.8/site-packages/airflow/example_dags/example_python_decorator.py
[2024-05-30T00:00:15.608+0000] {processor.py:830} INFO - Processing file /home/airflow/.local/lib/python3.8/site-packages/airflow/example_dags/example_python_decorator.py for tasks to queue
[2024-05-30T00:00:15.609+0000] {logging_mixin.py:188} INFO - [2024-05-30T00:00:15.609+0000] {dagbag.py:538} INFO - Filling up the DagBag from /home/airflow/.local/lib/python3.8/site-packages/airflow/example_dags/example_python_decorator.py
[2024-05-30T00:00:15.623+0000] {processor.py:840} INFO - DAG(s) 'example_python_decorator' retrieved from /home/airflow/.local/lib/python3.8/site-packages/airflow/example_dags/example_python_decorator.py
[2024-05-30T00:00:15.653+0000] {logging_mixin.py:188} INFO - [2024-05-30T00:00:15.652+0000] {dag.py:3036} INFO - Sync 1 DAGs
[2024-05-30T00:00:15.665+0000] {logging_mixin.py:188} INFO - [2024-05-30T00:00:15.665+0000] {dag.py:3823} INFO - Setting next_dagrun for example_python_decorator to None, run_after=None
[2024-05-30T00:00:15.689+0000] {processor.py:183} INFO - Processing /home/airflow/.local/lib/python3.8/site-packages/airflow/example_dags/example_python_decorator.py took 0.085 seconds
[2024-05-30T00:00:47.230+0000] {processor.py:161} INFO - Started process (PID=2808) to work on /home/airflow/.local/lib/python3.8/site-packages/airflow/example_dags/example_python_decorator.py
[2024-05-30T00:00:47.231+0000] {processor.py:830} INFO - Processing file /home/airflow/.local/lib/python3.8/site-packages/airflow/example_dags/example_python_decorator.py for tasks to queue
[2024-05-30T00:00:47.233+0000] {logging_mixin.py:188} INFO - [2024-05-30T00:00:47.233+0000] {dagbag.py:538} INFO - Filling up the DagBag from /home/airflow/.local/lib/python3.8/site-packages/airflow/example_dags/example_python_decorator.py
[2024-05-30T00:00:47.264+0000] {processor.py:840} INFO - DAG(s) 'example_python_decorator' retrieved from /home/airflow/.local/lib/python3.8/site-packages/airflow/example_dags/example_python_decorator.py
[2024-05-30T00:00:47.308+0000] {logging_mixin.py:188} INFO - [2024-05-30T00:00:47.307+0000] {dag.py:3036} INFO - Sync 1 DAGs
[2024-05-30T00:00:47.331+0000] {logging_mixin.py:188} INFO - [2024-05-30T00:00:47.330+0000] {dag.py:3823} INFO - Setting next_dagrun for example_python_decorator to None, run_after=None
[2024-05-30T00:00:47.373+0000] {processor.py:183} INFO - Processing /home/airflow/.local/lib/python3.8/site-packages/airflow/example_dags/example_python_decorator.py took 0.150 seconds
[2024-05-30T00:01:17.778+0000] {processor.py:161} INFO - Started process (PID=2867) to work on /home/airflow/.local/lib/python3.8/site-packages/airflow/example_dags/example_python_decorator.py
[2024-05-30T00:01:17.779+0000] {processor.py:830} INFO - Processing file /home/airflow/.local/lib/python3.8/site-packages/airflow/example_dags/example_python_decorator.py for tasks to queue
[2024-05-30T00:01:17.781+0000] {logging_mixin.py:188} INFO - [2024-05-30T00:01:17.780+0000] {dagbag.py:538} INFO - Filling up the DagBag from /home/airflow/.local/lib/python3.8/site-packages/airflow/example_dags/example_python_decorator.py
[2024-05-30T00:01:17.800+0000] {processor.py:840} INFO - DAG(s) 'example_python_decorator' retrieved from /home/airflow/.local/lib/python3.8/site-packages/airflow/example_dags/example_python_decorator.py
[2024-05-30T00:01:17.833+0000] {logging_mixin.py:188} INFO - [2024-05-30T00:01:17.833+0000] {dag.py:3036} INFO - Sync 1 DAGs
[2024-05-30T00:01:17.852+0000] {logging_mixin.py:188} INFO - [2024-05-30T00:01:17.852+0000] {dag.py:3823} INFO - Setting next_dagrun for example_python_decorator to None, run_after=None
[2024-05-30T00:01:17.881+0000] {processor.py:183} INFO - Processing /home/airflow/.local/lib/python3.8/site-packages/airflow/example_dags/example_python_decorator.py took 0.108 seconds
[2024-05-30T00:01:48.251+0000] {processor.py:161} INFO - Started process (PID=2926) to work on /home/airflow/.local/lib/python3.8/site-packages/airflow/example_dags/example_python_decorator.py
[2024-05-30T00:01:48.252+0000] {processor.py:830} INFO - Processing file /home/airflow/.local/lib/python3.8/site-packages/airflow/example_dags/example_python_decorator.py for tasks to queue
[2024-05-30T00:01:48.254+0000] {logging_mixin.py:188} INFO - [2024-05-30T00:01:48.253+0000] {dagbag.py:538} INFO - Filling up the DagBag from /home/airflow/.local/lib/python3.8/site-packages/airflow/example_dags/example_python_decorator.py
[2024-05-30T00:01:48.266+0000] {processor.py:840} INFO - DAG(s) 'example_python_decorator' retrieved from /home/airflow/.local/lib/python3.8/site-packages/airflow/example_dags/example_python_decorator.py
[2024-05-30T00:01:48.289+0000] {logging_mixin.py:188} INFO - [2024-05-30T00:01:48.289+0000] {dag.py:3036} INFO - Sync 1 DAGs
[2024-05-30T00:01:48.301+0000] {logging_mixin.py:188} INFO - [2024-05-30T00:01:48.301+0000] {dag.py:3823} INFO - Setting next_dagrun for example_python_decorator to None, run_after=None
[2024-05-30T00:01:48.324+0000] {processor.py:183} INFO - Processing /home/airflow/.local/lib/python3.8/site-packages/airflow/example_dags/example_python_decorator.py took 0.075 seconds
[2024-05-30T00:02:19.244+0000] {processor.py:161} INFO - Started process (PID=2985) to work on /home/airflow/.local/lib/python3.8/site-packages/airflow/example_dags/example_python_decorator.py
[2024-05-30T00:02:19.245+0000] {processor.py:830} INFO - Processing file /home/airflow/.local/lib/python3.8/site-packages/airflow/example_dags/example_python_decorator.py for tasks to queue
[2024-05-30T00:02:19.247+0000] {logging_mixin.py:188} INFO - [2024-05-30T00:02:19.247+0000] {dagbag.py:538} INFO - Filling up the DagBag from /home/airflow/.local/lib/python3.8/site-packages/airflow/example_dags/example_python_decorator.py
[2024-05-30T00:02:19.262+0000] {processor.py:840} INFO - DAG(s) 'example_python_decorator' retrieved from /home/airflow/.local/lib/python3.8/site-packages/airflow/example_dags/example_python_decorator.py
[2024-05-30T00:02:19.284+0000] {logging_mixin.py:188} INFO - [2024-05-30T00:02:19.284+0000] {dag.py:3036} INFO - Sync 1 DAGs
[2024-05-30T00:02:19.295+0000] {logging_mixin.py:188} INFO - [2024-05-30T00:02:19.295+0000] {dag.py:3823} INFO - Setting next_dagrun for example_python_decorator to None, run_after=None
[2024-05-30T00:02:19.318+0000] {processor.py:183} INFO - Processing /home/airflow/.local/lib/python3.8/site-packages/airflow/example_dags/example_python_decorator.py took 0.079 seconds
[2024-05-30T00:02:52.610+0000] {processor.py:161} INFO - Started process (PID=3044) to work on /home/airflow/.local/lib/python3.8/site-packages/airflow/example_dags/example_python_decorator.py
[2024-05-30T00:02:52.611+0000] {processor.py:830} INFO - Processing file /home/airflow/.local/lib/python3.8/site-packages/airflow/example_dags/example_python_decorator.py for tasks to queue
[2024-05-30T00:02:52.614+0000] {logging_mixin.py:188} INFO - [2024-05-30T00:02:52.613+0000] {dagbag.py:538} INFO - Filling up the DagBag from /home/airflow/.local/lib/python3.8/site-packages/airflow/example_dags/example_python_decorator.py
[2024-05-30T00:02:52.643+0000] {processor.py:840} INFO - DAG(s) 'example_python_decorator' retrieved from /home/airflow/.local/lib/python3.8/site-packages/airflow/example_dags/example_python_decorator.py
[2024-05-30T00:02:52.684+0000] {logging_mixin.py:188} INFO - [2024-05-30T00:02:52.684+0000] {dag.py:3036} INFO - Sync 1 DAGs
[2024-05-30T00:02:52.704+0000] {logging_mixin.py:188} INFO - [2024-05-30T00:02:52.704+0000] {dag.py:3823} INFO - Setting next_dagrun for example_python_decorator to None, run_after=None
[2024-05-30T00:02:52.735+0000] {processor.py:183} INFO - Processing /home/airflow/.local/lib/python3.8/site-packages/airflow/example_dags/example_python_decorator.py took 0.131 seconds
[2024-05-30T00:03:23.422+0000] {processor.py:161} INFO - Started process (PID=3103) to work on /home/airflow/.local/lib/python3.8/site-packages/airflow/example_dags/example_python_decorator.py
[2024-05-30T00:03:23.423+0000] {processor.py:830} INFO - Processing file /home/airflow/.local/lib/python3.8/site-packages/airflow/example_dags/example_python_decorator.py for tasks to queue
[2024-05-30T00:03:23.424+0000] {logging_mixin.py:188} INFO - [2024-05-30T00:03:23.424+0000] {dagbag.py:538} INFO - Filling up the DagBag from /home/airflow/.local/lib/python3.8/site-packages/airflow/example_dags/example_python_decorator.py
[2024-05-30T00:03:23.436+0000] {processor.py:840} INFO - DAG(s) 'example_python_decorator' retrieved from /home/airflow/.local/lib/python3.8/site-packages/airflow/example_dags/example_python_decorator.py
[2024-05-30T00:03:23.460+0000] {logging_mixin.py:188} INFO - [2024-05-30T00:03:23.460+0000] {dag.py:3036} INFO - Sync 1 DAGs
[2024-05-30T00:03:23.471+0000] {logging_mixin.py:188} INFO - [2024-05-30T00:03:23.471+0000] {dag.py:3823} INFO - Setting next_dagrun for example_python_decorator to None, run_after=None
[2024-05-30T00:03:23.494+0000] {processor.py:183} INFO - Processing /home/airflow/.local/lib/python3.8/site-packages/airflow/example_dags/example_python_decorator.py took 0.075 seconds
[2024-05-30T00:03:53.959+0000] {processor.py:161} INFO - Started process (PID=3161) to work on /home/airflow/.local/lib/python3.8/site-packages/airflow/example_dags/example_python_decorator.py
[2024-05-30T00:03:53.960+0000] {processor.py:830} INFO - Processing file /home/airflow/.local/lib/python3.8/site-packages/airflow/example_dags/example_python_decorator.py for tasks to queue
[2024-05-30T00:03:53.962+0000] {logging_mixin.py:188} INFO - [2024-05-30T00:03:53.961+0000] {dagbag.py:538} INFO - Filling up the DagBag from /home/airflow/.local/lib/python3.8/site-packages/airflow/example_dags/example_python_decorator.py
[2024-05-30T00:03:53.975+0000] {processor.py:840} INFO - DAG(s) 'example_python_decorator' retrieved from /home/airflow/.local/lib/python3.8/site-packages/airflow/example_dags/example_python_decorator.py
[2024-05-30T00:03:53.996+0000] {logging_mixin.py:188} INFO - [2024-05-30T00:03:53.996+0000] {dag.py:3036} INFO - Sync 1 DAGs
[2024-05-30T00:03:54.007+0000] {logging_mixin.py:188} INFO - [2024-05-30T00:03:54.007+0000] {dag.py:3823} INFO - Setting next_dagrun for example_python_decorator to None, run_after=None
[2024-05-30T00:03:54.028+0000] {processor.py:183} INFO - Processing /home/airflow/.local/lib/python3.8/site-packages/airflow/example_dags/example_python_decorator.py took 0.072 seconds
[2024-05-30T00:04:24.587+0000] {processor.py:161} INFO - Started process (PID=3221) to work on /home/airflow/.local/lib/python3.8/site-packages/airflow/example_dags/example_python_decorator.py
[2024-05-30T00:04:24.588+0000] {processor.py:830} INFO - Processing file /home/airflow/.local/lib/python3.8/site-packages/airflow/example_dags/example_python_decorator.py for tasks to queue
[2024-05-30T00:04:24.590+0000] {logging_mixin.py:188} INFO - [2024-05-30T00:04:24.589+0000] {dagbag.py:538} INFO - Filling up the DagBag from /home/airflow/.local/lib/python3.8/site-packages/airflow/example_dags/example_python_decorator.py
[2024-05-30T00:04:24.605+0000] {processor.py:840} INFO - DAG(s) 'example_python_decorator' retrieved from /home/airflow/.local/lib/python3.8/site-packages/airflow/example_dags/example_python_decorator.py
[2024-05-30T00:04:24.628+0000] {logging_mixin.py:188} INFO - [2024-05-30T00:04:24.628+0000] {dag.py:3036} INFO - Sync 1 DAGs
[2024-05-30T00:04:24.639+0000] {logging_mixin.py:188} INFO - [2024-05-30T00:04:24.639+0000] {dag.py:3823} INFO - Setting next_dagrun for example_python_decorator to None, run_after=None
[2024-05-30T00:04:24.662+0000] {processor.py:183} INFO - Processing /home/airflow/.local/lib/python3.8/site-packages/airflow/example_dags/example_python_decorator.py took 0.080 seconds
[2024-05-30T00:04:55.506+0000] {processor.py:161} INFO - Started process (PID=3280) to work on /home/airflow/.local/lib/python3.8/site-packages/airflow/example_dags/example_python_decorator.py
[2024-05-30T00:04:55.507+0000] {processor.py:830} INFO - Processing file /home/airflow/.local/lib/python3.8/site-packages/airflow/example_dags/example_python_decorator.py for tasks to queue
[2024-05-30T00:04:55.509+0000] {logging_mixin.py:188} INFO - [2024-05-30T00:04:55.508+0000] {dagbag.py:538} INFO - Filling up the DagBag from /home/airflow/.local/lib/python3.8/site-packages/airflow/example_dags/example_python_decorator.py
[2024-05-30T00:04:55.521+0000] {processor.py:840} INFO - DAG(s) 'example_python_decorator' retrieved from /home/airflow/.local/lib/python3.8/site-packages/airflow/example_dags/example_python_decorator.py
[2024-05-30T00:04:55.543+0000] {logging_mixin.py:188} INFO - [2024-05-30T00:04:55.543+0000] {dag.py:3036} INFO - Sync 1 DAGs
[2024-05-30T00:04:55.671+0000] {logging_mixin.py:188} INFO - [2024-05-30T00:04:55.670+0000] {dag.py:3823} INFO - Setting next_dagrun for example_python_decorator to None, run_after=None
[2024-05-30T00:04:55.693+0000] {processor.py:183} INFO - Processing /home/airflow/.local/lib/python3.8/site-packages/airflow/example_dags/example_python_decorator.py took 0.190 seconds
[2024-05-30T00:05:25.888+0000] {processor.py:161} INFO - Started process (PID=3339) to work on /home/airflow/.local/lib/python3.8/site-packages/airflow/example_dags/example_python_decorator.py
[2024-05-30T00:05:25.889+0000] {processor.py:830} INFO - Processing file /home/airflow/.local/lib/python3.8/site-packages/airflow/example_dags/example_python_decorator.py for tasks to queue
[2024-05-30T00:05:25.890+0000] {logging_mixin.py:188} INFO - [2024-05-30T00:05:25.889+0000] {dagbag.py:538} INFO - Filling up the DagBag from /home/airflow/.local/lib/python3.8/site-packages/airflow/example_dags/example_python_decorator.py
[2024-05-30T00:05:25.908+0000] {processor.py:840} INFO - DAG(s) 'example_python_decorator' retrieved from /home/airflow/.local/lib/python3.8/site-packages/airflow/example_dags/example_python_decorator.py
[2024-05-30T00:05:25.933+0000] {logging_mixin.py:188} INFO - [2024-05-30T00:05:25.932+0000] {dag.py:3036} INFO - Sync 1 DAGs
[2024-05-30T00:05:25.943+0000] {logging_mixin.py:188} INFO - [2024-05-30T00:05:25.943+0000] {dag.py:3823} INFO - Setting next_dagrun for example_python_decorator to None, run_after=None
[2024-05-30T00:05:25.981+0000] {processor.py:183} INFO - Processing /home/airflow/.local/lib/python3.8/site-packages/airflow/example_dags/example_python_decorator.py took 0.097 seconds
[2024-05-30T00:05:56.640+0000] {processor.py:161} INFO - Started process (PID=3398) to work on /home/airflow/.local/lib/python3.8/site-packages/airflow/example_dags/example_python_decorator.py
[2024-05-30T00:05:56.641+0000] {processor.py:830} INFO - Processing file /home/airflow/.local/lib/python3.8/site-packages/airflow/example_dags/example_python_decorator.py for tasks to queue
[2024-05-30T00:05:56.643+0000] {logging_mixin.py:188} INFO - [2024-05-30T00:05:56.642+0000] {dagbag.py:538} INFO - Filling up the DagBag from /home/airflow/.local/lib/python3.8/site-packages/airflow/example_dags/example_python_decorator.py
[2024-05-30T00:05:56.657+0000] {processor.py:840} INFO - DAG(s) 'example_python_decorator' retrieved from /home/airflow/.local/lib/python3.8/site-packages/airflow/example_dags/example_python_decorator.py
[2024-05-30T00:05:56.677+0000] {logging_mixin.py:188} INFO - [2024-05-30T00:05:56.677+0000] {dag.py:3036} INFO - Sync 1 DAGs
[2024-05-30T00:05:56.690+0000] {logging_mixin.py:188} INFO - [2024-05-30T00:05:56.690+0000] {dag.py:3823} INFO - Setting next_dagrun for example_python_decorator to None, run_after=None
[2024-05-30T00:05:56.711+0000] {processor.py:183} INFO - Processing /home/airflow/.local/lib/python3.8/site-packages/airflow/example_dags/example_python_decorator.py took 0.074 seconds
[2024-05-30T00:06:28.876+0000] {processor.py:161} INFO - Started process (PID=3457) to work on /home/airflow/.local/lib/python3.8/site-packages/airflow/example_dags/example_python_decorator.py
[2024-05-30T00:06:28.877+0000] {processor.py:830} INFO - Processing file /home/airflow/.local/lib/python3.8/site-packages/airflow/example_dags/example_python_decorator.py for tasks to queue
[2024-05-30T00:06:28.879+0000] {logging_mixin.py:188} INFO - [2024-05-30T00:06:28.879+0000] {dagbag.py:538} INFO - Filling up the DagBag from /home/airflow/.local/lib/python3.8/site-packages/airflow/example_dags/example_python_decorator.py
[2024-05-30T00:06:29.021+0000] {processor.py:840} INFO - DAG(s) 'example_python_decorator' retrieved from /home/airflow/.local/lib/python3.8/site-packages/airflow/example_dags/example_python_decorator.py
[2024-05-30T00:06:29.041+0000] {logging_mixin.py:188} INFO - [2024-05-30T00:06:29.040+0000] {dag.py:3036} INFO - Sync 1 DAGs
[2024-05-30T00:06:29.050+0000] {logging_mixin.py:188} INFO - [2024-05-30T00:06:29.050+0000] {dag.py:3823} INFO - Setting next_dagrun for example_python_decorator to None, run_after=None
[2024-05-30T00:06:29.071+0000] {processor.py:183} INFO - Processing /home/airflow/.local/lib/python3.8/site-packages/airflow/example_dags/example_python_decorator.py took 0.198 seconds
[2024-05-30T00:06:59.414+0000] {processor.py:161} INFO - Started process (PID=3516) to work on /home/airflow/.local/lib/python3.8/site-packages/airflow/example_dags/example_python_decorator.py
[2024-05-30T00:06:59.415+0000] {processor.py:830} INFO - Processing file /home/airflow/.local/lib/python3.8/site-packages/airflow/example_dags/example_python_decorator.py for tasks to queue
[2024-05-30T00:06:59.417+0000] {logging_mixin.py:188} INFO - [2024-05-30T00:06:59.416+0000] {dagbag.py:538} INFO - Filling up the DagBag from /home/airflow/.local/lib/python3.8/site-packages/airflow/example_dags/example_python_decorator.py
[2024-05-30T00:06:59.430+0000] {processor.py:840} INFO - DAG(s) 'example_python_decorator' retrieved from /home/airflow/.local/lib/python3.8/site-packages/airflow/example_dags/example_python_decorator.py
[2024-05-30T00:06:59.451+0000] {logging_mixin.py:188} INFO - [2024-05-30T00:06:59.451+0000] {dag.py:3036} INFO - Sync 1 DAGs
[2024-05-30T00:06:59.462+0000] {logging_mixin.py:188} INFO - [2024-05-30T00:06:59.462+0000] {dag.py:3823} INFO - Setting next_dagrun for example_python_decorator to None, run_after=None
[2024-05-30T00:06:59.486+0000] {processor.py:183} INFO - Processing /home/airflow/.local/lib/python3.8/site-packages/airflow/example_dags/example_python_decorator.py took 0.076 seconds
[2024-05-30T00:07:30.357+0000] {processor.py:161} INFO - Started process (PID=3575) to work on /home/airflow/.local/lib/python3.8/site-packages/airflow/example_dags/example_python_decorator.py
[2024-05-30T00:07:30.359+0000] {processor.py:830} INFO - Processing file /home/airflow/.local/lib/python3.8/site-packages/airflow/example_dags/example_python_decorator.py for tasks to queue
[2024-05-30T00:07:30.360+0000] {logging_mixin.py:188} INFO - [2024-05-30T00:07:30.360+0000] {dagbag.py:538} INFO - Filling up the DagBag from /home/airflow/.local/lib/python3.8/site-packages/airflow/example_dags/example_python_decorator.py
[2024-05-30T00:07:30.373+0000] {processor.py:840} INFO - DAG(s) 'example_python_decorator' retrieved from /home/airflow/.local/lib/python3.8/site-packages/airflow/example_dags/example_python_decorator.py
[2024-05-30T00:07:30.395+0000] {logging_mixin.py:188} INFO - [2024-05-30T00:07:30.395+0000] {dag.py:3036} INFO - Sync 1 DAGs
[2024-05-30T00:07:30.407+0000] {logging_mixin.py:188} INFO - [2024-05-30T00:07:30.407+0000] {dag.py:3823} INFO - Setting next_dagrun for example_python_decorator to None, run_after=None
[2024-05-30T00:07:30.431+0000] {processor.py:183} INFO - Processing /home/airflow/.local/lib/python3.8/site-packages/airflow/example_dags/example_python_decorator.py took 0.076 seconds
[2024-05-30T00:08:00.865+0000] {processor.py:161} INFO - Started process (PID=3634) to work on /home/airflow/.local/lib/python3.8/site-packages/airflow/example_dags/example_python_decorator.py
[2024-05-30T00:08:00.866+0000] {processor.py:830} INFO - Processing file /home/airflow/.local/lib/python3.8/site-packages/airflow/example_dags/example_python_decorator.py for tasks to queue
[2024-05-30T00:08:00.868+0000] {logging_mixin.py:188} INFO - [2024-05-30T00:08:00.867+0000] {dagbag.py:538} INFO - Filling up the DagBag from /home/airflow/.local/lib/python3.8/site-packages/airflow/example_dags/example_python_decorator.py
[2024-05-30T00:08:00.880+0000] {processor.py:840} INFO - DAG(s) 'example_python_decorator' retrieved from /home/airflow/.local/lib/python3.8/site-packages/airflow/example_dags/example_python_decorator.py
[2024-05-30T00:08:00.904+0000] {logging_mixin.py:188} INFO - [2024-05-30T00:08:00.903+0000] {dag.py:3036} INFO - Sync 1 DAGs
[2024-05-30T00:08:00.916+0000] {logging_mixin.py:188} INFO - [2024-05-30T00:08:00.916+0000] {dag.py:3823} INFO - Setting next_dagrun for example_python_decorator to None, run_after=None
[2024-05-30T00:08:00.937+0000] {processor.py:183} INFO - Processing /home/airflow/.local/lib/python3.8/site-packages/airflow/example_dags/example_python_decorator.py took 0.075 seconds
[2024-05-30T00:08:31.245+0000] {processor.py:161} INFO - Started process (PID=3693) to work on /home/airflow/.local/lib/python3.8/site-packages/airflow/example_dags/example_python_decorator.py
[2024-05-30T00:08:31.246+0000] {processor.py:830} INFO - Processing file /home/airflow/.local/lib/python3.8/site-packages/airflow/example_dags/example_python_decorator.py for tasks to queue
[2024-05-30T00:08:31.247+0000] {logging_mixin.py:188} INFO - [2024-05-30T00:08:31.247+0000] {dagbag.py:538} INFO - Filling up the DagBag from /home/airflow/.local/lib/python3.8/site-packages/airflow/example_dags/example_python_decorator.py
[2024-05-30T00:08:31.262+0000] {processor.py:840} INFO - DAG(s) 'example_python_decorator' retrieved from /home/airflow/.local/lib/python3.8/site-packages/airflow/example_dags/example_python_decorator.py
[2024-05-30T00:08:31.288+0000] {logging_mixin.py:188} INFO - [2024-05-30T00:08:31.288+0000] {dag.py:3036} INFO - Sync 1 DAGs
[2024-05-30T00:08:31.301+0000] {logging_mixin.py:188} INFO - [2024-05-30T00:08:31.300+0000] {dag.py:3823} INFO - Setting next_dagrun for example_python_decorator to None, run_after=None
[2024-05-30T00:08:31.324+0000] {processor.py:183} INFO - Processing /home/airflow/.local/lib/python3.8/site-packages/airflow/example_dags/example_python_decorator.py took 0.084 seconds
[2024-05-30T00:09:02.175+0000] {processor.py:161} INFO - Started process (PID=3752) to work on /home/airflow/.local/lib/python3.8/site-packages/airflow/example_dags/example_python_decorator.py
[2024-05-30T00:09:02.177+0000] {processor.py:830} INFO - Processing file /home/airflow/.local/lib/python3.8/site-packages/airflow/example_dags/example_python_decorator.py for tasks to queue
[2024-05-30T00:09:02.178+0000] {logging_mixin.py:188} INFO - [2024-05-30T00:09:02.178+0000] {dagbag.py:538} INFO - Filling up the DagBag from /home/airflow/.local/lib/python3.8/site-packages/airflow/example_dags/example_python_decorator.py
[2024-05-30T00:09:02.191+0000] {processor.py:840} INFO - DAG(s) 'example_python_decorator' retrieved from /home/airflow/.local/lib/python3.8/site-packages/airflow/example_dags/example_python_decorator.py
[2024-05-30T00:09:02.215+0000] {logging_mixin.py:188} INFO - [2024-05-30T00:09:02.214+0000] {dag.py:3036} INFO - Sync 1 DAGs
[2024-05-30T00:09:02.227+0000] {logging_mixin.py:188} INFO - [2024-05-30T00:09:02.227+0000] {dag.py:3823} INFO - Setting next_dagrun for example_python_decorator to None, run_after=None
[2024-05-30T00:09:02.249+0000] {processor.py:183} INFO - Processing /home/airflow/.local/lib/python3.8/site-packages/airflow/example_dags/example_python_decorator.py took 0.076 seconds
[2024-05-30T00:09:32.499+0000] {processor.py:161} INFO - Started process (PID=3811) to work on /home/airflow/.local/lib/python3.8/site-packages/airflow/example_dags/example_python_decorator.py
[2024-05-30T00:09:32.500+0000] {processor.py:830} INFO - Processing file /home/airflow/.local/lib/python3.8/site-packages/airflow/example_dags/example_python_decorator.py for tasks to queue
[2024-05-30T00:09:32.502+0000] {logging_mixin.py:188} INFO - [2024-05-30T00:09:32.501+0000] {dagbag.py:538} INFO - Filling up the DagBag from /home/airflow/.local/lib/python3.8/site-packages/airflow/example_dags/example_python_decorator.py
[2024-05-30T00:09:32.515+0000] {processor.py:840} INFO - DAG(s) 'example_python_decorator' retrieved from /home/airflow/.local/lib/python3.8/site-packages/airflow/example_dags/example_python_decorator.py
[2024-05-30T00:09:32.538+0000] {logging_mixin.py:188} INFO - [2024-05-30T00:09:32.538+0000] {dag.py:3036} INFO - Sync 1 DAGs
[2024-05-30T00:09:32.550+0000] {logging_mixin.py:188} INFO - [2024-05-30T00:09:32.549+0000] {dag.py:3823} INFO - Setting next_dagrun for example_python_decorator to None, run_after=None
[2024-05-30T00:09:32.572+0000] {processor.py:183} INFO - Processing /home/airflow/.local/lib/python3.8/site-packages/airflow/example_dags/example_python_decorator.py took 0.076 seconds
[2024-05-30T00:10:02.937+0000] {processor.py:161} INFO - Started process (PID=3870) to work on /home/airflow/.local/lib/python3.8/site-packages/airflow/example_dags/example_python_decorator.py
[2024-05-30T00:10:02.938+0000] {processor.py:830} INFO - Processing file /home/airflow/.local/lib/python3.8/site-packages/airflow/example_dags/example_python_decorator.py for tasks to queue
[2024-05-30T00:10:02.941+0000] {logging_mixin.py:188} INFO - [2024-05-30T00:10:02.940+0000] {dagbag.py:538} INFO - Filling up the DagBag from /home/airflow/.local/lib/python3.8/site-packages/airflow/example_dags/example_python_decorator.py
[2024-05-30T00:10:02.968+0000] {processor.py:840} INFO - DAG(s) 'example_python_decorator' retrieved from /home/airflow/.local/lib/python3.8/site-packages/airflow/example_dags/example_python_decorator.py
[2024-05-30T00:10:02.997+0000] {logging_mixin.py:188} INFO - [2024-05-30T00:10:02.997+0000] {dag.py:3036} INFO - Sync 1 DAGs
[2024-05-30T00:10:03.010+0000] {logging_mixin.py:188} INFO - [2024-05-30T00:10:03.009+0000] {dag.py:3823} INFO - Setting next_dagrun for example_python_decorator to None, run_after=None
[2024-05-30T00:10:03.030+0000] {processor.py:183} INFO - Processing /home/airflow/.local/lib/python3.8/site-packages/airflow/example_dags/example_python_decorator.py took 0.098 seconds
[2024-05-30T00:10:33.835+0000] {processor.py:161} INFO - Started process (PID=3929) to work on /home/airflow/.local/lib/python3.8/site-packages/airflow/example_dags/example_python_decorator.py
[2024-05-30T00:10:33.836+0000] {processor.py:830} INFO - Processing file /home/airflow/.local/lib/python3.8/site-packages/airflow/example_dags/example_python_decorator.py for tasks to queue
[2024-05-30T00:10:33.838+0000] {logging_mixin.py:188} INFO - [2024-05-30T00:10:33.837+0000] {dagbag.py:538} INFO - Filling up the DagBag from /home/airflow/.local/lib/python3.8/site-packages/airflow/example_dags/example_python_decorator.py
[2024-05-30T00:10:33.850+0000] {processor.py:840} INFO - DAG(s) 'example_python_decorator' retrieved from /home/airflow/.local/lib/python3.8/site-packages/airflow/example_dags/example_python_decorator.py
[2024-05-30T00:10:33.872+0000] {logging_mixin.py:188} INFO - [2024-05-30T00:10:33.872+0000] {dag.py:3036} INFO - Sync 1 DAGs
[2024-05-30T00:10:33.885+0000] {logging_mixin.py:188} INFO - [2024-05-30T00:10:33.884+0000] {dag.py:3823} INFO - Setting next_dagrun for example_python_decorator to None, run_after=None
[2024-05-30T00:10:33.907+0000] {processor.py:183} INFO - Processing /home/airflow/.local/lib/python3.8/site-packages/airflow/example_dags/example_python_decorator.py took 0.075 seconds
[2024-05-30T00:11:05.017+0000] {processor.py:161} INFO - Started process (PID=3988) to work on /home/airflow/.local/lib/python3.8/site-packages/airflow/example_dags/example_python_decorator.py
[2024-05-30T00:11:05.019+0000] {processor.py:830} INFO - Processing file /home/airflow/.local/lib/python3.8/site-packages/airflow/example_dags/example_python_decorator.py for tasks to queue
[2024-05-30T00:11:05.020+0000] {logging_mixin.py:188} INFO - [2024-05-30T00:11:05.020+0000] {dagbag.py:538} INFO - Filling up the DagBag from /home/airflow/.local/lib/python3.8/site-packages/airflow/example_dags/example_python_decorator.py
[2024-05-30T00:11:05.035+0000] {processor.py:840} INFO - DAG(s) 'example_python_decorator' retrieved from /home/airflow/.local/lib/python3.8/site-packages/airflow/example_dags/example_python_decorator.py
[2024-05-30T00:11:05.058+0000] {logging_mixin.py:188} INFO - [2024-05-30T00:11:05.058+0000] {dag.py:3036} INFO - Sync 1 DAGs
[2024-05-30T00:11:05.070+0000] {logging_mixin.py:188} INFO - [2024-05-30T00:11:05.070+0000] {dag.py:3823} INFO - Setting next_dagrun for example_python_decorator to None, run_after=None
[2024-05-30T00:11:05.094+0000] {processor.py:183} INFO - Processing /home/airflow/.local/lib/python3.8/site-packages/airflow/example_dags/example_python_decorator.py took 0.080 seconds
[2024-05-30T00:11:35.171+0000] {processor.py:161} INFO - Started process (PID=4047) to work on /home/airflow/.local/lib/python3.8/site-packages/airflow/example_dags/example_python_decorator.py
[2024-05-30T00:11:35.172+0000] {processor.py:830} INFO - Processing file /home/airflow/.local/lib/python3.8/site-packages/airflow/example_dags/example_python_decorator.py for tasks to queue
[2024-05-30T00:11:35.174+0000] {logging_mixin.py:188} INFO - [2024-05-30T00:11:35.173+0000] {dagbag.py:538} INFO - Filling up the DagBag from /home/airflow/.local/lib/python3.8/site-packages/airflow/example_dags/example_python_decorator.py
[2024-05-30T00:11:35.186+0000] {processor.py:840} INFO - DAG(s) 'example_python_decorator' retrieved from /home/airflow/.local/lib/python3.8/site-packages/airflow/example_dags/example_python_decorator.py
[2024-05-30T00:11:35.210+0000] {logging_mixin.py:188} INFO - [2024-05-30T00:11:35.210+0000] {dag.py:3036} INFO - Sync 1 DAGs
[2024-05-30T00:11:35.222+0000] {logging_mixin.py:188} INFO - [2024-05-30T00:11:35.222+0000] {dag.py:3823} INFO - Setting next_dagrun for example_python_decorator to None, run_after=None
[2024-05-30T00:11:35.245+0000] {processor.py:183} INFO - Processing /home/airflow/.local/lib/python3.8/site-packages/airflow/example_dags/example_python_decorator.py took 0.077 seconds
[2024-05-30T00:12:06.211+0000] {processor.py:161} INFO - Started process (PID=4106) to work on /home/airflow/.local/lib/python3.8/site-packages/airflow/example_dags/example_python_decorator.py
[2024-05-30T00:12:06.213+0000] {processor.py:830} INFO - Processing file /home/airflow/.local/lib/python3.8/site-packages/airflow/example_dags/example_python_decorator.py for tasks to queue
[2024-05-30T00:12:06.215+0000] {logging_mixin.py:188} INFO - [2024-05-30T00:12:06.215+0000] {dagbag.py:538} INFO - Filling up the DagBag from /home/airflow/.local/lib/python3.8/site-packages/airflow/example_dags/example_python_decorator.py
[2024-05-30T00:12:06.236+0000] {processor.py:840} INFO - DAG(s) 'example_python_decorator' retrieved from /home/airflow/.local/lib/python3.8/site-packages/airflow/example_dags/example_python_decorator.py
[2024-05-30T00:12:06.260+0000] {logging_mixin.py:188} INFO - [2024-05-30T00:12:06.259+0000] {dag.py:3036} INFO - Sync 1 DAGs
[2024-05-30T00:12:06.273+0000] {logging_mixin.py:188} INFO - [2024-05-30T00:12:06.273+0000] {dag.py:3823} INFO - Setting next_dagrun for example_python_decorator to None, run_after=None
[2024-05-30T00:12:06.297+0000] {processor.py:183} INFO - Processing /home/airflow/.local/lib/python3.8/site-packages/airflow/example_dags/example_python_decorator.py took 0.092 seconds
[2024-05-30T00:12:36.720+0000] {processor.py:161} INFO - Started process (PID=4165) to work on /home/airflow/.local/lib/python3.8/site-packages/airflow/example_dags/example_python_decorator.py
[2024-05-30T00:12:36.721+0000] {processor.py:830} INFO - Processing file /home/airflow/.local/lib/python3.8/site-packages/airflow/example_dags/example_python_decorator.py for tasks to queue
[2024-05-30T00:12:36.722+0000] {logging_mixin.py:188} INFO - [2024-05-30T00:12:36.722+0000] {dagbag.py:538} INFO - Filling up the DagBag from /home/airflow/.local/lib/python3.8/site-packages/airflow/example_dags/example_python_decorator.py
[2024-05-30T00:12:36.735+0000] {processor.py:840} INFO - DAG(s) 'example_python_decorator' retrieved from /home/airflow/.local/lib/python3.8/site-packages/airflow/example_dags/example_python_decorator.py
[2024-05-30T00:12:36.757+0000] {logging_mixin.py:188} INFO - [2024-05-30T00:12:36.756+0000] {dag.py:3036} INFO - Sync 1 DAGs
[2024-05-30T00:12:36.768+0000] {logging_mixin.py:188} INFO - [2024-05-30T00:12:36.768+0000] {dag.py:3823} INFO - Setting next_dagrun for example_python_decorator to None, run_after=None
[2024-05-30T00:12:36.793+0000] {processor.py:183} INFO - Processing /home/airflow/.local/lib/python3.8/site-packages/airflow/example_dags/example_python_decorator.py took 0.076 seconds
[2024-05-30T00:13:07.677+0000] {processor.py:161} INFO - Started process (PID=4230) to work on /home/airflow/.local/lib/python3.8/site-packages/airflow/example_dags/example_python_decorator.py
[2024-05-30T00:13:07.678+0000] {processor.py:830} INFO - Processing file /home/airflow/.local/lib/python3.8/site-packages/airflow/example_dags/example_python_decorator.py for tasks to queue
[2024-05-30T00:13:07.680+0000] {logging_mixin.py:188} INFO - [2024-05-30T00:13:07.680+0000] {dagbag.py:538} INFO - Filling up the DagBag from /home/airflow/.local/lib/python3.8/site-packages/airflow/example_dags/example_python_decorator.py
[2024-05-30T00:13:07.692+0000] {processor.py:840} INFO - DAG(s) 'example_python_decorator' retrieved from /home/airflow/.local/lib/python3.8/site-packages/airflow/example_dags/example_python_decorator.py
[2024-05-30T00:13:07.715+0000] {logging_mixin.py:188} INFO - [2024-05-30T00:13:07.715+0000] {dag.py:3036} INFO - Sync 1 DAGs
[2024-05-30T00:13:07.727+0000] {logging_mixin.py:188} INFO - [2024-05-30T00:13:07.726+0000] {dag.py:3823} INFO - Setting next_dagrun for example_python_decorator to None, run_after=None
[2024-05-30T00:13:07.747+0000] {processor.py:183} INFO - Processing /home/airflow/.local/lib/python3.8/site-packages/airflow/example_dags/example_python_decorator.py took 0.073 seconds
[2024-05-30T00:13:38.286+0000] {processor.py:161} INFO - Started process (PID=4289) to work on /home/airflow/.local/lib/python3.8/site-packages/airflow/example_dags/example_python_decorator.py
[2024-05-30T00:13:38.287+0000] {processor.py:830} INFO - Processing file /home/airflow/.local/lib/python3.8/site-packages/airflow/example_dags/example_python_decorator.py for tasks to queue
[2024-05-30T00:13:38.289+0000] {logging_mixin.py:188} INFO - [2024-05-30T00:13:38.289+0000] {dagbag.py:538} INFO - Filling up the DagBag from /home/airflow/.local/lib/python3.8/site-packages/airflow/example_dags/example_python_decorator.py
[2024-05-30T00:13:38.305+0000] {processor.py:840} INFO - DAG(s) 'example_python_decorator' retrieved from /home/airflow/.local/lib/python3.8/site-packages/airflow/example_dags/example_python_decorator.py
[2024-05-30T00:13:38.329+0000] {logging_mixin.py:188} INFO - [2024-05-30T00:13:38.329+0000] {dag.py:3036} INFO - Sync 1 DAGs
[2024-05-30T00:13:38.340+0000] {logging_mixin.py:188} INFO - [2024-05-30T00:13:38.340+0000] {dag.py:3823} INFO - Setting next_dagrun for example_python_decorator to None, run_after=None
[2024-05-30T00:13:38.363+0000] {processor.py:183} INFO - Processing /home/airflow/.local/lib/python3.8/site-packages/airflow/example_dags/example_python_decorator.py took 0.081 seconds
[2024-05-30T00:14:09.093+0000] {processor.py:161} INFO - Started process (PID=4348) to work on /home/airflow/.local/lib/python3.8/site-packages/airflow/example_dags/example_python_decorator.py
[2024-05-30T00:14:09.095+0000] {processor.py:830} INFO - Processing file /home/airflow/.local/lib/python3.8/site-packages/airflow/example_dags/example_python_decorator.py for tasks to queue
[2024-05-30T00:14:09.097+0000] {logging_mixin.py:188} INFO - [2024-05-30T00:14:09.097+0000] {dagbag.py:538} INFO - Filling up the DagBag from /home/airflow/.local/lib/python3.8/site-packages/airflow/example_dags/example_python_decorator.py
[2024-05-30T00:14:09.118+0000] {processor.py:840} INFO - DAG(s) 'example_python_decorator' retrieved from /home/airflow/.local/lib/python3.8/site-packages/airflow/example_dags/example_python_decorator.py
[2024-05-30T00:14:09.150+0000] {logging_mixin.py:188} INFO - [2024-05-30T00:14:09.150+0000] {dag.py:3036} INFO - Sync 1 DAGs
[2024-05-30T00:14:09.162+0000] {logging_mixin.py:188} INFO - [2024-05-30T00:14:09.162+0000] {dag.py:3823} INFO - Setting next_dagrun for example_python_decorator to None, run_after=None
[2024-05-30T00:14:09.184+0000] {processor.py:183} INFO - Processing /home/airflow/.local/lib/python3.8/site-packages/airflow/example_dags/example_python_decorator.py took 0.096 seconds
[2024-05-30T00:20:46.788+0000] {processor.py:161} INFO - Started process (PID=5114) to work on /home/airflow/.local/lib/python3.8/site-packages/airflow/example_dags/example_python_decorator.py
[2024-05-30T00:20:46.789+0000] {processor.py:830} INFO - Processing file /home/airflow/.local/lib/python3.8/site-packages/airflow/example_dags/example_python_decorator.py for tasks to queue
[2024-05-30T00:20:46.790+0000] {logging_mixin.py:188} INFO - [2024-05-30T00:20:46.790+0000] {dagbag.py:538} INFO - Filling up the DagBag from /home/airflow/.local/lib/python3.8/site-packages/airflow/example_dags/example_python_decorator.py
[2024-05-30T00:20:46.802+0000] {processor.py:840} INFO - DAG(s) 'example_python_decorator' retrieved from /home/airflow/.local/lib/python3.8/site-packages/airflow/example_dags/example_python_decorator.py
[2024-05-30T00:20:46.824+0000] {logging_mixin.py:188} INFO - [2024-05-30T00:20:46.824+0000] {dag.py:3036} INFO - Sync 1 DAGs
[2024-05-30T00:20:46.837+0000] {logging_mixin.py:188} INFO - [2024-05-30T00:20:46.836+0000] {dag.py:3823} INFO - Setting next_dagrun for example_python_decorator to None, run_after=None
[2024-05-30T00:20:46.859+0000] {processor.py:183} INFO - Processing /home/airflow/.local/lib/python3.8/site-packages/airflow/example_dags/example_python_decorator.py took 0.074 seconds
[2024-05-30T00:21:18.182+0000] {processor.py:161} INFO - Started process (PID=5173) to work on /home/airflow/.local/lib/python3.8/site-packages/airflow/example_dags/example_python_decorator.py
[2024-05-30T00:21:18.183+0000] {processor.py:830} INFO - Processing file /home/airflow/.local/lib/python3.8/site-packages/airflow/example_dags/example_python_decorator.py for tasks to queue
[2024-05-30T00:21:18.184+0000] {logging_mixin.py:188} INFO - [2024-05-30T00:21:18.184+0000] {dagbag.py:538} INFO - Filling up the DagBag from /home/airflow/.local/lib/python3.8/site-packages/airflow/example_dags/example_python_decorator.py
[2024-05-30T00:21:18.197+0000] {processor.py:840} INFO - DAG(s) 'example_python_decorator' retrieved from /home/airflow/.local/lib/python3.8/site-packages/airflow/example_dags/example_python_decorator.py
[2024-05-30T00:21:18.220+0000] {logging_mixin.py:188} INFO - [2024-05-30T00:21:18.220+0000] {dag.py:3036} INFO - Sync 1 DAGs
[2024-05-30T00:21:18.231+0000] {logging_mixin.py:188} INFO - [2024-05-30T00:21:18.231+0000] {dag.py:3823} INFO - Setting next_dagrun for example_python_decorator to None, run_after=None
[2024-05-30T00:21:18.252+0000] {processor.py:183} INFO - Processing /home/airflow/.local/lib/python3.8/site-packages/airflow/example_dags/example_python_decorator.py took 0.073 seconds
[2024-05-30T00:21:49.138+0000] {processor.py:161} INFO - Started process (PID=5232) to work on /home/airflow/.local/lib/python3.8/site-packages/airflow/example_dags/example_python_decorator.py
[2024-05-30T00:21:49.139+0000] {processor.py:830} INFO - Processing file /home/airflow/.local/lib/python3.8/site-packages/airflow/example_dags/example_python_decorator.py for tasks to queue
[2024-05-30T00:21:49.141+0000] {logging_mixin.py:188} INFO - [2024-05-30T00:21:49.140+0000] {dagbag.py:538} INFO - Filling up the DagBag from /home/airflow/.local/lib/python3.8/site-packages/airflow/example_dags/example_python_decorator.py
[2024-05-30T00:21:49.153+0000] {processor.py:840} INFO - DAG(s) 'example_python_decorator' retrieved from /home/airflow/.local/lib/python3.8/site-packages/airflow/example_dags/example_python_decorator.py
[2024-05-30T00:21:49.177+0000] {logging_mixin.py:188} INFO - [2024-05-30T00:21:49.177+0000] {dag.py:3036} INFO - Sync 1 DAGs
[2024-05-30T00:21:49.190+0000] {logging_mixin.py:188} INFO - [2024-05-30T00:21:49.189+0000] {dag.py:3823} INFO - Setting next_dagrun for example_python_decorator to None, run_after=None
[2024-05-30T00:21:49.211+0000] {processor.py:183} INFO - Processing /home/airflow/.local/lib/python3.8/site-packages/airflow/example_dags/example_python_decorator.py took 0.076 seconds
