[2024-05-30T00:00:14.394+0000] {processor.py:161} INFO - Started process (PID=2736) to work on /home/airflow/.local/lib/python3.8/site-packages/airflow/example_dags/example_short_circuit_operator.py
[2024-05-30T00:00:14.396+0000] {processor.py:830} INFO - Processing file /home/airflow/.local/lib/python3.8/site-packages/airflow/example_dags/example_short_circuit_operator.py for tasks to queue
[2024-05-30T00:00:14.398+0000] {logging_mixin.py:188} INFO - [2024-05-30T00:00:14.397+0000] {dagbag.py:538} INFO - Filling up the DagBag from /home/airflow/.local/lib/python3.8/site-packages/airflow/example_dags/example_short_circuit_operator.py
[2024-05-30T00:00:14.407+0000] {processor.py:840} INFO - DAG(s) 'example_short_circuit_operator' retrieved from /home/airflow/.local/lib/python3.8/site-packages/airflow/example_dags/example_short_circuit_operator.py
[2024-05-30T00:00:14.431+0000] {logging_mixin.py:188} INFO - [2024-05-30T00:00:14.431+0000] {dag.py:3036} INFO - Sync 1 DAGs
[2024-05-30T00:00:14.453+0000] {logging_mixin.py:188} INFO - [2024-05-30T00:00:14.452+0000] {dag.py:3823} INFO - Setting next_dagrun for example_short_circuit_operator to 2024-05-29 00:00:00+00:00, run_after=2024-05-30 00:00:00+00:00
[2024-05-30T00:00:14.475+0000] {processor.py:183} INFO - Processing /home/airflow/.local/lib/python3.8/site-packages/airflow/example_dags/example_short_circuit_operator.py took 0.086 seconds
[2024-05-30T00:00:46.052+0000] {processor.py:161} INFO - Started process (PID=2795) to work on /home/airflow/.local/lib/python3.8/site-packages/airflow/example_dags/example_short_circuit_operator.py
[2024-05-30T00:00:46.054+0000] {processor.py:830} INFO - Processing file /home/airflow/.local/lib/python3.8/site-packages/airflow/example_dags/example_short_circuit_operator.py for tasks to queue
[2024-05-30T00:00:46.055+0000] {logging_mixin.py:188} INFO - [2024-05-30T00:00:46.055+0000] {dagbag.py:538} INFO - Filling up the DagBag from /home/airflow/.local/lib/python3.8/site-packages/airflow/example_dags/example_short_circuit_operator.py
[2024-05-30T00:00:46.066+0000] {processor.py:840} INFO - DAG(s) 'example_short_circuit_operator' retrieved from /home/airflow/.local/lib/python3.8/site-packages/airflow/example_dags/example_short_circuit_operator.py
[2024-05-30T00:00:46.107+0000] {logging_mixin.py:188} INFO - [2024-05-30T00:00:46.107+0000] {dag.py:3036} INFO - Sync 1 DAGs
[2024-05-30T00:00:46.139+0000] {logging_mixin.py:188} INFO - [2024-05-30T00:00:46.138+0000] {dag.py:3823} INFO - Setting next_dagrun for example_short_circuit_operator to 2024-05-29 00:00:00+00:00, run_after=2024-05-30 00:00:00+00:00
[2024-05-30T00:00:46.185+0000] {processor.py:183} INFO - Processing /home/airflow/.local/lib/python3.8/site-packages/airflow/example_dags/example_short_circuit_operator.py took 0.137 seconds
[2024-05-30T00:01:16.651+0000] {processor.py:161} INFO - Started process (PID=2854) to work on /home/airflow/.local/lib/python3.8/site-packages/airflow/example_dags/example_short_circuit_operator.py
[2024-05-30T00:01:16.652+0000] {processor.py:830} INFO - Processing file /home/airflow/.local/lib/python3.8/site-packages/airflow/example_dags/example_short_circuit_operator.py for tasks to queue
[2024-05-30T00:01:16.654+0000] {logging_mixin.py:188} INFO - [2024-05-30T00:01:16.653+0000] {dagbag.py:538} INFO - Filling up the DagBag from /home/airflow/.local/lib/python3.8/site-packages/airflow/example_dags/example_short_circuit_operator.py
[2024-05-30T00:01:16.668+0000] {processor.py:840} INFO - DAG(s) 'example_short_circuit_operator' retrieved from /home/airflow/.local/lib/python3.8/site-packages/airflow/example_dags/example_short_circuit_operator.py
[2024-05-30T00:01:16.704+0000] {logging_mixin.py:188} INFO - [2024-05-30T00:01:16.704+0000] {dag.py:3036} INFO - Sync 1 DAGs
[2024-05-30T00:01:16.736+0000] {logging_mixin.py:188} INFO - [2024-05-30T00:01:16.736+0000] {dag.py:3823} INFO - Setting next_dagrun for example_short_circuit_operator to 2024-05-29 00:00:00+00:00, run_after=2024-05-30 00:00:00+00:00
[2024-05-30T00:01:16.765+0000] {processor.py:183} INFO - Processing /home/airflow/.local/lib/python3.8/site-packages/airflow/example_dags/example_short_circuit_operator.py took 0.121 seconds
[2024-05-30T00:01:47.166+0000] {processor.py:161} INFO - Started process (PID=2913) to work on /home/airflow/.local/lib/python3.8/site-packages/airflow/example_dags/example_short_circuit_operator.py
[2024-05-30T00:01:47.168+0000] {processor.py:830} INFO - Processing file /home/airflow/.local/lib/python3.8/site-packages/airflow/example_dags/example_short_circuit_operator.py for tasks to queue
[2024-05-30T00:01:47.170+0000] {logging_mixin.py:188} INFO - [2024-05-30T00:01:47.170+0000] {dagbag.py:538} INFO - Filling up the DagBag from /home/airflow/.local/lib/python3.8/site-packages/airflow/example_dags/example_short_circuit_operator.py
[2024-05-30T00:01:47.180+0000] {processor.py:840} INFO - DAG(s) 'example_short_circuit_operator' retrieved from /home/airflow/.local/lib/python3.8/site-packages/airflow/example_dags/example_short_circuit_operator.py
[2024-05-30T00:01:47.216+0000] {logging_mixin.py:188} INFO - [2024-05-30T00:01:47.215+0000] {dag.py:3036} INFO - Sync 1 DAGs
[2024-05-30T00:01:47.242+0000] {logging_mixin.py:188} INFO - [2024-05-30T00:01:47.242+0000] {dag.py:3823} INFO - Setting next_dagrun for example_short_circuit_operator to 2024-05-29 00:00:00+00:00, run_after=2024-05-30 00:00:00+00:00
[2024-05-30T00:01:47.270+0000] {processor.py:183} INFO - Processing /home/airflow/.local/lib/python3.8/site-packages/airflow/example_dags/example_short_circuit_operator.py took 0.108 seconds
[2024-05-30T00:02:18.062+0000] {processor.py:161} INFO - Started process (PID=2972) to work on /home/airflow/.local/lib/python3.8/site-packages/airflow/example_dags/example_short_circuit_operator.py
[2024-05-30T00:02:18.064+0000] {processor.py:830} INFO - Processing file /home/airflow/.local/lib/python3.8/site-packages/airflow/example_dags/example_short_circuit_operator.py for tasks to queue
[2024-05-30T00:02:18.066+0000] {logging_mixin.py:188} INFO - [2024-05-30T00:02:18.065+0000] {dagbag.py:538} INFO - Filling up the DagBag from /home/airflow/.local/lib/python3.8/site-packages/airflow/example_dags/example_short_circuit_operator.py
[2024-05-30T00:02:18.078+0000] {processor.py:840} INFO - DAG(s) 'example_short_circuit_operator' retrieved from /home/airflow/.local/lib/python3.8/site-packages/airflow/example_dags/example_short_circuit_operator.py
[2024-05-30T00:02:18.104+0000] {logging_mixin.py:188} INFO - [2024-05-30T00:02:18.103+0000] {dag.py:3036} INFO - Sync 1 DAGs
[2024-05-30T00:02:18.126+0000] {logging_mixin.py:188} INFO - [2024-05-30T00:02:18.125+0000] {dag.py:3823} INFO - Setting next_dagrun for example_short_circuit_operator to 2024-05-29 00:00:00+00:00, run_after=2024-05-30 00:00:00+00:00
[2024-05-30T00:02:18.147+0000] {processor.py:183} INFO - Processing /home/airflow/.local/lib/python3.8/site-packages/airflow/example_dags/example_short_circuit_operator.py took 0.089 seconds
[2024-05-30T00:02:50.289+0000] {processor.py:161} INFO - Started process (PID=3031) to work on /home/airflow/.local/lib/python3.8/site-packages/airflow/example_dags/example_short_circuit_operator.py
[2024-05-30T00:02:50.290+0000] {processor.py:830} INFO - Processing file /home/airflow/.local/lib/python3.8/site-packages/airflow/example_dags/example_short_circuit_operator.py for tasks to queue
[2024-05-30T00:02:50.291+0000] {logging_mixin.py:188} INFO - [2024-05-30T00:02:50.291+0000] {dagbag.py:538} INFO - Filling up the DagBag from /home/airflow/.local/lib/python3.8/site-packages/airflow/example_dags/example_short_circuit_operator.py
[2024-05-30T00:02:50.302+0000] {processor.py:840} INFO - DAG(s) 'example_short_circuit_operator' retrieved from /home/airflow/.local/lib/python3.8/site-packages/airflow/example_dags/example_short_circuit_operator.py
[2024-05-30T00:02:50.330+0000] {logging_mixin.py:188} INFO - [2024-05-30T00:02:50.330+0000] {dag.py:3036} INFO - Sync 1 DAGs
[2024-05-30T00:02:50.355+0000] {logging_mixin.py:188} INFO - [2024-05-30T00:02:50.355+0000] {dag.py:3823} INFO - Setting next_dagrun for example_short_circuit_operator to 2024-05-29 00:00:00+00:00, run_after=2024-05-30 00:00:00+00:00
[2024-05-30T00:02:50.379+0000] {processor.py:183} INFO - Processing /home/airflow/.local/lib/python3.8/site-packages/airflow/example_dags/example_short_circuit_operator.py took 0.094 seconds
[2024-05-30T00:03:20.519+0000] {processor.py:161} INFO - Started process (PID=3090) to work on /home/airflow/.local/lib/python3.8/site-packages/airflow/example_dags/example_short_circuit_operator.py
[2024-05-30T00:03:20.520+0000] {processor.py:830} INFO - Processing file /home/airflow/.local/lib/python3.8/site-packages/airflow/example_dags/example_short_circuit_operator.py for tasks to queue
[2024-05-30T00:03:20.521+0000] {logging_mixin.py:188} INFO - [2024-05-30T00:03:20.520+0000] {dagbag.py:538} INFO - Filling up the DagBag from /home/airflow/.local/lib/python3.8/site-packages/airflow/example_dags/example_short_circuit_operator.py
[2024-05-30T00:03:20.529+0000] {processor.py:840} INFO - DAG(s) 'example_short_circuit_operator' retrieved from /home/airflow/.local/lib/python3.8/site-packages/airflow/example_dags/example_short_circuit_operator.py
[2024-05-30T00:03:20.550+0000] {logging_mixin.py:188} INFO - [2024-05-30T00:03:20.550+0000] {dag.py:3036} INFO - Sync 1 DAGs
[2024-05-30T00:03:20.571+0000] {logging_mixin.py:188} INFO - [2024-05-30T00:03:20.571+0000] {dag.py:3823} INFO - Setting next_dagrun for example_short_circuit_operator to 2024-05-29 00:00:00+00:00, run_after=2024-05-30 00:00:00+00:00
[2024-05-30T00:03:20.590+0000] {processor.py:183} INFO - Processing /home/airflow/.local/lib/python3.8/site-packages/airflow/example_dags/example_short_circuit_operator.py took 0.074 seconds
[2024-05-30T00:03:51.261+0000] {processor.py:161} INFO - Started process (PID=3149) to work on /home/airflow/.local/lib/python3.8/site-packages/airflow/example_dags/example_short_circuit_operator.py
[2024-05-30T00:03:51.262+0000] {processor.py:830} INFO - Processing file /home/airflow/.local/lib/python3.8/site-packages/airflow/example_dags/example_short_circuit_operator.py for tasks to queue
[2024-05-30T00:03:51.263+0000] {logging_mixin.py:188} INFO - [2024-05-30T00:03:51.263+0000] {dagbag.py:538} INFO - Filling up the DagBag from /home/airflow/.local/lib/python3.8/site-packages/airflow/example_dags/example_short_circuit_operator.py
[2024-05-30T00:03:51.272+0000] {processor.py:840} INFO - DAG(s) 'example_short_circuit_operator' retrieved from /home/airflow/.local/lib/python3.8/site-packages/airflow/example_dags/example_short_circuit_operator.py
[2024-05-30T00:03:51.295+0000] {logging_mixin.py:188} INFO - [2024-05-30T00:03:51.295+0000] {dag.py:3036} INFO - Sync 1 DAGs
[2024-05-30T00:03:51.315+0000] {logging_mixin.py:188} INFO - [2024-05-30T00:03:51.315+0000] {dag.py:3823} INFO - Setting next_dagrun for example_short_circuit_operator to 2024-05-29 00:00:00+00:00, run_after=2024-05-30 00:00:00+00:00
[2024-05-30T00:03:51.335+0000] {processor.py:183} INFO - Processing /home/airflow/.local/lib/python3.8/site-packages/airflow/example_dags/example_short_circuit_operator.py took 0.078 seconds
[2024-05-30T00:04:22.395+0000] {processor.py:161} INFO - Started process (PID=3208) to work on /home/airflow/.local/lib/python3.8/site-packages/airflow/example_dags/example_short_circuit_operator.py
[2024-05-30T00:04:22.396+0000] {processor.py:830} INFO - Processing file /home/airflow/.local/lib/python3.8/site-packages/airflow/example_dags/example_short_circuit_operator.py for tasks to queue
[2024-05-30T00:04:22.398+0000] {logging_mixin.py:188} INFO - [2024-05-30T00:04:22.397+0000] {dagbag.py:538} INFO - Filling up the DagBag from /home/airflow/.local/lib/python3.8/site-packages/airflow/example_dags/example_short_circuit_operator.py
[2024-05-30T00:04:22.407+0000] {processor.py:840} INFO - DAG(s) 'example_short_circuit_operator' retrieved from /home/airflow/.local/lib/python3.8/site-packages/airflow/example_dags/example_short_circuit_operator.py
[2024-05-30T00:04:22.429+0000] {logging_mixin.py:188} INFO - [2024-05-30T00:04:22.429+0000] {dag.py:3036} INFO - Sync 1 DAGs
[2024-05-30T00:04:22.567+0000] {logging_mixin.py:188} INFO - [2024-05-30T00:04:22.566+0000] {dag.py:3823} INFO - Setting next_dagrun for example_short_circuit_operator to 2024-05-29 00:00:00+00:00, run_after=2024-05-30 00:00:00+00:00
[2024-05-30T00:04:22.587+0000] {processor.py:183} INFO - Processing /home/airflow/.local/lib/python3.8/site-packages/airflow/example_dags/example_short_circuit_operator.py took 0.196 seconds
[2024-05-30T00:04:52.806+0000] {processor.py:161} INFO - Started process (PID=3266) to work on /home/airflow/.local/lib/python3.8/site-packages/airflow/example_dags/example_short_circuit_operator.py
[2024-05-30T00:04:52.808+0000] {processor.py:830} INFO - Processing file /home/airflow/.local/lib/python3.8/site-packages/airflow/example_dags/example_short_circuit_operator.py for tasks to queue
[2024-05-30T00:04:52.810+0000] {logging_mixin.py:188} INFO - [2024-05-30T00:04:52.810+0000] {dagbag.py:538} INFO - Filling up the DagBag from /home/airflow/.local/lib/python3.8/site-packages/airflow/example_dags/example_short_circuit_operator.py
[2024-05-30T00:04:52.823+0000] {processor.py:840} INFO - DAG(s) 'example_short_circuit_operator' retrieved from /home/airflow/.local/lib/python3.8/site-packages/airflow/example_dags/example_short_circuit_operator.py
[2024-05-30T00:04:52.860+0000] {logging_mixin.py:188} INFO - [2024-05-30T00:04:52.860+0000] {dag.py:3036} INFO - Sync 1 DAGs
[2024-05-30T00:04:52.889+0000] {logging_mixin.py:188} INFO - [2024-05-30T00:04:52.888+0000] {dag.py:3823} INFO - Setting next_dagrun for example_short_circuit_operator to 2024-05-29 00:00:00+00:00, run_after=2024-05-30 00:00:00+00:00
[2024-05-30T00:04:52.915+0000] {processor.py:183} INFO - Processing /home/airflow/.local/lib/python3.8/site-packages/airflow/example_dags/example_short_circuit_operator.py took 0.114 seconds
[2024-05-30T00:05:23.647+0000] {processor.py:161} INFO - Started process (PID=3326) to work on /home/airflow/.local/lib/python3.8/site-packages/airflow/example_dags/example_short_circuit_operator.py
[2024-05-30T00:05:23.649+0000] {processor.py:830} INFO - Processing file /home/airflow/.local/lib/python3.8/site-packages/airflow/example_dags/example_short_circuit_operator.py for tasks to queue
[2024-05-30T00:05:23.651+0000] {logging_mixin.py:188} INFO - [2024-05-30T00:05:23.650+0000] {dagbag.py:538} INFO - Filling up the DagBag from /home/airflow/.local/lib/python3.8/site-packages/airflow/example_dags/example_short_circuit_operator.py
[2024-05-30T00:05:23.666+0000] {processor.py:840} INFO - DAG(s) 'example_short_circuit_operator' retrieved from /home/airflow/.local/lib/python3.8/site-packages/airflow/example_dags/example_short_circuit_operator.py
[2024-05-30T00:05:23.705+0000] {logging_mixin.py:188} INFO - [2024-05-30T00:05:23.705+0000] {dag.py:3036} INFO - Sync 1 DAGs
[2024-05-30T00:05:23.737+0000] {logging_mixin.py:188} INFO - [2024-05-30T00:05:23.737+0000] {dag.py:3823} INFO - Setting next_dagrun for example_short_circuit_operator to 2024-05-29 00:00:00+00:00, run_after=2024-05-30 00:00:00+00:00
[2024-05-30T00:05:23.762+0000] {processor.py:183} INFO - Processing /home/airflow/.local/lib/python3.8/site-packages/airflow/example_dags/example_short_circuit_operator.py took 0.121 seconds
[2024-05-30T00:05:54.733+0000] {processor.py:161} INFO - Started process (PID=3385) to work on /home/airflow/.local/lib/python3.8/site-packages/airflow/example_dags/example_short_circuit_operator.py
[2024-05-30T00:05:54.734+0000] {processor.py:830} INFO - Processing file /home/airflow/.local/lib/python3.8/site-packages/airflow/example_dags/example_short_circuit_operator.py for tasks to queue
[2024-05-30T00:05:54.736+0000] {logging_mixin.py:188} INFO - [2024-05-30T00:05:54.735+0000] {dagbag.py:538} INFO - Filling up the DagBag from /home/airflow/.local/lib/python3.8/site-packages/airflow/example_dags/example_short_circuit_operator.py
[2024-05-30T00:05:54.743+0000] {processor.py:840} INFO - DAG(s) 'example_short_circuit_operator' retrieved from /home/airflow/.local/lib/python3.8/site-packages/airflow/example_dags/example_short_circuit_operator.py
[2024-05-30T00:05:54.767+0000] {logging_mixin.py:188} INFO - [2024-05-30T00:05:54.766+0000] {dag.py:3036} INFO - Sync 1 DAGs
[2024-05-30T00:05:54.786+0000] {logging_mixin.py:188} INFO - [2024-05-30T00:05:54.786+0000] {dag.py:3823} INFO - Setting next_dagrun for example_short_circuit_operator to 2024-05-29 00:00:00+00:00, run_after=2024-05-30 00:00:00+00:00
[2024-05-30T00:05:54.807+0000] {processor.py:183} INFO - Processing /home/airflow/.local/lib/python3.8/site-packages/airflow/example_dags/example_short_circuit_operator.py took 0.077 seconds
[2024-05-30T00:06:26.560+0000] {processor.py:161} INFO - Started process (PID=3444) to work on /home/airflow/.local/lib/python3.8/site-packages/airflow/example_dags/example_short_circuit_operator.py
[2024-05-30T00:06:26.560+0000] {processor.py:830} INFO - Processing file /home/airflow/.local/lib/python3.8/site-packages/airflow/example_dags/example_short_circuit_operator.py for tasks to queue
[2024-05-30T00:06:26.561+0000] {logging_mixin.py:188} INFO - [2024-05-30T00:06:26.561+0000] {dagbag.py:538} INFO - Filling up the DagBag from /home/airflow/.local/lib/python3.8/site-packages/airflow/example_dags/example_short_circuit_operator.py
[2024-05-30T00:06:26.571+0000] {processor.py:840} INFO - DAG(s) 'example_short_circuit_operator' retrieved from /home/airflow/.local/lib/python3.8/site-packages/airflow/example_dags/example_short_circuit_operator.py
[2024-05-30T00:06:26.718+0000] {logging_mixin.py:188} INFO - [2024-05-30T00:06:26.718+0000] {dag.py:3036} INFO - Sync 1 DAGs
[2024-05-30T00:06:26.737+0000] {logging_mixin.py:188} INFO - [2024-05-30T00:06:26.737+0000] {dag.py:3823} INFO - Setting next_dagrun for example_short_circuit_operator to 2024-05-29 00:00:00+00:00, run_after=2024-05-30 00:00:00+00:00
[2024-05-30T00:06:26.758+0000] {processor.py:183} INFO - Processing /home/airflow/.local/lib/python3.8/site-packages/airflow/example_dags/example_short_circuit_operator.py took 0.201 seconds
[2024-05-30T00:06:57.524+0000] {processor.py:161} INFO - Started process (PID=3503) to work on /home/airflow/.local/lib/python3.8/site-packages/airflow/example_dags/example_short_circuit_operator.py
[2024-05-30T00:06:57.525+0000] {processor.py:830} INFO - Processing file /home/airflow/.local/lib/python3.8/site-packages/airflow/example_dags/example_short_circuit_operator.py for tasks to queue
[2024-05-30T00:06:57.527+0000] {logging_mixin.py:188} INFO - [2024-05-30T00:06:57.526+0000] {dagbag.py:538} INFO - Filling up the DagBag from /home/airflow/.local/lib/python3.8/site-packages/airflow/example_dags/example_short_circuit_operator.py
[2024-05-30T00:06:57.535+0000] {processor.py:840} INFO - DAG(s) 'example_short_circuit_operator' retrieved from /home/airflow/.local/lib/python3.8/site-packages/airflow/example_dags/example_short_circuit_operator.py
[2024-05-30T00:06:57.559+0000] {logging_mixin.py:188} INFO - [2024-05-30T00:06:57.559+0000] {dag.py:3036} INFO - Sync 1 DAGs
[2024-05-30T00:06:57.580+0000] {logging_mixin.py:188} INFO - [2024-05-30T00:06:57.580+0000] {dag.py:3823} INFO - Setting next_dagrun for example_short_circuit_operator to 2024-05-29 00:00:00+00:00, run_after=2024-05-30 00:00:00+00:00
[2024-05-30T00:06:57.604+0000] {processor.py:183} INFO - Processing /home/airflow/.local/lib/python3.8/site-packages/airflow/example_dags/example_short_circuit_operator.py took 0.083 seconds
[2024-05-30T00:07:28.526+0000] {processor.py:161} INFO - Started process (PID=3562) to work on /home/airflow/.local/lib/python3.8/site-packages/airflow/example_dags/example_short_circuit_operator.py
[2024-05-30T00:07:28.527+0000] {processor.py:830} INFO - Processing file /home/airflow/.local/lib/python3.8/site-packages/airflow/example_dags/example_short_circuit_operator.py for tasks to queue
[2024-05-30T00:07:28.529+0000] {logging_mixin.py:188} INFO - [2024-05-30T00:07:28.529+0000] {dagbag.py:538} INFO - Filling up the DagBag from /home/airflow/.local/lib/python3.8/site-packages/airflow/example_dags/example_short_circuit_operator.py
[2024-05-30T00:07:28.539+0000] {processor.py:840} INFO - DAG(s) 'example_short_circuit_operator' retrieved from /home/airflow/.local/lib/python3.8/site-packages/airflow/example_dags/example_short_circuit_operator.py
[2024-05-30T00:07:28.565+0000] {logging_mixin.py:188} INFO - [2024-05-30T00:07:28.565+0000] {dag.py:3036} INFO - Sync 1 DAGs
[2024-05-30T00:07:28.587+0000] {logging_mixin.py:188} INFO - [2024-05-30T00:07:28.586+0000] {dag.py:3823} INFO - Setting next_dagrun for example_short_circuit_operator to 2024-05-29 00:00:00+00:00, run_after=2024-05-30 00:00:00+00:00
[2024-05-30T00:07:28.609+0000] {processor.py:183} INFO - Processing /home/airflow/.local/lib/python3.8/site-packages/airflow/example_dags/example_short_circuit_operator.py took 0.086 seconds
[2024-05-30T00:07:58.820+0000] {processor.py:161} INFO - Started process (PID=3621) to work on /home/airflow/.local/lib/python3.8/site-packages/airflow/example_dags/example_short_circuit_operator.py
[2024-05-30T00:07:58.822+0000] {processor.py:830} INFO - Processing file /home/airflow/.local/lib/python3.8/site-packages/airflow/example_dags/example_short_circuit_operator.py for tasks to queue
[2024-05-30T00:07:58.825+0000] {logging_mixin.py:188} INFO - [2024-05-30T00:07:58.824+0000] {dagbag.py:538} INFO - Filling up the DagBag from /home/airflow/.local/lib/python3.8/site-packages/airflow/example_dags/example_short_circuit_operator.py
[2024-05-30T00:07:58.835+0000] {processor.py:840} INFO - DAG(s) 'example_short_circuit_operator' retrieved from /home/airflow/.local/lib/python3.8/site-packages/airflow/example_dags/example_short_circuit_operator.py
[2024-05-30T00:07:58.863+0000] {logging_mixin.py:188} INFO - [2024-05-30T00:07:58.863+0000] {dag.py:3036} INFO - Sync 1 DAGs
[2024-05-30T00:07:58.885+0000] {logging_mixin.py:188} INFO - [2024-05-30T00:07:58.885+0000] {dag.py:3823} INFO - Setting next_dagrun for example_short_circuit_operator to 2024-05-29 00:00:00+00:00, run_after=2024-05-30 00:00:00+00:00
[2024-05-30T00:07:58.905+0000] {processor.py:183} INFO - Processing /home/airflow/.local/lib/python3.8/site-packages/airflow/example_dags/example_short_circuit_operator.py took 0.088 seconds
[2024-05-30T00:08:29.374+0000] {processor.py:161} INFO - Started process (PID=3680) to work on /home/airflow/.local/lib/python3.8/site-packages/airflow/example_dags/example_short_circuit_operator.py
[2024-05-30T00:08:29.375+0000] {processor.py:830} INFO - Processing file /home/airflow/.local/lib/python3.8/site-packages/airflow/example_dags/example_short_circuit_operator.py for tasks to queue
[2024-05-30T00:08:29.377+0000] {logging_mixin.py:188} INFO - [2024-05-30T00:08:29.376+0000] {dagbag.py:538} INFO - Filling up the DagBag from /home/airflow/.local/lib/python3.8/site-packages/airflow/example_dags/example_short_circuit_operator.py
[2024-05-30T00:08:29.384+0000] {processor.py:840} INFO - DAG(s) 'example_short_circuit_operator' retrieved from /home/airflow/.local/lib/python3.8/site-packages/airflow/example_dags/example_short_circuit_operator.py
[2024-05-30T00:08:29.408+0000] {logging_mixin.py:188} INFO - [2024-05-30T00:08:29.408+0000] {dag.py:3036} INFO - Sync 1 DAGs
[2024-05-30T00:08:29.428+0000] {logging_mixin.py:188} INFO - [2024-05-30T00:08:29.428+0000] {dag.py:3823} INFO - Setting next_dagrun for example_short_circuit_operator to 2024-05-29 00:00:00+00:00, run_after=2024-05-30 00:00:00+00:00
[2024-05-30T00:08:29.450+0000] {processor.py:183} INFO - Processing /home/airflow/.local/lib/python3.8/site-packages/airflow/example_dags/example_short_circuit_operator.py took 0.079 seconds
[2024-05-30T00:09:00.312+0000] {processor.py:161} INFO - Started process (PID=3739) to work on /home/airflow/.local/lib/python3.8/site-packages/airflow/example_dags/example_short_circuit_operator.py
[2024-05-30T00:09:00.314+0000] {processor.py:830} INFO - Processing file /home/airflow/.local/lib/python3.8/site-packages/airflow/example_dags/example_short_circuit_operator.py for tasks to queue
[2024-05-30T00:09:00.315+0000] {logging_mixin.py:188} INFO - [2024-05-30T00:09:00.315+0000] {dagbag.py:538} INFO - Filling up the DagBag from /home/airflow/.local/lib/python3.8/site-packages/airflow/example_dags/example_short_circuit_operator.py
[2024-05-30T00:09:00.323+0000] {processor.py:840} INFO - DAG(s) 'example_short_circuit_operator' retrieved from /home/airflow/.local/lib/python3.8/site-packages/airflow/example_dags/example_short_circuit_operator.py
[2024-05-30T00:09:00.348+0000] {logging_mixin.py:188} INFO - [2024-05-30T00:09:00.348+0000] {dag.py:3036} INFO - Sync 1 DAGs
[2024-05-30T00:09:00.369+0000] {logging_mixin.py:188} INFO - [2024-05-30T00:09:00.369+0000] {dag.py:3823} INFO - Setting next_dagrun for example_short_circuit_operator to 2024-05-29 00:00:00+00:00, run_after=2024-05-30 00:00:00+00:00
[2024-05-30T00:09:00.390+0000] {processor.py:183} INFO - Processing /home/airflow/.local/lib/python3.8/site-packages/airflow/example_dags/example_short_circuit_operator.py took 0.081 seconds
[2024-05-30T00:09:30.628+0000] {processor.py:161} INFO - Started process (PID=3798) to work on /home/airflow/.local/lib/python3.8/site-packages/airflow/example_dags/example_short_circuit_operator.py
[2024-05-30T00:09:30.629+0000] {processor.py:830} INFO - Processing file /home/airflow/.local/lib/python3.8/site-packages/airflow/example_dags/example_short_circuit_operator.py for tasks to queue
[2024-05-30T00:09:30.631+0000] {logging_mixin.py:188} INFO - [2024-05-30T00:09:30.630+0000] {dagbag.py:538} INFO - Filling up the DagBag from /home/airflow/.local/lib/python3.8/site-packages/airflow/example_dags/example_short_circuit_operator.py
[2024-05-30T00:09:30.642+0000] {processor.py:840} INFO - DAG(s) 'example_short_circuit_operator' retrieved from /home/airflow/.local/lib/python3.8/site-packages/airflow/example_dags/example_short_circuit_operator.py
[2024-05-30T00:09:30.676+0000] {logging_mixin.py:188} INFO - [2024-05-30T00:09:30.675+0000] {dag.py:3036} INFO - Sync 1 DAGs
[2024-05-30T00:09:30.700+0000] {logging_mixin.py:188} INFO - [2024-05-30T00:09:30.699+0000] {dag.py:3823} INFO - Setting next_dagrun for example_short_circuit_operator to 2024-05-29 00:00:00+00:00, run_after=2024-05-30 00:00:00+00:00
[2024-05-30T00:09:30.727+0000] {processor.py:183} INFO - Processing /home/airflow/.local/lib/python3.8/site-packages/airflow/example_dags/example_short_circuit_operator.py took 0.102 seconds
[2024-05-30T00:10:01.894+0000] {processor.py:161} INFO - Started process (PID=3857) to work on /home/airflow/.local/lib/python3.8/site-packages/airflow/example_dags/example_short_circuit_operator.py
[2024-05-30T00:10:01.895+0000] {processor.py:830} INFO - Processing file /home/airflow/.local/lib/python3.8/site-packages/airflow/example_dags/example_short_circuit_operator.py for tasks to queue
[2024-05-30T00:10:01.896+0000] {logging_mixin.py:188} INFO - [2024-05-30T00:10:01.896+0000] {dagbag.py:538} INFO - Filling up the DagBag from /home/airflow/.local/lib/python3.8/site-packages/airflow/example_dags/example_short_circuit_operator.py
[2024-05-30T00:10:01.906+0000] {processor.py:840} INFO - DAG(s) 'example_short_circuit_operator' retrieved from /home/airflow/.local/lib/python3.8/site-packages/airflow/example_dags/example_short_circuit_operator.py
[2024-05-30T00:10:01.931+0000] {logging_mixin.py:188} INFO - [2024-05-30T00:10:01.931+0000] {dag.py:3036} INFO - Sync 1 DAGs
[2024-05-30T00:10:01.952+0000] {logging_mixin.py:188} INFO - [2024-05-30T00:10:01.952+0000] {dag.py:3823} INFO - Setting next_dagrun for example_short_circuit_operator to 2024-05-29 00:00:00+00:00, run_after=2024-05-30 00:00:00+00:00
[2024-05-30T00:10:01.973+0000] {processor.py:183} INFO - Processing /home/airflow/.local/lib/python3.8/site-packages/airflow/example_dags/example_short_circuit_operator.py took 0.083 seconds
[2024-05-30T00:10:32.057+0000] {processor.py:161} INFO - Started process (PID=3916) to work on /home/airflow/.local/lib/python3.8/site-packages/airflow/example_dags/example_short_circuit_operator.py
[2024-05-30T00:10:32.058+0000] {processor.py:830} INFO - Processing file /home/airflow/.local/lib/python3.8/site-packages/airflow/example_dags/example_short_circuit_operator.py for tasks to queue
[2024-05-30T00:10:32.059+0000] {logging_mixin.py:188} INFO - [2024-05-30T00:10:32.059+0000] {dagbag.py:538} INFO - Filling up the DagBag from /home/airflow/.local/lib/python3.8/site-packages/airflow/example_dags/example_short_circuit_operator.py
[2024-05-30T00:10:32.069+0000] {processor.py:840} INFO - DAG(s) 'example_short_circuit_operator' retrieved from /home/airflow/.local/lib/python3.8/site-packages/airflow/example_dags/example_short_circuit_operator.py
[2024-05-30T00:10:32.092+0000] {logging_mixin.py:188} INFO - [2024-05-30T00:10:32.092+0000] {dag.py:3036} INFO - Sync 1 DAGs
[2024-05-30T00:10:32.113+0000] {logging_mixin.py:188} INFO - [2024-05-30T00:10:32.113+0000] {dag.py:3823} INFO - Setting next_dagrun for example_short_circuit_operator to 2024-05-29 00:00:00+00:00, run_after=2024-05-30 00:00:00+00:00
[2024-05-30T00:10:32.133+0000] {processor.py:183} INFO - Processing /home/airflow/.local/lib/python3.8/site-packages/airflow/example_dags/example_short_circuit_operator.py took 0.079 seconds
[2024-05-30T00:11:02.955+0000] {processor.py:161} INFO - Started process (PID=3975) to work on /home/airflow/.local/lib/python3.8/site-packages/airflow/example_dags/example_short_circuit_operator.py
[2024-05-30T00:11:02.956+0000] {processor.py:830} INFO - Processing file /home/airflow/.local/lib/python3.8/site-packages/airflow/example_dags/example_short_circuit_operator.py for tasks to queue
[2024-05-30T00:11:02.958+0000] {logging_mixin.py:188} INFO - [2024-05-30T00:11:02.957+0000] {dagbag.py:538} INFO - Filling up the DagBag from /home/airflow/.local/lib/python3.8/site-packages/airflow/example_dags/example_short_circuit_operator.py
[2024-05-30T00:11:02.967+0000] {processor.py:840} INFO - DAG(s) 'example_short_circuit_operator' retrieved from /home/airflow/.local/lib/python3.8/site-packages/airflow/example_dags/example_short_circuit_operator.py
[2024-05-30T00:11:02.992+0000] {logging_mixin.py:188} INFO - [2024-05-30T00:11:02.992+0000] {dag.py:3036} INFO - Sync 1 DAGs
[2024-05-30T00:11:03.014+0000] {logging_mixin.py:188} INFO - [2024-05-30T00:11:03.013+0000] {dag.py:3823} INFO - Setting next_dagrun for example_short_circuit_operator to 2024-05-29 00:00:00+00:00, run_after=2024-05-30 00:00:00+00:00
[2024-05-30T00:11:03.035+0000] {processor.py:183} INFO - Processing /home/airflow/.local/lib/python3.8/site-packages/airflow/example_dags/example_short_circuit_operator.py took 0.083 seconds
[2024-05-30T00:11:33.338+0000] {processor.py:161} INFO - Started process (PID=4034) to work on /home/airflow/.local/lib/python3.8/site-packages/airflow/example_dags/example_short_circuit_operator.py
[2024-05-30T00:11:33.339+0000] {processor.py:830} INFO - Processing file /home/airflow/.local/lib/python3.8/site-packages/airflow/example_dags/example_short_circuit_operator.py for tasks to queue
[2024-05-30T00:11:33.340+0000] {logging_mixin.py:188} INFO - [2024-05-30T00:11:33.340+0000] {dagbag.py:538} INFO - Filling up the DagBag from /home/airflow/.local/lib/python3.8/site-packages/airflow/example_dags/example_short_circuit_operator.py
[2024-05-30T00:11:33.349+0000] {processor.py:840} INFO - DAG(s) 'example_short_circuit_operator' retrieved from /home/airflow/.local/lib/python3.8/site-packages/airflow/example_dags/example_short_circuit_operator.py
[2024-05-30T00:11:33.372+0000] {logging_mixin.py:188} INFO - [2024-05-30T00:11:33.372+0000] {dag.py:3036} INFO - Sync 1 DAGs
[2024-05-30T00:11:33.393+0000] {logging_mixin.py:188} INFO - [2024-05-30T00:11:33.392+0000] {dag.py:3823} INFO - Setting next_dagrun for example_short_circuit_operator to 2024-05-29 00:00:00+00:00, run_after=2024-05-30 00:00:00+00:00
[2024-05-30T00:11:33.419+0000] {processor.py:183} INFO - Processing /home/airflow/.local/lib/python3.8/site-packages/airflow/example_dags/example_short_circuit_operator.py took 0.084 seconds
[2024-05-30T00:12:04.271+0000] {processor.py:161} INFO - Started process (PID=4093) to work on /home/airflow/.local/lib/python3.8/site-packages/airflow/example_dags/example_short_circuit_operator.py
[2024-05-30T00:12:04.272+0000] {processor.py:830} INFO - Processing file /home/airflow/.local/lib/python3.8/site-packages/airflow/example_dags/example_short_circuit_operator.py for tasks to queue
[2024-05-30T00:12:04.273+0000] {logging_mixin.py:188} INFO - [2024-05-30T00:12:04.273+0000] {dagbag.py:538} INFO - Filling up the DagBag from /home/airflow/.local/lib/python3.8/site-packages/airflow/example_dags/example_short_circuit_operator.py
[2024-05-30T00:12:04.281+0000] {processor.py:840} INFO - DAG(s) 'example_short_circuit_operator' retrieved from /home/airflow/.local/lib/python3.8/site-packages/airflow/example_dags/example_short_circuit_operator.py
[2024-05-30T00:12:04.304+0000] {logging_mixin.py:188} INFO - [2024-05-30T00:12:04.303+0000] {dag.py:3036} INFO - Sync 1 DAGs
[2024-05-30T00:12:04.324+0000] {logging_mixin.py:188} INFO - [2024-05-30T00:12:04.324+0000] {dag.py:3823} INFO - Setting next_dagrun for example_short_circuit_operator to 2024-05-29 00:00:00+00:00, run_after=2024-05-30 00:00:00+00:00
[2024-05-30T00:12:04.344+0000] {processor.py:183} INFO - Processing /home/airflow/.local/lib/python3.8/site-packages/airflow/example_dags/example_short_circuit_operator.py took 0.076 seconds
[2024-05-30T00:12:34.867+0000] {processor.py:161} INFO - Started process (PID=4152) to work on /home/airflow/.local/lib/python3.8/site-packages/airflow/example_dags/example_short_circuit_operator.py
[2024-05-30T00:12:34.869+0000] {processor.py:830} INFO - Processing file /home/airflow/.local/lib/python3.8/site-packages/airflow/example_dags/example_short_circuit_operator.py for tasks to queue
[2024-05-30T00:12:34.870+0000] {logging_mixin.py:188} INFO - [2024-05-30T00:12:34.870+0000] {dagbag.py:538} INFO - Filling up the DagBag from /home/airflow/.local/lib/python3.8/site-packages/airflow/example_dags/example_short_circuit_operator.py
[2024-05-30T00:12:34.878+0000] {processor.py:840} INFO - DAG(s) 'example_short_circuit_operator' retrieved from /home/airflow/.local/lib/python3.8/site-packages/airflow/example_dags/example_short_circuit_operator.py
[2024-05-30T00:12:34.903+0000] {logging_mixin.py:188} INFO - [2024-05-30T00:12:34.903+0000] {dag.py:3036} INFO - Sync 1 DAGs
[2024-05-30T00:12:34.923+0000] {logging_mixin.py:188} INFO - [2024-05-30T00:12:34.922+0000] {dag.py:3823} INFO - Setting next_dagrun for example_short_circuit_operator to 2024-05-29 00:00:00+00:00, run_after=2024-05-30 00:00:00+00:00
[2024-05-30T00:12:34.944+0000] {processor.py:183} INFO - Processing /home/airflow/.local/lib/python3.8/site-packages/airflow/example_dags/example_short_circuit_operator.py took 0.080 seconds
[2024-05-30T00:13:05.708+0000] {processor.py:161} INFO - Started process (PID=4211) to work on /home/airflow/.local/lib/python3.8/site-packages/airflow/example_dags/example_short_circuit_operator.py
[2024-05-30T00:13:05.709+0000] {processor.py:830} INFO - Processing file /home/airflow/.local/lib/python3.8/site-packages/airflow/example_dags/example_short_circuit_operator.py for tasks to queue
[2024-05-30T00:13:05.711+0000] {logging_mixin.py:188} INFO - [2024-05-30T00:13:05.711+0000] {dagbag.py:538} INFO - Filling up the DagBag from /home/airflow/.local/lib/python3.8/site-packages/airflow/example_dags/example_short_circuit_operator.py
[2024-05-30T00:13:05.720+0000] {processor.py:840} INFO - DAG(s) 'example_short_circuit_operator' retrieved from /home/airflow/.local/lib/python3.8/site-packages/airflow/example_dags/example_short_circuit_operator.py
[2024-05-30T00:13:05.743+0000] {logging_mixin.py:188} INFO - [2024-05-30T00:13:05.743+0000] {dag.py:3036} INFO - Sync 1 DAGs
[2024-05-30T00:13:05.764+0000] {logging_mixin.py:188} INFO - [2024-05-30T00:13:05.763+0000] {dag.py:3823} INFO - Setting next_dagrun for example_short_circuit_operator to 2024-05-29 00:00:00+00:00, run_after=2024-05-30 00:00:00+00:00
[2024-05-30T00:13:05.785+0000] {processor.py:183} INFO - Processing /home/airflow/.local/lib/python3.8/site-packages/airflow/example_dags/example_short_circuit_operator.py took 0.081 seconds
[2024-05-30T00:13:36.390+0000] {processor.py:161} INFO - Started process (PID=4270) to work on /home/airflow/.local/lib/python3.8/site-packages/airflow/example_dags/example_short_circuit_operator.py
[2024-05-30T00:13:36.391+0000] {processor.py:830} INFO - Processing file /home/airflow/.local/lib/python3.8/site-packages/airflow/example_dags/example_short_circuit_operator.py for tasks to queue
[2024-05-30T00:13:36.393+0000] {logging_mixin.py:188} INFO - [2024-05-30T00:13:36.393+0000] {dagbag.py:538} INFO - Filling up the DagBag from /home/airflow/.local/lib/python3.8/site-packages/airflow/example_dags/example_short_circuit_operator.py
[2024-05-30T00:13:36.401+0000] {processor.py:840} INFO - DAG(s) 'example_short_circuit_operator' retrieved from /home/airflow/.local/lib/python3.8/site-packages/airflow/example_dags/example_short_circuit_operator.py
[2024-05-30T00:13:36.425+0000] {logging_mixin.py:188} INFO - [2024-05-30T00:13:36.425+0000] {dag.py:3036} INFO - Sync 1 DAGs
[2024-05-30T00:13:36.446+0000] {logging_mixin.py:188} INFO - [2024-05-30T00:13:36.446+0000] {dag.py:3823} INFO - Setting next_dagrun for example_short_circuit_operator to 2024-05-29 00:00:00+00:00, run_after=2024-05-30 00:00:00+00:00
[2024-05-30T00:13:36.467+0000] {processor.py:183} INFO - Processing /home/airflow/.local/lib/python3.8/site-packages/airflow/example_dags/example_short_circuit_operator.py took 0.081 seconds
[2024-05-30T00:14:07.070+0000] {processor.py:161} INFO - Started process (PID=4335) to work on /home/airflow/.local/lib/python3.8/site-packages/airflow/example_dags/example_short_circuit_operator.py
[2024-05-30T00:14:07.071+0000] {processor.py:830} INFO - Processing file /home/airflow/.local/lib/python3.8/site-packages/airflow/example_dags/example_short_circuit_operator.py for tasks to queue
[2024-05-30T00:14:07.072+0000] {logging_mixin.py:188} INFO - [2024-05-30T00:14:07.072+0000] {dagbag.py:538} INFO - Filling up the DagBag from /home/airflow/.local/lib/python3.8/site-packages/airflow/example_dags/example_short_circuit_operator.py
[2024-05-30T00:14:07.080+0000] {processor.py:840} INFO - DAG(s) 'example_short_circuit_operator' retrieved from /home/airflow/.local/lib/python3.8/site-packages/airflow/example_dags/example_short_circuit_operator.py
[2024-05-30T00:14:07.104+0000] {logging_mixin.py:188} INFO - [2024-05-30T00:14:07.104+0000] {dag.py:3036} INFO - Sync 1 DAGs
[2024-05-30T00:14:07.125+0000] {logging_mixin.py:188} INFO - [2024-05-30T00:14:07.125+0000] {dag.py:3823} INFO - Setting next_dagrun for example_short_circuit_operator to 2024-05-29 00:00:00+00:00, run_after=2024-05-30 00:00:00+00:00
[2024-05-30T00:14:07.147+0000] {processor.py:183} INFO - Processing /home/airflow/.local/lib/python3.8/site-packages/airflow/example_dags/example_short_circuit_operator.py took 0.080 seconds
[2024-05-30T00:21:17.347+0000] {processor.py:161} INFO - Started process (PID=5160) to work on /home/airflow/.local/lib/python3.8/site-packages/airflow/example_dags/example_short_circuit_operator.py
[2024-05-30T00:21:17.348+0000] {processor.py:830} INFO - Processing file /home/airflow/.local/lib/python3.8/site-packages/airflow/example_dags/example_short_circuit_operator.py for tasks to queue
[2024-05-30T00:21:17.349+0000] {logging_mixin.py:188} INFO - [2024-05-30T00:21:17.349+0000] {dagbag.py:538} INFO - Filling up the DagBag from /home/airflow/.local/lib/python3.8/site-packages/airflow/example_dags/example_short_circuit_operator.py
[2024-05-30T00:21:17.358+0000] {processor.py:840} INFO - DAG(s) 'example_short_circuit_operator' retrieved from /home/airflow/.local/lib/python3.8/site-packages/airflow/example_dags/example_short_circuit_operator.py
[2024-05-30T00:21:17.382+0000] {logging_mixin.py:188} INFO - [2024-05-30T00:21:17.382+0000] {dag.py:3036} INFO - Sync 1 DAGs
[2024-05-30T00:21:17.402+0000] {logging_mixin.py:188} INFO - [2024-05-30T00:21:17.402+0000] {dag.py:3823} INFO - Setting next_dagrun for example_short_circuit_operator to 2024-05-29 00:00:00+00:00, run_after=2024-05-30 00:00:00+00:00
[2024-05-30T00:21:17.423+0000] {processor.py:183} INFO - Processing /home/airflow/.local/lib/python3.8/site-packages/airflow/example_dags/example_short_circuit_operator.py took 0.079 seconds
[2024-05-30T00:21:48.438+0000] {processor.py:161} INFO - Started process (PID=5219) to work on /home/airflow/.local/lib/python3.8/site-packages/airflow/example_dags/example_short_circuit_operator.py
[2024-05-30T00:21:48.439+0000] {processor.py:830} INFO - Processing file /home/airflow/.local/lib/python3.8/site-packages/airflow/example_dags/example_short_circuit_operator.py for tasks to queue
[2024-05-30T00:21:48.440+0000] {logging_mixin.py:188} INFO - [2024-05-30T00:21:48.440+0000] {dagbag.py:538} INFO - Filling up the DagBag from /home/airflow/.local/lib/python3.8/site-packages/airflow/example_dags/example_short_circuit_operator.py
[2024-05-30T00:21:48.449+0000] {processor.py:840} INFO - DAG(s) 'example_short_circuit_operator' retrieved from /home/airflow/.local/lib/python3.8/site-packages/airflow/example_dags/example_short_circuit_operator.py
[2024-05-30T00:21:48.471+0000] {logging_mixin.py:188} INFO - [2024-05-30T00:21:48.471+0000] {dag.py:3036} INFO - Sync 1 DAGs
[2024-05-30T00:21:48.492+0000] {logging_mixin.py:188} INFO - [2024-05-30T00:21:48.492+0000] {dag.py:3823} INFO - Setting next_dagrun for example_short_circuit_operator to 2024-05-29 00:00:00+00:00, run_after=2024-05-30 00:00:00+00:00
[2024-05-30T00:21:48.511+0000] {processor.py:183} INFO - Processing /home/airflow/.local/lib/python3.8/site-packages/airflow/example_dags/example_short_circuit_operator.py took 0.077 seconds
