[2024-05-30T00:00:13.361+0000] {processor.py:161} INFO - Started process (PID=2723) to work on /home/airflow/.local/lib/python3.8/site-packages/airflow/example_dags/example_branch_labels.py
[2024-05-30T00:00:13.362+0000] {processor.py:830} INFO - Processing file /home/airflow/.local/lib/python3.8/site-packages/airflow/example_dags/example_branch_labels.py for tasks to queue
[2024-05-30T00:00:13.363+0000] {logging_mixin.py:188} INFO - [2024-05-30T00:00:13.363+0000] {dagbag.py:538} INFO - Filling up the DagBag from /home/airflow/.local/lib/python3.8/site-packages/airflow/example_dags/example_branch_labels.py
[2024-05-30T00:00:13.371+0000] {processor.py:840} INFO - DAG(s) 'example_branch_labels' retrieved from /home/airflow/.local/lib/python3.8/site-packages/airflow/example_dags/example_branch_labels.py
[2024-05-30T00:00:13.393+0000] {logging_mixin.py:188} INFO - [2024-05-30T00:00:13.393+0000] {dag.py:3036} INFO - Sync 1 DAGs
[2024-05-30T00:00:13.414+0000] {logging_mixin.py:188} INFO - [2024-05-30T00:00:13.414+0000] {dag.py:3823} INFO - Setting next_dagrun for example_branch_labels to 2024-05-29 00:00:00+00:00, run_after=2024-05-30 00:00:00+00:00
[2024-05-30T00:00:13.435+0000] {processor.py:183} INFO - Processing /home/airflow/.local/lib/python3.8/site-packages/airflow/example_dags/example_branch_labels.py took 0.078 seconds
[2024-05-30T00:00:44.367+0000] {processor.py:161} INFO - Started process (PID=2782) to work on /home/airflow/.local/lib/python3.8/site-packages/airflow/example_dags/example_branch_labels.py
[2024-05-30T00:00:44.369+0000] {processor.py:830} INFO - Processing file /home/airflow/.local/lib/python3.8/site-packages/airflow/example_dags/example_branch_labels.py for tasks to queue
[2024-05-30T00:00:44.372+0000] {logging_mixin.py:188} INFO - [2024-05-30T00:00:44.371+0000] {dagbag.py:538} INFO - Filling up the DagBag from /home/airflow/.local/lib/python3.8/site-packages/airflow/example_dags/example_branch_labels.py
[2024-05-30T00:00:44.403+0000] {processor.py:840} INFO - DAG(s) 'example_branch_labels' retrieved from /home/airflow/.local/lib/python3.8/site-packages/airflow/example_dags/example_branch_labels.py
[2024-05-30T00:00:44.476+0000] {logging_mixin.py:188} INFO - [2024-05-30T00:00:44.476+0000] {dag.py:3036} INFO - Sync 1 DAGs
[2024-05-30T00:00:44.554+0000] {logging_mixin.py:188} INFO - [2024-05-30T00:00:44.553+0000] {dag.py:3823} INFO - Setting next_dagrun for example_branch_labels to 2024-05-29 00:00:00+00:00, run_after=2024-05-30 00:00:00+00:00
[2024-05-30T00:00:44.614+0000] {processor.py:183} INFO - Processing /home/airflow/.local/lib/python3.8/site-packages/airflow/example_dags/example_branch_labels.py took 0.255 seconds
[2024-05-30T00:01:15.217+0000] {processor.py:161} INFO - Started process (PID=2841) to work on /home/airflow/.local/lib/python3.8/site-packages/airflow/example_dags/example_branch_labels.py
[2024-05-30T00:01:15.218+0000] {processor.py:830} INFO - Processing file /home/airflow/.local/lib/python3.8/site-packages/airflow/example_dags/example_branch_labels.py for tasks to queue
[2024-05-30T00:01:15.220+0000] {logging_mixin.py:188} INFO - [2024-05-30T00:01:15.220+0000] {dagbag.py:538} INFO - Filling up the DagBag from /home/airflow/.local/lib/python3.8/site-packages/airflow/example_dags/example_branch_labels.py
[2024-05-30T00:01:15.238+0000] {processor.py:840} INFO - DAG(s) 'example_branch_labels' retrieved from /home/airflow/.local/lib/python3.8/site-packages/airflow/example_dags/example_branch_labels.py
[2024-05-30T00:01:15.281+0000] {logging_mixin.py:188} INFO - [2024-05-30T00:01:15.281+0000] {dag.py:3036} INFO - Sync 1 DAGs
[2024-05-30T00:01:15.327+0000] {logging_mixin.py:188} INFO - [2024-05-30T00:01:15.327+0000] {dag.py:3823} INFO - Setting next_dagrun for example_branch_labels to 2024-05-29 00:00:00+00:00, run_after=2024-05-30 00:00:00+00:00
[2024-05-30T00:01:15.363+0000] {processor.py:183} INFO - Processing /home/airflow/.local/lib/python3.8/site-packages/airflow/example_dags/example_branch_labels.py took 0.153 seconds
[2024-05-30T00:01:45.879+0000] {processor.py:161} INFO - Started process (PID=2900) to work on /home/airflow/.local/lib/python3.8/site-packages/airflow/example_dags/example_branch_labels.py
[2024-05-30T00:01:45.880+0000] {processor.py:830} INFO - Processing file /home/airflow/.local/lib/python3.8/site-packages/airflow/example_dags/example_branch_labels.py for tasks to queue
[2024-05-30T00:01:45.882+0000] {logging_mixin.py:188} INFO - [2024-05-30T00:01:45.881+0000] {dagbag.py:538} INFO - Filling up the DagBag from /home/airflow/.local/lib/python3.8/site-packages/airflow/example_dags/example_branch_labels.py
[2024-05-30T00:01:45.891+0000] {processor.py:840} INFO - DAG(s) 'example_branch_labels' retrieved from /home/airflow/.local/lib/python3.8/site-packages/airflow/example_dags/example_branch_labels.py
[2024-05-30T00:01:45.915+0000] {logging_mixin.py:188} INFO - [2024-05-30T00:01:45.914+0000] {dag.py:3036} INFO - Sync 1 DAGs
[2024-05-30T00:01:45.939+0000] {logging_mixin.py:188} INFO - [2024-05-30T00:01:45.938+0000] {dag.py:3823} INFO - Setting next_dagrun for example_branch_labels to 2024-05-29 00:00:00+00:00, run_after=2024-05-30 00:00:00+00:00
[2024-05-30T00:01:45.972+0000] {processor.py:183} INFO - Processing /home/airflow/.local/lib/python3.8/site-packages/airflow/example_dags/example_branch_labels.py took 0.099 seconds
[2024-05-30T00:02:17.014+0000] {processor.py:161} INFO - Started process (PID=2959) to work on /home/airflow/.local/lib/python3.8/site-packages/airflow/example_dags/example_branch_labels.py
[2024-05-30T00:02:17.015+0000] {processor.py:830} INFO - Processing file /home/airflow/.local/lib/python3.8/site-packages/airflow/example_dags/example_branch_labels.py for tasks to queue
[2024-05-30T00:02:17.017+0000] {logging_mixin.py:188} INFO - [2024-05-30T00:02:17.017+0000] {dagbag.py:538} INFO - Filling up the DagBag from /home/airflow/.local/lib/python3.8/site-packages/airflow/example_dags/example_branch_labels.py
[2024-05-30T00:02:17.027+0000] {processor.py:840} INFO - DAG(s) 'example_branch_labels' retrieved from /home/airflow/.local/lib/python3.8/site-packages/airflow/example_dags/example_branch_labels.py
[2024-05-30T00:02:17.051+0000] {logging_mixin.py:188} INFO - [2024-05-30T00:02:17.051+0000] {dag.py:3036} INFO - Sync 1 DAGs
[2024-05-30T00:02:17.075+0000] {logging_mixin.py:188} INFO - [2024-05-30T00:02:17.074+0000] {dag.py:3823} INFO - Setting next_dagrun for example_branch_labels to 2024-05-29 00:00:00+00:00, run_after=2024-05-30 00:00:00+00:00
[2024-05-30T00:02:17.219+0000] {processor.py:183} INFO - Processing /home/airflow/.local/lib/python3.8/site-packages/airflow/example_dags/example_branch_labels.py took 0.209 seconds
[2024-05-30T00:02:48.758+0000] {processor.py:161} INFO - Started process (PID=3018) to work on /home/airflow/.local/lib/python3.8/site-packages/airflow/example_dags/example_branch_labels.py
[2024-05-30T00:02:48.759+0000] {processor.py:830} INFO - Processing file /home/airflow/.local/lib/python3.8/site-packages/airflow/example_dags/example_branch_labels.py for tasks to queue
[2024-05-30T00:02:48.761+0000] {logging_mixin.py:188} INFO - [2024-05-30T00:02:48.761+0000] {dagbag.py:538} INFO - Filling up the DagBag from /home/airflow/.local/lib/python3.8/site-packages/airflow/example_dags/example_branch_labels.py
[2024-05-30T00:02:48.773+0000] {processor.py:840} INFO - DAG(s) 'example_branch_labels' retrieved from /home/airflow/.local/lib/python3.8/site-packages/airflow/example_dags/example_branch_labels.py
[2024-05-30T00:02:48.806+0000] {logging_mixin.py:188} INFO - [2024-05-30T00:02:48.806+0000] {dag.py:3036} INFO - Sync 1 DAGs
[2024-05-30T00:02:48.834+0000] {logging_mixin.py:188} INFO - [2024-05-30T00:02:48.834+0000] {dag.py:3823} INFO - Setting next_dagrun for example_branch_labels to 2024-05-29 00:00:00+00:00, run_after=2024-05-30 00:00:00+00:00
[2024-05-30T00:02:48.865+0000] {processor.py:183} INFO - Processing /home/airflow/.local/lib/python3.8/site-packages/airflow/example_dags/example_branch_labels.py took 0.112 seconds
[2024-05-30T00:03:19.499+0000] {processor.py:161} INFO - Started process (PID=3077) to work on /home/airflow/.local/lib/python3.8/site-packages/airflow/example_dags/example_branch_labels.py
[2024-05-30T00:03:19.501+0000] {processor.py:830} INFO - Processing file /home/airflow/.local/lib/python3.8/site-packages/airflow/example_dags/example_branch_labels.py for tasks to queue
[2024-05-30T00:03:19.503+0000] {logging_mixin.py:188} INFO - [2024-05-30T00:03:19.503+0000] {dagbag.py:538} INFO - Filling up the DagBag from /home/airflow/.local/lib/python3.8/site-packages/airflow/example_dags/example_branch_labels.py
[2024-05-30T00:03:19.515+0000] {processor.py:840} INFO - DAG(s) 'example_branch_labels' retrieved from /home/airflow/.local/lib/python3.8/site-packages/airflow/example_dags/example_branch_labels.py
[2024-05-30T00:03:19.538+0000] {logging_mixin.py:188} INFO - [2024-05-30T00:03:19.538+0000] {dag.py:3036} INFO - Sync 1 DAGs
[2024-05-30T00:03:19.564+0000] {logging_mixin.py:188} INFO - [2024-05-30T00:03:19.563+0000] {dag.py:3823} INFO - Setting next_dagrun for example_branch_labels to 2024-05-29 00:00:00+00:00, run_after=2024-05-30 00:00:00+00:00
[2024-05-30T00:03:19.586+0000] {processor.py:183} INFO - Processing /home/airflow/.local/lib/python3.8/site-packages/airflow/example_dags/example_branch_labels.py took 0.092 seconds
[2024-05-30T00:03:50.431+0000] {processor.py:161} INFO - Started process (PID=3136) to work on /home/airflow/.local/lib/python3.8/site-packages/airflow/example_dags/example_branch_labels.py
[2024-05-30T00:03:50.432+0000] {processor.py:830} INFO - Processing file /home/airflow/.local/lib/python3.8/site-packages/airflow/example_dags/example_branch_labels.py for tasks to queue
[2024-05-30T00:03:50.434+0000] {logging_mixin.py:188} INFO - [2024-05-30T00:03:50.433+0000] {dagbag.py:538} INFO - Filling up the DagBag from /home/airflow/.local/lib/python3.8/site-packages/airflow/example_dags/example_branch_labels.py
[2024-05-30T00:03:50.442+0000] {processor.py:840} INFO - DAG(s) 'example_branch_labels' retrieved from /home/airflow/.local/lib/python3.8/site-packages/airflow/example_dags/example_branch_labels.py
[2024-05-30T00:03:50.464+0000] {logging_mixin.py:188} INFO - [2024-05-30T00:03:50.464+0000] {dag.py:3036} INFO - Sync 1 DAGs
[2024-05-30T00:03:50.486+0000] {logging_mixin.py:188} INFO - [2024-05-30T00:03:50.486+0000] {dag.py:3823} INFO - Setting next_dagrun for example_branch_labels to 2024-05-29 00:00:00+00:00, run_after=2024-05-30 00:00:00+00:00
[2024-05-30T00:03:50.505+0000] {processor.py:183} INFO - Processing /home/airflow/.local/lib/python3.8/site-packages/airflow/example_dags/example_branch_labels.py took 0.078 seconds
[2024-05-30T00:04:20.984+0000] {processor.py:161} INFO - Started process (PID=3195) to work on /home/airflow/.local/lib/python3.8/site-packages/airflow/example_dags/example_branch_labels.py
[2024-05-30T00:04:20.985+0000] {processor.py:830} INFO - Processing file /home/airflow/.local/lib/python3.8/site-packages/airflow/example_dags/example_branch_labels.py for tasks to queue
[2024-05-30T00:04:20.986+0000] {logging_mixin.py:188} INFO - [2024-05-30T00:04:20.986+0000] {dagbag.py:538} INFO - Filling up the DagBag from /home/airflow/.local/lib/python3.8/site-packages/airflow/example_dags/example_branch_labels.py
[2024-05-30T00:04:20.994+0000] {processor.py:840} INFO - DAG(s) 'example_branch_labels' retrieved from /home/airflow/.local/lib/python3.8/site-packages/airflow/example_dags/example_branch_labels.py
[2024-05-30T00:04:21.016+0000] {logging_mixin.py:188} INFO - [2024-05-30T00:04:21.016+0000] {dag.py:3036} INFO - Sync 1 DAGs
[2024-05-30T00:04:21.040+0000] {logging_mixin.py:188} INFO - [2024-05-30T00:04:21.040+0000] {dag.py:3823} INFO - Setting next_dagrun for example_branch_labels to 2024-05-29 00:00:00+00:00, run_after=2024-05-30 00:00:00+00:00
[2024-05-30T00:04:21.061+0000] {processor.py:183} INFO - Processing /home/airflow/.local/lib/python3.8/site-packages/airflow/example_dags/example_branch_labels.py took 0.080 seconds
[2024-05-30T00:04:51.755+0000] {processor.py:161} INFO - Started process (PID=3254) to work on /home/airflow/.local/lib/python3.8/site-packages/airflow/example_dags/example_branch_labels.py
[2024-05-30T00:04:51.756+0000] {processor.py:830} INFO - Processing file /home/airflow/.local/lib/python3.8/site-packages/airflow/example_dags/example_branch_labels.py for tasks to queue
[2024-05-30T00:04:51.757+0000] {logging_mixin.py:188} INFO - [2024-05-30T00:04:51.757+0000] {dagbag.py:538} INFO - Filling up the DagBag from /home/airflow/.local/lib/python3.8/site-packages/airflow/example_dags/example_branch_labels.py
[2024-05-30T00:04:51.765+0000] {processor.py:840} INFO - DAG(s) 'example_branch_labels' retrieved from /home/airflow/.local/lib/python3.8/site-packages/airflow/example_dags/example_branch_labels.py
[2024-05-30T00:04:51.788+0000] {logging_mixin.py:188} INFO - [2024-05-30T00:04:51.788+0000] {dag.py:3036} INFO - Sync 1 DAGs
[2024-05-30T00:04:51.810+0000] {logging_mixin.py:188} INFO - [2024-05-30T00:04:51.810+0000] {dag.py:3823} INFO - Setting next_dagrun for example_branch_labels to 2024-05-29 00:00:00+00:00, run_after=2024-05-30 00:00:00+00:00
[2024-05-30T00:04:51.830+0000] {processor.py:183} INFO - Processing /home/airflow/.local/lib/python3.8/site-packages/airflow/example_dags/example_branch_labels.py took 0.079 seconds
[2024-05-30T00:05:22.522+0000] {processor.py:161} INFO - Started process (PID=3313) to work on /home/airflow/.local/lib/python3.8/site-packages/airflow/example_dags/example_branch_labels.py
[2024-05-30T00:05:22.523+0000] {processor.py:830} INFO - Processing file /home/airflow/.local/lib/python3.8/site-packages/airflow/example_dags/example_branch_labels.py for tasks to queue
[2024-05-30T00:05:22.525+0000] {logging_mixin.py:188} INFO - [2024-05-30T00:05:22.524+0000] {dagbag.py:538} INFO - Filling up the DagBag from /home/airflow/.local/lib/python3.8/site-packages/airflow/example_dags/example_branch_labels.py
[2024-05-30T00:05:22.532+0000] {processor.py:840} INFO - DAG(s) 'example_branch_labels' retrieved from /home/airflow/.local/lib/python3.8/site-packages/airflow/example_dags/example_branch_labels.py
[2024-05-30T00:05:22.553+0000] {logging_mixin.py:188} INFO - [2024-05-30T00:05:22.553+0000] {dag.py:3036} INFO - Sync 1 DAGs
[2024-05-30T00:05:22.573+0000] {logging_mixin.py:188} INFO - [2024-05-30T00:05:22.573+0000] {dag.py:3823} INFO - Setting next_dagrun for example_branch_labels to 2024-05-29 00:00:00+00:00, run_after=2024-05-30 00:00:00+00:00
[2024-05-30T00:05:22.594+0000] {processor.py:183} INFO - Processing /home/airflow/.local/lib/python3.8/site-packages/airflow/example_dags/example_branch_labels.py took 0.075 seconds
[2024-05-30T00:05:53.695+0000] {processor.py:161} INFO - Started process (PID=3372) to work on /home/airflow/.local/lib/python3.8/site-packages/airflow/example_dags/example_branch_labels.py
[2024-05-30T00:05:53.696+0000] {processor.py:830} INFO - Processing file /home/airflow/.local/lib/python3.8/site-packages/airflow/example_dags/example_branch_labels.py for tasks to queue
[2024-05-30T00:05:53.698+0000] {logging_mixin.py:188} INFO - [2024-05-30T00:05:53.697+0000] {dagbag.py:538} INFO - Filling up the DagBag from /home/airflow/.local/lib/python3.8/site-packages/airflow/example_dags/example_branch_labels.py
[2024-05-30T00:05:53.707+0000] {processor.py:840} INFO - DAG(s) 'example_branch_labels' retrieved from /home/airflow/.local/lib/python3.8/site-packages/airflow/example_dags/example_branch_labels.py
[2024-05-30T00:05:53.844+0000] {logging_mixin.py:188} INFO - [2024-05-30T00:05:53.844+0000] {dag.py:3036} INFO - Sync 1 DAGs
[2024-05-30T00:05:53.864+0000] {logging_mixin.py:188} INFO - [2024-05-30T00:05:53.864+0000] {dag.py:3823} INFO - Setting next_dagrun for example_branch_labels to 2024-05-29 00:00:00+00:00, run_after=2024-05-30 00:00:00+00:00
[2024-05-30T00:05:53.886+0000] {processor.py:183} INFO - Processing /home/airflow/.local/lib/python3.8/site-packages/airflow/example_dags/example_branch_labels.py took 0.195 seconds
[2024-05-30T00:06:24.887+0000] {processor.py:161} INFO - Started process (PID=3431) to work on /home/airflow/.local/lib/python3.8/site-packages/airflow/example_dags/example_branch_labels.py
[2024-05-30T00:06:24.888+0000] {processor.py:830} INFO - Processing file /home/airflow/.local/lib/python3.8/site-packages/airflow/example_dags/example_branch_labels.py for tasks to queue
[2024-05-30T00:06:24.889+0000] {logging_mixin.py:188} INFO - [2024-05-30T00:06:24.889+0000] {dagbag.py:538} INFO - Filling up the DagBag from /home/airflow/.local/lib/python3.8/site-packages/airflow/example_dags/example_branch_labels.py
[2024-05-30T00:06:24.900+0000] {processor.py:840} INFO - DAG(s) 'example_branch_labels' retrieved from /home/airflow/.local/lib/python3.8/site-packages/airflow/example_dags/example_branch_labels.py
[2024-05-30T00:06:24.922+0000] {logging_mixin.py:188} INFO - [2024-05-30T00:06:24.922+0000] {dag.py:3036} INFO - Sync 1 DAGs
[2024-05-30T00:06:25.066+0000] {logging_mixin.py:188} INFO - [2024-05-30T00:06:25.066+0000] {dag.py:3823} INFO - Setting next_dagrun for example_branch_labels to 2024-05-29 00:00:00+00:00, run_after=2024-05-30 00:00:00+00:00
[2024-05-30T00:06:25.088+0000] {processor.py:183} INFO - Processing /home/airflow/.local/lib/python3.8/site-packages/airflow/example_dags/example_branch_labels.py took 0.205 seconds
[2024-05-30T00:06:55.684+0000] {processor.py:161} INFO - Started process (PID=3490) to work on /home/airflow/.local/lib/python3.8/site-packages/airflow/example_dags/example_branch_labels.py
[2024-05-30T00:06:55.685+0000] {processor.py:830} INFO - Processing file /home/airflow/.local/lib/python3.8/site-packages/airflow/example_dags/example_branch_labels.py for tasks to queue
[2024-05-30T00:06:55.687+0000] {logging_mixin.py:188} INFO - [2024-05-30T00:06:55.687+0000] {dagbag.py:538} INFO - Filling up the DagBag from /home/airflow/.local/lib/python3.8/site-packages/airflow/example_dags/example_branch_labels.py
[2024-05-30T00:06:55.695+0000] {processor.py:840} INFO - DAG(s) 'example_branch_labels' retrieved from /home/airflow/.local/lib/python3.8/site-packages/airflow/example_dags/example_branch_labels.py
[2024-05-30T00:06:55.717+0000] {logging_mixin.py:188} INFO - [2024-05-30T00:06:55.717+0000] {dag.py:3036} INFO - Sync 1 DAGs
[2024-05-30T00:06:55.739+0000] {logging_mixin.py:188} INFO - [2024-05-30T00:06:55.738+0000] {dag.py:3823} INFO - Setting next_dagrun for example_branch_labels to 2024-05-29 00:00:00+00:00, run_after=2024-05-30 00:00:00+00:00
[2024-05-30T00:06:55.760+0000] {processor.py:183} INFO - Processing /home/airflow/.local/lib/python3.8/site-packages/airflow/example_dags/example_branch_labels.py took 0.078 seconds
[2024-05-30T00:07:26.594+0000] {processor.py:161} INFO - Started process (PID=3549) to work on /home/airflow/.local/lib/python3.8/site-packages/airflow/example_dags/example_branch_labels.py
[2024-05-30T00:07:26.595+0000] {processor.py:830} INFO - Processing file /home/airflow/.local/lib/python3.8/site-packages/airflow/example_dags/example_branch_labels.py for tasks to queue
[2024-05-30T00:07:26.597+0000] {logging_mixin.py:188} INFO - [2024-05-30T00:07:26.596+0000] {dagbag.py:538} INFO - Filling up the DagBag from /home/airflow/.local/lib/python3.8/site-packages/airflow/example_dags/example_branch_labels.py
[2024-05-30T00:07:26.606+0000] {processor.py:840} INFO - DAG(s) 'example_branch_labels' retrieved from /home/airflow/.local/lib/python3.8/site-packages/airflow/example_dags/example_branch_labels.py
[2024-05-30T00:07:26.629+0000] {logging_mixin.py:188} INFO - [2024-05-30T00:07:26.629+0000] {dag.py:3036} INFO - Sync 1 DAGs
[2024-05-30T00:07:26.653+0000] {logging_mixin.py:188} INFO - [2024-05-30T00:07:26.653+0000] {dag.py:3823} INFO - Setting next_dagrun for example_branch_labels to 2024-05-29 00:00:00+00:00, run_after=2024-05-30 00:00:00+00:00
[2024-05-30T00:07:26.675+0000] {processor.py:183} INFO - Processing /home/airflow/.local/lib/python3.8/site-packages/airflow/example_dags/example_branch_labels.py took 0.087 seconds
[2024-05-30T00:07:56.877+0000] {processor.py:161} INFO - Started process (PID=3608) to work on /home/airflow/.local/lib/python3.8/site-packages/airflow/example_dags/example_branch_labels.py
[2024-05-30T00:07:56.878+0000] {processor.py:830} INFO - Processing file /home/airflow/.local/lib/python3.8/site-packages/airflow/example_dags/example_branch_labels.py for tasks to queue
[2024-05-30T00:07:56.880+0000] {logging_mixin.py:188} INFO - [2024-05-30T00:07:56.879+0000] {dagbag.py:538} INFO - Filling up the DagBag from /home/airflow/.local/lib/python3.8/site-packages/airflow/example_dags/example_branch_labels.py
[2024-05-30T00:07:56.888+0000] {processor.py:840} INFO - DAG(s) 'example_branch_labels' retrieved from /home/airflow/.local/lib/python3.8/site-packages/airflow/example_dags/example_branch_labels.py
[2024-05-30T00:07:56.914+0000] {logging_mixin.py:188} INFO - [2024-05-30T00:07:56.913+0000] {dag.py:3036} INFO - Sync 1 DAGs
[2024-05-30T00:07:56.939+0000] {logging_mixin.py:188} INFO - [2024-05-30T00:07:56.939+0000] {dag.py:3823} INFO - Setting next_dagrun for example_branch_labels to 2024-05-29 00:00:00+00:00, run_after=2024-05-30 00:00:00+00:00
[2024-05-30T00:07:56.964+0000] {processor.py:183} INFO - Processing /home/airflow/.local/lib/python3.8/site-packages/airflow/example_dags/example_branch_labels.py took 0.090 seconds
[2024-05-30T00:08:27.413+0000] {processor.py:161} INFO - Started process (PID=3666) to work on /home/airflow/.local/lib/python3.8/site-packages/airflow/example_dags/example_branch_labels.py
[2024-05-30T00:08:27.413+0000] {processor.py:830} INFO - Processing file /home/airflow/.local/lib/python3.8/site-packages/airflow/example_dags/example_branch_labels.py for tasks to queue
[2024-05-30T00:08:27.415+0000] {logging_mixin.py:188} INFO - [2024-05-30T00:08:27.414+0000] {dagbag.py:538} INFO - Filling up the DagBag from /home/airflow/.local/lib/python3.8/site-packages/airflow/example_dags/example_branch_labels.py
[2024-05-30T00:08:27.422+0000] {processor.py:840} INFO - DAG(s) 'example_branch_labels' retrieved from /home/airflow/.local/lib/python3.8/site-packages/airflow/example_dags/example_branch_labels.py
[2024-05-30T00:08:27.444+0000] {logging_mixin.py:188} INFO - [2024-05-30T00:08:27.443+0000] {dag.py:3036} INFO - Sync 1 DAGs
[2024-05-30T00:08:27.465+0000] {logging_mixin.py:188} INFO - [2024-05-30T00:08:27.464+0000] {dag.py:3823} INFO - Setting next_dagrun for example_branch_labels to 2024-05-29 00:00:00+00:00, run_after=2024-05-30 00:00:00+00:00
[2024-05-30T00:08:27.486+0000] {processor.py:183} INFO - Processing /home/airflow/.local/lib/python3.8/site-packages/airflow/example_dags/example_branch_labels.py took 0.077 seconds
[2024-05-30T00:08:58.234+0000] {processor.py:161} INFO - Started process (PID=3724) to work on /home/airflow/.local/lib/python3.8/site-packages/airflow/example_dags/example_branch_labels.py
[2024-05-30T00:08:58.236+0000] {processor.py:830} INFO - Processing file /home/airflow/.local/lib/python3.8/site-packages/airflow/example_dags/example_branch_labels.py for tasks to queue
[2024-05-30T00:08:58.237+0000] {logging_mixin.py:188} INFO - [2024-05-30T00:08:58.237+0000] {dagbag.py:538} INFO - Filling up the DagBag from /home/airflow/.local/lib/python3.8/site-packages/airflow/example_dags/example_branch_labels.py
[2024-05-30T00:08:58.245+0000] {processor.py:840} INFO - DAG(s) 'example_branch_labels' retrieved from /home/airflow/.local/lib/python3.8/site-packages/airflow/example_dags/example_branch_labels.py
[2024-05-30T00:08:58.268+0000] {logging_mixin.py:188} INFO - [2024-05-30T00:08:58.268+0000] {dag.py:3036} INFO - Sync 1 DAGs
[2024-05-30T00:08:58.302+0000] {logging_mixin.py:188} INFO - [2024-05-30T00:08:58.302+0000] {dag.py:3823} INFO - Setting next_dagrun for example_branch_labels to 2024-05-29 00:00:00+00:00, run_after=2024-05-30 00:00:00+00:00
[2024-05-30T00:08:58.327+0000] {processor.py:183} INFO - Processing /home/airflow/.local/lib/python3.8/site-packages/airflow/example_dags/example_branch_labels.py took 0.096 seconds
[2024-05-30T00:09:29.098+0000] {processor.py:161} INFO - Started process (PID=3783) to work on /home/airflow/.local/lib/python3.8/site-packages/airflow/example_dags/example_branch_labels.py
[2024-05-30T00:09:29.099+0000] {processor.py:830} INFO - Processing file /home/airflow/.local/lib/python3.8/site-packages/airflow/example_dags/example_branch_labels.py for tasks to queue
[2024-05-30T00:09:29.100+0000] {logging_mixin.py:188} INFO - [2024-05-30T00:09:29.100+0000] {dagbag.py:538} INFO - Filling up the DagBag from /home/airflow/.local/lib/python3.8/site-packages/airflow/example_dags/example_branch_labels.py
[2024-05-30T00:09:29.108+0000] {processor.py:840} INFO - DAG(s) 'example_branch_labels' retrieved from /home/airflow/.local/lib/python3.8/site-packages/airflow/example_dags/example_branch_labels.py
[2024-05-30T00:09:29.130+0000] {logging_mixin.py:188} INFO - [2024-05-30T00:09:29.129+0000] {dag.py:3036} INFO - Sync 1 DAGs
[2024-05-30T00:09:29.151+0000] {logging_mixin.py:188} INFO - [2024-05-30T00:09:29.151+0000] {dag.py:3823} INFO - Setting next_dagrun for example_branch_labels to 2024-05-29 00:00:00+00:00, run_after=2024-05-30 00:00:00+00:00
[2024-05-30T00:09:29.171+0000] {processor.py:183} INFO - Processing /home/airflow/.local/lib/python3.8/site-packages/airflow/example_dags/example_branch_labels.py took 0.076 seconds
[2024-05-30T00:09:59.490+0000] {processor.py:161} INFO - Started process (PID=3842) to work on /home/airflow/.local/lib/python3.8/site-packages/airflow/example_dags/example_branch_labels.py
[2024-05-30T00:09:59.492+0000] {processor.py:830} INFO - Processing file /home/airflow/.local/lib/python3.8/site-packages/airflow/example_dags/example_branch_labels.py for tasks to queue
[2024-05-30T00:09:59.493+0000] {logging_mixin.py:188} INFO - [2024-05-30T00:09:59.493+0000] {dagbag.py:538} INFO - Filling up the DagBag from /home/airflow/.local/lib/python3.8/site-packages/airflow/example_dags/example_branch_labels.py
[2024-05-30T00:09:59.503+0000] {processor.py:840} INFO - DAG(s) 'example_branch_labels' retrieved from /home/airflow/.local/lib/python3.8/site-packages/airflow/example_dags/example_branch_labels.py
[2024-05-30T00:09:59.534+0000] {logging_mixin.py:188} INFO - [2024-05-30T00:09:59.533+0000] {dag.py:3036} INFO - Sync 1 DAGs
[2024-05-30T00:09:59.560+0000] {logging_mixin.py:188} INFO - [2024-05-30T00:09:59.559+0000] {dag.py:3823} INFO - Setting next_dagrun for example_branch_labels to 2024-05-29 00:00:00+00:00, run_after=2024-05-30 00:00:00+00:00
[2024-05-30T00:09:59.587+0000] {processor.py:183} INFO - Processing /home/airflow/.local/lib/python3.8/site-packages/airflow/example_dags/example_branch_labels.py took 0.100 seconds
[2024-05-30T00:10:29.982+0000] {processor.py:161} INFO - Started process (PID=3901) to work on /home/airflow/.local/lib/python3.8/site-packages/airflow/example_dags/example_branch_labels.py
[2024-05-30T00:10:29.983+0000] {processor.py:830} INFO - Processing file /home/airflow/.local/lib/python3.8/site-packages/airflow/example_dags/example_branch_labels.py for tasks to queue
[2024-05-30T00:10:29.984+0000] {logging_mixin.py:188} INFO - [2024-05-30T00:10:29.984+0000] {dagbag.py:538} INFO - Filling up the DagBag from /home/airflow/.local/lib/python3.8/site-packages/airflow/example_dags/example_branch_labels.py
[2024-05-30T00:10:29.992+0000] {processor.py:840} INFO - DAG(s) 'example_branch_labels' retrieved from /home/airflow/.local/lib/python3.8/site-packages/airflow/example_dags/example_branch_labels.py
[2024-05-30T00:10:30.014+0000] {logging_mixin.py:188} INFO - [2024-05-30T00:10:30.014+0000] {dag.py:3036} INFO - Sync 1 DAGs
[2024-05-30T00:10:30.036+0000] {logging_mixin.py:188} INFO - [2024-05-30T00:10:30.036+0000] {dag.py:3823} INFO - Setting next_dagrun for example_branch_labels to 2024-05-29 00:00:00+00:00, run_after=2024-05-30 00:00:00+00:00
[2024-05-30T00:10:30.059+0000] {processor.py:183} INFO - Processing /home/airflow/.local/lib/python3.8/site-packages/airflow/example_dags/example_branch_labels.py took 0.080 seconds
[2024-05-30T00:11:00.963+0000] {processor.py:161} INFO - Started process (PID=3960) to work on /home/airflow/.local/lib/python3.8/site-packages/airflow/example_dags/example_branch_labels.py
[2024-05-30T00:11:00.965+0000] {processor.py:830} INFO - Processing file /home/airflow/.local/lib/python3.8/site-packages/airflow/example_dags/example_branch_labels.py for tasks to queue
[2024-05-30T00:11:00.967+0000] {logging_mixin.py:188} INFO - [2024-05-30T00:11:00.966+0000] {dagbag.py:538} INFO - Filling up the DagBag from /home/airflow/.local/lib/python3.8/site-packages/airflow/example_dags/example_branch_labels.py
[2024-05-30T00:11:00.977+0000] {processor.py:840} INFO - DAG(s) 'example_branch_labels' retrieved from /home/airflow/.local/lib/python3.8/site-packages/airflow/example_dags/example_branch_labels.py
[2024-05-30T00:11:00.999+0000] {logging_mixin.py:188} INFO - [2024-05-30T00:11:00.999+0000] {dag.py:3036} INFO - Sync 1 DAGs
[2024-05-30T00:11:01.021+0000] {logging_mixin.py:188} INFO - [2024-05-30T00:11:01.021+0000] {dag.py:3823} INFO - Setting next_dagrun for example_branch_labels to 2024-05-29 00:00:00+00:00, run_after=2024-05-30 00:00:00+00:00
[2024-05-30T00:11:01.045+0000] {processor.py:183} INFO - Processing /home/airflow/.local/lib/python3.8/site-packages/airflow/example_dags/example_branch_labels.py took 0.086 seconds
[2024-05-30T00:11:31.094+0000] {processor.py:161} INFO - Started process (PID=4018) to work on /home/airflow/.local/lib/python3.8/site-packages/airflow/example_dags/example_branch_labels.py
[2024-05-30T00:11:31.095+0000] {processor.py:830} INFO - Processing file /home/airflow/.local/lib/python3.8/site-packages/airflow/example_dags/example_branch_labels.py for tasks to queue
[2024-05-30T00:11:31.096+0000] {logging_mixin.py:188} INFO - [2024-05-30T00:11:31.096+0000] {dagbag.py:538} INFO - Filling up the DagBag from /home/airflow/.local/lib/python3.8/site-packages/airflow/example_dags/example_branch_labels.py
[2024-05-30T00:11:31.104+0000] {processor.py:840} INFO - DAG(s) 'example_branch_labels' retrieved from /home/airflow/.local/lib/python3.8/site-packages/airflow/example_dags/example_branch_labels.py
[2024-05-30T00:11:31.124+0000] {logging_mixin.py:188} INFO - [2024-05-30T00:11:31.124+0000] {dag.py:3036} INFO - Sync 1 DAGs
[2024-05-30T00:11:31.146+0000] {logging_mixin.py:188} INFO - [2024-05-30T00:11:31.146+0000] {dag.py:3823} INFO - Setting next_dagrun for example_branch_labels to 2024-05-29 00:00:00+00:00, run_after=2024-05-30 00:00:00+00:00
[2024-05-30T00:11:31.167+0000] {processor.py:183} INFO - Processing /home/airflow/.local/lib/python3.8/site-packages/airflow/example_dags/example_branch_labels.py took 0.076 seconds
[2024-05-30T00:12:02.149+0000] {processor.py:161} INFO - Started process (PID=4078) to work on /home/airflow/.local/lib/python3.8/site-packages/airflow/example_dags/example_branch_labels.py
[2024-05-30T00:12:02.150+0000] {processor.py:830} INFO - Processing file /home/airflow/.local/lib/python3.8/site-packages/airflow/example_dags/example_branch_labels.py for tasks to queue
[2024-05-30T00:12:02.151+0000] {logging_mixin.py:188} INFO - [2024-05-30T00:12:02.151+0000] {dagbag.py:538} INFO - Filling up the DagBag from /home/airflow/.local/lib/python3.8/site-packages/airflow/example_dags/example_branch_labels.py
[2024-05-30T00:12:02.159+0000] {processor.py:840} INFO - DAG(s) 'example_branch_labels' retrieved from /home/airflow/.local/lib/python3.8/site-packages/airflow/example_dags/example_branch_labels.py
[2024-05-30T00:12:02.182+0000] {logging_mixin.py:188} INFO - [2024-05-30T00:12:02.182+0000] {dag.py:3036} INFO - Sync 1 DAGs
[2024-05-30T00:12:02.202+0000] {logging_mixin.py:188} INFO - [2024-05-30T00:12:02.202+0000] {dag.py:3823} INFO - Setting next_dagrun for example_branch_labels to 2024-05-29 00:00:00+00:00, run_after=2024-05-30 00:00:00+00:00
[2024-05-30T00:12:02.226+0000] {processor.py:183} INFO - Processing /home/airflow/.local/lib/python3.8/site-packages/airflow/example_dags/example_branch_labels.py took 0.080 seconds
[2024-05-30T00:12:32.897+0000] {processor.py:161} INFO - Started process (PID=4137) to work on /home/airflow/.local/lib/python3.8/site-packages/airflow/example_dags/example_branch_labels.py
[2024-05-30T00:12:32.898+0000] {processor.py:830} INFO - Processing file /home/airflow/.local/lib/python3.8/site-packages/airflow/example_dags/example_branch_labels.py for tasks to queue
[2024-05-30T00:12:32.899+0000] {logging_mixin.py:188} INFO - [2024-05-30T00:12:32.899+0000] {dagbag.py:538} INFO - Filling up the DagBag from /home/airflow/.local/lib/python3.8/site-packages/airflow/example_dags/example_branch_labels.py
[2024-05-30T00:12:32.908+0000] {processor.py:840} INFO - DAG(s) 'example_branch_labels' retrieved from /home/airflow/.local/lib/python3.8/site-packages/airflow/example_dags/example_branch_labels.py
[2024-05-30T00:12:32.931+0000] {logging_mixin.py:188} INFO - [2024-05-30T00:12:32.931+0000] {dag.py:3036} INFO - Sync 1 DAGs
[2024-05-30T00:12:32.953+0000] {logging_mixin.py:188} INFO - [2024-05-30T00:12:32.953+0000] {dag.py:3823} INFO - Setting next_dagrun for example_branch_labels to 2024-05-29 00:00:00+00:00, run_after=2024-05-30 00:00:00+00:00
[2024-05-30T00:12:32.988+0000] {processor.py:183} INFO - Processing /home/airflow/.local/lib/python3.8/site-packages/airflow/example_dags/example_branch_labels.py took 0.094 seconds
[2024-05-30T00:13:03.560+0000] {processor.py:161} INFO - Started process (PID=4196) to work on /home/airflow/.local/lib/python3.8/site-packages/airflow/example_dags/example_branch_labels.py
[2024-05-30T00:13:03.561+0000] {processor.py:830} INFO - Processing file /home/airflow/.local/lib/python3.8/site-packages/airflow/example_dags/example_branch_labels.py for tasks to queue
[2024-05-30T00:13:03.562+0000] {logging_mixin.py:188} INFO - [2024-05-30T00:13:03.561+0000] {dagbag.py:538} INFO - Filling up the DagBag from /home/airflow/.local/lib/python3.8/site-packages/airflow/example_dags/example_branch_labels.py
[2024-05-30T00:13:03.570+0000] {processor.py:840} INFO - DAG(s) 'example_branch_labels' retrieved from /home/airflow/.local/lib/python3.8/site-packages/airflow/example_dags/example_branch_labels.py
[2024-05-30T00:13:03.598+0000] {logging_mixin.py:188} INFO - [2024-05-30T00:13:03.598+0000] {dag.py:3036} INFO - Sync 1 DAGs
[2024-05-30T00:13:03.619+0000] {logging_mixin.py:188} INFO - [2024-05-30T00:13:03.618+0000] {dag.py:3823} INFO - Setting next_dagrun for example_branch_labels to 2024-05-29 00:00:00+00:00, run_after=2024-05-30 00:00:00+00:00
[2024-05-30T00:13:03.640+0000] {processor.py:183} INFO - Processing /home/airflow/.local/lib/python3.8/site-packages/airflow/example_dags/example_branch_labels.py took 0.085 seconds
[2024-05-30T00:13:34.243+0000] {processor.py:161} INFO - Started process (PID=4255) to work on /home/airflow/.local/lib/python3.8/site-packages/airflow/example_dags/example_branch_labels.py
[2024-05-30T00:13:34.244+0000] {processor.py:830} INFO - Processing file /home/airflow/.local/lib/python3.8/site-packages/airflow/example_dags/example_branch_labels.py for tasks to queue
[2024-05-30T00:13:34.246+0000] {logging_mixin.py:188} INFO - [2024-05-30T00:13:34.245+0000] {dagbag.py:538} INFO - Filling up the DagBag from /home/airflow/.local/lib/python3.8/site-packages/airflow/example_dags/example_branch_labels.py
[2024-05-30T00:13:34.253+0000] {processor.py:840} INFO - DAG(s) 'example_branch_labels' retrieved from /home/airflow/.local/lib/python3.8/site-packages/airflow/example_dags/example_branch_labels.py
[2024-05-30T00:13:34.274+0000] {logging_mixin.py:188} INFO - [2024-05-30T00:13:34.274+0000] {dag.py:3036} INFO - Sync 1 DAGs
[2024-05-30T00:13:34.295+0000] {logging_mixin.py:188} INFO - [2024-05-30T00:13:34.294+0000] {dag.py:3823} INFO - Setting next_dagrun for example_branch_labels to 2024-05-29 00:00:00+00:00, run_after=2024-05-30 00:00:00+00:00
[2024-05-30T00:13:34.318+0000] {processor.py:183} INFO - Processing /home/airflow/.local/lib/python3.8/site-packages/airflow/example_dags/example_branch_labels.py took 0.077 seconds
[2024-05-30T00:14:04.985+0000] {processor.py:161} INFO - Started process (PID=4314) to work on /home/airflow/.local/lib/python3.8/site-packages/airflow/example_dags/example_branch_labels.py
[2024-05-30T00:14:04.987+0000] {processor.py:830} INFO - Processing file /home/airflow/.local/lib/python3.8/site-packages/airflow/example_dags/example_branch_labels.py for tasks to queue
[2024-05-30T00:14:04.989+0000] {logging_mixin.py:188} INFO - [2024-05-30T00:14:04.988+0000] {dagbag.py:538} INFO - Filling up the DagBag from /home/airflow/.local/lib/python3.8/site-packages/airflow/example_dags/example_branch_labels.py
[2024-05-30T00:14:05.000+0000] {processor.py:840} INFO - DAG(s) 'example_branch_labels' retrieved from /home/airflow/.local/lib/python3.8/site-packages/airflow/example_dags/example_branch_labels.py
[2024-05-30T00:14:05.032+0000] {logging_mixin.py:188} INFO - [2024-05-30T00:14:05.031+0000] {dag.py:3036} INFO - Sync 1 DAGs
[2024-05-30T00:14:05.053+0000] {logging_mixin.py:188} INFO - [2024-05-30T00:14:05.053+0000] {dag.py:3823} INFO - Setting next_dagrun for example_branch_labels to 2024-05-29 00:00:00+00:00, run_after=2024-05-30 00:00:00+00:00
[2024-05-30T00:14:05.073+0000] {processor.py:183} INFO - Processing /home/airflow/.local/lib/python3.8/site-packages/airflow/example_dags/example_branch_labels.py took 0.092 seconds
[2024-05-30T00:21:11.734+0000] {processor.py:161} INFO - Started process (PID=5143) to work on /home/airflow/.local/lib/python3.8/site-packages/airflow/example_dags/example_branch_labels.py
[2024-05-30T00:21:11.736+0000] {processor.py:830} INFO - Processing file /home/airflow/.local/lib/python3.8/site-packages/airflow/example_dags/example_branch_labels.py for tasks to queue
[2024-05-30T00:21:11.737+0000] {logging_mixin.py:188} INFO - [2024-05-30T00:21:11.737+0000] {dagbag.py:538} INFO - Filling up the DagBag from /home/airflow/.local/lib/python3.8/site-packages/airflow/example_dags/example_branch_labels.py
[2024-05-30T00:21:11.745+0000] {processor.py:840} INFO - DAG(s) 'example_branch_labels' retrieved from /home/airflow/.local/lib/python3.8/site-packages/airflow/example_dags/example_branch_labels.py
[2024-05-30T00:21:11.767+0000] {logging_mixin.py:188} INFO - [2024-05-30T00:21:11.767+0000] {dag.py:3036} INFO - Sync 1 DAGs
[2024-05-30T00:21:11.788+0000] {logging_mixin.py:188} INFO - [2024-05-30T00:21:11.788+0000] {dag.py:3823} INFO - Setting next_dagrun for example_branch_labels to 2024-05-29 00:00:00+00:00, run_after=2024-05-30 00:00:00+00:00
[2024-05-30T00:21:11.807+0000] {processor.py:183} INFO - Processing /home/airflow/.local/lib/python3.8/site-packages/airflow/example_dags/example_branch_labels.py took 0.076 seconds
[2024-05-30T00:21:42.042+0000] {processor.py:161} INFO - Started process (PID=5202) to work on /home/airflow/.local/lib/python3.8/site-packages/airflow/example_dags/example_branch_labels.py
[2024-05-30T00:21:42.043+0000] {processor.py:830} INFO - Processing file /home/airflow/.local/lib/python3.8/site-packages/airflow/example_dags/example_branch_labels.py for tasks to queue
[2024-05-30T00:21:42.044+0000] {logging_mixin.py:188} INFO - [2024-05-30T00:21:42.044+0000] {dagbag.py:538} INFO - Filling up the DagBag from /home/airflow/.local/lib/python3.8/site-packages/airflow/example_dags/example_branch_labels.py
[2024-05-30T00:21:42.053+0000] {processor.py:840} INFO - DAG(s) 'example_branch_labels' retrieved from /home/airflow/.local/lib/python3.8/site-packages/airflow/example_dags/example_branch_labels.py
[2024-05-30T00:21:42.078+0000] {logging_mixin.py:188} INFO - [2024-05-30T00:21:42.077+0000] {dag.py:3036} INFO - Sync 1 DAGs
[2024-05-30T00:21:42.102+0000] {logging_mixin.py:188} INFO - [2024-05-30T00:21:42.102+0000] {dag.py:3823} INFO - Setting next_dagrun for example_branch_labels to 2024-05-29 00:00:00+00:00, run_after=2024-05-30 00:00:00+00:00
[2024-05-30T00:21:42.121+0000] {processor.py:183} INFO - Processing /home/airflow/.local/lib/python3.8/site-packages/airflow/example_dags/example_branch_labels.py took 0.083 seconds
