[2024-05-30T00:00:15.088+0000] {processor.py:161} INFO - Started process (PID=2743) to work on /home/airflow/.local/lib/python3.8/site-packages/airflow/example_dags/example_external_task_marker_dag.py
[2024-05-30T00:00:15.090+0000] {processor.py:830} INFO - Processing file /home/airflow/.local/lib/python3.8/site-packages/airflow/example_dags/example_external_task_marker_dag.py for tasks to queue
[2024-05-30T00:00:15.092+0000] {logging_mixin.py:188} INFO - [2024-05-30T00:00:15.091+0000] {dagbag.py:538} INFO - Filling up the DagBag from /home/airflow/.local/lib/python3.8/site-packages/airflow/example_dags/example_external_task_marker_dag.py
[2024-05-30T00:00:15.099+0000] {processor.py:840} INFO - DAG(s) 'example_external_task_marker_parent', 'example_external_task_marker_child' retrieved from /home/airflow/.local/lib/python3.8/site-packages/airflow/example_dags/example_external_task_marker_dag.py
[2024-05-30T00:00:15.124+0000] {logging_mixin.py:188} INFO - [2024-05-30T00:00:15.124+0000] {dag.py:3036} INFO - Sync 2 DAGs
[2024-05-30T00:00:15.136+0000] {logging_mixin.py:188} INFO - [2024-05-30T00:00:15.136+0000] {dag.py:3823} INFO - Setting next_dagrun for example_external_task_marker_child to None, run_after=None
[2024-05-30T00:00:15.140+0000] {logging_mixin.py:188} INFO - [2024-05-30T00:00:15.140+0000] {dag.py:3823} INFO - Setting next_dagrun for example_external_task_marker_parent to None, run_after=None
[2024-05-30T00:00:15.161+0000] {processor.py:183} INFO - Processing /home/airflow/.local/lib/python3.8/site-packages/airflow/example_dags/example_external_task_marker_dag.py took 0.077 seconds
[2024-05-30T00:00:46.620+0000] {processor.py:161} INFO - Started process (PID=2802) to work on /home/airflow/.local/lib/python3.8/site-packages/airflow/example_dags/example_external_task_marker_dag.py
[2024-05-30T00:00:46.621+0000] {processor.py:830} INFO - Processing file /home/airflow/.local/lib/python3.8/site-packages/airflow/example_dags/example_external_task_marker_dag.py for tasks to queue
[2024-05-30T00:00:46.623+0000] {logging_mixin.py:188} INFO - [2024-05-30T00:00:46.623+0000] {dagbag.py:538} INFO - Filling up the DagBag from /home/airflow/.local/lib/python3.8/site-packages/airflow/example_dags/example_external_task_marker_dag.py
[2024-05-30T00:00:46.632+0000] {processor.py:840} INFO - DAG(s) 'example_external_task_marker_parent', 'example_external_task_marker_child' retrieved from /home/airflow/.local/lib/python3.8/site-packages/airflow/example_dags/example_external_task_marker_dag.py
[2024-05-30T00:00:46.675+0000] {logging_mixin.py:188} INFO - [2024-05-30T00:00:46.674+0000] {dag.py:3036} INFO - Sync 2 DAGs
[2024-05-30T00:00:46.711+0000] {logging_mixin.py:188} INFO - [2024-05-30T00:00:46.710+0000] {dag.py:3823} INFO - Setting next_dagrun for example_external_task_marker_child to None, run_after=None
[2024-05-30T00:00:46.721+0000] {logging_mixin.py:188} INFO - [2024-05-30T00:00:46.720+0000] {dag.py:3823} INFO - Setting next_dagrun for example_external_task_marker_parent to None, run_after=None
[2024-05-30T00:00:46.761+0000] {processor.py:183} INFO - Processing /home/airflow/.local/lib/python3.8/site-packages/airflow/example_dags/example_external_task_marker_dag.py took 0.145 seconds
[2024-05-30T00:01:17.283+0000] {processor.py:161} INFO - Started process (PID=2861) to work on /home/airflow/.local/lib/python3.8/site-packages/airflow/example_dags/example_external_task_marker_dag.py
[2024-05-30T00:01:17.284+0000] {processor.py:830} INFO - Processing file /home/airflow/.local/lib/python3.8/site-packages/airflow/example_dags/example_external_task_marker_dag.py for tasks to queue
[2024-05-30T00:01:17.286+0000] {logging_mixin.py:188} INFO - [2024-05-30T00:01:17.286+0000] {dagbag.py:538} INFO - Filling up the DagBag from /home/airflow/.local/lib/python3.8/site-packages/airflow/example_dags/example_external_task_marker_dag.py
[2024-05-30T00:01:17.297+0000] {processor.py:840} INFO - DAG(s) 'example_external_task_marker_parent', 'example_external_task_marker_child' retrieved from /home/airflow/.local/lib/python3.8/site-packages/airflow/example_dags/example_external_task_marker_dag.py
[2024-05-30T00:01:17.335+0000] {logging_mixin.py:188} INFO - [2024-05-30T00:01:17.334+0000] {dag.py:3036} INFO - Sync 2 DAGs
[2024-05-30T00:01:17.357+0000] {logging_mixin.py:188} INFO - [2024-05-30T00:01:17.357+0000] {dag.py:3823} INFO - Setting next_dagrun for example_external_task_marker_child to None, run_after=None
[2024-05-30T00:01:17.363+0000] {logging_mixin.py:188} INFO - [2024-05-30T00:01:17.363+0000] {dag.py:3823} INFO - Setting next_dagrun for example_external_task_marker_parent to None, run_after=None
[2024-05-30T00:01:17.391+0000] {processor.py:183} INFO - Processing /home/airflow/.local/lib/python3.8/site-packages/airflow/example_dags/example_external_task_marker_dag.py took 0.112 seconds
[2024-05-30T00:01:47.767+0000] {processor.py:161} INFO - Started process (PID=2920) to work on /home/airflow/.local/lib/python3.8/site-packages/airflow/example_dags/example_external_task_marker_dag.py
[2024-05-30T00:01:47.769+0000] {processor.py:830} INFO - Processing file /home/airflow/.local/lib/python3.8/site-packages/airflow/example_dags/example_external_task_marker_dag.py for tasks to queue
[2024-05-30T00:01:47.771+0000] {logging_mixin.py:188} INFO - [2024-05-30T00:01:47.770+0000] {dagbag.py:538} INFO - Filling up the DagBag from /home/airflow/.local/lib/python3.8/site-packages/airflow/example_dags/example_external_task_marker_dag.py
[2024-05-30T00:01:47.779+0000] {processor.py:840} INFO - DAG(s) 'example_external_task_marker_child', 'example_external_task_marker_parent' retrieved from /home/airflow/.local/lib/python3.8/site-packages/airflow/example_dags/example_external_task_marker_dag.py
[2024-05-30T00:01:47.805+0000] {logging_mixin.py:188} INFO - [2024-05-30T00:01:47.805+0000] {dag.py:3036} INFO - Sync 2 DAGs
[2024-05-30T00:01:47.819+0000] {logging_mixin.py:188} INFO - [2024-05-30T00:01:47.818+0000] {dag.py:3823} INFO - Setting next_dagrun for example_external_task_marker_child to None, run_after=None
[2024-05-30T00:01:47.823+0000] {logging_mixin.py:188} INFO - [2024-05-30T00:01:47.822+0000] {dag.py:3823} INFO - Setting next_dagrun for example_external_task_marker_parent to None, run_after=None
[2024-05-30T00:01:47.841+0000] {processor.py:183} INFO - Processing /home/airflow/.local/lib/python3.8/site-packages/airflow/example_dags/example_external_task_marker_dag.py took 0.081 seconds
[2024-05-30T00:02:18.729+0000] {processor.py:161} INFO - Started process (PID=2979) to work on /home/airflow/.local/lib/python3.8/site-packages/airflow/example_dags/example_external_task_marker_dag.py
[2024-05-30T00:02:18.731+0000] {processor.py:830} INFO - Processing file /home/airflow/.local/lib/python3.8/site-packages/airflow/example_dags/example_external_task_marker_dag.py for tasks to queue
[2024-05-30T00:02:18.732+0000] {logging_mixin.py:188} INFO - [2024-05-30T00:02:18.732+0000] {dagbag.py:538} INFO - Filling up the DagBag from /home/airflow/.local/lib/python3.8/site-packages/airflow/example_dags/example_external_task_marker_dag.py
[2024-05-30T00:02:18.738+0000] {processor.py:840} INFO - DAG(s) 'example_external_task_marker_parent', 'example_external_task_marker_child' retrieved from /home/airflow/.local/lib/python3.8/site-packages/airflow/example_dags/example_external_task_marker_dag.py
[2024-05-30T00:02:18.765+0000] {logging_mixin.py:188} INFO - [2024-05-30T00:02:18.765+0000] {dag.py:3036} INFO - Sync 2 DAGs
[2024-05-30T00:02:18.777+0000] {logging_mixin.py:188} INFO - [2024-05-30T00:02:18.777+0000] {dag.py:3823} INFO - Setting next_dagrun for example_external_task_marker_child to None, run_after=None
[2024-05-30T00:02:18.781+0000] {logging_mixin.py:188} INFO - [2024-05-30T00:02:18.781+0000] {dag.py:3823} INFO - Setting next_dagrun for example_external_task_marker_parent to None, run_after=None
[2024-05-30T00:02:18.800+0000] {processor.py:183} INFO - Processing /home/airflow/.local/lib/python3.8/site-packages/airflow/example_dags/example_external_task_marker_dag.py took 0.073 seconds
[2024-05-30T00:02:51.766+0000] {processor.py:161} INFO - Started process (PID=3038) to work on /home/airflow/.local/lib/python3.8/site-packages/airflow/example_dags/example_external_task_marker_dag.py
[2024-05-30T00:02:51.768+0000] {processor.py:830} INFO - Processing file /home/airflow/.local/lib/python3.8/site-packages/airflow/example_dags/example_external_task_marker_dag.py for tasks to queue
[2024-05-30T00:02:51.770+0000] {logging_mixin.py:188} INFO - [2024-05-30T00:02:51.769+0000] {dagbag.py:538} INFO - Filling up the DagBag from /home/airflow/.local/lib/python3.8/site-packages/airflow/example_dags/example_external_task_marker_dag.py
[2024-05-30T00:02:51.779+0000] {processor.py:840} INFO - DAG(s) 'example_external_task_marker_child', 'example_external_task_marker_parent' retrieved from /home/airflow/.local/lib/python3.8/site-packages/airflow/example_dags/example_external_task_marker_dag.py
[2024-05-30T00:02:51.819+0000] {logging_mixin.py:188} INFO - [2024-05-30T00:02:51.819+0000] {dag.py:3036} INFO - Sync 2 DAGs
[2024-05-30T00:02:51.839+0000] {logging_mixin.py:188} INFO - [2024-05-30T00:02:51.839+0000] {dag.py:3823} INFO - Setting next_dagrun for example_external_task_marker_child to None, run_after=None
[2024-05-30T00:02:51.846+0000] {logging_mixin.py:188} INFO - [2024-05-30T00:02:51.845+0000] {dag.py:3823} INFO - Setting next_dagrun for example_external_task_marker_parent to None, run_after=None
[2024-05-30T00:02:51.873+0000] {processor.py:183} INFO - Processing /home/airflow/.local/lib/python3.8/site-packages/airflow/example_dags/example_external_task_marker_dag.py took 0.112 seconds
[2024-05-30T00:03:22.893+0000] {processor.py:161} INFO - Started process (PID=3097) to work on /home/airflow/.local/lib/python3.8/site-packages/airflow/example_dags/example_external_task_marker_dag.py
[2024-05-30T00:03:22.894+0000] {processor.py:830} INFO - Processing file /home/airflow/.local/lib/python3.8/site-packages/airflow/example_dags/example_external_task_marker_dag.py for tasks to queue
[2024-05-30T00:03:22.896+0000] {logging_mixin.py:188} INFO - [2024-05-30T00:03:22.895+0000] {dagbag.py:538} INFO - Filling up the DagBag from /home/airflow/.local/lib/python3.8/site-packages/airflow/example_dags/example_external_task_marker_dag.py
[2024-05-30T00:03:22.903+0000] {processor.py:840} INFO - DAG(s) 'example_external_task_marker_parent', 'example_external_task_marker_child' retrieved from /home/airflow/.local/lib/python3.8/site-packages/airflow/example_dags/example_external_task_marker_dag.py
[2024-05-30T00:03:22.927+0000] {logging_mixin.py:188} INFO - [2024-05-30T00:03:22.927+0000] {dag.py:3036} INFO - Sync 2 DAGs
[2024-05-30T00:03:22.939+0000] {logging_mixin.py:188} INFO - [2024-05-30T00:03:22.939+0000] {dag.py:3823} INFO - Setting next_dagrun for example_external_task_marker_child to None, run_after=None
[2024-05-30T00:03:22.943+0000] {logging_mixin.py:188} INFO - [2024-05-30T00:03:22.942+0000] {dag.py:3823} INFO - Setting next_dagrun for example_external_task_marker_parent to None, run_after=None
[2024-05-30T00:03:22.962+0000] {processor.py:183} INFO - Processing /home/airflow/.local/lib/python3.8/site-packages/airflow/example_dags/example_external_task_marker_dag.py took 0.075 seconds
[2024-05-30T00:03:53.643+0000] {processor.py:161} INFO - Started process (PID=3156) to work on /home/airflow/.local/lib/python3.8/site-packages/airflow/example_dags/example_external_task_marker_dag.py
[2024-05-30T00:03:53.644+0000] {processor.py:830} INFO - Processing file /home/airflow/.local/lib/python3.8/site-packages/airflow/example_dags/example_external_task_marker_dag.py for tasks to queue
[2024-05-30T00:03:53.645+0000] {logging_mixin.py:188} INFO - [2024-05-30T00:03:53.645+0000] {dagbag.py:538} INFO - Filling up the DagBag from /home/airflow/.local/lib/python3.8/site-packages/airflow/example_dags/example_external_task_marker_dag.py
[2024-05-30T00:03:53.652+0000] {processor.py:840} INFO - DAG(s) 'example_external_task_marker_child', 'example_external_task_marker_parent' retrieved from /home/airflow/.local/lib/python3.8/site-packages/airflow/example_dags/example_external_task_marker_dag.py
[2024-05-30T00:03:53.675+0000] {logging_mixin.py:188} INFO - [2024-05-30T00:03:53.674+0000] {dag.py:3036} INFO - Sync 2 DAGs
[2024-05-30T00:03:53.686+0000] {logging_mixin.py:188} INFO - [2024-05-30T00:03:53.686+0000] {dag.py:3823} INFO - Setting next_dagrun for example_external_task_marker_child to None, run_after=None
[2024-05-30T00:03:53.690+0000] {logging_mixin.py:188} INFO - [2024-05-30T00:03:53.690+0000] {dag.py:3823} INFO - Setting next_dagrun for example_external_task_marker_parent to None, run_after=None
[2024-05-30T00:03:53.711+0000] {processor.py:183} INFO - Processing /home/airflow/.local/lib/python3.8/site-packages/airflow/example_dags/example_external_task_marker_dag.py took 0.071 seconds
[2024-05-30T00:04:24.003+0000] {processor.py:161} INFO - Started process (PID=3215) to work on /home/airflow/.local/lib/python3.8/site-packages/airflow/example_dags/example_external_task_marker_dag.py
[2024-05-30T00:04:24.004+0000] {processor.py:830} INFO - Processing file /home/airflow/.local/lib/python3.8/site-packages/airflow/example_dags/example_external_task_marker_dag.py for tasks to queue
[2024-05-30T00:04:24.006+0000] {logging_mixin.py:188} INFO - [2024-05-30T00:04:24.006+0000] {dagbag.py:538} INFO - Filling up the DagBag from /home/airflow/.local/lib/python3.8/site-packages/airflow/example_dags/example_external_task_marker_dag.py
[2024-05-30T00:04:24.015+0000] {processor.py:840} INFO - DAG(s) 'example_external_task_marker_child', 'example_external_task_marker_parent' retrieved from /home/airflow/.local/lib/python3.8/site-packages/airflow/example_dags/example_external_task_marker_dag.py
[2024-05-30T00:04:24.040+0000] {logging_mixin.py:188} INFO - [2024-05-30T00:04:24.039+0000] {dag.py:3036} INFO - Sync 2 DAGs
[2024-05-30T00:04:24.051+0000] {logging_mixin.py:188} INFO - [2024-05-30T00:04:24.051+0000] {dag.py:3823} INFO - Setting next_dagrun for example_external_task_marker_child to None, run_after=None
[2024-05-30T00:04:24.055+0000] {logging_mixin.py:188} INFO - [2024-05-30T00:04:24.055+0000] {dag.py:3823} INFO - Setting next_dagrun for example_external_task_marker_parent to None, run_after=None
[2024-05-30T00:04:24.074+0000] {processor.py:183} INFO - Processing /home/airflow/.local/lib/python3.8/site-packages/airflow/example_dags/example_external_task_marker_dag.py took 0.076 seconds
[2024-05-30T00:04:54.864+0000] {processor.py:161} INFO - Started process (PID=3274) to work on /home/airflow/.local/lib/python3.8/site-packages/airflow/example_dags/example_external_task_marker_dag.py
[2024-05-30T00:04:54.865+0000] {processor.py:830} INFO - Processing file /home/airflow/.local/lib/python3.8/site-packages/airflow/example_dags/example_external_task_marker_dag.py for tasks to queue
[2024-05-30T00:04:54.867+0000] {logging_mixin.py:188} INFO - [2024-05-30T00:04:54.866+0000] {dagbag.py:538} INFO - Filling up the DagBag from /home/airflow/.local/lib/python3.8/site-packages/airflow/example_dags/example_external_task_marker_dag.py
[2024-05-30T00:04:54.873+0000] {processor.py:840} INFO - DAG(s) 'example_external_task_marker_child', 'example_external_task_marker_parent' retrieved from /home/airflow/.local/lib/python3.8/site-packages/airflow/example_dags/example_external_task_marker_dag.py
[2024-05-30T00:04:54.897+0000] {logging_mixin.py:188} INFO - [2024-05-30T00:04:54.897+0000] {dag.py:3036} INFO - Sync 2 DAGs
[2024-05-30T00:04:54.910+0000] {logging_mixin.py:188} INFO - [2024-05-30T00:04:54.910+0000] {dag.py:3823} INFO - Setting next_dagrun for example_external_task_marker_child to None, run_after=None
[2024-05-30T00:04:54.914+0000] {logging_mixin.py:188} INFO - [2024-05-30T00:04:54.914+0000] {dag.py:3823} INFO - Setting next_dagrun for example_external_task_marker_parent to None, run_after=None
[2024-05-30T00:04:54.935+0000] {processor.py:183} INFO - Processing /home/airflow/.local/lib/python3.8/site-packages/airflow/example_dags/example_external_task_marker_dag.py took 0.074 seconds
[2024-05-30T00:05:25.192+0000] {processor.py:161} INFO - Started process (PID=3333) to work on /home/airflow/.local/lib/python3.8/site-packages/airflow/example_dags/example_external_task_marker_dag.py
[2024-05-30T00:05:25.193+0000] {processor.py:830} INFO - Processing file /home/airflow/.local/lib/python3.8/site-packages/airflow/example_dags/example_external_task_marker_dag.py for tasks to queue
[2024-05-30T00:05:25.195+0000] {logging_mixin.py:188} INFO - [2024-05-30T00:05:25.195+0000] {dagbag.py:538} INFO - Filling up the DagBag from /home/airflow/.local/lib/python3.8/site-packages/airflow/example_dags/example_external_task_marker_dag.py
[2024-05-30T00:05:25.202+0000] {processor.py:840} INFO - DAG(s) 'example_external_task_marker_child', 'example_external_task_marker_parent' retrieved from /home/airflow/.local/lib/python3.8/site-packages/airflow/example_dags/example_external_task_marker_dag.py
[2024-05-30T00:05:25.227+0000] {logging_mixin.py:188} INFO - [2024-05-30T00:05:25.227+0000] {dag.py:3036} INFO - Sync 2 DAGs
[2024-05-30T00:05:25.239+0000] {logging_mixin.py:188} INFO - [2024-05-30T00:05:25.239+0000] {dag.py:3823} INFO - Setting next_dagrun for example_external_task_marker_child to None, run_after=None
[2024-05-30T00:05:25.243+0000] {logging_mixin.py:188} INFO - [2024-05-30T00:05:25.243+0000] {dag.py:3823} INFO - Setting next_dagrun for example_external_task_marker_parent to None, run_after=None
[2024-05-30T00:05:25.263+0000] {processor.py:183} INFO - Processing /home/airflow/.local/lib/python3.8/site-packages/airflow/example_dags/example_external_task_marker_dag.py took 0.075 seconds
[2024-05-30T00:05:56.128+0000] {processor.py:161} INFO - Started process (PID=3392) to work on /home/airflow/.local/lib/python3.8/site-packages/airflow/example_dags/example_external_task_marker_dag.py
[2024-05-30T00:05:56.130+0000] {processor.py:830} INFO - Processing file /home/airflow/.local/lib/python3.8/site-packages/airflow/example_dags/example_external_task_marker_dag.py for tasks to queue
[2024-05-30T00:05:56.132+0000] {logging_mixin.py:188} INFO - [2024-05-30T00:05:56.131+0000] {dagbag.py:538} INFO - Filling up the DagBag from /home/airflow/.local/lib/python3.8/site-packages/airflow/example_dags/example_external_task_marker_dag.py
[2024-05-30T00:05:56.143+0000] {processor.py:840} INFO - DAG(s) 'example_external_task_marker_parent', 'example_external_task_marker_child' retrieved from /home/airflow/.local/lib/python3.8/site-packages/airflow/example_dags/example_external_task_marker_dag.py
[2024-05-30T00:05:56.184+0000] {logging_mixin.py:188} INFO - [2024-05-30T00:05:56.184+0000] {dag.py:3036} INFO - Sync 2 DAGs
[2024-05-30T00:05:56.196+0000] {logging_mixin.py:188} INFO - [2024-05-30T00:05:56.196+0000] {dag.py:3823} INFO - Setting next_dagrun for example_external_task_marker_child to None, run_after=None
[2024-05-30T00:05:56.200+0000] {logging_mixin.py:188} INFO - [2024-05-30T00:05:56.200+0000] {dag.py:3823} INFO - Setting next_dagrun for example_external_task_marker_parent to None, run_after=None
[2024-05-30T00:05:56.217+0000] {processor.py:183} INFO - Processing /home/airflow/.local/lib/python3.8/site-packages/airflow/example_dags/example_external_task_marker_dag.py took 0.095 seconds
[2024-05-30T00:06:27.856+0000] {processor.py:161} INFO - Started process (PID=3451) to work on /home/airflow/.local/lib/python3.8/site-packages/airflow/example_dags/example_external_task_marker_dag.py
[2024-05-30T00:06:27.857+0000] {processor.py:830} INFO - Processing file /home/airflow/.local/lib/python3.8/site-packages/airflow/example_dags/example_external_task_marker_dag.py for tasks to queue
[2024-05-30T00:06:27.859+0000] {logging_mixin.py:188} INFO - [2024-05-30T00:06:27.858+0000] {dagbag.py:538} INFO - Filling up the DagBag from /home/airflow/.local/lib/python3.8/site-packages/airflow/example_dags/example_external_task_marker_dag.py
[2024-05-30T00:06:27.867+0000] {processor.py:840} INFO - DAG(s) 'example_external_task_marker_parent', 'example_external_task_marker_child' retrieved from /home/airflow/.local/lib/python3.8/site-packages/airflow/example_dags/example_external_task_marker_dag.py
[2024-05-30T00:06:28.037+0000] {logging_mixin.py:188} INFO - [2024-05-30T00:06:28.037+0000] {dag.py:3036} INFO - Sync 2 DAGs
[2024-05-30T00:06:28.049+0000] {logging_mixin.py:188} INFO - [2024-05-30T00:06:28.048+0000] {dag.py:3823} INFO - Setting next_dagrun for example_external_task_marker_child to None, run_after=None
[2024-05-30T00:06:28.053+0000] {logging_mixin.py:188} INFO - [2024-05-30T00:06:28.052+0000] {dag.py:3823} INFO - Setting next_dagrun for example_external_task_marker_parent to None, run_after=None
[2024-05-30T00:06:28.072+0000] {processor.py:183} INFO - Processing /home/airflow/.local/lib/python3.8/site-packages/airflow/example_dags/example_external_task_marker_dag.py took 0.220 seconds
[2024-05-30T00:06:58.900+0000] {processor.py:161} INFO - Started process (PID=3510) to work on /home/airflow/.local/lib/python3.8/site-packages/airflow/example_dags/example_external_task_marker_dag.py
[2024-05-30T00:06:58.902+0000] {processor.py:830} INFO - Processing file /home/airflow/.local/lib/python3.8/site-packages/airflow/example_dags/example_external_task_marker_dag.py for tasks to queue
[2024-05-30T00:06:58.903+0000] {logging_mixin.py:188} INFO - [2024-05-30T00:06:58.903+0000] {dagbag.py:538} INFO - Filling up the DagBag from /home/airflow/.local/lib/python3.8/site-packages/airflow/example_dags/example_external_task_marker_dag.py
[2024-05-30T00:06:58.909+0000] {processor.py:840} INFO - DAG(s) 'example_external_task_marker_parent', 'example_external_task_marker_child' retrieved from /home/airflow/.local/lib/python3.8/site-packages/airflow/example_dags/example_external_task_marker_dag.py
[2024-05-30T00:06:58.934+0000] {logging_mixin.py:188} INFO - [2024-05-30T00:06:58.934+0000] {dag.py:3036} INFO - Sync 2 DAGs
[2024-05-30T00:06:58.946+0000] {logging_mixin.py:188} INFO - [2024-05-30T00:06:58.946+0000] {dag.py:3823} INFO - Setting next_dagrun for example_external_task_marker_child to None, run_after=None
[2024-05-30T00:06:58.950+0000] {logging_mixin.py:188} INFO - [2024-05-30T00:06:58.950+0000] {dag.py:3823} INFO - Setting next_dagrun for example_external_task_marker_parent to None, run_after=None
[2024-05-30T00:06:58.971+0000] {processor.py:183} INFO - Processing /home/airflow/.local/lib/python3.8/site-packages/airflow/example_dags/example_external_task_marker_dag.py took 0.074 seconds
[2024-05-30T00:07:29.898+0000] {processor.py:161} INFO - Started process (PID=3569) to work on /home/airflow/.local/lib/python3.8/site-packages/airflow/example_dags/example_external_task_marker_dag.py
[2024-05-30T00:07:29.898+0000] {processor.py:830} INFO - Processing file /home/airflow/.local/lib/python3.8/site-packages/airflow/example_dags/example_external_task_marker_dag.py for tasks to queue
[2024-05-30T00:07:29.900+0000] {logging_mixin.py:188} INFO - [2024-05-30T00:07:29.899+0000] {dagbag.py:538} INFO - Filling up the DagBag from /home/airflow/.local/lib/python3.8/site-packages/airflow/example_dags/example_external_task_marker_dag.py
[2024-05-30T00:07:29.906+0000] {processor.py:840} INFO - DAG(s) 'example_external_task_marker_parent', 'example_external_task_marker_child' retrieved from /home/airflow/.local/lib/python3.8/site-packages/airflow/example_dags/example_external_task_marker_dag.py
[2024-05-30T00:07:29.929+0000] {logging_mixin.py:188} INFO - [2024-05-30T00:07:29.929+0000] {dag.py:3036} INFO - Sync 2 DAGs
[2024-05-30T00:07:29.942+0000] {logging_mixin.py:188} INFO - [2024-05-30T00:07:29.942+0000] {dag.py:3823} INFO - Setting next_dagrun for example_external_task_marker_child to None, run_after=None
[2024-05-30T00:07:29.946+0000] {logging_mixin.py:188} INFO - [2024-05-30T00:07:29.946+0000] {dag.py:3823} INFO - Setting next_dagrun for example_external_task_marker_parent to None, run_after=None
[2024-05-30T00:07:29.970+0000] {processor.py:183} INFO - Processing /home/airflow/.local/lib/python3.8/site-packages/airflow/example_dags/example_external_task_marker_dag.py took 0.075 seconds
[2024-05-30T00:08:00.340+0000] {processor.py:161} INFO - Started process (PID=3628) to work on /home/airflow/.local/lib/python3.8/site-packages/airflow/example_dags/example_external_task_marker_dag.py
[2024-05-30T00:08:00.341+0000] {processor.py:830} INFO - Processing file /home/airflow/.local/lib/python3.8/site-packages/airflow/example_dags/example_external_task_marker_dag.py for tasks to queue
[2024-05-30T00:08:00.343+0000] {logging_mixin.py:188} INFO - [2024-05-30T00:08:00.343+0000] {dagbag.py:538} INFO - Filling up the DagBag from /home/airflow/.local/lib/python3.8/site-packages/airflow/example_dags/example_external_task_marker_dag.py
[2024-05-30T00:08:00.350+0000] {processor.py:840} INFO - DAG(s) 'example_external_task_marker_parent', 'example_external_task_marker_child' retrieved from /home/airflow/.local/lib/python3.8/site-packages/airflow/example_dags/example_external_task_marker_dag.py
[2024-05-30T00:08:00.377+0000] {logging_mixin.py:188} INFO - [2024-05-30T00:08:00.377+0000] {dag.py:3036} INFO - Sync 2 DAGs
[2024-05-30T00:08:00.390+0000] {logging_mixin.py:188} INFO - [2024-05-30T00:08:00.390+0000] {dag.py:3823} INFO - Setting next_dagrun for example_external_task_marker_child to None, run_after=None
[2024-05-30T00:08:00.394+0000] {logging_mixin.py:188} INFO - [2024-05-30T00:08:00.394+0000] {dag.py:3823} INFO - Setting next_dagrun for example_external_task_marker_parent to None, run_after=None
[2024-05-30T00:08:00.417+0000] {processor.py:183} INFO - Processing /home/airflow/.local/lib/python3.8/site-packages/airflow/example_dags/example_external_task_marker_dag.py took 0.082 seconds
[2024-05-30T00:08:30.760+0000] {processor.py:161} INFO - Started process (PID=3687) to work on /home/airflow/.local/lib/python3.8/site-packages/airflow/example_dags/example_external_task_marker_dag.py
[2024-05-30T00:08:30.761+0000] {processor.py:830} INFO - Processing file /home/airflow/.local/lib/python3.8/site-packages/airflow/example_dags/example_external_task_marker_dag.py for tasks to queue
[2024-05-30T00:08:30.763+0000] {logging_mixin.py:188} INFO - [2024-05-30T00:08:30.762+0000] {dagbag.py:538} INFO - Filling up the DagBag from /home/airflow/.local/lib/python3.8/site-packages/airflow/example_dags/example_external_task_marker_dag.py
[2024-05-30T00:08:30.770+0000] {processor.py:840} INFO - DAG(s) 'example_external_task_marker_child', 'example_external_task_marker_parent' retrieved from /home/airflow/.local/lib/python3.8/site-packages/airflow/example_dags/example_external_task_marker_dag.py
[2024-05-30T00:08:30.797+0000] {logging_mixin.py:188} INFO - [2024-05-30T00:08:30.796+0000] {dag.py:3036} INFO - Sync 2 DAGs
[2024-05-30T00:08:30.808+0000] {logging_mixin.py:188} INFO - [2024-05-30T00:08:30.808+0000] {dag.py:3823} INFO - Setting next_dagrun for example_external_task_marker_child to None, run_after=None
[2024-05-30T00:08:30.812+0000] {logging_mixin.py:188} INFO - [2024-05-30T00:08:30.812+0000] {dag.py:3823} INFO - Setting next_dagrun for example_external_task_marker_parent to None, run_after=None
[2024-05-30T00:08:30.832+0000] {processor.py:183} INFO - Processing /home/airflow/.local/lib/python3.8/site-packages/airflow/example_dags/example_external_task_marker_dag.py took 0.076 seconds
[2024-05-30T00:09:01.715+0000] {processor.py:161} INFO - Started process (PID=3746) to work on /home/airflow/.local/lib/python3.8/site-packages/airflow/example_dags/example_external_task_marker_dag.py
[2024-05-30T00:09:01.717+0000] {processor.py:830} INFO - Processing file /home/airflow/.local/lib/python3.8/site-packages/airflow/example_dags/example_external_task_marker_dag.py for tasks to queue
[2024-05-30T00:09:01.718+0000] {logging_mixin.py:188} INFO - [2024-05-30T00:09:01.718+0000] {dagbag.py:538} INFO - Filling up the DagBag from /home/airflow/.local/lib/python3.8/site-packages/airflow/example_dags/example_external_task_marker_dag.py
[2024-05-30T00:09:01.730+0000] {processor.py:840} INFO - DAG(s) 'example_external_task_marker_parent', 'example_external_task_marker_child' retrieved from /home/airflow/.local/lib/python3.8/site-packages/airflow/example_dags/example_external_task_marker_dag.py
[2024-05-30T00:09:01.759+0000] {logging_mixin.py:188} INFO - [2024-05-30T00:09:01.759+0000] {dag.py:3036} INFO - Sync 2 DAGs
[2024-05-30T00:09:01.771+0000] {logging_mixin.py:188} INFO - [2024-05-30T00:09:01.771+0000] {dag.py:3823} INFO - Setting next_dagrun for example_external_task_marker_child to None, run_after=None
[2024-05-30T00:09:01.776+0000] {logging_mixin.py:188} INFO - [2024-05-30T00:09:01.776+0000] {dag.py:3823} INFO - Setting next_dagrun for example_external_task_marker_parent to None, run_after=None
[2024-05-30T00:09:01.797+0000] {processor.py:183} INFO - Processing /home/airflow/.local/lib/python3.8/site-packages/airflow/example_dags/example_external_task_marker_dag.py took 0.086 seconds
[2024-05-30T00:09:32.038+0000] {processor.py:161} INFO - Started process (PID=3805) to work on /home/airflow/.local/lib/python3.8/site-packages/airflow/example_dags/example_external_task_marker_dag.py
[2024-05-30T00:09:32.039+0000] {processor.py:830} INFO - Processing file /home/airflow/.local/lib/python3.8/site-packages/airflow/example_dags/example_external_task_marker_dag.py for tasks to queue
[2024-05-30T00:09:32.041+0000] {logging_mixin.py:188} INFO - [2024-05-30T00:09:32.040+0000] {dagbag.py:538} INFO - Filling up the DagBag from /home/airflow/.local/lib/python3.8/site-packages/airflow/example_dags/example_external_task_marker_dag.py
[2024-05-30T00:09:32.047+0000] {processor.py:840} INFO - DAG(s) 'example_external_task_marker_parent', 'example_external_task_marker_child' retrieved from /home/airflow/.local/lib/python3.8/site-packages/airflow/example_dags/example_external_task_marker_dag.py
[2024-05-30T00:09:32.074+0000] {logging_mixin.py:188} INFO - [2024-05-30T00:09:32.073+0000] {dag.py:3036} INFO - Sync 2 DAGs
[2024-05-30T00:09:32.086+0000] {logging_mixin.py:188} INFO - [2024-05-30T00:09:32.085+0000] {dag.py:3823} INFO - Setting next_dagrun for example_external_task_marker_child to None, run_after=None
[2024-05-30T00:09:32.090+0000] {logging_mixin.py:188} INFO - [2024-05-30T00:09:32.090+0000] {dag.py:3823} INFO - Setting next_dagrun for example_external_task_marker_parent to None, run_after=None
[2024-05-30T00:09:32.112+0000] {processor.py:183} INFO - Processing /home/airflow/.local/lib/python3.8/site-packages/airflow/example_dags/example_external_task_marker_dag.py took 0.078 seconds
[2024-05-30T00:10:02.401+0000] {processor.py:161} INFO - Started process (PID=3864) to work on /home/airflow/.local/lib/python3.8/site-packages/airflow/example_dags/example_external_task_marker_dag.py
[2024-05-30T00:10:02.402+0000] {processor.py:830} INFO - Processing file /home/airflow/.local/lib/python3.8/site-packages/airflow/example_dags/example_external_task_marker_dag.py for tasks to queue
[2024-05-30T00:10:02.404+0000] {logging_mixin.py:188} INFO - [2024-05-30T00:10:02.404+0000] {dagbag.py:538} INFO - Filling up the DagBag from /home/airflow/.local/lib/python3.8/site-packages/airflow/example_dags/example_external_task_marker_dag.py
[2024-05-30T00:10:02.411+0000] {processor.py:840} INFO - DAG(s) 'example_external_task_marker_parent', 'example_external_task_marker_child' retrieved from /home/airflow/.local/lib/python3.8/site-packages/airflow/example_dags/example_external_task_marker_dag.py
[2024-05-30T00:10:02.435+0000] {logging_mixin.py:188} INFO - [2024-05-30T00:10:02.435+0000] {dag.py:3036} INFO - Sync 2 DAGs
[2024-05-30T00:10:02.447+0000] {logging_mixin.py:188} INFO - [2024-05-30T00:10:02.447+0000] {dag.py:3823} INFO - Setting next_dagrun for example_external_task_marker_child to None, run_after=None
[2024-05-30T00:10:02.451+0000] {logging_mixin.py:188} INFO - [2024-05-30T00:10:02.451+0000] {dag.py:3823} INFO - Setting next_dagrun for example_external_task_marker_parent to None, run_after=None
[2024-05-30T00:10:02.471+0000] {processor.py:183} INFO - Processing /home/airflow/.local/lib/python3.8/site-packages/airflow/example_dags/example_external_task_marker_dag.py took 0.075 seconds
[2024-05-30T00:10:33.446+0000] {processor.py:161} INFO - Started process (PID=3923) to work on /home/airflow/.local/lib/python3.8/site-packages/airflow/example_dags/example_external_task_marker_dag.py
[2024-05-30T00:10:33.447+0000] {processor.py:830} INFO - Processing file /home/airflow/.local/lib/python3.8/site-packages/airflow/example_dags/example_external_task_marker_dag.py for tasks to queue
[2024-05-30T00:10:33.449+0000] {logging_mixin.py:188} INFO - [2024-05-30T00:10:33.449+0000] {dagbag.py:538} INFO - Filling up the DagBag from /home/airflow/.local/lib/python3.8/site-packages/airflow/example_dags/example_external_task_marker_dag.py
[2024-05-30T00:10:33.456+0000] {processor.py:840} INFO - DAG(s) 'example_external_task_marker_parent', 'example_external_task_marker_child' retrieved from /home/airflow/.local/lib/python3.8/site-packages/airflow/example_dags/example_external_task_marker_dag.py
[2024-05-30T00:10:33.482+0000] {logging_mixin.py:188} INFO - [2024-05-30T00:10:33.482+0000] {dag.py:3036} INFO - Sync 2 DAGs
[2024-05-30T00:10:33.496+0000] {logging_mixin.py:188} INFO - [2024-05-30T00:10:33.496+0000] {dag.py:3823} INFO - Setting next_dagrun for example_external_task_marker_child to None, run_after=None
[2024-05-30T00:10:33.501+0000] {logging_mixin.py:188} INFO - [2024-05-30T00:10:33.500+0000] {dag.py:3823} INFO - Setting next_dagrun for example_external_task_marker_parent to None, run_after=None
[2024-05-30T00:10:33.530+0000] {processor.py:183} INFO - Processing /home/airflow/.local/lib/python3.8/site-packages/airflow/example_dags/example_external_task_marker_dag.py took 0.088 seconds
[2024-05-30T00:11:04.421+0000] {processor.py:161} INFO - Started process (PID=3982) to work on /home/airflow/.local/lib/python3.8/site-packages/airflow/example_dags/example_external_task_marker_dag.py
[2024-05-30T00:11:04.422+0000] {processor.py:830} INFO - Processing file /home/airflow/.local/lib/python3.8/site-packages/airflow/example_dags/example_external_task_marker_dag.py for tasks to queue
[2024-05-30T00:11:04.423+0000] {logging_mixin.py:188} INFO - [2024-05-30T00:11:04.423+0000] {dagbag.py:538} INFO - Filling up the DagBag from /home/airflow/.local/lib/python3.8/site-packages/airflow/example_dags/example_external_task_marker_dag.py
[2024-05-30T00:11:04.429+0000] {processor.py:840} INFO - DAG(s) 'example_external_task_marker_parent', 'example_external_task_marker_child' retrieved from /home/airflow/.local/lib/python3.8/site-packages/airflow/example_dags/example_external_task_marker_dag.py
[2024-05-30T00:11:04.455+0000] {logging_mixin.py:188} INFO - [2024-05-30T00:11:04.455+0000] {dag.py:3036} INFO - Sync 2 DAGs
[2024-05-30T00:11:04.467+0000] {logging_mixin.py:188} INFO - [2024-05-30T00:11:04.466+0000] {dag.py:3823} INFO - Setting next_dagrun for example_external_task_marker_child to None, run_after=None
[2024-05-30T00:11:04.471+0000] {logging_mixin.py:188} INFO - [2024-05-30T00:11:04.471+0000] {dag.py:3823} INFO - Setting next_dagrun for example_external_task_marker_parent to None, run_after=None
[2024-05-30T00:11:04.493+0000] {processor.py:183} INFO - Processing /home/airflow/.local/lib/python3.8/site-packages/airflow/example_dags/example_external_task_marker_dag.py took 0.076 seconds
[2024-05-30T00:11:34.814+0000] {processor.py:161} INFO - Started process (PID=4041) to work on /home/airflow/.local/lib/python3.8/site-packages/airflow/example_dags/example_external_task_marker_dag.py
[2024-05-30T00:11:34.815+0000] {processor.py:830} INFO - Processing file /home/airflow/.local/lib/python3.8/site-packages/airflow/example_dags/example_external_task_marker_dag.py for tasks to queue
[2024-05-30T00:11:34.817+0000] {logging_mixin.py:188} INFO - [2024-05-30T00:11:34.817+0000] {dagbag.py:538} INFO - Filling up the DagBag from /home/airflow/.local/lib/python3.8/site-packages/airflow/example_dags/example_external_task_marker_dag.py
[2024-05-30T00:11:34.823+0000] {processor.py:840} INFO - DAG(s) 'example_external_task_marker_child', 'example_external_task_marker_parent' retrieved from /home/airflow/.local/lib/python3.8/site-packages/airflow/example_dags/example_external_task_marker_dag.py
[2024-05-30T00:11:34.850+0000] {logging_mixin.py:188} INFO - [2024-05-30T00:11:34.850+0000] {dag.py:3036} INFO - Sync 2 DAGs
[2024-05-30T00:11:34.863+0000] {logging_mixin.py:188} INFO - [2024-05-30T00:11:34.863+0000] {dag.py:3823} INFO - Setting next_dagrun for example_external_task_marker_child to None, run_after=None
[2024-05-30T00:11:34.867+0000] {logging_mixin.py:188} INFO - [2024-05-30T00:11:34.867+0000] {dag.py:3823} INFO - Setting next_dagrun for example_external_task_marker_parent to None, run_after=None
[2024-05-30T00:11:34.889+0000] {processor.py:183} INFO - Processing /home/airflow/.local/lib/python3.8/site-packages/airflow/example_dags/example_external_task_marker_dag.py took 0.079 seconds
[2024-05-30T00:12:05.703+0000] {processor.py:161} INFO - Started process (PID=4100) to work on /home/airflow/.local/lib/python3.8/site-packages/airflow/example_dags/example_external_task_marker_dag.py
[2024-05-30T00:12:05.705+0000] {processor.py:830} INFO - Processing file /home/airflow/.local/lib/python3.8/site-packages/airflow/example_dags/example_external_task_marker_dag.py for tasks to queue
[2024-05-30T00:12:05.707+0000] {logging_mixin.py:188} INFO - [2024-05-30T00:12:05.706+0000] {dagbag.py:538} INFO - Filling up the DagBag from /home/airflow/.local/lib/python3.8/site-packages/airflow/example_dags/example_external_task_marker_dag.py
[2024-05-30T00:12:05.715+0000] {processor.py:840} INFO - DAG(s) 'example_external_task_marker_child', 'example_external_task_marker_parent' retrieved from /home/airflow/.local/lib/python3.8/site-packages/airflow/example_dags/example_external_task_marker_dag.py
[2024-05-30T00:12:05.739+0000] {logging_mixin.py:188} INFO - [2024-05-30T00:12:05.739+0000] {dag.py:3036} INFO - Sync 2 DAGs
[2024-05-30T00:12:05.751+0000] {logging_mixin.py:188} INFO - [2024-05-30T00:12:05.751+0000] {dag.py:3823} INFO - Setting next_dagrun for example_external_task_marker_child to None, run_after=None
[2024-05-30T00:12:05.755+0000] {logging_mixin.py:188} INFO - [2024-05-30T00:12:05.755+0000] {dag.py:3823} INFO - Setting next_dagrun for example_external_task_marker_parent to None, run_after=None
[2024-05-30T00:12:05.776+0000] {processor.py:183} INFO - Processing /home/airflow/.local/lib/python3.8/site-packages/airflow/example_dags/example_external_task_marker_dag.py took 0.080 seconds
[2024-05-30T00:12:36.263+0000] {processor.py:161} INFO - Started process (PID=4159) to work on /home/airflow/.local/lib/python3.8/site-packages/airflow/example_dags/example_external_task_marker_dag.py
[2024-05-30T00:12:36.264+0000] {processor.py:830} INFO - Processing file /home/airflow/.local/lib/python3.8/site-packages/airflow/example_dags/example_external_task_marker_dag.py for tasks to queue
[2024-05-30T00:12:36.266+0000] {logging_mixin.py:188} INFO - [2024-05-30T00:12:36.265+0000] {dagbag.py:538} INFO - Filling up the DagBag from /home/airflow/.local/lib/python3.8/site-packages/airflow/example_dags/example_external_task_marker_dag.py
[2024-05-30T00:12:36.272+0000] {processor.py:840} INFO - DAG(s) 'example_external_task_marker_parent', 'example_external_task_marker_child' retrieved from /home/airflow/.local/lib/python3.8/site-packages/airflow/example_dags/example_external_task_marker_dag.py
[2024-05-30T00:12:36.296+0000] {logging_mixin.py:188} INFO - [2024-05-30T00:12:36.296+0000] {dag.py:3036} INFO - Sync 2 DAGs
[2024-05-30T00:12:36.308+0000] {logging_mixin.py:188} INFO - [2024-05-30T00:12:36.307+0000] {dag.py:3823} INFO - Setting next_dagrun for example_external_task_marker_child to None, run_after=None
[2024-05-30T00:12:36.311+0000] {logging_mixin.py:188} INFO - [2024-05-30T00:12:36.311+0000] {dag.py:3823} INFO - Setting next_dagrun for example_external_task_marker_parent to None, run_after=None
[2024-05-30T00:12:36.330+0000] {processor.py:183} INFO - Processing /home/airflow/.local/lib/python3.8/site-packages/airflow/example_dags/example_external_task_marker_dag.py took 0.069 seconds
[2024-05-30T00:13:07.194+0000] {processor.py:161} INFO - Started process (PID=4224) to work on /home/airflow/.local/lib/python3.8/site-packages/airflow/example_dags/example_external_task_marker_dag.py
[2024-05-30T00:13:07.195+0000] {processor.py:830} INFO - Processing file /home/airflow/.local/lib/python3.8/site-packages/airflow/example_dags/example_external_task_marker_dag.py for tasks to queue
[2024-05-30T00:13:07.196+0000] {logging_mixin.py:188} INFO - [2024-05-30T00:13:07.196+0000] {dagbag.py:538} INFO - Filling up the DagBag from /home/airflow/.local/lib/python3.8/site-packages/airflow/example_dags/example_external_task_marker_dag.py
[2024-05-30T00:13:07.202+0000] {processor.py:840} INFO - DAG(s) 'example_external_task_marker_child', 'example_external_task_marker_parent' retrieved from /home/airflow/.local/lib/python3.8/site-packages/airflow/example_dags/example_external_task_marker_dag.py
[2024-05-30T00:13:07.233+0000] {logging_mixin.py:188} INFO - [2024-05-30T00:13:07.232+0000] {dag.py:3036} INFO - Sync 2 DAGs
[2024-05-30T00:13:07.246+0000] {logging_mixin.py:188} INFO - [2024-05-30T00:13:07.246+0000] {dag.py:3823} INFO - Setting next_dagrun for example_external_task_marker_child to None, run_after=None
[2024-05-30T00:13:07.250+0000] {logging_mixin.py:188} INFO - [2024-05-30T00:13:07.250+0000] {dag.py:3823} INFO - Setting next_dagrun for example_external_task_marker_parent to None, run_after=None
[2024-05-30T00:13:07.272+0000] {processor.py:183} INFO - Processing /home/airflow/.local/lib/python3.8/site-packages/airflow/example_dags/example_external_task_marker_dag.py took 0.081 seconds
[2024-05-30T00:13:37.935+0000] {processor.py:161} INFO - Started process (PID=4283) to work on /home/airflow/.local/lib/python3.8/site-packages/airflow/example_dags/example_external_task_marker_dag.py
[2024-05-30T00:13:37.936+0000] {processor.py:830} INFO - Processing file /home/airflow/.local/lib/python3.8/site-packages/airflow/example_dags/example_external_task_marker_dag.py for tasks to queue
[2024-05-30T00:13:37.937+0000] {logging_mixin.py:188} INFO - [2024-05-30T00:13:37.937+0000] {dagbag.py:538} INFO - Filling up the DagBag from /home/airflow/.local/lib/python3.8/site-packages/airflow/example_dags/example_external_task_marker_dag.py
[2024-05-30T00:13:37.944+0000] {processor.py:840} INFO - DAG(s) 'example_external_task_marker_child', 'example_external_task_marker_parent' retrieved from /home/airflow/.local/lib/python3.8/site-packages/airflow/example_dags/example_external_task_marker_dag.py
[2024-05-30T00:13:37.969+0000] {logging_mixin.py:188} INFO - [2024-05-30T00:13:37.968+0000] {dag.py:3036} INFO - Sync 2 DAGs
[2024-05-30T00:13:37.981+0000] {logging_mixin.py:188} INFO - [2024-05-30T00:13:37.981+0000] {dag.py:3823} INFO - Setting next_dagrun for example_external_task_marker_child to None, run_after=None
[2024-05-30T00:13:37.985+0000] {logging_mixin.py:188} INFO - [2024-05-30T00:13:37.985+0000] {dag.py:3823} INFO - Setting next_dagrun for example_external_task_marker_parent to None, run_after=None
[2024-05-30T00:13:38.004+0000] {processor.py:183} INFO - Processing /home/airflow/.local/lib/python3.8/site-packages/airflow/example_dags/example_external_task_marker_dag.py took 0.074 seconds
[2024-05-30T00:14:08.557+0000] {processor.py:161} INFO - Started process (PID=4342) to work on /home/airflow/.local/lib/python3.8/site-packages/airflow/example_dags/example_external_task_marker_dag.py
[2024-05-30T00:14:08.558+0000] {processor.py:830} INFO - Processing file /home/airflow/.local/lib/python3.8/site-packages/airflow/example_dags/example_external_task_marker_dag.py for tasks to queue
[2024-05-30T00:14:08.560+0000] {logging_mixin.py:188} INFO - [2024-05-30T00:14:08.559+0000] {dagbag.py:538} INFO - Filling up the DagBag from /home/airflow/.local/lib/python3.8/site-packages/airflow/example_dags/example_external_task_marker_dag.py
[2024-05-30T00:14:08.575+0000] {processor.py:840} INFO - DAG(s) 'example_external_task_marker_child', 'example_external_task_marker_parent' retrieved from /home/airflow/.local/lib/python3.8/site-packages/airflow/example_dags/example_external_task_marker_dag.py
[2024-05-30T00:14:08.619+0000] {logging_mixin.py:188} INFO - [2024-05-30T00:14:08.618+0000] {dag.py:3036} INFO - Sync 2 DAGs
[2024-05-30T00:14:08.633+0000] {logging_mixin.py:188} INFO - [2024-05-30T00:14:08.633+0000] {dag.py:3823} INFO - Setting next_dagrun for example_external_task_marker_child to None, run_after=None
[2024-05-30T00:14:08.637+0000] {logging_mixin.py:188} INFO - [2024-05-30T00:14:08.637+0000] {dag.py:3823} INFO - Setting next_dagrun for example_external_task_marker_parent to None, run_after=None
[2024-05-30T00:14:08.659+0000] {processor.py:183} INFO - Processing /home/airflow/.local/lib/python3.8/site-packages/airflow/example_dags/example_external_task_marker_dag.py took 0.105 seconds
