[2024-05-30T00:00:14.258+0000] {processor.py:161} INFO - Started process (PID=2734) to work on /home/airflow/.local/lib/python3.8/site-packages/airflow/example_dags/example_nested_branch_dag.py
[2024-05-30T00:00:14.259+0000] {processor.py:830} INFO - Processing file /home/airflow/.local/lib/python3.8/site-packages/airflow/example_dags/example_nested_branch_dag.py for tasks to queue
[2024-05-30T00:00:14.260+0000] {logging_mixin.py:188} INFO - [2024-05-30T00:00:14.260+0000] {dagbag.py:538} INFO - Filling up the DagBag from /home/airflow/.local/lib/python3.8/site-packages/airflow/example_dags/example_nested_branch_dag.py
[2024-05-30T00:00:14.270+0000] {processor.py:840} INFO - DAG(s) 'example_nested_branch_dag' retrieved from /home/airflow/.local/lib/python3.8/site-packages/airflow/example_dags/example_nested_branch_dag.py
[2024-05-30T00:00:14.292+0000] {logging_mixin.py:188} INFO - [2024-05-30T00:00:14.292+0000] {dag.py:3036} INFO - Sync 1 DAGs
[2024-05-30T00:00:14.314+0000] {logging_mixin.py:188} INFO - [2024-05-30T00:00:14.314+0000] {dag.py:3823} INFO - Setting next_dagrun for example_nested_branch_dag to 2024-05-29 00:00:00+00:00, run_after=2024-05-30 00:00:00+00:00
[2024-05-30T00:00:14.335+0000] {processor.py:183} INFO - Processing /home/airflow/.local/lib/python3.8/site-packages/airflow/example_dags/example_nested_branch_dag.py took 0.081 seconds
[2024-05-30T00:00:45.882+0000] {processor.py:161} INFO - Started process (PID=2793) to work on /home/airflow/.local/lib/python3.8/site-packages/airflow/example_dags/example_nested_branch_dag.py
[2024-05-30T00:00:45.883+0000] {processor.py:830} INFO - Processing file /home/airflow/.local/lib/python3.8/site-packages/airflow/example_dags/example_nested_branch_dag.py for tasks to queue
[2024-05-30T00:00:45.885+0000] {logging_mixin.py:188} INFO - [2024-05-30T00:00:45.884+0000] {dagbag.py:538} INFO - Filling up the DagBag from /home/airflow/.local/lib/python3.8/site-packages/airflow/example_dags/example_nested_branch_dag.py
[2024-05-30T00:00:45.902+0000] {processor.py:840} INFO - DAG(s) 'example_nested_branch_dag' retrieved from /home/airflow/.local/lib/python3.8/site-packages/airflow/example_dags/example_nested_branch_dag.py
[2024-05-30T00:00:45.932+0000] {logging_mixin.py:188} INFO - [2024-05-30T00:00:45.932+0000] {dag.py:3036} INFO - Sync 1 DAGs
[2024-05-30T00:00:45.964+0000] {logging_mixin.py:188} INFO - [2024-05-30T00:00:45.963+0000] {dag.py:3823} INFO - Setting next_dagrun for example_nested_branch_dag to 2024-05-29 00:00:00+00:00, run_after=2024-05-30 00:00:00+00:00
[2024-05-30T00:00:46.001+0000] {processor.py:183} INFO - Processing /home/airflow/.local/lib/python3.8/site-packages/airflow/example_dags/example_nested_branch_dag.py took 0.123 seconds
[2024-05-30T00:01:16.491+0000] {processor.py:161} INFO - Started process (PID=2852) to work on /home/airflow/.local/lib/python3.8/site-packages/airflow/example_dags/example_nested_branch_dag.py
[2024-05-30T00:01:16.493+0000] {processor.py:830} INFO - Processing file /home/airflow/.local/lib/python3.8/site-packages/airflow/example_dags/example_nested_branch_dag.py for tasks to queue
[2024-05-30T00:01:16.494+0000] {logging_mixin.py:188} INFO - [2024-05-30T00:01:16.494+0000] {dagbag.py:538} INFO - Filling up the DagBag from /home/airflow/.local/lib/python3.8/site-packages/airflow/example_dags/example_nested_branch_dag.py
[2024-05-30T00:01:16.509+0000] {processor.py:840} INFO - DAG(s) 'example_nested_branch_dag' retrieved from /home/airflow/.local/lib/python3.8/site-packages/airflow/example_dags/example_nested_branch_dag.py
[2024-05-30T00:01:16.543+0000] {logging_mixin.py:188} INFO - [2024-05-30T00:01:16.542+0000] {dag.py:3036} INFO - Sync 1 DAGs
[2024-05-30T00:01:16.582+0000] {logging_mixin.py:188} INFO - [2024-05-30T00:01:16.582+0000] {dag.py:3823} INFO - Setting next_dagrun for example_nested_branch_dag to 2024-05-29 00:00:00+00:00, run_after=2024-05-30 00:00:00+00:00
[2024-05-30T00:01:16.612+0000] {processor.py:183} INFO - Processing /home/airflow/.local/lib/python3.8/site-packages/airflow/example_dags/example_nested_branch_dag.py took 0.126 seconds
[2024-05-30T00:01:46.860+0000] {processor.py:161} INFO - Started process (PID=2911) to work on /home/airflow/.local/lib/python3.8/site-packages/airflow/example_dags/example_nested_branch_dag.py
[2024-05-30T00:01:46.861+0000] {processor.py:830} INFO - Processing file /home/airflow/.local/lib/python3.8/site-packages/airflow/example_dags/example_nested_branch_dag.py for tasks to queue
[2024-05-30T00:01:46.863+0000] {logging_mixin.py:188} INFO - [2024-05-30T00:01:46.862+0000] {dagbag.py:538} INFO - Filling up the DagBag from /home/airflow/.local/lib/python3.8/site-packages/airflow/example_dags/example_nested_branch_dag.py
[2024-05-30T00:01:46.873+0000] {processor.py:840} INFO - DAG(s) 'example_nested_branch_dag' retrieved from /home/airflow/.local/lib/python3.8/site-packages/airflow/example_dags/example_nested_branch_dag.py
[2024-05-30T00:01:46.898+0000] {logging_mixin.py:188} INFO - [2024-05-30T00:01:46.898+0000] {dag.py:3036} INFO - Sync 1 DAGs
[2024-05-30T00:01:46.923+0000] {logging_mixin.py:188} INFO - [2024-05-30T00:01:46.922+0000] {dag.py:3823} INFO - Setting next_dagrun for example_nested_branch_dag to 2024-05-29 00:00:00+00:00, run_after=2024-05-30 00:00:00+00:00
[2024-05-30T00:01:46.955+0000] {processor.py:183} INFO - Processing /home/airflow/.local/lib/python3.8/site-packages/airflow/example_dags/example_nested_branch_dag.py took 0.098 seconds
[2024-05-30T00:02:17.913+0000] {processor.py:161} INFO - Started process (PID=2970) to work on /home/airflow/.local/lib/python3.8/site-packages/airflow/example_dags/example_nested_branch_dag.py
[2024-05-30T00:02:17.914+0000] {processor.py:830} INFO - Processing file /home/airflow/.local/lib/python3.8/site-packages/airflow/example_dags/example_nested_branch_dag.py for tasks to queue
[2024-05-30T00:02:17.916+0000] {logging_mixin.py:188} INFO - [2024-05-30T00:02:17.916+0000] {dagbag.py:538} INFO - Filling up the DagBag from /home/airflow/.local/lib/python3.8/site-packages/airflow/example_dags/example_nested_branch_dag.py
[2024-05-30T00:02:17.929+0000] {processor.py:840} INFO - DAG(s) 'example_nested_branch_dag' retrieved from /home/airflow/.local/lib/python3.8/site-packages/airflow/example_dags/example_nested_branch_dag.py
[2024-05-30T00:02:17.957+0000] {logging_mixin.py:188} INFO - [2024-05-30T00:02:17.957+0000] {dag.py:3036} INFO - Sync 1 DAGs
[2024-05-30T00:02:17.983+0000] {logging_mixin.py:188} INFO - [2024-05-30T00:02:17.983+0000] {dag.py:3823} INFO - Setting next_dagrun for example_nested_branch_dag to 2024-05-29 00:00:00+00:00, run_after=2024-05-30 00:00:00+00:00
[2024-05-30T00:02:18.010+0000] {processor.py:183} INFO - Processing /home/airflow/.local/lib/python3.8/site-packages/airflow/example_dags/example_nested_branch_dag.py took 0.102 seconds
[2024-05-30T00:02:49.895+0000] {processor.py:161} INFO - Started process (PID=3029) to work on /home/airflow/.local/lib/python3.8/site-packages/airflow/example_dags/example_nested_branch_dag.py
[2024-05-30T00:02:49.896+0000] {processor.py:830} INFO - Processing file /home/airflow/.local/lib/python3.8/site-packages/airflow/example_dags/example_nested_branch_dag.py for tasks to queue
[2024-05-30T00:02:49.897+0000] {logging_mixin.py:188} INFO - [2024-05-30T00:02:49.897+0000] {dagbag.py:538} INFO - Filling up the DagBag from /home/airflow/.local/lib/python3.8/site-packages/airflow/example_dags/example_nested_branch_dag.py
[2024-05-30T00:02:49.908+0000] {processor.py:840} INFO - DAG(s) 'example_nested_branch_dag' retrieved from /home/airflow/.local/lib/python3.8/site-packages/airflow/example_dags/example_nested_branch_dag.py
[2024-05-30T00:02:49.941+0000] {logging_mixin.py:188} INFO - [2024-05-30T00:02:49.940+0000] {dag.py:3036} INFO - Sync 1 DAGs
[2024-05-30T00:02:49.966+0000] {logging_mixin.py:188} INFO - [2024-05-30T00:02:49.965+0000] {dag.py:3823} INFO - Setting next_dagrun for example_nested_branch_dag to 2024-05-29 00:00:00+00:00, run_after=2024-05-30 00:00:00+00:00
[2024-05-30T00:02:49.990+0000] {processor.py:183} INFO - Processing /home/airflow/.local/lib/python3.8/site-packages/airflow/example_dags/example_nested_branch_dag.py took 0.099 seconds
[2024-05-30T00:03:20.230+0000] {processor.py:161} INFO - Started process (PID=3088) to work on /home/airflow/.local/lib/python3.8/site-packages/airflow/example_dags/example_nested_branch_dag.py
[2024-05-30T00:03:20.232+0000] {processor.py:830} INFO - Processing file /home/airflow/.local/lib/python3.8/site-packages/airflow/example_dags/example_nested_branch_dag.py for tasks to queue
[2024-05-30T00:03:20.234+0000] {logging_mixin.py:188} INFO - [2024-05-30T00:03:20.234+0000] {dagbag.py:538} INFO - Filling up the DagBag from /home/airflow/.local/lib/python3.8/site-packages/airflow/example_dags/example_nested_branch_dag.py
[2024-05-30T00:03:20.247+0000] {processor.py:840} INFO - DAG(s) 'example_nested_branch_dag' retrieved from /home/airflow/.local/lib/python3.8/site-packages/airflow/example_dags/example_nested_branch_dag.py
[2024-05-30T00:03:20.275+0000] {logging_mixin.py:188} INFO - [2024-05-30T00:03:20.274+0000] {dag.py:3036} INFO - Sync 1 DAGs
[2024-05-30T00:03:20.301+0000] {logging_mixin.py:188} INFO - [2024-05-30T00:03:20.301+0000] {dag.py:3823} INFO - Setting next_dagrun for example_nested_branch_dag to 2024-05-29 00:00:00+00:00, run_after=2024-05-30 00:00:00+00:00
[2024-05-30T00:03:20.324+0000] {processor.py:183} INFO - Processing /home/airflow/.local/lib/python3.8/site-packages/airflow/example_dags/example_nested_branch_dag.py took 0.100 seconds
[2024-05-30T00:03:51.157+0000] {processor.py:161} INFO - Started process (PID=3147) to work on /home/airflow/.local/lib/python3.8/site-packages/airflow/example_dags/example_nested_branch_dag.py
[2024-05-30T00:03:51.158+0000] {processor.py:830} INFO - Processing file /home/airflow/.local/lib/python3.8/site-packages/airflow/example_dags/example_nested_branch_dag.py for tasks to queue
[2024-05-30T00:03:51.159+0000] {logging_mixin.py:188} INFO - [2024-05-30T00:03:51.159+0000] {dagbag.py:538} INFO - Filling up the DagBag from /home/airflow/.local/lib/python3.8/site-packages/airflow/example_dags/example_nested_branch_dag.py
[2024-05-30T00:03:51.169+0000] {processor.py:840} INFO - DAG(s) 'example_nested_branch_dag' retrieved from /home/airflow/.local/lib/python3.8/site-packages/airflow/example_dags/example_nested_branch_dag.py
[2024-05-30T00:03:51.191+0000] {logging_mixin.py:188} INFO - [2024-05-30T00:03:51.191+0000] {dag.py:3036} INFO - Sync 1 DAGs
[2024-05-30T00:03:51.212+0000] {logging_mixin.py:188} INFO - [2024-05-30T00:03:51.212+0000] {dag.py:3823} INFO - Setting next_dagrun for example_nested_branch_dag to 2024-05-29 00:00:00+00:00, run_after=2024-05-30 00:00:00+00:00
[2024-05-30T00:03:51.231+0000] {processor.py:183} INFO - Processing /home/airflow/.local/lib/python3.8/site-packages/airflow/example_dags/example_nested_branch_dag.py took 0.077 seconds
[2024-05-30T00:04:22.175+0000] {processor.py:161} INFO - Started process (PID=3206) to work on /home/airflow/.local/lib/python3.8/site-packages/airflow/example_dags/example_nested_branch_dag.py
[2024-05-30T00:04:22.176+0000] {processor.py:830} INFO - Processing file /home/airflow/.local/lib/python3.8/site-packages/airflow/example_dags/example_nested_branch_dag.py for tasks to queue
[2024-05-30T00:04:22.178+0000] {logging_mixin.py:188} INFO - [2024-05-30T00:04:22.177+0000] {dagbag.py:538} INFO - Filling up the DagBag from /home/airflow/.local/lib/python3.8/site-packages/airflow/example_dags/example_nested_branch_dag.py
[2024-05-30T00:04:22.187+0000] {processor.py:840} INFO - DAG(s) 'example_nested_branch_dag' retrieved from /home/airflow/.local/lib/python3.8/site-packages/airflow/example_dags/example_nested_branch_dag.py
[2024-05-30T00:04:22.208+0000] {logging_mixin.py:188} INFO - [2024-05-30T00:04:22.208+0000] {dag.py:3036} INFO - Sync 1 DAGs
[2024-05-30T00:04:22.336+0000] {logging_mixin.py:188} INFO - [2024-05-30T00:04:22.335+0000] {dag.py:3823} INFO - Setting next_dagrun for example_nested_branch_dag to 2024-05-29 00:00:00+00:00, run_after=2024-05-30 00:00:00+00:00
[2024-05-30T00:04:22.356+0000] {processor.py:183} INFO - Processing /home/airflow/.local/lib/python3.8/site-packages/airflow/example_dags/example_nested_branch_dag.py took 0.184 seconds
[2024-05-30T00:04:52.643+0000] {processor.py:161} INFO - Started process (PID=3265) to work on /home/airflow/.local/lib/python3.8/site-packages/airflow/example_dags/example_nested_branch_dag.py
[2024-05-30T00:04:52.645+0000] {processor.py:830} INFO - Processing file /home/airflow/.local/lib/python3.8/site-packages/airflow/example_dags/example_nested_branch_dag.py for tasks to queue
[2024-05-30T00:04:52.648+0000] {logging_mixin.py:188} INFO - [2024-05-30T00:04:52.647+0000] {dagbag.py:538} INFO - Filling up the DagBag from /home/airflow/.local/lib/python3.8/site-packages/airflow/example_dags/example_nested_branch_dag.py
[2024-05-30T00:04:52.665+0000] {processor.py:840} INFO - DAG(s) 'example_nested_branch_dag' retrieved from /home/airflow/.local/lib/python3.8/site-packages/airflow/example_dags/example_nested_branch_dag.py
[2024-05-30T00:04:52.692+0000] {logging_mixin.py:188} INFO - [2024-05-30T00:04:52.692+0000] {dag.py:3036} INFO - Sync 1 DAGs
[2024-05-30T00:04:52.713+0000] {logging_mixin.py:188} INFO - [2024-05-30T00:04:52.713+0000] {dag.py:3823} INFO - Setting next_dagrun for example_nested_branch_dag to 2024-05-29 00:00:00+00:00, run_after=2024-05-30 00:00:00+00:00
[2024-05-30T00:04:52.735+0000] {processor.py:183} INFO - Processing /home/airflow/.local/lib/python3.8/site-packages/airflow/example_dags/example_nested_branch_dag.py took 0.099 seconds
[2024-05-30T00:05:23.520+0000] {processor.py:161} INFO - Started process (PID=3324) to work on /home/airflow/.local/lib/python3.8/site-packages/airflow/example_dags/example_nested_branch_dag.py
[2024-05-30T00:05:23.521+0000] {processor.py:830} INFO - Processing file /home/airflow/.local/lib/python3.8/site-packages/airflow/example_dags/example_nested_branch_dag.py for tasks to queue
[2024-05-30T00:05:23.523+0000] {logging_mixin.py:188} INFO - [2024-05-30T00:05:23.522+0000] {dagbag.py:538} INFO - Filling up the DagBag from /home/airflow/.local/lib/python3.8/site-packages/airflow/example_dags/example_nested_branch_dag.py
[2024-05-30T00:05:23.532+0000] {processor.py:840} INFO - DAG(s) 'example_nested_branch_dag' retrieved from /home/airflow/.local/lib/python3.8/site-packages/airflow/example_dags/example_nested_branch_dag.py
[2024-05-30T00:05:23.555+0000] {logging_mixin.py:188} INFO - [2024-05-30T00:05:23.555+0000] {dag.py:3036} INFO - Sync 1 DAGs
[2024-05-30T00:05:23.577+0000] {logging_mixin.py:188} INFO - [2024-05-30T00:05:23.577+0000] {dag.py:3823} INFO - Setting next_dagrun for example_nested_branch_dag to 2024-05-29 00:00:00+00:00, run_after=2024-05-30 00:00:00+00:00
[2024-05-30T00:05:23.598+0000] {processor.py:183} INFO - Processing /home/airflow/.local/lib/python3.8/site-packages/airflow/example_dags/example_nested_branch_dag.py took 0.081 seconds
[2024-05-30T00:05:54.621+0000] {processor.py:161} INFO - Started process (PID=3383) to work on /home/airflow/.local/lib/python3.8/site-packages/airflow/example_dags/example_nested_branch_dag.py
[2024-05-30T00:05:54.622+0000] {processor.py:830} INFO - Processing file /home/airflow/.local/lib/python3.8/site-packages/airflow/example_dags/example_nested_branch_dag.py for tasks to queue
[2024-05-30T00:05:54.623+0000] {logging_mixin.py:188} INFO - [2024-05-30T00:05:54.623+0000] {dagbag.py:538} INFO - Filling up the DagBag from /home/airflow/.local/lib/python3.8/site-packages/airflow/example_dags/example_nested_branch_dag.py
[2024-05-30T00:05:54.633+0000] {processor.py:840} INFO - DAG(s) 'example_nested_branch_dag' retrieved from /home/airflow/.local/lib/python3.8/site-packages/airflow/example_dags/example_nested_branch_dag.py
[2024-05-30T00:05:54.655+0000] {logging_mixin.py:188} INFO - [2024-05-30T00:05:54.655+0000] {dag.py:3036} INFO - Sync 1 DAGs
[2024-05-30T00:05:54.675+0000] {logging_mixin.py:188} INFO - [2024-05-30T00:05:54.675+0000] {dag.py:3823} INFO - Setting next_dagrun for example_nested_branch_dag to 2024-05-29 00:00:00+00:00, run_after=2024-05-30 00:00:00+00:00
[2024-05-30T00:05:54.693+0000] {processor.py:183} INFO - Processing /home/airflow/.local/lib/python3.8/site-packages/airflow/example_dags/example_nested_branch_dag.py took 0.076 seconds
[2024-05-30T00:06:26.335+0000] {processor.py:161} INFO - Started process (PID=3442) to work on /home/airflow/.local/lib/python3.8/site-packages/airflow/example_dags/example_nested_branch_dag.py
[2024-05-30T00:06:26.336+0000] {processor.py:830} INFO - Processing file /home/airflow/.local/lib/python3.8/site-packages/airflow/example_dags/example_nested_branch_dag.py for tasks to queue
[2024-05-30T00:06:26.337+0000] {logging_mixin.py:188} INFO - [2024-05-30T00:06:26.337+0000] {dagbag.py:538} INFO - Filling up the DagBag from /home/airflow/.local/lib/python3.8/site-packages/airflow/example_dags/example_nested_branch_dag.py
[2024-05-30T00:06:26.347+0000] {processor.py:840} INFO - DAG(s) 'example_nested_branch_dag' retrieved from /home/airflow/.local/lib/python3.8/site-packages/airflow/example_dags/example_nested_branch_dag.py
[2024-05-30T00:06:26.484+0000] {logging_mixin.py:188} INFO - [2024-05-30T00:06:26.483+0000] {dag.py:3036} INFO - Sync 1 DAGs
[2024-05-30T00:06:26.503+0000] {logging_mixin.py:188} INFO - [2024-05-30T00:06:26.503+0000] {dag.py:3823} INFO - Setting next_dagrun for example_nested_branch_dag to 2024-05-29 00:00:00+00:00, run_after=2024-05-30 00:00:00+00:00
[2024-05-30T00:06:26.523+0000] {processor.py:183} INFO - Processing /home/airflow/.local/lib/python3.8/site-packages/airflow/example_dags/example_nested_branch_dag.py took 0.191 seconds
[2024-05-30T00:06:57.410+0000] {processor.py:161} INFO - Started process (PID=3501) to work on /home/airflow/.local/lib/python3.8/site-packages/airflow/example_dags/example_nested_branch_dag.py
[2024-05-30T00:06:57.411+0000] {processor.py:830} INFO - Processing file /home/airflow/.local/lib/python3.8/site-packages/airflow/example_dags/example_nested_branch_dag.py for tasks to queue
[2024-05-30T00:06:57.413+0000] {logging_mixin.py:188} INFO - [2024-05-30T00:06:57.412+0000] {dagbag.py:538} INFO - Filling up the DagBag from /home/airflow/.local/lib/python3.8/site-packages/airflow/example_dags/example_nested_branch_dag.py
[2024-05-30T00:06:57.425+0000] {processor.py:840} INFO - DAG(s) 'example_nested_branch_dag' retrieved from /home/airflow/.local/lib/python3.8/site-packages/airflow/example_dags/example_nested_branch_dag.py
[2024-05-30T00:06:57.447+0000] {logging_mixin.py:188} INFO - [2024-05-30T00:06:57.446+0000] {dag.py:3036} INFO - Sync 1 DAGs
[2024-05-30T00:06:57.467+0000] {logging_mixin.py:188} INFO - [2024-05-30T00:06:57.467+0000] {dag.py:3823} INFO - Setting next_dagrun for example_nested_branch_dag to 2024-05-29 00:00:00+00:00, run_after=2024-05-30 00:00:00+00:00
[2024-05-30T00:06:57.490+0000] {processor.py:183} INFO - Processing /home/airflow/.local/lib/python3.8/site-packages/airflow/example_dags/example_nested_branch_dag.py took 0.083 seconds
[2024-05-30T00:07:28.413+0000] {processor.py:161} INFO - Started process (PID=3560) to work on /home/airflow/.local/lib/python3.8/site-packages/airflow/example_dags/example_nested_branch_dag.py
[2024-05-30T00:07:28.415+0000] {processor.py:830} INFO - Processing file /home/airflow/.local/lib/python3.8/site-packages/airflow/example_dags/example_nested_branch_dag.py for tasks to queue
[2024-05-30T00:07:28.416+0000] {logging_mixin.py:188} INFO - [2024-05-30T00:07:28.416+0000] {dagbag.py:538} INFO - Filling up the DagBag from /home/airflow/.local/lib/python3.8/site-packages/airflow/example_dags/example_nested_branch_dag.py
[2024-05-30T00:07:28.428+0000] {processor.py:840} INFO - DAG(s) 'example_nested_branch_dag' retrieved from /home/airflow/.local/lib/python3.8/site-packages/airflow/example_dags/example_nested_branch_dag.py
[2024-05-30T00:07:28.450+0000] {logging_mixin.py:188} INFO - [2024-05-30T00:07:28.450+0000] {dag.py:3036} INFO - Sync 1 DAGs
[2024-05-30T00:07:28.473+0000] {logging_mixin.py:188} INFO - [2024-05-30T00:07:28.472+0000] {dag.py:3823} INFO - Setting next_dagrun for example_nested_branch_dag to 2024-05-29 00:00:00+00:00, run_after=2024-05-30 00:00:00+00:00
[2024-05-30T00:07:28.493+0000] {processor.py:183} INFO - Processing /home/airflow/.local/lib/python3.8/site-packages/airflow/example_dags/example_nested_branch_dag.py took 0.083 seconds
[2024-05-30T00:07:58.701+0000] {processor.py:161} INFO - Started process (PID=3619) to work on /home/airflow/.local/lib/python3.8/site-packages/airflow/example_dags/example_nested_branch_dag.py
[2024-05-30T00:07:58.702+0000] {processor.py:830} INFO - Processing file /home/airflow/.local/lib/python3.8/site-packages/airflow/example_dags/example_nested_branch_dag.py for tasks to queue
[2024-05-30T00:07:58.703+0000] {logging_mixin.py:188} INFO - [2024-05-30T00:07:58.703+0000] {dagbag.py:538} INFO - Filling up the DagBag from /home/airflow/.local/lib/python3.8/site-packages/airflow/example_dags/example_nested_branch_dag.py
[2024-05-30T00:07:58.714+0000] {processor.py:840} INFO - DAG(s) 'example_nested_branch_dag' retrieved from /home/airflow/.local/lib/python3.8/site-packages/airflow/example_dags/example_nested_branch_dag.py
[2024-05-30T00:07:58.738+0000] {logging_mixin.py:188} INFO - [2024-05-30T00:07:58.737+0000] {dag.py:3036} INFO - Sync 1 DAGs
[2024-05-30T00:07:58.760+0000] {logging_mixin.py:188} INFO - [2024-05-30T00:07:58.759+0000] {dag.py:3823} INFO - Setting next_dagrun for example_nested_branch_dag to 2024-05-29 00:00:00+00:00, run_after=2024-05-30 00:00:00+00:00
[2024-05-30T00:07:58.782+0000] {processor.py:183} INFO - Processing /home/airflow/.local/lib/python3.8/site-packages/airflow/example_dags/example_nested_branch_dag.py took 0.085 seconds
[2024-05-30T00:08:29.265+0000] {processor.py:161} INFO - Started process (PID=3678) to work on /home/airflow/.local/lib/python3.8/site-packages/airflow/example_dags/example_nested_branch_dag.py
[2024-05-30T00:08:29.266+0000] {processor.py:830} INFO - Processing file /home/airflow/.local/lib/python3.8/site-packages/airflow/example_dags/example_nested_branch_dag.py for tasks to queue
[2024-05-30T00:08:29.267+0000] {logging_mixin.py:188} INFO - [2024-05-30T00:08:29.267+0000] {dagbag.py:538} INFO - Filling up the DagBag from /home/airflow/.local/lib/python3.8/site-packages/airflow/example_dags/example_nested_branch_dag.py
[2024-05-30T00:08:29.277+0000] {processor.py:840} INFO - DAG(s) 'example_nested_branch_dag' retrieved from /home/airflow/.local/lib/python3.8/site-packages/airflow/example_dags/example_nested_branch_dag.py
[2024-05-30T00:08:29.298+0000] {logging_mixin.py:188} INFO - [2024-05-30T00:08:29.298+0000] {dag.py:3036} INFO - Sync 1 DAGs
[2024-05-30T00:08:29.319+0000] {logging_mixin.py:188} INFO - [2024-05-30T00:08:29.319+0000] {dag.py:3823} INFO - Setting next_dagrun for example_nested_branch_dag to 2024-05-29 00:00:00+00:00, run_after=2024-05-30 00:00:00+00:00
[2024-05-30T00:08:29.341+0000] {processor.py:183} INFO - Processing /home/airflow/.local/lib/python3.8/site-packages/airflow/example_dags/example_nested_branch_dag.py took 0.079 seconds
[2024-05-30T00:09:00.196+0000] {processor.py:161} INFO - Started process (PID=3737) to work on /home/airflow/.local/lib/python3.8/site-packages/airflow/example_dags/example_nested_branch_dag.py
[2024-05-30T00:09:00.197+0000] {processor.py:830} INFO - Processing file /home/airflow/.local/lib/python3.8/site-packages/airflow/example_dags/example_nested_branch_dag.py for tasks to queue
[2024-05-30T00:09:00.198+0000] {logging_mixin.py:188} INFO - [2024-05-30T00:09:00.198+0000] {dagbag.py:538} INFO - Filling up the DagBag from /home/airflow/.local/lib/python3.8/site-packages/airflow/example_dags/example_nested_branch_dag.py
[2024-05-30T00:09:00.209+0000] {processor.py:840} INFO - DAG(s) 'example_nested_branch_dag' retrieved from /home/airflow/.local/lib/python3.8/site-packages/airflow/example_dags/example_nested_branch_dag.py
[2024-05-30T00:09:00.232+0000] {logging_mixin.py:188} INFO - [2024-05-30T00:09:00.232+0000] {dag.py:3036} INFO - Sync 1 DAGs
[2024-05-30T00:09:00.259+0000] {logging_mixin.py:188} INFO - [2024-05-30T00:09:00.259+0000] {dag.py:3823} INFO - Setting next_dagrun for example_nested_branch_dag to 2024-05-29 00:00:00+00:00, run_after=2024-05-30 00:00:00+00:00
[2024-05-30T00:09:00.280+0000] {processor.py:183} INFO - Processing /home/airflow/.local/lib/python3.8/site-packages/airflow/example_dags/example_nested_branch_dag.py took 0.087 seconds
[2024-05-30T00:09:30.512+0000] {processor.py:161} INFO - Started process (PID=3796) to work on /home/airflow/.local/lib/python3.8/site-packages/airflow/example_dags/example_nested_branch_dag.py
[2024-05-30T00:09:30.513+0000] {processor.py:830} INFO - Processing file /home/airflow/.local/lib/python3.8/site-packages/airflow/example_dags/example_nested_branch_dag.py for tasks to queue
[2024-05-30T00:09:30.515+0000] {logging_mixin.py:188} INFO - [2024-05-30T00:09:30.514+0000] {dagbag.py:538} INFO - Filling up the DagBag from /home/airflow/.local/lib/python3.8/site-packages/airflow/example_dags/example_nested_branch_dag.py
[2024-05-30T00:09:30.525+0000] {processor.py:840} INFO - DAG(s) 'example_nested_branch_dag' retrieved from /home/airflow/.local/lib/python3.8/site-packages/airflow/example_dags/example_nested_branch_dag.py
[2024-05-30T00:09:30.547+0000] {logging_mixin.py:188} INFO - [2024-05-30T00:09:30.547+0000] {dag.py:3036} INFO - Sync 1 DAGs
[2024-05-30T00:09:30.569+0000] {logging_mixin.py:188} INFO - [2024-05-30T00:09:30.568+0000] {dag.py:3823} INFO - Setting next_dagrun for example_nested_branch_dag to 2024-05-29 00:00:00+00:00, run_after=2024-05-30 00:00:00+00:00
[2024-05-30T00:09:30.589+0000] {processor.py:183} INFO - Processing /home/airflow/.local/lib/python3.8/site-packages/airflow/example_dags/example_nested_branch_dag.py took 0.080 seconds
[2024-05-30T00:10:01.602+0000] {processor.py:161} INFO - Started process (PID=3855) to work on /home/airflow/.local/lib/python3.8/site-packages/airflow/example_dags/example_nested_branch_dag.py
[2024-05-30T00:10:01.603+0000] {processor.py:830} INFO - Processing file /home/airflow/.local/lib/python3.8/site-packages/airflow/example_dags/example_nested_branch_dag.py for tasks to queue
[2024-05-30T00:10:01.604+0000] {logging_mixin.py:188} INFO - [2024-05-30T00:10:01.604+0000] {dagbag.py:538} INFO - Filling up the DagBag from /home/airflow/.local/lib/python3.8/site-packages/airflow/example_dags/example_nested_branch_dag.py
[2024-05-30T00:10:01.616+0000] {processor.py:840} INFO - DAG(s) 'example_nested_branch_dag' retrieved from /home/airflow/.local/lib/python3.8/site-packages/airflow/example_dags/example_nested_branch_dag.py
[2024-05-30T00:10:01.648+0000] {logging_mixin.py:188} INFO - [2024-05-30T00:10:01.648+0000] {dag.py:3036} INFO - Sync 1 DAGs
[2024-05-30T00:10:01.684+0000] {logging_mixin.py:188} INFO - [2024-05-30T00:10:01.684+0000] {dag.py:3823} INFO - Setting next_dagrun for example_nested_branch_dag to 2024-05-29 00:00:00+00:00, run_after=2024-05-30 00:00:00+00:00
[2024-05-30T00:10:01.709+0000] {processor.py:183} INFO - Processing /home/airflow/.local/lib/python3.8/site-packages/airflow/example_dags/example_nested_branch_dag.py took 0.111 seconds
[2024-05-30T00:10:31.946+0000] {processor.py:161} INFO - Started process (PID=3914) to work on /home/airflow/.local/lib/python3.8/site-packages/airflow/example_dags/example_nested_branch_dag.py
[2024-05-30T00:10:31.947+0000] {processor.py:830} INFO - Processing file /home/airflow/.local/lib/python3.8/site-packages/airflow/example_dags/example_nested_branch_dag.py for tasks to queue
[2024-05-30T00:10:31.948+0000] {logging_mixin.py:188} INFO - [2024-05-30T00:10:31.948+0000] {dagbag.py:538} INFO - Filling up the DagBag from /home/airflow/.local/lib/python3.8/site-packages/airflow/example_dags/example_nested_branch_dag.py
[2024-05-30T00:10:31.958+0000] {processor.py:840} INFO - DAG(s) 'example_nested_branch_dag' retrieved from /home/airflow/.local/lib/python3.8/site-packages/airflow/example_dags/example_nested_branch_dag.py
[2024-05-30T00:10:31.979+0000] {logging_mixin.py:188} INFO - [2024-05-30T00:10:31.979+0000] {dag.py:3036} INFO - Sync 1 DAGs
[2024-05-30T00:10:32.001+0000] {logging_mixin.py:188} INFO - [2024-05-30T00:10:32.001+0000] {dag.py:3823} INFO - Setting next_dagrun for example_nested_branch_dag to 2024-05-29 00:00:00+00:00, run_after=2024-05-30 00:00:00+00:00
[2024-05-30T00:10:32.023+0000] {processor.py:183} INFO - Processing /home/airflow/.local/lib/python3.8/site-packages/airflow/example_dags/example_nested_branch_dag.py took 0.080 seconds
[2024-05-30T00:11:02.843+0000] {processor.py:161} INFO - Started process (PID=3973) to work on /home/airflow/.local/lib/python3.8/site-packages/airflow/example_dags/example_nested_branch_dag.py
[2024-05-30T00:11:02.844+0000] {processor.py:830} INFO - Processing file /home/airflow/.local/lib/python3.8/site-packages/airflow/example_dags/example_nested_branch_dag.py for tasks to queue
[2024-05-30T00:11:02.846+0000] {logging_mixin.py:188} INFO - [2024-05-30T00:11:02.846+0000] {dagbag.py:538} INFO - Filling up the DagBag from /home/airflow/.local/lib/python3.8/site-packages/airflow/example_dags/example_nested_branch_dag.py
[2024-05-30T00:11:02.857+0000] {processor.py:840} INFO - DAG(s) 'example_nested_branch_dag' retrieved from /home/airflow/.local/lib/python3.8/site-packages/airflow/example_dags/example_nested_branch_dag.py
[2024-05-30T00:11:02.880+0000] {logging_mixin.py:188} INFO - [2024-05-30T00:11:02.880+0000] {dag.py:3036} INFO - Sync 1 DAGs
[2024-05-30T00:11:02.901+0000] {logging_mixin.py:188} INFO - [2024-05-30T00:11:02.901+0000] {dag.py:3823} INFO - Setting next_dagrun for example_nested_branch_dag to 2024-05-29 00:00:00+00:00, run_after=2024-05-30 00:00:00+00:00
[2024-05-30T00:11:02.922+0000] {processor.py:183} INFO - Processing /home/airflow/.local/lib/python3.8/site-packages/airflow/example_dags/example_nested_branch_dag.py took 0.082 seconds
[2024-05-30T00:11:33.234+0000] {processor.py:161} INFO - Started process (PID=4032) to work on /home/airflow/.local/lib/python3.8/site-packages/airflow/example_dags/example_nested_branch_dag.py
[2024-05-30T00:11:33.235+0000] {processor.py:830} INFO - Processing file /home/airflow/.local/lib/python3.8/site-packages/airflow/example_dags/example_nested_branch_dag.py for tasks to queue
[2024-05-30T00:11:33.236+0000] {logging_mixin.py:188} INFO - [2024-05-30T00:11:33.236+0000] {dagbag.py:538} INFO - Filling up the DagBag from /home/airflow/.local/lib/python3.8/site-packages/airflow/example_dags/example_nested_branch_dag.py
[2024-05-30T00:11:33.246+0000] {processor.py:840} INFO - DAG(s) 'example_nested_branch_dag' retrieved from /home/airflow/.local/lib/python3.8/site-packages/airflow/example_dags/example_nested_branch_dag.py
[2024-05-30T00:11:33.269+0000] {logging_mixin.py:188} INFO - [2024-05-30T00:11:33.268+0000] {dag.py:3036} INFO - Sync 1 DAGs
[2024-05-30T00:11:33.292+0000] {logging_mixin.py:188} INFO - [2024-05-30T00:11:33.291+0000] {dag.py:3823} INFO - Setting next_dagrun for example_nested_branch_dag to 2024-05-29 00:00:00+00:00, run_after=2024-05-30 00:00:00+00:00
[2024-05-30T00:11:33.310+0000] {processor.py:183} INFO - Processing /home/airflow/.local/lib/python3.8/site-packages/airflow/example_dags/example_nested_branch_dag.py took 0.079 seconds
[2024-05-30T00:12:04.167+0000] {processor.py:161} INFO - Started process (PID=4091) to work on /home/airflow/.local/lib/python3.8/site-packages/airflow/example_dags/example_nested_branch_dag.py
[2024-05-30T00:12:04.168+0000] {processor.py:830} INFO - Processing file /home/airflow/.local/lib/python3.8/site-packages/airflow/example_dags/example_nested_branch_dag.py for tasks to queue
[2024-05-30T00:12:04.169+0000] {logging_mixin.py:188} INFO - [2024-05-30T00:12:04.169+0000] {dagbag.py:538} INFO - Filling up the DagBag from /home/airflow/.local/lib/python3.8/site-packages/airflow/example_dags/example_nested_branch_dag.py
[2024-05-30T00:12:04.179+0000] {processor.py:840} INFO - DAG(s) 'example_nested_branch_dag' retrieved from /home/airflow/.local/lib/python3.8/site-packages/airflow/example_dags/example_nested_branch_dag.py
[2024-05-30T00:12:04.202+0000] {logging_mixin.py:188} INFO - [2024-05-30T00:12:04.201+0000] {dag.py:3036} INFO - Sync 1 DAGs
[2024-05-30T00:12:04.224+0000] {logging_mixin.py:188} INFO - [2024-05-30T00:12:04.224+0000] {dag.py:3823} INFO - Setting next_dagrun for example_nested_branch_dag to 2024-05-29 00:00:00+00:00, run_after=2024-05-30 00:00:00+00:00
[2024-05-30T00:12:04.242+0000] {processor.py:183} INFO - Processing /home/airflow/.local/lib/python3.8/site-packages/airflow/example_dags/example_nested_branch_dag.py took 0.078 seconds
[2024-05-30T00:12:34.757+0000] {processor.py:161} INFO - Started process (PID=4150) to work on /home/airflow/.local/lib/python3.8/site-packages/airflow/example_dags/example_nested_branch_dag.py
[2024-05-30T00:12:34.759+0000] {processor.py:830} INFO - Processing file /home/airflow/.local/lib/python3.8/site-packages/airflow/example_dags/example_nested_branch_dag.py for tasks to queue
[2024-05-30T00:12:34.760+0000] {logging_mixin.py:188} INFO - [2024-05-30T00:12:34.760+0000] {dagbag.py:538} INFO - Filling up the DagBag from /home/airflow/.local/lib/python3.8/site-packages/airflow/example_dags/example_nested_branch_dag.py
[2024-05-30T00:12:34.771+0000] {processor.py:840} INFO - DAG(s) 'example_nested_branch_dag' retrieved from /home/airflow/.local/lib/python3.8/site-packages/airflow/example_dags/example_nested_branch_dag.py
[2024-05-30T00:12:34.794+0000] {logging_mixin.py:188} INFO - [2024-05-30T00:12:34.794+0000] {dag.py:3036} INFO - Sync 1 DAGs
[2024-05-30T00:12:34.815+0000] {logging_mixin.py:188} INFO - [2024-05-30T00:12:34.814+0000] {dag.py:3823} INFO - Setting next_dagrun for example_nested_branch_dag to 2024-05-29 00:00:00+00:00, run_after=2024-05-30 00:00:00+00:00
[2024-05-30T00:12:34.834+0000] {processor.py:183} INFO - Processing /home/airflow/.local/lib/python3.8/site-packages/airflow/example_dags/example_nested_branch_dag.py took 0.080 seconds
[2024-05-30T00:13:05.575+0000] {processor.py:161} INFO - Started process (PID=4209) to work on /home/airflow/.local/lib/python3.8/site-packages/airflow/example_dags/example_nested_branch_dag.py
[2024-05-30T00:13:05.576+0000] {processor.py:830} INFO - Processing file /home/airflow/.local/lib/python3.8/site-packages/airflow/example_dags/example_nested_branch_dag.py for tasks to queue
[2024-05-30T00:13:05.578+0000] {logging_mixin.py:188} INFO - [2024-05-30T00:13:05.577+0000] {dagbag.py:538} INFO - Filling up the DagBag from /home/airflow/.local/lib/python3.8/site-packages/airflow/example_dags/example_nested_branch_dag.py
[2024-05-30T00:13:05.593+0000] {processor.py:840} INFO - DAG(s) 'example_nested_branch_dag' retrieved from /home/airflow/.local/lib/python3.8/site-packages/airflow/example_dags/example_nested_branch_dag.py
[2024-05-30T00:13:05.622+0000] {logging_mixin.py:188} INFO - [2024-05-30T00:13:05.621+0000] {dag.py:3036} INFO - Sync 1 DAGs
[2024-05-30T00:13:05.647+0000] {logging_mixin.py:188} INFO - [2024-05-30T00:13:05.647+0000] {dag.py:3823} INFO - Setting next_dagrun for example_nested_branch_dag to 2024-05-29 00:00:00+00:00, run_after=2024-05-30 00:00:00+00:00
[2024-05-30T00:13:05.668+0000] {processor.py:183} INFO - Processing /home/airflow/.local/lib/python3.8/site-packages/airflow/example_dags/example_nested_branch_dag.py took 0.098 seconds
[2024-05-30T00:13:36.246+0000] {processor.py:161} INFO - Started process (PID=4268) to work on /home/airflow/.local/lib/python3.8/site-packages/airflow/example_dags/example_nested_branch_dag.py
[2024-05-30T00:13:36.248+0000] {processor.py:830} INFO - Processing file /home/airflow/.local/lib/python3.8/site-packages/airflow/example_dags/example_nested_branch_dag.py for tasks to queue
[2024-05-30T00:13:36.249+0000] {logging_mixin.py:188} INFO - [2024-05-30T00:13:36.249+0000] {dagbag.py:538} INFO - Filling up the DagBag from /home/airflow/.local/lib/python3.8/site-packages/airflow/example_dags/example_nested_branch_dag.py
[2024-05-30T00:13:36.266+0000] {processor.py:840} INFO - DAG(s) 'example_nested_branch_dag' retrieved from /home/airflow/.local/lib/python3.8/site-packages/airflow/example_dags/example_nested_branch_dag.py
[2024-05-30T00:13:36.303+0000] {logging_mixin.py:188} INFO - [2024-05-30T00:13:36.302+0000] {dag.py:3036} INFO - Sync 1 DAGs
[2024-05-30T00:13:36.325+0000] {logging_mixin.py:188} INFO - [2024-05-30T00:13:36.325+0000] {dag.py:3823} INFO - Setting next_dagrun for example_nested_branch_dag to 2024-05-29 00:00:00+00:00, run_after=2024-05-30 00:00:00+00:00
[2024-05-30T00:13:36.349+0000] {processor.py:183} INFO - Processing /home/airflow/.local/lib/python3.8/site-packages/airflow/example_dags/example_nested_branch_dag.py took 0.107 seconds
[2024-05-30T00:14:06.961+0000] {processor.py:161} INFO - Started process (PID=4333) to work on /home/airflow/.local/lib/python3.8/site-packages/airflow/example_dags/example_nested_branch_dag.py
[2024-05-30T00:14:06.962+0000] {processor.py:830} INFO - Processing file /home/airflow/.local/lib/python3.8/site-packages/airflow/example_dags/example_nested_branch_dag.py for tasks to queue
[2024-05-30T00:14:06.963+0000] {logging_mixin.py:188} INFO - [2024-05-30T00:14:06.963+0000] {dagbag.py:538} INFO - Filling up the DagBag from /home/airflow/.local/lib/python3.8/site-packages/airflow/example_dags/example_nested_branch_dag.py
[2024-05-30T00:14:06.974+0000] {processor.py:840} INFO - DAG(s) 'example_nested_branch_dag' retrieved from /home/airflow/.local/lib/python3.8/site-packages/airflow/example_dags/example_nested_branch_dag.py
[2024-05-30T00:14:06.996+0000] {logging_mixin.py:188} INFO - [2024-05-30T00:14:06.996+0000] {dag.py:3036} INFO - Sync 1 DAGs
[2024-05-30T00:14:07.017+0000] {logging_mixin.py:188} INFO - [2024-05-30T00:14:07.016+0000] {dag.py:3823} INFO - Setting next_dagrun for example_nested_branch_dag to 2024-05-29 00:00:00+00:00, run_after=2024-05-30 00:00:00+00:00
[2024-05-30T00:14:07.036+0000] {processor.py:183} INFO - Processing /home/airflow/.local/lib/python3.8/site-packages/airflow/example_dags/example_nested_branch_dag.py took 0.078 seconds
