[2024-05-30T00:00:15.352+0000] {processor.py:161} INFO - Started process (PID=2747) to work on /home/airflow/.local/lib/python3.8/site-packages/airflow/example_dags/example_branch_day_of_week_operator.py
[2024-05-30T00:00:15.354+0000] {processor.py:830} INFO - Processing file /home/airflow/.local/lib/python3.8/site-packages/airflow/example_dags/example_branch_day_of_week_operator.py for tasks to queue
[2024-05-30T00:00:15.356+0000] {logging_mixin.py:188} INFO - [2024-05-30T00:00:15.355+0000] {dagbag.py:538} INFO - Filling up the DagBag from /home/airflow/.local/lib/python3.8/site-packages/airflow/example_dags/example_branch_day_of_week_operator.py
[2024-05-30T00:00:15.368+0000] {processor.py:840} INFO - DAG(s) 'example_weekday_branch_operator' retrieved from /home/airflow/.local/lib/python3.8/site-packages/airflow/example_dags/example_branch_day_of_week_operator.py
[2024-05-30T00:00:15.389+0000] {logging_mixin.py:188} INFO - [2024-05-30T00:00:15.389+0000] {dag.py:3036} INFO - Sync 1 DAGs
[2024-05-30T00:00:15.411+0000] {logging_mixin.py:188} INFO - [2024-05-30T00:00:15.410+0000] {dag.py:3823} INFO - Setting next_dagrun for example_weekday_branch_operator to 2024-05-29 00:00:00+00:00, run_after=2024-05-30 00:00:00+00:00
[2024-05-30T00:00:15.431+0000] {processor.py:183} INFO - Processing /home/airflow/.local/lib/python3.8/site-packages/airflow/example_dags/example_branch_day_of_week_operator.py took 0.084 seconds
[2024-05-30T00:00:47.008+0000] {processor.py:161} INFO - Started process (PID=2806) to work on /home/airflow/.local/lib/python3.8/site-packages/airflow/example_dags/example_branch_day_of_week_operator.py
[2024-05-30T00:00:47.009+0000] {processor.py:830} INFO - Processing file /home/airflow/.local/lib/python3.8/site-packages/airflow/example_dags/example_branch_day_of_week_operator.py for tasks to queue
[2024-05-30T00:00:47.011+0000] {logging_mixin.py:188} INFO - [2024-05-30T00:00:47.010+0000] {dagbag.py:538} INFO - Filling up the DagBag from /home/airflow/.local/lib/python3.8/site-packages/airflow/example_dags/example_branch_day_of_week_operator.py
[2024-05-30T00:00:47.026+0000] {processor.py:840} INFO - DAG(s) 'example_weekday_branch_operator' retrieved from /home/airflow/.local/lib/python3.8/site-packages/airflow/example_dags/example_branch_day_of_week_operator.py
[2024-05-30T00:00:47.075+0000] {logging_mixin.py:188} INFO - [2024-05-30T00:00:47.074+0000] {dag.py:3036} INFO - Sync 1 DAGs
[2024-05-30T00:00:47.122+0000] {logging_mixin.py:188} INFO - [2024-05-30T00:00:47.122+0000] {dag.py:3823} INFO - Setting next_dagrun for example_weekday_branch_operator to 2024-05-29 00:00:00+00:00, run_after=2024-05-30 00:00:00+00:00
[2024-05-30T00:00:47.170+0000] {processor.py:183} INFO - Processing /home/airflow/.local/lib/python3.8/site-packages/airflow/example_dags/example_branch_day_of_week_operator.py took 0.167 seconds
[2024-05-30T00:01:17.623+0000] {processor.py:161} INFO - Started process (PID=2865) to work on /home/airflow/.local/lib/python3.8/site-packages/airflow/example_dags/example_branch_day_of_week_operator.py
[2024-05-30T00:01:17.624+0000] {processor.py:830} INFO - Processing file /home/airflow/.local/lib/python3.8/site-packages/airflow/example_dags/example_branch_day_of_week_operator.py for tasks to queue
[2024-05-30T00:01:17.626+0000] {logging_mixin.py:188} INFO - [2024-05-30T00:01:17.625+0000] {dagbag.py:538} INFO - Filling up the DagBag from /home/airflow/.local/lib/python3.8/site-packages/airflow/example_dags/example_branch_day_of_week_operator.py
[2024-05-30T00:01:17.645+0000] {processor.py:840} INFO - DAG(s) 'example_weekday_branch_operator' retrieved from /home/airflow/.local/lib/python3.8/site-packages/airflow/example_dags/example_branch_day_of_week_operator.py
[2024-05-30T00:01:17.677+0000] {logging_mixin.py:188} INFO - [2024-05-30T00:01:17.677+0000] {dag.py:3036} INFO - Sync 1 DAGs
[2024-05-30T00:01:17.710+0000] {logging_mixin.py:188} INFO - [2024-05-30T00:01:17.710+0000] {dag.py:3823} INFO - Setting next_dagrun for example_weekday_branch_operator to 2024-05-29 00:00:00+00:00, run_after=2024-05-30 00:00:00+00:00
[2024-05-30T00:01:17.739+0000] {processor.py:183} INFO - Processing /home/airflow/.local/lib/python3.8/site-packages/airflow/example_dags/example_branch_day_of_week_operator.py took 0.125 seconds
[2024-05-30T00:01:48.125+0000] {processor.py:161} INFO - Started process (PID=2924) to work on /home/airflow/.local/lib/python3.8/site-packages/airflow/example_dags/example_branch_day_of_week_operator.py
[2024-05-30T00:01:48.127+0000] {processor.py:830} INFO - Processing file /home/airflow/.local/lib/python3.8/site-packages/airflow/example_dags/example_branch_day_of_week_operator.py for tasks to queue
[2024-05-30T00:01:48.128+0000] {logging_mixin.py:188} INFO - [2024-05-30T00:01:48.128+0000] {dagbag.py:538} INFO - Filling up the DagBag from /home/airflow/.local/lib/python3.8/site-packages/airflow/example_dags/example_branch_day_of_week_operator.py
[2024-05-30T00:01:48.137+0000] {processor.py:840} INFO - DAG(s) 'example_weekday_branch_operator' retrieved from /home/airflow/.local/lib/python3.8/site-packages/airflow/example_dags/example_branch_day_of_week_operator.py
[2024-05-30T00:01:48.161+0000] {logging_mixin.py:188} INFO - [2024-05-30T00:01:48.161+0000] {dag.py:3036} INFO - Sync 1 DAGs
[2024-05-30T00:01:48.186+0000] {logging_mixin.py:188} INFO - [2024-05-30T00:01:48.186+0000] {dag.py:3823} INFO - Setting next_dagrun for example_weekday_branch_operator to 2024-05-29 00:00:00+00:00, run_after=2024-05-30 00:00:00+00:00
[2024-05-30T00:01:48.212+0000] {processor.py:183} INFO - Processing /home/airflow/.local/lib/python3.8/site-packages/airflow/example_dags/example_branch_day_of_week_operator.py took 0.091 seconds
[2024-05-30T00:02:18.960+0000] {processor.py:161} INFO - Started process (PID=2983) to work on /home/airflow/.local/lib/python3.8/site-packages/airflow/example_dags/example_branch_day_of_week_operator.py
[2024-05-30T00:02:18.961+0000] {processor.py:830} INFO - Processing file /home/airflow/.local/lib/python3.8/site-packages/airflow/example_dags/example_branch_day_of_week_operator.py for tasks to queue
[2024-05-30T00:02:18.962+0000] {logging_mixin.py:188} INFO - [2024-05-30T00:02:18.962+0000] {dagbag.py:538} INFO - Filling up the DagBag from /home/airflow/.local/lib/python3.8/site-packages/airflow/example_dags/example_branch_day_of_week_operator.py
[2024-05-30T00:02:18.971+0000] {processor.py:840} INFO - DAG(s) 'example_weekday_branch_operator' retrieved from /home/airflow/.local/lib/python3.8/site-packages/airflow/example_dags/example_branch_day_of_week_operator.py
[2024-05-30T00:02:18.995+0000] {logging_mixin.py:188} INFO - [2024-05-30T00:02:18.995+0000] {dag.py:3036} INFO - Sync 1 DAGs
[2024-05-30T00:02:19.018+0000] {logging_mixin.py:188} INFO - [2024-05-30T00:02:19.018+0000] {dag.py:3823} INFO - Setting next_dagrun for example_weekday_branch_operator to 2024-05-29 00:00:00+00:00, run_after=2024-05-30 00:00:00+00:00
[2024-05-30T00:02:19.038+0000] {processor.py:183} INFO - Processing /home/airflow/.local/lib/python3.8/site-packages/airflow/example_dags/example_branch_day_of_week_operator.py took 0.083 seconds
[2024-05-30T00:02:52.399+0000] {processor.py:161} INFO - Started process (PID=3042) to work on /home/airflow/.local/lib/python3.8/site-packages/airflow/example_dags/example_branch_day_of_week_operator.py
[2024-05-30T00:02:52.400+0000] {processor.py:830} INFO - Processing file /home/airflow/.local/lib/python3.8/site-packages/airflow/example_dags/example_branch_day_of_week_operator.py for tasks to queue
[2024-05-30T00:02:52.403+0000] {logging_mixin.py:188} INFO - [2024-05-30T00:02:52.402+0000] {dagbag.py:538} INFO - Filling up the DagBag from /home/airflow/.local/lib/python3.8/site-packages/airflow/example_dags/example_branch_day_of_week_operator.py
[2024-05-30T00:02:52.419+0000] {processor.py:840} INFO - DAG(s) 'example_weekday_branch_operator' retrieved from /home/airflow/.local/lib/python3.8/site-packages/airflow/example_dags/example_branch_day_of_week_operator.py
[2024-05-30T00:02:52.456+0000] {logging_mixin.py:188} INFO - [2024-05-30T00:02:52.456+0000] {dag.py:3036} INFO - Sync 1 DAGs
[2024-05-30T00:02:52.491+0000] {logging_mixin.py:188} INFO - [2024-05-30T00:02:52.491+0000] {dag.py:3823} INFO - Setting next_dagrun for example_weekday_branch_operator to 2024-05-29 00:00:00+00:00, run_after=2024-05-30 00:00:00+00:00
[2024-05-30T00:02:52.704+0000] {processor.py:183} INFO - Processing /home/airflow/.local/lib/python3.8/site-packages/airflow/example_dags/example_branch_day_of_week_operator.py took 0.310 seconds
[2024-05-30T00:03:23.264+0000] {processor.py:161} INFO - Started process (PID=3101) to work on /home/airflow/.local/lib/python3.8/site-packages/airflow/example_dags/example_branch_day_of_week_operator.py
[2024-05-30T00:03:23.265+0000] {processor.py:830} INFO - Processing file /home/airflow/.local/lib/python3.8/site-packages/airflow/example_dags/example_branch_day_of_week_operator.py for tasks to queue
[2024-05-30T00:03:23.267+0000] {logging_mixin.py:188} INFO - [2024-05-30T00:03:23.266+0000] {dagbag.py:538} INFO - Filling up the DagBag from /home/airflow/.local/lib/python3.8/site-packages/airflow/example_dags/example_branch_day_of_week_operator.py
[2024-05-30T00:03:23.278+0000] {processor.py:840} INFO - DAG(s) 'example_weekday_branch_operator' retrieved from /home/airflow/.local/lib/python3.8/site-packages/airflow/example_dags/example_branch_day_of_week_operator.py
[2024-05-30T00:03:23.309+0000] {logging_mixin.py:188} INFO - [2024-05-30T00:03:23.309+0000] {dag.py:3036} INFO - Sync 1 DAGs
[2024-05-30T00:03:23.344+0000] {logging_mixin.py:188} INFO - [2024-05-30T00:03:23.344+0000] {dag.py:3823} INFO - Setting next_dagrun for example_weekday_branch_operator to 2024-05-29 00:00:00+00:00, run_after=2024-05-30 00:00:00+00:00
[2024-05-30T00:03:23.379+0000] {processor.py:183} INFO - Processing /home/airflow/.local/lib/python3.8/site-packages/airflow/example_dags/example_branch_day_of_week_operator.py took 0.121 seconds
[2024-05-30T00:03:53.959+0000] {processor.py:161} INFO - Started process (PID=3160) to work on /home/airflow/.local/lib/python3.8/site-packages/airflow/example_dags/example_branch_day_of_week_operator.py
[2024-05-30T00:03:53.960+0000] {processor.py:830} INFO - Processing file /home/airflow/.local/lib/python3.8/site-packages/airflow/example_dags/example_branch_day_of_week_operator.py for tasks to queue
[2024-05-30T00:03:53.961+0000] {logging_mixin.py:188} INFO - [2024-05-30T00:03:53.961+0000] {dagbag.py:538} INFO - Filling up the DagBag from /home/airflow/.local/lib/python3.8/site-packages/airflow/example_dags/example_branch_day_of_week_operator.py
[2024-05-30T00:03:53.969+0000] {processor.py:840} INFO - DAG(s) 'example_weekday_branch_operator' retrieved from /home/airflow/.local/lib/python3.8/site-packages/airflow/example_dags/example_branch_day_of_week_operator.py
[2024-05-30T00:03:53.992+0000] {logging_mixin.py:188} INFO - [2024-05-30T00:03:53.992+0000] {dag.py:3036} INFO - Sync 1 DAGs
[2024-05-30T00:03:54.013+0000] {logging_mixin.py:188} INFO - [2024-05-30T00:03:54.013+0000] {dag.py:3823} INFO - Setting next_dagrun for example_weekday_branch_operator to 2024-05-29 00:00:00+00:00, run_after=2024-05-30 00:00:00+00:00
[2024-05-30T00:03:54.032+0000] {processor.py:183} INFO - Processing /home/airflow/.local/lib/python3.8/site-packages/airflow/example_dags/example_branch_day_of_week_operator.py took 0.076 seconds
[2024-05-30T00:04:24.422+0000] {processor.py:161} INFO - Started process (PID=3219) to work on /home/airflow/.local/lib/python3.8/site-packages/airflow/example_dags/example_branch_day_of_week_operator.py
[2024-05-30T00:04:24.424+0000] {processor.py:830} INFO - Processing file /home/airflow/.local/lib/python3.8/site-packages/airflow/example_dags/example_branch_day_of_week_operator.py for tasks to queue
[2024-05-30T00:04:24.426+0000] {logging_mixin.py:188} INFO - [2024-05-30T00:04:24.426+0000] {dagbag.py:538} INFO - Filling up the DagBag from /home/airflow/.local/lib/python3.8/site-packages/airflow/example_dags/example_branch_day_of_week_operator.py
[2024-05-30T00:04:24.440+0000] {processor.py:840} INFO - DAG(s) 'example_weekday_branch_operator' retrieved from /home/airflow/.local/lib/python3.8/site-packages/airflow/example_dags/example_branch_day_of_week_operator.py
[2024-05-30T00:04:24.466+0000] {logging_mixin.py:188} INFO - [2024-05-30T00:04:24.466+0000] {dag.py:3036} INFO - Sync 1 DAGs
[2024-05-30T00:04:24.487+0000] {logging_mixin.py:188} INFO - [2024-05-30T00:04:24.487+0000] {dag.py:3823} INFO - Setting next_dagrun for example_weekday_branch_operator to 2024-05-29 00:00:00+00:00, run_after=2024-05-30 00:00:00+00:00
[2024-05-30T00:04:24.515+0000] {processor.py:183} INFO - Processing /home/airflow/.local/lib/python3.8/site-packages/airflow/example_dags/example_branch_day_of_week_operator.py took 0.099 seconds
[2024-05-30T00:04:55.280+0000] {processor.py:161} INFO - Started process (PID=3278) to work on /home/airflow/.local/lib/python3.8/site-packages/airflow/example_dags/example_branch_day_of_week_operator.py
[2024-05-30T00:04:55.281+0000] {processor.py:830} INFO - Processing file /home/airflow/.local/lib/python3.8/site-packages/airflow/example_dags/example_branch_day_of_week_operator.py for tasks to queue
[2024-05-30T00:04:55.283+0000] {logging_mixin.py:188} INFO - [2024-05-30T00:04:55.282+0000] {dagbag.py:538} INFO - Filling up the DagBag from /home/airflow/.local/lib/python3.8/site-packages/airflow/example_dags/example_branch_day_of_week_operator.py
[2024-05-30T00:04:55.290+0000] {processor.py:840} INFO - DAG(s) 'example_weekday_branch_operator' retrieved from /home/airflow/.local/lib/python3.8/site-packages/airflow/example_dags/example_branch_day_of_week_operator.py
[2024-05-30T00:04:55.311+0000] {logging_mixin.py:188} INFO - [2024-05-30T00:04:55.311+0000] {dag.py:3036} INFO - Sync 1 DAGs
[2024-05-30T00:04:55.332+0000] {logging_mixin.py:188} INFO - [2024-05-30T00:04:55.332+0000] {dag.py:3823} INFO - Setting next_dagrun for example_weekday_branch_operator to 2024-05-29 00:00:00+00:00, run_after=2024-05-30 00:00:00+00:00
[2024-05-30T00:04:55.469+0000] {processor.py:183} INFO - Processing /home/airflow/.local/lib/python3.8/site-packages/airflow/example_dags/example_branch_day_of_week_operator.py took 0.192 seconds
[2024-05-30T00:05:25.513+0000] {processor.py:161} INFO - Started process (PID=3337) to work on /home/airflow/.local/lib/python3.8/site-packages/airflow/example_dags/example_branch_day_of_week_operator.py
[2024-05-30T00:05:25.514+0000] {processor.py:830} INFO - Processing file /home/airflow/.local/lib/python3.8/site-packages/airflow/example_dags/example_branch_day_of_week_operator.py for tasks to queue
[2024-05-30T00:05:25.515+0000] {logging_mixin.py:188} INFO - [2024-05-30T00:05:25.515+0000] {dagbag.py:538} INFO - Filling up the DagBag from /home/airflow/.local/lib/python3.8/site-packages/airflow/example_dags/example_branch_day_of_week_operator.py
[2024-05-30T00:05:25.523+0000] {processor.py:840} INFO - DAG(s) 'example_weekday_branch_operator' retrieved from /home/airflow/.local/lib/python3.8/site-packages/airflow/example_dags/example_branch_day_of_week_operator.py
[2024-05-30T00:05:25.545+0000] {logging_mixin.py:188} INFO - [2024-05-30T00:05:25.545+0000] {dag.py:3036} INFO - Sync 1 DAGs
[2024-05-30T00:05:25.566+0000] {logging_mixin.py:188} INFO - [2024-05-30T00:05:25.566+0000] {dag.py:3823} INFO - Setting next_dagrun for example_weekday_branch_operator to 2024-05-29 00:00:00+00:00, run_after=2024-05-30 00:00:00+00:00
[2024-05-30T00:05:25.589+0000] {processor.py:183} INFO - Processing /home/airflow/.local/lib/python3.8/site-packages/airflow/example_dags/example_branch_day_of_week_operator.py took 0.079 seconds
[2024-05-30T00:05:56.521+0000] {processor.py:161} INFO - Started process (PID=3396) to work on /home/airflow/.local/lib/python3.8/site-packages/airflow/example_dags/example_branch_day_of_week_operator.py
[2024-05-30T00:05:56.523+0000] {processor.py:830} INFO - Processing file /home/airflow/.local/lib/python3.8/site-packages/airflow/example_dags/example_branch_day_of_week_operator.py for tasks to queue
[2024-05-30T00:05:56.526+0000] {logging_mixin.py:188} INFO - [2024-05-30T00:05:56.525+0000] {dagbag.py:538} INFO - Filling up the DagBag from /home/airflow/.local/lib/python3.8/site-packages/airflow/example_dags/example_branch_day_of_week_operator.py
[2024-05-30T00:05:56.538+0000] {processor.py:840} INFO - DAG(s) 'example_weekday_branch_operator' retrieved from /home/airflow/.local/lib/python3.8/site-packages/airflow/example_dags/example_branch_day_of_week_operator.py
[2024-05-30T00:05:56.561+0000] {logging_mixin.py:188} INFO - [2024-05-30T00:05:56.560+0000] {dag.py:3036} INFO - Sync 1 DAGs
[2024-05-30T00:05:56.585+0000] {logging_mixin.py:188} INFO - [2024-05-30T00:05:56.585+0000] {dag.py:3823} INFO - Setting next_dagrun for example_weekday_branch_operator to 2024-05-29 00:00:00+00:00, run_after=2024-05-30 00:00:00+00:00
[2024-05-30T00:05:56.605+0000] {processor.py:183} INFO - Processing /home/airflow/.local/lib/python3.8/site-packages/airflow/example_dags/example_branch_day_of_week_operator.py took 0.089 seconds
[2024-05-30T00:06:28.355+0000] {processor.py:161} INFO - Started process (PID=3455) to work on /home/airflow/.local/lib/python3.8/site-packages/airflow/example_dags/example_branch_day_of_week_operator.py
[2024-05-30T00:06:28.357+0000] {processor.py:830} INFO - Processing file /home/airflow/.local/lib/python3.8/site-packages/airflow/example_dags/example_branch_day_of_week_operator.py for tasks to queue
[2024-05-30T00:06:28.359+0000] {logging_mixin.py:188} INFO - [2024-05-30T00:06:28.359+0000] {dagbag.py:538} INFO - Filling up the DagBag from /home/airflow/.local/lib/python3.8/site-packages/airflow/example_dags/example_branch_day_of_week_operator.py
[2024-05-30T00:06:28.373+0000] {processor.py:840} INFO - DAG(s) 'example_weekday_branch_operator' retrieved from /home/airflow/.local/lib/python3.8/site-packages/airflow/example_dags/example_branch_day_of_week_operator.py
[2024-05-30T00:06:28.507+0000] {logging_mixin.py:188} INFO - [2024-05-30T00:06:28.507+0000] {dag.py:3036} INFO - Sync 1 DAGs
[2024-05-30T00:06:28.526+0000] {logging_mixin.py:188} INFO - [2024-05-30T00:06:28.526+0000] {dag.py:3823} INFO - Setting next_dagrun for example_weekday_branch_operator to 2024-05-29 00:00:00+00:00, run_after=2024-05-30 00:00:00+00:00
[2024-05-30T00:06:28.546+0000] {processor.py:183} INFO - Processing /home/airflow/.local/lib/python3.8/site-packages/airflow/example_dags/example_branch_day_of_week_operator.py took 0.196 seconds
[2024-05-30T00:06:59.113+0000] {processor.py:161} INFO - Started process (PID=3514) to work on /home/airflow/.local/lib/python3.8/site-packages/airflow/example_dags/example_branch_day_of_week_operator.py
[2024-05-30T00:06:59.114+0000] {processor.py:830} INFO - Processing file /home/airflow/.local/lib/python3.8/site-packages/airflow/example_dags/example_branch_day_of_week_operator.py for tasks to queue
[2024-05-30T00:06:59.116+0000] {logging_mixin.py:188} INFO - [2024-05-30T00:06:59.116+0000] {dagbag.py:538} INFO - Filling up the DagBag from /home/airflow/.local/lib/python3.8/site-packages/airflow/example_dags/example_branch_day_of_week_operator.py
[2024-05-30T00:06:59.124+0000] {processor.py:840} INFO - DAG(s) 'example_weekday_branch_operator' retrieved from /home/airflow/.local/lib/python3.8/site-packages/airflow/example_dags/example_branch_day_of_week_operator.py
[2024-05-30T00:06:59.148+0000] {logging_mixin.py:188} INFO - [2024-05-30T00:06:59.147+0000] {dag.py:3036} INFO - Sync 1 DAGs
[2024-05-30T00:06:59.170+0000] {logging_mixin.py:188} INFO - [2024-05-30T00:06:59.170+0000] {dag.py:3823} INFO - Setting next_dagrun for example_weekday_branch_operator to 2024-05-29 00:00:00+00:00, run_after=2024-05-30 00:00:00+00:00
[2024-05-30T00:06:59.194+0000] {processor.py:183} INFO - Processing /home/airflow/.local/lib/python3.8/site-packages/airflow/example_dags/example_branch_day_of_week_operator.py took 0.083 seconds
[2024-05-30T00:07:30.119+0000] {processor.py:161} INFO - Started process (PID=3573) to work on /home/airflow/.local/lib/python3.8/site-packages/airflow/example_dags/example_branch_day_of_week_operator.py
[2024-05-30T00:07:30.120+0000] {processor.py:830} INFO - Processing file /home/airflow/.local/lib/python3.8/site-packages/airflow/example_dags/example_branch_day_of_week_operator.py for tasks to queue
[2024-05-30T00:07:30.121+0000] {logging_mixin.py:188} INFO - [2024-05-30T00:07:30.121+0000] {dagbag.py:538} INFO - Filling up the DagBag from /home/airflow/.local/lib/python3.8/site-packages/airflow/example_dags/example_branch_day_of_week_operator.py
[2024-05-30T00:07:30.129+0000] {processor.py:840} INFO - DAG(s) 'example_weekday_branch_operator' retrieved from /home/airflow/.local/lib/python3.8/site-packages/airflow/example_dags/example_branch_day_of_week_operator.py
[2024-05-30T00:07:30.151+0000] {logging_mixin.py:188} INFO - [2024-05-30T00:07:30.151+0000] {dag.py:3036} INFO - Sync 1 DAGs
[2024-05-30T00:07:30.172+0000] {logging_mixin.py:188} INFO - [2024-05-30T00:07:30.172+0000] {dag.py:3823} INFO - Setting next_dagrun for example_weekday_branch_operator to 2024-05-29 00:00:00+00:00, run_after=2024-05-30 00:00:00+00:00
[2024-05-30T00:07:30.193+0000] {processor.py:183} INFO - Processing /home/airflow/.local/lib/python3.8/site-packages/airflow/example_dags/example_branch_day_of_week_operator.py took 0.077 seconds
[2024-05-30T00:08:00.615+0000] {processor.py:161} INFO - Started process (PID=3632) to work on /home/airflow/.local/lib/python3.8/site-packages/airflow/example_dags/example_branch_day_of_week_operator.py
[2024-05-30T00:08:00.616+0000] {processor.py:830} INFO - Processing file /home/airflow/.local/lib/python3.8/site-packages/airflow/example_dags/example_branch_day_of_week_operator.py for tasks to queue
[2024-05-30T00:08:00.618+0000] {logging_mixin.py:188} INFO - [2024-05-30T00:08:00.617+0000] {dagbag.py:538} INFO - Filling up the DagBag from /home/airflow/.local/lib/python3.8/site-packages/airflow/example_dags/example_branch_day_of_week_operator.py
[2024-05-30T00:08:00.628+0000] {processor.py:840} INFO - DAG(s) 'example_weekday_branch_operator' retrieved from /home/airflow/.local/lib/python3.8/site-packages/airflow/example_dags/example_branch_day_of_week_operator.py
[2024-05-30T00:08:00.655+0000] {logging_mixin.py:188} INFO - [2024-05-30T00:08:00.655+0000] {dag.py:3036} INFO - Sync 1 DAGs
[2024-05-30T00:08:00.679+0000] {logging_mixin.py:188} INFO - [2024-05-30T00:08:00.679+0000] {dag.py:3823} INFO - Setting next_dagrun for example_weekday_branch_operator to 2024-05-29 00:00:00+00:00, run_after=2024-05-30 00:00:00+00:00
[2024-05-30T00:08:00.703+0000] {processor.py:183} INFO - Processing /home/airflow/.local/lib/python3.8/site-packages/airflow/example_dags/example_branch_day_of_week_operator.py took 0.091 seconds
[2024-05-30T00:08:30.988+0000] {processor.py:161} INFO - Started process (PID=3691) to work on /home/airflow/.local/lib/python3.8/site-packages/airflow/example_dags/example_branch_day_of_week_operator.py
[2024-05-30T00:08:30.989+0000] {processor.py:830} INFO - Processing file /home/airflow/.local/lib/python3.8/site-packages/airflow/example_dags/example_branch_day_of_week_operator.py for tasks to queue
[2024-05-30T00:08:30.990+0000] {logging_mixin.py:188} INFO - [2024-05-30T00:08:30.990+0000] {dagbag.py:538} INFO - Filling up the DagBag from /home/airflow/.local/lib/python3.8/site-packages/airflow/example_dags/example_branch_day_of_week_operator.py
[2024-05-30T00:08:30.998+0000] {processor.py:840} INFO - DAG(s) 'example_weekday_branch_operator' retrieved from /home/airflow/.local/lib/python3.8/site-packages/airflow/example_dags/example_branch_day_of_week_operator.py
[2024-05-30T00:08:31.019+0000] {logging_mixin.py:188} INFO - [2024-05-30T00:08:31.019+0000] {dag.py:3036} INFO - Sync 1 DAGs
[2024-05-30T00:08:31.042+0000] {logging_mixin.py:188} INFO - [2024-05-30T00:08:31.042+0000] {dag.py:3823} INFO - Setting next_dagrun for example_weekday_branch_operator to 2024-05-29 00:00:00+00:00, run_after=2024-05-30 00:00:00+00:00
[2024-05-30T00:08:31.062+0000] {processor.py:183} INFO - Processing /home/airflow/.local/lib/python3.8/site-packages/airflow/example_dags/example_branch_day_of_week_operator.py took 0.077 seconds
[2024-05-30T00:09:01.950+0000] {processor.py:161} INFO - Started process (PID=3750) to work on /home/airflow/.local/lib/python3.8/site-packages/airflow/example_dags/example_branch_day_of_week_operator.py
[2024-05-30T00:09:01.951+0000] {processor.py:830} INFO - Processing file /home/airflow/.local/lib/python3.8/site-packages/airflow/example_dags/example_branch_day_of_week_operator.py for tasks to queue
[2024-05-30T00:09:01.952+0000] {logging_mixin.py:188} INFO - [2024-05-30T00:09:01.952+0000] {dagbag.py:538} INFO - Filling up the DagBag from /home/airflow/.local/lib/python3.8/site-packages/airflow/example_dags/example_branch_day_of_week_operator.py
[2024-05-30T00:09:01.960+0000] {processor.py:840} INFO - DAG(s) 'example_weekday_branch_operator' retrieved from /home/airflow/.local/lib/python3.8/site-packages/airflow/example_dags/example_branch_day_of_week_operator.py
[2024-05-30T00:09:01.981+0000] {logging_mixin.py:188} INFO - [2024-05-30T00:09:01.980+0000] {dag.py:3036} INFO - Sync 1 DAGs
[2024-05-30T00:09:02.003+0000] {logging_mixin.py:188} INFO - [2024-05-30T00:09:02.003+0000] {dag.py:3823} INFO - Setting next_dagrun for example_weekday_branch_operator to 2024-05-29 00:00:00+00:00, run_after=2024-05-30 00:00:00+00:00
[2024-05-30T00:09:02.023+0000] {processor.py:183} INFO - Processing /home/airflow/.local/lib/python3.8/site-packages/airflow/example_dags/example_branch_day_of_week_operator.py took 0.076 seconds
[2024-05-30T00:09:32.254+0000] {processor.py:161} INFO - Started process (PID=3809) to work on /home/airflow/.local/lib/python3.8/site-packages/airflow/example_dags/example_branch_day_of_week_operator.py
[2024-05-30T00:09:32.255+0000] {processor.py:830} INFO - Processing file /home/airflow/.local/lib/python3.8/site-packages/airflow/example_dags/example_branch_day_of_week_operator.py for tasks to queue
[2024-05-30T00:09:32.256+0000] {logging_mixin.py:188} INFO - [2024-05-30T00:09:32.256+0000] {dagbag.py:538} INFO - Filling up the DagBag from /home/airflow/.local/lib/python3.8/site-packages/airflow/example_dags/example_branch_day_of_week_operator.py
[2024-05-30T00:09:32.264+0000] {processor.py:840} INFO - DAG(s) 'example_weekday_branch_operator' retrieved from /home/airflow/.local/lib/python3.8/site-packages/airflow/example_dags/example_branch_day_of_week_operator.py
[2024-05-30T00:09:32.285+0000] {logging_mixin.py:188} INFO - [2024-05-30T00:09:32.285+0000] {dag.py:3036} INFO - Sync 1 DAGs
[2024-05-30T00:09:32.306+0000] {logging_mixin.py:188} INFO - [2024-05-30T00:09:32.305+0000] {dag.py:3823} INFO - Setting next_dagrun for example_weekday_branch_operator to 2024-05-29 00:00:00+00:00, run_after=2024-05-30 00:00:00+00:00
[2024-05-30T00:09:32.324+0000] {processor.py:183} INFO - Processing /home/airflow/.local/lib/python3.8/site-packages/airflow/example_dags/example_branch_day_of_week_operator.py took 0.073 seconds
[2024-05-30T00:10:02.795+0000] {processor.py:161} INFO - Started process (PID=3868) to work on /home/airflow/.local/lib/python3.8/site-packages/airflow/example_dags/example_branch_day_of_week_operator.py
[2024-05-30T00:10:02.797+0000] {processor.py:830} INFO - Processing file /home/airflow/.local/lib/python3.8/site-packages/airflow/example_dags/example_branch_day_of_week_operator.py for tasks to queue
[2024-05-30T00:10:02.799+0000] {logging_mixin.py:188} INFO - [2024-05-30T00:10:02.799+0000] {dagbag.py:538} INFO - Filling up the DagBag from /home/airflow/.local/lib/python3.8/site-packages/airflow/example_dags/example_branch_day_of_week_operator.py
[2024-05-30T00:10:02.813+0000] {processor.py:840} INFO - DAG(s) 'example_weekday_branch_operator' retrieved from /home/airflow/.local/lib/python3.8/site-packages/airflow/example_dags/example_branch_day_of_week_operator.py
[2024-05-30T00:10:02.844+0000] {logging_mixin.py:188} INFO - [2024-05-30T00:10:02.844+0000] {dag.py:3036} INFO - Sync 1 DAGs
[2024-05-30T00:10:02.865+0000] {logging_mixin.py:188} INFO - [2024-05-30T00:10:02.865+0000] {dag.py:3823} INFO - Setting next_dagrun for example_weekday_branch_operator to 2024-05-29 00:00:00+00:00, run_after=2024-05-30 00:00:00+00:00
[2024-05-30T00:10:02.888+0000] {processor.py:183} INFO - Processing /home/airflow/.local/lib/python3.8/site-packages/airflow/example_dags/example_branch_day_of_week_operator.py took 0.100 seconds
[2024-05-30T00:10:33.720+0000] {processor.py:161} INFO - Started process (PID=3927) to work on /home/airflow/.local/lib/python3.8/site-packages/airflow/example_dags/example_branch_day_of_week_operator.py
[2024-05-30T00:10:33.721+0000] {processor.py:830} INFO - Processing file /home/airflow/.local/lib/python3.8/site-packages/airflow/example_dags/example_branch_day_of_week_operator.py for tasks to queue
[2024-05-30T00:10:33.722+0000] {logging_mixin.py:188} INFO - [2024-05-30T00:10:33.722+0000] {dagbag.py:538} INFO - Filling up the DagBag from /home/airflow/.local/lib/python3.8/site-packages/airflow/example_dags/example_branch_day_of_week_operator.py
[2024-05-30T00:10:33.732+0000] {processor.py:840} INFO - DAG(s) 'example_weekday_branch_operator' retrieved from /home/airflow/.local/lib/python3.8/site-packages/airflow/example_dags/example_branch_day_of_week_operator.py
[2024-05-30T00:10:33.757+0000] {logging_mixin.py:188} INFO - [2024-05-30T00:10:33.757+0000] {dag.py:3036} INFO - Sync 1 DAGs
[2024-05-30T00:10:33.779+0000] {logging_mixin.py:188} INFO - [2024-05-30T00:10:33.778+0000] {dag.py:3823} INFO - Setting next_dagrun for example_weekday_branch_operator to 2024-05-29 00:00:00+00:00, run_after=2024-05-30 00:00:00+00:00
[2024-05-30T00:10:33.799+0000] {processor.py:183} INFO - Processing /home/airflow/.local/lib/python3.8/site-packages/airflow/example_dags/example_branch_day_of_week_operator.py took 0.083 seconds
[2024-05-30T00:11:04.722+0000] {processor.py:161} INFO - Started process (PID=3986) to work on /home/airflow/.local/lib/python3.8/site-packages/airflow/example_dags/example_branch_day_of_week_operator.py
[2024-05-30T00:11:04.723+0000] {processor.py:830} INFO - Processing file /home/airflow/.local/lib/python3.8/site-packages/airflow/example_dags/example_branch_day_of_week_operator.py for tasks to queue
[2024-05-30T00:11:04.726+0000] {logging_mixin.py:188} INFO - [2024-05-30T00:11:04.725+0000] {dagbag.py:538} INFO - Filling up the DagBag from /home/airflow/.local/lib/python3.8/site-packages/airflow/example_dags/example_branch_day_of_week_operator.py
[2024-05-30T00:11:04.738+0000] {processor.py:840} INFO - DAG(s) 'example_weekday_branch_operator' retrieved from /home/airflow/.local/lib/python3.8/site-packages/airflow/example_dags/example_branch_day_of_week_operator.py
[2024-05-30T00:11:04.761+0000] {logging_mixin.py:188} INFO - [2024-05-30T00:11:04.760+0000] {dag.py:3036} INFO - Sync 1 DAGs
[2024-05-30T00:11:04.783+0000] {logging_mixin.py:188} INFO - [2024-05-30T00:11:04.783+0000] {dag.py:3823} INFO - Setting next_dagrun for example_weekday_branch_operator to 2024-05-29 00:00:00+00:00, run_after=2024-05-30 00:00:00+00:00
[2024-05-30T00:11:04.804+0000] {processor.py:183} INFO - Processing /home/airflow/.local/lib/python3.8/site-packages/airflow/example_dags/example_branch_day_of_week_operator.py took 0.088 seconds
[2024-05-30T00:11:35.062+0000] {processor.py:161} INFO - Started process (PID=4045) to work on /home/airflow/.local/lib/python3.8/site-packages/airflow/example_dags/example_branch_day_of_week_operator.py
[2024-05-30T00:11:35.063+0000] {processor.py:830} INFO - Processing file /home/airflow/.local/lib/python3.8/site-packages/airflow/example_dags/example_branch_day_of_week_operator.py for tasks to queue
[2024-05-30T00:11:35.064+0000] {logging_mixin.py:188} INFO - [2024-05-30T00:11:35.064+0000] {dagbag.py:538} INFO - Filling up the DagBag from /home/airflow/.local/lib/python3.8/site-packages/airflow/example_dags/example_branch_day_of_week_operator.py
[2024-05-30T00:11:35.072+0000] {processor.py:840} INFO - DAG(s) 'example_weekday_branch_operator' retrieved from /home/airflow/.local/lib/python3.8/site-packages/airflow/example_dags/example_branch_day_of_week_operator.py
[2024-05-30T00:11:35.093+0000] {logging_mixin.py:188} INFO - [2024-05-30T00:11:35.093+0000] {dag.py:3036} INFO - Sync 1 DAGs
[2024-05-30T00:11:35.114+0000] {logging_mixin.py:188} INFO - [2024-05-30T00:11:35.113+0000] {dag.py:3823} INFO - Setting next_dagrun for example_weekday_branch_operator to 2024-05-29 00:00:00+00:00, run_after=2024-05-30 00:00:00+00:00
[2024-05-30T00:11:35.135+0000] {processor.py:183} INFO - Processing /home/airflow/.local/lib/python3.8/site-packages/airflow/example_dags/example_branch_day_of_week_operator.py took 0.076 seconds
[2024-05-30T00:12:05.966+0000] {processor.py:161} INFO - Started process (PID=4104) to work on /home/airflow/.local/lib/python3.8/site-packages/airflow/example_dags/example_branch_day_of_week_operator.py
[2024-05-30T00:12:05.968+0000] {processor.py:830} INFO - Processing file /home/airflow/.local/lib/python3.8/site-packages/airflow/example_dags/example_branch_day_of_week_operator.py for tasks to queue
[2024-05-30T00:12:05.969+0000] {logging_mixin.py:188} INFO - [2024-05-30T00:12:05.969+0000] {dagbag.py:538} INFO - Filling up the DagBag from /home/airflow/.local/lib/python3.8/site-packages/airflow/example_dags/example_branch_day_of_week_operator.py
[2024-05-30T00:12:05.977+0000] {processor.py:840} INFO - DAG(s) 'example_weekday_branch_operator' retrieved from /home/airflow/.local/lib/python3.8/site-packages/airflow/example_dags/example_branch_day_of_week_operator.py
[2024-05-30T00:12:05.997+0000] {logging_mixin.py:188} INFO - [2024-05-30T00:12:05.997+0000] {dag.py:3036} INFO - Sync 1 DAGs
[2024-05-30T00:12:06.019+0000] {logging_mixin.py:188} INFO - [2024-05-30T00:12:06.018+0000] {dag.py:3823} INFO - Setting next_dagrun for example_weekday_branch_operator to 2024-05-29 00:00:00+00:00, run_after=2024-05-30 00:00:00+00:00
[2024-05-30T00:12:06.038+0000] {processor.py:183} INFO - Processing /home/airflow/.local/lib/python3.8/site-packages/airflow/example_dags/example_branch_day_of_week_operator.py took 0.075 seconds
[2024-05-30T00:12:36.479+0000] {processor.py:161} INFO - Started process (PID=4163) to work on /home/airflow/.local/lib/python3.8/site-packages/airflow/example_dags/example_branch_day_of_week_operator.py
[2024-05-30T00:12:36.480+0000] {processor.py:830} INFO - Processing file /home/airflow/.local/lib/python3.8/site-packages/airflow/example_dags/example_branch_day_of_week_operator.py for tasks to queue
[2024-05-30T00:12:36.481+0000] {logging_mixin.py:188} INFO - [2024-05-30T00:12:36.481+0000] {dagbag.py:538} INFO - Filling up the DagBag from /home/airflow/.local/lib/python3.8/site-packages/airflow/example_dags/example_branch_day_of_week_operator.py
[2024-05-30T00:12:36.490+0000] {processor.py:840} INFO - DAG(s) 'example_weekday_branch_operator' retrieved from /home/airflow/.local/lib/python3.8/site-packages/airflow/example_dags/example_branch_day_of_week_operator.py
[2024-05-30T00:12:36.511+0000] {logging_mixin.py:188} INFO - [2024-05-30T00:12:36.511+0000] {dag.py:3036} INFO - Sync 1 DAGs
[2024-05-30T00:12:36.532+0000] {logging_mixin.py:188} INFO - [2024-05-30T00:12:36.532+0000] {dag.py:3823} INFO - Setting next_dagrun for example_weekday_branch_operator to 2024-05-29 00:00:00+00:00, run_after=2024-05-30 00:00:00+00:00
[2024-05-30T00:12:36.553+0000] {processor.py:183} INFO - Processing /home/airflow/.local/lib/python3.8/site-packages/airflow/example_dags/example_branch_day_of_week_operator.py took 0.077 seconds
[2024-05-30T00:13:07.431+0000] {processor.py:161} INFO - Started process (PID=4228) to work on /home/airflow/.local/lib/python3.8/site-packages/airflow/example_dags/example_branch_day_of_week_operator.py
[2024-05-30T00:13:07.433+0000] {processor.py:830} INFO - Processing file /home/airflow/.local/lib/python3.8/site-packages/airflow/example_dags/example_branch_day_of_week_operator.py for tasks to queue
[2024-05-30T00:13:07.434+0000] {logging_mixin.py:188} INFO - [2024-05-30T00:13:07.434+0000] {dagbag.py:538} INFO - Filling up the DagBag from /home/airflow/.local/lib/python3.8/site-packages/airflow/example_dags/example_branch_day_of_week_operator.py
[2024-05-30T00:13:07.442+0000] {processor.py:840} INFO - DAG(s) 'example_weekday_branch_operator' retrieved from /home/airflow/.local/lib/python3.8/site-packages/airflow/example_dags/example_branch_day_of_week_operator.py
[2024-05-30T00:13:07.464+0000] {logging_mixin.py:188} INFO - [2024-05-30T00:13:07.463+0000] {dag.py:3036} INFO - Sync 1 DAGs
[2024-05-30T00:13:07.484+0000] {logging_mixin.py:188} INFO - [2024-05-30T00:13:07.484+0000] {dag.py:3823} INFO - Setting next_dagrun for example_weekday_branch_operator to 2024-05-29 00:00:00+00:00, run_after=2024-05-30 00:00:00+00:00
[2024-05-30T00:13:07.503+0000] {processor.py:183} INFO - Processing /home/airflow/.local/lib/python3.8/site-packages/airflow/example_dags/example_branch_day_of_week_operator.py took 0.074 seconds
[2024-05-30T00:13:38.147+0000] {processor.py:161} INFO - Started process (PID=4287) to work on /home/airflow/.local/lib/python3.8/site-packages/airflow/example_dags/example_branch_day_of_week_operator.py
[2024-05-30T00:13:38.149+0000] {processor.py:830} INFO - Processing file /home/airflow/.local/lib/python3.8/site-packages/airflow/example_dags/example_branch_day_of_week_operator.py for tasks to queue
[2024-05-30T00:13:38.151+0000] {logging_mixin.py:188} INFO - [2024-05-30T00:13:38.150+0000] {dagbag.py:538} INFO - Filling up the DagBag from /home/airflow/.local/lib/python3.8/site-packages/airflow/example_dags/example_branch_day_of_week_operator.py
[2024-05-30T00:13:38.166+0000] {processor.py:840} INFO - DAG(s) 'example_weekday_branch_operator' retrieved from /home/airflow/.local/lib/python3.8/site-packages/airflow/example_dags/example_branch_day_of_week_operator.py
[2024-05-30T00:13:38.199+0000] {logging_mixin.py:188} INFO - [2024-05-30T00:13:38.199+0000] {dag.py:3036} INFO - Sync 1 DAGs
[2024-05-30T00:13:38.221+0000] {logging_mixin.py:188} INFO - [2024-05-30T00:13:38.221+0000] {dag.py:3823} INFO - Setting next_dagrun for example_weekday_branch_operator to 2024-05-29 00:00:00+00:00, run_after=2024-05-30 00:00:00+00:00
[2024-05-30T00:13:38.243+0000] {processor.py:183} INFO - Processing /home/airflow/.local/lib/python3.8/site-packages/airflow/example_dags/example_branch_day_of_week_operator.py took 0.100 seconds
[2024-05-30T00:14:08.843+0000] {processor.py:161} INFO - Started process (PID=4346) to work on /home/airflow/.local/lib/python3.8/site-packages/airflow/example_dags/example_branch_day_of_week_operator.py
[2024-05-30T00:14:08.844+0000] {processor.py:830} INFO - Processing file /home/airflow/.local/lib/python3.8/site-packages/airflow/example_dags/example_branch_day_of_week_operator.py for tasks to queue
[2024-05-30T00:14:08.845+0000] {logging_mixin.py:188} INFO - [2024-05-30T00:14:08.845+0000] {dagbag.py:538} INFO - Filling up the DagBag from /home/airflow/.local/lib/python3.8/site-packages/airflow/example_dags/example_branch_day_of_week_operator.py
[2024-05-30T00:14:08.855+0000] {processor.py:840} INFO - DAG(s) 'example_weekday_branch_operator' retrieved from /home/airflow/.local/lib/python3.8/site-packages/airflow/example_dags/example_branch_day_of_week_operator.py
[2024-05-30T00:14:08.876+0000] {logging_mixin.py:188} INFO - [2024-05-30T00:14:08.875+0000] {dag.py:3036} INFO - Sync 1 DAGs
[2024-05-30T00:14:08.897+0000] {logging_mixin.py:188} INFO - [2024-05-30T00:14:08.897+0000] {dag.py:3823} INFO - Setting next_dagrun for example_weekday_branch_operator to 2024-05-29 00:00:00+00:00, run_after=2024-05-30 00:00:00+00:00
[2024-05-30T00:14:08.916+0000] {processor.py:183} INFO - Processing /home/airflow/.local/lib/python3.8/site-packages/airflow/example_dags/example_branch_day_of_week_operator.py took 0.077 seconds
