[2024-05-30T00:00:15.608+0000] {processor.py:161} INFO - Started process (PID=2750) to work on /home/airflow/.local/lib/python3.8/site-packages/airflow/example_dags/example_latest_only.py
[2024-05-30T00:00:15.609+0000] {processor.py:830} INFO - Processing file /home/airflow/.local/lib/python3.8/site-packages/airflow/example_dags/example_latest_only.py for tasks to queue
[2024-05-30T00:00:15.610+0000] {logging_mixin.py:188} INFO - [2024-05-30T00:00:15.610+0000] {dagbag.py:538} INFO - Filling up the DagBag from /home/airflow/.local/lib/python3.8/site-packages/airflow/example_dags/example_latest_only.py
[2024-05-30T00:00:15.616+0000] {processor.py:840} INFO - DAG(s) 'latest_only' retrieved from /home/airflow/.local/lib/python3.8/site-packages/airflow/example_dags/example_latest_only.py
[2024-05-30T00:00:15.642+0000] {logging_mixin.py:188} INFO - [2024-05-30T00:00:15.642+0000] {dag.py:3036} INFO - Sync 1 DAGs
[2024-05-30T00:00:15.665+0000] {logging_mixin.py:188} INFO - [2024-05-30T00:00:15.665+0000] {dag.py:3823} INFO - Setting next_dagrun for latest_only to 2024-05-29 20:00:00+00:00, run_after=2024-05-30 00:00:00+00:00
[2024-05-30T00:00:15.692+0000] {processor.py:183} INFO - Processing /home/airflow/.local/lib/python3.8/site-packages/airflow/example_dags/example_latest_only.py took 0.087 seconds
[2024-05-30T00:00:47.393+0000] {processor.py:161} INFO - Started process (PID=2809) to work on /home/airflow/.local/lib/python3.8/site-packages/airflow/example_dags/example_latest_only.py
[2024-05-30T00:00:47.395+0000] {processor.py:830} INFO - Processing file /home/airflow/.local/lib/python3.8/site-packages/airflow/example_dags/example_latest_only.py for tasks to queue
[2024-05-30T00:00:47.397+0000] {logging_mixin.py:188} INFO - [2024-05-30T00:00:47.396+0000] {dagbag.py:538} INFO - Filling up the DagBag from /home/airflow/.local/lib/python3.8/site-packages/airflow/example_dags/example_latest_only.py
[2024-05-30T00:00:47.407+0000] {processor.py:840} INFO - DAG(s) 'latest_only' retrieved from /home/airflow/.local/lib/python3.8/site-packages/airflow/example_dags/example_latest_only.py
[2024-05-30T00:00:47.442+0000] {logging_mixin.py:188} INFO - [2024-05-30T00:00:47.442+0000] {dag.py:3036} INFO - Sync 1 DAGs
[2024-05-30T00:00:47.519+0000] {logging_mixin.py:188} INFO - [2024-05-30T00:00:47.519+0000] {dag.py:3823} INFO - Setting next_dagrun for latest_only to 2024-05-29 20:00:00+00:00, run_after=2024-05-30 00:00:00+00:00
[2024-05-30T00:00:47.600+0000] {processor.py:183} INFO - Processing /home/airflow/.local/lib/python3.8/site-packages/airflow/example_dags/example_latest_only.py took 0.213 seconds
[2024-05-30T00:01:17.921+0000] {processor.py:161} INFO - Started process (PID=2868) to work on /home/airflow/.local/lib/python3.8/site-packages/airflow/example_dags/example_latest_only.py
[2024-05-30T00:01:17.923+0000] {processor.py:830} INFO - Processing file /home/airflow/.local/lib/python3.8/site-packages/airflow/example_dags/example_latest_only.py for tasks to queue
[2024-05-30T00:01:17.924+0000] {logging_mixin.py:188} INFO - [2024-05-30T00:01:17.924+0000] {dagbag.py:538} INFO - Filling up the DagBag from /home/airflow/.local/lib/python3.8/site-packages/airflow/example_dags/example_latest_only.py
[2024-05-30T00:01:17.932+0000] {processor.py:840} INFO - DAG(s) 'latest_only' retrieved from /home/airflow/.local/lib/python3.8/site-packages/airflow/example_dags/example_latest_only.py
[2024-05-30T00:01:17.961+0000] {logging_mixin.py:188} INFO - [2024-05-30T00:01:17.960+0000] {dag.py:3036} INFO - Sync 1 DAGs
[2024-05-30T00:01:17.994+0000] {logging_mixin.py:188} INFO - [2024-05-30T00:01:17.993+0000] {dag.py:3823} INFO - Setting next_dagrun for latest_only to 2024-05-29 20:00:00+00:00, run_after=2024-05-30 00:00:00+00:00
[2024-05-30T00:01:18.023+0000] {processor.py:183} INFO - Processing /home/airflow/.local/lib/python3.8/site-packages/airflow/example_dags/example_latest_only.py took 0.107 seconds
[2024-05-30T00:01:48.362+0000] {processor.py:161} INFO - Started process (PID=2927) to work on /home/airflow/.local/lib/python3.8/site-packages/airflow/example_dags/example_latest_only.py
[2024-05-30T00:01:48.363+0000] {processor.py:830} INFO - Processing file /home/airflow/.local/lib/python3.8/site-packages/airflow/example_dags/example_latest_only.py for tasks to queue
[2024-05-30T00:01:48.365+0000] {logging_mixin.py:188} INFO - [2024-05-30T00:01:48.364+0000] {dagbag.py:538} INFO - Filling up the DagBag from /home/airflow/.local/lib/python3.8/site-packages/airflow/example_dags/example_latest_only.py
[2024-05-30T00:01:48.370+0000] {processor.py:840} INFO - DAG(s) 'latest_only' retrieved from /home/airflow/.local/lib/python3.8/site-packages/airflow/example_dags/example_latest_only.py
[2024-05-30T00:01:48.389+0000] {logging_mixin.py:188} INFO - [2024-05-30T00:01:48.388+0000] {dag.py:3036} INFO - Sync 1 DAGs
[2024-05-30T00:01:48.409+0000] {logging_mixin.py:188} INFO - [2024-05-30T00:01:48.409+0000] {dag.py:3823} INFO - Setting next_dagrun for latest_only to 2024-05-29 20:00:00+00:00, run_after=2024-05-30 00:00:00+00:00
[2024-05-30T00:01:48.431+0000] {processor.py:183} INFO - Processing /home/airflow/.local/lib/python3.8/site-packages/airflow/example_dags/example_latest_only.py took 0.072 seconds
[2024-05-30T00:02:19.244+0000] {processor.py:161} INFO - Started process (PID=2986) to work on /home/airflow/.local/lib/python3.8/site-packages/airflow/example_dags/example_latest_only.py
[2024-05-30T00:02:19.246+0000] {processor.py:830} INFO - Processing file /home/airflow/.local/lib/python3.8/site-packages/airflow/example_dags/example_latest_only.py for tasks to queue
[2024-05-30T00:02:19.248+0000] {logging_mixin.py:188} INFO - [2024-05-30T00:02:19.248+0000] {dagbag.py:538} INFO - Filling up the DagBag from /home/airflow/.local/lib/python3.8/site-packages/airflow/example_dags/example_latest_only.py
[2024-05-30T00:02:19.255+0000] {processor.py:840} INFO - DAG(s) 'latest_only' retrieved from /home/airflow/.local/lib/python3.8/site-packages/airflow/example_dags/example_latest_only.py
[2024-05-30T00:02:19.276+0000] {logging_mixin.py:188} INFO - [2024-05-30T00:02:19.275+0000] {dag.py:3036} INFO - Sync 1 DAGs
[2024-05-30T00:02:19.296+0000] {logging_mixin.py:188} INFO - [2024-05-30T00:02:19.296+0000] {dag.py:3823} INFO - Setting next_dagrun for latest_only to 2024-05-29 20:00:00+00:00, run_after=2024-05-30 00:00:00+00:00
[2024-05-30T00:02:19.319+0000] {processor.py:183} INFO - Processing /home/airflow/.local/lib/python3.8/site-packages/airflow/example_dags/example_latest_only.py took 0.079 seconds
[2024-05-30T00:02:52.744+0000] {processor.py:161} INFO - Started process (PID=3045) to work on /home/airflow/.local/lib/python3.8/site-packages/airflow/example_dags/example_latest_only.py
[2024-05-30T00:02:52.746+0000] {processor.py:830} INFO - Processing file /home/airflow/.local/lib/python3.8/site-packages/airflow/example_dags/example_latest_only.py for tasks to queue
[2024-05-30T00:02:52.747+0000] {logging_mixin.py:188} INFO - [2024-05-30T00:02:52.747+0000] {dagbag.py:538} INFO - Filling up the DagBag from /home/airflow/.local/lib/python3.8/site-packages/airflow/example_dags/example_latest_only.py
[2024-05-30T00:02:52.756+0000] {processor.py:840} INFO - DAG(s) 'latest_only' retrieved from /home/airflow/.local/lib/python3.8/site-packages/airflow/example_dags/example_latest_only.py
[2024-05-30T00:02:52.784+0000] {logging_mixin.py:188} INFO - [2024-05-30T00:02:52.783+0000] {dag.py:3036} INFO - Sync 1 DAGs
[2024-05-30T00:02:52.817+0000] {logging_mixin.py:188} INFO - [2024-05-30T00:02:52.817+0000] {dag.py:3823} INFO - Setting next_dagrun for latest_only to 2024-05-29 20:00:00+00:00, run_after=2024-05-30 00:00:00+00:00
[2024-05-30T00:02:52.845+0000] {processor.py:183} INFO - Processing /home/airflow/.local/lib/python3.8/site-packages/airflow/example_dags/example_latest_only.py took 0.107 seconds
[2024-05-30T00:03:23.531+0000] {processor.py:161} INFO - Started process (PID=3104) to work on /home/airflow/.local/lib/python3.8/site-packages/airflow/example_dags/example_latest_only.py
[2024-05-30T00:03:23.532+0000] {processor.py:830} INFO - Processing file /home/airflow/.local/lib/python3.8/site-packages/airflow/example_dags/example_latest_only.py for tasks to queue
[2024-05-30T00:03:23.534+0000] {logging_mixin.py:188} INFO - [2024-05-30T00:03:23.534+0000] {dagbag.py:538} INFO - Filling up the DagBag from /home/airflow/.local/lib/python3.8/site-packages/airflow/example_dags/example_latest_only.py
[2024-05-30T00:03:23.539+0000] {processor.py:840} INFO - DAG(s) 'latest_only' retrieved from /home/airflow/.local/lib/python3.8/site-packages/airflow/example_dags/example_latest_only.py
[2024-05-30T00:03:23.561+0000] {logging_mixin.py:188} INFO - [2024-05-30T00:03:23.561+0000] {dag.py:3036} INFO - Sync 1 DAGs
[2024-05-30T00:03:23.581+0000] {logging_mixin.py:188} INFO - [2024-05-30T00:03:23.581+0000] {dag.py:3823} INFO - Setting next_dagrun for latest_only to 2024-05-29 20:00:00+00:00, run_after=2024-05-30 00:00:00+00:00
[2024-05-30T00:03:23.604+0000] {processor.py:183} INFO - Processing /home/airflow/.local/lib/python3.8/site-packages/airflow/example_dags/example_latest_only.py took 0.076 seconds
[2024-05-30T00:03:54.245+0000] {processor.py:161} INFO - Started process (PID=3163) to work on /home/airflow/.local/lib/python3.8/site-packages/airflow/example_dags/example_latest_only.py
[2024-05-30T00:03:54.246+0000] {processor.py:830} INFO - Processing file /home/airflow/.local/lib/python3.8/site-packages/airflow/example_dags/example_latest_only.py for tasks to queue
[2024-05-30T00:03:54.247+0000] {logging_mixin.py:188} INFO - [2024-05-30T00:03:54.247+0000] {dagbag.py:538} INFO - Filling up the DagBag from /home/airflow/.local/lib/python3.8/site-packages/airflow/example_dags/example_latest_only.py
[2024-05-30T00:03:54.254+0000] {processor.py:840} INFO - DAG(s) 'latest_only' retrieved from /home/airflow/.local/lib/python3.8/site-packages/airflow/example_dags/example_latest_only.py
[2024-05-30T00:03:54.274+0000] {logging_mixin.py:188} INFO - [2024-05-30T00:03:54.274+0000] {dag.py:3036} INFO - Sync 1 DAGs
[2024-05-30T00:03:54.294+0000] {logging_mixin.py:188} INFO - [2024-05-30T00:03:54.294+0000] {dag.py:3823} INFO - Setting next_dagrun for latest_only to 2024-05-29 20:00:00+00:00, run_after=2024-05-30 00:00:00+00:00
[2024-05-30T00:03:54.314+0000] {processor.py:183} INFO - Processing /home/airflow/.local/lib/python3.8/site-packages/airflow/example_dags/example_latest_only.py took 0.073 seconds
[2024-05-30T00:04:24.693+0000] {processor.py:161} INFO - Started process (PID=3222) to work on /home/airflow/.local/lib/python3.8/site-packages/airflow/example_dags/example_latest_only.py
[2024-05-30T00:04:24.695+0000] {processor.py:830} INFO - Processing file /home/airflow/.local/lib/python3.8/site-packages/airflow/example_dags/example_latest_only.py for tasks to queue
[2024-05-30T00:04:24.696+0000] {logging_mixin.py:188} INFO - [2024-05-30T00:04:24.696+0000] {dagbag.py:538} INFO - Filling up the DagBag from /home/airflow/.local/lib/python3.8/site-packages/airflow/example_dags/example_latest_only.py
[2024-05-30T00:04:24.701+0000] {processor.py:840} INFO - DAG(s) 'latest_only' retrieved from /home/airflow/.local/lib/python3.8/site-packages/airflow/example_dags/example_latest_only.py
[2024-05-30T00:04:24.723+0000] {logging_mixin.py:188} INFO - [2024-05-30T00:04:24.722+0000] {dag.py:3036} INFO - Sync 1 DAGs
[2024-05-30T00:04:24.743+0000] {logging_mixin.py:188} INFO - [2024-05-30T00:04:24.743+0000] {dag.py:3823} INFO - Setting next_dagrun for latest_only to 2024-05-29 20:00:00+00:00, run_after=2024-05-30 00:00:00+00:00
[2024-05-30T00:04:24.764+0000] {processor.py:183} INFO - Processing /home/airflow/.local/lib/python3.8/site-packages/airflow/example_dags/example_latest_only.py took 0.074 seconds
[2024-05-30T00:04:55.540+0000] {processor.py:161} INFO - Started process (PID=3281) to work on /home/airflow/.local/lib/python3.8/site-packages/airflow/example_dags/example_latest_only.py
[2024-05-30T00:04:55.541+0000] {processor.py:830} INFO - Processing file /home/airflow/.local/lib/python3.8/site-packages/airflow/example_dags/example_latest_only.py for tasks to queue
[2024-05-30T00:04:55.542+0000] {logging_mixin.py:188} INFO - [2024-05-30T00:04:55.542+0000] {dagbag.py:538} INFO - Filling up the DagBag from /home/airflow/.local/lib/python3.8/site-packages/airflow/example_dags/example_latest_only.py
[2024-05-30T00:04:55.548+0000] {processor.py:840} INFO - DAG(s) 'latest_only' retrieved from /home/airflow/.local/lib/python3.8/site-packages/airflow/example_dags/example_latest_only.py
[2024-05-30T00:04:55.570+0000] {logging_mixin.py:188} INFO - [2024-05-30T00:04:55.570+0000] {dag.py:3036} INFO - Sync 1 DAGs
[2024-05-30T00:04:55.707+0000] {logging_mixin.py:188} INFO - [2024-05-30T00:04:55.706+0000] {dag.py:3823} INFO - Setting next_dagrun for latest_only to 2024-05-29 20:00:00+00:00, run_after=2024-05-30 00:00:00+00:00
[2024-05-30T00:04:55.725+0000] {processor.py:183} INFO - Processing /home/airflow/.local/lib/python3.8/site-packages/airflow/example_dags/example_latest_only.py took 0.188 seconds
[2024-05-30T00:05:25.889+0000] {processor.py:161} INFO - Started process (PID=3340) to work on /home/airflow/.local/lib/python3.8/site-packages/airflow/example_dags/example_latest_only.py
[2024-05-30T00:05:25.890+0000] {processor.py:830} INFO - Processing file /home/airflow/.local/lib/python3.8/site-packages/airflow/example_dags/example_latest_only.py for tasks to queue
[2024-05-30T00:05:25.892+0000] {logging_mixin.py:188} INFO - [2024-05-30T00:05:25.891+0000] {dagbag.py:538} INFO - Filling up the DagBag from /home/airflow/.local/lib/python3.8/site-packages/airflow/example_dags/example_latest_only.py
[2024-05-30T00:05:25.899+0000] {processor.py:840} INFO - DAG(s) 'latest_only' retrieved from /home/airflow/.local/lib/python3.8/site-packages/airflow/example_dags/example_latest_only.py
[2024-05-30T00:05:25.924+0000] {logging_mixin.py:188} INFO - [2024-05-30T00:05:25.924+0000] {dag.py:3036} INFO - Sync 1 DAGs
[2024-05-30T00:05:25.944+0000] {logging_mixin.py:188} INFO - [2024-05-30T00:05:25.944+0000] {dag.py:3823} INFO - Setting next_dagrun for latest_only to 2024-05-29 20:00:00+00:00, run_after=2024-05-30 00:00:00+00:00
[2024-05-30T00:05:25.983+0000] {processor.py:183} INFO - Processing /home/airflow/.local/lib/python3.8/site-packages/airflow/example_dags/example_latest_only.py took 0.098 seconds
[2024-05-30T00:05:56.740+0000] {processor.py:161} INFO - Started process (PID=3399) to work on /home/airflow/.local/lib/python3.8/site-packages/airflow/example_dags/example_latest_only.py
[2024-05-30T00:05:56.741+0000] {processor.py:830} INFO - Processing file /home/airflow/.local/lib/python3.8/site-packages/airflow/example_dags/example_latest_only.py for tasks to queue
[2024-05-30T00:05:56.743+0000] {logging_mixin.py:188} INFO - [2024-05-30T00:05:56.743+0000] {dagbag.py:538} INFO - Filling up the DagBag from /home/airflow/.local/lib/python3.8/site-packages/airflow/example_dags/example_latest_only.py
[2024-05-30T00:05:56.748+0000] {processor.py:840} INFO - DAG(s) 'latest_only' retrieved from /home/airflow/.local/lib/python3.8/site-packages/airflow/example_dags/example_latest_only.py
[2024-05-30T00:05:56.767+0000] {logging_mixin.py:188} INFO - [2024-05-30T00:05:56.767+0000] {dag.py:3036} INFO - Sync 1 DAGs
[2024-05-30T00:05:56.788+0000] {logging_mixin.py:188} INFO - [2024-05-30T00:05:56.788+0000] {dag.py:3823} INFO - Setting next_dagrun for latest_only to 2024-05-29 20:00:00+00:00, run_after=2024-05-30 00:00:00+00:00
[2024-05-30T00:05:56.808+0000] {processor.py:183} INFO - Processing /home/airflow/.local/lib/python3.8/site-packages/airflow/example_dags/example_latest_only.py took 0.071 seconds
[2024-05-30T00:06:28.876+0000] {processor.py:161} INFO - Started process (PID=3458) to work on /home/airflow/.local/lib/python3.8/site-packages/airflow/example_dags/example_latest_only.py
[2024-05-30T00:06:28.877+0000] {processor.py:830} INFO - Processing file /home/airflow/.local/lib/python3.8/site-packages/airflow/example_dags/example_latest_only.py for tasks to queue
[2024-05-30T00:06:28.879+0000] {logging_mixin.py:188} INFO - [2024-05-30T00:06:28.879+0000] {dagbag.py:538} INFO - Filling up the DagBag from /home/airflow/.local/lib/python3.8/site-packages/airflow/example_dags/example_latest_only.py
[2024-05-30T00:06:28.886+0000] {processor.py:840} INFO - DAG(s) 'latest_only' retrieved from /home/airflow/.local/lib/python3.8/site-packages/airflow/example_dags/example_latest_only.py
[2024-05-30T00:06:29.031+0000] {logging_mixin.py:188} INFO - [2024-05-30T00:06:29.031+0000] {dag.py:3036} INFO - Sync 1 DAGs
[2024-05-30T00:06:29.049+0000] {logging_mixin.py:188} INFO - [2024-05-30T00:06:29.048+0000] {dag.py:3823} INFO - Setting next_dagrun for latest_only to 2024-05-29 20:00:00+00:00, run_after=2024-05-30 00:00:00+00:00
[2024-05-30T00:06:29.068+0000] {processor.py:183} INFO - Processing /home/airflow/.local/lib/python3.8/site-packages/airflow/example_dags/example_latest_only.py took 0.196 seconds
[2024-05-30T00:06:59.415+0000] {processor.py:161} INFO - Started process (PID=3517) to work on /home/airflow/.local/lib/python3.8/site-packages/airflow/example_dags/example_latest_only.py
[2024-05-30T00:06:59.416+0000] {processor.py:830} INFO - Processing file /home/airflow/.local/lib/python3.8/site-packages/airflow/example_dags/example_latest_only.py for tasks to queue
[2024-05-30T00:06:59.418+0000] {logging_mixin.py:188} INFO - [2024-05-30T00:06:59.417+0000] {dagbag.py:538} INFO - Filling up the DagBag from /home/airflow/.local/lib/python3.8/site-packages/airflow/example_dags/example_latest_only.py
[2024-05-30T00:06:59.424+0000] {processor.py:840} INFO - DAG(s) 'latest_only' retrieved from /home/airflow/.local/lib/python3.8/site-packages/airflow/example_dags/example_latest_only.py
[2024-05-30T00:06:59.444+0000] {logging_mixin.py:188} INFO - [2024-05-30T00:06:59.444+0000] {dag.py:3036} INFO - Sync 1 DAGs
[2024-05-30T00:06:59.464+0000] {logging_mixin.py:188} INFO - [2024-05-30T00:06:59.464+0000] {dag.py:3823} INFO - Setting next_dagrun for latest_only to 2024-05-29 20:00:00+00:00, run_after=2024-05-30 00:00:00+00:00
[2024-05-30T00:06:59.488+0000] {processor.py:183} INFO - Processing /home/airflow/.local/lib/python3.8/site-packages/airflow/example_dags/example_latest_only.py took 0.077 seconds
[2024-05-30T00:07:30.358+0000] {processor.py:161} INFO - Started process (PID=3576) to work on /home/airflow/.local/lib/python3.8/site-packages/airflow/example_dags/example_latest_only.py
[2024-05-30T00:07:30.359+0000] {processor.py:830} INFO - Processing file /home/airflow/.local/lib/python3.8/site-packages/airflow/example_dags/example_latest_only.py for tasks to queue
[2024-05-30T00:07:30.360+0000] {logging_mixin.py:188} INFO - [2024-05-30T00:07:30.360+0000] {dagbag.py:538} INFO - Filling up the DagBag from /home/airflow/.local/lib/python3.8/site-packages/airflow/example_dags/example_latest_only.py
[2024-05-30T00:07:30.366+0000] {processor.py:840} INFO - DAG(s) 'latest_only' retrieved from /home/airflow/.local/lib/python3.8/site-packages/airflow/example_dags/example_latest_only.py
[2024-05-30T00:07:30.388+0000] {logging_mixin.py:188} INFO - [2024-05-30T00:07:30.388+0000] {dag.py:3036} INFO - Sync 1 DAGs
[2024-05-30T00:07:30.408+0000] {logging_mixin.py:188} INFO - [2024-05-30T00:07:30.408+0000] {dag.py:3823} INFO - Setting next_dagrun for latest_only to 2024-05-29 20:00:00+00:00, run_after=2024-05-30 00:00:00+00:00
[2024-05-30T00:07:30.428+0000] {processor.py:183} INFO - Processing /home/airflow/.local/lib/python3.8/site-packages/airflow/example_dags/example_latest_only.py took 0.074 seconds
[2024-05-30T00:08:00.865+0000] {processor.py:161} INFO - Started process (PID=3635) to work on /home/airflow/.local/lib/python3.8/site-packages/airflow/example_dags/example_latest_only.py
[2024-05-30T00:08:00.867+0000] {processor.py:830} INFO - Processing file /home/airflow/.local/lib/python3.8/site-packages/airflow/example_dags/example_latest_only.py for tasks to queue
[2024-05-30T00:08:00.868+0000] {logging_mixin.py:188} INFO - [2024-05-30T00:08:00.867+0000] {dagbag.py:538} INFO - Filling up the DagBag from /home/airflow/.local/lib/python3.8/site-packages/airflow/example_dags/example_latest_only.py
[2024-05-30T00:08:00.873+0000] {processor.py:840} INFO - DAG(s) 'latest_only' retrieved from /home/airflow/.local/lib/python3.8/site-packages/airflow/example_dags/example_latest_only.py
[2024-05-30T00:08:00.895+0000] {logging_mixin.py:188} INFO - [2024-05-30T00:08:00.895+0000] {dag.py:3036} INFO - Sync 1 DAGs
[2024-05-30T00:08:00.917+0000] {logging_mixin.py:188} INFO - [2024-05-30T00:08:00.917+0000] {dag.py:3823} INFO - Setting next_dagrun for latest_only to 2024-05-29 20:00:00+00:00, run_after=2024-05-30 00:00:00+00:00
[2024-05-30T00:08:00.937+0000] {processor.py:183} INFO - Processing /home/airflow/.local/lib/python3.8/site-packages/airflow/example_dags/example_latest_only.py took 0.075 seconds
[2024-05-30T00:08:31.245+0000] {processor.py:161} INFO - Started process (PID=3694) to work on /home/airflow/.local/lib/python3.8/site-packages/airflow/example_dags/example_latest_only.py
[2024-05-30T00:08:31.246+0000] {processor.py:830} INFO - Processing file /home/airflow/.local/lib/python3.8/site-packages/airflow/example_dags/example_latest_only.py for tasks to queue
[2024-05-30T00:08:31.247+0000] {logging_mixin.py:188} INFO - [2024-05-30T00:08:31.247+0000] {dagbag.py:538} INFO - Filling up the DagBag from /home/airflow/.local/lib/python3.8/site-packages/airflow/example_dags/example_latest_only.py
[2024-05-30T00:08:31.254+0000] {processor.py:840} INFO - DAG(s) 'latest_only' retrieved from /home/airflow/.local/lib/python3.8/site-packages/airflow/example_dags/example_latest_only.py
[2024-05-30T00:08:31.279+0000] {logging_mixin.py:188} INFO - [2024-05-30T00:08:31.279+0000] {dag.py:3036} INFO - Sync 1 DAGs
[2024-05-30T00:08:31.302+0000] {logging_mixin.py:188} INFO - [2024-05-30T00:08:31.302+0000] {dag.py:3823} INFO - Setting next_dagrun for latest_only to 2024-05-29 20:00:00+00:00, run_after=2024-05-30 00:00:00+00:00
[2024-05-30T00:08:31.325+0000] {processor.py:183} INFO - Processing /home/airflow/.local/lib/python3.8/site-packages/airflow/example_dags/example_latest_only.py took 0.085 seconds
[2024-05-30T00:09:02.176+0000] {processor.py:161} INFO - Started process (PID=3753) to work on /home/airflow/.local/lib/python3.8/site-packages/airflow/example_dags/example_latest_only.py
[2024-05-30T00:09:02.177+0000] {processor.py:830} INFO - Processing file /home/airflow/.local/lib/python3.8/site-packages/airflow/example_dags/example_latest_only.py for tasks to queue
[2024-05-30T00:09:02.178+0000] {logging_mixin.py:188} INFO - [2024-05-30T00:09:02.178+0000] {dagbag.py:538} INFO - Filling up the DagBag from /home/airflow/.local/lib/python3.8/site-packages/airflow/example_dags/example_latest_only.py
[2024-05-30T00:09:02.184+0000] {processor.py:840} INFO - DAG(s) 'latest_only' retrieved from /home/airflow/.local/lib/python3.8/site-packages/airflow/example_dags/example_latest_only.py
[2024-05-30T00:09:02.206+0000] {logging_mixin.py:188} INFO - [2024-05-30T00:09:02.206+0000] {dag.py:3036} INFO - Sync 1 DAGs
[2024-05-30T00:09:02.228+0000] {logging_mixin.py:188} INFO - [2024-05-30T00:09:02.227+0000] {dag.py:3823} INFO - Setting next_dagrun for latest_only to 2024-05-29 20:00:00+00:00, run_after=2024-05-30 00:00:00+00:00
[2024-05-30T00:09:02.251+0000] {processor.py:183} INFO - Processing /home/airflow/.local/lib/python3.8/site-packages/airflow/example_dags/example_latest_only.py took 0.078 seconds
[2024-05-30T00:09:32.499+0000] {processor.py:161} INFO - Started process (PID=3812) to work on /home/airflow/.local/lib/python3.8/site-packages/airflow/example_dags/example_latest_only.py
[2024-05-30T00:09:32.500+0000] {processor.py:830} INFO - Processing file /home/airflow/.local/lib/python3.8/site-packages/airflow/example_dags/example_latest_only.py for tasks to queue
[2024-05-30T00:09:32.502+0000] {logging_mixin.py:188} INFO - [2024-05-30T00:09:32.502+0000] {dagbag.py:538} INFO - Filling up the DagBag from /home/airflow/.local/lib/python3.8/site-packages/airflow/example_dags/example_latest_only.py
[2024-05-30T00:09:32.508+0000] {processor.py:840} INFO - DAG(s) 'latest_only' retrieved from /home/airflow/.local/lib/python3.8/site-packages/airflow/example_dags/example_latest_only.py
[2024-05-30T00:09:32.529+0000] {logging_mixin.py:188} INFO - [2024-05-30T00:09:32.529+0000] {dag.py:3036} INFO - Sync 1 DAGs
[2024-05-30T00:09:32.549+0000] {logging_mixin.py:188} INFO - [2024-05-30T00:09:32.549+0000] {dag.py:3823} INFO - Setting next_dagrun for latest_only to 2024-05-29 20:00:00+00:00, run_after=2024-05-30 00:00:00+00:00
[2024-05-30T00:09:32.571+0000] {processor.py:183} INFO - Processing /home/airflow/.local/lib/python3.8/site-packages/airflow/example_dags/example_latest_only.py took 0.075 seconds
[2024-05-30T00:10:03.062+0000] {processor.py:161} INFO - Started process (PID=3871) to work on /home/airflow/.local/lib/python3.8/site-packages/airflow/example_dags/example_latest_only.py
[2024-05-30T00:10:03.063+0000] {processor.py:830} INFO - Processing file /home/airflow/.local/lib/python3.8/site-packages/airflow/example_dags/example_latest_only.py for tasks to queue
[2024-05-30T00:10:03.064+0000] {logging_mixin.py:188} INFO - [2024-05-30T00:10:03.064+0000] {dagbag.py:538} INFO - Filling up the DagBag from /home/airflow/.local/lib/python3.8/site-packages/airflow/example_dags/example_latest_only.py
[2024-05-30T00:10:03.070+0000] {processor.py:840} INFO - DAG(s) 'latest_only' retrieved from /home/airflow/.local/lib/python3.8/site-packages/airflow/example_dags/example_latest_only.py
[2024-05-30T00:10:03.088+0000] {logging_mixin.py:188} INFO - [2024-05-30T00:10:03.088+0000] {dag.py:3036} INFO - Sync 1 DAGs
[2024-05-30T00:10:03.108+0000] {logging_mixin.py:188} INFO - [2024-05-30T00:10:03.108+0000] {dag.py:3823} INFO - Setting next_dagrun for latest_only to 2024-05-29 20:00:00+00:00, run_after=2024-05-30 00:00:00+00:00
[2024-05-30T00:10:03.131+0000] {processor.py:183} INFO - Processing /home/airflow/.local/lib/python3.8/site-packages/airflow/example_dags/example_latest_only.py took 0.072 seconds
[2024-05-30T00:10:33.944+0000] {processor.py:161} INFO - Started process (PID=3930) to work on /home/airflow/.local/lib/python3.8/site-packages/airflow/example_dags/example_latest_only.py
[2024-05-30T00:10:33.945+0000] {processor.py:830} INFO - Processing file /home/airflow/.local/lib/python3.8/site-packages/airflow/example_dags/example_latest_only.py for tasks to queue
[2024-05-30T00:10:33.947+0000] {logging_mixin.py:188} INFO - [2024-05-30T00:10:33.946+0000] {dagbag.py:538} INFO - Filling up the DagBag from /home/airflow/.local/lib/python3.8/site-packages/airflow/example_dags/example_latest_only.py
[2024-05-30T00:10:33.952+0000] {processor.py:840} INFO - DAG(s) 'latest_only' retrieved from /home/airflow/.local/lib/python3.8/site-packages/airflow/example_dags/example_latest_only.py
[2024-05-30T00:10:33.971+0000] {logging_mixin.py:188} INFO - [2024-05-30T00:10:33.971+0000] {dag.py:3036} INFO - Sync 1 DAGs
[2024-05-30T00:10:33.992+0000] {logging_mixin.py:188} INFO - [2024-05-30T00:10:33.992+0000] {dag.py:3823} INFO - Setting next_dagrun for latest_only to 2024-05-29 20:00:00+00:00, run_after=2024-05-30 00:00:00+00:00
[2024-05-30T00:10:34.013+0000] {processor.py:183} INFO - Processing /home/airflow/.local/lib/python3.8/site-packages/airflow/example_dags/example_latest_only.py took 0.072 seconds
[2024-05-30T00:11:05.017+0000] {processor.py:161} INFO - Started process (PID=3989) to work on /home/airflow/.local/lib/python3.8/site-packages/airflow/example_dags/example_latest_only.py
[2024-05-30T00:11:05.018+0000] {processor.py:830} INFO - Processing file /home/airflow/.local/lib/python3.8/site-packages/airflow/example_dags/example_latest_only.py for tasks to queue
[2024-05-30T00:11:05.020+0000] {logging_mixin.py:188} INFO - [2024-05-30T00:11:05.020+0000] {dagbag.py:538} INFO - Filling up the DagBag from /home/airflow/.local/lib/python3.8/site-packages/airflow/example_dags/example_latest_only.py
[2024-05-30T00:11:05.027+0000] {processor.py:840} INFO - DAG(s) 'latest_only' retrieved from /home/airflow/.local/lib/python3.8/site-packages/airflow/example_dags/example_latest_only.py
[2024-05-30T00:11:05.049+0000] {logging_mixin.py:188} INFO - [2024-05-30T00:11:05.048+0000] {dag.py:3036} INFO - Sync 1 DAGs
[2024-05-30T00:11:05.069+0000] {logging_mixin.py:188} INFO - [2024-05-30T00:11:05.069+0000] {dag.py:3823} INFO - Setting next_dagrun for latest_only to 2024-05-29 20:00:00+00:00, run_after=2024-05-30 00:00:00+00:00
[2024-05-30T00:11:05.092+0000] {processor.py:183} INFO - Processing /home/airflow/.local/lib/python3.8/site-packages/airflow/example_dags/example_latest_only.py took 0.078 seconds
[2024-05-30T00:11:35.275+0000] {processor.py:161} INFO - Started process (PID=4048) to work on /home/airflow/.local/lib/python3.8/site-packages/airflow/example_dags/example_latest_only.py
[2024-05-30T00:11:35.276+0000] {processor.py:830} INFO - Processing file /home/airflow/.local/lib/python3.8/site-packages/airflow/example_dags/example_latest_only.py for tasks to queue
[2024-05-30T00:11:35.277+0000] {logging_mixin.py:188} INFO - [2024-05-30T00:11:35.277+0000] {dagbag.py:538} INFO - Filling up the DagBag from /home/airflow/.local/lib/python3.8/site-packages/airflow/example_dags/example_latest_only.py
[2024-05-30T00:11:35.284+0000] {processor.py:840} INFO - DAG(s) 'latest_only' retrieved from /home/airflow/.local/lib/python3.8/site-packages/airflow/example_dags/example_latest_only.py
[2024-05-30T00:11:35.303+0000] {logging_mixin.py:188} INFO - [2024-05-30T00:11:35.303+0000] {dag.py:3036} INFO - Sync 1 DAGs
[2024-05-30T00:11:35.323+0000] {logging_mixin.py:188} INFO - [2024-05-30T00:11:35.323+0000] {dag.py:3823} INFO - Setting next_dagrun for latest_only to 2024-05-29 20:00:00+00:00, run_after=2024-05-30 00:00:00+00:00
[2024-05-30T00:11:35.344+0000] {processor.py:183} INFO - Processing /home/airflow/.local/lib/python3.8/site-packages/airflow/example_dags/example_latest_only.py took 0.071 seconds
[2024-05-30T00:12:06.211+0000] {processor.py:161} INFO - Started process (PID=4107) to work on /home/airflow/.local/lib/python3.8/site-packages/airflow/example_dags/example_latest_only.py
[2024-05-30T00:12:06.213+0000] {processor.py:830} INFO - Processing file /home/airflow/.local/lib/python3.8/site-packages/airflow/example_dags/example_latest_only.py for tasks to queue
[2024-05-30T00:12:06.215+0000] {logging_mixin.py:188} INFO - [2024-05-30T00:12:06.215+0000] {dagbag.py:538} INFO - Filling up the DagBag from /home/airflow/.local/lib/python3.8/site-packages/airflow/example_dags/example_latest_only.py
[2024-05-30T00:12:06.226+0000] {processor.py:840} INFO - DAG(s) 'latest_only' retrieved from /home/airflow/.local/lib/python3.8/site-packages/airflow/example_dags/example_latest_only.py
[2024-05-30T00:12:06.251+0000] {logging_mixin.py:188} INFO - [2024-05-30T00:12:06.251+0000] {dag.py:3036} INFO - Sync 1 DAGs
[2024-05-30T00:12:06.274+0000] {logging_mixin.py:188} INFO - [2024-05-30T00:12:06.274+0000] {dag.py:3823} INFO - Setting next_dagrun for latest_only to 2024-05-29 20:00:00+00:00, run_after=2024-05-30 00:00:00+00:00
[2024-05-30T00:12:06.297+0000] {processor.py:183} INFO - Processing /home/airflow/.local/lib/python3.8/site-packages/airflow/example_dags/example_latest_only.py took 0.092 seconds
[2024-05-30T00:12:36.720+0000] {processor.py:161} INFO - Started process (PID=4166) to work on /home/airflow/.local/lib/python3.8/site-packages/airflow/example_dags/example_latest_only.py
[2024-05-30T00:12:36.721+0000] {processor.py:830} INFO - Processing file /home/airflow/.local/lib/python3.8/site-packages/airflow/example_dags/example_latest_only.py for tasks to queue
[2024-05-30T00:12:36.722+0000] {logging_mixin.py:188} INFO - [2024-05-30T00:12:36.722+0000] {dagbag.py:538} INFO - Filling up the DagBag from /home/airflow/.local/lib/python3.8/site-packages/airflow/example_dags/example_latest_only.py
[2024-05-30T00:12:36.728+0000] {processor.py:840} INFO - DAG(s) 'latest_only' retrieved from /home/airflow/.local/lib/python3.8/site-packages/airflow/example_dags/example_latest_only.py
[2024-05-30T00:12:36.749+0000] {logging_mixin.py:188} INFO - [2024-05-30T00:12:36.748+0000] {dag.py:3036} INFO - Sync 1 DAGs
[2024-05-30T00:12:36.768+0000] {logging_mixin.py:188} INFO - [2024-05-30T00:12:36.768+0000] {dag.py:3823} INFO - Setting next_dagrun for latest_only to 2024-05-29 20:00:00+00:00, run_after=2024-05-30 00:00:00+00:00
[2024-05-30T00:12:36.790+0000] {processor.py:183} INFO - Processing /home/airflow/.local/lib/python3.8/site-packages/airflow/example_dags/example_latest_only.py took 0.073 seconds
[2024-05-30T00:13:07.677+0000] {processor.py:161} INFO - Started process (PID=4231) to work on /home/airflow/.local/lib/python3.8/site-packages/airflow/example_dags/example_latest_only.py
[2024-05-30T00:13:07.678+0000] {processor.py:830} INFO - Processing file /home/airflow/.local/lib/python3.8/site-packages/airflow/example_dags/example_latest_only.py for tasks to queue
[2024-05-30T00:13:07.680+0000] {logging_mixin.py:188} INFO - [2024-05-30T00:13:07.679+0000] {dagbag.py:538} INFO - Filling up the DagBag from /home/airflow/.local/lib/python3.8/site-packages/airflow/example_dags/example_latest_only.py
[2024-05-30T00:13:07.685+0000] {processor.py:840} INFO - DAG(s) 'latest_only' retrieved from /home/airflow/.local/lib/python3.8/site-packages/airflow/example_dags/example_latest_only.py
[2024-05-30T00:13:07.706+0000] {logging_mixin.py:188} INFO - [2024-05-30T00:13:07.706+0000] {dag.py:3036} INFO - Sync 1 DAGs
[2024-05-30T00:13:07.727+0000] {logging_mixin.py:188} INFO - [2024-05-30T00:13:07.727+0000] {dag.py:3823} INFO - Setting next_dagrun for latest_only to 2024-05-29 20:00:00+00:00, run_after=2024-05-30 00:00:00+00:00
[2024-05-30T00:13:07.745+0000] {processor.py:183} INFO - Processing /home/airflow/.local/lib/python3.8/site-packages/airflow/example_dags/example_latest_only.py took 0.071 seconds
[2024-05-30T00:13:38.393+0000] {processor.py:161} INFO - Started process (PID=4290) to work on /home/airflow/.local/lib/python3.8/site-packages/airflow/example_dags/example_latest_only.py
[2024-05-30T00:13:38.394+0000] {processor.py:830} INFO - Processing file /home/airflow/.local/lib/python3.8/site-packages/airflow/example_dags/example_latest_only.py for tasks to queue
[2024-05-30T00:13:38.395+0000] {logging_mixin.py:188} INFO - [2024-05-30T00:13:38.395+0000] {dagbag.py:538} INFO - Filling up the DagBag from /home/airflow/.local/lib/python3.8/site-packages/airflow/example_dags/example_latest_only.py
[2024-05-30T00:13:38.401+0000] {processor.py:840} INFO - DAG(s) 'latest_only' retrieved from /home/airflow/.local/lib/python3.8/site-packages/airflow/example_dags/example_latest_only.py
[2024-05-30T00:13:38.420+0000] {logging_mixin.py:188} INFO - [2024-05-30T00:13:38.419+0000] {dag.py:3036} INFO - Sync 1 DAGs
[2024-05-30T00:13:38.440+0000] {logging_mixin.py:188} INFO - [2024-05-30T00:13:38.440+0000] {dag.py:3823} INFO - Setting next_dagrun for latest_only to 2024-05-29 20:00:00+00:00, run_after=2024-05-30 00:00:00+00:00
[2024-05-30T00:13:38.461+0000] {processor.py:183} INFO - Processing /home/airflow/.local/lib/python3.8/site-packages/airflow/example_dags/example_latest_only.py took 0.070 seconds
[2024-05-30T00:14:09.094+0000] {processor.py:161} INFO - Started process (PID=4349) to work on /home/airflow/.local/lib/python3.8/site-packages/airflow/example_dags/example_latest_only.py
[2024-05-30T00:14:09.095+0000] {processor.py:830} INFO - Processing file /home/airflow/.local/lib/python3.8/site-packages/airflow/example_dags/example_latest_only.py for tasks to queue
[2024-05-30T00:14:09.097+0000] {logging_mixin.py:188} INFO - [2024-05-30T00:14:09.097+0000] {dagbag.py:538} INFO - Filling up the DagBag from /home/airflow/.local/lib/python3.8/site-packages/airflow/example_dags/example_latest_only.py
[2024-05-30T00:14:09.108+0000] {processor.py:840} INFO - DAG(s) 'latest_only' retrieved from /home/airflow/.local/lib/python3.8/site-packages/airflow/example_dags/example_latest_only.py
[2024-05-30T00:14:09.139+0000] {logging_mixin.py:188} INFO - [2024-05-30T00:14:09.139+0000] {dag.py:3036} INFO - Sync 1 DAGs
[2024-05-30T00:14:09.161+0000] {logging_mixin.py:188} INFO - [2024-05-30T00:14:09.161+0000] {dag.py:3823} INFO - Setting next_dagrun for latest_only to 2024-05-29 20:00:00+00:00, run_after=2024-05-30 00:00:00+00:00
[2024-05-30T00:14:09.182+0000] {processor.py:183} INFO - Processing /home/airflow/.local/lib/python3.8/site-packages/airflow/example_dags/example_latest_only.py took 0.093 seconds
[2024-05-30T00:20:46.890+0000] {processor.py:161} INFO - Started process (PID=5115) to work on /home/airflow/.local/lib/python3.8/site-packages/airflow/example_dags/example_latest_only.py
[2024-05-30T00:20:46.891+0000] {processor.py:830} INFO - Processing file /home/airflow/.local/lib/python3.8/site-packages/airflow/example_dags/example_latest_only.py for tasks to queue
[2024-05-30T00:20:46.893+0000] {logging_mixin.py:188} INFO - [2024-05-30T00:20:46.892+0000] {dagbag.py:538} INFO - Filling up the DagBag from /home/airflow/.local/lib/python3.8/site-packages/airflow/example_dags/example_latest_only.py
[2024-05-30T00:20:46.898+0000] {processor.py:840} INFO - DAG(s) 'latest_only' retrieved from /home/airflow/.local/lib/python3.8/site-packages/airflow/example_dags/example_latest_only.py
[2024-05-30T00:20:46.921+0000] {logging_mixin.py:188} INFO - [2024-05-30T00:20:46.920+0000] {dag.py:3036} INFO - Sync 1 DAGs
[2024-05-30T00:20:46.941+0000] {logging_mixin.py:188} INFO - [2024-05-30T00:20:46.941+0000] {dag.py:3823} INFO - Setting next_dagrun for latest_only to 2024-05-29 20:00:00+00:00, run_after=2024-05-30 00:00:00+00:00
[2024-05-30T00:20:46.962+0000] {processor.py:183} INFO - Processing /home/airflow/.local/lib/python3.8/site-packages/airflow/example_dags/example_latest_only.py took 0.074 seconds
[2024-05-30T00:21:18.265+0000] {processor.py:161} INFO - Started process (PID=5174) to work on /home/airflow/.local/lib/python3.8/site-packages/airflow/example_dags/example_latest_only.py
[2024-05-30T00:21:18.266+0000] {processor.py:830} INFO - Processing file /home/airflow/.local/lib/python3.8/site-packages/airflow/example_dags/example_latest_only.py for tasks to queue
[2024-05-30T00:21:18.267+0000] {logging_mixin.py:188} INFO - [2024-05-30T00:21:18.267+0000] {dagbag.py:538} INFO - Filling up the DagBag from /home/airflow/.local/lib/python3.8/site-packages/airflow/example_dags/example_latest_only.py
[2024-05-30T00:21:18.273+0000] {processor.py:840} INFO - DAG(s) 'latest_only' retrieved from /home/airflow/.local/lib/python3.8/site-packages/airflow/example_dags/example_latest_only.py
[2024-05-30T00:21:18.292+0000] {logging_mixin.py:188} INFO - [2024-05-30T00:21:18.291+0000] {dag.py:3036} INFO - Sync 1 DAGs
[2024-05-30T00:21:18.312+0000] {logging_mixin.py:188} INFO - [2024-05-30T00:21:18.312+0000] {dag.py:3823} INFO - Setting next_dagrun for latest_only to 2024-05-29 20:00:00+00:00, run_after=2024-05-30 00:00:00+00:00
[2024-05-30T00:21:18.335+0000] {processor.py:183} INFO - Processing /home/airflow/.local/lib/python3.8/site-packages/airflow/example_dags/example_latest_only.py took 0.073 seconds
[2024-05-30T00:21:49.196+0000] {processor.py:161} INFO - Started process (PID=5233) to work on /home/airflow/.local/lib/python3.8/site-packages/airflow/example_dags/example_latest_only.py
[2024-05-30T00:21:49.197+0000] {processor.py:830} INFO - Processing file /home/airflow/.local/lib/python3.8/site-packages/airflow/example_dags/example_latest_only.py for tasks to queue
[2024-05-30T00:21:49.198+0000] {logging_mixin.py:188} INFO - [2024-05-30T00:21:49.198+0000] {dagbag.py:538} INFO - Filling up the DagBag from /home/airflow/.local/lib/python3.8/site-packages/airflow/example_dags/example_latest_only.py
[2024-05-30T00:21:49.204+0000] {processor.py:840} INFO - DAG(s) 'latest_only' retrieved from /home/airflow/.local/lib/python3.8/site-packages/airflow/example_dags/example_latest_only.py
[2024-05-30T00:21:49.226+0000] {logging_mixin.py:188} INFO - [2024-05-30T00:21:49.226+0000] {dag.py:3036} INFO - Sync 1 DAGs
[2024-05-30T00:21:49.247+0000] {logging_mixin.py:188} INFO - [2024-05-30T00:21:49.246+0000] {dag.py:3823} INFO - Setting next_dagrun for latest_only to 2024-05-29 20:00:00+00:00, run_after=2024-05-30 00:00:00+00:00
[2024-05-30T00:21:49.265+0000] {processor.py:183} INFO - Processing /home/airflow/.local/lib/python3.8/site-packages/airflow/example_dags/example_latest_only.py took 0.072 seconds
