[2024-05-30T00:00:13.933+0000] {processor.py:161} INFO - Started process (PID=2730) to work on /home/airflow/.local/lib/python3.8/site-packages/airflow/example_dags/example_branch_python_dop_operator_3.py
[2024-05-30T00:00:13.934+0000] {processor.py:830} INFO - Processing file /home/airflow/.local/lib/python3.8/site-packages/airflow/example_dags/example_branch_python_dop_operator_3.py for tasks to queue
[2024-05-30T00:00:13.936+0000] {logging_mixin.py:188} INFO - [2024-05-30T00:00:13.935+0000] {dagbag.py:538} INFO - Filling up the DagBag from /home/airflow/.local/lib/python3.8/site-packages/airflow/example_dags/example_branch_python_dop_operator_3.py
[2024-05-30T00:00:13.948+0000] {processor.py:840} INFO - DAG(s) 'example_branch_dop_operator_v3' retrieved from /home/airflow/.local/lib/python3.8/site-packages/airflow/example_dags/example_branch_python_dop_operator_3.py
[2024-05-30T00:00:13.977+0000] {logging_mixin.py:188} INFO - [2024-05-30T00:00:13.976+0000] {dag.py:3036} INFO - Sync 1 DAGs
[2024-05-30T00:00:14.015+0000] {logging_mixin.py:188} INFO - [2024-05-30T00:00:14.014+0000] {dag.py:3823} INFO - Setting next_dagrun for example_branch_dop_operator_v3 to 2024-05-29 23:59:00+00:00, run_after=2024-05-30 00:00:00+00:00
[2024-05-30T00:00:14.044+0000] {processor.py:183} INFO - Processing /home/airflow/.local/lib/python3.8/site-packages/airflow/example_dags/example_branch_python_dop_operator_3.py took 0.115 seconds
[2024-05-30T00:00:45.474+0000] {processor.py:161} INFO - Started process (PID=2789) to work on /home/airflow/.local/lib/python3.8/site-packages/airflow/example_dags/example_branch_python_dop_operator_3.py
[2024-05-30T00:00:45.475+0000] {processor.py:830} INFO - Processing file /home/airflow/.local/lib/python3.8/site-packages/airflow/example_dags/example_branch_python_dop_operator_3.py for tasks to queue
[2024-05-30T00:00:45.477+0000] {logging_mixin.py:188} INFO - [2024-05-30T00:00:45.476+0000] {dagbag.py:538} INFO - Filling up the DagBag from /home/airflow/.local/lib/python3.8/site-packages/airflow/example_dags/example_branch_python_dop_operator_3.py
[2024-05-30T00:00:45.490+0000] {processor.py:840} INFO - DAG(s) 'example_branch_dop_operator_v3' retrieved from /home/airflow/.local/lib/python3.8/site-packages/airflow/example_dags/example_branch_python_dop_operator_3.py
[2024-05-30T00:00:45.531+0000] {logging_mixin.py:188} INFO - [2024-05-30T00:00:45.531+0000] {dag.py:3036} INFO - Sync 1 DAGs
[2024-05-30T00:00:45.583+0000] {logging_mixin.py:188} INFO - [2024-05-30T00:00:45.582+0000] {dag.py:3823} INFO - Setting next_dagrun for example_branch_dop_operator_v3 to 2024-05-29 23:59:00+00:00, run_after=2024-05-30 00:00:00+00:00
[2024-05-30T00:00:45.620+0000] {processor.py:183} INFO - Processing /home/airflow/.local/lib/python3.8/site-packages/airflow/example_dags/example_branch_python_dop_operator_3.py took 0.151 seconds
[2024-05-30T00:01:16.169+0000] {processor.py:161} INFO - Started process (PID=2848) to work on /home/airflow/.local/lib/python3.8/site-packages/airflow/example_dags/example_branch_python_dop_operator_3.py
[2024-05-30T00:01:16.170+0000] {processor.py:830} INFO - Processing file /home/airflow/.local/lib/python3.8/site-packages/airflow/example_dags/example_branch_python_dop_operator_3.py for tasks to queue
[2024-05-30T00:01:16.172+0000] {logging_mixin.py:188} INFO - [2024-05-30T00:01:16.171+0000] {dagbag.py:538} INFO - Filling up the DagBag from /home/airflow/.local/lib/python3.8/site-packages/airflow/example_dags/example_branch_python_dop_operator_3.py
[2024-05-30T00:01:16.185+0000] {processor.py:840} INFO - DAG(s) 'example_branch_dop_operator_v3' retrieved from /home/airflow/.local/lib/python3.8/site-packages/airflow/example_dags/example_branch_python_dop_operator_3.py
[2024-05-30T00:01:16.215+0000] {logging_mixin.py:188} INFO - [2024-05-30T00:01:16.215+0000] {dag.py:3036} INFO - Sync 1 DAGs
[2024-05-30T00:01:16.252+0000] {logging_mixin.py:188} INFO - [2024-05-30T00:01:16.252+0000] {dag.py:3823} INFO - Setting next_dagrun for example_branch_dop_operator_v3 to 2024-05-30 00:00:00+00:00, run_after=2024-05-30 00:01:00+00:00
[2024-05-30T00:01:16.283+0000] {processor.py:183} INFO - Processing /home/airflow/.local/lib/python3.8/site-packages/airflow/example_dags/example_branch_python_dop_operator_3.py took 0.119 seconds
[2024-05-30T00:01:46.571+0000] {processor.py:161} INFO - Started process (PID=2907) to work on /home/airflow/.local/lib/python3.8/site-packages/airflow/example_dags/example_branch_python_dop_operator_3.py
[2024-05-30T00:01:46.572+0000] {processor.py:830} INFO - Processing file /home/airflow/.local/lib/python3.8/site-packages/airflow/example_dags/example_branch_python_dop_operator_3.py for tasks to queue
[2024-05-30T00:01:46.573+0000] {logging_mixin.py:188} INFO - [2024-05-30T00:01:46.573+0000] {dagbag.py:538} INFO - Filling up the DagBag from /home/airflow/.local/lib/python3.8/site-packages/airflow/example_dags/example_branch_python_dop_operator_3.py
[2024-05-30T00:01:46.583+0000] {processor.py:840} INFO - DAG(s) 'example_branch_dop_operator_v3' retrieved from /home/airflow/.local/lib/python3.8/site-packages/airflow/example_dags/example_branch_python_dop_operator_3.py
[2024-05-30T00:01:46.604+0000] {logging_mixin.py:188} INFO - [2024-05-30T00:01:46.604+0000] {dag.py:3036} INFO - Sync 1 DAGs
[2024-05-30T00:01:46.628+0000] {logging_mixin.py:188} INFO - [2024-05-30T00:01:46.628+0000] {dag.py:3823} INFO - Setting next_dagrun for example_branch_dop_operator_v3 to 2024-05-30 00:00:00+00:00, run_after=2024-05-30 00:01:00+00:00
[2024-05-30T00:01:46.650+0000] {processor.py:183} INFO - Processing /home/airflow/.local/lib/python3.8/site-packages/airflow/example_dags/example_branch_python_dop_operator_3.py took 0.082 seconds
[2024-05-30T00:02:17.653+0000] {processor.py:161} INFO - Started process (PID=2966) to work on /home/airflow/.local/lib/python3.8/site-packages/airflow/example_dags/example_branch_python_dop_operator_3.py
[2024-05-30T00:02:17.654+0000] {processor.py:830} INFO - Processing file /home/airflow/.local/lib/python3.8/site-packages/airflow/example_dags/example_branch_python_dop_operator_3.py for tasks to queue
[2024-05-30T00:02:17.656+0000] {logging_mixin.py:188} INFO - [2024-05-30T00:02:17.656+0000] {dagbag.py:538} INFO - Filling up the DagBag from /home/airflow/.local/lib/python3.8/site-packages/airflow/example_dags/example_branch_python_dop_operator_3.py
[2024-05-30T00:02:17.665+0000] {processor.py:840} INFO - DAG(s) 'example_branch_dop_operator_v3' retrieved from /home/airflow/.local/lib/python3.8/site-packages/airflow/example_dags/example_branch_python_dop_operator_3.py
[2024-05-30T00:02:17.687+0000] {logging_mixin.py:188} INFO - [2024-05-30T00:02:17.687+0000] {dag.py:3036} INFO - Sync 1 DAGs
[2024-05-30T00:02:17.714+0000] {logging_mixin.py:188} INFO - [2024-05-30T00:02:17.713+0000] {dag.py:3823} INFO - Setting next_dagrun for example_branch_dop_operator_v3 to 2024-05-30 00:01:00+00:00, run_after=2024-05-30 00:02:00+00:00
[2024-05-30T00:02:17.735+0000] {processor.py:183} INFO - Processing /home/airflow/.local/lib/python3.8/site-packages/airflow/example_dags/example_branch_python_dop_operator_3.py took 0.085 seconds
[2024-05-30T00:02:49.382+0000] {processor.py:161} INFO - Started process (PID=3025) to work on /home/airflow/.local/lib/python3.8/site-packages/airflow/example_dags/example_branch_python_dop_operator_3.py
[2024-05-30T00:02:49.383+0000] {processor.py:830} INFO - Processing file /home/airflow/.local/lib/python3.8/site-packages/airflow/example_dags/example_branch_python_dop_operator_3.py for tasks to queue
[2024-05-30T00:02:49.385+0000] {logging_mixin.py:188} INFO - [2024-05-30T00:02:49.384+0000] {dagbag.py:538} INFO - Filling up the DagBag from /home/airflow/.local/lib/python3.8/site-packages/airflow/example_dags/example_branch_python_dop_operator_3.py
[2024-05-30T00:02:49.395+0000] {processor.py:840} INFO - DAG(s) 'example_branch_dop_operator_v3' retrieved from /home/airflow/.local/lib/python3.8/site-packages/airflow/example_dags/example_branch_python_dop_operator_3.py
[2024-05-30T00:02:49.425+0000] {logging_mixin.py:188} INFO - [2024-05-30T00:02:49.425+0000] {dag.py:3036} INFO - Sync 1 DAGs
[2024-05-30T00:02:49.460+0000] {logging_mixin.py:188} INFO - [2024-05-30T00:02:49.460+0000] {dag.py:3823} INFO - Setting next_dagrun for example_branch_dop_operator_v3 to 2024-05-30 00:01:00+00:00, run_after=2024-05-30 00:02:00+00:00
[2024-05-30T00:02:49.485+0000] {processor.py:183} INFO - Processing /home/airflow/.local/lib/python3.8/site-packages/airflow/example_dags/example_branch_python_dop_operator_3.py took 0.108 seconds
[2024-05-30T00:03:19.975+0000] {processor.py:161} INFO - Started process (PID=3084) to work on /home/airflow/.local/lib/python3.8/site-packages/airflow/example_dags/example_branch_python_dop_operator_3.py
[2024-05-30T00:03:19.976+0000] {processor.py:830} INFO - Processing file /home/airflow/.local/lib/python3.8/site-packages/airflow/example_dags/example_branch_python_dop_operator_3.py for tasks to queue
[2024-05-30T00:03:19.978+0000] {logging_mixin.py:188} INFO - [2024-05-30T00:03:19.977+0000] {dagbag.py:538} INFO - Filling up the DagBag from /home/airflow/.local/lib/python3.8/site-packages/airflow/example_dags/example_branch_python_dop_operator_3.py
[2024-05-30T00:03:19.986+0000] {processor.py:840} INFO - DAG(s) 'example_branch_dop_operator_v3' retrieved from /home/airflow/.local/lib/python3.8/site-packages/airflow/example_dags/example_branch_python_dop_operator_3.py
[2024-05-30T00:03:20.007+0000] {logging_mixin.py:188} INFO - [2024-05-30T00:03:20.007+0000] {dag.py:3036} INFO - Sync 1 DAGs
[2024-05-30T00:03:20.032+0000] {logging_mixin.py:188} INFO - [2024-05-30T00:03:20.031+0000] {dag.py:3823} INFO - Setting next_dagrun for example_branch_dop_operator_v3 to 2024-05-30 00:02:00+00:00, run_after=2024-05-30 00:03:00+00:00
[2024-05-30T00:03:20.052+0000] {processor.py:183} INFO - Processing /home/airflow/.local/lib/python3.8/site-packages/airflow/example_dags/example_branch_python_dop_operator_3.py took 0.080 seconds
[2024-05-30T00:03:50.919+0000] {processor.py:161} INFO - Started process (PID=3143) to work on /home/airflow/.local/lib/python3.8/site-packages/airflow/example_dags/example_branch_python_dop_operator_3.py
[2024-05-30T00:03:50.920+0000] {processor.py:830} INFO - Processing file /home/airflow/.local/lib/python3.8/site-packages/airflow/example_dags/example_branch_python_dop_operator_3.py for tasks to queue
[2024-05-30T00:03:50.921+0000] {logging_mixin.py:188} INFO - [2024-05-30T00:03:50.921+0000] {dagbag.py:538} INFO - Filling up the DagBag from /home/airflow/.local/lib/python3.8/site-packages/airflow/example_dags/example_branch_python_dop_operator_3.py
[2024-05-30T00:03:50.929+0000] {processor.py:840} INFO - DAG(s) 'example_branch_dop_operator_v3' retrieved from /home/airflow/.local/lib/python3.8/site-packages/airflow/example_dags/example_branch_python_dop_operator_3.py
[2024-05-30T00:03:50.950+0000] {logging_mixin.py:188} INFO - [2024-05-30T00:03:50.950+0000] {dag.py:3036} INFO - Sync 1 DAGs
[2024-05-30T00:03:50.974+0000] {logging_mixin.py:188} INFO - [2024-05-30T00:03:50.973+0000] {dag.py:3823} INFO - Setting next_dagrun for example_branch_dop_operator_v3 to 2024-05-30 00:02:00+00:00, run_after=2024-05-30 00:03:00+00:00
[2024-05-30T00:03:50.993+0000] {processor.py:183} INFO - Processing /home/airflow/.local/lib/python3.8/site-packages/airflow/example_dags/example_branch_python_dop_operator_3.py took 0.078 seconds
[2024-05-30T00:04:21.709+0000] {processor.py:161} INFO - Started process (PID=3202) to work on /home/airflow/.local/lib/python3.8/site-packages/airflow/example_dags/example_branch_python_dop_operator_3.py
[2024-05-30T00:04:21.710+0000] {processor.py:830} INFO - Processing file /home/airflow/.local/lib/python3.8/site-packages/airflow/example_dags/example_branch_python_dop_operator_3.py for tasks to queue
[2024-05-30T00:04:21.712+0000] {logging_mixin.py:188} INFO - [2024-05-30T00:04:21.711+0000] {dagbag.py:538} INFO - Filling up the DagBag from /home/airflow/.local/lib/python3.8/site-packages/airflow/example_dags/example_branch_python_dop_operator_3.py
[2024-05-30T00:04:21.721+0000] {processor.py:840} INFO - DAG(s) 'example_branch_dop_operator_v3' retrieved from /home/airflow/.local/lib/python3.8/site-packages/airflow/example_dags/example_branch_python_dop_operator_3.py
[2024-05-30T00:04:21.740+0000] {logging_mixin.py:188} INFO - [2024-05-30T00:04:21.740+0000] {dag.py:3036} INFO - Sync 1 DAGs
[2024-05-30T00:04:21.882+0000] {logging_mixin.py:188} INFO - [2024-05-30T00:04:21.882+0000] {dag.py:3823} INFO - Setting next_dagrun for example_branch_dop_operator_v3 to 2024-05-30 00:03:00+00:00, run_after=2024-05-30 00:04:00+00:00
[2024-05-30T00:04:21.904+0000] {processor.py:183} INFO - Processing /home/airflow/.local/lib/python3.8/site-packages/airflow/example_dags/example_branch_python_dop_operator_3.py took 0.197 seconds
[2024-05-30T00:04:52.311+0000] {processor.py:161} INFO - Started process (PID=3261) to work on /home/airflow/.local/lib/python3.8/site-packages/airflow/example_dags/example_branch_python_dop_operator_3.py
[2024-05-30T00:04:52.313+0000] {processor.py:830} INFO - Processing file /home/airflow/.local/lib/python3.8/site-packages/airflow/example_dags/example_branch_python_dop_operator_3.py for tasks to queue
[2024-05-30T00:04:52.314+0000] {logging_mixin.py:188} INFO - [2024-05-30T00:04:52.314+0000] {dagbag.py:538} INFO - Filling up the DagBag from /home/airflow/.local/lib/python3.8/site-packages/airflow/example_dags/example_branch_python_dop_operator_3.py
[2024-05-30T00:04:52.323+0000] {processor.py:840} INFO - DAG(s) 'example_branch_dop_operator_v3' retrieved from /home/airflow/.local/lib/python3.8/site-packages/airflow/example_dags/example_branch_python_dop_operator_3.py
[2024-05-30T00:04:52.345+0000] {logging_mixin.py:188} INFO - [2024-05-30T00:04:52.345+0000] {dag.py:3036} INFO - Sync 1 DAGs
[2024-05-30T00:04:52.368+0000] {logging_mixin.py:188} INFO - [2024-05-30T00:04:52.368+0000] {dag.py:3823} INFO - Setting next_dagrun for example_branch_dop_operator_v3 to 2024-05-30 00:03:00+00:00, run_after=2024-05-30 00:04:00+00:00
[2024-05-30T00:04:52.389+0000] {processor.py:183} INFO - Processing /home/airflow/.local/lib/python3.8/site-packages/airflow/example_dags/example_branch_python_dop_operator_3.py took 0.081 seconds
[2024-05-30T00:05:23.132+0000] {processor.py:161} INFO - Started process (PID=3320) to work on /home/airflow/.local/lib/python3.8/site-packages/airflow/example_dags/example_branch_python_dop_operator_3.py
[2024-05-30T00:05:23.133+0000] {processor.py:830} INFO - Processing file /home/airflow/.local/lib/python3.8/site-packages/airflow/example_dags/example_branch_python_dop_operator_3.py for tasks to queue
[2024-05-30T00:05:23.134+0000] {logging_mixin.py:188} INFO - [2024-05-30T00:05:23.134+0000] {dagbag.py:538} INFO - Filling up the DagBag from /home/airflow/.local/lib/python3.8/site-packages/airflow/example_dags/example_branch_python_dop_operator_3.py
[2024-05-30T00:05:23.142+0000] {processor.py:840} INFO - DAG(s) 'example_branch_dop_operator_v3' retrieved from /home/airflow/.local/lib/python3.8/site-packages/airflow/example_dags/example_branch_python_dop_operator_3.py
[2024-05-30T00:05:23.163+0000] {logging_mixin.py:188} INFO - [2024-05-30T00:05:23.163+0000] {dag.py:3036} INFO - Sync 1 DAGs
[2024-05-30T00:05:23.190+0000] {logging_mixin.py:188} INFO - [2024-05-30T00:05:23.190+0000] {dag.py:3823} INFO - Setting next_dagrun for example_branch_dop_operator_v3 to 2024-05-30 00:04:00+00:00, run_after=2024-05-30 00:05:00+00:00
[2024-05-30T00:05:23.215+0000] {processor.py:183} INFO - Processing /home/airflow/.local/lib/python3.8/site-packages/airflow/example_dags/example_branch_python_dop_operator_3.py took 0.086 seconds
[2024-05-30T00:05:54.379+0000] {processor.py:161} INFO - Started process (PID=3379) to work on /home/airflow/.local/lib/python3.8/site-packages/airflow/example_dags/example_branch_python_dop_operator_3.py
[2024-05-30T00:05:54.381+0000] {processor.py:830} INFO - Processing file /home/airflow/.local/lib/python3.8/site-packages/airflow/example_dags/example_branch_python_dop_operator_3.py for tasks to queue
[2024-05-30T00:05:54.382+0000] {logging_mixin.py:188} INFO - [2024-05-30T00:05:54.382+0000] {dagbag.py:538} INFO - Filling up the DagBag from /home/airflow/.local/lib/python3.8/site-packages/airflow/example_dags/example_branch_python_dop_operator_3.py
[2024-05-30T00:05:54.390+0000] {processor.py:840} INFO - DAG(s) 'example_branch_dop_operator_v3' retrieved from /home/airflow/.local/lib/python3.8/site-packages/airflow/example_dags/example_branch_python_dop_operator_3.py
[2024-05-30T00:05:54.410+0000] {logging_mixin.py:188} INFO - [2024-05-30T00:05:54.410+0000] {dag.py:3036} INFO - Sync 1 DAGs
[2024-05-30T00:05:54.433+0000] {logging_mixin.py:188} INFO - [2024-05-30T00:05:54.433+0000] {dag.py:3823} INFO - Setting next_dagrun for example_branch_dop_operator_v3 to 2024-05-30 00:04:00+00:00, run_after=2024-05-30 00:05:00+00:00
[2024-05-30T00:05:54.453+0000] {processor.py:183} INFO - Processing /home/airflow/.local/lib/python3.8/site-packages/airflow/example_dags/example_branch_python_dop_operator_3.py took 0.077 seconds
[2024-05-30T00:06:25.847+0000] {processor.py:161} INFO - Started process (PID=3438) to work on /home/airflow/.local/lib/python3.8/site-packages/airflow/example_dags/example_branch_python_dop_operator_3.py
[2024-05-30T00:06:25.848+0000] {processor.py:830} INFO - Processing file /home/airflow/.local/lib/python3.8/site-packages/airflow/example_dags/example_branch_python_dop_operator_3.py for tasks to queue
[2024-05-30T00:06:25.849+0000] {logging_mixin.py:188} INFO - [2024-05-30T00:06:25.849+0000] {dagbag.py:538} INFO - Filling up the DagBag from /home/airflow/.local/lib/python3.8/site-packages/airflow/example_dags/example_branch_python_dop_operator_3.py
[2024-05-30T00:06:25.858+0000] {processor.py:840} INFO - DAG(s) 'example_branch_dop_operator_v3' retrieved from /home/airflow/.local/lib/python3.8/site-packages/airflow/example_dags/example_branch_python_dop_operator_3.py
[2024-05-30T00:06:25.880+0000] {logging_mixin.py:188} INFO - [2024-05-30T00:06:25.880+0000] {dag.py:3036} INFO - Sync 1 DAGs
[2024-05-30T00:06:26.029+0000] {logging_mixin.py:188} INFO - [2024-05-30T00:06:26.029+0000] {dag.py:3823} INFO - Setting next_dagrun for example_branch_dop_operator_v3 to 2024-05-30 00:05:00+00:00, run_after=2024-05-30 00:06:00+00:00
[2024-05-30T00:06:26.050+0000] {processor.py:183} INFO - Processing /home/airflow/.local/lib/python3.8/site-packages/airflow/example_dags/example_branch_python_dop_operator_3.py took 0.206 seconds
[2024-05-30T00:06:56.168+0000] {processor.py:161} INFO - Started process (PID=3497) to work on /home/airflow/.local/lib/python3.8/site-packages/airflow/example_dags/example_branch_python_dop_operator_3.py
[2024-05-30T00:06:56.169+0000] {processor.py:830} INFO - Processing file /home/airflow/.local/lib/python3.8/site-packages/airflow/example_dags/example_branch_python_dop_operator_3.py for tasks to queue
[2024-05-30T00:06:56.171+0000] {logging_mixin.py:188} INFO - [2024-05-30T00:06:56.170+0000] {dagbag.py:538} INFO - Filling up the DagBag from /home/airflow/.local/lib/python3.8/site-packages/airflow/example_dags/example_branch_python_dop_operator_3.py
[2024-05-30T00:06:56.180+0000] {processor.py:840} INFO - DAG(s) 'example_branch_dop_operator_v3' retrieved from /home/airflow/.local/lib/python3.8/site-packages/airflow/example_dags/example_branch_python_dop_operator_3.py
[2024-05-30T00:06:56.201+0000] {logging_mixin.py:188} INFO - [2024-05-30T00:06:56.201+0000] {dag.py:3036} INFO - Sync 1 DAGs
[2024-05-30T00:06:56.224+0000] {logging_mixin.py:188} INFO - [2024-05-30T00:06:56.224+0000] {dag.py:3823} INFO - Setting next_dagrun for example_branch_dop_operator_v3 to 2024-05-30 00:05:00+00:00, run_after=2024-05-30 00:06:00+00:00
[2024-05-30T00:06:56.245+0000] {processor.py:183} INFO - Processing /home/airflow/.local/lib/python3.8/site-packages/airflow/example_dags/example_branch_python_dop_operator_3.py took 0.080 seconds
[2024-05-30T00:07:27.099+0000] {processor.py:161} INFO - Started process (PID=3556) to work on /home/airflow/.local/lib/python3.8/site-packages/airflow/example_dags/example_branch_python_dop_operator_3.py
[2024-05-30T00:07:27.101+0000] {processor.py:830} INFO - Processing file /home/airflow/.local/lib/python3.8/site-packages/airflow/example_dags/example_branch_python_dop_operator_3.py for tasks to queue
[2024-05-30T00:07:27.102+0000] {logging_mixin.py:188} INFO - [2024-05-30T00:07:27.102+0000] {dagbag.py:538} INFO - Filling up the DagBag from /home/airflow/.local/lib/python3.8/site-packages/airflow/example_dags/example_branch_python_dop_operator_3.py
[2024-05-30T00:07:27.112+0000] {processor.py:840} INFO - DAG(s) 'example_branch_dop_operator_v3' retrieved from /home/airflow/.local/lib/python3.8/site-packages/airflow/example_dags/example_branch_python_dop_operator_3.py
[2024-05-30T00:07:27.137+0000] {logging_mixin.py:188} INFO - [2024-05-30T00:07:27.137+0000] {dag.py:3036} INFO - Sync 1 DAGs
[2024-05-30T00:07:27.185+0000] {logging_mixin.py:188} INFO - [2024-05-30T00:07:27.184+0000] {dag.py:3823} INFO - Setting next_dagrun for example_branch_dop_operator_v3 to 2024-05-30 00:06:00+00:00, run_after=2024-05-30 00:07:00+00:00
[2024-05-30T00:07:27.235+0000] {processor.py:183} INFO - Processing /home/airflow/.local/lib/python3.8/site-packages/airflow/example_dags/example_branch_python_dop_operator_3.py took 0.138 seconds
[2024-05-30T00:07:57.432+0000] {processor.py:161} INFO - Started process (PID=3615) to work on /home/airflow/.local/lib/python3.8/site-packages/airflow/example_dags/example_branch_python_dop_operator_3.py
[2024-05-30T00:07:57.433+0000] {processor.py:830} INFO - Processing file /home/airflow/.local/lib/python3.8/site-packages/airflow/example_dags/example_branch_python_dop_operator_3.py for tasks to queue
[2024-05-30T00:07:57.435+0000] {logging_mixin.py:188} INFO - [2024-05-30T00:07:57.434+0000] {dagbag.py:538} INFO - Filling up the DagBag from /home/airflow/.local/lib/python3.8/site-packages/airflow/example_dags/example_branch_python_dop_operator_3.py
[2024-05-30T00:07:57.444+0000] {processor.py:840} INFO - DAG(s) 'example_branch_dop_operator_v3' retrieved from /home/airflow/.local/lib/python3.8/site-packages/airflow/example_dags/example_branch_python_dop_operator_3.py
[2024-05-30T00:07:57.466+0000] {logging_mixin.py:188} INFO - [2024-05-30T00:07:57.466+0000] {dag.py:3036} INFO - Sync 1 DAGs
[2024-05-30T00:07:57.490+0000] {logging_mixin.py:188} INFO - [2024-05-30T00:07:57.490+0000] {dag.py:3823} INFO - Setting next_dagrun for example_branch_dop_operator_v3 to 2024-05-30 00:06:00+00:00, run_after=2024-05-30 00:07:00+00:00
[2024-05-30T00:07:57.510+0000] {processor.py:183} INFO - Processing /home/airflow/.local/lib/python3.8/site-packages/airflow/example_dags/example_branch_python_dop_operator_3.py took 0.081 seconds
[2024-05-30T00:08:28.007+0000] {processor.py:161} INFO - Started process (PID=3674) to work on /home/airflow/.local/lib/python3.8/site-packages/airflow/example_dags/example_branch_python_dop_operator_3.py
[2024-05-30T00:08:28.009+0000] {processor.py:830} INFO - Processing file /home/airflow/.local/lib/python3.8/site-packages/airflow/example_dags/example_branch_python_dop_operator_3.py for tasks to queue
[2024-05-30T00:08:28.010+0000] {logging_mixin.py:188} INFO - [2024-05-30T00:08:28.010+0000] {dagbag.py:538} INFO - Filling up the DagBag from /home/airflow/.local/lib/python3.8/site-packages/airflow/example_dags/example_branch_python_dop_operator_3.py
[2024-05-30T00:08:28.019+0000] {processor.py:840} INFO - DAG(s) 'example_branch_dop_operator_v3' retrieved from /home/airflow/.local/lib/python3.8/site-packages/airflow/example_dags/example_branch_python_dop_operator_3.py
[2024-05-30T00:08:28.042+0000] {logging_mixin.py:188} INFO - [2024-05-30T00:08:28.041+0000] {dag.py:3036} INFO - Sync 1 DAGs
[2024-05-30T00:08:28.065+0000] {logging_mixin.py:188} INFO - [2024-05-30T00:08:28.065+0000] {dag.py:3823} INFO - Setting next_dagrun for example_branch_dop_operator_v3 to 2024-05-30 00:07:00+00:00, run_after=2024-05-30 00:08:00+00:00
[2024-05-30T00:08:28.086+0000] {processor.py:183} INFO - Processing /home/airflow/.local/lib/python3.8/site-packages/airflow/example_dags/example_branch_python_dop_operator_3.py took 0.082 seconds
[2024-05-30T00:08:59.077+0000] {processor.py:161} INFO - Started process (PID=3733) to work on /home/airflow/.local/lib/python3.8/site-packages/airflow/example_dags/example_branch_python_dop_operator_3.py
[2024-05-30T00:08:59.078+0000] {processor.py:830} INFO - Processing file /home/airflow/.local/lib/python3.8/site-packages/airflow/example_dags/example_branch_python_dop_operator_3.py for tasks to queue
[2024-05-30T00:08:59.080+0000] {logging_mixin.py:188} INFO - [2024-05-30T00:08:59.079+0000] {dagbag.py:538} INFO - Filling up the DagBag from /home/airflow/.local/lib/python3.8/site-packages/airflow/example_dags/example_branch_python_dop_operator_3.py
[2024-05-30T00:08:59.089+0000] {processor.py:840} INFO - DAG(s) 'example_branch_dop_operator_v3' retrieved from /home/airflow/.local/lib/python3.8/site-packages/airflow/example_dags/example_branch_python_dop_operator_3.py
[2024-05-30T00:08:59.111+0000] {logging_mixin.py:188} INFO - [2024-05-30T00:08:59.111+0000] {dag.py:3036} INFO - Sync 1 DAGs
[2024-05-30T00:08:59.135+0000] {logging_mixin.py:188} INFO - [2024-05-30T00:08:59.135+0000] {dag.py:3823} INFO - Setting next_dagrun for example_branch_dop_operator_v3 to 2024-05-30 00:07:00+00:00, run_after=2024-05-30 00:08:00+00:00
[2024-05-30T00:08:59.159+0000] {processor.py:183} INFO - Processing /home/airflow/.local/lib/python3.8/site-packages/airflow/example_dags/example_branch_python_dop_operator_3.py took 0.085 seconds
[2024-05-30T00:09:30.153+0000] {processor.py:161} INFO - Started process (PID=3792) to work on /home/airflow/.local/lib/python3.8/site-packages/airflow/example_dags/example_branch_python_dop_operator_3.py
[2024-05-30T00:09:30.154+0000] {processor.py:830} INFO - Processing file /home/airflow/.local/lib/python3.8/site-packages/airflow/example_dags/example_branch_python_dop_operator_3.py for tasks to queue
[2024-05-30T00:09:30.156+0000] {logging_mixin.py:188} INFO - [2024-05-30T00:09:30.155+0000] {dagbag.py:538} INFO - Filling up the DagBag from /home/airflow/.local/lib/python3.8/site-packages/airflow/example_dags/example_branch_python_dop_operator_3.py
[2024-05-30T00:09:30.165+0000] {processor.py:840} INFO - DAG(s) 'example_branch_dop_operator_v3' retrieved from /home/airflow/.local/lib/python3.8/site-packages/airflow/example_dags/example_branch_python_dop_operator_3.py
[2024-05-30T00:09:30.190+0000] {logging_mixin.py:188} INFO - [2024-05-30T00:09:30.189+0000] {dag.py:3036} INFO - Sync 1 DAGs
[2024-05-30T00:09:30.215+0000] {logging_mixin.py:188} INFO - [2024-05-30T00:09:30.215+0000] {dag.py:3823} INFO - Setting next_dagrun for example_branch_dop_operator_v3 to 2024-05-30 00:08:00+00:00, run_after=2024-05-30 00:09:00+00:00
[2024-05-30T00:09:30.241+0000] {processor.py:183} INFO - Processing /home/airflow/.local/lib/python3.8/site-packages/airflow/example_dags/example_branch_python_dop_operator_3.py took 0.091 seconds
[2024-05-30T00:10:01.236+0000] {processor.py:161} INFO - Started process (PID=3851) to work on /home/airflow/.local/lib/python3.8/site-packages/airflow/example_dags/example_branch_python_dop_operator_3.py
[2024-05-30T00:10:01.237+0000] {processor.py:830} INFO - Processing file /home/airflow/.local/lib/python3.8/site-packages/airflow/example_dags/example_branch_python_dop_operator_3.py for tasks to queue
[2024-05-30T00:10:01.238+0000] {logging_mixin.py:188} INFO - [2024-05-30T00:10:01.238+0000] {dagbag.py:538} INFO - Filling up the DagBag from /home/airflow/.local/lib/python3.8/site-packages/airflow/example_dags/example_branch_python_dop_operator_3.py
[2024-05-30T00:10:01.247+0000] {processor.py:840} INFO - DAG(s) 'example_branch_dop_operator_v3' retrieved from /home/airflow/.local/lib/python3.8/site-packages/airflow/example_dags/example_branch_python_dop_operator_3.py
[2024-05-30T00:10:01.270+0000] {logging_mixin.py:188} INFO - [2024-05-30T00:10:01.270+0000] {dag.py:3036} INFO - Sync 1 DAGs
[2024-05-30T00:10:01.296+0000] {logging_mixin.py:188} INFO - [2024-05-30T00:10:01.295+0000] {dag.py:3823} INFO - Setting next_dagrun for example_branch_dop_operator_v3 to 2024-05-30 00:09:00+00:00, run_after=2024-05-30 00:10:00+00:00
[2024-05-30T00:10:01.320+0000] {processor.py:183} INFO - Processing /home/airflow/.local/lib/python3.8/site-packages/airflow/example_dags/example_branch_python_dop_operator_3.py took 0.086 seconds
[2024-05-30T00:10:31.742+0000] {processor.py:161} INFO - Started process (PID=3910) to work on /home/airflow/.local/lib/python3.8/site-packages/airflow/example_dags/example_branch_python_dop_operator_3.py
[2024-05-30T00:10:31.743+0000] {processor.py:830} INFO - Processing file /home/airflow/.local/lib/python3.8/site-packages/airflow/example_dags/example_branch_python_dop_operator_3.py for tasks to queue
[2024-05-30T00:10:31.744+0000] {logging_mixin.py:188} INFO - [2024-05-30T00:10:31.744+0000] {dagbag.py:538} INFO - Filling up the DagBag from /home/airflow/.local/lib/python3.8/site-packages/airflow/example_dags/example_branch_python_dop_operator_3.py
[2024-05-30T00:10:31.753+0000] {processor.py:840} INFO - DAG(s) 'example_branch_dop_operator_v3' retrieved from /home/airflow/.local/lib/python3.8/site-packages/airflow/example_dags/example_branch_python_dop_operator_3.py
[2024-05-30T00:10:31.775+0000] {logging_mixin.py:188} INFO - [2024-05-30T00:10:31.775+0000] {dag.py:3036} INFO - Sync 1 DAGs
[2024-05-30T00:10:31.800+0000] {logging_mixin.py:188} INFO - [2024-05-30T00:10:31.800+0000] {dag.py:3823} INFO - Setting next_dagrun for example_branch_dop_operator_v3 to 2024-05-30 00:09:00+00:00, run_after=2024-05-30 00:10:00+00:00
[2024-05-30T00:10:31.823+0000] {processor.py:183} INFO - Processing /home/airflow/.local/lib/python3.8/site-packages/airflow/example_dags/example_branch_python_dop_operator_3.py took 0.084 seconds
[2024-05-30T00:11:02.634+0000] {processor.py:161} INFO - Started process (PID=3969) to work on /home/airflow/.local/lib/python3.8/site-packages/airflow/example_dags/example_branch_python_dop_operator_3.py
[2024-05-30T00:11:02.636+0000] {processor.py:830} INFO - Processing file /home/airflow/.local/lib/python3.8/site-packages/airflow/example_dags/example_branch_python_dop_operator_3.py for tasks to queue
[2024-05-30T00:11:02.637+0000] {logging_mixin.py:188} INFO - [2024-05-30T00:11:02.637+0000] {dagbag.py:538} INFO - Filling up the DagBag from /home/airflow/.local/lib/python3.8/site-packages/airflow/example_dags/example_branch_python_dop_operator_3.py
[2024-05-30T00:11:02.646+0000] {processor.py:840} INFO - DAG(s) 'example_branch_dop_operator_v3' retrieved from /home/airflow/.local/lib/python3.8/site-packages/airflow/example_dags/example_branch_python_dop_operator_3.py
[2024-05-30T00:11:02.668+0000] {logging_mixin.py:188} INFO - [2024-05-30T00:11:02.668+0000] {dag.py:3036} INFO - Sync 1 DAGs
[2024-05-30T00:11:02.693+0000] {logging_mixin.py:188} INFO - [2024-05-30T00:11:02.693+0000] {dag.py:3823} INFO - Setting next_dagrun for example_branch_dop_operator_v3 to 2024-05-30 00:10:00+00:00, run_after=2024-05-30 00:11:00+00:00
[2024-05-30T00:11:02.717+0000] {processor.py:183} INFO - Processing /home/airflow/.local/lib/python3.8/site-packages/airflow/example_dags/example_branch_python_dop_operator_3.py took 0.086 seconds
[2024-05-30T00:11:32.999+0000] {processor.py:161} INFO - Started process (PID=4028) to work on /home/airflow/.local/lib/python3.8/site-packages/airflow/example_dags/example_branch_python_dop_operator_3.py
[2024-05-30T00:11:32.999+0000] {processor.py:830} INFO - Processing file /home/airflow/.local/lib/python3.8/site-packages/airflow/example_dags/example_branch_python_dop_operator_3.py for tasks to queue
[2024-05-30T00:11:33.001+0000] {logging_mixin.py:188} INFO - [2024-05-30T00:11:33.001+0000] {dagbag.py:538} INFO - Filling up the DagBag from /home/airflow/.local/lib/python3.8/site-packages/airflow/example_dags/example_branch_python_dop_operator_3.py
[2024-05-30T00:11:33.010+0000] {processor.py:840} INFO - DAG(s) 'example_branch_dop_operator_v3' retrieved from /home/airflow/.local/lib/python3.8/site-packages/airflow/example_dags/example_branch_python_dop_operator_3.py
[2024-05-30T00:11:33.032+0000] {logging_mixin.py:188} INFO - [2024-05-30T00:11:33.031+0000] {dag.py:3036} INFO - Sync 1 DAGs
[2024-05-30T00:11:33.056+0000] {logging_mixin.py:188} INFO - [2024-05-30T00:11:33.055+0000] {dag.py:3823} INFO - Setting next_dagrun for example_branch_dop_operator_v3 to 2024-05-30 00:10:00+00:00, run_after=2024-05-30 00:11:00+00:00
[2024-05-30T00:11:33.075+0000] {processor.py:183} INFO - Processing /home/airflow/.local/lib/python3.8/site-packages/airflow/example_dags/example_branch_python_dop_operator_3.py took 0.079 seconds
[2024-05-30T00:12:03.925+0000] {processor.py:161} INFO - Started process (PID=4087) to work on /home/airflow/.local/lib/python3.8/site-packages/airflow/example_dags/example_branch_python_dop_operator_3.py
[2024-05-30T00:12:03.927+0000] {processor.py:830} INFO - Processing file /home/airflow/.local/lib/python3.8/site-packages/airflow/example_dags/example_branch_python_dop_operator_3.py for tasks to queue
[2024-05-30T00:12:03.928+0000] {logging_mixin.py:188} INFO - [2024-05-30T00:12:03.928+0000] {dagbag.py:538} INFO - Filling up the DagBag from /home/airflow/.local/lib/python3.8/site-packages/airflow/example_dags/example_branch_python_dop_operator_3.py
[2024-05-30T00:12:03.936+0000] {processor.py:840} INFO - DAG(s) 'example_branch_dop_operator_v3' retrieved from /home/airflow/.local/lib/python3.8/site-packages/airflow/example_dags/example_branch_python_dop_operator_3.py
[2024-05-30T00:12:03.958+0000] {logging_mixin.py:188} INFO - [2024-05-30T00:12:03.957+0000] {dag.py:3036} INFO - Sync 1 DAGs
[2024-05-30T00:12:03.981+0000] {logging_mixin.py:188} INFO - [2024-05-30T00:12:03.980+0000] {dag.py:3823} INFO - Setting next_dagrun for example_branch_dop_operator_v3 to 2024-05-30 00:11:00+00:00, run_after=2024-05-30 00:12:00+00:00
[2024-05-30T00:12:04.002+0000] {processor.py:183} INFO - Processing /home/airflow/.local/lib/python3.8/site-packages/airflow/example_dags/example_branch_python_dop_operator_3.py took 0.080 seconds
[2024-05-30T00:12:34.512+0000] {processor.py:161} INFO - Started process (PID=4146) to work on /home/airflow/.local/lib/python3.8/site-packages/airflow/example_dags/example_branch_python_dop_operator_3.py
[2024-05-30T00:12:34.513+0000] {processor.py:830} INFO - Processing file /home/airflow/.local/lib/python3.8/site-packages/airflow/example_dags/example_branch_python_dop_operator_3.py for tasks to queue
[2024-05-30T00:12:34.515+0000] {logging_mixin.py:188} INFO - [2024-05-30T00:12:34.514+0000] {dagbag.py:538} INFO - Filling up the DagBag from /home/airflow/.local/lib/python3.8/site-packages/airflow/example_dags/example_branch_python_dop_operator_3.py
[2024-05-30T00:12:34.523+0000] {processor.py:840} INFO - DAG(s) 'example_branch_dop_operator_v3' retrieved from /home/airflow/.local/lib/python3.8/site-packages/airflow/example_dags/example_branch_python_dop_operator_3.py
[2024-05-30T00:12:34.544+0000] {logging_mixin.py:188} INFO - [2024-05-30T00:12:34.544+0000] {dag.py:3036} INFO - Sync 1 DAGs
[2024-05-30T00:12:34.568+0000] {logging_mixin.py:188} INFO - [2024-05-30T00:12:34.568+0000] {dag.py:3823} INFO - Setting next_dagrun for example_branch_dop_operator_v3 to 2024-05-30 00:11:00+00:00, run_after=2024-05-30 00:12:00+00:00
[2024-05-30T00:12:34.593+0000] {processor.py:183} INFO - Processing /home/airflow/.local/lib/python3.8/site-packages/airflow/example_dags/example_branch_python_dop_operator_3.py took 0.084 seconds
[2024-05-30T00:13:05.326+0000] {processor.py:161} INFO - Started process (PID=4205) to work on /home/airflow/.local/lib/python3.8/site-packages/airflow/example_dags/example_branch_python_dop_operator_3.py
[2024-05-30T00:13:05.327+0000] {processor.py:830} INFO - Processing file /home/airflow/.local/lib/python3.8/site-packages/airflow/example_dags/example_branch_python_dop_operator_3.py for tasks to queue
[2024-05-30T00:13:05.329+0000] {logging_mixin.py:188} INFO - [2024-05-30T00:13:05.329+0000] {dagbag.py:538} INFO - Filling up the DagBag from /home/airflow/.local/lib/python3.8/site-packages/airflow/example_dags/example_branch_python_dop_operator_3.py
[2024-05-30T00:13:05.337+0000] {processor.py:840} INFO - DAG(s) 'example_branch_dop_operator_v3' retrieved from /home/airflow/.local/lib/python3.8/site-packages/airflow/example_dags/example_branch_python_dop_operator_3.py
[2024-05-30T00:13:05.358+0000] {logging_mixin.py:188} INFO - [2024-05-30T00:13:05.358+0000] {dag.py:3036} INFO - Sync 1 DAGs
[2024-05-30T00:13:05.382+0000] {logging_mixin.py:188} INFO - [2024-05-30T00:13:05.381+0000] {dag.py:3823} INFO - Setting next_dagrun for example_branch_dop_operator_v3 to 2024-05-30 00:12:00+00:00, run_after=2024-05-30 00:13:00+00:00
[2024-05-30T00:13:05.404+0000] {processor.py:183} INFO - Processing /home/airflow/.local/lib/python3.8/site-packages/airflow/example_dags/example_branch_python_dop_operator_3.py took 0.080 seconds
[2024-05-30T00:13:35.994+0000] {processor.py:161} INFO - Started process (PID=4264) to work on /home/airflow/.local/lib/python3.8/site-packages/airflow/example_dags/example_branch_python_dop_operator_3.py
[2024-05-30T00:13:35.995+0000] {processor.py:830} INFO - Processing file /home/airflow/.local/lib/python3.8/site-packages/airflow/example_dags/example_branch_python_dop_operator_3.py for tasks to queue
[2024-05-30T00:13:35.996+0000] {logging_mixin.py:188} INFO - [2024-05-30T00:13:35.996+0000] {dagbag.py:538} INFO - Filling up the DagBag from /home/airflow/.local/lib/python3.8/site-packages/airflow/example_dags/example_branch_python_dop_operator_3.py
[2024-05-30T00:13:36.005+0000] {processor.py:840} INFO - DAG(s) 'example_branch_dop_operator_v3' retrieved from /home/airflow/.local/lib/python3.8/site-packages/airflow/example_dags/example_branch_python_dop_operator_3.py
[2024-05-30T00:13:36.028+0000] {logging_mixin.py:188} INFO - [2024-05-30T00:13:36.028+0000] {dag.py:3036} INFO - Sync 1 DAGs
[2024-05-30T00:13:36.053+0000] {logging_mixin.py:188} INFO - [2024-05-30T00:13:36.052+0000] {dag.py:3823} INFO - Setting next_dagrun for example_branch_dop_operator_v3 to 2024-05-30 00:12:00+00:00, run_after=2024-05-30 00:13:00+00:00
[2024-05-30T00:13:36.073+0000] {processor.py:183} INFO - Processing /home/airflow/.local/lib/python3.8/site-packages/airflow/example_dags/example_branch_python_dop_operator_3.py took 0.083 seconds
[2024-05-30T00:14:06.717+0000] {processor.py:161} INFO - Started process (PID=4323) to work on /home/airflow/.local/lib/python3.8/site-packages/airflow/example_dags/example_branch_python_dop_operator_3.py
[2024-05-30T00:14:06.718+0000] {processor.py:830} INFO - Processing file /home/airflow/.local/lib/python3.8/site-packages/airflow/example_dags/example_branch_python_dop_operator_3.py for tasks to queue
[2024-05-30T00:14:06.719+0000] {logging_mixin.py:188} INFO - [2024-05-30T00:14:06.719+0000] {dagbag.py:538} INFO - Filling up the DagBag from /home/airflow/.local/lib/python3.8/site-packages/airflow/example_dags/example_branch_python_dop_operator_3.py
[2024-05-30T00:14:06.728+0000] {processor.py:840} INFO - DAG(s) 'example_branch_dop_operator_v3' retrieved from /home/airflow/.local/lib/python3.8/site-packages/airflow/example_dags/example_branch_python_dop_operator_3.py
[2024-05-30T00:14:06.749+0000] {logging_mixin.py:188} INFO - [2024-05-30T00:14:06.749+0000] {dag.py:3036} INFO - Sync 1 DAGs
[2024-05-30T00:14:06.774+0000] {logging_mixin.py:188} INFO - [2024-05-30T00:14:06.774+0000] {dag.py:3823} INFO - Setting next_dagrun for example_branch_dop_operator_v3 to 2024-05-30 00:13:00+00:00, run_after=2024-05-30 00:14:00+00:00
[2024-05-30T00:14:06.796+0000] {processor.py:183} INFO - Processing /home/airflow/.local/lib/python3.8/site-packages/airflow/example_dags/example_branch_python_dop_operator_3.py took 0.083 seconds
