[2024-05-30T00:00:13.841+0000] {processor.py:161} INFO - Started process (PID=2729) to work on /home/airflow/.local/lib/python3.8/site-packages/airflow/example_dags/example_branch_operator.py
[2024-05-30T00:00:13.843+0000] {processor.py:830} INFO - Processing file /home/airflow/.local/lib/python3.8/site-packages/airflow/example_dags/example_branch_operator.py for tasks to queue
[2024-05-30T00:00:13.846+0000] {logging_mixin.py:188} INFO - [2024-05-30T00:00:13.845+0000] {dagbag.py:538} INFO - Filling up the DagBag from /home/airflow/.local/lib/python3.8/site-packages/airflow/example_dags/example_branch_operator.py
[2024-05-30T00:00:13.867+0000] {processor.py:840} INFO - DAG(s) 'example_branch_operator' retrieved from /home/airflow/.local/lib/python3.8/site-packages/airflow/example_dags/example_branch_operator.py
[2024-05-30T00:00:13.904+0000] {logging_mixin.py:188} INFO - [2024-05-30T00:00:13.903+0000] {dag.py:3036} INFO - Sync 1 DAGs
[2024-05-30T00:00:13.931+0000] {logging_mixin.py:188} INFO - [2024-05-30T00:00:13.930+0000] {dag.py:3823} INFO - Setting next_dagrun for example_branch_operator to 2024-05-29 00:00:00+00:00, run_after=2024-05-30 00:00:00+00:00
[2024-05-30T00:00:13.955+0000] {processor.py:183} INFO - Processing /home/airflow/.local/lib/python3.8/site-packages/airflow/example_dags/example_branch_operator.py took 0.119 seconds
[2024-05-30T00:00:45.394+0000] {processor.py:161} INFO - Started process (PID=2788) to work on /home/airflow/.local/lib/python3.8/site-packages/airflow/example_dags/example_branch_operator.py
[2024-05-30T00:00:45.395+0000] {processor.py:830} INFO - Processing file /home/airflow/.local/lib/python3.8/site-packages/airflow/example_dags/example_branch_operator.py for tasks to queue
[2024-05-30T00:00:45.396+0000] {logging_mixin.py:188} INFO - [2024-05-30T00:00:45.396+0000] {dagbag.py:538} INFO - Filling up the DagBag from /home/airflow/.local/lib/python3.8/site-packages/airflow/example_dags/example_branch_operator.py
[2024-05-30T00:00:45.419+0000] {processor.py:840} INFO - DAG(s) 'example_branch_operator' retrieved from /home/airflow/.local/lib/python3.8/site-packages/airflow/example_dags/example_branch_operator.py
[2024-05-30T00:00:45.469+0000] {logging_mixin.py:188} INFO - [2024-05-30T00:00:45.468+0000] {dag.py:3036} INFO - Sync 1 DAGs
[2024-05-30T00:00:45.505+0000] {logging_mixin.py:188} INFO - [2024-05-30T00:00:45.504+0000] {dag.py:3823} INFO - Setting next_dagrun for example_branch_operator to 2024-05-29 00:00:00+00:00, run_after=2024-05-30 00:00:00+00:00
[2024-05-30T00:00:45.541+0000] {processor.py:183} INFO - Processing /home/airflow/.local/lib/python3.8/site-packages/airflow/example_dags/example_branch_operator.py took 0.152 seconds
[2024-05-30T00:01:16.020+0000] {processor.py:161} INFO - Started process (PID=2847) to work on /home/airflow/.local/lib/python3.8/site-packages/airflow/example_dags/example_branch_operator.py
[2024-05-30T00:01:16.023+0000] {processor.py:830} INFO - Processing file /home/airflow/.local/lib/python3.8/site-packages/airflow/example_dags/example_branch_operator.py for tasks to queue
[2024-05-30T00:01:16.025+0000] {logging_mixin.py:188} INFO - [2024-05-30T00:01:16.024+0000] {dagbag.py:538} INFO - Filling up the DagBag from /home/airflow/.local/lib/python3.8/site-packages/airflow/example_dags/example_branch_operator.py
[2024-05-30T00:01:16.051+0000] {processor.py:840} INFO - DAG(s) 'example_branch_operator' retrieved from /home/airflow/.local/lib/python3.8/site-packages/airflow/example_dags/example_branch_operator.py
[2024-05-30T00:01:16.095+0000] {logging_mixin.py:188} INFO - [2024-05-30T00:01:16.094+0000] {dag.py:3036} INFO - Sync 1 DAGs
[2024-05-30T00:01:16.129+0000] {logging_mixin.py:188} INFO - [2024-05-30T00:01:16.129+0000] {dag.py:3823} INFO - Setting next_dagrun for example_branch_operator to 2024-05-29 00:00:00+00:00, run_after=2024-05-30 00:00:00+00:00
[2024-05-30T00:01:16.163+0000] {processor.py:183} INFO - Processing /home/airflow/.local/lib/python3.8/site-packages/airflow/example_dags/example_branch_operator.py took 0.148 seconds
[2024-05-30T00:01:46.461+0000] {processor.py:161} INFO - Started process (PID=2906) to work on /home/airflow/.local/lib/python3.8/site-packages/airflow/example_dags/example_branch_operator.py
[2024-05-30T00:01:46.463+0000] {processor.py:830} INFO - Processing file /home/airflow/.local/lib/python3.8/site-packages/airflow/example_dags/example_branch_operator.py for tasks to queue
[2024-05-30T00:01:46.464+0000] {logging_mixin.py:188} INFO - [2024-05-30T00:01:46.463+0000] {dagbag.py:538} INFO - Filling up the DagBag from /home/airflow/.local/lib/python3.8/site-packages/airflow/example_dags/example_branch_operator.py
[2024-05-30T00:01:46.480+0000] {processor.py:840} INFO - DAG(s) 'example_branch_operator' retrieved from /home/airflow/.local/lib/python3.8/site-packages/airflow/example_dags/example_branch_operator.py
[2024-05-30T00:01:46.509+0000] {logging_mixin.py:188} INFO - [2024-05-30T00:01:46.508+0000] {dag.py:3036} INFO - Sync 1 DAGs
[2024-05-30T00:01:46.530+0000] {logging_mixin.py:188} INFO - [2024-05-30T00:01:46.530+0000] {dag.py:3823} INFO - Setting next_dagrun for example_branch_operator to 2024-05-29 00:00:00+00:00, run_after=2024-05-30 00:00:00+00:00
[2024-05-30T00:01:46.552+0000] {processor.py:183} INFO - Processing /home/airflow/.local/lib/python3.8/site-packages/airflow/example_dags/example_branch_operator.py took 0.094 seconds
[2024-05-30T00:02:17.584+0000] {processor.py:161} INFO - Started process (PID=2965) to work on /home/airflow/.local/lib/python3.8/site-packages/airflow/example_dags/example_branch_operator.py
[2024-05-30T00:02:17.586+0000] {processor.py:830} INFO - Processing file /home/airflow/.local/lib/python3.8/site-packages/airflow/example_dags/example_branch_operator.py for tasks to queue
[2024-05-30T00:02:17.587+0000] {logging_mixin.py:188} INFO - [2024-05-30T00:02:17.587+0000] {dagbag.py:538} INFO - Filling up the DagBag from /home/airflow/.local/lib/python3.8/site-packages/airflow/example_dags/example_branch_operator.py
[2024-05-30T00:02:17.604+0000] {processor.py:840} INFO - DAG(s) 'example_branch_operator' retrieved from /home/airflow/.local/lib/python3.8/site-packages/airflow/example_dags/example_branch_operator.py
[2024-05-30T00:02:17.635+0000] {logging_mixin.py:188} INFO - [2024-05-30T00:02:17.635+0000] {dag.py:3036} INFO - Sync 1 DAGs
[2024-05-30T00:02:17.657+0000] {logging_mixin.py:188} INFO - [2024-05-30T00:02:17.657+0000] {dag.py:3823} INFO - Setting next_dagrun for example_branch_operator to 2024-05-29 00:00:00+00:00, run_after=2024-05-30 00:00:00+00:00
[2024-05-30T00:02:17.677+0000] {processor.py:183} INFO - Processing /home/airflow/.local/lib/python3.8/site-packages/airflow/example_dags/example_branch_operator.py took 0.096 seconds
[2024-05-30T00:02:49.318+0000] {processor.py:161} INFO - Started process (PID=3024) to work on /home/airflow/.local/lib/python3.8/site-packages/airflow/example_dags/example_branch_operator.py
[2024-05-30T00:02:49.320+0000] {processor.py:830} INFO - Processing file /home/airflow/.local/lib/python3.8/site-packages/airflow/example_dags/example_branch_operator.py for tasks to queue
[2024-05-30T00:02:49.323+0000] {logging_mixin.py:188} INFO - [2024-05-30T00:02:49.322+0000] {dagbag.py:538} INFO - Filling up the DagBag from /home/airflow/.local/lib/python3.8/site-packages/airflow/example_dags/example_branch_operator.py
[2024-05-30T00:02:49.347+0000] {processor.py:840} INFO - DAG(s) 'example_branch_operator' retrieved from /home/airflow/.local/lib/python3.8/site-packages/airflow/example_dags/example_branch_operator.py
[2024-05-30T00:02:49.387+0000] {logging_mixin.py:188} INFO - [2024-05-30T00:02:49.386+0000] {dag.py:3036} INFO - Sync 1 DAGs
[2024-05-30T00:02:49.418+0000] {logging_mixin.py:188} INFO - [2024-05-30T00:02:49.418+0000] {dag.py:3823} INFO - Setting next_dagrun for example_branch_operator to 2024-05-29 00:00:00+00:00, run_after=2024-05-30 00:00:00+00:00
[2024-05-30T00:02:49.638+0000] {processor.py:183} INFO - Processing /home/airflow/.local/lib/python3.8/site-packages/airflow/example_dags/example_branch_operator.py took 0.327 seconds
[2024-05-30T00:03:19.908+0000] {processor.py:161} INFO - Started process (PID=3083) to work on /home/airflow/.local/lib/python3.8/site-packages/airflow/example_dags/example_branch_operator.py
[2024-05-30T00:03:19.909+0000] {processor.py:830} INFO - Processing file /home/airflow/.local/lib/python3.8/site-packages/airflow/example_dags/example_branch_operator.py for tasks to queue
[2024-05-30T00:03:19.911+0000] {logging_mixin.py:188} INFO - [2024-05-30T00:03:19.910+0000] {dagbag.py:538} INFO - Filling up the DagBag from /home/airflow/.local/lib/python3.8/site-packages/airflow/example_dags/example_branch_operator.py
[2024-05-30T00:03:19.928+0000] {processor.py:840} INFO - DAG(s) 'example_branch_operator' retrieved from /home/airflow/.local/lib/python3.8/site-packages/airflow/example_dags/example_branch_operator.py
[2024-05-30T00:03:19.957+0000] {logging_mixin.py:188} INFO - [2024-05-30T00:03:19.957+0000] {dag.py:3036} INFO - Sync 1 DAGs
[2024-05-30T00:03:19.978+0000] {logging_mixin.py:188} INFO - [2024-05-30T00:03:19.978+0000] {dag.py:3823} INFO - Setting next_dagrun for example_branch_operator to 2024-05-29 00:00:00+00:00, run_after=2024-05-30 00:00:00+00:00
[2024-05-30T00:03:19.998+0000] {processor.py:183} INFO - Processing /home/airflow/.local/lib/python3.8/site-packages/airflow/example_dags/example_branch_operator.py took 0.093 seconds
[2024-05-30T00:03:50.891+0000] {processor.py:161} INFO - Started process (PID=3142) to work on /home/airflow/.local/lib/python3.8/site-packages/airflow/example_dags/example_branch_operator.py
[2024-05-30T00:03:50.892+0000] {processor.py:830} INFO - Processing file /home/airflow/.local/lib/python3.8/site-packages/airflow/example_dags/example_branch_operator.py for tasks to queue
[2024-05-30T00:03:50.893+0000] {logging_mixin.py:188} INFO - [2024-05-30T00:03:50.893+0000] {dagbag.py:538} INFO - Filling up the DagBag from /home/airflow/.local/lib/python3.8/site-packages/airflow/example_dags/example_branch_operator.py
[2024-05-30T00:03:50.911+0000] {processor.py:840} INFO - DAG(s) 'example_branch_operator' retrieved from /home/airflow/.local/lib/python3.8/site-packages/airflow/example_dags/example_branch_operator.py
[2024-05-30T00:03:50.937+0000] {logging_mixin.py:188} INFO - [2024-05-30T00:03:50.937+0000] {dag.py:3036} INFO - Sync 1 DAGs
[2024-05-30T00:03:50.957+0000] {logging_mixin.py:188} INFO - [2024-05-30T00:03:50.957+0000] {dag.py:3823} INFO - Setting next_dagrun for example_branch_operator to 2024-05-29 00:00:00+00:00, run_after=2024-05-30 00:00:00+00:00
[2024-05-30T00:03:50.978+0000] {processor.py:183} INFO - Processing /home/airflow/.local/lib/python3.8/site-packages/airflow/example_dags/example_branch_operator.py took 0.090 seconds
[2024-05-30T00:04:21.489+0000] {processor.py:161} INFO - Started process (PID=3201) to work on /home/airflow/.local/lib/python3.8/site-packages/airflow/example_dags/example_branch_operator.py
[2024-05-30T00:04:21.491+0000] {processor.py:830} INFO - Processing file /home/airflow/.local/lib/python3.8/site-packages/airflow/example_dags/example_branch_operator.py for tasks to queue
[2024-05-30T00:04:21.492+0000] {logging_mixin.py:188} INFO - [2024-05-30T00:04:21.492+0000] {dagbag.py:538} INFO - Filling up the DagBag from /home/airflow/.local/lib/python3.8/site-packages/airflow/example_dags/example_branch_operator.py
[2024-05-30T00:04:21.511+0000] {processor.py:840} INFO - DAG(s) 'example_branch_operator' retrieved from /home/airflow/.local/lib/python3.8/site-packages/airflow/example_dags/example_branch_operator.py
[2024-05-30T00:04:21.550+0000] {logging_mixin.py:188} INFO - [2024-05-30T00:04:21.550+0000] {dag.py:3036} INFO - Sync 1 DAGs
[2024-05-30T00:04:21.689+0000] {logging_mixin.py:188} INFO - [2024-05-30T00:04:21.689+0000] {dag.py:3823} INFO - Setting next_dagrun for example_branch_operator to 2024-05-29 00:00:00+00:00, run_after=2024-05-30 00:00:00+00:00
[2024-05-30T00:04:21.705+0000] {processor.py:183} INFO - Processing /home/airflow/.local/lib/python3.8/site-packages/airflow/example_dags/example_branch_operator.py took 0.220 seconds
[2024-05-30T00:04:52.252+0000] {processor.py:161} INFO - Started process (PID=3260) to work on /home/airflow/.local/lib/python3.8/site-packages/airflow/example_dags/example_branch_operator.py
[2024-05-30T00:04:52.253+0000] {processor.py:830} INFO - Processing file /home/airflow/.local/lib/python3.8/site-packages/airflow/example_dags/example_branch_operator.py for tasks to queue
[2024-05-30T00:04:52.255+0000] {logging_mixin.py:188} INFO - [2024-05-30T00:04:52.255+0000] {dagbag.py:538} INFO - Filling up the DagBag from /home/airflow/.local/lib/python3.8/site-packages/airflow/example_dags/example_branch_operator.py
[2024-05-30T00:04:52.271+0000] {processor.py:840} INFO - DAG(s) 'example_branch_operator' retrieved from /home/airflow/.local/lib/python3.8/site-packages/airflow/example_dags/example_branch_operator.py
[2024-05-30T00:04:52.299+0000] {logging_mixin.py:188} INFO - [2024-05-30T00:04:52.299+0000] {dag.py:3036} INFO - Sync 1 DAGs
[2024-05-30T00:04:52.321+0000] {logging_mixin.py:188} INFO - [2024-05-30T00:04:52.320+0000] {dag.py:3823} INFO - Setting next_dagrun for example_branch_operator to 2024-05-29 00:00:00+00:00, run_after=2024-05-30 00:00:00+00:00
[2024-05-30T00:04:52.453+0000] {processor.py:183} INFO - Processing /home/airflow/.local/lib/python3.8/site-packages/airflow/example_dags/example_branch_operator.py took 0.204 seconds
[2024-05-30T00:05:23.011+0000] {processor.py:161} INFO - Started process (PID=3319) to work on /home/airflow/.local/lib/python3.8/site-packages/airflow/example_dags/example_branch_operator.py
[2024-05-30T00:05:23.012+0000] {processor.py:830} INFO - Processing file /home/airflow/.local/lib/python3.8/site-packages/airflow/example_dags/example_branch_operator.py for tasks to queue
[2024-05-30T00:05:23.013+0000] {logging_mixin.py:188} INFO - [2024-05-30T00:05:23.013+0000] {dagbag.py:538} INFO - Filling up the DagBag from /home/airflow/.local/lib/python3.8/site-packages/airflow/example_dags/example_branch_operator.py
[2024-05-30T00:05:23.029+0000] {processor.py:840} INFO - DAG(s) 'example_branch_operator' retrieved from /home/airflow/.local/lib/python3.8/site-packages/airflow/example_dags/example_branch_operator.py
[2024-05-30T00:05:23.058+0000] {logging_mixin.py:188} INFO - [2024-05-30T00:05:23.058+0000] {dag.py:3036} INFO - Sync 1 DAGs
[2024-05-30T00:05:23.079+0000] {logging_mixin.py:188} INFO - [2024-05-30T00:05:23.079+0000] {dag.py:3823} INFO - Setting next_dagrun for example_branch_operator to 2024-05-29 00:00:00+00:00, run_after=2024-05-30 00:00:00+00:00
[2024-05-30T00:05:23.098+0000] {processor.py:183} INFO - Processing /home/airflow/.local/lib/python3.8/site-packages/airflow/example_dags/example_branch_operator.py took 0.090 seconds
[2024-05-30T00:05:54.253+0000] {processor.py:161} INFO - Started process (PID=3378) to work on /home/airflow/.local/lib/python3.8/site-packages/airflow/example_dags/example_branch_operator.py
[2024-05-30T00:05:54.255+0000] {processor.py:830} INFO - Processing file /home/airflow/.local/lib/python3.8/site-packages/airflow/example_dags/example_branch_operator.py for tasks to queue
[2024-05-30T00:05:54.256+0000] {logging_mixin.py:188} INFO - [2024-05-30T00:05:54.256+0000] {dagbag.py:538} INFO - Filling up the DagBag from /home/airflow/.local/lib/python3.8/site-packages/airflow/example_dags/example_branch_operator.py
[2024-05-30T00:05:54.273+0000] {processor.py:840} INFO - DAG(s) 'example_branch_operator' retrieved from /home/airflow/.local/lib/python3.8/site-packages/airflow/example_dags/example_branch_operator.py
[2024-05-30T00:05:54.303+0000] {logging_mixin.py:188} INFO - [2024-05-30T00:05:54.303+0000] {dag.py:3036} INFO - Sync 1 DAGs
[2024-05-30T00:05:54.325+0000] {logging_mixin.py:188} INFO - [2024-05-30T00:05:54.325+0000] {dag.py:3823} INFO - Setting next_dagrun for example_branch_operator to 2024-05-29 00:00:00+00:00, run_after=2024-05-30 00:00:00+00:00
[2024-05-30T00:05:54.349+0000] {processor.py:183} INFO - Processing /home/airflow/.local/lib/python3.8/site-packages/airflow/example_dags/example_branch_operator.py took 0.099 seconds
[2024-05-30T00:06:25.661+0000] {processor.py:161} INFO - Started process (PID=3437) to work on /home/airflow/.local/lib/python3.8/site-packages/airflow/example_dags/example_branch_operator.py
[2024-05-30T00:06:25.662+0000] {processor.py:830} INFO - Processing file /home/airflow/.local/lib/python3.8/site-packages/airflow/example_dags/example_branch_operator.py for tasks to queue
[2024-05-30T00:06:25.663+0000] {logging_mixin.py:188} INFO - [2024-05-30T00:06:25.663+0000] {dagbag.py:538} INFO - Filling up the DagBag from /home/airflow/.local/lib/python3.8/site-packages/airflow/example_dags/example_branch_operator.py
[2024-05-30T00:06:25.679+0000] {processor.py:840} INFO - DAG(s) 'example_branch_operator' retrieved from /home/airflow/.local/lib/python3.8/site-packages/airflow/example_dags/example_branch_operator.py
[2024-05-30T00:06:25.827+0000] {logging_mixin.py:188} INFO - [2024-05-30T00:06:25.826+0000] {dag.py:3036} INFO - Sync 1 DAGs
[2024-05-30T00:06:25.846+0000] {logging_mixin.py:188} INFO - [2024-05-30T00:06:25.846+0000] {dag.py:3823} INFO - Setting next_dagrun for example_branch_operator to 2024-05-29 00:00:00+00:00, run_after=2024-05-30 00:00:00+00:00
[2024-05-30T00:06:25.865+0000] {processor.py:183} INFO - Processing /home/airflow/.local/lib/python3.8/site-packages/airflow/example_dags/example_branch_operator.py took 0.207 seconds
[2024-05-30T00:06:56.085+0000] {processor.py:161} INFO - Started process (PID=3496) to work on /home/airflow/.local/lib/python3.8/site-packages/airflow/example_dags/example_branch_operator.py
[2024-05-30T00:06:56.086+0000] {processor.py:830} INFO - Processing file /home/airflow/.local/lib/python3.8/site-packages/airflow/example_dags/example_branch_operator.py for tasks to queue
[2024-05-30T00:06:56.087+0000] {logging_mixin.py:188} INFO - [2024-05-30T00:06:56.087+0000] {dagbag.py:538} INFO - Filling up the DagBag from /home/airflow/.local/lib/python3.8/site-packages/airflow/example_dags/example_branch_operator.py
[2024-05-30T00:06:56.104+0000] {processor.py:840} INFO - DAG(s) 'example_branch_operator' retrieved from /home/airflow/.local/lib/python3.8/site-packages/airflow/example_dags/example_branch_operator.py
[2024-05-30T00:06:56.132+0000] {logging_mixin.py:188} INFO - [2024-05-30T00:06:56.132+0000] {dag.py:3036} INFO - Sync 1 DAGs
[2024-05-30T00:06:56.154+0000] {logging_mixin.py:188} INFO - [2024-05-30T00:06:56.154+0000] {dag.py:3823} INFO - Setting next_dagrun for example_branch_operator to 2024-05-29 00:00:00+00:00, run_after=2024-05-30 00:00:00+00:00
[2024-05-30T00:06:56.174+0000] {processor.py:183} INFO - Processing /home/airflow/.local/lib/python3.8/site-packages/airflow/example_dags/example_branch_operator.py took 0.092 seconds
[2024-05-30T00:07:27.023+0000] {processor.py:161} INFO - Started process (PID=3555) to work on /home/airflow/.local/lib/python3.8/site-packages/airflow/example_dags/example_branch_operator.py
[2024-05-30T00:07:27.024+0000] {processor.py:830} INFO - Processing file /home/airflow/.local/lib/python3.8/site-packages/airflow/example_dags/example_branch_operator.py for tasks to queue
[2024-05-30T00:07:27.025+0000] {logging_mixin.py:188} INFO - [2024-05-30T00:07:27.025+0000] {dagbag.py:538} INFO - Filling up the DagBag from /home/airflow/.local/lib/python3.8/site-packages/airflow/example_dags/example_branch_operator.py
[2024-05-30T00:07:27.047+0000] {processor.py:840} INFO - DAG(s) 'example_branch_operator' retrieved from /home/airflow/.local/lib/python3.8/site-packages/airflow/example_dags/example_branch_operator.py
[2024-05-30T00:07:27.077+0000] {logging_mixin.py:188} INFO - [2024-05-30T00:07:27.077+0000] {dag.py:3036} INFO - Sync 1 DAGs
[2024-05-30T00:07:27.100+0000] {logging_mixin.py:188} INFO - [2024-05-30T00:07:27.100+0000] {dag.py:3823} INFO - Setting next_dagrun for example_branch_operator to 2024-05-29 00:00:00+00:00, run_after=2024-05-30 00:00:00+00:00
[2024-05-30T00:07:27.123+0000] {processor.py:183} INFO - Processing /home/airflow/.local/lib/python3.8/site-packages/airflow/example_dags/example_branch_operator.py took 0.104 seconds
[2024-05-30T00:07:57.398+0000] {processor.py:161} INFO - Started process (PID=3614) to work on /home/airflow/.local/lib/python3.8/site-packages/airflow/example_dags/example_branch_operator.py
[2024-05-30T00:07:57.399+0000] {processor.py:830} INFO - Processing file /home/airflow/.local/lib/python3.8/site-packages/airflow/example_dags/example_branch_operator.py for tasks to queue
[2024-05-30T00:07:57.401+0000] {logging_mixin.py:188} INFO - [2024-05-30T00:07:57.400+0000] {dagbag.py:538} INFO - Filling up the DagBag from /home/airflow/.local/lib/python3.8/site-packages/airflow/example_dags/example_branch_operator.py
[2024-05-30T00:07:57.421+0000] {processor.py:840} INFO - DAG(s) 'example_branch_operator' retrieved from /home/airflow/.local/lib/python3.8/site-packages/airflow/example_dags/example_branch_operator.py
[2024-05-30T00:07:57.449+0000] {logging_mixin.py:188} INFO - [2024-05-30T00:07:57.449+0000] {dag.py:3036} INFO - Sync 1 DAGs
[2024-05-30T00:07:57.472+0000] {logging_mixin.py:188} INFO - [2024-05-30T00:07:57.472+0000] {dag.py:3823} INFO - Setting next_dagrun for example_branch_operator to 2024-05-29 00:00:00+00:00, run_after=2024-05-30 00:00:00+00:00
[2024-05-30T00:07:57.494+0000] {processor.py:183} INFO - Processing /home/airflow/.local/lib/python3.8/site-packages/airflow/example_dags/example_branch_operator.py took 0.099 seconds
[2024-05-30T00:08:27.977+0000] {processor.py:161} INFO - Started process (PID=3673) to work on /home/airflow/.local/lib/python3.8/site-packages/airflow/example_dags/example_branch_operator.py
[2024-05-30T00:08:27.978+0000] {processor.py:830} INFO - Processing file /home/airflow/.local/lib/python3.8/site-packages/airflow/example_dags/example_branch_operator.py for tasks to queue
[2024-05-30T00:08:27.979+0000] {logging_mixin.py:188} INFO - [2024-05-30T00:08:27.979+0000] {dagbag.py:538} INFO - Filling up the DagBag from /home/airflow/.local/lib/python3.8/site-packages/airflow/example_dags/example_branch_operator.py
[2024-05-30T00:08:27.996+0000] {processor.py:840} INFO - DAG(s) 'example_branch_operator' retrieved from /home/airflow/.local/lib/python3.8/site-packages/airflow/example_dags/example_branch_operator.py
[2024-05-30T00:08:28.024+0000] {logging_mixin.py:188} INFO - [2024-05-30T00:08:28.024+0000] {dag.py:3036} INFO - Sync 1 DAGs
[2024-05-30T00:08:28.045+0000] {logging_mixin.py:188} INFO - [2024-05-30T00:08:28.045+0000] {dag.py:3823} INFO - Setting next_dagrun for example_branch_operator to 2024-05-29 00:00:00+00:00, run_after=2024-05-30 00:00:00+00:00
[2024-05-30T00:08:28.068+0000] {processor.py:183} INFO - Processing /home/airflow/.local/lib/python3.8/site-packages/airflow/example_dags/example_branch_operator.py took 0.095 seconds
[2024-05-30T00:08:58.925+0000] {processor.py:161} INFO - Started process (PID=3732) to work on /home/airflow/.local/lib/python3.8/site-packages/airflow/example_dags/example_branch_operator.py
[2024-05-30T00:08:58.926+0000] {processor.py:830} INFO - Processing file /home/airflow/.local/lib/python3.8/site-packages/airflow/example_dags/example_branch_operator.py for tasks to queue
[2024-05-30T00:08:58.927+0000] {logging_mixin.py:188} INFO - [2024-05-30T00:08:58.926+0000] {dagbag.py:538} INFO - Filling up the DagBag from /home/airflow/.local/lib/python3.8/site-packages/airflow/example_dags/example_branch_operator.py
[2024-05-30T00:08:58.947+0000] {processor.py:840} INFO - DAG(s) 'example_branch_operator' retrieved from /home/airflow/.local/lib/python3.8/site-packages/airflow/example_dags/example_branch_operator.py
[2024-05-30T00:08:58.989+0000] {logging_mixin.py:188} INFO - [2024-05-30T00:08:58.989+0000] {dag.py:3036} INFO - Sync 1 DAGs
[2024-05-30T00:08:59.014+0000] {logging_mixin.py:188} INFO - [2024-05-30T00:08:59.013+0000] {dag.py:3823} INFO - Setting next_dagrun for example_branch_operator to 2024-05-29 00:00:00+00:00, run_after=2024-05-30 00:00:00+00:00
[2024-05-30T00:08:59.038+0000] {processor.py:183} INFO - Processing /home/airflow/.local/lib/python3.8/site-packages/airflow/example_dags/example_branch_operator.py took 0.117 seconds
[2024-05-30T00:09:30.153+0000] {processor.py:161} INFO - Started process (PID=3791) to work on /home/airflow/.local/lib/python3.8/site-packages/airflow/example_dags/example_branch_operator.py
[2024-05-30T00:09:30.154+0000] {processor.py:830} INFO - Processing file /home/airflow/.local/lib/python3.8/site-packages/airflow/example_dags/example_branch_operator.py for tasks to queue
[2024-05-30T00:09:30.155+0000] {logging_mixin.py:188} INFO - [2024-05-30T00:09:30.155+0000] {dagbag.py:538} INFO - Filling up the DagBag from /home/airflow/.local/lib/python3.8/site-packages/airflow/example_dags/example_branch_operator.py
[2024-05-30T00:09:30.173+0000] {processor.py:840} INFO - DAG(s) 'example_branch_operator' retrieved from /home/airflow/.local/lib/python3.8/site-packages/airflow/example_dags/example_branch_operator.py
[2024-05-30T00:09:30.202+0000] {logging_mixin.py:188} INFO - [2024-05-30T00:09:30.202+0000] {dag.py:3036} INFO - Sync 1 DAGs
[2024-05-30T00:09:30.224+0000] {logging_mixin.py:188} INFO - [2024-05-30T00:09:30.224+0000] {dag.py:3823} INFO - Setting next_dagrun for example_branch_operator to 2024-05-29 00:00:00+00:00, run_after=2024-05-30 00:00:00+00:00
[2024-05-30T00:09:30.250+0000] {processor.py:183} INFO - Processing /home/airflow/.local/lib/python3.8/site-packages/airflow/example_dags/example_branch_operator.py took 0.101 seconds
[2024-05-30T00:10:01.236+0000] {processor.py:161} INFO - Started process (PID=3850) to work on /home/airflow/.local/lib/python3.8/site-packages/airflow/example_dags/example_branch_operator.py
[2024-05-30T00:10:01.237+0000] {processor.py:830} INFO - Processing file /home/airflow/.local/lib/python3.8/site-packages/airflow/example_dags/example_branch_operator.py for tasks to queue
[2024-05-30T00:10:01.238+0000] {logging_mixin.py:188} INFO - [2024-05-30T00:10:01.238+0000] {dagbag.py:538} INFO - Filling up the DagBag from /home/airflow/.local/lib/python3.8/site-packages/airflow/example_dags/example_branch_operator.py
[2024-05-30T00:10:01.257+0000] {processor.py:840} INFO - DAG(s) 'example_branch_operator' retrieved from /home/airflow/.local/lib/python3.8/site-packages/airflow/example_dags/example_branch_operator.py
[2024-05-30T00:10:01.285+0000] {logging_mixin.py:188} INFO - [2024-05-30T00:10:01.284+0000] {dag.py:3036} INFO - Sync 1 DAGs
[2024-05-30T00:10:01.306+0000] {logging_mixin.py:188} INFO - [2024-05-30T00:10:01.306+0000] {dag.py:3823} INFO - Setting next_dagrun for example_branch_operator to 2024-05-29 00:00:00+00:00, run_after=2024-05-30 00:00:00+00:00
[2024-05-30T00:10:01.328+0000] {processor.py:183} INFO - Processing /home/airflow/.local/lib/python3.8/site-packages/airflow/example_dags/example_branch_operator.py took 0.095 seconds
[2024-05-30T00:10:31.656+0000] {processor.py:161} INFO - Started process (PID=3909) to work on /home/airflow/.local/lib/python3.8/site-packages/airflow/example_dags/example_branch_operator.py
[2024-05-30T00:10:31.657+0000] {processor.py:830} INFO - Processing file /home/airflow/.local/lib/python3.8/site-packages/airflow/example_dags/example_branch_operator.py for tasks to queue
[2024-05-30T00:10:31.659+0000] {logging_mixin.py:188} INFO - [2024-05-30T00:10:31.658+0000] {dagbag.py:538} INFO - Filling up the DagBag from /home/airflow/.local/lib/python3.8/site-packages/airflow/example_dags/example_branch_operator.py
[2024-05-30T00:10:31.675+0000] {processor.py:840} INFO - DAG(s) 'example_branch_operator' retrieved from /home/airflow/.local/lib/python3.8/site-packages/airflow/example_dags/example_branch_operator.py
[2024-05-30T00:10:31.707+0000] {logging_mixin.py:188} INFO - [2024-05-30T00:10:31.707+0000] {dag.py:3036} INFO - Sync 1 DAGs
[2024-05-30T00:10:31.731+0000] {logging_mixin.py:188} INFO - [2024-05-30T00:10:31.731+0000] {dag.py:3823} INFO - Setting next_dagrun for example_branch_operator to 2024-05-29 00:00:00+00:00, run_after=2024-05-30 00:00:00+00:00
[2024-05-30T00:10:31.752+0000] {processor.py:183} INFO - Processing /home/airflow/.local/lib/python3.8/site-packages/airflow/example_dags/example_branch_operator.py took 0.099 seconds
[2024-05-30T00:11:02.553+0000] {processor.py:161} INFO - Started process (PID=3968) to work on /home/airflow/.local/lib/python3.8/site-packages/airflow/example_dags/example_branch_operator.py
[2024-05-30T00:11:02.554+0000] {processor.py:830} INFO - Processing file /home/airflow/.local/lib/python3.8/site-packages/airflow/example_dags/example_branch_operator.py for tasks to queue
[2024-05-30T00:11:02.556+0000] {logging_mixin.py:188} INFO - [2024-05-30T00:11:02.555+0000] {dagbag.py:538} INFO - Filling up the DagBag from /home/airflow/.local/lib/python3.8/site-packages/airflow/example_dags/example_branch_operator.py
[2024-05-30T00:11:02.575+0000] {processor.py:840} INFO - DAG(s) 'example_branch_operator' retrieved from /home/airflow/.local/lib/python3.8/site-packages/airflow/example_dags/example_branch_operator.py
[2024-05-30T00:11:02.605+0000] {logging_mixin.py:188} INFO - [2024-05-30T00:11:02.604+0000] {dag.py:3036} INFO - Sync 1 DAGs
[2024-05-30T00:11:02.629+0000] {logging_mixin.py:188} INFO - [2024-05-30T00:11:02.629+0000] {dag.py:3823} INFO - Setting next_dagrun for example_branch_operator to 2024-05-29 00:00:00+00:00, run_after=2024-05-30 00:00:00+00:00
[2024-05-30T00:11:02.651+0000] {processor.py:183} INFO - Processing /home/airflow/.local/lib/python3.8/site-packages/airflow/example_dags/example_branch_operator.py took 0.101 seconds
[2024-05-30T00:11:32.866+0000] {processor.py:161} INFO - Started process (PID=4027) to work on /home/airflow/.local/lib/python3.8/site-packages/airflow/example_dags/example_branch_operator.py
[2024-05-30T00:11:32.867+0000] {processor.py:830} INFO - Processing file /home/airflow/.local/lib/python3.8/site-packages/airflow/example_dags/example_branch_operator.py for tasks to queue
[2024-05-30T00:11:32.868+0000] {logging_mixin.py:188} INFO - [2024-05-30T00:11:32.868+0000] {dagbag.py:538} INFO - Filling up the DagBag from /home/airflow/.local/lib/python3.8/site-packages/airflow/example_dags/example_branch_operator.py
[2024-05-30T00:11:32.889+0000] {processor.py:840} INFO - DAG(s) 'example_branch_operator' retrieved from /home/airflow/.local/lib/python3.8/site-packages/airflow/example_dags/example_branch_operator.py
[2024-05-30T00:11:32.920+0000] {logging_mixin.py:188} INFO - [2024-05-30T00:11:32.919+0000] {dag.py:3036} INFO - Sync 1 DAGs
[2024-05-30T00:11:32.940+0000] {logging_mixin.py:188} INFO - [2024-05-30T00:11:32.940+0000] {dag.py:3823} INFO - Setting next_dagrun for example_branch_operator to 2024-05-29 00:00:00+00:00, run_after=2024-05-30 00:00:00+00:00
[2024-05-30T00:11:32.961+0000] {processor.py:183} INFO - Processing /home/airflow/.local/lib/python3.8/site-packages/airflow/example_dags/example_branch_operator.py took 0.098 seconds
[2024-05-30T00:12:03.891+0000] {processor.py:161} INFO - Started process (PID=4086) to work on /home/airflow/.local/lib/python3.8/site-packages/airflow/example_dags/example_branch_operator.py
[2024-05-30T00:12:03.892+0000] {processor.py:830} INFO - Processing file /home/airflow/.local/lib/python3.8/site-packages/airflow/example_dags/example_branch_operator.py for tasks to queue
[2024-05-30T00:12:03.893+0000] {logging_mixin.py:188} INFO - [2024-05-30T00:12:03.893+0000] {dagbag.py:538} INFO - Filling up the DagBag from /home/airflow/.local/lib/python3.8/site-packages/airflow/example_dags/example_branch_operator.py
[2024-05-30T00:12:03.911+0000] {processor.py:840} INFO - DAG(s) 'example_branch_operator' retrieved from /home/airflow/.local/lib/python3.8/site-packages/airflow/example_dags/example_branch_operator.py
[2024-05-30T00:12:03.938+0000] {logging_mixin.py:188} INFO - [2024-05-30T00:12:03.938+0000] {dag.py:3036} INFO - Sync 1 DAGs
[2024-05-30T00:12:03.959+0000] {logging_mixin.py:188} INFO - [2024-05-30T00:12:03.959+0000] {dag.py:3823} INFO - Setting next_dagrun for example_branch_operator to 2024-05-29 00:00:00+00:00, run_after=2024-05-30 00:00:00+00:00
[2024-05-30T00:12:03.980+0000] {processor.py:183} INFO - Processing /home/airflow/.local/lib/python3.8/site-packages/airflow/example_dags/example_branch_operator.py took 0.092 seconds
[2024-05-30T00:12:34.468+0000] {processor.py:161} INFO - Started process (PID=4145) to work on /home/airflow/.local/lib/python3.8/site-packages/airflow/example_dags/example_branch_operator.py
[2024-05-30T00:12:34.469+0000] {processor.py:830} INFO - Processing file /home/airflow/.local/lib/python3.8/site-packages/airflow/example_dags/example_branch_operator.py for tasks to queue
[2024-05-30T00:12:34.471+0000] {logging_mixin.py:188} INFO - [2024-05-30T00:12:34.471+0000] {dagbag.py:538} INFO - Filling up the DagBag from /home/airflow/.local/lib/python3.8/site-packages/airflow/example_dags/example_branch_operator.py
[2024-05-30T00:12:34.488+0000] {processor.py:840} INFO - DAG(s) 'example_branch_operator' retrieved from /home/airflow/.local/lib/python3.8/site-packages/airflow/example_dags/example_branch_operator.py
[2024-05-30T00:12:34.517+0000] {logging_mixin.py:188} INFO - [2024-05-30T00:12:34.517+0000] {dag.py:3036} INFO - Sync 1 DAGs
[2024-05-30T00:12:34.537+0000] {logging_mixin.py:188} INFO - [2024-05-30T00:12:34.537+0000] {dag.py:3823} INFO - Setting next_dagrun for example_branch_operator to 2024-05-29 00:00:00+00:00, run_after=2024-05-30 00:00:00+00:00
[2024-05-30T00:12:34.559+0000] {processor.py:183} INFO - Processing /home/airflow/.local/lib/python3.8/site-packages/airflow/example_dags/example_branch_operator.py took 0.094 seconds
[2024-05-30T00:13:05.251+0000] {processor.py:161} INFO - Started process (PID=4204) to work on /home/airflow/.local/lib/python3.8/site-packages/airflow/example_dags/example_branch_operator.py
[2024-05-30T00:13:05.252+0000] {processor.py:830} INFO - Processing file /home/airflow/.local/lib/python3.8/site-packages/airflow/example_dags/example_branch_operator.py for tasks to queue
[2024-05-30T00:13:05.254+0000] {logging_mixin.py:188} INFO - [2024-05-30T00:13:05.253+0000] {dagbag.py:538} INFO - Filling up the DagBag from /home/airflow/.local/lib/python3.8/site-packages/airflow/example_dags/example_branch_operator.py
[2024-05-30T00:13:05.270+0000] {processor.py:840} INFO - DAG(s) 'example_branch_operator' retrieved from /home/airflow/.local/lib/python3.8/site-packages/airflow/example_dags/example_branch_operator.py
[2024-05-30T00:13:05.298+0000] {logging_mixin.py:188} INFO - [2024-05-30T00:13:05.298+0000] {dag.py:3036} INFO - Sync 1 DAGs
[2024-05-30T00:13:05.320+0000] {logging_mixin.py:188} INFO - [2024-05-30T00:13:05.319+0000] {dag.py:3823} INFO - Setting next_dagrun for example_branch_operator to 2024-05-29 00:00:00+00:00, run_after=2024-05-30 00:00:00+00:00
[2024-05-30T00:13:05.339+0000] {processor.py:183} INFO - Processing /home/airflow/.local/lib/python3.8/site-packages/airflow/example_dags/example_branch_operator.py took 0.091 seconds
[2024-05-30T00:13:35.910+0000] {processor.py:161} INFO - Started process (PID=4263) to work on /home/airflow/.local/lib/python3.8/site-packages/airflow/example_dags/example_branch_operator.py
[2024-05-30T00:13:35.911+0000] {processor.py:830} INFO - Processing file /home/airflow/.local/lib/python3.8/site-packages/airflow/example_dags/example_branch_operator.py for tasks to queue
[2024-05-30T00:13:35.913+0000] {logging_mixin.py:188} INFO - [2024-05-30T00:13:35.912+0000] {dagbag.py:538} INFO - Filling up the DagBag from /home/airflow/.local/lib/python3.8/site-packages/airflow/example_dags/example_branch_operator.py
[2024-05-30T00:13:35.930+0000] {processor.py:840} INFO - DAG(s) 'example_branch_operator' retrieved from /home/airflow/.local/lib/python3.8/site-packages/airflow/example_dags/example_branch_operator.py
[2024-05-30T00:13:35.959+0000] {logging_mixin.py:188} INFO - [2024-05-30T00:13:35.959+0000] {dag.py:3036} INFO - Sync 1 DAGs
[2024-05-30T00:13:35.981+0000] {logging_mixin.py:188} INFO - [2024-05-30T00:13:35.981+0000] {dag.py:3823} INFO - Setting next_dagrun for example_branch_operator to 2024-05-29 00:00:00+00:00, run_after=2024-05-30 00:00:00+00:00
[2024-05-30T00:13:36.002+0000] {processor.py:183} INFO - Processing /home/airflow/.local/lib/python3.8/site-packages/airflow/example_dags/example_branch_operator.py took 0.096 seconds
[2024-05-30T00:14:06.640+0000] {processor.py:161} INFO - Started process (PID=4322) to work on /home/airflow/.local/lib/python3.8/site-packages/airflow/example_dags/example_branch_operator.py
[2024-05-30T00:14:06.641+0000] {processor.py:830} INFO - Processing file /home/airflow/.local/lib/python3.8/site-packages/airflow/example_dags/example_branch_operator.py for tasks to queue
[2024-05-30T00:14:06.643+0000] {logging_mixin.py:188} INFO - [2024-05-30T00:14:06.642+0000] {dagbag.py:538} INFO - Filling up the DagBag from /home/airflow/.local/lib/python3.8/site-packages/airflow/example_dags/example_branch_operator.py
[2024-05-30T00:14:06.660+0000] {processor.py:840} INFO - DAG(s) 'example_branch_operator' retrieved from /home/airflow/.local/lib/python3.8/site-packages/airflow/example_dags/example_branch_operator.py
[2024-05-30T00:14:06.688+0000] {logging_mixin.py:188} INFO - [2024-05-30T00:14:06.688+0000] {dag.py:3036} INFO - Sync 1 DAGs
[2024-05-30T00:14:06.710+0000] {logging_mixin.py:188} INFO - [2024-05-30T00:14:06.710+0000] {dag.py:3823} INFO - Setting next_dagrun for example_branch_operator to 2024-05-29 00:00:00+00:00, run_after=2024-05-30 00:00:00+00:00
[2024-05-30T00:14:06.731+0000] {processor.py:183} INFO - Processing /home/airflow/.local/lib/python3.8/site-packages/airflow/example_dags/example_branch_operator.py took 0.094 seconds
