[2024-05-30T00:00:15.874+0000] {processor.py:161} INFO - Started process (PID=2752) to work on /home/airflow/.local/lib/python3.8/site-packages/airflow/example_dags/example_bash_operator.py
[2024-05-30T00:00:15.876+0000] {processor.py:830} INFO - Processing file /home/airflow/.local/lib/python3.8/site-packages/airflow/example_dags/example_bash_operator.py for tasks to queue
[2024-05-30T00:00:15.878+0000] {logging_mixin.py:188} INFO - [2024-05-30T00:00:15.878+0000] {dagbag.py:538} INFO - Filling up the DagBag from /home/airflow/.local/lib/python3.8/site-packages/airflow/example_dags/example_bash_operator.py
[2024-05-30T00:00:15.891+0000] {processor.py:840} INFO - DAG(s) 'example_bash_operator' retrieved from /home/airflow/.local/lib/python3.8/site-packages/airflow/example_dags/example_bash_operator.py
[2024-05-30T00:00:15.921+0000] {logging_mixin.py:188} INFO - [2024-05-30T00:00:15.921+0000] {dag.py:3036} INFO - Sync 1 DAGs
[2024-05-30T00:00:15.942+0000] {logging_mixin.py:188} INFO - [2024-05-30T00:00:15.942+0000] {dag.py:3823} INFO - Setting next_dagrun for example_bash_operator to 2024-05-29 00:00:00+00:00, run_after=2024-05-30 00:00:00+00:00
[2024-05-30T00:00:15.963+0000] {processor.py:183} INFO - Processing /home/airflow/.local/lib/python3.8/site-packages/airflow/example_dags/example_bash_operator.py took 0.094 seconds
[2024-05-30T00:00:47.662+0000] {processor.py:161} INFO - Started process (PID=2811) to work on /home/airflow/.local/lib/python3.8/site-packages/airflow/example_dags/example_bash_operator.py
[2024-05-30T00:00:47.664+0000] {processor.py:830} INFO - Processing file /home/airflow/.local/lib/python3.8/site-packages/airflow/example_dags/example_bash_operator.py for tasks to queue
[2024-05-30T00:00:47.666+0000] {logging_mixin.py:188} INFO - [2024-05-30T00:00:47.665+0000] {dagbag.py:538} INFO - Filling up the DagBag from /home/airflow/.local/lib/python3.8/site-packages/airflow/example_dags/example_bash_operator.py
[2024-05-30T00:00:47.696+0000] {processor.py:840} INFO - DAG(s) 'example_bash_operator' retrieved from /home/airflow/.local/lib/python3.8/site-packages/airflow/example_dags/example_bash_operator.py
[2024-05-30T00:00:47.743+0000] {logging_mixin.py:188} INFO - [2024-05-30T00:00:47.743+0000] {dag.py:3036} INFO - Sync 1 DAGs
[2024-05-30T00:00:47.779+0000] {logging_mixin.py:188} INFO - [2024-05-30T00:00:47.779+0000] {dag.py:3823} INFO - Setting next_dagrun for example_bash_operator to 2024-05-29 00:00:00+00:00, run_after=2024-05-30 00:00:00+00:00
[2024-05-30T00:00:47.810+0000] {processor.py:183} INFO - Processing /home/airflow/.local/lib/python3.8/site-packages/airflow/example_dags/example_bash_operator.py took 0.153 seconds
[2024-05-30T00:01:18.061+0000] {processor.py:161} INFO - Started process (PID=2870) to work on /home/airflow/.local/lib/python3.8/site-packages/airflow/example_dags/example_bash_operator.py
[2024-05-30T00:01:18.062+0000] {processor.py:830} INFO - Processing file /home/airflow/.local/lib/python3.8/site-packages/airflow/example_dags/example_bash_operator.py for tasks to queue
[2024-05-30T00:01:18.065+0000] {logging_mixin.py:188} INFO - [2024-05-30T00:01:18.064+0000] {dagbag.py:538} INFO - Filling up the DagBag from /home/airflow/.local/lib/python3.8/site-packages/airflow/example_dags/example_bash_operator.py
[2024-05-30T00:01:18.082+0000] {processor.py:840} INFO - DAG(s) 'example_bash_operator' retrieved from /home/airflow/.local/lib/python3.8/site-packages/airflow/example_dags/example_bash_operator.py
[2024-05-30T00:01:18.126+0000] {logging_mixin.py:188} INFO - [2024-05-30T00:01:18.125+0000] {dag.py:3036} INFO - Sync 1 DAGs
[2024-05-30T00:01:18.161+0000] {logging_mixin.py:188} INFO - [2024-05-30T00:01:18.160+0000] {dag.py:3823} INFO - Setting next_dagrun for example_bash_operator to 2024-05-29 00:00:00+00:00, run_after=2024-05-30 00:00:00+00:00
[2024-05-30T00:01:18.190+0000] {processor.py:183} INFO - Processing /home/airflow/.local/lib/python3.8/site-packages/airflow/example_dags/example_bash_operator.py took 0.133 seconds
[2024-05-30T00:01:48.478+0000] {processor.py:161} INFO - Started process (PID=2929) to work on /home/airflow/.local/lib/python3.8/site-packages/airflow/example_dags/example_bash_operator.py
[2024-05-30T00:01:48.480+0000] {processor.py:830} INFO - Processing file /home/airflow/.local/lib/python3.8/site-packages/airflow/example_dags/example_bash_operator.py for tasks to queue
[2024-05-30T00:01:48.482+0000] {logging_mixin.py:188} INFO - [2024-05-30T00:01:48.482+0000] {dagbag.py:538} INFO - Filling up the DagBag from /home/airflow/.local/lib/python3.8/site-packages/airflow/example_dags/example_bash_operator.py
[2024-05-30T00:01:48.497+0000] {processor.py:840} INFO - DAG(s) 'example_bash_operator' retrieved from /home/airflow/.local/lib/python3.8/site-packages/airflow/example_dags/example_bash_operator.py
[2024-05-30T00:01:48.526+0000] {logging_mixin.py:188} INFO - [2024-05-30T00:01:48.526+0000] {dag.py:3036} INFO - Sync 1 DAGs
[2024-05-30T00:01:48.550+0000] {logging_mixin.py:188} INFO - [2024-05-30T00:01:48.550+0000] {dag.py:3823} INFO - Setting next_dagrun for example_bash_operator to 2024-05-29 00:00:00+00:00, run_after=2024-05-30 00:00:00+00:00
[2024-05-30T00:01:48.575+0000] {processor.py:183} INFO - Processing /home/airflow/.local/lib/python3.8/site-packages/airflow/example_dags/example_bash_operator.py took 0.103 seconds
[2024-05-30T00:02:19.518+0000] {processor.py:161} INFO - Started process (PID=2988) to work on /home/airflow/.local/lib/python3.8/site-packages/airflow/example_dags/example_bash_operator.py
[2024-05-30T00:02:19.519+0000] {processor.py:830} INFO - Processing file /home/airflow/.local/lib/python3.8/site-packages/airflow/example_dags/example_bash_operator.py for tasks to queue
[2024-05-30T00:02:19.521+0000] {logging_mixin.py:188} INFO - [2024-05-30T00:02:19.521+0000] {dagbag.py:538} INFO - Filling up the DagBag from /home/airflow/.local/lib/python3.8/site-packages/airflow/example_dags/example_bash_operator.py
[2024-05-30T00:02:19.532+0000] {processor.py:840} INFO - DAG(s) 'example_bash_operator' retrieved from /home/airflow/.local/lib/python3.8/site-packages/airflow/example_dags/example_bash_operator.py
[2024-05-30T00:02:19.561+0000] {logging_mixin.py:188} INFO - [2024-05-30T00:02:19.561+0000] {dag.py:3036} INFO - Sync 1 DAGs
[2024-05-30T00:02:19.585+0000] {logging_mixin.py:188} INFO - [2024-05-30T00:02:19.584+0000] {dag.py:3823} INFO - Setting next_dagrun for example_bash_operator to 2024-05-29 00:00:00+00:00, run_after=2024-05-30 00:00:00+00:00
[2024-05-30T00:02:19.605+0000] {processor.py:183} INFO - Processing /home/airflow/.local/lib/python3.8/site-packages/airflow/example_dags/example_bash_operator.py took 0.091 seconds
[2024-05-30T00:02:52.883+0000] {processor.py:161} INFO - Started process (PID=3047) to work on /home/airflow/.local/lib/python3.8/site-packages/airflow/example_dags/example_bash_operator.py
[2024-05-30T00:02:52.884+0000] {processor.py:830} INFO - Processing file /home/airflow/.local/lib/python3.8/site-packages/airflow/example_dags/example_bash_operator.py for tasks to queue
[2024-05-30T00:02:52.886+0000] {logging_mixin.py:188} INFO - [2024-05-30T00:02:52.886+0000] {dagbag.py:538} INFO - Filling up the DagBag from /home/airflow/.local/lib/python3.8/site-packages/airflow/example_dags/example_bash_operator.py
[2024-05-30T00:02:52.904+0000] {processor.py:840} INFO - DAG(s) 'example_bash_operator' retrieved from /home/airflow/.local/lib/python3.8/site-packages/airflow/example_dags/example_bash_operator.py
[2024-05-30T00:02:52.955+0000] {logging_mixin.py:188} INFO - [2024-05-30T00:02:52.955+0000] {dag.py:3036} INFO - Sync 1 DAGs
[2024-05-30T00:02:52.990+0000] {logging_mixin.py:188} INFO - [2024-05-30T00:02:52.990+0000] {dag.py:3823} INFO - Setting next_dagrun for example_bash_operator to 2024-05-29 00:00:00+00:00, run_after=2024-05-30 00:00:00+00:00
[2024-05-30T00:02:53.018+0000] {processor.py:183} INFO - Processing /home/airflow/.local/lib/python3.8/site-packages/airflow/example_dags/example_bash_operator.py took 0.141 seconds
[2024-05-30T00:03:23.645+0000] {processor.py:161} INFO - Started process (PID=3106) to work on /home/airflow/.local/lib/python3.8/site-packages/airflow/example_dags/example_bash_operator.py
[2024-05-30T00:03:23.647+0000] {processor.py:830} INFO - Processing file /home/airflow/.local/lib/python3.8/site-packages/airflow/example_dags/example_bash_operator.py for tasks to queue
[2024-05-30T00:03:23.648+0000] {logging_mixin.py:188} INFO - [2024-05-30T00:03:23.648+0000] {dagbag.py:538} INFO - Filling up the DagBag from /home/airflow/.local/lib/python3.8/site-packages/airflow/example_dags/example_bash_operator.py
[2024-05-30T00:03:23.659+0000] {processor.py:840} INFO - DAG(s) 'example_bash_operator' retrieved from /home/airflow/.local/lib/python3.8/site-packages/airflow/example_dags/example_bash_operator.py
[2024-05-30T00:03:23.687+0000] {logging_mixin.py:188} INFO - [2024-05-30T00:03:23.687+0000] {dag.py:3036} INFO - Sync 1 DAGs
[2024-05-30T00:03:23.708+0000] {logging_mixin.py:188} INFO - [2024-05-30T00:03:23.708+0000] {dag.py:3823} INFO - Setting next_dagrun for example_bash_operator to 2024-05-29 00:00:00+00:00, run_after=2024-05-30 00:00:00+00:00
[2024-05-30T00:03:23.838+0000] {processor.py:183} INFO - Processing /home/airflow/.local/lib/python3.8/site-packages/airflow/example_dags/example_bash_operator.py took 0.197 seconds
[2024-05-30T00:03:54.365+0000] {processor.py:161} INFO - Started process (PID=3165) to work on /home/airflow/.local/lib/python3.8/site-packages/airflow/example_dags/example_bash_operator.py
[2024-05-30T00:03:54.366+0000] {processor.py:830} INFO - Processing file /home/airflow/.local/lib/python3.8/site-packages/airflow/example_dags/example_bash_operator.py for tasks to queue
[2024-05-30T00:03:54.368+0000] {logging_mixin.py:188} INFO - [2024-05-30T00:03:54.368+0000] {dagbag.py:538} INFO - Filling up the DagBag from /home/airflow/.local/lib/python3.8/site-packages/airflow/example_dags/example_bash_operator.py
[2024-05-30T00:03:54.388+0000] {processor.py:840} INFO - DAG(s) 'example_bash_operator' retrieved from /home/airflow/.local/lib/python3.8/site-packages/airflow/example_dags/example_bash_operator.py
[2024-05-30T00:03:54.436+0000] {logging_mixin.py:188} INFO - [2024-05-30T00:03:54.436+0000] {dag.py:3036} INFO - Sync 1 DAGs
[2024-05-30T00:03:54.457+0000] {logging_mixin.py:188} INFO - [2024-05-30T00:03:54.457+0000] {dag.py:3823} INFO - Setting next_dagrun for example_bash_operator to 2024-05-29 00:00:00+00:00, run_after=2024-05-30 00:00:00+00:00
[2024-05-30T00:03:54.481+0000] {processor.py:183} INFO - Processing /home/airflow/.local/lib/python3.8/site-packages/airflow/example_dags/example_bash_operator.py took 0.122 seconds
[2024-05-30T00:04:24.801+0000] {processor.py:161} INFO - Started process (PID=3224) to work on /home/airflow/.local/lib/python3.8/site-packages/airflow/example_dags/example_bash_operator.py
[2024-05-30T00:04:24.802+0000] {processor.py:830} INFO - Processing file /home/airflow/.local/lib/python3.8/site-packages/airflow/example_dags/example_bash_operator.py for tasks to queue
[2024-05-30T00:04:24.804+0000] {logging_mixin.py:188} INFO - [2024-05-30T00:04:24.803+0000] {dagbag.py:538} INFO - Filling up the DagBag from /home/airflow/.local/lib/python3.8/site-packages/airflow/example_dags/example_bash_operator.py
[2024-05-30T00:04:24.815+0000] {processor.py:840} INFO - DAG(s) 'example_bash_operator' retrieved from /home/airflow/.local/lib/python3.8/site-packages/airflow/example_dags/example_bash_operator.py
[2024-05-30T00:04:24.843+0000] {logging_mixin.py:188} INFO - [2024-05-30T00:04:24.843+0000] {dag.py:3036} INFO - Sync 1 DAGs
[2024-05-30T00:04:24.864+0000] {logging_mixin.py:188} INFO - [2024-05-30T00:04:24.864+0000] {dag.py:3823} INFO - Setting next_dagrun for example_bash_operator to 2024-05-29 00:00:00+00:00, run_after=2024-05-30 00:00:00+00:00
[2024-05-30T00:04:24.885+0000] {processor.py:183} INFO - Processing /home/airflow/.local/lib/python3.8/site-packages/airflow/example_dags/example_bash_operator.py took 0.087 seconds
[2024-05-30T00:04:55.761+0000] {processor.py:161} INFO - Started process (PID=3283) to work on /home/airflow/.local/lib/python3.8/site-packages/airflow/example_dags/example_bash_operator.py
[2024-05-30T00:04:55.762+0000] {processor.py:830} INFO - Processing file /home/airflow/.local/lib/python3.8/site-packages/airflow/example_dags/example_bash_operator.py for tasks to queue
[2024-05-30T00:04:55.763+0000] {logging_mixin.py:188} INFO - [2024-05-30T00:04:55.763+0000] {dagbag.py:538} INFO - Filling up the DagBag from /home/airflow/.local/lib/python3.8/site-packages/airflow/example_dags/example_bash_operator.py
[2024-05-30T00:04:55.774+0000] {processor.py:840} INFO - DAG(s) 'example_bash_operator' retrieved from /home/airflow/.local/lib/python3.8/site-packages/airflow/example_dags/example_bash_operator.py
[2024-05-30T00:04:55.802+0000] {logging_mixin.py:188} INFO - [2024-05-30T00:04:55.802+0000] {dag.py:3036} INFO - Sync 1 DAGs
[2024-05-30T00:04:55.936+0000] {logging_mixin.py:188} INFO - [2024-05-30T00:04:55.936+0000] {dag.py:3823} INFO - Setting next_dagrun for example_bash_operator to 2024-05-29 00:00:00+00:00, run_after=2024-05-30 00:00:00+00:00
[2024-05-30T00:04:55.955+0000] {processor.py:183} INFO - Processing /home/airflow/.local/lib/python3.8/site-packages/airflow/example_dags/example_bash_operator.py took 0.197 seconds
[2024-05-30T00:05:26.126+0000] {processor.py:161} INFO - Started process (PID=3342) to work on /home/airflow/.local/lib/python3.8/site-packages/airflow/example_dags/example_bash_operator.py
[2024-05-30T00:05:26.127+0000] {processor.py:830} INFO - Processing file /home/airflow/.local/lib/python3.8/site-packages/airflow/example_dags/example_bash_operator.py for tasks to queue
[2024-05-30T00:05:26.128+0000] {logging_mixin.py:188} INFO - [2024-05-30T00:05:26.128+0000] {dagbag.py:538} INFO - Filling up the DagBag from /home/airflow/.local/lib/python3.8/site-packages/airflow/example_dags/example_bash_operator.py
[2024-05-30T00:05:26.138+0000] {processor.py:840} INFO - DAG(s) 'example_bash_operator' retrieved from /home/airflow/.local/lib/python3.8/site-packages/airflow/example_dags/example_bash_operator.py
[2024-05-30T00:05:26.164+0000] {logging_mixin.py:188} INFO - [2024-05-30T00:05:26.164+0000] {dag.py:3036} INFO - Sync 1 DAGs
[2024-05-30T00:05:26.184+0000] {logging_mixin.py:188} INFO - [2024-05-30T00:05:26.184+0000] {dag.py:3823} INFO - Setting next_dagrun for example_bash_operator to 2024-05-29 00:00:00+00:00, run_after=2024-05-30 00:00:00+00:00
[2024-05-30T00:05:26.203+0000] {processor.py:183} INFO - Processing /home/airflow/.local/lib/python3.8/site-packages/airflow/example_dags/example_bash_operator.py took 0.079 seconds
[2024-05-30T00:05:56.841+0000] {processor.py:161} INFO - Started process (PID=3401) to work on /home/airflow/.local/lib/python3.8/site-packages/airflow/example_dags/example_bash_operator.py
[2024-05-30T00:05:56.842+0000] {processor.py:830} INFO - Processing file /home/airflow/.local/lib/python3.8/site-packages/airflow/example_dags/example_bash_operator.py for tasks to queue
[2024-05-30T00:05:56.843+0000] {logging_mixin.py:188} INFO - [2024-05-30T00:05:56.843+0000] {dagbag.py:538} INFO - Filling up the DagBag from /home/airflow/.local/lib/python3.8/site-packages/airflow/example_dags/example_bash_operator.py
[2024-05-30T00:05:56.855+0000] {processor.py:840} INFO - DAG(s) 'example_bash_operator' retrieved from /home/airflow/.local/lib/python3.8/site-packages/airflow/example_dags/example_bash_operator.py
[2024-05-30T00:05:56.882+0000] {logging_mixin.py:188} INFO - [2024-05-30T00:05:56.881+0000] {dag.py:3036} INFO - Sync 1 DAGs
[2024-05-30T00:05:56.902+0000] {logging_mixin.py:188} INFO - [2024-05-30T00:05:56.902+0000] {dag.py:3823} INFO - Setting next_dagrun for example_bash_operator to 2024-05-29 00:00:00+00:00, run_after=2024-05-30 00:00:00+00:00
[2024-05-30T00:05:56.922+0000] {processor.py:183} INFO - Processing /home/airflow/.local/lib/python3.8/site-packages/airflow/example_dags/example_bash_operator.py took 0.085 seconds
[2024-05-30T00:06:29.377+0000] {processor.py:161} INFO - Started process (PID=3460) to work on /home/airflow/.local/lib/python3.8/site-packages/airflow/example_dags/example_bash_operator.py
[2024-05-30T00:06:29.379+0000] {processor.py:830} INFO - Processing file /home/airflow/.local/lib/python3.8/site-packages/airflow/example_dags/example_bash_operator.py for tasks to queue
[2024-05-30T00:06:29.381+0000] {logging_mixin.py:188} INFO - [2024-05-30T00:06:29.380+0000] {dagbag.py:538} INFO - Filling up the DagBag from /home/airflow/.local/lib/python3.8/site-packages/airflow/example_dags/example_bash_operator.py
[2024-05-30T00:06:29.527+0000] {processor.py:840} INFO - DAG(s) 'example_bash_operator' retrieved from /home/airflow/.local/lib/python3.8/site-packages/airflow/example_dags/example_bash_operator.py
[2024-05-30T00:06:29.549+0000] {logging_mixin.py:188} INFO - [2024-05-30T00:06:29.548+0000] {dag.py:3036} INFO - Sync 1 DAGs
[2024-05-30T00:06:29.565+0000] {logging_mixin.py:188} INFO - [2024-05-30T00:06:29.564+0000] {dag.py:3823} INFO - Setting next_dagrun for example_bash_operator to 2024-05-29 00:00:00+00:00, run_after=2024-05-30 00:00:00+00:00
[2024-05-30T00:06:29.583+0000] {processor.py:183} INFO - Processing /home/airflow/.local/lib/python3.8/site-packages/airflow/example_dags/example_bash_operator.py took 0.208 seconds
[2024-05-30T00:06:59.659+0000] {processor.py:161} INFO - Started process (PID=3519) to work on /home/airflow/.local/lib/python3.8/site-packages/airflow/example_dags/example_bash_operator.py
[2024-05-30T00:06:59.660+0000] {processor.py:830} INFO - Processing file /home/airflow/.local/lib/python3.8/site-packages/airflow/example_dags/example_bash_operator.py for tasks to queue
[2024-05-30T00:06:59.661+0000] {logging_mixin.py:188} INFO - [2024-05-30T00:06:59.661+0000] {dagbag.py:538} INFO - Filling up the DagBag from /home/airflow/.local/lib/python3.8/site-packages/airflow/example_dags/example_bash_operator.py
[2024-05-30T00:06:59.672+0000] {processor.py:840} INFO - DAG(s) 'example_bash_operator' retrieved from /home/airflow/.local/lib/python3.8/site-packages/airflow/example_dags/example_bash_operator.py
[2024-05-30T00:06:59.703+0000] {logging_mixin.py:188} INFO - [2024-05-30T00:06:59.703+0000] {dag.py:3036} INFO - Sync 1 DAGs
[2024-05-30T00:06:59.725+0000] {logging_mixin.py:188} INFO - [2024-05-30T00:06:59.725+0000] {dag.py:3823} INFO - Setting next_dagrun for example_bash_operator to 2024-05-29 00:00:00+00:00, run_after=2024-05-30 00:00:00+00:00
[2024-05-30T00:06:59.746+0000] {processor.py:183} INFO - Processing /home/airflow/.local/lib/python3.8/site-packages/airflow/example_dags/example_bash_operator.py took 0.090 seconds
[2024-05-30T00:07:30.587+0000] {processor.py:161} INFO - Started process (PID=3578) to work on /home/airflow/.local/lib/python3.8/site-packages/airflow/example_dags/example_bash_operator.py
[2024-05-30T00:07:30.589+0000] {processor.py:830} INFO - Processing file /home/airflow/.local/lib/python3.8/site-packages/airflow/example_dags/example_bash_operator.py for tasks to queue
[2024-05-30T00:07:30.591+0000] {logging_mixin.py:188} INFO - [2024-05-30T00:07:30.591+0000] {dagbag.py:538} INFO - Filling up the DagBag from /home/airflow/.local/lib/python3.8/site-packages/airflow/example_dags/example_bash_operator.py
[2024-05-30T00:07:30.607+0000] {processor.py:840} INFO - DAG(s) 'example_bash_operator' retrieved from /home/airflow/.local/lib/python3.8/site-packages/airflow/example_dags/example_bash_operator.py
[2024-05-30T00:07:30.640+0000] {logging_mixin.py:188} INFO - [2024-05-30T00:07:30.639+0000] {dag.py:3036} INFO - Sync 1 DAGs
[2024-05-30T00:07:30.664+0000] {logging_mixin.py:188} INFO - [2024-05-30T00:07:30.664+0000] {dag.py:3823} INFO - Setting next_dagrun for example_bash_operator to 2024-05-29 00:00:00+00:00, run_after=2024-05-30 00:00:00+00:00
[2024-05-30T00:07:30.687+0000] {processor.py:183} INFO - Processing /home/airflow/.local/lib/python3.8/site-packages/airflow/example_dags/example_bash_operator.py took 0.107 seconds
[2024-05-30T00:08:01.087+0000] {processor.py:161} INFO - Started process (PID=3637) to work on /home/airflow/.local/lib/python3.8/site-packages/airflow/example_dags/example_bash_operator.py
[2024-05-30T00:08:01.088+0000] {processor.py:830} INFO - Processing file /home/airflow/.local/lib/python3.8/site-packages/airflow/example_dags/example_bash_operator.py for tasks to queue
[2024-05-30T00:08:01.090+0000] {logging_mixin.py:188} INFO - [2024-05-30T00:08:01.089+0000] {dagbag.py:538} INFO - Filling up the DagBag from /home/airflow/.local/lib/python3.8/site-packages/airflow/example_dags/example_bash_operator.py
[2024-05-30T00:08:01.101+0000] {processor.py:840} INFO - DAG(s) 'example_bash_operator' retrieved from /home/airflow/.local/lib/python3.8/site-packages/airflow/example_dags/example_bash_operator.py
[2024-05-30T00:08:01.130+0000] {logging_mixin.py:188} INFO - [2024-05-30T00:08:01.129+0000] {dag.py:3036} INFO - Sync 1 DAGs
[2024-05-30T00:08:01.152+0000] {logging_mixin.py:188} INFO - [2024-05-30T00:08:01.152+0000] {dag.py:3823} INFO - Setting next_dagrun for example_bash_operator to 2024-05-29 00:00:00+00:00, run_after=2024-05-30 00:00:00+00:00
[2024-05-30T00:08:01.172+0000] {processor.py:183} INFO - Processing /home/airflow/.local/lib/python3.8/site-packages/airflow/example_dags/example_bash_operator.py took 0.088 seconds
[2024-05-30T00:08:31.511+0000] {processor.py:161} INFO - Started process (PID=3696) to work on /home/airflow/.local/lib/python3.8/site-packages/airflow/example_dags/example_bash_operator.py
[2024-05-30T00:08:31.512+0000] {processor.py:830} INFO - Processing file /home/airflow/.local/lib/python3.8/site-packages/airflow/example_dags/example_bash_operator.py for tasks to queue
[2024-05-30T00:08:31.513+0000] {logging_mixin.py:188} INFO - [2024-05-30T00:08:31.513+0000] {dagbag.py:538} INFO - Filling up the DagBag from /home/airflow/.local/lib/python3.8/site-packages/airflow/example_dags/example_bash_operator.py
[2024-05-30T00:08:31.524+0000] {processor.py:840} INFO - DAG(s) 'example_bash_operator' retrieved from /home/airflow/.local/lib/python3.8/site-packages/airflow/example_dags/example_bash_operator.py
[2024-05-30T00:08:31.553+0000] {logging_mixin.py:188} INFO - [2024-05-30T00:08:31.553+0000] {dag.py:3036} INFO - Sync 1 DAGs
[2024-05-30T00:08:31.575+0000] {logging_mixin.py:188} INFO - [2024-05-30T00:08:31.574+0000] {dag.py:3823} INFO - Setting next_dagrun for example_bash_operator to 2024-05-29 00:00:00+00:00, run_after=2024-05-30 00:00:00+00:00
[2024-05-30T00:08:31.594+0000] {processor.py:183} INFO - Processing /home/airflow/.local/lib/python3.8/site-packages/airflow/example_dags/example_bash_operator.py took 0.086 seconds
[2024-05-30T00:09:02.409+0000] {processor.py:161} INFO - Started process (PID=3755) to work on /home/airflow/.local/lib/python3.8/site-packages/airflow/example_dags/example_bash_operator.py
[2024-05-30T00:09:02.410+0000] {processor.py:830} INFO - Processing file /home/airflow/.local/lib/python3.8/site-packages/airflow/example_dags/example_bash_operator.py for tasks to queue
[2024-05-30T00:09:02.411+0000] {logging_mixin.py:188} INFO - [2024-05-30T00:09:02.411+0000] {dagbag.py:538} INFO - Filling up the DagBag from /home/airflow/.local/lib/python3.8/site-packages/airflow/example_dags/example_bash_operator.py
[2024-05-30T00:09:02.423+0000] {processor.py:840} INFO - DAG(s) 'example_bash_operator' retrieved from /home/airflow/.local/lib/python3.8/site-packages/airflow/example_dags/example_bash_operator.py
[2024-05-30T00:09:02.452+0000] {logging_mixin.py:188} INFO - [2024-05-30T00:09:02.452+0000] {dag.py:3036} INFO - Sync 1 DAGs
[2024-05-30T00:09:02.474+0000] {logging_mixin.py:188} INFO - [2024-05-30T00:09:02.474+0000] {dag.py:3823} INFO - Setting next_dagrun for example_bash_operator to 2024-05-29 00:00:00+00:00, run_after=2024-05-30 00:00:00+00:00
[2024-05-30T00:09:02.495+0000] {processor.py:183} INFO - Processing /home/airflow/.local/lib/python3.8/site-packages/airflow/example_dags/example_bash_operator.py took 0.089 seconds
[2024-05-30T00:09:32.731+0000] {processor.py:161} INFO - Started process (PID=3814) to work on /home/airflow/.local/lib/python3.8/site-packages/airflow/example_dags/example_bash_operator.py
[2024-05-30T00:09:32.732+0000] {processor.py:830} INFO - Processing file /home/airflow/.local/lib/python3.8/site-packages/airflow/example_dags/example_bash_operator.py for tasks to queue
[2024-05-30T00:09:32.733+0000] {logging_mixin.py:188} INFO - [2024-05-30T00:09:32.733+0000] {dagbag.py:538} INFO - Filling up the DagBag from /home/airflow/.local/lib/python3.8/site-packages/airflow/example_dags/example_bash_operator.py
[2024-05-30T00:09:32.745+0000] {processor.py:840} INFO - DAG(s) 'example_bash_operator' retrieved from /home/airflow/.local/lib/python3.8/site-packages/airflow/example_dags/example_bash_operator.py
[2024-05-30T00:09:32.773+0000] {logging_mixin.py:188} INFO - [2024-05-30T00:09:32.773+0000] {dag.py:3036} INFO - Sync 1 DAGs
[2024-05-30T00:09:32.794+0000] {logging_mixin.py:188} INFO - [2024-05-30T00:09:32.794+0000] {dag.py:3823} INFO - Setting next_dagrun for example_bash_operator to 2024-05-29 00:00:00+00:00, run_after=2024-05-30 00:00:00+00:00
[2024-05-30T00:09:32.819+0000] {processor.py:183} INFO - Processing /home/airflow/.local/lib/python3.8/site-packages/airflow/example_dags/example_bash_operator.py took 0.092 seconds
[2024-05-30T00:10:03.163+0000] {processor.py:161} INFO - Started process (PID=3873) to work on /home/airflow/.local/lib/python3.8/site-packages/airflow/example_dags/example_bash_operator.py
[2024-05-30T00:10:03.164+0000] {processor.py:830} INFO - Processing file /home/airflow/.local/lib/python3.8/site-packages/airflow/example_dags/example_bash_operator.py for tasks to queue
[2024-05-30T00:10:03.165+0000] {logging_mixin.py:188} INFO - [2024-05-30T00:10:03.165+0000] {dagbag.py:538} INFO - Filling up the DagBag from /home/airflow/.local/lib/python3.8/site-packages/airflow/example_dags/example_bash_operator.py
[2024-05-30T00:10:03.176+0000] {processor.py:840} INFO - DAG(s) 'example_bash_operator' retrieved from /home/airflow/.local/lib/python3.8/site-packages/airflow/example_dags/example_bash_operator.py
[2024-05-30T00:10:03.203+0000] {logging_mixin.py:188} INFO - [2024-05-30T00:10:03.203+0000] {dag.py:3036} INFO - Sync 1 DAGs
[2024-05-30T00:10:03.224+0000] {logging_mixin.py:188} INFO - [2024-05-30T00:10:03.224+0000] {dag.py:3823} INFO - Setting next_dagrun for example_bash_operator to 2024-05-29 00:00:00+00:00, run_after=2024-05-30 00:00:00+00:00
[2024-05-30T00:10:03.245+0000] {processor.py:183} INFO - Processing /home/airflow/.local/lib/python3.8/site-packages/airflow/example_dags/example_bash_operator.py took 0.086 seconds
[2024-05-30T00:10:34.052+0000] {processor.py:161} INFO - Started process (PID=3932) to work on /home/airflow/.local/lib/python3.8/site-packages/airflow/example_dags/example_bash_operator.py
[2024-05-30T00:10:34.053+0000] {processor.py:830} INFO - Processing file /home/airflow/.local/lib/python3.8/site-packages/airflow/example_dags/example_bash_operator.py for tasks to queue
[2024-05-30T00:10:34.054+0000] {logging_mixin.py:188} INFO - [2024-05-30T00:10:34.054+0000] {dagbag.py:538} INFO - Filling up the DagBag from /home/airflow/.local/lib/python3.8/site-packages/airflow/example_dags/example_bash_operator.py
[2024-05-30T00:10:34.069+0000] {processor.py:840} INFO - DAG(s) 'example_bash_operator' retrieved from /home/airflow/.local/lib/python3.8/site-packages/airflow/example_dags/example_bash_operator.py
[2024-05-30T00:10:34.105+0000] {logging_mixin.py:188} INFO - [2024-05-30T00:10:34.105+0000] {dag.py:3036} INFO - Sync 1 DAGs
[2024-05-30T00:10:34.128+0000] {logging_mixin.py:188} INFO - [2024-05-30T00:10:34.128+0000] {dag.py:3823} INFO - Setting next_dagrun for example_bash_operator to 2024-05-29 00:00:00+00:00, run_after=2024-05-30 00:00:00+00:00
[2024-05-30T00:10:34.158+0000] {processor.py:183} INFO - Processing /home/airflow/.local/lib/python3.8/site-packages/airflow/example_dags/example_bash_operator.py took 0.110 seconds
[2024-05-30T00:11:05.322+0000] {processor.py:161} INFO - Started process (PID=3991) to work on /home/airflow/.local/lib/python3.8/site-packages/airflow/example_dags/example_bash_operator.py
[2024-05-30T00:11:05.324+0000] {processor.py:830} INFO - Processing file /home/airflow/.local/lib/python3.8/site-packages/airflow/example_dags/example_bash_operator.py for tasks to queue
[2024-05-30T00:11:05.326+0000] {logging_mixin.py:188} INFO - [2024-05-30T00:11:05.325+0000] {dagbag.py:538} INFO - Filling up the DagBag from /home/airflow/.local/lib/python3.8/site-packages/airflow/example_dags/example_bash_operator.py
[2024-05-30T00:11:05.344+0000] {processor.py:840} INFO - DAG(s) 'example_bash_operator' retrieved from /home/airflow/.local/lib/python3.8/site-packages/airflow/example_dags/example_bash_operator.py
[2024-05-30T00:11:05.386+0000] {logging_mixin.py:188} INFO - [2024-05-30T00:11:05.386+0000] {dag.py:3036} INFO - Sync 1 DAGs
[2024-05-30T00:11:05.408+0000] {logging_mixin.py:188} INFO - [2024-05-30T00:11:05.408+0000] {dag.py:3823} INFO - Setting next_dagrun for example_bash_operator to 2024-05-29 00:00:00+00:00, run_after=2024-05-30 00:00:00+00:00
[2024-05-30T00:11:05.434+0000] {processor.py:183} INFO - Processing /home/airflow/.local/lib/python3.8/site-packages/airflow/example_dags/example_bash_operator.py took 0.116 seconds
[2024-05-30T00:11:35.513+0000] {processor.py:161} INFO - Started process (PID=4050) to work on /home/airflow/.local/lib/python3.8/site-packages/airflow/example_dags/example_bash_operator.py
[2024-05-30T00:11:35.514+0000] {processor.py:830} INFO - Processing file /home/airflow/.local/lib/python3.8/site-packages/airflow/example_dags/example_bash_operator.py for tasks to queue
[2024-05-30T00:11:35.516+0000] {logging_mixin.py:188} INFO - [2024-05-30T00:11:35.515+0000] {dagbag.py:538} INFO - Filling up the DagBag from /home/airflow/.local/lib/python3.8/site-packages/airflow/example_dags/example_bash_operator.py
[2024-05-30T00:11:35.527+0000] {processor.py:840} INFO - DAG(s) 'example_bash_operator' retrieved from /home/airflow/.local/lib/python3.8/site-packages/airflow/example_dags/example_bash_operator.py
[2024-05-30T00:11:35.555+0000] {logging_mixin.py:188} INFO - [2024-05-30T00:11:35.555+0000] {dag.py:3036} INFO - Sync 1 DAGs
[2024-05-30T00:11:35.577+0000] {logging_mixin.py:188} INFO - [2024-05-30T00:11:35.576+0000] {dag.py:3823} INFO - Setting next_dagrun for example_bash_operator to 2024-05-29 00:00:00+00:00, run_after=2024-05-30 00:00:00+00:00
[2024-05-30T00:11:35.596+0000] {processor.py:183} INFO - Processing /home/airflow/.local/lib/python3.8/site-packages/airflow/example_dags/example_bash_operator.py took 0.087 seconds
[2024-05-30T00:12:06.340+0000] {processor.py:161} INFO - Started process (PID=4109) to work on /home/airflow/.local/lib/python3.8/site-packages/airflow/example_dags/example_bash_operator.py
[2024-05-30T00:12:06.341+0000] {processor.py:830} INFO - Processing file /home/airflow/.local/lib/python3.8/site-packages/airflow/example_dags/example_bash_operator.py for tasks to queue
[2024-05-30T00:12:06.342+0000] {logging_mixin.py:188} INFO - [2024-05-30T00:12:06.342+0000] {dagbag.py:538} INFO - Filling up the DagBag from /home/airflow/.local/lib/python3.8/site-packages/airflow/example_dags/example_bash_operator.py
[2024-05-30T00:12:06.353+0000] {processor.py:840} INFO - DAG(s) 'example_bash_operator' retrieved from /home/airflow/.local/lib/python3.8/site-packages/airflow/example_dags/example_bash_operator.py
[2024-05-30T00:12:06.381+0000] {logging_mixin.py:188} INFO - [2024-05-30T00:12:06.381+0000] {dag.py:3036} INFO - Sync 1 DAGs
[2024-05-30T00:12:06.402+0000] {logging_mixin.py:188} INFO - [2024-05-30T00:12:06.402+0000] {dag.py:3823} INFO - Setting next_dagrun for example_bash_operator to 2024-05-29 00:00:00+00:00, run_after=2024-05-30 00:00:00+00:00
[2024-05-30T00:12:06.424+0000] {processor.py:183} INFO - Processing /home/airflow/.local/lib/python3.8/site-packages/airflow/example_dags/example_bash_operator.py took 0.087 seconds
[2024-05-30T00:12:36.939+0000] {processor.py:161} INFO - Started process (PID=4174) to work on /home/airflow/.local/lib/python3.8/site-packages/airflow/example_dags/example_bash_operator.py
[2024-05-30T00:12:36.940+0000] {processor.py:830} INFO - Processing file /home/airflow/.local/lib/python3.8/site-packages/airflow/example_dags/example_bash_operator.py for tasks to queue
[2024-05-30T00:12:36.941+0000] {logging_mixin.py:188} INFO - [2024-05-30T00:12:36.941+0000] {dagbag.py:538} INFO - Filling up the DagBag from /home/airflow/.local/lib/python3.8/site-packages/airflow/example_dags/example_bash_operator.py
[2024-05-30T00:12:36.953+0000] {processor.py:840} INFO - DAG(s) 'example_bash_operator' retrieved from /home/airflow/.local/lib/python3.8/site-packages/airflow/example_dags/example_bash_operator.py
[2024-05-30T00:12:36.986+0000] {logging_mixin.py:188} INFO - [2024-05-30T00:12:36.985+0000] {dag.py:3036} INFO - Sync 1 DAGs
[2024-05-30T00:12:37.009+0000] {logging_mixin.py:188} INFO - [2024-05-30T00:12:37.009+0000] {dag.py:3823} INFO - Setting next_dagrun for example_bash_operator to 2024-05-29 00:00:00+00:00, run_after=2024-05-30 00:00:00+00:00
[2024-05-30T00:12:37.032+0000] {processor.py:183} INFO - Processing /home/airflow/.local/lib/python3.8/site-packages/airflow/example_dags/example_bash_operator.py took 0.096 seconds
[2024-05-30T00:13:07.889+0000] {processor.py:161} INFO - Started process (PID=4233) to work on /home/airflow/.local/lib/python3.8/site-packages/airflow/example_dags/example_bash_operator.py
[2024-05-30T00:13:07.890+0000] {processor.py:830} INFO - Processing file /home/airflow/.local/lib/python3.8/site-packages/airflow/example_dags/example_bash_operator.py for tasks to queue
[2024-05-30T00:13:07.891+0000] {logging_mixin.py:188} INFO - [2024-05-30T00:13:07.891+0000] {dagbag.py:538} INFO - Filling up the DagBag from /home/airflow/.local/lib/python3.8/site-packages/airflow/example_dags/example_bash_operator.py
[2024-05-30T00:13:07.902+0000] {processor.py:840} INFO - DAG(s) 'example_bash_operator' retrieved from /home/airflow/.local/lib/python3.8/site-packages/airflow/example_dags/example_bash_operator.py
[2024-05-30T00:13:07.931+0000] {logging_mixin.py:188} INFO - [2024-05-30T00:13:07.931+0000] {dag.py:3036} INFO - Sync 1 DAGs
[2024-05-30T00:13:07.952+0000] {logging_mixin.py:188} INFO - [2024-05-30T00:13:07.952+0000] {dag.py:3823} INFO - Setting next_dagrun for example_bash_operator to 2024-05-29 00:00:00+00:00, run_after=2024-05-30 00:00:00+00:00
[2024-05-30T00:13:07.972+0000] {processor.py:183} INFO - Processing /home/airflow/.local/lib/python3.8/site-packages/airflow/example_dags/example_bash_operator.py took 0.086 seconds
[2024-05-30T00:13:38.507+0000] {processor.py:161} INFO - Started process (PID=4292) to work on /home/airflow/.local/lib/python3.8/site-packages/airflow/example_dags/example_bash_operator.py
[2024-05-30T00:13:38.508+0000] {processor.py:830} INFO - Processing file /home/airflow/.local/lib/python3.8/site-packages/airflow/example_dags/example_bash_operator.py for tasks to queue
[2024-05-30T00:13:38.509+0000] {logging_mixin.py:188} INFO - [2024-05-30T00:13:38.509+0000] {dagbag.py:538} INFO - Filling up the DagBag from /home/airflow/.local/lib/python3.8/site-packages/airflow/example_dags/example_bash_operator.py
[2024-05-30T00:13:38.520+0000] {processor.py:840} INFO - DAG(s) 'example_bash_operator' retrieved from /home/airflow/.local/lib/python3.8/site-packages/airflow/example_dags/example_bash_operator.py
[2024-05-30T00:13:38.548+0000] {logging_mixin.py:188} INFO - [2024-05-30T00:13:38.548+0000] {dag.py:3036} INFO - Sync 1 DAGs
[2024-05-30T00:13:38.569+0000] {logging_mixin.py:188} INFO - [2024-05-30T00:13:38.569+0000] {dag.py:3823} INFO - Setting next_dagrun for example_bash_operator to 2024-05-29 00:00:00+00:00, run_after=2024-05-30 00:00:00+00:00
[2024-05-30T00:13:38.590+0000] {processor.py:183} INFO - Processing /home/airflow/.local/lib/python3.8/site-packages/airflow/example_dags/example_bash_operator.py took 0.086 seconds
[2024-05-30T00:14:09.365+0000] {processor.py:161} INFO - Started process (PID=4351) to work on /home/airflow/.local/lib/python3.8/site-packages/airflow/example_dags/example_bash_operator.py
[2024-05-30T00:14:09.366+0000] {processor.py:830} INFO - Processing file /home/airflow/.local/lib/python3.8/site-packages/airflow/example_dags/example_bash_operator.py for tasks to queue
[2024-05-30T00:14:09.368+0000] {logging_mixin.py:188} INFO - [2024-05-30T00:14:09.367+0000] {dagbag.py:538} INFO - Filling up the DagBag from /home/airflow/.local/lib/python3.8/site-packages/airflow/example_dags/example_bash_operator.py
[2024-05-30T00:14:09.378+0000] {processor.py:840} INFO - DAG(s) 'example_bash_operator' retrieved from /home/airflow/.local/lib/python3.8/site-packages/airflow/example_dags/example_bash_operator.py
[2024-05-30T00:14:09.407+0000] {logging_mixin.py:188} INFO - [2024-05-30T00:14:09.407+0000] {dag.py:3036} INFO - Sync 1 DAGs
[2024-05-30T00:14:09.429+0000] {logging_mixin.py:188} INFO - [2024-05-30T00:14:09.429+0000] {dag.py:3823} INFO - Setting next_dagrun for example_bash_operator to 2024-05-29 00:00:00+00:00, run_after=2024-05-30 00:00:00+00:00
[2024-05-30T00:14:09.450+0000] {processor.py:183} INFO - Processing /home/airflow/.local/lib/python3.8/site-packages/airflow/example_dags/example_bash_operator.py took 0.090 seconds
