[2024-05-30T00:00:15.875+0000] {processor.py:161} INFO - Started process (PID=2753) to work on /home/airflow/.local/lib/python3.8/site-packages/airflow/example_dags/example_complex.py
[2024-05-30T00:00:15.876+0000] {processor.py:830} INFO - Processing file /home/airflow/.local/lib/python3.8/site-packages/airflow/example_dags/example_complex.py for tasks to queue
[2024-05-30T00:00:15.878+0000] {logging_mixin.py:188} INFO - [2024-05-30T00:00:15.878+0000] {dagbag.py:538} INFO - Filling up the DagBag from /home/airflow/.local/lib/python3.8/site-packages/airflow/example_dags/example_complex.py
[2024-05-30T00:00:15.890+0000] {processor.py:840} INFO - DAG(s) 'example_complex' retrieved from /home/airflow/.local/lib/python3.8/site-packages/airflow/example_dags/example_complex.py
[2024-05-30T00:00:15.922+0000] {logging_mixin.py:188} INFO - [2024-05-30T00:00:15.922+0000] {dag.py:3036} INFO - Sync 1 DAGs
[2024-05-30T00:00:15.934+0000] {logging_mixin.py:188} INFO - [2024-05-30T00:00:15.934+0000] {dag.py:3823} INFO - Setting next_dagrun for example_complex to None, run_after=None
[2024-05-30T00:00:15.958+0000] {processor.py:183} INFO - Processing /home/airflow/.local/lib/python3.8/site-packages/airflow/example_dags/example_complex.py took 0.088 seconds
[2024-05-30T00:00:47.688+0000] {processor.py:161} INFO - Started process (PID=2812) to work on /home/airflow/.local/lib/python3.8/site-packages/airflow/example_dags/example_complex.py
[2024-05-30T00:00:47.690+0000] {processor.py:830} INFO - Processing file /home/airflow/.local/lib/python3.8/site-packages/airflow/example_dags/example_complex.py for tasks to queue
[2024-05-30T00:00:47.693+0000] {logging_mixin.py:188} INFO - [2024-05-30T00:00:47.692+0000] {dagbag.py:538} INFO - Filling up the DagBag from /home/airflow/.local/lib/python3.8/site-packages/airflow/example_dags/example_complex.py
[2024-05-30T00:00:47.714+0000] {processor.py:840} INFO - DAG(s) 'example_complex' retrieved from /home/airflow/.local/lib/python3.8/site-packages/airflow/example_dags/example_complex.py
[2024-05-30T00:00:47.761+0000] {logging_mixin.py:188} INFO - [2024-05-30T00:00:47.760+0000] {dag.py:3036} INFO - Sync 1 DAGs
[2024-05-30T00:00:47.780+0000] {logging_mixin.py:188} INFO - [2024-05-30T00:00:47.779+0000] {dag.py:3823} INFO - Setting next_dagrun for example_complex to None, run_after=None
[2024-05-30T00:00:47.813+0000] {processor.py:183} INFO - Processing /home/airflow/.local/lib/python3.8/site-packages/airflow/example_dags/example_complex.py took 0.135 seconds
[2024-05-30T00:01:18.089+0000] {processor.py:161} INFO - Started process (PID=2871) to work on /home/airflow/.local/lib/python3.8/site-packages/airflow/example_dags/example_complex.py
[2024-05-30T00:01:18.090+0000] {processor.py:830} INFO - Processing file /home/airflow/.local/lib/python3.8/site-packages/airflow/example_dags/example_complex.py for tasks to queue
[2024-05-30T00:01:18.092+0000] {logging_mixin.py:188} INFO - [2024-05-30T00:01:18.092+0000] {dagbag.py:538} INFO - Filling up the DagBag from /home/airflow/.local/lib/python3.8/site-packages/airflow/example_dags/example_complex.py
[2024-05-30T00:01:18.111+0000] {processor.py:840} INFO - DAG(s) 'example_complex' retrieved from /home/airflow/.local/lib/python3.8/site-packages/airflow/example_dags/example_complex.py
[2024-05-30T00:01:18.161+0000] {logging_mixin.py:188} INFO - [2024-05-30T00:01:18.160+0000] {dag.py:3036} INFO - Sync 1 DAGs
[2024-05-30T00:01:18.179+0000] {logging_mixin.py:188} INFO - [2024-05-30T00:01:18.179+0000] {dag.py:3823} INFO - Setting next_dagrun for example_complex to None, run_after=None
[2024-05-30T00:01:18.213+0000] {processor.py:183} INFO - Processing /home/airflow/.local/lib/python3.8/site-packages/airflow/example_dags/example_complex.py took 0.129 seconds
[2024-05-30T00:01:48.648+0000] {processor.py:161} INFO - Started process (PID=2930) to work on /home/airflow/.local/lib/python3.8/site-packages/airflow/example_dags/example_complex.py
[2024-05-30T00:01:48.650+0000] {processor.py:830} INFO - Processing file /home/airflow/.local/lib/python3.8/site-packages/airflow/example_dags/example_complex.py for tasks to queue
[2024-05-30T00:01:48.652+0000] {logging_mixin.py:188} INFO - [2024-05-30T00:01:48.652+0000] {dagbag.py:538} INFO - Filling up the DagBag from /home/airflow/.local/lib/python3.8/site-packages/airflow/example_dags/example_complex.py
[2024-05-30T00:01:48.676+0000] {processor.py:840} INFO - DAG(s) 'example_complex' retrieved from /home/airflow/.local/lib/python3.8/site-packages/airflow/example_dags/example_complex.py
[2024-05-30T00:01:48.727+0000] {logging_mixin.py:188} INFO - [2024-05-30T00:01:48.726+0000] {dag.py:3036} INFO - Sync 1 DAGs
[2024-05-30T00:01:48.739+0000] {logging_mixin.py:188} INFO - [2024-05-30T00:01:48.739+0000] {dag.py:3823} INFO - Setting next_dagrun for example_complex to None, run_after=None
[2024-05-30T00:01:48.768+0000] {processor.py:183} INFO - Processing /home/airflow/.local/lib/python3.8/site-packages/airflow/example_dags/example_complex.py took 0.126 seconds
[2024-05-30T00:02:19.519+0000] {processor.py:161} INFO - Started process (PID=2989) to work on /home/airflow/.local/lib/python3.8/site-packages/airflow/example_dags/example_complex.py
[2024-05-30T00:02:19.520+0000] {processor.py:830} INFO - Processing file /home/airflow/.local/lib/python3.8/site-packages/airflow/example_dags/example_complex.py for tasks to queue
[2024-05-30T00:02:19.521+0000] {logging_mixin.py:188} INFO - [2024-05-30T00:02:19.521+0000] {dagbag.py:538} INFO - Filling up the DagBag from /home/airflow/.local/lib/python3.8/site-packages/airflow/example_dags/example_complex.py
[2024-05-30T00:02:19.532+0000] {processor.py:840} INFO - DAG(s) 'example_complex' retrieved from /home/airflow/.local/lib/python3.8/site-packages/airflow/example_dags/example_complex.py
[2024-05-30T00:02:19.563+0000] {logging_mixin.py:188} INFO - [2024-05-30T00:02:19.563+0000] {dag.py:3036} INFO - Sync 1 DAGs
[2024-05-30T00:02:19.575+0000] {logging_mixin.py:188} INFO - [2024-05-30T00:02:19.575+0000] {dag.py:3823} INFO - Setting next_dagrun for example_complex to None, run_after=None
[2024-05-30T00:02:19.599+0000] {processor.py:183} INFO - Processing /home/airflow/.local/lib/python3.8/site-packages/airflow/example_dags/example_complex.py took 0.084 seconds
[2024-05-30T00:02:52.915+0000] {processor.py:161} INFO - Started process (PID=3048) to work on /home/airflow/.local/lib/python3.8/site-packages/airflow/example_dags/example_complex.py
[2024-05-30T00:02:52.916+0000] {processor.py:830} INFO - Processing file /home/airflow/.local/lib/python3.8/site-packages/airflow/example_dags/example_complex.py for tasks to queue
[2024-05-30T00:02:52.918+0000] {logging_mixin.py:188} INFO - [2024-05-30T00:02:52.918+0000] {dagbag.py:538} INFO - Filling up the DagBag from /home/airflow/.local/lib/python3.8/site-packages/airflow/example_dags/example_complex.py
[2024-05-30T00:02:52.936+0000] {processor.py:840} INFO - DAG(s) 'example_complex' retrieved from /home/airflow/.local/lib/python3.8/site-packages/airflow/example_dags/example_complex.py
[2024-05-30T00:02:52.991+0000] {logging_mixin.py:188} INFO - [2024-05-30T00:02:52.991+0000] {dag.py:3036} INFO - Sync 1 DAGs
[2024-05-30T00:02:53.010+0000] {logging_mixin.py:188} INFO - [2024-05-30T00:02:53.009+0000] {dag.py:3823} INFO - Setting next_dagrun for example_complex to None, run_after=None
[2024-05-30T00:02:53.052+0000] {processor.py:183} INFO - Processing /home/airflow/.local/lib/python3.8/site-packages/airflow/example_dags/example_complex.py took 0.142 seconds
[2024-05-30T00:03:23.740+0000] {processor.py:161} INFO - Started process (PID=3107) to work on /home/airflow/.local/lib/python3.8/site-packages/airflow/example_dags/example_complex.py
[2024-05-30T00:03:23.741+0000] {processor.py:830} INFO - Processing file /home/airflow/.local/lib/python3.8/site-packages/airflow/example_dags/example_complex.py for tasks to queue
[2024-05-30T00:03:23.742+0000] {logging_mixin.py:188} INFO - [2024-05-30T00:03:23.742+0000] {dagbag.py:538} INFO - Filling up the DagBag from /home/airflow/.local/lib/python3.8/site-packages/airflow/example_dags/example_complex.py
[2024-05-30T00:03:23.754+0000] {processor.py:840} INFO - DAG(s) 'example_complex' retrieved from /home/airflow/.local/lib/python3.8/site-packages/airflow/example_dags/example_complex.py
[2024-05-30T00:03:23.790+0000] {logging_mixin.py:188} INFO - [2024-05-30T00:03:23.790+0000] {dag.py:3036} INFO - Sync 1 DAGs
[2024-05-30T00:03:23.804+0000] {logging_mixin.py:188} INFO - [2024-05-30T00:03:23.804+0000] {dag.py:3823} INFO - Setting next_dagrun for example_complex to None, run_after=None
[2024-05-30T00:03:23.956+0000] {processor.py:183} INFO - Processing /home/airflow/.local/lib/python3.8/site-packages/airflow/example_dags/example_complex.py took 0.220 seconds
[2024-05-30T00:03:54.531+0000] {processor.py:161} INFO - Started process (PID=3166) to work on /home/airflow/.local/lib/python3.8/site-packages/airflow/example_dags/example_complex.py
[2024-05-30T00:03:54.533+0000] {processor.py:830} INFO - Processing file /home/airflow/.local/lib/python3.8/site-packages/airflow/example_dags/example_complex.py for tasks to queue
[2024-05-30T00:03:54.535+0000] {logging_mixin.py:188} INFO - [2024-05-30T00:03:54.535+0000] {dagbag.py:538} INFO - Filling up the DagBag from /home/airflow/.local/lib/python3.8/site-packages/airflow/example_dags/example_complex.py
[2024-05-30T00:03:54.552+0000] {processor.py:840} INFO - DAG(s) 'example_complex' retrieved from /home/airflow/.local/lib/python3.8/site-packages/airflow/example_dags/example_complex.py
[2024-05-30T00:03:54.585+0000] {logging_mixin.py:188} INFO - [2024-05-30T00:03:54.585+0000] {dag.py:3036} INFO - Sync 1 DAGs
[2024-05-30T00:03:54.596+0000] {logging_mixin.py:188} INFO - [2024-05-30T00:03:54.596+0000] {dag.py:3823} INFO - Setting next_dagrun for example_complex to None, run_after=None
[2024-05-30T00:03:54.617+0000] {processor.py:183} INFO - Processing /home/airflow/.local/lib/python3.8/site-packages/airflow/example_dags/example_complex.py took 0.091 seconds
[2024-05-30T00:04:24.812+0000] {processor.py:161} INFO - Started process (PID=3225) to work on /home/airflow/.local/lib/python3.8/site-packages/airflow/example_dags/example_complex.py
[2024-05-30T00:04:24.813+0000] {processor.py:830} INFO - Processing file /home/airflow/.local/lib/python3.8/site-packages/airflow/example_dags/example_complex.py for tasks to queue
[2024-05-30T00:04:24.815+0000] {logging_mixin.py:188} INFO - [2024-05-30T00:04:24.814+0000] {dagbag.py:538} INFO - Filling up the DagBag from /home/airflow/.local/lib/python3.8/site-packages/airflow/example_dags/example_complex.py
[2024-05-30T00:04:24.825+0000] {processor.py:840} INFO - DAG(s) 'example_complex' retrieved from /home/airflow/.local/lib/python3.8/site-packages/airflow/example_dags/example_complex.py
[2024-05-30T00:04:24.855+0000] {logging_mixin.py:188} INFO - [2024-05-30T00:04:24.855+0000] {dag.py:3036} INFO - Sync 1 DAGs
[2024-05-30T00:04:24.867+0000] {logging_mixin.py:188} INFO - [2024-05-30T00:04:24.867+0000] {dag.py:3823} INFO - Setting next_dagrun for example_complex to None, run_after=None
[2024-05-30T00:04:24.887+0000] {processor.py:183} INFO - Processing /home/airflow/.local/lib/python3.8/site-packages/airflow/example_dags/example_complex.py took 0.078 seconds
[2024-05-30T00:04:55.947+0000] {processor.py:161} INFO - Started process (PID=3284) to work on /home/airflow/.local/lib/python3.8/site-packages/airflow/example_dags/example_complex.py
[2024-05-30T00:04:55.948+0000] {processor.py:830} INFO - Processing file /home/airflow/.local/lib/python3.8/site-packages/airflow/example_dags/example_complex.py for tasks to queue
[2024-05-30T00:04:55.949+0000] {logging_mixin.py:188} INFO - [2024-05-30T00:04:55.949+0000] {dagbag.py:538} INFO - Filling up the DagBag from /home/airflow/.local/lib/python3.8/site-packages/airflow/example_dags/example_complex.py
[2024-05-30T00:04:55.960+0000] {processor.py:840} INFO - DAG(s) 'example_complex' retrieved from /home/airflow/.local/lib/python3.8/site-packages/airflow/example_dags/example_complex.py
[2024-05-30T00:04:55.989+0000] {logging_mixin.py:188} INFO - [2024-05-30T00:04:55.989+0000] {dag.py:3036} INFO - Sync 1 DAGs
[2024-05-30T00:04:56.115+0000] {logging_mixin.py:188} INFO - [2024-05-30T00:04:56.114+0000] {dag.py:3823} INFO - Setting next_dagrun for example_complex to None, run_after=None
[2024-05-30T00:04:56.138+0000] {processor.py:183} INFO - Processing /home/airflow/.local/lib/python3.8/site-packages/airflow/example_dags/example_complex.py took 0.195 seconds
[2024-05-30T00:05:26.238+0000] {processor.py:161} INFO - Started process (PID=3343) to work on /home/airflow/.local/lib/python3.8/site-packages/airflow/example_dags/example_complex.py
[2024-05-30T00:05:26.239+0000] {processor.py:830} INFO - Processing file /home/airflow/.local/lib/python3.8/site-packages/airflow/example_dags/example_complex.py for tasks to queue
[2024-05-30T00:05:26.240+0000] {logging_mixin.py:188} INFO - [2024-05-30T00:05:26.240+0000] {dagbag.py:538} INFO - Filling up the DagBag from /home/airflow/.local/lib/python3.8/site-packages/airflow/example_dags/example_complex.py
[2024-05-30T00:05:26.249+0000] {processor.py:840} INFO - DAG(s) 'example_complex' retrieved from /home/airflow/.local/lib/python3.8/site-packages/airflow/example_dags/example_complex.py
[2024-05-30T00:05:26.276+0000] {logging_mixin.py:188} INFO - [2024-05-30T00:05:26.275+0000] {dag.py:3036} INFO - Sync 1 DAGs
[2024-05-30T00:05:26.286+0000] {logging_mixin.py:188} INFO - [2024-05-30T00:05:26.286+0000] {dag.py:3823} INFO - Setting next_dagrun for example_complex to None, run_after=None
[2024-05-30T00:05:26.304+0000] {processor.py:183} INFO - Processing /home/airflow/.local/lib/python3.8/site-packages/airflow/example_dags/example_complex.py took 0.068 seconds
[2024-05-30T00:05:56.864+0000] {processor.py:161} INFO - Started process (PID=3402) to work on /home/airflow/.local/lib/python3.8/site-packages/airflow/example_dags/example_complex.py
[2024-05-30T00:05:56.865+0000] {processor.py:830} INFO - Processing file /home/airflow/.local/lib/python3.8/site-packages/airflow/example_dags/example_complex.py for tasks to queue
[2024-05-30T00:05:56.866+0000] {logging_mixin.py:188} INFO - [2024-05-30T00:05:56.866+0000] {dagbag.py:538} INFO - Filling up the DagBag from /home/airflow/.local/lib/python3.8/site-packages/airflow/example_dags/example_complex.py
[2024-05-30T00:05:56.877+0000] {processor.py:840} INFO - DAG(s) 'example_complex' retrieved from /home/airflow/.local/lib/python3.8/site-packages/airflow/example_dags/example_complex.py
[2024-05-30T00:05:56.907+0000] {logging_mixin.py:188} INFO - [2024-05-30T00:05:56.907+0000] {dag.py:3036} INFO - Sync 1 DAGs
[2024-05-30T00:05:56.918+0000] {logging_mixin.py:188} INFO - [2024-05-30T00:05:56.918+0000] {dag.py:3823} INFO - Setting next_dagrun for example_complex to None, run_after=None
[2024-05-30T00:05:56.939+0000] {processor.py:183} INFO - Processing /home/airflow/.local/lib/python3.8/site-packages/airflow/example_dags/example_complex.py took 0.078 seconds
[2024-05-30T00:06:29.520+0000] {processor.py:161} INFO - Started process (PID=3461) to work on /home/airflow/.local/lib/python3.8/site-packages/airflow/example_dags/example_complex.py
[2024-05-30T00:06:29.521+0000] {processor.py:830} INFO - Processing file /home/airflow/.local/lib/python3.8/site-packages/airflow/example_dags/example_complex.py for tasks to queue
[2024-05-30T00:06:29.522+0000] {logging_mixin.py:188} INFO - [2024-05-30T00:06:29.522+0000] {dagbag.py:538} INFO - Filling up the DagBag from /home/airflow/.local/lib/python3.8/site-packages/airflow/example_dags/example_complex.py
[2024-05-30T00:06:29.532+0000] {processor.py:840} INFO - DAG(s) 'example_complex' retrieved from /home/airflow/.local/lib/python3.8/site-packages/airflow/example_dags/example_complex.py
[2024-05-30T00:06:29.556+0000] {logging_mixin.py:188} INFO - [2024-05-30T00:06:29.556+0000] {dag.py:3036} INFO - Sync 1 DAGs
[2024-05-30T00:06:29.566+0000] {logging_mixin.py:188} INFO - [2024-05-30T00:06:29.566+0000] {dag.py:3823} INFO - Setting next_dagrun for example_complex to None, run_after=None
[2024-05-30T00:06:29.585+0000] {processor.py:183} INFO - Processing /home/airflow/.local/lib/python3.8/site-packages/airflow/example_dags/example_complex.py took 0.068 seconds
[2024-05-30T00:06:59.659+0000] {processor.py:161} INFO - Started process (PID=3520) to work on /home/airflow/.local/lib/python3.8/site-packages/airflow/example_dags/example_complex.py
[2024-05-30T00:06:59.660+0000] {processor.py:830} INFO - Processing file /home/airflow/.local/lib/python3.8/site-packages/airflow/example_dags/example_complex.py for tasks to queue
[2024-05-30T00:06:59.662+0000] {logging_mixin.py:188} INFO - [2024-05-30T00:06:59.661+0000] {dagbag.py:538} INFO - Filling up the DagBag from /home/airflow/.local/lib/python3.8/site-packages/airflow/example_dags/example_complex.py
[2024-05-30T00:06:59.672+0000] {processor.py:840} INFO - DAG(s) 'example_complex' retrieved from /home/airflow/.local/lib/python3.8/site-packages/airflow/example_dags/example_complex.py
[2024-05-30T00:06:59.704+0000] {logging_mixin.py:188} INFO - [2024-05-30T00:06:59.704+0000] {dag.py:3036} INFO - Sync 1 DAGs
[2024-05-30T00:06:59.716+0000] {logging_mixin.py:188} INFO - [2024-05-30T00:06:59.716+0000] {dag.py:3823} INFO - Setting next_dagrun for example_complex to None, run_after=None
[2024-05-30T00:06:59.739+0000] {processor.py:183} INFO - Processing /home/airflow/.local/lib/python3.8/site-packages/airflow/example_dags/example_complex.py took 0.083 seconds
[2024-05-30T00:07:30.588+0000] {processor.py:161} INFO - Started process (PID=3579) to work on /home/airflow/.local/lib/python3.8/site-packages/airflow/example_dags/example_complex.py
[2024-05-30T00:07:30.589+0000] {processor.py:830} INFO - Processing file /home/airflow/.local/lib/python3.8/site-packages/airflow/example_dags/example_complex.py for tasks to queue
[2024-05-30T00:07:30.592+0000] {logging_mixin.py:188} INFO - [2024-05-30T00:07:30.591+0000] {dagbag.py:538} INFO - Filling up the DagBag from /home/airflow/.local/lib/python3.8/site-packages/airflow/example_dags/example_complex.py
[2024-05-30T00:07:30.607+0000] {processor.py:840} INFO - DAG(s) 'example_complex' retrieved from /home/airflow/.local/lib/python3.8/site-packages/airflow/example_dags/example_complex.py
[2024-05-30T00:07:30.643+0000] {logging_mixin.py:188} INFO - [2024-05-30T00:07:30.643+0000] {dag.py:3036} INFO - Sync 1 DAGs
[2024-05-30T00:07:30.656+0000] {logging_mixin.py:188} INFO - [2024-05-30T00:07:30.656+0000] {dag.py:3823} INFO - Setting next_dagrun for example_complex to None, run_after=None
[2024-05-30T00:07:30.680+0000] {processor.py:183} INFO - Processing /home/airflow/.local/lib/python3.8/site-packages/airflow/example_dags/example_complex.py took 0.098 seconds
[2024-05-30T00:08:01.087+0000] {processor.py:161} INFO - Started process (PID=3638) to work on /home/airflow/.local/lib/python3.8/site-packages/airflow/example_dags/example_complex.py
[2024-05-30T00:08:01.089+0000] {processor.py:830} INFO - Processing file /home/airflow/.local/lib/python3.8/site-packages/airflow/example_dags/example_complex.py for tasks to queue
[2024-05-30T00:08:01.091+0000] {logging_mixin.py:188} INFO - [2024-05-30T00:08:01.090+0000] {dagbag.py:538} INFO - Filling up the DagBag from /home/airflow/.local/lib/python3.8/site-packages/airflow/example_dags/example_complex.py
[2024-05-30T00:08:01.101+0000] {processor.py:840} INFO - DAG(s) 'example_complex' retrieved from /home/airflow/.local/lib/python3.8/site-packages/airflow/example_dags/example_complex.py
[2024-05-30T00:08:01.132+0000] {logging_mixin.py:188} INFO - [2024-05-30T00:08:01.131+0000] {dag.py:3036} INFO - Sync 1 DAGs
[2024-05-30T00:08:01.144+0000] {logging_mixin.py:188} INFO - [2024-05-30T00:08:01.144+0000] {dag.py:3823} INFO - Setting next_dagrun for example_complex to None, run_after=None
[2024-05-30T00:08:01.166+0000] {processor.py:183} INFO - Processing /home/airflow/.local/lib/python3.8/site-packages/airflow/example_dags/example_complex.py took 0.083 seconds
[2024-05-30T00:08:31.512+0000] {processor.py:161} INFO - Started process (PID=3697) to work on /home/airflow/.local/lib/python3.8/site-packages/airflow/example_dags/example_complex.py
[2024-05-30T00:08:31.513+0000] {processor.py:830} INFO - Processing file /home/airflow/.local/lib/python3.8/site-packages/airflow/example_dags/example_complex.py for tasks to queue
[2024-05-30T00:08:31.514+0000] {logging_mixin.py:188} INFO - [2024-05-30T00:08:31.514+0000] {dagbag.py:538} INFO - Filling up the DagBag from /home/airflow/.local/lib/python3.8/site-packages/airflow/example_dags/example_complex.py
[2024-05-30T00:08:31.525+0000] {processor.py:840} INFO - DAG(s) 'example_complex' retrieved from /home/airflow/.local/lib/python3.8/site-packages/airflow/example_dags/example_complex.py
[2024-05-30T00:08:31.555+0000] {logging_mixin.py:188} INFO - [2024-05-30T00:08:31.555+0000] {dag.py:3036} INFO - Sync 1 DAGs
[2024-05-30T00:08:31.567+0000] {logging_mixin.py:188} INFO - [2024-05-30T00:08:31.567+0000] {dag.py:3823} INFO - Setting next_dagrun for example_complex to None, run_after=None
[2024-05-30T00:08:31.589+0000] {processor.py:183} INFO - Processing /home/airflow/.local/lib/python3.8/site-packages/airflow/example_dags/example_complex.py took 0.080 seconds
[2024-05-30T00:09:02.410+0000] {processor.py:161} INFO - Started process (PID=3756) to work on /home/airflow/.local/lib/python3.8/site-packages/airflow/example_dags/example_complex.py
[2024-05-30T00:09:02.410+0000] {processor.py:830} INFO - Processing file /home/airflow/.local/lib/python3.8/site-packages/airflow/example_dags/example_complex.py for tasks to queue
[2024-05-30T00:09:02.412+0000] {logging_mixin.py:188} INFO - [2024-05-30T00:09:02.411+0000] {dagbag.py:538} INFO - Filling up the DagBag from /home/airflow/.local/lib/python3.8/site-packages/airflow/example_dags/example_complex.py
[2024-05-30T00:09:02.422+0000] {processor.py:840} INFO - DAG(s) 'example_complex' retrieved from /home/airflow/.local/lib/python3.8/site-packages/airflow/example_dags/example_complex.py
[2024-05-30T00:09:02.454+0000] {logging_mixin.py:188} INFO - [2024-05-30T00:09:02.453+0000] {dag.py:3036} INFO - Sync 1 DAGs
[2024-05-30T00:09:02.465+0000] {logging_mixin.py:188} INFO - [2024-05-30T00:09:02.465+0000] {dag.py:3823} INFO - Setting next_dagrun for example_complex to None, run_after=None
[2024-05-30T00:09:02.487+0000] {processor.py:183} INFO - Processing /home/airflow/.local/lib/python3.8/site-packages/airflow/example_dags/example_complex.py took 0.080 seconds
[2024-05-30T00:09:32.731+0000] {processor.py:161} INFO - Started process (PID=3815) to work on /home/airflow/.local/lib/python3.8/site-packages/airflow/example_dags/example_complex.py
[2024-05-30T00:09:32.732+0000] {processor.py:830} INFO - Processing file /home/airflow/.local/lib/python3.8/site-packages/airflow/example_dags/example_complex.py for tasks to queue
[2024-05-30T00:09:32.733+0000] {logging_mixin.py:188} INFO - [2024-05-30T00:09:32.733+0000] {dagbag.py:538} INFO - Filling up the DagBag from /home/airflow/.local/lib/python3.8/site-packages/airflow/example_dags/example_complex.py
[2024-05-30T00:09:32.744+0000] {processor.py:840} INFO - DAG(s) 'example_complex' retrieved from /home/airflow/.local/lib/python3.8/site-packages/airflow/example_dags/example_complex.py
[2024-05-30T00:09:32.774+0000] {logging_mixin.py:188} INFO - [2024-05-30T00:09:32.774+0000] {dag.py:3036} INFO - Sync 1 DAGs
[2024-05-30T00:09:32.786+0000] {logging_mixin.py:188} INFO - [2024-05-30T00:09:32.786+0000] {dag.py:3823} INFO - Setting next_dagrun for example_complex to None, run_after=None
[2024-05-30T00:09:32.807+0000] {processor.py:183} INFO - Processing /home/airflow/.local/lib/python3.8/site-packages/airflow/example_dags/example_complex.py took 0.080 seconds
[2024-05-30T00:10:03.185+0000] {processor.py:161} INFO - Started process (PID=3874) to work on /home/airflow/.local/lib/python3.8/site-packages/airflow/example_dags/example_complex.py
[2024-05-30T00:10:03.186+0000] {processor.py:830} INFO - Processing file /home/airflow/.local/lib/python3.8/site-packages/airflow/example_dags/example_complex.py for tasks to queue
[2024-05-30T00:10:03.187+0000] {logging_mixin.py:188} INFO - [2024-05-30T00:10:03.187+0000] {dagbag.py:538} INFO - Filling up the DagBag from /home/airflow/.local/lib/python3.8/site-packages/airflow/example_dags/example_complex.py
[2024-05-30T00:10:03.198+0000] {processor.py:840} INFO - DAG(s) 'example_complex' retrieved from /home/airflow/.local/lib/python3.8/site-packages/airflow/example_dags/example_complex.py
[2024-05-30T00:10:03.230+0000] {logging_mixin.py:188} INFO - [2024-05-30T00:10:03.229+0000] {dag.py:3036} INFO - Sync 1 DAGs
[2024-05-30T00:10:03.241+0000] {logging_mixin.py:188} INFO - [2024-05-30T00:10:03.241+0000] {dag.py:3823} INFO - Setting next_dagrun for example_complex to None, run_after=None
[2024-05-30T00:10:03.262+0000] {processor.py:183} INFO - Processing /home/airflow/.local/lib/python3.8/site-packages/airflow/example_dags/example_complex.py took 0.080 seconds
[2024-05-30T00:10:34.231+0000] {processor.py:161} INFO - Started process (PID=3933) to work on /home/airflow/.local/lib/python3.8/site-packages/airflow/example_dags/example_complex.py
[2024-05-30T00:10:34.232+0000] {processor.py:830} INFO - Processing file /home/airflow/.local/lib/python3.8/site-packages/airflow/example_dags/example_complex.py for tasks to queue
[2024-05-30T00:10:34.234+0000] {logging_mixin.py:188} INFO - [2024-05-30T00:10:34.234+0000] {dagbag.py:538} INFO - Filling up the DagBag from /home/airflow/.local/lib/python3.8/site-packages/airflow/example_dags/example_complex.py
[2024-05-30T00:10:34.254+0000] {processor.py:840} INFO - DAG(s) 'example_complex' retrieved from /home/airflow/.local/lib/python3.8/site-packages/airflow/example_dags/example_complex.py
[2024-05-30T00:10:34.303+0000] {logging_mixin.py:188} INFO - [2024-05-30T00:10:34.303+0000] {dag.py:3036} INFO - Sync 1 DAGs
[2024-05-30T00:10:34.316+0000] {logging_mixin.py:188} INFO - [2024-05-30T00:10:34.316+0000] {dag.py:3823} INFO - Setting next_dagrun for example_complex to None, run_after=None
[2024-05-30T00:10:34.340+0000] {processor.py:183} INFO - Processing /home/airflow/.local/lib/python3.8/site-packages/airflow/example_dags/example_complex.py took 0.116 seconds
[2024-05-30T00:11:05.323+0000] {processor.py:161} INFO - Started process (PID=3992) to work on /home/airflow/.local/lib/python3.8/site-packages/airflow/example_dags/example_complex.py
[2024-05-30T00:11:05.324+0000] {processor.py:830} INFO - Processing file /home/airflow/.local/lib/python3.8/site-packages/airflow/example_dags/example_complex.py for tasks to queue
[2024-05-30T00:11:05.326+0000] {logging_mixin.py:188} INFO - [2024-05-30T00:11:05.326+0000] {dagbag.py:538} INFO - Filling up the DagBag from /home/airflow/.local/lib/python3.8/site-packages/airflow/example_dags/example_complex.py
[2024-05-30T00:11:05.344+0000] {processor.py:840} INFO - DAG(s) 'example_complex' retrieved from /home/airflow/.local/lib/python3.8/site-packages/airflow/example_dags/example_complex.py
[2024-05-30T00:11:05.390+0000] {logging_mixin.py:188} INFO - [2024-05-30T00:11:05.389+0000] {dag.py:3036} INFO - Sync 1 DAGs
[2024-05-30T00:11:05.402+0000] {logging_mixin.py:188} INFO - [2024-05-30T00:11:05.402+0000] {dag.py:3823} INFO - Setting next_dagrun for example_complex to None, run_after=None
[2024-05-30T00:11:05.424+0000] {processor.py:183} INFO - Processing /home/airflow/.local/lib/python3.8/site-packages/airflow/example_dags/example_complex.py took 0.105 seconds
[2024-05-30T00:11:35.513+0000] {processor.py:161} INFO - Started process (PID=4051) to work on /home/airflow/.local/lib/python3.8/site-packages/airflow/example_dags/example_complex.py
[2024-05-30T00:11:35.514+0000] {processor.py:830} INFO - Processing file /home/airflow/.local/lib/python3.8/site-packages/airflow/example_dags/example_complex.py for tasks to queue
[2024-05-30T00:11:35.516+0000] {logging_mixin.py:188} INFO - [2024-05-30T00:11:35.515+0000] {dagbag.py:538} INFO - Filling up the DagBag from /home/airflow/.local/lib/python3.8/site-packages/airflow/example_dags/example_complex.py
[2024-05-30T00:11:35.527+0000] {processor.py:840} INFO - DAG(s) 'example_complex' retrieved from /home/airflow/.local/lib/python3.8/site-packages/airflow/example_dags/example_complex.py
[2024-05-30T00:11:35.557+0000] {logging_mixin.py:188} INFO - [2024-05-30T00:11:35.557+0000] {dag.py:3036} INFO - Sync 1 DAGs
[2024-05-30T00:11:35.569+0000] {logging_mixin.py:188} INFO - [2024-05-30T00:11:35.568+0000] {dag.py:3823} INFO - Setting next_dagrun for example_complex to None, run_after=None
[2024-05-30T00:11:35.591+0000] {processor.py:183} INFO - Processing /home/airflow/.local/lib/python3.8/site-packages/airflow/example_dags/example_complex.py took 0.080 seconds
[2024-05-30T00:12:06.439+0000] {processor.py:161} INFO - Started process (PID=4110) to work on /home/airflow/.local/lib/python3.8/site-packages/airflow/example_dags/example_complex.py
[2024-05-30T00:12:06.440+0000] {processor.py:830} INFO - Processing file /home/airflow/.local/lib/python3.8/site-packages/airflow/example_dags/example_complex.py for tasks to queue
[2024-05-30T00:12:06.442+0000] {logging_mixin.py:188} INFO - [2024-05-30T00:12:06.442+0000] {dagbag.py:538} INFO - Filling up the DagBag from /home/airflow/.local/lib/python3.8/site-packages/airflow/example_dags/example_complex.py
[2024-05-30T00:12:06.454+0000] {processor.py:840} INFO - DAG(s) 'example_complex' retrieved from /home/airflow/.local/lib/python3.8/site-packages/airflow/example_dags/example_complex.py
[2024-05-30T00:12:06.484+0000] {logging_mixin.py:188} INFO - [2024-05-30T00:12:06.484+0000] {dag.py:3036} INFO - Sync 1 DAGs
[2024-05-30T00:12:06.498+0000] {logging_mixin.py:188} INFO - [2024-05-30T00:12:06.497+0000] {dag.py:3823} INFO - Setting next_dagrun for example_complex to None, run_after=None
[2024-05-30T00:12:06.517+0000] {processor.py:183} INFO - Processing /home/airflow/.local/lib/python3.8/site-packages/airflow/example_dags/example_complex.py took 0.080 seconds
[2024-05-30T00:12:36.940+0000] {processor.py:161} INFO - Started process (PID=4175) to work on /home/airflow/.local/lib/python3.8/site-packages/airflow/example_dags/example_complex.py
[2024-05-30T00:12:36.941+0000] {processor.py:830} INFO - Processing file /home/airflow/.local/lib/python3.8/site-packages/airflow/example_dags/example_complex.py for tasks to queue
[2024-05-30T00:12:36.942+0000] {logging_mixin.py:188} INFO - [2024-05-30T00:12:36.942+0000] {dagbag.py:538} INFO - Filling up the DagBag from /home/airflow/.local/lib/python3.8/site-packages/airflow/example_dags/example_complex.py
[2024-05-30T00:12:36.953+0000] {processor.py:840} INFO - DAG(s) 'example_complex' retrieved from /home/airflow/.local/lib/python3.8/site-packages/airflow/example_dags/example_complex.py
[2024-05-30T00:12:36.986+0000] {logging_mixin.py:188} INFO - [2024-05-30T00:12:36.986+0000] {dag.py:3036} INFO - Sync 1 DAGs
[2024-05-30T00:12:36.999+0000] {logging_mixin.py:188} INFO - [2024-05-30T00:12:36.998+0000] {dag.py:3823} INFO - Setting next_dagrun for example_complex to None, run_after=None
[2024-05-30T00:12:37.022+0000] {processor.py:183} INFO - Processing /home/airflow/.local/lib/python3.8/site-packages/airflow/example_dags/example_complex.py took 0.086 seconds
[2024-05-30T00:13:07.890+0000] {processor.py:161} INFO - Started process (PID=4234) to work on /home/airflow/.local/lib/python3.8/site-packages/airflow/example_dags/example_complex.py
[2024-05-30T00:13:07.891+0000] {processor.py:830} INFO - Processing file /home/airflow/.local/lib/python3.8/site-packages/airflow/example_dags/example_complex.py for tasks to queue
[2024-05-30T00:13:07.892+0000] {logging_mixin.py:188} INFO - [2024-05-30T00:13:07.892+0000] {dagbag.py:538} INFO - Filling up the DagBag from /home/airflow/.local/lib/python3.8/site-packages/airflow/example_dags/example_complex.py
[2024-05-30T00:13:07.902+0000] {processor.py:840} INFO - DAG(s) 'example_complex' retrieved from /home/airflow/.local/lib/python3.8/site-packages/airflow/example_dags/example_complex.py
[2024-05-30T00:13:07.933+0000] {logging_mixin.py:188} INFO - [2024-05-30T00:13:07.933+0000] {dag.py:3036} INFO - Sync 1 DAGs
[2024-05-30T00:13:07.944+0000] {logging_mixin.py:188} INFO - [2024-05-30T00:13:07.944+0000] {dag.py:3823} INFO - Setting next_dagrun for example_complex to None, run_after=None
[2024-05-30T00:13:07.965+0000] {processor.py:183} INFO - Processing /home/airflow/.local/lib/python3.8/site-packages/airflow/example_dags/example_complex.py took 0.078 seconds
[2024-05-30T00:13:38.508+0000] {processor.py:161} INFO - Started process (PID=4293) to work on /home/airflow/.local/lib/python3.8/site-packages/airflow/example_dags/example_complex.py
[2024-05-30T00:13:38.509+0000] {processor.py:830} INFO - Processing file /home/airflow/.local/lib/python3.8/site-packages/airflow/example_dags/example_complex.py for tasks to queue
[2024-05-30T00:13:38.511+0000] {logging_mixin.py:188} INFO - [2024-05-30T00:13:38.510+0000] {dagbag.py:538} INFO - Filling up the DagBag from /home/airflow/.local/lib/python3.8/site-packages/airflow/example_dags/example_complex.py
[2024-05-30T00:13:38.521+0000] {processor.py:840} INFO - DAG(s) 'example_complex' retrieved from /home/airflow/.local/lib/python3.8/site-packages/airflow/example_dags/example_complex.py
[2024-05-30T00:13:38.552+0000] {logging_mixin.py:188} INFO - [2024-05-30T00:13:38.552+0000] {dag.py:3036} INFO - Sync 1 DAGs
[2024-05-30T00:13:38.563+0000] {logging_mixin.py:188} INFO - [2024-05-30T00:13:38.563+0000] {dag.py:3823} INFO - Setting next_dagrun for example_complex to None, run_after=None
[2024-05-30T00:13:38.586+0000] {processor.py:183} INFO - Processing /home/airflow/.local/lib/python3.8/site-packages/airflow/example_dags/example_complex.py took 0.080 seconds
[2024-05-30T00:14:09.366+0000] {processor.py:161} INFO - Started process (PID=4352) to work on /home/airflow/.local/lib/python3.8/site-packages/airflow/example_dags/example_complex.py
[2024-05-30T00:14:09.367+0000] {processor.py:830} INFO - Processing file /home/airflow/.local/lib/python3.8/site-packages/airflow/example_dags/example_complex.py for tasks to queue
[2024-05-30T00:14:09.368+0000] {logging_mixin.py:188} INFO - [2024-05-30T00:14:09.368+0000] {dagbag.py:538} INFO - Filling up the DagBag from /home/airflow/.local/lib/python3.8/site-packages/airflow/example_dags/example_complex.py
[2024-05-30T00:14:09.378+0000] {processor.py:840} INFO - DAG(s) 'example_complex' retrieved from /home/airflow/.local/lib/python3.8/site-packages/airflow/example_dags/example_complex.py
[2024-05-30T00:14:09.409+0000] {logging_mixin.py:188} INFO - [2024-05-30T00:14:09.408+0000] {dag.py:3036} INFO - Sync 1 DAGs
[2024-05-30T00:14:09.421+0000] {logging_mixin.py:188} INFO - [2024-05-30T00:14:09.420+0000] {dag.py:3823} INFO - Setting next_dagrun for example_complex to None, run_after=None
[2024-05-30T00:14:09.444+0000] {processor.py:183} INFO - Processing /home/airflow/.local/lib/python3.8/site-packages/airflow/example_dags/example_complex.py took 0.083 seconds
