[2024-05-30T00:00:13.626+0000] {processor.py:161} INFO - Started process (PID=2727) to work on /home/airflow/.local/lib/python3.8/site-packages/airflow/example_dags/example_setup_teardown_taskflow.py
[2024-05-30T00:00:13.628+0000] {processor.py:830} INFO - Processing file /home/airflow/.local/lib/python3.8/site-packages/airflow/example_dags/example_setup_teardown_taskflow.py for tasks to queue
[2024-05-30T00:00:13.630+0000] {logging_mixin.py:188} INFO - [2024-05-30T00:00:13.630+0000] {dagbag.py:538} INFO - Filling up the DagBag from /home/airflow/.local/lib/python3.8/site-packages/airflow/example_dags/example_setup_teardown_taskflow.py
[2024-05-30T00:00:13.644+0000] {processor.py:840} INFO - DAG(s) 'example_setup_teardown_taskflow' retrieved from /home/airflow/.local/lib/python3.8/site-packages/airflow/example_dags/example_setup_teardown_taskflow.py
[2024-05-30T00:00:13.669+0000] {logging_mixin.py:188} INFO - [2024-05-30T00:00:13.668+0000] {dag.py:3036} INFO - Sync 1 DAGs
[2024-05-30T00:00:13.692+0000] {logging_mixin.py:188} INFO - [2024-05-30T00:00:13.692+0000] {dag.py:3823} INFO - Setting next_dagrun for example_setup_teardown_taskflow to 2024-05-29 00:00:00+00:00, run_after=2024-05-30 00:00:00+00:00
[2024-05-30T00:00:13.728+0000] {processor.py:183} INFO - Processing /home/airflow/.local/lib/python3.8/site-packages/airflow/example_dags/example_setup_teardown_taskflow.py took 0.105 seconds
[2024-05-30T00:00:45.147+0000] {processor.py:161} INFO - Started process (PID=2786) to work on /home/airflow/.local/lib/python3.8/site-packages/airflow/example_dags/example_setup_teardown_taskflow.py
[2024-05-30T00:00:45.154+0000] {processor.py:830} INFO - Processing file /home/airflow/.local/lib/python3.8/site-packages/airflow/example_dags/example_setup_teardown_taskflow.py for tasks to queue
[2024-05-30T00:00:45.160+0000] {logging_mixin.py:188} INFO - [2024-05-30T00:00:45.158+0000] {dagbag.py:538} INFO - Filling up the DagBag from /home/airflow/.local/lib/python3.8/site-packages/airflow/example_dags/example_setup_teardown_taskflow.py
[2024-05-30T00:00:45.191+0000] {processor.py:840} INFO - DAG(s) 'example_setup_teardown_taskflow' retrieved from /home/airflow/.local/lib/python3.8/site-packages/airflow/example_dags/example_setup_teardown_taskflow.py
[2024-05-30T00:00:45.255+0000] {logging_mixin.py:188} INFO - [2024-05-30T00:00:45.254+0000] {dag.py:3036} INFO - Sync 1 DAGs
[2024-05-30T00:00:45.315+0000] {logging_mixin.py:188} INFO - [2024-05-30T00:00:45.314+0000] {dag.py:3823} INFO - Setting next_dagrun for example_setup_teardown_taskflow to 2024-05-29 00:00:00+00:00, run_after=2024-05-30 00:00:00+00:00
[2024-05-30T00:00:45.353+0000] {processor.py:183} INFO - Processing /home/airflow/.local/lib/python3.8/site-packages/airflow/example_dags/example_setup_teardown_taskflow.py took 0.214 seconds
[2024-05-30T00:01:15.844+0000] {processor.py:161} INFO - Started process (PID=2845) to work on /home/airflow/.local/lib/python3.8/site-packages/airflow/example_dags/example_setup_teardown_taskflow.py
[2024-05-30T00:01:15.845+0000] {processor.py:830} INFO - Processing file /home/airflow/.local/lib/python3.8/site-packages/airflow/example_dags/example_setup_teardown_taskflow.py for tasks to queue
[2024-05-30T00:01:15.846+0000] {logging_mixin.py:188} INFO - [2024-05-30T00:01:15.846+0000] {dagbag.py:538} INFO - Filling up the DagBag from /home/airflow/.local/lib/python3.8/site-packages/airflow/example_dags/example_setup_teardown_taskflow.py
[2024-05-30T00:01:15.862+0000] {processor.py:840} INFO - DAG(s) 'example_setup_teardown_taskflow' retrieved from /home/airflow/.local/lib/python3.8/site-packages/airflow/example_dags/example_setup_teardown_taskflow.py
[2024-05-30T00:01:15.895+0000] {logging_mixin.py:188} INFO - [2024-05-30T00:01:15.895+0000] {dag.py:3036} INFO - Sync 1 DAGs
[2024-05-30T00:01:15.934+0000] {logging_mixin.py:188} INFO - [2024-05-30T00:01:15.934+0000] {dag.py:3823} INFO - Setting next_dagrun for example_setup_teardown_taskflow to 2024-05-29 00:00:00+00:00, run_after=2024-05-30 00:00:00+00:00
[2024-05-30T00:01:15.968+0000] {processor.py:183} INFO - Processing /home/airflow/.local/lib/python3.8/site-packages/airflow/example_dags/example_setup_teardown_taskflow.py took 0.130 seconds
[2024-05-30T00:01:46.315+0000] {processor.py:161} INFO - Started process (PID=2904) to work on /home/airflow/.local/lib/python3.8/site-packages/airflow/example_dags/example_setup_teardown_taskflow.py
[2024-05-30T00:01:46.317+0000] {processor.py:830} INFO - Processing file /home/airflow/.local/lib/python3.8/site-packages/airflow/example_dags/example_setup_teardown_taskflow.py for tasks to queue
[2024-05-30T00:01:46.319+0000] {logging_mixin.py:188} INFO - [2024-05-30T00:01:46.318+0000] {dagbag.py:538} INFO - Filling up the DagBag from /home/airflow/.local/lib/python3.8/site-packages/airflow/example_dags/example_setup_teardown_taskflow.py
[2024-05-30T00:01:46.333+0000] {processor.py:840} INFO - DAG(s) 'example_setup_teardown_taskflow' retrieved from /home/airflow/.local/lib/python3.8/site-packages/airflow/example_dags/example_setup_teardown_taskflow.py
[2024-05-30T00:01:46.359+0000] {logging_mixin.py:188} INFO - [2024-05-30T00:01:46.359+0000] {dag.py:3036} INFO - Sync 1 DAGs
[2024-05-30T00:01:46.381+0000] {logging_mixin.py:188} INFO - [2024-05-30T00:01:46.380+0000] {dag.py:3823} INFO - Setting next_dagrun for example_setup_teardown_taskflow to 2024-05-29 00:00:00+00:00, run_after=2024-05-30 00:00:00+00:00
[2024-05-30T00:01:46.406+0000] {processor.py:183} INFO - Processing /home/airflow/.local/lib/python3.8/site-packages/airflow/example_dags/example_setup_teardown_taskflow.py took 0.097 seconds
[2024-05-30T00:02:17.406+0000] {processor.py:161} INFO - Started process (PID=2963) to work on /home/airflow/.local/lib/python3.8/site-packages/airflow/example_dags/example_setup_teardown_taskflow.py
[2024-05-30T00:02:17.407+0000] {processor.py:830} INFO - Processing file /home/airflow/.local/lib/python3.8/site-packages/airflow/example_dags/example_setup_teardown_taskflow.py for tasks to queue
[2024-05-30T00:02:17.409+0000] {logging_mixin.py:188} INFO - [2024-05-30T00:02:17.408+0000] {dagbag.py:538} INFO - Filling up the DagBag from /home/airflow/.local/lib/python3.8/site-packages/airflow/example_dags/example_setup_teardown_taskflow.py
[2024-05-30T00:02:17.420+0000] {processor.py:840} INFO - DAG(s) 'example_setup_teardown_taskflow' retrieved from /home/airflow/.local/lib/python3.8/site-packages/airflow/example_dags/example_setup_teardown_taskflow.py
[2024-05-30T00:02:17.446+0000] {logging_mixin.py:188} INFO - [2024-05-30T00:02:17.446+0000] {dag.py:3036} INFO - Sync 1 DAGs
[2024-05-30T00:02:17.471+0000] {logging_mixin.py:188} INFO - [2024-05-30T00:02:17.471+0000] {dag.py:3823} INFO - Setting next_dagrun for example_setup_teardown_taskflow to 2024-05-29 00:00:00+00:00, run_after=2024-05-30 00:00:00+00:00
[2024-05-30T00:02:17.498+0000] {processor.py:183} INFO - Processing /home/airflow/.local/lib/python3.8/site-packages/airflow/example_dags/example_setup_teardown_taskflow.py took 0.095 seconds
[2024-05-30T00:02:49.064+0000] {processor.py:161} INFO - Started process (PID=3022) to work on /home/airflow/.local/lib/python3.8/site-packages/airflow/example_dags/example_setup_teardown_taskflow.py
[2024-05-30T00:02:49.066+0000] {processor.py:830} INFO - Processing file /home/airflow/.local/lib/python3.8/site-packages/airflow/example_dags/example_setup_teardown_taskflow.py for tasks to queue
[2024-05-30T00:02:49.067+0000] {logging_mixin.py:188} INFO - [2024-05-30T00:02:49.067+0000] {dagbag.py:538} INFO - Filling up the DagBag from /home/airflow/.local/lib/python3.8/site-packages/airflow/example_dags/example_setup_teardown_taskflow.py
[2024-05-30T00:02:49.082+0000] {processor.py:840} INFO - DAG(s) 'example_setup_teardown_taskflow' retrieved from /home/airflow/.local/lib/python3.8/site-packages/airflow/example_dags/example_setup_teardown_taskflow.py
[2024-05-30T00:02:49.112+0000] {logging_mixin.py:188} INFO - [2024-05-30T00:02:49.110+0000] {dag.py:3036} INFO - Sync 1 DAGs
[2024-05-30T00:02:49.142+0000] {logging_mixin.py:188} INFO - [2024-05-30T00:02:49.142+0000] {dag.py:3823} INFO - Setting next_dagrun for example_setup_teardown_taskflow to 2024-05-29 00:00:00+00:00, run_after=2024-05-30 00:00:00+00:00
[2024-05-30T00:02:49.174+0000] {processor.py:183} INFO - Processing /home/airflow/.local/lib/python3.8/site-packages/airflow/example_dags/example_setup_teardown_taskflow.py took 0.113 seconds
[2024-05-30T00:03:19.768+0000] {processor.py:161} INFO - Started process (PID=3081) to work on /home/airflow/.local/lib/python3.8/site-packages/airflow/example_dags/example_setup_teardown_taskflow.py
[2024-05-30T00:03:19.769+0000] {processor.py:830} INFO - Processing file /home/airflow/.local/lib/python3.8/site-packages/airflow/example_dags/example_setup_teardown_taskflow.py for tasks to queue
[2024-05-30T00:03:19.770+0000] {logging_mixin.py:188} INFO - [2024-05-30T00:03:19.770+0000] {dagbag.py:538} INFO - Filling up the DagBag from /home/airflow/.local/lib/python3.8/site-packages/airflow/example_dags/example_setup_teardown_taskflow.py
[2024-05-30T00:03:19.779+0000] {processor.py:840} INFO - DAG(s) 'example_setup_teardown_taskflow' retrieved from /home/airflow/.local/lib/python3.8/site-packages/airflow/example_dags/example_setup_teardown_taskflow.py
[2024-05-30T00:03:19.800+0000] {logging_mixin.py:188} INFO - [2024-05-30T00:03:19.800+0000] {dag.py:3036} INFO - Sync 1 DAGs
[2024-05-30T00:03:19.821+0000] {logging_mixin.py:188} INFO - [2024-05-30T00:03:19.821+0000] {dag.py:3823} INFO - Setting next_dagrun for example_setup_teardown_taskflow to 2024-05-29 00:00:00+00:00, run_after=2024-05-30 00:00:00+00:00
[2024-05-30T00:03:19.843+0000] {processor.py:183} INFO - Processing /home/airflow/.local/lib/python3.8/site-packages/airflow/example_dags/example_setup_teardown_taskflow.py took 0.079 seconds
[2024-05-30T00:03:50.773+0000] {processor.py:161} INFO - Started process (PID=3140) to work on /home/airflow/.local/lib/python3.8/site-packages/airflow/example_dags/example_setup_teardown_taskflow.py
[2024-05-30T00:03:50.774+0000] {processor.py:830} INFO - Processing file /home/airflow/.local/lib/python3.8/site-packages/airflow/example_dags/example_setup_teardown_taskflow.py for tasks to queue
[2024-05-30T00:03:50.776+0000] {logging_mixin.py:188} INFO - [2024-05-30T00:03:50.775+0000] {dagbag.py:538} INFO - Filling up the DagBag from /home/airflow/.local/lib/python3.8/site-packages/airflow/example_dags/example_setup_teardown_taskflow.py
[2024-05-30T00:03:50.785+0000] {processor.py:840} INFO - DAG(s) 'example_setup_teardown_taskflow' retrieved from /home/airflow/.local/lib/python3.8/site-packages/airflow/example_dags/example_setup_teardown_taskflow.py
[2024-05-30T00:03:50.808+0000] {logging_mixin.py:188} INFO - [2024-05-30T00:03:50.808+0000] {dag.py:3036} INFO - Sync 1 DAGs
[2024-05-30T00:03:50.829+0000] {logging_mixin.py:188} INFO - [2024-05-30T00:03:50.829+0000] {dag.py:3823} INFO - Setting next_dagrun for example_setup_teardown_taskflow to 2024-05-29 00:00:00+00:00, run_after=2024-05-30 00:00:00+00:00
[2024-05-30T00:03:50.857+0000] {processor.py:183} INFO - Processing /home/airflow/.local/lib/python3.8/site-packages/airflow/example_dags/example_setup_teardown_taskflow.py took 0.087 seconds
[2024-05-30T00:04:21.258+0000] {processor.py:161} INFO - Started process (PID=3199) to work on /home/airflow/.local/lib/python3.8/site-packages/airflow/example_dags/example_setup_teardown_taskflow.py
[2024-05-30T00:04:21.259+0000] {processor.py:830} INFO - Processing file /home/airflow/.local/lib/python3.8/site-packages/airflow/example_dags/example_setup_teardown_taskflow.py for tasks to queue
[2024-05-30T00:04:21.260+0000] {logging_mixin.py:188} INFO - [2024-05-30T00:04:21.260+0000] {dagbag.py:538} INFO - Filling up the DagBag from /home/airflow/.local/lib/python3.8/site-packages/airflow/example_dags/example_setup_teardown_taskflow.py
[2024-05-30T00:04:21.270+0000] {processor.py:840} INFO - DAG(s) 'example_setup_teardown_taskflow' retrieved from /home/airflow/.local/lib/python3.8/site-packages/airflow/example_dags/example_setup_teardown_taskflow.py
[2024-05-30T00:04:21.295+0000] {logging_mixin.py:188} INFO - [2024-05-30T00:04:21.295+0000] {dag.py:3036} INFO - Sync 1 DAGs
[2024-05-30T00:04:21.316+0000] {logging_mixin.py:188} INFO - [2024-05-30T00:04:21.316+0000] {dag.py:3823} INFO - Setting next_dagrun for example_setup_teardown_taskflow to 2024-05-29 00:00:00+00:00, run_after=2024-05-30 00:00:00+00:00
[2024-05-30T00:04:21.452+0000] {processor.py:183} INFO - Processing /home/airflow/.local/lib/python3.8/site-packages/airflow/example_dags/example_setup_teardown_taskflow.py took 0.197 seconds
[2024-05-30T00:04:52.091+0000] {processor.py:161} INFO - Started process (PID=3258) to work on /home/airflow/.local/lib/python3.8/site-packages/airflow/example_dags/example_setup_teardown_taskflow.py
[2024-05-30T00:04:52.092+0000] {processor.py:830} INFO - Processing file /home/airflow/.local/lib/python3.8/site-packages/airflow/example_dags/example_setup_teardown_taskflow.py for tasks to queue
[2024-05-30T00:04:52.094+0000] {logging_mixin.py:188} INFO - [2024-05-30T00:04:52.094+0000] {dagbag.py:538} INFO - Filling up the DagBag from /home/airflow/.local/lib/python3.8/site-packages/airflow/example_dags/example_setup_teardown_taskflow.py
[2024-05-30T00:04:52.104+0000] {processor.py:840} INFO - DAG(s) 'example_setup_teardown_taskflow' retrieved from /home/airflow/.local/lib/python3.8/site-packages/airflow/example_dags/example_setup_teardown_taskflow.py
[2024-05-30T00:04:52.126+0000] {logging_mixin.py:188} INFO - [2024-05-30T00:04:52.126+0000] {dag.py:3036} INFO - Sync 1 DAGs
[2024-05-30T00:04:52.146+0000] {logging_mixin.py:188} INFO - [2024-05-30T00:04:52.146+0000] {dag.py:3823} INFO - Setting next_dagrun for example_setup_teardown_taskflow to 2024-05-29 00:00:00+00:00, run_after=2024-05-30 00:00:00+00:00
[2024-05-30T00:04:52.169+0000] {processor.py:183} INFO - Processing /home/airflow/.local/lib/python3.8/site-packages/airflow/example_dags/example_setup_teardown_taskflow.py took 0.081 seconds
[2024-05-30T00:05:22.902+0000] {processor.py:161} INFO - Started process (PID=3317) to work on /home/airflow/.local/lib/python3.8/site-packages/airflow/example_dags/example_setup_teardown_taskflow.py
[2024-05-30T00:05:22.903+0000] {processor.py:830} INFO - Processing file /home/airflow/.local/lib/python3.8/site-packages/airflow/example_dags/example_setup_teardown_taskflow.py for tasks to queue
[2024-05-30T00:05:22.904+0000] {logging_mixin.py:188} INFO - [2024-05-30T00:05:22.904+0000] {dagbag.py:538} INFO - Filling up the DagBag from /home/airflow/.local/lib/python3.8/site-packages/airflow/example_dags/example_setup_teardown_taskflow.py
[2024-05-30T00:05:22.914+0000] {processor.py:840} INFO - DAG(s) 'example_setup_teardown_taskflow' retrieved from /home/airflow/.local/lib/python3.8/site-packages/airflow/example_dags/example_setup_teardown_taskflow.py
[2024-05-30T00:05:22.935+0000] {logging_mixin.py:188} INFO - [2024-05-30T00:05:22.934+0000] {dag.py:3036} INFO - Sync 1 DAGs
[2024-05-30T00:05:22.954+0000] {logging_mixin.py:188} INFO - [2024-05-30T00:05:22.953+0000] {dag.py:3823} INFO - Setting next_dagrun for example_setup_teardown_taskflow to 2024-05-29 00:00:00+00:00, run_after=2024-05-30 00:00:00+00:00
[2024-05-30T00:05:22.974+0000] {processor.py:183} INFO - Processing /home/airflow/.local/lib/python3.8/site-packages/airflow/example_dags/example_setup_teardown_taskflow.py took 0.075 seconds
[2024-05-30T00:05:54.144+0000] {processor.py:161} INFO - Started process (PID=3376) to work on /home/airflow/.local/lib/python3.8/site-packages/airflow/example_dags/example_setup_teardown_taskflow.py
[2024-05-30T00:05:54.145+0000] {processor.py:830} INFO - Processing file /home/airflow/.local/lib/python3.8/site-packages/airflow/example_dags/example_setup_teardown_taskflow.py for tasks to queue
[2024-05-30T00:05:54.146+0000] {logging_mixin.py:188} INFO - [2024-05-30T00:05:54.146+0000] {dagbag.py:538} INFO - Filling up the DagBag from /home/airflow/.local/lib/python3.8/site-packages/airflow/example_dags/example_setup_teardown_taskflow.py
[2024-05-30T00:05:54.156+0000] {processor.py:840} INFO - DAG(s) 'example_setup_teardown_taskflow' retrieved from /home/airflow/.local/lib/python3.8/site-packages/airflow/example_dags/example_setup_teardown_taskflow.py
[2024-05-30T00:05:54.178+0000] {logging_mixin.py:188} INFO - [2024-05-30T00:05:54.178+0000] {dag.py:3036} INFO - Sync 1 DAGs
[2024-05-30T00:05:54.201+0000] {logging_mixin.py:188} INFO - [2024-05-30T00:05:54.200+0000] {dag.py:3823} INFO - Setting next_dagrun for example_setup_teardown_taskflow to 2024-05-29 00:00:00+00:00, run_after=2024-05-30 00:00:00+00:00
[2024-05-30T00:05:54.220+0000] {processor.py:183} INFO - Processing /home/airflow/.local/lib/python3.8/site-packages/airflow/example_dags/example_setup_teardown_taskflow.py took 0.080 seconds
[2024-05-30T00:06:25.396+0000] {processor.py:161} INFO - Started process (PID=3435) to work on /home/airflow/.local/lib/python3.8/site-packages/airflow/example_dags/example_setup_teardown_taskflow.py
[2024-05-30T00:06:25.398+0000] {processor.py:830} INFO - Processing file /home/airflow/.local/lib/python3.8/site-packages/airflow/example_dags/example_setup_teardown_taskflow.py for tasks to queue
[2024-05-30T00:06:25.400+0000] {logging_mixin.py:188} INFO - [2024-05-30T00:06:25.399+0000] {dagbag.py:538} INFO - Filling up the DagBag from /home/airflow/.local/lib/python3.8/site-packages/airflow/example_dags/example_setup_teardown_taskflow.py
[2024-05-30T00:06:25.412+0000] {processor.py:840} INFO - DAG(s) 'example_setup_teardown_taskflow' retrieved from /home/airflow/.local/lib/python3.8/site-packages/airflow/example_dags/example_setup_teardown_taskflow.py
[2024-05-30T00:06:25.438+0000] {logging_mixin.py:188} INFO - [2024-05-30T00:06:25.437+0000] {dag.py:3036} INFO - Sync 1 DAGs
[2024-05-30T00:06:25.573+0000] {logging_mixin.py:188} INFO - [2024-05-30T00:06:25.573+0000] {dag.py:3823} INFO - Setting next_dagrun for example_setup_teardown_taskflow to 2024-05-29 00:00:00+00:00, run_after=2024-05-30 00:00:00+00:00
[2024-05-30T00:06:25.594+0000] {processor.py:183} INFO - Processing /home/airflow/.local/lib/python3.8/site-packages/airflow/example_dags/example_setup_teardown_taskflow.py took 0.202 seconds
[2024-05-30T00:06:55.933+0000] {processor.py:161} INFO - Started process (PID=3494) to work on /home/airflow/.local/lib/python3.8/site-packages/airflow/example_dags/example_setup_teardown_taskflow.py
[2024-05-30T00:06:55.935+0000] {processor.py:830} INFO - Processing file /home/airflow/.local/lib/python3.8/site-packages/airflow/example_dags/example_setup_teardown_taskflow.py for tasks to queue
[2024-05-30T00:06:55.937+0000] {logging_mixin.py:188} INFO - [2024-05-30T00:06:55.936+0000] {dagbag.py:538} INFO - Filling up the DagBag from /home/airflow/.local/lib/python3.8/site-packages/airflow/example_dags/example_setup_teardown_taskflow.py
[2024-05-30T00:06:55.950+0000] {processor.py:840} INFO - DAG(s) 'example_setup_teardown_taskflow' retrieved from /home/airflow/.local/lib/python3.8/site-packages/airflow/example_dags/example_setup_teardown_taskflow.py
[2024-05-30T00:06:55.972+0000] {logging_mixin.py:188} INFO - [2024-05-30T00:06:55.972+0000] {dag.py:3036} INFO - Sync 1 DAGs
[2024-05-30T00:06:55.992+0000] {logging_mixin.py:188} INFO - [2024-05-30T00:06:55.992+0000] {dag.py:3823} INFO - Setting next_dagrun for example_setup_teardown_taskflow to 2024-05-29 00:00:00+00:00, run_after=2024-05-30 00:00:00+00:00
[2024-05-30T00:06:56.016+0000] {processor.py:183} INFO - Processing /home/airflow/.local/lib/python3.8/site-packages/airflow/example_dags/example_setup_teardown_taskflow.py took 0.088 seconds
[2024-05-30T00:07:26.861+0000] {processor.py:161} INFO - Started process (PID=3553) to work on /home/airflow/.local/lib/python3.8/site-packages/airflow/example_dags/example_setup_teardown_taskflow.py
[2024-05-30T00:07:26.862+0000] {processor.py:830} INFO - Processing file /home/airflow/.local/lib/python3.8/site-packages/airflow/example_dags/example_setup_teardown_taskflow.py for tasks to queue
[2024-05-30T00:07:26.863+0000] {logging_mixin.py:188} INFO - [2024-05-30T00:07:26.863+0000] {dagbag.py:538} INFO - Filling up the DagBag from /home/airflow/.local/lib/python3.8/site-packages/airflow/example_dags/example_setup_teardown_taskflow.py
[2024-05-30T00:07:26.874+0000] {processor.py:840} INFO - DAG(s) 'example_setup_teardown_taskflow' retrieved from /home/airflow/.local/lib/python3.8/site-packages/airflow/example_dags/example_setup_teardown_taskflow.py
[2024-05-30T00:07:26.899+0000] {logging_mixin.py:188} INFO - [2024-05-30T00:07:26.899+0000] {dag.py:3036} INFO - Sync 1 DAGs
[2024-05-30T00:07:26.920+0000] {logging_mixin.py:188} INFO - [2024-05-30T00:07:26.919+0000] {dag.py:3823} INFO - Setting next_dagrun for example_setup_teardown_taskflow to 2024-05-29 00:00:00+00:00, run_after=2024-05-30 00:00:00+00:00
[2024-05-30T00:07:26.941+0000] {processor.py:183} INFO - Processing /home/airflow/.local/lib/python3.8/site-packages/airflow/example_dags/example_setup_teardown_taskflow.py took 0.084 seconds
[2024-05-30T00:07:57.286+0000] {processor.py:161} INFO - Started process (PID=3612) to work on /home/airflow/.local/lib/python3.8/site-packages/airflow/example_dags/example_setup_teardown_taskflow.py
[2024-05-30T00:07:57.287+0000] {processor.py:830} INFO - Processing file /home/airflow/.local/lib/python3.8/site-packages/airflow/example_dags/example_setup_teardown_taskflow.py for tasks to queue
[2024-05-30T00:07:57.289+0000] {logging_mixin.py:188} INFO - [2024-05-30T00:07:57.289+0000] {dagbag.py:538} INFO - Filling up the DagBag from /home/airflow/.local/lib/python3.8/site-packages/airflow/example_dags/example_setup_teardown_taskflow.py
[2024-05-30T00:07:57.299+0000] {processor.py:840} INFO - DAG(s) 'example_setup_teardown_taskflow' retrieved from /home/airflow/.local/lib/python3.8/site-packages/airflow/example_dags/example_setup_teardown_taskflow.py
[2024-05-30T00:07:57.322+0000] {logging_mixin.py:188} INFO - [2024-05-30T00:07:57.321+0000] {dag.py:3036} INFO - Sync 1 DAGs
[2024-05-30T00:07:57.343+0000] {logging_mixin.py:188} INFO - [2024-05-30T00:07:57.343+0000] {dag.py:3823} INFO - Setting next_dagrun for example_setup_teardown_taskflow to 2024-05-29 00:00:00+00:00, run_after=2024-05-30 00:00:00+00:00
[2024-05-30T00:07:57.364+0000] {processor.py:183} INFO - Processing /home/airflow/.local/lib/python3.8/site-packages/airflow/example_dags/example_setup_teardown_taskflow.py took 0.081 seconds
[2024-05-30T00:08:27.867+0000] {processor.py:161} INFO - Started process (PID=3671) to work on /home/airflow/.local/lib/python3.8/site-packages/airflow/example_dags/example_setup_teardown_taskflow.py
[2024-05-30T00:08:27.868+0000] {processor.py:830} INFO - Processing file /home/airflow/.local/lib/python3.8/site-packages/airflow/example_dags/example_setup_teardown_taskflow.py for tasks to queue
[2024-05-30T00:08:27.870+0000] {logging_mixin.py:188} INFO - [2024-05-30T00:08:27.869+0000] {dagbag.py:538} INFO - Filling up the DagBag from /home/airflow/.local/lib/python3.8/site-packages/airflow/example_dags/example_setup_teardown_taskflow.py
[2024-05-30T00:08:27.881+0000] {processor.py:840} INFO - DAG(s) 'example_setup_teardown_taskflow' retrieved from /home/airflow/.local/lib/python3.8/site-packages/airflow/example_dags/example_setup_teardown_taskflow.py
[2024-05-30T00:08:27.902+0000] {logging_mixin.py:188} INFO - [2024-05-30T00:08:27.902+0000] {dag.py:3036} INFO - Sync 1 DAGs
[2024-05-30T00:08:27.922+0000] {logging_mixin.py:188} INFO - [2024-05-30T00:08:27.922+0000] {dag.py:3823} INFO - Setting next_dagrun for example_setup_teardown_taskflow to 2024-05-29 00:00:00+00:00, run_after=2024-05-30 00:00:00+00:00
[2024-05-30T00:08:27.944+0000] {processor.py:183} INFO - Processing /home/airflow/.local/lib/python3.8/site-packages/airflow/example_dags/example_setup_teardown_taskflow.py took 0.080 seconds
[2024-05-30T00:08:58.788+0000] {processor.py:161} INFO - Started process (PID=3730) to work on /home/airflow/.local/lib/python3.8/site-packages/airflow/example_dags/example_setup_teardown_taskflow.py
[2024-05-30T00:08:58.790+0000] {processor.py:830} INFO - Processing file /home/airflow/.local/lib/python3.8/site-packages/airflow/example_dags/example_setup_teardown_taskflow.py for tasks to queue
[2024-05-30T00:08:58.792+0000] {logging_mixin.py:188} INFO - [2024-05-30T00:08:58.792+0000] {dagbag.py:538} INFO - Filling up the DagBag from /home/airflow/.local/lib/python3.8/site-packages/airflow/example_dags/example_setup_teardown_taskflow.py
[2024-05-30T00:08:58.807+0000] {processor.py:840} INFO - DAG(s) 'example_setup_teardown_taskflow' retrieved from /home/airflow/.local/lib/python3.8/site-packages/airflow/example_dags/example_setup_teardown_taskflow.py
[2024-05-30T00:08:58.832+0000] {logging_mixin.py:188} INFO - [2024-05-30T00:08:58.832+0000] {dag.py:3036} INFO - Sync 1 DAGs
[2024-05-30T00:08:58.856+0000] {logging_mixin.py:188} INFO - [2024-05-30T00:08:58.855+0000] {dag.py:3823} INFO - Setting next_dagrun for example_setup_teardown_taskflow to 2024-05-29 00:00:00+00:00, run_after=2024-05-30 00:00:00+00:00
[2024-05-30T00:08:58.879+0000] {processor.py:183} INFO - Processing /home/airflow/.local/lib/python3.8/site-packages/airflow/example_dags/example_setup_teardown_taskflow.py took 0.094 seconds
[2024-05-30T00:09:30.028+0000] {processor.py:161} INFO - Started process (PID=3789) to work on /home/airflow/.local/lib/python3.8/site-packages/airflow/example_dags/example_setup_teardown_taskflow.py
[2024-05-30T00:09:30.029+0000] {processor.py:830} INFO - Processing file /home/airflow/.local/lib/python3.8/site-packages/airflow/example_dags/example_setup_teardown_taskflow.py for tasks to queue
[2024-05-30T00:09:30.030+0000] {logging_mixin.py:188} INFO - [2024-05-30T00:09:30.030+0000] {dagbag.py:538} INFO - Filling up the DagBag from /home/airflow/.local/lib/python3.8/site-packages/airflow/example_dags/example_setup_teardown_taskflow.py
[2024-05-30T00:09:30.043+0000] {processor.py:840} INFO - DAG(s) 'example_setup_teardown_taskflow' retrieved from /home/airflow/.local/lib/python3.8/site-packages/airflow/example_dags/example_setup_teardown_taskflow.py
[2024-05-30T00:09:30.064+0000] {logging_mixin.py:188} INFO - [2024-05-30T00:09:30.063+0000] {dag.py:3036} INFO - Sync 1 DAGs
[2024-05-30T00:09:30.086+0000] {logging_mixin.py:188} INFO - [2024-05-30T00:09:30.086+0000] {dag.py:3823} INFO - Setting next_dagrun for example_setup_teardown_taskflow to 2024-05-29 00:00:00+00:00, run_after=2024-05-30 00:00:00+00:00
[2024-05-30T00:09:30.112+0000] {processor.py:183} INFO - Processing /home/airflow/.local/lib/python3.8/site-packages/airflow/example_dags/example_setup_teardown_taskflow.py took 0.088 seconds
[2024-05-30T00:10:00.983+0000] {processor.py:161} INFO - Started process (PID=3848) to work on /home/airflow/.local/lib/python3.8/site-packages/airflow/example_dags/example_setup_teardown_taskflow.py
[2024-05-30T00:10:00.984+0000] {processor.py:830} INFO - Processing file /home/airflow/.local/lib/python3.8/site-packages/airflow/example_dags/example_setup_teardown_taskflow.py for tasks to queue
[2024-05-30T00:10:00.986+0000] {logging_mixin.py:188} INFO - [2024-05-30T00:10:00.985+0000] {dagbag.py:538} INFO - Filling up the DagBag from /home/airflow/.local/lib/python3.8/site-packages/airflow/example_dags/example_setup_teardown_taskflow.py
[2024-05-30T00:10:00.996+0000] {processor.py:840} INFO - DAG(s) 'example_setup_teardown_taskflow' retrieved from /home/airflow/.local/lib/python3.8/site-packages/airflow/example_dags/example_setup_teardown_taskflow.py
[2024-05-30T00:10:01.019+0000] {logging_mixin.py:188} INFO - [2024-05-30T00:10:01.019+0000] {dag.py:3036} INFO - Sync 1 DAGs
[2024-05-30T00:10:01.042+0000] {logging_mixin.py:188} INFO - [2024-05-30T00:10:01.041+0000] {dag.py:3823} INFO - Setting next_dagrun for example_setup_teardown_taskflow to 2024-05-29 00:00:00+00:00, run_after=2024-05-30 00:00:00+00:00
[2024-05-30T00:10:01.067+0000] {processor.py:183} INFO - Processing /home/airflow/.local/lib/python3.8/site-packages/airflow/example_dags/example_setup_teardown_taskflow.py took 0.087 seconds
[2024-05-30T00:10:31.539+0000] {processor.py:161} INFO - Started process (PID=3907) to work on /home/airflow/.local/lib/python3.8/site-packages/airflow/example_dags/example_setup_teardown_taskflow.py
[2024-05-30T00:10:31.541+0000] {processor.py:830} INFO - Processing file /home/airflow/.local/lib/python3.8/site-packages/airflow/example_dags/example_setup_teardown_taskflow.py for tasks to queue
[2024-05-30T00:10:31.542+0000] {logging_mixin.py:188} INFO - [2024-05-30T00:10:31.542+0000] {dagbag.py:538} INFO - Filling up the DagBag from /home/airflow/.local/lib/python3.8/site-packages/airflow/example_dags/example_setup_teardown_taskflow.py
[2024-05-30T00:10:31.552+0000] {processor.py:840} INFO - DAG(s) 'example_setup_teardown_taskflow' retrieved from /home/airflow/.local/lib/python3.8/site-packages/airflow/example_dags/example_setup_teardown_taskflow.py
[2024-05-30T00:10:31.576+0000] {logging_mixin.py:188} INFO - [2024-05-30T00:10:31.575+0000] {dag.py:3036} INFO - Sync 1 DAGs
[2024-05-30T00:10:31.598+0000] {logging_mixin.py:188} INFO - [2024-05-30T00:10:31.598+0000] {dag.py:3823} INFO - Setting next_dagrun for example_setup_teardown_taskflow to 2024-05-29 00:00:00+00:00, run_after=2024-05-30 00:00:00+00:00
[2024-05-30T00:10:31.621+0000] {processor.py:183} INFO - Processing /home/airflow/.local/lib/python3.8/site-packages/airflow/example_dags/example_setup_teardown_taskflow.py took 0.085 seconds
[2024-05-30T00:11:02.427+0000] {processor.py:161} INFO - Started process (PID=3966) to work on /home/airflow/.local/lib/python3.8/site-packages/airflow/example_dags/example_setup_teardown_taskflow.py
[2024-05-30T00:11:02.428+0000] {processor.py:830} INFO - Processing file /home/airflow/.local/lib/python3.8/site-packages/airflow/example_dags/example_setup_teardown_taskflow.py for tasks to queue
[2024-05-30T00:11:02.430+0000] {logging_mixin.py:188} INFO - [2024-05-30T00:11:02.429+0000] {dagbag.py:538} INFO - Filling up the DagBag from /home/airflow/.local/lib/python3.8/site-packages/airflow/example_dags/example_setup_teardown_taskflow.py
[2024-05-30T00:11:02.439+0000] {processor.py:840} INFO - DAG(s) 'example_setup_teardown_taskflow' retrieved from /home/airflow/.local/lib/python3.8/site-packages/airflow/example_dags/example_setup_teardown_taskflow.py
[2024-05-30T00:11:02.466+0000] {logging_mixin.py:188} INFO - [2024-05-30T00:11:02.465+0000] {dag.py:3036} INFO - Sync 1 DAGs
[2024-05-30T00:11:02.495+0000] {logging_mixin.py:188} INFO - [2024-05-30T00:11:02.495+0000] {dag.py:3823} INFO - Setting next_dagrun for example_setup_teardown_taskflow to 2024-05-29 00:00:00+00:00, run_after=2024-05-30 00:00:00+00:00
[2024-05-30T00:11:02.519+0000] {processor.py:183} INFO - Processing /home/airflow/.local/lib/python3.8/site-packages/airflow/example_dags/example_setup_teardown_taskflow.py took 0.096 seconds
[2024-05-30T00:11:32.618+0000] {processor.py:161} INFO - Started process (PID=4024) to work on /home/airflow/.local/lib/python3.8/site-packages/airflow/example_dags/example_setup_teardown_taskflow.py
[2024-05-30T00:11:32.619+0000] {processor.py:830} INFO - Processing file /home/airflow/.local/lib/python3.8/site-packages/airflow/example_dags/example_setup_teardown_taskflow.py for tasks to queue
[2024-05-30T00:11:32.620+0000] {logging_mixin.py:188} INFO - [2024-05-30T00:11:32.619+0000] {dagbag.py:538} INFO - Filling up the DagBag from /home/airflow/.local/lib/python3.8/site-packages/airflow/example_dags/example_setup_teardown_taskflow.py
[2024-05-30T00:11:32.629+0000] {processor.py:840} INFO - DAG(s) 'example_setup_teardown_taskflow' retrieved from /home/airflow/.local/lib/python3.8/site-packages/airflow/example_dags/example_setup_teardown_taskflow.py
[2024-05-30T00:11:32.652+0000] {logging_mixin.py:188} INFO - [2024-05-30T00:11:32.651+0000] {dag.py:3036} INFO - Sync 1 DAGs
[2024-05-30T00:11:32.673+0000] {logging_mixin.py:188} INFO - [2024-05-30T00:11:32.673+0000] {dag.py:3823} INFO - Setting next_dagrun for example_setup_teardown_taskflow to 2024-05-29 00:00:00+00:00, run_after=2024-05-30 00:00:00+00:00
[2024-05-30T00:11:32.697+0000] {processor.py:183} INFO - Processing /home/airflow/.local/lib/python3.8/site-packages/airflow/example_dags/example_setup_teardown_taskflow.py took 0.083 seconds
[2024-05-30T00:12:03.776+0000] {processor.py:161} INFO - Started process (PID=4084) to work on /home/airflow/.local/lib/python3.8/site-packages/airflow/example_dags/example_setup_teardown_taskflow.py
[2024-05-30T00:12:03.777+0000] {processor.py:830} INFO - Processing file /home/airflow/.local/lib/python3.8/site-packages/airflow/example_dags/example_setup_teardown_taskflow.py for tasks to queue
[2024-05-30T00:12:03.778+0000] {logging_mixin.py:188} INFO - [2024-05-30T00:12:03.778+0000] {dagbag.py:538} INFO - Filling up the DagBag from /home/airflow/.local/lib/python3.8/site-packages/airflow/example_dags/example_setup_teardown_taskflow.py
[2024-05-30T00:12:03.789+0000] {processor.py:840} INFO - DAG(s) 'example_setup_teardown_taskflow' retrieved from /home/airflow/.local/lib/python3.8/site-packages/airflow/example_dags/example_setup_teardown_taskflow.py
[2024-05-30T00:12:03.814+0000] {logging_mixin.py:188} INFO - [2024-05-30T00:12:03.813+0000] {dag.py:3036} INFO - Sync 1 DAGs
[2024-05-30T00:12:03.834+0000] {logging_mixin.py:188} INFO - [2024-05-30T00:12:03.834+0000] {dag.py:3823} INFO - Setting next_dagrun for example_setup_teardown_taskflow to 2024-05-29 00:00:00+00:00, run_after=2024-05-30 00:00:00+00:00
[2024-05-30T00:12:03.856+0000] {processor.py:183} INFO - Processing /home/airflow/.local/lib/python3.8/site-packages/airflow/example_dags/example_setup_teardown_taskflow.py took 0.084 seconds
[2024-05-30T00:12:34.354+0000] {processor.py:161} INFO - Started process (PID=4143) to work on /home/airflow/.local/lib/python3.8/site-packages/airflow/example_dags/example_setup_teardown_taskflow.py
[2024-05-30T00:12:34.355+0000] {processor.py:830} INFO - Processing file /home/airflow/.local/lib/python3.8/site-packages/airflow/example_dags/example_setup_teardown_taskflow.py for tasks to queue
[2024-05-30T00:12:34.357+0000] {logging_mixin.py:188} INFO - [2024-05-30T00:12:34.356+0000] {dagbag.py:538} INFO - Filling up the DagBag from /home/airflow/.local/lib/python3.8/site-packages/airflow/example_dags/example_setup_teardown_taskflow.py
[2024-05-30T00:12:34.366+0000] {processor.py:840} INFO - DAG(s) 'example_setup_teardown_taskflow' retrieved from /home/airflow/.local/lib/python3.8/site-packages/airflow/example_dags/example_setup_teardown_taskflow.py
[2024-05-30T00:12:34.388+0000] {logging_mixin.py:188} INFO - [2024-05-30T00:12:34.388+0000] {dag.py:3036} INFO - Sync 1 DAGs
[2024-05-30T00:12:34.410+0000] {logging_mixin.py:188} INFO - [2024-05-30T00:12:34.410+0000] {dag.py:3823} INFO - Setting next_dagrun for example_setup_teardown_taskflow to 2024-05-29 00:00:00+00:00, run_after=2024-05-30 00:00:00+00:00
[2024-05-30T00:12:34.429+0000] {processor.py:183} INFO - Processing /home/airflow/.local/lib/python3.8/site-packages/airflow/example_dags/example_setup_teardown_taskflow.py took 0.078 seconds
[2024-05-30T00:13:05.148+0000] {processor.py:161} INFO - Started process (PID=4202) to work on /home/airflow/.local/lib/python3.8/site-packages/airflow/example_dags/example_setup_teardown_taskflow.py
[2024-05-30T00:13:05.149+0000] {processor.py:830} INFO - Processing file /home/airflow/.local/lib/python3.8/site-packages/airflow/example_dags/example_setup_teardown_taskflow.py for tasks to queue
[2024-05-30T00:13:05.150+0000] {logging_mixin.py:188} INFO - [2024-05-30T00:13:05.150+0000] {dagbag.py:538} INFO - Filling up the DagBag from /home/airflow/.local/lib/python3.8/site-packages/airflow/example_dags/example_setup_teardown_taskflow.py
[2024-05-30T00:13:05.160+0000] {processor.py:840} INFO - DAG(s) 'example_setup_teardown_taskflow' retrieved from /home/airflow/.local/lib/python3.8/site-packages/airflow/example_dags/example_setup_teardown_taskflow.py
[2024-05-30T00:13:05.181+0000] {logging_mixin.py:188} INFO - [2024-05-30T00:13:05.181+0000] {dag.py:3036} INFO - Sync 1 DAGs
[2024-05-30T00:13:05.202+0000] {logging_mixin.py:188} INFO - [2024-05-30T00:13:05.201+0000] {dag.py:3823} INFO - Setting next_dagrun for example_setup_teardown_taskflow to 2024-05-29 00:00:00+00:00, run_after=2024-05-30 00:00:00+00:00
[2024-05-30T00:13:05.220+0000] {processor.py:183} INFO - Processing /home/airflow/.local/lib/python3.8/site-packages/airflow/example_dags/example_setup_teardown_taskflow.py took 0.075 seconds
[2024-05-30T00:13:35.804+0000] {processor.py:161} INFO - Started process (PID=4261) to work on /home/airflow/.local/lib/python3.8/site-packages/airflow/example_dags/example_setup_teardown_taskflow.py
[2024-05-30T00:13:35.805+0000] {processor.py:830} INFO - Processing file /home/airflow/.local/lib/python3.8/site-packages/airflow/example_dags/example_setup_teardown_taskflow.py for tasks to queue
[2024-05-30T00:13:35.807+0000] {logging_mixin.py:188} INFO - [2024-05-30T00:13:35.806+0000] {dagbag.py:538} INFO - Filling up the DagBag from /home/airflow/.local/lib/python3.8/site-packages/airflow/example_dags/example_setup_teardown_taskflow.py
[2024-05-30T00:13:35.817+0000] {processor.py:840} INFO - DAG(s) 'example_setup_teardown_taskflow' retrieved from /home/airflow/.local/lib/python3.8/site-packages/airflow/example_dags/example_setup_teardown_taskflow.py
[2024-05-30T00:13:35.838+0000] {logging_mixin.py:188} INFO - [2024-05-30T00:13:35.837+0000] {dag.py:3036} INFO - Sync 1 DAGs
[2024-05-30T00:13:35.858+0000] {logging_mixin.py:188} INFO - [2024-05-30T00:13:35.858+0000] {dag.py:3823} INFO - Setting next_dagrun for example_setup_teardown_taskflow to 2024-05-29 00:00:00+00:00, run_after=2024-05-30 00:00:00+00:00
[2024-05-30T00:13:35.879+0000] {processor.py:183} INFO - Processing /home/airflow/.local/lib/python3.8/site-packages/airflow/example_dags/example_setup_teardown_taskflow.py took 0.077 seconds
[2024-05-30T00:14:06.533+0000] {processor.py:161} INFO - Started process (PID=4320) to work on /home/airflow/.local/lib/python3.8/site-packages/airflow/example_dags/example_setup_teardown_taskflow.py
[2024-05-30T00:14:06.534+0000] {processor.py:830} INFO - Processing file /home/airflow/.local/lib/python3.8/site-packages/airflow/example_dags/example_setup_teardown_taskflow.py for tasks to queue
[2024-05-30T00:14:06.535+0000] {logging_mixin.py:188} INFO - [2024-05-30T00:14:06.535+0000] {dagbag.py:538} INFO - Filling up the DagBag from /home/airflow/.local/lib/python3.8/site-packages/airflow/example_dags/example_setup_teardown_taskflow.py
[2024-05-30T00:14:06.544+0000] {processor.py:840} INFO - DAG(s) 'example_setup_teardown_taskflow' retrieved from /home/airflow/.local/lib/python3.8/site-packages/airflow/example_dags/example_setup_teardown_taskflow.py
[2024-05-30T00:14:06.565+0000] {logging_mixin.py:188} INFO - [2024-05-30T00:14:06.565+0000] {dag.py:3036} INFO - Sync 1 DAGs
[2024-05-30T00:14:06.586+0000] {logging_mixin.py:188} INFO - [2024-05-30T00:14:06.586+0000] {dag.py:3823} INFO - Setting next_dagrun for example_setup_teardown_taskflow to 2024-05-29 00:00:00+00:00, run_after=2024-05-30 00:00:00+00:00
[2024-05-30T00:14:06.606+0000] {processor.py:183} INFO - Processing /home/airflow/.local/lib/python3.8/site-packages/airflow/example_dags/example_setup_teardown_taskflow.py took 0.077 seconds
[2024-05-30T00:21:13.921+0000] {processor.py:161} INFO - Started process (PID=5146) to work on /home/airflow/.local/lib/python3.8/site-packages/airflow/example_dags/example_setup_teardown_taskflow.py
[2024-05-30T00:21:13.923+0000] {processor.py:830} INFO - Processing file /home/airflow/.local/lib/python3.8/site-packages/airflow/example_dags/example_setup_teardown_taskflow.py for tasks to queue
[2024-05-30T00:21:13.925+0000] {logging_mixin.py:188} INFO - [2024-05-30T00:21:13.924+0000] {dagbag.py:538} INFO - Filling up the DagBag from /home/airflow/.local/lib/python3.8/site-packages/airflow/example_dags/example_setup_teardown_taskflow.py
[2024-05-30T00:21:13.949+0000] {processor.py:840} INFO - DAG(s) 'example_setup_teardown_taskflow' retrieved from /home/airflow/.local/lib/python3.8/site-packages/airflow/example_dags/example_setup_teardown_taskflow.py
[2024-05-30T00:21:13.983+0000] {logging_mixin.py:188} INFO - [2024-05-30T00:21:13.982+0000] {dag.py:3036} INFO - Sync 1 DAGs
[2024-05-30T00:21:14.018+0000] {logging_mixin.py:188} INFO - [2024-05-30T00:21:14.018+0000] {dag.py:3823} INFO - Setting next_dagrun for example_setup_teardown_taskflow to 2024-05-29 00:00:00+00:00, run_after=2024-05-30 00:00:00+00:00
[2024-05-30T00:21:14.040+0000] {processor.py:183} INFO - Processing /home/airflow/.local/lib/python3.8/site-packages/airflow/example_dags/example_setup_teardown_taskflow.py took 0.125 seconds
[2024-05-30T00:21:44.212+0000] {processor.py:161} INFO - Started process (PID=5206) to work on /home/airflow/.local/lib/python3.8/site-packages/airflow/example_dags/example_setup_teardown_taskflow.py
[2024-05-30T00:21:44.214+0000] {processor.py:830} INFO - Processing file /home/airflow/.local/lib/python3.8/site-packages/airflow/example_dags/example_setup_teardown_taskflow.py for tasks to queue
[2024-05-30T00:21:44.215+0000] {logging_mixin.py:188} INFO - [2024-05-30T00:21:44.215+0000] {dagbag.py:538} INFO - Filling up the DagBag from /home/airflow/.local/lib/python3.8/site-packages/airflow/example_dags/example_setup_teardown_taskflow.py
[2024-05-30T00:21:44.228+0000] {processor.py:840} INFO - DAG(s) 'example_setup_teardown_taskflow' retrieved from /home/airflow/.local/lib/python3.8/site-packages/airflow/example_dags/example_setup_teardown_taskflow.py
[2024-05-30T00:21:44.254+0000] {logging_mixin.py:188} INFO - [2024-05-30T00:21:44.254+0000] {dag.py:3036} INFO - Sync 1 DAGs
[2024-05-30T00:21:44.276+0000] {logging_mixin.py:188} INFO - [2024-05-30T00:21:44.276+0000] {dag.py:3823} INFO - Setting next_dagrun for example_setup_teardown_taskflow to 2024-05-29 00:00:00+00:00, run_after=2024-05-30 00:00:00+00:00
[2024-05-30T00:21:44.297+0000] {processor.py:183} INFO - Processing /home/airflow/.local/lib/python3.8/site-packages/airflow/example_dags/example_setup_teardown_taskflow.py took 0.087 seconds
