[2024-05-30T00:00:14.141+0000] {processor.py:161} INFO - Started process (PID=2733) to work on /home/airflow/.local/lib/python3.8/site-packages/airflow/example_dags/tutorial_dag.py
[2024-05-30T00:00:14.142+0000] {processor.py:830} INFO - Processing file /home/airflow/.local/lib/python3.8/site-packages/airflow/example_dags/tutorial_dag.py for tasks to queue
[2024-05-30T00:00:14.143+0000] {logging_mixin.py:188} INFO - [2024-05-30T00:00:14.143+0000] {dagbag.py:538} INFO - Filling up the DagBag from /home/airflow/.local/lib/python3.8/site-packages/airflow/example_dags/tutorial_dag.py
[2024-05-30T00:00:14.150+0000] {processor.py:840} INFO - DAG(s) 'tutorial_dag' retrieved from /home/airflow/.local/lib/python3.8/site-packages/airflow/example_dags/tutorial_dag.py
[2024-05-30T00:00:14.178+0000] {logging_mixin.py:188} INFO - [2024-05-30T00:00:14.178+0000] {dag.py:3036} INFO - Sync 1 DAGs
[2024-05-30T00:00:14.192+0000] {logging_mixin.py:188} INFO - [2024-05-30T00:00:14.192+0000] {dag.py:3823} INFO - Setting next_dagrun for tutorial_dag to None, run_after=None
[2024-05-30T00:00:14.215+0000] {processor.py:183} INFO - Processing /home/airflow/.local/lib/python3.8/site-packages/airflow/example_dags/tutorial_dag.py took 0.077 seconds
[2024-05-30T00:00:45.778+0000] {processor.py:161} INFO - Started process (PID=2792) to work on /home/airflow/.local/lib/python3.8/site-packages/airflow/example_dags/tutorial_dag.py
[2024-05-30T00:00:45.779+0000] {processor.py:830} INFO - Processing file /home/airflow/.local/lib/python3.8/site-packages/airflow/example_dags/tutorial_dag.py for tasks to queue
[2024-05-30T00:00:45.781+0000] {logging_mixin.py:188} INFO - [2024-05-30T00:00:45.780+0000] {dagbag.py:538} INFO - Filling up the DagBag from /home/airflow/.local/lib/python3.8/site-packages/airflow/example_dags/tutorial_dag.py
[2024-05-30T00:00:45.789+0000] {processor.py:840} INFO - DAG(s) 'tutorial_dag' retrieved from /home/airflow/.local/lib/python3.8/site-packages/airflow/example_dags/tutorial_dag.py
[2024-05-30T00:00:45.828+0000] {logging_mixin.py:188} INFO - [2024-05-30T00:00:45.828+0000] {dag.py:3036} INFO - Sync 1 DAGs
[2024-05-30T00:00:45.847+0000] {logging_mixin.py:188} INFO - [2024-05-30T00:00:45.847+0000] {dag.py:3823} INFO - Setting next_dagrun for tutorial_dag to None, run_after=None
[2024-05-30T00:00:45.884+0000] {processor.py:183} INFO - Processing /home/airflow/.local/lib/python3.8/site-packages/airflow/example_dags/tutorial_dag.py took 0.115 seconds
[2024-05-30T00:01:16.361+0000] {processor.py:161} INFO - Started process (PID=2851) to work on /home/airflow/.local/lib/python3.8/site-packages/airflow/example_dags/tutorial_dag.py
[2024-05-30T00:01:16.362+0000] {processor.py:830} INFO - Processing file /home/airflow/.local/lib/python3.8/site-packages/airflow/example_dags/tutorial_dag.py for tasks to queue
[2024-05-30T00:01:16.364+0000] {logging_mixin.py:188} INFO - [2024-05-30T00:01:16.363+0000] {dagbag.py:538} INFO - Filling up the DagBag from /home/airflow/.local/lib/python3.8/site-packages/airflow/example_dags/tutorial_dag.py
[2024-05-30T00:01:16.372+0000] {processor.py:840} INFO - DAG(s) 'tutorial_dag' retrieved from /home/airflow/.local/lib/python3.8/site-packages/airflow/example_dags/tutorial_dag.py
[2024-05-30T00:01:16.402+0000] {logging_mixin.py:188} INFO - [2024-05-30T00:01:16.402+0000] {dag.py:3036} INFO - Sync 1 DAGs
[2024-05-30T00:01:16.420+0000] {logging_mixin.py:188} INFO - [2024-05-30T00:01:16.420+0000] {dag.py:3823} INFO - Setting next_dagrun for tutorial_dag to None, run_after=None
[2024-05-30T00:01:16.451+0000] {processor.py:183} INFO - Processing /home/airflow/.local/lib/python3.8/site-packages/airflow/example_dags/tutorial_dag.py took 0.095 seconds
[2024-05-30T00:01:46.860+0000] {processor.py:161} INFO - Started process (PID=2910) to work on /home/airflow/.local/lib/python3.8/site-packages/airflow/example_dags/tutorial_dag.py
[2024-05-30T00:01:46.861+0000] {processor.py:830} INFO - Processing file /home/airflow/.local/lib/python3.8/site-packages/airflow/example_dags/tutorial_dag.py for tasks to queue
[2024-05-30T00:01:46.863+0000] {logging_mixin.py:188} INFO - [2024-05-30T00:01:46.862+0000] {dagbag.py:538} INFO - Filling up the DagBag from /home/airflow/.local/lib/python3.8/site-packages/airflow/example_dags/tutorial_dag.py
[2024-05-30T00:01:46.868+0000] {processor.py:840} INFO - DAG(s) 'tutorial_dag' retrieved from /home/airflow/.local/lib/python3.8/site-packages/airflow/example_dags/tutorial_dag.py
[2024-05-30T00:01:46.892+0000] {logging_mixin.py:188} INFO - [2024-05-30T00:01:46.892+0000] {dag.py:3036} INFO - Sync 1 DAGs
[2024-05-30T00:01:46.906+0000] {logging_mixin.py:188} INFO - [2024-05-30T00:01:46.906+0000] {dag.py:3823} INFO - Setting next_dagrun for tutorial_dag to None, run_after=None
[2024-05-30T00:01:46.935+0000] {processor.py:183} INFO - Processing /home/airflow/.local/lib/python3.8/site-packages/airflow/example_dags/tutorial_dag.py took 0.078 seconds
[2024-05-30T00:02:17.814+0000] {processor.py:161} INFO - Started process (PID=2969) to work on /home/airflow/.local/lib/python3.8/site-packages/airflow/example_dags/tutorial_dag.py
[2024-05-30T00:02:17.815+0000] {processor.py:830} INFO - Processing file /home/airflow/.local/lib/python3.8/site-packages/airflow/example_dags/tutorial_dag.py for tasks to queue
[2024-05-30T00:02:17.816+0000] {logging_mixin.py:188} INFO - [2024-05-30T00:02:17.816+0000] {dagbag.py:538} INFO - Filling up the DagBag from /home/airflow/.local/lib/python3.8/site-packages/airflow/example_dags/tutorial_dag.py
[2024-05-30T00:02:17.822+0000] {processor.py:840} INFO - DAG(s) 'tutorial_dag' retrieved from /home/airflow/.local/lib/python3.8/site-packages/airflow/example_dags/tutorial_dag.py
[2024-05-30T00:02:17.844+0000] {logging_mixin.py:188} INFO - [2024-05-30T00:02:17.843+0000] {dag.py:3036} INFO - Sync 1 DAGs
[2024-05-30T00:02:17.856+0000] {logging_mixin.py:188} INFO - [2024-05-30T00:02:17.856+0000] {dag.py:3823} INFO - Setting next_dagrun for tutorial_dag to None, run_after=None
[2024-05-30T00:02:17.876+0000] {processor.py:183} INFO - Processing /home/airflow/.local/lib/python3.8/site-packages/airflow/example_dags/tutorial_dag.py took 0.066 seconds
[2024-05-30T00:02:49.894+0000] {processor.py:161} INFO - Started process (PID=3028) to work on /home/airflow/.local/lib/python3.8/site-packages/airflow/example_dags/tutorial_dag.py
[2024-05-30T00:02:49.895+0000] {processor.py:830} INFO - Processing file /home/airflow/.local/lib/python3.8/site-packages/airflow/example_dags/tutorial_dag.py for tasks to queue
[2024-05-30T00:02:49.897+0000] {logging_mixin.py:188} INFO - [2024-05-30T00:02:49.897+0000] {dagbag.py:538} INFO - Filling up the DagBag from /home/airflow/.local/lib/python3.8/site-packages/airflow/example_dags/tutorial_dag.py
[2024-05-30T00:02:49.903+0000] {processor.py:840} INFO - DAG(s) 'tutorial_dag' retrieved from /home/airflow/.local/lib/python3.8/site-packages/airflow/example_dags/tutorial_dag.py
[2024-05-30T00:02:49.927+0000] {logging_mixin.py:188} INFO - [2024-05-30T00:02:49.927+0000] {dag.py:3036} INFO - Sync 1 DAGs
[2024-05-30T00:02:49.953+0000] {logging_mixin.py:188} INFO - [2024-05-30T00:02:49.953+0000] {dag.py:3823} INFO - Setting next_dagrun for tutorial_dag to None, run_after=None
[2024-05-30T00:02:49.981+0000] {processor.py:183} INFO - Processing /home/airflow/.local/lib/python3.8/site-packages/airflow/example_dags/tutorial_dag.py took 0.090 seconds
[2024-05-30T00:03:20.136+0000] {processor.py:161} INFO - Started process (PID=3087) to work on /home/airflow/.local/lib/python3.8/site-packages/airflow/example_dags/tutorial_dag.py
[2024-05-30T00:03:20.137+0000] {processor.py:830} INFO - Processing file /home/airflow/.local/lib/python3.8/site-packages/airflow/example_dags/tutorial_dag.py for tasks to queue
[2024-05-30T00:03:20.138+0000] {logging_mixin.py:188} INFO - [2024-05-30T00:03:20.138+0000] {dagbag.py:538} INFO - Filling up the DagBag from /home/airflow/.local/lib/python3.8/site-packages/airflow/example_dags/tutorial_dag.py
[2024-05-30T00:03:20.144+0000] {processor.py:840} INFO - DAG(s) 'tutorial_dag' retrieved from /home/airflow/.local/lib/python3.8/site-packages/airflow/example_dags/tutorial_dag.py
[2024-05-30T00:03:20.164+0000] {logging_mixin.py:188} INFO - [2024-05-30T00:03:20.164+0000] {dag.py:3036} INFO - Sync 1 DAGs
[2024-05-30T00:03:20.176+0000] {logging_mixin.py:188} INFO - [2024-05-30T00:03:20.175+0000] {dag.py:3823} INFO - Setting next_dagrun for tutorial_dag to None, run_after=None
[2024-05-30T00:03:20.197+0000] {processor.py:183} INFO - Processing /home/airflow/.local/lib/python3.8/site-packages/airflow/example_dags/tutorial_dag.py took 0.064 seconds
[2024-05-30T00:03:51.126+0000] {processor.py:161} INFO - Started process (PID=3146) to work on /home/airflow/.local/lib/python3.8/site-packages/airflow/example_dags/tutorial_dag.py
[2024-05-30T00:03:51.127+0000] {processor.py:830} INFO - Processing file /home/airflow/.local/lib/python3.8/site-packages/airflow/example_dags/tutorial_dag.py for tasks to queue
[2024-05-30T00:03:51.128+0000] {logging_mixin.py:188} INFO - [2024-05-30T00:03:51.128+0000] {dagbag.py:538} INFO - Filling up the DagBag from /home/airflow/.local/lib/python3.8/site-packages/airflow/example_dags/tutorial_dag.py
[2024-05-30T00:03:51.134+0000] {processor.py:840} INFO - DAG(s) 'tutorial_dag' retrieved from /home/airflow/.local/lib/python3.8/site-packages/airflow/example_dags/tutorial_dag.py
[2024-05-30T00:03:51.155+0000] {logging_mixin.py:188} INFO - [2024-05-30T00:03:51.155+0000] {dag.py:3036} INFO - Sync 1 DAGs
[2024-05-30T00:03:51.167+0000] {logging_mixin.py:188} INFO - [2024-05-30T00:03:51.167+0000] {dag.py:3823} INFO - Setting next_dagrun for tutorial_dag to None, run_after=None
[2024-05-30T00:03:51.188+0000] {processor.py:183} INFO - Processing /home/airflow/.local/lib/python3.8/site-packages/airflow/example_dags/tutorial_dag.py took 0.065 seconds
[2024-05-30T00:04:21.961+0000] {processor.py:161} INFO - Started process (PID=3205) to work on /home/airflow/.local/lib/python3.8/site-packages/airflow/example_dags/tutorial_dag.py
[2024-05-30T00:04:21.962+0000] {processor.py:830} INFO - Processing file /home/airflow/.local/lib/python3.8/site-packages/airflow/example_dags/tutorial_dag.py for tasks to queue
[2024-05-30T00:04:21.963+0000] {logging_mixin.py:188} INFO - [2024-05-30T00:04:21.963+0000] {dagbag.py:538} INFO - Filling up the DagBag from /home/airflow/.local/lib/python3.8/site-packages/airflow/example_dags/tutorial_dag.py
[2024-05-30T00:04:21.969+0000] {processor.py:840} INFO - DAG(s) 'tutorial_dag' retrieved from /home/airflow/.local/lib/python3.8/site-packages/airflow/example_dags/tutorial_dag.py
[2024-05-30T00:04:21.989+0000] {logging_mixin.py:188} INFO - [2024-05-30T00:04:21.989+0000] {dag.py:3036} INFO - Sync 1 DAGs
[2024-05-30T00:04:22.114+0000] {logging_mixin.py:188} INFO - [2024-05-30T00:04:22.114+0000] {dag.py:3823} INFO - Setting next_dagrun for tutorial_dag to None, run_after=None
[2024-05-30T00:04:22.135+0000] {processor.py:183} INFO - Processing /home/airflow/.local/lib/python3.8/site-packages/airflow/example_dags/tutorial_dag.py took 0.177 seconds
[2024-05-30T00:04:52.536+0000] {processor.py:161} INFO - Started process (PID=3264) to work on /home/airflow/.local/lib/python3.8/site-packages/airflow/example_dags/tutorial_dag.py
[2024-05-30T00:04:52.537+0000] {processor.py:830} INFO - Processing file /home/airflow/.local/lib/python3.8/site-packages/airflow/example_dags/tutorial_dag.py for tasks to queue
[2024-05-30T00:04:52.538+0000] {logging_mixin.py:188} INFO - [2024-05-30T00:04:52.538+0000] {dagbag.py:538} INFO - Filling up the DagBag from /home/airflow/.local/lib/python3.8/site-packages/airflow/example_dags/tutorial_dag.py
[2024-05-30T00:04:52.544+0000] {processor.py:840} INFO - DAG(s) 'tutorial_dag' retrieved from /home/airflow/.local/lib/python3.8/site-packages/airflow/example_dags/tutorial_dag.py
[2024-05-30T00:04:52.564+0000] {logging_mixin.py:188} INFO - [2024-05-30T00:04:52.564+0000] {dag.py:3036} INFO - Sync 1 DAGs
[2024-05-30T00:04:52.576+0000] {logging_mixin.py:188} INFO - [2024-05-30T00:04:52.576+0000] {dag.py:3823} INFO - Setting next_dagrun for tutorial_dag to None, run_after=None
[2024-05-30T00:04:52.597+0000] {processor.py:183} INFO - Processing /home/airflow/.local/lib/python3.8/site-packages/airflow/example_dags/tutorial_dag.py took 0.065 seconds
[2024-05-30T00:05:23.404+0000] {processor.py:161} INFO - Started process (PID=3323) to work on /home/airflow/.local/lib/python3.8/site-packages/airflow/example_dags/tutorial_dag.py
[2024-05-30T00:05:23.405+0000] {processor.py:830} INFO - Processing file /home/airflow/.local/lib/python3.8/site-packages/airflow/example_dags/tutorial_dag.py for tasks to queue
[2024-05-30T00:05:23.406+0000] {logging_mixin.py:188} INFO - [2024-05-30T00:05:23.406+0000] {dagbag.py:538} INFO - Filling up the DagBag from /home/airflow/.local/lib/python3.8/site-packages/airflow/example_dags/tutorial_dag.py
[2024-05-30T00:05:23.412+0000] {processor.py:840} INFO - DAG(s) 'tutorial_dag' retrieved from /home/airflow/.local/lib/python3.8/site-packages/airflow/example_dags/tutorial_dag.py
[2024-05-30T00:05:23.434+0000] {logging_mixin.py:188} INFO - [2024-05-30T00:05:23.434+0000] {dag.py:3036} INFO - Sync 1 DAGs
[2024-05-30T00:05:23.447+0000] {logging_mixin.py:188} INFO - [2024-05-30T00:05:23.446+0000] {dag.py:3823} INFO - Setting next_dagrun for tutorial_dag to None, run_after=None
[2024-05-30T00:05:23.471+0000] {processor.py:183} INFO - Processing /home/airflow/.local/lib/python3.8/site-packages/airflow/example_dags/tutorial_dag.py took 0.071 seconds
[2024-05-30T00:05:54.530+0000] {processor.py:161} INFO - Started process (PID=3382) to work on /home/airflow/.local/lib/python3.8/site-packages/airflow/example_dags/tutorial_dag.py
[2024-05-30T00:05:54.531+0000] {processor.py:830} INFO - Processing file /home/airflow/.local/lib/python3.8/site-packages/airflow/example_dags/tutorial_dag.py for tasks to queue
[2024-05-30T00:05:54.532+0000] {logging_mixin.py:188} INFO - [2024-05-30T00:05:54.532+0000] {dagbag.py:538} INFO - Filling up the DagBag from /home/airflow/.local/lib/python3.8/site-packages/airflow/example_dags/tutorial_dag.py
[2024-05-30T00:05:54.538+0000] {processor.py:840} INFO - DAG(s) 'tutorial_dag' retrieved from /home/airflow/.local/lib/python3.8/site-packages/airflow/example_dags/tutorial_dag.py
[2024-05-30T00:05:54.560+0000] {logging_mixin.py:188} INFO - [2024-05-30T00:05:54.560+0000] {dag.py:3036} INFO - Sync 1 DAGs
[2024-05-30T00:05:54.572+0000] {logging_mixin.py:188} INFO - [2024-05-30T00:05:54.572+0000] {dag.py:3823} INFO - Setting next_dagrun for tutorial_dag to None, run_after=None
[2024-05-30T00:05:54.592+0000] {processor.py:183} INFO - Processing /home/airflow/.local/lib/python3.8/site-packages/airflow/example_dags/tutorial_dag.py took 0.065 seconds
[2024-05-30T00:06:26.121+0000] {processor.py:161} INFO - Started process (PID=3441) to work on /home/airflow/.local/lib/python3.8/site-packages/airflow/example_dags/tutorial_dag.py
[2024-05-30T00:06:26.122+0000] {processor.py:830} INFO - Processing file /home/airflow/.local/lib/python3.8/site-packages/airflow/example_dags/tutorial_dag.py for tasks to queue
[2024-05-30T00:06:26.124+0000] {logging_mixin.py:188} INFO - [2024-05-30T00:06:26.124+0000] {dagbag.py:538} INFO - Filling up the DagBag from /home/airflow/.local/lib/python3.8/site-packages/airflow/example_dags/tutorial_dag.py
[2024-05-30T00:06:26.129+0000] {processor.py:840} INFO - DAG(s) 'tutorial_dag' retrieved from /home/airflow/.local/lib/python3.8/site-packages/airflow/example_dags/tutorial_dag.py
[2024-05-30T00:06:26.154+0000] {logging_mixin.py:188} INFO - [2024-05-30T00:06:26.154+0000] {dag.py:3036} INFO - Sync 1 DAGs
[2024-05-30T00:06:26.282+0000] {logging_mixin.py:188} INFO - [2024-05-30T00:06:26.281+0000] {dag.py:3823} INFO - Setting next_dagrun for tutorial_dag to None, run_after=None
[2024-05-30T00:06:26.300+0000] {processor.py:183} INFO - Processing /home/airflow/.local/lib/python3.8/site-packages/airflow/example_dags/tutorial_dag.py took 0.182 seconds
[2024-05-30T00:06:57.307+0000] {processor.py:161} INFO - Started process (PID=3500) to work on /home/airflow/.local/lib/python3.8/site-packages/airflow/example_dags/tutorial_dag.py
[2024-05-30T00:06:57.308+0000] {processor.py:830} INFO - Processing file /home/airflow/.local/lib/python3.8/site-packages/airflow/example_dags/tutorial_dag.py for tasks to queue
[2024-05-30T00:06:57.310+0000] {logging_mixin.py:188} INFO - [2024-05-30T00:06:57.309+0000] {dagbag.py:538} INFO - Filling up the DagBag from /home/airflow/.local/lib/python3.8/site-packages/airflow/example_dags/tutorial_dag.py
[2024-05-30T00:06:57.315+0000] {processor.py:840} INFO - DAG(s) 'tutorial_dag' retrieved from /home/airflow/.local/lib/python3.8/site-packages/airflow/example_dags/tutorial_dag.py
[2024-05-30T00:06:57.344+0000] {logging_mixin.py:188} INFO - [2024-05-30T00:06:57.344+0000] {dag.py:3036} INFO - Sync 1 DAGs
[2024-05-30T00:06:57.359+0000] {logging_mixin.py:188} INFO - [2024-05-30T00:06:57.359+0000] {dag.py:3823} INFO - Setting next_dagrun for tutorial_dag to None, run_after=None
[2024-05-30T00:06:57.379+0000] {processor.py:183} INFO - Processing /home/airflow/.local/lib/python3.8/site-packages/airflow/example_dags/tutorial_dag.py took 0.075 seconds
[2024-05-30T00:07:28.311+0000] {processor.py:161} INFO - Started process (PID=3559) to work on /home/airflow/.local/lib/python3.8/site-packages/airflow/example_dags/tutorial_dag.py
[2024-05-30T00:07:28.313+0000] {processor.py:830} INFO - Processing file /home/airflow/.local/lib/python3.8/site-packages/airflow/example_dags/tutorial_dag.py for tasks to queue
[2024-05-30T00:07:28.315+0000] {logging_mixin.py:188} INFO - [2024-05-30T00:07:28.314+0000] {dagbag.py:538} INFO - Filling up the DagBag from /home/airflow/.local/lib/python3.8/site-packages/airflow/example_dags/tutorial_dag.py
[2024-05-30T00:07:28.323+0000] {processor.py:840} INFO - DAG(s) 'tutorial_dag' retrieved from /home/airflow/.local/lib/python3.8/site-packages/airflow/example_dags/tutorial_dag.py
[2024-05-30T00:07:28.345+0000] {logging_mixin.py:188} INFO - [2024-05-30T00:07:28.345+0000] {dag.py:3036} INFO - Sync 1 DAGs
[2024-05-30T00:07:28.359+0000] {logging_mixin.py:188} INFO - [2024-05-30T00:07:28.358+0000] {dag.py:3823} INFO - Setting next_dagrun for tutorial_dag to None, run_after=None
[2024-05-30T00:07:28.383+0000] {processor.py:183} INFO - Processing /home/airflow/.local/lib/python3.8/site-packages/airflow/example_dags/tutorial_dag.py took 0.077 seconds
[2024-05-30T00:07:58.589+0000] {processor.py:161} INFO - Started process (PID=3618) to work on /home/airflow/.local/lib/python3.8/site-packages/airflow/example_dags/tutorial_dag.py
[2024-05-30T00:07:58.591+0000] {processor.py:830} INFO - Processing file /home/airflow/.local/lib/python3.8/site-packages/airflow/example_dags/tutorial_dag.py for tasks to queue
[2024-05-30T00:07:58.593+0000] {logging_mixin.py:188} INFO - [2024-05-30T00:07:58.593+0000] {dagbag.py:538} INFO - Filling up the DagBag from /home/airflow/.local/lib/python3.8/site-packages/airflow/example_dags/tutorial_dag.py
[2024-05-30T00:07:58.602+0000] {processor.py:840} INFO - DAG(s) 'tutorial_dag' retrieved from /home/airflow/.local/lib/python3.8/site-packages/airflow/example_dags/tutorial_dag.py
[2024-05-30T00:07:58.632+0000] {logging_mixin.py:188} INFO - [2024-05-30T00:07:58.632+0000] {dag.py:3036} INFO - Sync 1 DAGs
[2024-05-30T00:07:58.645+0000] {logging_mixin.py:188} INFO - [2024-05-30T00:07:58.645+0000] {dag.py:3823} INFO - Setting next_dagrun for tutorial_dag to None, run_after=None
[2024-05-30T00:07:58.670+0000] {processor.py:183} INFO - Processing /home/airflow/.local/lib/python3.8/site-packages/airflow/example_dags/tutorial_dag.py took 0.088 seconds
[2024-05-30T00:08:29.153+0000] {processor.py:161} INFO - Started process (PID=3677) to work on /home/airflow/.local/lib/python3.8/site-packages/airflow/example_dags/tutorial_dag.py
[2024-05-30T00:08:29.155+0000] {processor.py:830} INFO - Processing file /home/airflow/.local/lib/python3.8/site-packages/airflow/example_dags/tutorial_dag.py for tasks to queue
[2024-05-30T00:08:29.158+0000] {logging_mixin.py:188} INFO - [2024-05-30T00:08:29.157+0000] {dagbag.py:538} INFO - Filling up the DagBag from /home/airflow/.local/lib/python3.8/site-packages/airflow/example_dags/tutorial_dag.py
[2024-05-30T00:08:29.167+0000] {processor.py:840} INFO - DAG(s) 'tutorial_dag' retrieved from /home/airflow/.local/lib/python3.8/site-packages/airflow/example_dags/tutorial_dag.py
[2024-05-30T00:08:29.198+0000] {logging_mixin.py:188} INFO - [2024-05-30T00:08:29.198+0000] {dag.py:3036} INFO - Sync 1 DAGs
[2024-05-30T00:08:29.210+0000] {logging_mixin.py:188} INFO - [2024-05-30T00:08:29.210+0000] {dag.py:3823} INFO - Setting next_dagrun for tutorial_dag to None, run_after=None
[2024-05-30T00:08:29.232+0000] {processor.py:183} INFO - Processing /home/airflow/.local/lib/python3.8/site-packages/airflow/example_dags/tutorial_dag.py took 0.085 seconds
[2024-05-30T00:09:00.106+0000] {processor.py:161} INFO - Started process (PID=3736) to work on /home/airflow/.local/lib/python3.8/site-packages/airflow/example_dags/tutorial_dag.py
[2024-05-30T00:09:00.107+0000] {processor.py:830} INFO - Processing file /home/airflow/.local/lib/python3.8/site-packages/airflow/example_dags/tutorial_dag.py for tasks to queue
[2024-05-30T00:09:00.108+0000] {logging_mixin.py:188} INFO - [2024-05-30T00:09:00.108+0000] {dagbag.py:538} INFO - Filling up the DagBag from /home/airflow/.local/lib/python3.8/site-packages/airflow/example_dags/tutorial_dag.py
[2024-05-30T00:09:00.113+0000] {processor.py:840} INFO - DAG(s) 'tutorial_dag' retrieved from /home/airflow/.local/lib/python3.8/site-packages/airflow/example_dags/tutorial_dag.py
[2024-05-30T00:09:00.135+0000] {logging_mixin.py:188} INFO - [2024-05-30T00:09:00.135+0000] {dag.py:3036} INFO - Sync 1 DAGs
[2024-05-30T00:09:00.147+0000] {logging_mixin.py:188} INFO - [2024-05-30T00:09:00.147+0000] {dag.py:3823} INFO - Setting next_dagrun for tutorial_dag to None, run_after=None
[2024-05-30T00:09:00.166+0000] {processor.py:183} INFO - Processing /home/airflow/.local/lib/python3.8/site-packages/airflow/example_dags/tutorial_dag.py took 0.063 seconds
[2024-05-30T00:09:30.415+0000] {processor.py:161} INFO - Started process (PID=3795) to work on /home/airflow/.local/lib/python3.8/site-packages/airflow/example_dags/tutorial_dag.py
[2024-05-30T00:09:30.416+0000] {processor.py:830} INFO - Processing file /home/airflow/.local/lib/python3.8/site-packages/airflow/example_dags/tutorial_dag.py for tasks to queue
[2024-05-30T00:09:30.417+0000] {logging_mixin.py:188} INFO - [2024-05-30T00:09:30.416+0000] {dagbag.py:538} INFO - Filling up the DagBag from /home/airflow/.local/lib/python3.8/site-packages/airflow/example_dags/tutorial_dag.py
[2024-05-30T00:09:30.422+0000] {processor.py:840} INFO - DAG(s) 'tutorial_dag' retrieved from /home/airflow/.local/lib/python3.8/site-packages/airflow/example_dags/tutorial_dag.py
[2024-05-30T00:09:30.447+0000] {logging_mixin.py:188} INFO - [2024-05-30T00:09:30.447+0000] {dag.py:3036} INFO - Sync 1 DAGs
[2024-05-30T00:09:30.460+0000] {logging_mixin.py:188} INFO - [2024-05-30T00:09:30.460+0000] {dag.py:3823} INFO - Setting next_dagrun for tutorial_dag to None, run_after=None
[2024-05-30T00:09:30.482+0000] {processor.py:183} INFO - Processing /home/airflow/.local/lib/python3.8/site-packages/airflow/example_dags/tutorial_dag.py took 0.071 seconds
[2024-05-30T00:10:01.492+0000] {processor.py:161} INFO - Started process (PID=3853) to work on /home/airflow/.local/lib/python3.8/site-packages/airflow/example_dags/tutorial_dag.py
[2024-05-30T00:10:01.493+0000] {processor.py:830} INFO - Processing file /home/airflow/.local/lib/python3.8/site-packages/airflow/example_dags/tutorial_dag.py for tasks to queue
[2024-05-30T00:10:01.494+0000] {logging_mixin.py:188} INFO - [2024-05-30T00:10:01.494+0000] {dagbag.py:538} INFO - Filling up the DagBag from /home/airflow/.local/lib/python3.8/site-packages/airflow/example_dags/tutorial_dag.py
[2024-05-30T00:10:01.499+0000] {processor.py:840} INFO - DAG(s) 'tutorial_dag' retrieved from /home/airflow/.local/lib/python3.8/site-packages/airflow/example_dags/tutorial_dag.py
[2024-05-30T00:10:01.522+0000] {logging_mixin.py:188} INFO - [2024-05-30T00:10:01.521+0000] {dag.py:3036} INFO - Sync 1 DAGs
[2024-05-30T00:10:01.534+0000] {logging_mixin.py:188} INFO - [2024-05-30T00:10:01.534+0000] {dag.py:3823} INFO - Setting next_dagrun for tutorial_dag to None, run_after=None
[2024-05-30T00:10:01.561+0000] {processor.py:183} INFO - Processing /home/airflow/.local/lib/python3.8/site-packages/airflow/example_dags/tutorial_dag.py took 0.072 seconds
[2024-05-30T00:10:31.856+0000] {processor.py:161} INFO - Started process (PID=3912) to work on /home/airflow/.local/lib/python3.8/site-packages/airflow/example_dags/tutorial_dag.py
[2024-05-30T00:10:31.857+0000] {processor.py:830} INFO - Processing file /home/airflow/.local/lib/python3.8/site-packages/airflow/example_dags/tutorial_dag.py for tasks to queue
[2024-05-30T00:10:31.858+0000] {logging_mixin.py:188} INFO - [2024-05-30T00:10:31.858+0000] {dagbag.py:538} INFO - Filling up the DagBag from /home/airflow/.local/lib/python3.8/site-packages/airflow/example_dags/tutorial_dag.py
[2024-05-30T00:10:31.863+0000] {processor.py:840} INFO - DAG(s) 'tutorial_dag' retrieved from /home/airflow/.local/lib/python3.8/site-packages/airflow/example_dags/tutorial_dag.py
[2024-05-30T00:10:31.885+0000] {logging_mixin.py:188} INFO - [2024-05-30T00:10:31.884+0000] {dag.py:3036} INFO - Sync 1 DAGs
[2024-05-30T00:10:31.896+0000] {logging_mixin.py:188} INFO - [2024-05-30T00:10:31.896+0000] {dag.py:3823} INFO - Setting next_dagrun for tutorial_dag to None, run_after=None
[2024-05-30T00:10:31.915+0000] {processor.py:183} INFO - Processing /home/airflow/.local/lib/python3.8/site-packages/airflow/example_dags/tutorial_dag.py took 0.062 seconds
[2024-05-30T00:11:02.751+0000] {processor.py:161} INFO - Started process (PID=3971) to work on /home/airflow/.local/lib/python3.8/site-packages/airflow/example_dags/tutorial_dag.py
[2024-05-30T00:11:02.753+0000] {processor.py:830} INFO - Processing file /home/airflow/.local/lib/python3.8/site-packages/airflow/example_dags/tutorial_dag.py for tasks to queue
[2024-05-30T00:11:02.754+0000] {logging_mixin.py:188} INFO - [2024-05-30T00:11:02.754+0000] {dagbag.py:538} INFO - Filling up the DagBag from /home/airflow/.local/lib/python3.8/site-packages/airflow/example_dags/tutorial_dag.py
[2024-05-30T00:11:02.760+0000] {processor.py:840} INFO - DAG(s) 'tutorial_dag' retrieved from /home/airflow/.local/lib/python3.8/site-packages/airflow/example_dags/tutorial_dag.py
[2024-05-30T00:11:02.781+0000] {logging_mixin.py:188} INFO - [2024-05-30T00:11:02.781+0000] {dag.py:3036} INFO - Sync 1 DAGs
[2024-05-30T00:11:02.793+0000] {logging_mixin.py:188} INFO - [2024-05-30T00:11:02.793+0000] {dag.py:3823} INFO - Setting next_dagrun for tutorial_dag to None, run_after=None
[2024-05-30T00:11:02.813+0000] {processor.py:183} INFO - Processing /home/airflow/.local/lib/python3.8/site-packages/airflow/example_dags/tutorial_dag.py took 0.066 seconds
[2024-05-30T00:11:33.205+0000] {processor.py:161} INFO - Started process (PID=4031) to work on /home/airflow/.local/lib/python3.8/site-packages/airflow/example_dags/tutorial_dag.py
[2024-05-30T00:11:33.206+0000] {processor.py:830} INFO - Processing file /home/airflow/.local/lib/python3.8/site-packages/airflow/example_dags/tutorial_dag.py for tasks to queue
[2024-05-30T00:11:33.207+0000] {logging_mixin.py:188} INFO - [2024-05-30T00:11:33.207+0000] {dagbag.py:538} INFO - Filling up the DagBag from /home/airflow/.local/lib/python3.8/site-packages/airflow/example_dags/tutorial_dag.py
[2024-05-30T00:11:33.212+0000] {processor.py:840} INFO - DAG(s) 'tutorial_dag' retrieved from /home/airflow/.local/lib/python3.8/site-packages/airflow/example_dags/tutorial_dag.py
[2024-05-30T00:11:33.232+0000] {logging_mixin.py:188} INFO - [2024-05-30T00:11:33.232+0000] {dag.py:3036} INFO - Sync 1 DAGs
[2024-05-30T00:11:33.244+0000] {logging_mixin.py:188} INFO - [2024-05-30T00:11:33.244+0000] {dag.py:3823} INFO - Setting next_dagrun for tutorial_dag to None, run_after=None
[2024-05-30T00:11:33.266+0000] {processor.py:183} INFO - Processing /home/airflow/.local/lib/python3.8/site-packages/airflow/example_dags/tutorial_dag.py took 0.065 seconds
[2024-05-30T00:12:04.129+0000] {processor.py:161} INFO - Started process (PID=4090) to work on /home/airflow/.local/lib/python3.8/site-packages/airflow/example_dags/tutorial_dag.py
[2024-05-30T00:12:04.130+0000] {processor.py:830} INFO - Processing file /home/airflow/.local/lib/python3.8/site-packages/airflow/example_dags/tutorial_dag.py for tasks to queue
[2024-05-30T00:12:04.131+0000] {logging_mixin.py:188} INFO - [2024-05-30T00:12:04.131+0000] {dagbag.py:538} INFO - Filling up the DagBag from /home/airflow/.local/lib/python3.8/site-packages/airflow/example_dags/tutorial_dag.py
[2024-05-30T00:12:04.137+0000] {processor.py:840} INFO - DAG(s) 'tutorial_dag' retrieved from /home/airflow/.local/lib/python3.8/site-packages/airflow/example_dags/tutorial_dag.py
[2024-05-30T00:12:04.159+0000] {logging_mixin.py:188} INFO - [2024-05-30T00:12:04.158+0000] {dag.py:3036} INFO - Sync 1 DAGs
[2024-05-30T00:12:04.171+0000] {logging_mixin.py:188} INFO - [2024-05-30T00:12:04.171+0000] {dag.py:3823} INFO - Setting next_dagrun for tutorial_dag to None, run_after=None
[2024-05-30T00:12:04.191+0000] {processor.py:183} INFO - Processing /home/airflow/.local/lib/python3.8/site-packages/airflow/example_dags/tutorial_dag.py took 0.065 seconds
[2024-05-30T00:12:34.705+0000] {processor.py:161} INFO - Started process (PID=4149) to work on /home/airflow/.local/lib/python3.8/site-packages/airflow/example_dags/tutorial_dag.py
[2024-05-30T00:12:34.706+0000] {processor.py:830} INFO - Processing file /home/airflow/.local/lib/python3.8/site-packages/airflow/example_dags/tutorial_dag.py for tasks to queue
[2024-05-30T00:12:34.707+0000] {logging_mixin.py:188} INFO - [2024-05-30T00:12:34.707+0000] {dagbag.py:538} INFO - Filling up the DagBag from /home/airflow/.local/lib/python3.8/site-packages/airflow/example_dags/tutorial_dag.py
[2024-05-30T00:12:34.713+0000] {processor.py:840} INFO - DAG(s) 'tutorial_dag' retrieved from /home/airflow/.local/lib/python3.8/site-packages/airflow/example_dags/tutorial_dag.py
[2024-05-30T00:12:34.733+0000] {logging_mixin.py:188} INFO - [2024-05-30T00:12:34.733+0000] {dag.py:3036} INFO - Sync 1 DAGs
[2024-05-30T00:12:34.746+0000] {logging_mixin.py:188} INFO - [2024-05-30T00:12:34.746+0000] {dag.py:3823} INFO - Setting next_dagrun for tutorial_dag to None, run_after=None
[2024-05-30T00:12:34.765+0000] {processor.py:183} INFO - Processing /home/airflow/.local/lib/python3.8/site-packages/airflow/example_dags/tutorial_dag.py took 0.063 seconds
[2024-05-30T00:13:05.479+0000] {processor.py:161} INFO - Started process (PID=4208) to work on /home/airflow/.local/lib/python3.8/site-packages/airflow/example_dags/tutorial_dag.py
[2024-05-30T00:13:05.480+0000] {processor.py:830} INFO - Processing file /home/airflow/.local/lib/python3.8/site-packages/airflow/example_dags/tutorial_dag.py for tasks to queue
[2024-05-30T00:13:05.481+0000] {logging_mixin.py:188} INFO - [2024-05-30T00:13:05.481+0000] {dagbag.py:538} INFO - Filling up the DagBag from /home/airflow/.local/lib/python3.8/site-packages/airflow/example_dags/tutorial_dag.py
[2024-05-30T00:13:05.487+0000] {processor.py:840} INFO - DAG(s) 'tutorial_dag' retrieved from /home/airflow/.local/lib/python3.8/site-packages/airflow/example_dags/tutorial_dag.py
[2024-05-30T00:13:05.508+0000] {logging_mixin.py:188} INFO - [2024-05-30T00:13:05.508+0000] {dag.py:3036} INFO - Sync 1 DAGs
[2024-05-30T00:13:05.519+0000] {logging_mixin.py:188} INFO - [2024-05-30T00:13:05.519+0000] {dag.py:3823} INFO - Setting next_dagrun for tutorial_dag to None, run_after=None
[2024-05-30T00:13:05.538+0000] {processor.py:183} INFO - Processing /home/airflow/.local/lib/python3.8/site-packages/airflow/example_dags/tutorial_dag.py took 0.063 seconds
[2024-05-30T00:13:36.139+0000] {processor.py:161} INFO - Started process (PID=4267) to work on /home/airflow/.local/lib/python3.8/site-packages/airflow/example_dags/tutorial_dag.py
[2024-05-30T00:13:36.140+0000] {processor.py:830} INFO - Processing file /home/airflow/.local/lib/python3.8/site-packages/airflow/example_dags/tutorial_dag.py for tasks to queue
[2024-05-30T00:13:36.142+0000] {logging_mixin.py:188} INFO - [2024-05-30T00:13:36.142+0000] {dagbag.py:538} INFO - Filling up the DagBag from /home/airflow/.local/lib/python3.8/site-packages/airflow/example_dags/tutorial_dag.py
[2024-05-30T00:13:36.148+0000] {processor.py:840} INFO - DAG(s) 'tutorial_dag' retrieved from /home/airflow/.local/lib/python3.8/site-packages/airflow/example_dags/tutorial_dag.py
[2024-05-30T00:13:36.168+0000] {logging_mixin.py:188} INFO - [2024-05-30T00:13:36.168+0000] {dag.py:3036} INFO - Sync 1 DAGs
[2024-05-30T00:13:36.180+0000] {logging_mixin.py:188} INFO - [2024-05-30T00:13:36.180+0000] {dag.py:3823} INFO - Setting next_dagrun for tutorial_dag to None, run_after=None
[2024-05-30T00:13:36.203+0000] {processor.py:183} INFO - Processing /home/airflow/.local/lib/python3.8/site-packages/airflow/example_dags/tutorial_dag.py took 0.067 seconds
[2024-05-30T00:14:06.871+0000] {processor.py:161} INFO - Started process (PID=4326) to work on /home/airflow/.local/lib/python3.8/site-packages/airflow/example_dags/tutorial_dag.py
[2024-05-30T00:14:06.872+0000] {processor.py:830} INFO - Processing file /home/airflow/.local/lib/python3.8/site-packages/airflow/example_dags/tutorial_dag.py for tasks to queue
[2024-05-30T00:14:06.873+0000] {logging_mixin.py:188} INFO - [2024-05-30T00:14:06.872+0000] {dagbag.py:538} INFO - Filling up the DagBag from /home/airflow/.local/lib/python3.8/site-packages/airflow/example_dags/tutorial_dag.py
[2024-05-30T00:14:06.878+0000] {processor.py:840} INFO - DAG(s) 'tutorial_dag' retrieved from /home/airflow/.local/lib/python3.8/site-packages/airflow/example_dags/tutorial_dag.py
[2024-05-30T00:14:06.899+0000] {logging_mixin.py:188} INFO - [2024-05-30T00:14:06.899+0000] {dag.py:3036} INFO - Sync 1 DAGs
[2024-05-30T00:14:06.911+0000] {logging_mixin.py:188} INFO - [2024-05-30T00:14:06.911+0000] {dag.py:3823} INFO - Setting next_dagrun for tutorial_dag to None, run_after=None
[2024-05-30T00:14:06.932+0000] {processor.py:183} INFO - Processing /home/airflow/.local/lib/python3.8/site-packages/airflow/example_dags/tutorial_dag.py took 0.064 seconds
