[2024-05-30T00:00:16.404+0000] {processor.py:161} INFO - Started process (PID=2756) to work on /home/airflow/.local/lib/python3.8/site-packages/airflow/example_dags/tutorial_objectstorage.py
[2024-05-30T00:00:16.405+0000] {processor.py:830} INFO - Processing file /home/airflow/.local/lib/python3.8/site-packages/airflow/example_dags/tutorial_objectstorage.py for tasks to queue
[2024-05-30T00:00:16.406+0000] {logging_mixin.py:188} INFO - [2024-05-30T00:00:16.406+0000] {dagbag.py:538} INFO - Filling up the DagBag from /home/airflow/.local/lib/python3.8/site-packages/airflow/example_dags/tutorial_objectstorage.py
[2024-05-30T00:00:16.414+0000] {processor.py:840} INFO - DAG(s) 'tutorial_objectstorage' retrieved from /home/airflow/.local/lib/python3.8/site-packages/airflow/example_dags/tutorial_objectstorage.py
[2024-05-30T00:00:16.434+0000] {logging_mixin.py:188} INFO - [2024-05-30T00:00:16.434+0000] {dag.py:3036} INFO - Sync 1 DAGs
[2024-05-30T00:00:16.446+0000] {logging_mixin.py:188} INFO - [2024-05-30T00:00:16.446+0000] {dag.py:3823} INFO - Setting next_dagrun for tutorial_objectstorage to None, run_after=None
[2024-05-30T00:00:16.470+0000] {processor.py:183} INFO - Processing /home/airflow/.local/lib/python3.8/site-packages/airflow/example_dags/tutorial_objectstorage.py took 0.070 seconds
[2024-05-30T00:00:48.577+0000] {processor.py:161} INFO - Started process (PID=2815) to work on /home/airflow/.local/lib/python3.8/site-packages/airflow/example_dags/tutorial_objectstorage.py
[2024-05-30T00:00:48.579+0000] {processor.py:830} INFO - Processing file /home/airflow/.local/lib/python3.8/site-packages/airflow/example_dags/tutorial_objectstorage.py for tasks to queue
[2024-05-30T00:00:48.580+0000] {logging_mixin.py:188} INFO - [2024-05-30T00:00:48.580+0000] {dagbag.py:538} INFO - Filling up the DagBag from /home/airflow/.local/lib/python3.8/site-packages/airflow/example_dags/tutorial_objectstorage.py
[2024-05-30T00:00:48.593+0000] {processor.py:840} INFO - DAG(s) 'tutorial_objectstorage' retrieved from /home/airflow/.local/lib/python3.8/site-packages/airflow/example_dags/tutorial_objectstorage.py
[2024-05-30T00:00:48.625+0000] {logging_mixin.py:188} INFO - [2024-05-30T00:00:48.624+0000] {dag.py:3036} INFO - Sync 1 DAGs
[2024-05-30T00:00:48.646+0000] {logging_mixin.py:188} INFO - [2024-05-30T00:00:48.645+0000] {dag.py:3823} INFO - Setting next_dagrun for tutorial_objectstorage to None, run_after=None
[2024-05-30T00:00:48.677+0000] {processor.py:183} INFO - Processing /home/airflow/.local/lib/python3.8/site-packages/airflow/example_dags/tutorial_objectstorage.py took 0.105 seconds
[2024-05-30T00:01:19.361+0000] {processor.py:161} INFO - Started process (PID=2874) to work on /home/airflow/.local/lib/python3.8/site-packages/airflow/example_dags/tutorial_objectstorage.py
[2024-05-30T00:01:19.362+0000] {processor.py:830} INFO - Processing file /home/airflow/.local/lib/python3.8/site-packages/airflow/example_dags/tutorial_objectstorage.py for tasks to queue
[2024-05-30T00:01:19.364+0000] {logging_mixin.py:188} INFO - [2024-05-30T00:01:19.363+0000] {dagbag.py:538} INFO - Filling up the DagBag from /home/airflow/.local/lib/python3.8/site-packages/airflow/example_dags/tutorial_objectstorage.py
[2024-05-30T00:01:19.371+0000] {processor.py:840} INFO - DAG(s) 'tutorial_objectstorage' retrieved from /home/airflow/.local/lib/python3.8/site-packages/airflow/example_dags/tutorial_objectstorage.py
[2024-05-30T00:01:19.394+0000] {logging_mixin.py:188} INFO - [2024-05-30T00:01:19.393+0000] {dag.py:3036} INFO - Sync 1 DAGs
[2024-05-30T00:01:19.406+0000] {logging_mixin.py:188} INFO - [2024-05-30T00:01:19.406+0000] {dag.py:3823} INFO - Setting next_dagrun for tutorial_objectstorage to None, run_after=None
[2024-05-30T00:01:19.432+0000] {processor.py:183} INFO - Processing /home/airflow/.local/lib/python3.8/site-packages/airflow/example_dags/tutorial_objectstorage.py took 0.075 seconds
[2024-05-30T00:01:49.640+0000] {processor.py:161} INFO - Started process (PID=2932) to work on /home/airflow/.local/lib/python3.8/site-packages/airflow/example_dags/tutorial_objectstorage.py
[2024-05-30T00:01:49.641+0000] {processor.py:830} INFO - Processing file /home/airflow/.local/lib/python3.8/site-packages/airflow/example_dags/tutorial_objectstorage.py for tasks to queue
[2024-05-30T00:01:49.642+0000] {logging_mixin.py:188} INFO - [2024-05-30T00:01:49.642+0000] {dagbag.py:538} INFO - Filling up the DagBag from /home/airflow/.local/lib/python3.8/site-packages/airflow/example_dags/tutorial_objectstorage.py
[2024-05-30T00:01:49.650+0000] {processor.py:840} INFO - DAG(s) 'tutorial_objectstorage' retrieved from /home/airflow/.local/lib/python3.8/site-packages/airflow/example_dags/tutorial_objectstorage.py
[2024-05-30T00:01:49.671+0000] {logging_mixin.py:188} INFO - [2024-05-30T00:01:49.670+0000] {dag.py:3036} INFO - Sync 1 DAGs
[2024-05-30T00:01:49.682+0000] {logging_mixin.py:188} INFO - [2024-05-30T00:01:49.682+0000] {dag.py:3823} INFO - Setting next_dagrun for tutorial_objectstorage to None, run_after=None
[2024-05-30T00:01:49.705+0000] {processor.py:183} INFO - Processing /home/airflow/.local/lib/python3.8/site-packages/airflow/example_dags/tutorial_objectstorage.py took 0.068 seconds
[2024-05-30T00:02:20.951+0000] {processor.py:161} INFO - Started process (PID=2992) to work on /home/airflow/.local/lib/python3.8/site-packages/airflow/example_dags/tutorial_objectstorage.py
[2024-05-30T00:02:20.953+0000] {processor.py:830} INFO - Processing file /home/airflow/.local/lib/python3.8/site-packages/airflow/example_dags/tutorial_objectstorage.py for tasks to queue
[2024-05-30T00:02:20.954+0000] {logging_mixin.py:188} INFO - [2024-05-30T00:02:20.954+0000] {dagbag.py:538} INFO - Filling up the DagBag from /home/airflow/.local/lib/python3.8/site-packages/airflow/example_dags/tutorial_objectstorage.py
[2024-05-30T00:02:20.964+0000] {processor.py:840} INFO - DAG(s) 'tutorial_objectstorage' retrieved from /home/airflow/.local/lib/python3.8/site-packages/airflow/example_dags/tutorial_objectstorage.py
[2024-05-30T00:02:20.986+0000] {logging_mixin.py:188} INFO - [2024-05-30T00:02:20.985+0000] {dag.py:3036} INFO - Sync 1 DAGs
[2024-05-30T00:02:20.998+0000] {logging_mixin.py:188} INFO - [2024-05-30T00:02:20.998+0000] {dag.py:3823} INFO - Setting next_dagrun for tutorial_objectstorage to None, run_after=None
[2024-05-30T00:02:21.021+0000] {processor.py:183} INFO - Processing /home/airflow/.local/lib/python3.8/site-packages/airflow/example_dags/tutorial_objectstorage.py took 0.073 seconds
[2024-05-30T00:02:53.248+0000] {processor.py:161} INFO - Started process (PID=3051) to work on /home/airflow/.local/lib/python3.8/site-packages/airflow/example_dags/tutorial_objectstorage.py
[2024-05-30T00:02:53.249+0000] {processor.py:830} INFO - Processing file /home/airflow/.local/lib/python3.8/site-packages/airflow/example_dags/tutorial_objectstorage.py for tasks to queue
[2024-05-30T00:02:53.251+0000] {logging_mixin.py:188} INFO - [2024-05-30T00:02:53.251+0000] {dagbag.py:538} INFO - Filling up the DagBag from /home/airflow/.local/lib/python3.8/site-packages/airflow/example_dags/tutorial_objectstorage.py
[2024-05-30T00:02:53.263+0000] {processor.py:840} INFO - DAG(s) 'tutorial_objectstorage' retrieved from /home/airflow/.local/lib/python3.8/site-packages/airflow/example_dags/tutorial_objectstorage.py
[2024-05-30T00:02:53.299+0000] {logging_mixin.py:188} INFO - [2024-05-30T00:02:53.298+0000] {dag.py:3036} INFO - Sync 1 DAGs
[2024-05-30T00:02:53.367+0000] {logging_mixin.py:188} INFO - [2024-05-30T00:02:53.366+0000] {dag.py:3823} INFO - Setting next_dagrun for tutorial_objectstorage to None, run_after=None
[2024-05-30T00:02:53.405+0000] {processor.py:183} INFO - Processing /home/airflow/.local/lib/python3.8/site-packages/airflow/example_dags/tutorial_objectstorage.py took 0.162 seconds
[2024-05-30T00:03:23.970+0000] {processor.py:161} INFO - Started process (PID=3109) to work on /home/airflow/.local/lib/python3.8/site-packages/airflow/example_dags/tutorial_objectstorage.py
[2024-05-30T00:03:23.971+0000] {processor.py:830} INFO - Processing file /home/airflow/.local/lib/python3.8/site-packages/airflow/example_dags/tutorial_objectstorage.py for tasks to queue
[2024-05-30T00:03:23.972+0000] {logging_mixin.py:188} INFO - [2024-05-30T00:03:23.972+0000] {dagbag.py:538} INFO - Filling up the DagBag from /home/airflow/.local/lib/python3.8/site-packages/airflow/example_dags/tutorial_objectstorage.py
[2024-05-30T00:03:23.980+0000] {processor.py:840} INFO - DAG(s) 'tutorial_objectstorage' retrieved from /home/airflow/.local/lib/python3.8/site-packages/airflow/example_dags/tutorial_objectstorage.py
[2024-05-30T00:03:24.001+0000] {logging_mixin.py:188} INFO - [2024-05-30T00:03:24.001+0000] {dag.py:3036} INFO - Sync 1 DAGs
[2024-05-30T00:03:24.013+0000] {logging_mixin.py:188} INFO - [2024-05-30T00:03:24.013+0000] {dag.py:3823} INFO - Setting next_dagrun for tutorial_objectstorage to None, run_after=None
[2024-05-30T00:03:24.036+0000] {processor.py:183} INFO - Processing /home/airflow/.local/lib/python3.8/site-packages/airflow/example_dags/tutorial_objectstorage.py took 0.068 seconds
[2024-05-30T00:03:55.050+0000] {processor.py:161} INFO - Started process (PID=3169) to work on /home/airflow/.local/lib/python3.8/site-packages/airflow/example_dags/tutorial_objectstorage.py
[2024-05-30T00:03:55.051+0000] {processor.py:830} INFO - Processing file /home/airflow/.local/lib/python3.8/site-packages/airflow/example_dags/tutorial_objectstorage.py for tasks to queue
[2024-05-30T00:03:55.053+0000] {logging_mixin.py:188} INFO - [2024-05-30T00:03:55.053+0000] {dagbag.py:538} INFO - Filling up the DagBag from /home/airflow/.local/lib/python3.8/site-packages/airflow/example_dags/tutorial_objectstorage.py
[2024-05-30T00:03:55.060+0000] {processor.py:840} INFO - DAG(s) 'tutorial_objectstorage' retrieved from /home/airflow/.local/lib/python3.8/site-packages/airflow/example_dags/tutorial_objectstorage.py
[2024-05-30T00:03:55.080+0000] {logging_mixin.py:188} INFO - [2024-05-30T00:03:55.080+0000] {dag.py:3036} INFO - Sync 1 DAGs
[2024-05-30T00:03:55.092+0000] {logging_mixin.py:188} INFO - [2024-05-30T00:03:55.092+0000] {dag.py:3823} INFO - Setting next_dagrun for tutorial_objectstorage to None, run_after=None
[2024-05-30T00:03:55.113+0000] {processor.py:183} INFO - Processing /home/airflow/.local/lib/python3.8/site-packages/airflow/example_dags/tutorial_objectstorage.py took 0.066 seconds
[2024-05-30T00:04:25.507+0000] {processor.py:161} INFO - Started process (PID=3228) to work on /home/airflow/.local/lib/python3.8/site-packages/airflow/example_dags/tutorial_objectstorage.py
[2024-05-30T00:04:25.508+0000] {processor.py:830} INFO - Processing file /home/airflow/.local/lib/python3.8/site-packages/airflow/example_dags/tutorial_objectstorage.py for tasks to queue
[2024-05-30T00:04:25.509+0000] {logging_mixin.py:188} INFO - [2024-05-30T00:04:25.509+0000] {dagbag.py:538} INFO - Filling up the DagBag from /home/airflow/.local/lib/python3.8/site-packages/airflow/example_dags/tutorial_objectstorage.py
[2024-05-30T00:04:25.516+0000] {processor.py:840} INFO - DAG(s) 'tutorial_objectstorage' retrieved from /home/airflow/.local/lib/python3.8/site-packages/airflow/example_dags/tutorial_objectstorage.py
[2024-05-30T00:04:25.535+0000] {logging_mixin.py:188} INFO - [2024-05-30T00:04:25.535+0000] {dag.py:3036} INFO - Sync 1 DAGs
[2024-05-30T00:04:25.547+0000] {logging_mixin.py:188} INFO - [2024-05-30T00:04:25.546+0000] {dag.py:3823} INFO - Setting next_dagrun for tutorial_objectstorage to None, run_after=None
[2024-05-30T00:04:25.568+0000] {processor.py:183} INFO - Processing /home/airflow/.local/lib/python3.8/site-packages/airflow/example_dags/tutorial_objectstorage.py took 0.064 seconds
[2024-05-30T00:04:56.344+0000] {processor.py:161} INFO - Started process (PID=3287) to work on /home/airflow/.local/lib/python3.8/site-packages/airflow/example_dags/tutorial_objectstorage.py
[2024-05-30T00:04:56.345+0000] {processor.py:830} INFO - Processing file /home/airflow/.local/lib/python3.8/site-packages/airflow/example_dags/tutorial_objectstorage.py for tasks to queue
[2024-05-30T00:04:56.346+0000] {logging_mixin.py:188} INFO - [2024-05-30T00:04:56.346+0000] {dagbag.py:538} INFO - Filling up the DagBag from /home/airflow/.local/lib/python3.8/site-packages/airflow/example_dags/tutorial_objectstorage.py
[2024-05-30T00:04:56.353+0000] {processor.py:840} INFO - DAG(s) 'tutorial_objectstorage' retrieved from /home/airflow/.local/lib/python3.8/site-packages/airflow/example_dags/tutorial_objectstorage.py
[2024-05-30T00:04:56.374+0000] {logging_mixin.py:188} INFO - [2024-05-30T00:04:56.374+0000] {dag.py:3036} INFO - Sync 1 DAGs
[2024-05-30T00:04:56.502+0000] {logging_mixin.py:188} INFO - [2024-05-30T00:04:56.502+0000] {dag.py:3823} INFO - Setting next_dagrun for tutorial_objectstorage to None, run_after=None
[2024-05-30T00:04:56.527+0000] {processor.py:183} INFO - Processing /home/airflow/.local/lib/python3.8/site-packages/airflow/example_dags/tutorial_objectstorage.py took 0.186 seconds
[2024-05-30T00:05:27.379+0000] {processor.py:161} INFO - Started process (PID=3346) to work on /home/airflow/.local/lib/python3.8/site-packages/airflow/example_dags/tutorial_objectstorage.py
[2024-05-30T00:05:27.380+0000] {processor.py:830} INFO - Processing file /home/airflow/.local/lib/python3.8/site-packages/airflow/example_dags/tutorial_objectstorage.py for tasks to queue
[2024-05-30T00:05:27.381+0000] {logging_mixin.py:188} INFO - [2024-05-30T00:05:27.381+0000] {dagbag.py:538} INFO - Filling up the DagBag from /home/airflow/.local/lib/python3.8/site-packages/airflow/example_dags/tutorial_objectstorage.py
[2024-05-30T00:05:27.389+0000] {processor.py:840} INFO - DAG(s) 'tutorial_objectstorage' retrieved from /home/airflow/.local/lib/python3.8/site-packages/airflow/example_dags/tutorial_objectstorage.py
[2024-05-30T00:05:27.409+0000] {logging_mixin.py:188} INFO - [2024-05-30T00:05:27.409+0000] {dag.py:3036} INFO - Sync 1 DAGs
[2024-05-30T00:05:27.422+0000] {logging_mixin.py:188} INFO - [2024-05-30T00:05:27.421+0000] {dag.py:3823} INFO - Setting next_dagrun for tutorial_objectstorage to None, run_after=None
[2024-05-30T00:05:27.443+0000] {processor.py:183} INFO - Processing /home/airflow/.local/lib/python3.8/site-packages/airflow/example_dags/tutorial_objectstorage.py took 0.068 seconds
[2024-05-30T00:05:58.101+0000] {processor.py:161} INFO - Started process (PID=3405) to work on /home/airflow/.local/lib/python3.8/site-packages/airflow/example_dags/tutorial_objectstorage.py
[2024-05-30T00:05:58.102+0000] {processor.py:830} INFO - Processing file /home/airflow/.local/lib/python3.8/site-packages/airflow/example_dags/tutorial_objectstorage.py for tasks to queue
[2024-05-30T00:05:58.104+0000] {logging_mixin.py:188} INFO - [2024-05-30T00:05:58.104+0000] {dagbag.py:538} INFO - Filling up the DagBag from /home/airflow/.local/lib/python3.8/site-packages/airflow/example_dags/tutorial_objectstorage.py
[2024-05-30T00:05:58.112+0000] {processor.py:840} INFO - DAG(s) 'tutorial_objectstorage' retrieved from /home/airflow/.local/lib/python3.8/site-packages/airflow/example_dags/tutorial_objectstorage.py
[2024-05-30T00:05:58.133+0000] {logging_mixin.py:188} INFO - [2024-05-30T00:05:58.133+0000] {dag.py:3036} INFO - Sync 1 DAGs
[2024-05-30T00:05:58.145+0000] {logging_mixin.py:188} INFO - [2024-05-30T00:05:58.145+0000] {dag.py:3823} INFO - Setting next_dagrun for tutorial_objectstorage to None, run_after=None
[2024-05-30T00:05:58.169+0000] {processor.py:183} INFO - Processing /home/airflow/.local/lib/python3.8/site-packages/airflow/example_dags/tutorial_objectstorage.py took 0.072 seconds
[2024-05-30T00:06:29.848+0000] {processor.py:161} INFO - Started process (PID=3464) to work on /home/airflow/.local/lib/python3.8/site-packages/airflow/example_dags/tutorial_objectstorage.py
[2024-05-30T00:06:29.849+0000] {processor.py:830} INFO - Processing file /home/airflow/.local/lib/python3.8/site-packages/airflow/example_dags/tutorial_objectstorage.py for tasks to queue
[2024-05-30T00:06:29.850+0000] {logging_mixin.py:188} INFO - [2024-05-30T00:06:29.850+0000] {dagbag.py:538} INFO - Filling up the DagBag from /home/airflow/.local/lib/python3.8/site-packages/airflow/example_dags/tutorial_objectstorage.py
[2024-05-30T00:06:29.857+0000] {processor.py:840} INFO - DAG(s) 'tutorial_objectstorage' retrieved from /home/airflow/.local/lib/python3.8/site-packages/airflow/example_dags/tutorial_objectstorage.py
[2024-05-30T00:06:29.874+0000] {logging_mixin.py:188} INFO - [2024-05-30T00:06:29.873+0000] {dag.py:3036} INFO - Sync 1 DAGs
[2024-05-30T00:06:29.884+0000] {logging_mixin.py:188} INFO - [2024-05-30T00:06:29.884+0000] {dag.py:3823} INFO - Setting next_dagrun for tutorial_objectstorage to None, run_after=None
[2024-05-30T00:06:29.904+0000] {processor.py:183} INFO - Processing /home/airflow/.local/lib/python3.8/site-packages/airflow/example_dags/tutorial_objectstorage.py took 0.059 seconds
[2024-05-30T00:07:00.774+0000] {processor.py:161} INFO - Started process (PID=3523) to work on /home/airflow/.local/lib/python3.8/site-packages/airflow/example_dags/tutorial_objectstorage.py
[2024-05-30T00:07:00.775+0000] {processor.py:830} INFO - Processing file /home/airflow/.local/lib/python3.8/site-packages/airflow/example_dags/tutorial_objectstorage.py for tasks to queue
[2024-05-30T00:07:00.777+0000] {logging_mixin.py:188} INFO - [2024-05-30T00:07:00.776+0000] {dagbag.py:538} INFO - Filling up the DagBag from /home/airflow/.local/lib/python3.8/site-packages/airflow/example_dags/tutorial_objectstorage.py
[2024-05-30T00:07:00.787+0000] {processor.py:840} INFO - DAG(s) 'tutorial_objectstorage' retrieved from /home/airflow/.local/lib/python3.8/site-packages/airflow/example_dags/tutorial_objectstorage.py
[2024-05-30T00:07:00.805+0000] {logging_mixin.py:188} INFO - [2024-05-30T00:07:00.805+0000] {dag.py:3036} INFO - Sync 1 DAGs
[2024-05-30T00:07:00.817+0000] {logging_mixin.py:188} INFO - [2024-05-30T00:07:00.817+0000] {dag.py:3823} INFO - Setting next_dagrun for tutorial_objectstorage to None, run_after=None
[2024-05-30T00:07:00.837+0000] {processor.py:183} INFO - Processing /home/airflow/.local/lib/python3.8/site-packages/airflow/example_dags/tutorial_objectstorage.py took 0.066 seconds
[2024-05-30T00:07:31.825+0000] {processor.py:161} INFO - Started process (PID=3582) to work on /home/airflow/.local/lib/python3.8/site-packages/airflow/example_dags/tutorial_objectstorage.py
[2024-05-30T00:07:31.826+0000] {processor.py:830} INFO - Processing file /home/airflow/.local/lib/python3.8/site-packages/airflow/example_dags/tutorial_objectstorage.py for tasks to queue
[2024-05-30T00:07:31.827+0000] {logging_mixin.py:188} INFO - [2024-05-30T00:07:31.827+0000] {dagbag.py:538} INFO - Filling up the DagBag from /home/airflow/.local/lib/python3.8/site-packages/airflow/example_dags/tutorial_objectstorage.py
[2024-05-30T00:07:31.835+0000] {processor.py:840} INFO - DAG(s) 'tutorial_objectstorage' retrieved from /home/airflow/.local/lib/python3.8/site-packages/airflow/example_dags/tutorial_objectstorage.py
[2024-05-30T00:07:31.856+0000] {logging_mixin.py:188} INFO - [2024-05-30T00:07:31.856+0000] {dag.py:3036} INFO - Sync 1 DAGs
[2024-05-30T00:07:31.868+0000] {logging_mixin.py:188} INFO - [2024-05-30T00:07:31.867+0000] {dag.py:3823} INFO - Setting next_dagrun for tutorial_objectstorage to None, run_after=None
[2024-05-30T00:07:31.889+0000] {processor.py:183} INFO - Processing /home/airflow/.local/lib/python3.8/site-packages/airflow/example_dags/tutorial_objectstorage.py took 0.067 seconds
[2024-05-30T00:08:02.201+0000] {processor.py:161} INFO - Started process (PID=3641) to work on /home/airflow/.local/lib/python3.8/site-packages/airflow/example_dags/tutorial_objectstorage.py
[2024-05-30T00:08:02.203+0000] {processor.py:830} INFO - Processing file /home/airflow/.local/lib/python3.8/site-packages/airflow/example_dags/tutorial_objectstorage.py for tasks to queue
[2024-05-30T00:08:02.204+0000] {logging_mixin.py:188} INFO - [2024-05-30T00:08:02.204+0000] {dagbag.py:538} INFO - Filling up the DagBag from /home/airflow/.local/lib/python3.8/site-packages/airflow/example_dags/tutorial_objectstorage.py
[2024-05-30T00:08:02.211+0000] {processor.py:840} INFO - DAG(s) 'tutorial_objectstorage' retrieved from /home/airflow/.local/lib/python3.8/site-packages/airflow/example_dags/tutorial_objectstorage.py
[2024-05-30T00:08:02.233+0000] {logging_mixin.py:188} INFO - [2024-05-30T00:08:02.232+0000] {dag.py:3036} INFO - Sync 1 DAGs
[2024-05-30T00:08:02.245+0000] {logging_mixin.py:188} INFO - [2024-05-30T00:08:02.245+0000] {dag.py:3823} INFO - Setting next_dagrun for tutorial_objectstorage to None, run_after=None
[2024-05-30T00:08:02.278+0000] {processor.py:183} INFO - Processing /home/airflow/.local/lib/python3.8/site-packages/airflow/example_dags/tutorial_objectstorage.py took 0.079 seconds
[2024-05-30T00:08:32.668+0000] {processor.py:161} INFO - Started process (PID=3700) to work on /home/airflow/.local/lib/python3.8/site-packages/airflow/example_dags/tutorial_objectstorage.py
[2024-05-30T00:08:32.669+0000] {processor.py:830} INFO - Processing file /home/airflow/.local/lib/python3.8/site-packages/airflow/example_dags/tutorial_objectstorage.py for tasks to queue
[2024-05-30T00:08:32.670+0000] {logging_mixin.py:188} INFO - [2024-05-30T00:08:32.670+0000] {dagbag.py:538} INFO - Filling up the DagBag from /home/airflow/.local/lib/python3.8/site-packages/airflow/example_dags/tutorial_objectstorage.py
[2024-05-30T00:08:32.678+0000] {processor.py:840} INFO - DAG(s) 'tutorial_objectstorage' retrieved from /home/airflow/.local/lib/python3.8/site-packages/airflow/example_dags/tutorial_objectstorage.py
[2024-05-30T00:08:32.697+0000] {logging_mixin.py:188} INFO - [2024-05-30T00:08:32.697+0000] {dag.py:3036} INFO - Sync 1 DAGs
[2024-05-30T00:08:32.709+0000] {logging_mixin.py:188} INFO - [2024-05-30T00:08:32.709+0000] {dag.py:3823} INFO - Setting next_dagrun for tutorial_objectstorage to None, run_after=None
[2024-05-30T00:08:32.730+0000] {processor.py:183} INFO - Processing /home/airflow/.local/lib/python3.8/site-packages/airflow/example_dags/tutorial_objectstorage.py took 0.065 seconds
[2024-05-30T00:09:03.566+0000] {processor.py:161} INFO - Started process (PID=3759) to work on /home/airflow/.local/lib/python3.8/site-packages/airflow/example_dags/tutorial_objectstorage.py
[2024-05-30T00:09:03.567+0000] {processor.py:830} INFO - Processing file /home/airflow/.local/lib/python3.8/site-packages/airflow/example_dags/tutorial_objectstorage.py for tasks to queue
[2024-05-30T00:09:03.569+0000] {logging_mixin.py:188} INFO - [2024-05-30T00:09:03.569+0000] {dagbag.py:538} INFO - Filling up the DagBag from /home/airflow/.local/lib/python3.8/site-packages/airflow/example_dags/tutorial_objectstorage.py
[2024-05-30T00:09:03.578+0000] {processor.py:840} INFO - DAG(s) 'tutorial_objectstorage' retrieved from /home/airflow/.local/lib/python3.8/site-packages/airflow/example_dags/tutorial_objectstorage.py
[2024-05-30T00:09:03.599+0000] {logging_mixin.py:188} INFO - [2024-05-30T00:09:03.599+0000] {dag.py:3036} INFO - Sync 1 DAGs
[2024-05-30T00:09:03.612+0000] {logging_mixin.py:188} INFO - [2024-05-30T00:09:03.612+0000] {dag.py:3823} INFO - Setting next_dagrun for tutorial_objectstorage to None, run_after=None
[2024-05-30T00:09:03.636+0000] {processor.py:183} INFO - Processing /home/airflow/.local/lib/python3.8/site-packages/airflow/example_dags/tutorial_objectstorage.py took 0.075 seconds
[2024-05-30T00:09:33.973+0000] {processor.py:161} INFO - Started process (PID=3818) to work on /home/airflow/.local/lib/python3.8/site-packages/airflow/example_dags/tutorial_objectstorage.py
[2024-05-30T00:09:33.974+0000] {processor.py:830} INFO - Processing file /home/airflow/.local/lib/python3.8/site-packages/airflow/example_dags/tutorial_objectstorage.py for tasks to queue
[2024-05-30T00:09:33.976+0000] {logging_mixin.py:188} INFO - [2024-05-30T00:09:33.976+0000] {dagbag.py:538} INFO - Filling up the DagBag from /home/airflow/.local/lib/python3.8/site-packages/airflow/example_dags/tutorial_objectstorage.py
[2024-05-30T00:09:33.984+0000] {processor.py:840} INFO - DAG(s) 'tutorial_objectstorage' retrieved from /home/airflow/.local/lib/python3.8/site-packages/airflow/example_dags/tutorial_objectstorage.py
[2024-05-30T00:09:34.003+0000] {logging_mixin.py:188} INFO - [2024-05-30T00:09:34.002+0000] {dag.py:3036} INFO - Sync 1 DAGs
[2024-05-30T00:09:34.014+0000] {logging_mixin.py:188} INFO - [2024-05-30T00:09:34.014+0000] {dag.py:3823} INFO - Setting next_dagrun for tutorial_objectstorage to None, run_after=None
[2024-05-30T00:09:34.035+0000] {processor.py:183} INFO - Processing /home/airflow/.local/lib/python3.8/site-packages/airflow/example_dags/tutorial_objectstorage.py took 0.065 seconds
[2024-05-30T00:10:04.406+0000] {processor.py:161} INFO - Started process (PID=3877) to work on /home/airflow/.local/lib/python3.8/site-packages/airflow/example_dags/tutorial_objectstorage.py
[2024-05-30T00:10:04.407+0000] {processor.py:830} INFO - Processing file /home/airflow/.local/lib/python3.8/site-packages/airflow/example_dags/tutorial_objectstorage.py for tasks to queue
[2024-05-30T00:10:04.409+0000] {logging_mixin.py:188} INFO - [2024-05-30T00:10:04.409+0000] {dagbag.py:538} INFO - Filling up the DagBag from /home/airflow/.local/lib/python3.8/site-packages/airflow/example_dags/tutorial_objectstorage.py
[2024-05-30T00:10:04.416+0000] {processor.py:840} INFO - DAG(s) 'tutorial_objectstorage' retrieved from /home/airflow/.local/lib/python3.8/site-packages/airflow/example_dags/tutorial_objectstorage.py
[2024-05-30T00:10:04.436+0000] {logging_mixin.py:188} INFO - [2024-05-30T00:10:04.436+0000] {dag.py:3036} INFO - Sync 1 DAGs
[2024-05-30T00:10:04.447+0000] {logging_mixin.py:188} INFO - [2024-05-30T00:10:04.447+0000] {dag.py:3823} INFO - Setting next_dagrun for tutorial_objectstorage to None, run_after=None
[2024-05-30T00:10:04.468+0000] {processor.py:183} INFO - Processing /home/airflow/.local/lib/python3.8/site-packages/airflow/example_dags/tutorial_objectstorage.py took 0.064 seconds
[2024-05-30T00:10:35.335+0000] {processor.py:161} INFO - Started process (PID=3936) to work on /home/airflow/.local/lib/python3.8/site-packages/airflow/example_dags/tutorial_objectstorage.py
[2024-05-30T00:10:35.336+0000] {processor.py:830} INFO - Processing file /home/airflow/.local/lib/python3.8/site-packages/airflow/example_dags/tutorial_objectstorage.py for tasks to queue
[2024-05-30T00:10:35.338+0000] {logging_mixin.py:188} INFO - [2024-05-30T00:10:35.338+0000] {dagbag.py:538} INFO - Filling up the DagBag from /home/airflow/.local/lib/python3.8/site-packages/airflow/example_dags/tutorial_objectstorage.py
[2024-05-30T00:10:35.345+0000] {processor.py:840} INFO - DAG(s) 'tutorial_objectstorage' retrieved from /home/airflow/.local/lib/python3.8/site-packages/airflow/example_dags/tutorial_objectstorage.py
[2024-05-30T00:10:35.365+0000] {logging_mixin.py:188} INFO - [2024-05-30T00:10:35.365+0000] {dag.py:3036} INFO - Sync 1 DAGs
[2024-05-30T00:10:35.376+0000] {logging_mixin.py:188} INFO - [2024-05-30T00:10:35.375+0000] {dag.py:3823} INFO - Setting next_dagrun for tutorial_objectstorage to None, run_after=None
[2024-05-30T00:10:35.396+0000] {processor.py:183} INFO - Processing /home/airflow/.local/lib/python3.8/site-packages/airflow/example_dags/tutorial_objectstorage.py took 0.064 seconds
[2024-05-30T00:11:05.709+0000] {processor.py:161} INFO - Started process (PID=3995) to work on /home/airflow/.local/lib/python3.8/site-packages/airflow/example_dags/tutorial_objectstorage.py
[2024-05-30T00:11:05.709+0000] {processor.py:830} INFO - Processing file /home/airflow/.local/lib/python3.8/site-packages/airflow/example_dags/tutorial_objectstorage.py for tasks to queue
[2024-05-30T00:11:05.710+0000] {logging_mixin.py:188} INFO - [2024-05-30T00:11:05.710+0000] {dagbag.py:538} INFO - Filling up the DagBag from /home/airflow/.local/lib/python3.8/site-packages/airflow/example_dags/tutorial_objectstorage.py
[2024-05-30T00:11:05.717+0000] {processor.py:840} INFO - DAG(s) 'tutorial_objectstorage' retrieved from /home/airflow/.local/lib/python3.8/site-packages/airflow/example_dags/tutorial_objectstorage.py
[2024-05-30T00:11:05.733+0000] {logging_mixin.py:188} INFO - [2024-05-30T00:11:05.733+0000] {dag.py:3036} INFO - Sync 1 DAGs
[2024-05-30T00:11:05.744+0000] {logging_mixin.py:188} INFO - [2024-05-30T00:11:05.743+0000] {dag.py:3823} INFO - Setting next_dagrun for tutorial_objectstorage to None, run_after=None
[2024-05-30T00:11:05.763+0000] {processor.py:183} INFO - Processing /home/airflow/.local/lib/python3.8/site-packages/airflow/example_dags/tutorial_objectstorage.py took 0.057 seconds
[2024-05-30T00:11:36.669+0000] {processor.py:161} INFO - Started process (PID=4054) to work on /home/airflow/.local/lib/python3.8/site-packages/airflow/example_dags/tutorial_objectstorage.py
[2024-05-30T00:11:36.670+0000] {processor.py:830} INFO - Processing file /home/airflow/.local/lib/python3.8/site-packages/airflow/example_dags/tutorial_objectstorage.py for tasks to queue
[2024-05-30T00:11:36.672+0000] {logging_mixin.py:188} INFO - [2024-05-30T00:11:36.671+0000] {dagbag.py:538} INFO - Filling up the DagBag from /home/airflow/.local/lib/python3.8/site-packages/airflow/example_dags/tutorial_objectstorage.py
[2024-05-30T00:11:36.680+0000] {processor.py:840} INFO - DAG(s) 'tutorial_objectstorage' retrieved from /home/airflow/.local/lib/python3.8/site-packages/airflow/example_dags/tutorial_objectstorage.py
[2024-05-30T00:11:36.700+0000] {logging_mixin.py:188} INFO - [2024-05-30T00:11:36.700+0000] {dag.py:3036} INFO - Sync 1 DAGs
[2024-05-30T00:11:36.715+0000] {logging_mixin.py:188} INFO - [2024-05-30T00:11:36.715+0000] {dag.py:3823} INFO - Setting next_dagrun for tutorial_objectstorage to None, run_after=None
[2024-05-30T00:11:36.741+0000] {processor.py:183} INFO - Processing /home/airflow/.local/lib/python3.8/site-packages/airflow/example_dags/tutorial_objectstorage.py took 0.074 seconds
[2024-05-30T00:12:07.570+0000] {processor.py:161} INFO - Started process (PID=4119) to work on /home/airflow/.local/lib/python3.8/site-packages/airflow/example_dags/tutorial_objectstorage.py
[2024-05-30T00:12:07.571+0000] {processor.py:830} INFO - Processing file /home/airflow/.local/lib/python3.8/site-packages/airflow/example_dags/tutorial_objectstorage.py for tasks to queue
[2024-05-30T00:12:07.573+0000] {logging_mixin.py:188} INFO - [2024-05-30T00:12:07.572+0000] {dagbag.py:538} INFO - Filling up the DagBag from /home/airflow/.local/lib/python3.8/site-packages/airflow/example_dags/tutorial_objectstorage.py
[2024-05-30T00:12:07.581+0000] {processor.py:840} INFO - DAG(s) 'tutorial_objectstorage' retrieved from /home/airflow/.local/lib/python3.8/site-packages/airflow/example_dags/tutorial_objectstorage.py
[2024-05-30T00:12:07.604+0000] {logging_mixin.py:188} INFO - [2024-05-30T00:12:07.604+0000] {dag.py:3036} INFO - Sync 1 DAGs
[2024-05-30T00:12:07.618+0000] {logging_mixin.py:188} INFO - [2024-05-30T00:12:07.618+0000] {dag.py:3823} INFO - Setting next_dagrun for tutorial_objectstorage to None, run_after=None
[2024-05-30T00:12:07.643+0000] {processor.py:183} INFO - Processing /home/airflow/.local/lib/python3.8/site-packages/airflow/example_dags/tutorial_objectstorage.py took 0.075 seconds
[2024-05-30T00:12:38.078+0000] {processor.py:161} INFO - Started process (PID=4178) to work on /home/airflow/.local/lib/python3.8/site-packages/airflow/example_dags/tutorial_objectstorage.py
[2024-05-30T00:12:38.079+0000] {processor.py:830} INFO - Processing file /home/airflow/.local/lib/python3.8/site-packages/airflow/example_dags/tutorial_objectstorage.py for tasks to queue
[2024-05-30T00:12:38.080+0000] {logging_mixin.py:188} INFO - [2024-05-30T00:12:38.080+0000] {dagbag.py:538} INFO - Filling up the DagBag from /home/airflow/.local/lib/python3.8/site-packages/airflow/example_dags/tutorial_objectstorage.py
[2024-05-30T00:12:38.088+0000] {processor.py:840} INFO - DAG(s) 'tutorial_objectstorage' retrieved from /home/airflow/.local/lib/python3.8/site-packages/airflow/example_dags/tutorial_objectstorage.py
[2024-05-30T00:12:38.108+0000] {logging_mixin.py:188} INFO - [2024-05-30T00:12:38.108+0000] {dag.py:3036} INFO - Sync 1 DAGs
[2024-05-30T00:12:38.119+0000] {logging_mixin.py:188} INFO - [2024-05-30T00:12:38.119+0000] {dag.py:3823} INFO - Setting next_dagrun for tutorial_objectstorage to None, run_after=None
[2024-05-30T00:12:38.143+0000] {processor.py:183} INFO - Processing /home/airflow/.local/lib/python3.8/site-packages/airflow/example_dags/tutorial_objectstorage.py took 0.068 seconds
[2024-05-30T00:13:09.004+0000] {processor.py:161} INFO - Started process (PID=4237) to work on /home/airflow/.local/lib/python3.8/site-packages/airflow/example_dags/tutorial_objectstorage.py
[2024-05-30T00:13:09.005+0000] {processor.py:830} INFO - Processing file /home/airflow/.local/lib/python3.8/site-packages/airflow/example_dags/tutorial_objectstorage.py for tasks to queue
[2024-05-30T00:13:09.007+0000] {logging_mixin.py:188} INFO - [2024-05-30T00:13:09.007+0000] {dagbag.py:538} INFO - Filling up the DagBag from /home/airflow/.local/lib/python3.8/site-packages/airflow/example_dags/tutorial_objectstorage.py
[2024-05-30T00:13:09.015+0000] {processor.py:840} INFO - DAG(s) 'tutorial_objectstorage' retrieved from /home/airflow/.local/lib/python3.8/site-packages/airflow/example_dags/tutorial_objectstorage.py
[2024-05-30T00:13:09.036+0000] {logging_mixin.py:188} INFO - [2024-05-30T00:13:09.036+0000] {dag.py:3036} INFO - Sync 1 DAGs
[2024-05-30T00:13:09.049+0000] {logging_mixin.py:188} INFO - [2024-05-30T00:13:09.049+0000] {dag.py:3823} INFO - Setting next_dagrun for tutorial_objectstorage to None, run_after=None
[2024-05-30T00:13:09.074+0000] {processor.py:183} INFO - Processing /home/airflow/.local/lib/python3.8/site-packages/airflow/example_dags/tutorial_objectstorage.py took 0.073 seconds
[2024-05-30T00:13:39.627+0000] {processor.py:161} INFO - Started process (PID=4296) to work on /home/airflow/.local/lib/python3.8/site-packages/airflow/example_dags/tutorial_objectstorage.py
[2024-05-30T00:13:39.628+0000] {processor.py:830} INFO - Processing file /home/airflow/.local/lib/python3.8/site-packages/airflow/example_dags/tutorial_objectstorage.py for tasks to queue
[2024-05-30T00:13:39.630+0000] {logging_mixin.py:188} INFO - [2024-05-30T00:13:39.630+0000] {dagbag.py:538} INFO - Filling up the DagBag from /home/airflow/.local/lib/python3.8/site-packages/airflow/example_dags/tutorial_objectstorage.py
[2024-05-30T00:13:39.637+0000] {processor.py:840} INFO - DAG(s) 'tutorial_objectstorage' retrieved from /home/airflow/.local/lib/python3.8/site-packages/airflow/example_dags/tutorial_objectstorage.py
[2024-05-30T00:13:39.658+0000] {logging_mixin.py:188} INFO - [2024-05-30T00:13:39.658+0000] {dag.py:3036} INFO - Sync 1 DAGs
[2024-05-30T00:13:39.670+0000] {logging_mixin.py:188} INFO - [2024-05-30T00:13:39.670+0000] {dag.py:3823} INFO - Setting next_dagrun for tutorial_objectstorage to None, run_after=None
[2024-05-30T00:13:39.694+0000] {processor.py:183} INFO - Processing /home/airflow/.local/lib/python3.8/site-packages/airflow/example_dags/tutorial_objectstorage.py took 0.070 seconds
[2024-05-30T00:14:10.497+0000] {processor.py:161} INFO - Started process (PID=4355) to work on /home/airflow/.local/lib/python3.8/site-packages/airflow/example_dags/tutorial_objectstorage.py
[2024-05-30T00:14:10.498+0000] {processor.py:830} INFO - Processing file /home/airflow/.local/lib/python3.8/site-packages/airflow/example_dags/tutorial_objectstorage.py for tasks to queue
[2024-05-30T00:14:10.500+0000] {logging_mixin.py:188} INFO - [2024-05-30T00:14:10.499+0000] {dagbag.py:538} INFO - Filling up the DagBag from /home/airflow/.local/lib/python3.8/site-packages/airflow/example_dags/tutorial_objectstorage.py
[2024-05-30T00:14:10.507+0000] {processor.py:840} INFO - DAG(s) 'tutorial_objectstorage' retrieved from /home/airflow/.local/lib/python3.8/site-packages/airflow/example_dags/tutorial_objectstorage.py
[2024-05-30T00:14:10.527+0000] {logging_mixin.py:188} INFO - [2024-05-30T00:14:10.527+0000] {dag.py:3036} INFO - Sync 1 DAGs
[2024-05-30T00:14:10.539+0000] {logging_mixin.py:188} INFO - [2024-05-30T00:14:10.539+0000] {dag.py:3823} INFO - Setting next_dagrun for tutorial_objectstorage to None, run_after=None
[2024-05-30T00:14:10.560+0000] {processor.py:183} INFO - Processing /home/airflow/.local/lib/python3.8/site-packages/airflow/example_dags/tutorial_objectstorage.py took 0.066 seconds
