[2024-05-31T12:28:44.471+0000] {taskinstance.py:1956} INFO - Dependencies all met for dep_context=non-requeueable deps ti=<TaskInstance: tipico_dag.load_data_to_redshift manual__2024-05-31T12:23:38.696705+00:00 [queued]>
[2024-05-31T12:28:44.481+0000] {taskinstance.py:1956} INFO - Dependencies all met for dep_context=requeueable deps ti=<TaskInstance: tipico_dag.load_data_to_redshift manual__2024-05-31T12:23:38.696705+00:00 [queued]>
[2024-05-31T12:28:44.482+0000] {taskinstance.py:2170} INFO - Starting attempt 2 of 2
[2024-05-31T12:28:44.505+0000] {taskinstance.py:2191} INFO - Executing <Task(PythonOperator): load_data_to_redshift> on 2024-05-31 12:23:38.696705+00:00
[2024-05-31T12:28:44.512+0000] {standard_task_runner.py:60} INFO - Started process 34303 to run task
[2024-05-31T12:28:44.515+0000] {standard_task_runner.py:87} INFO - Running: ['***', 'tasks', 'run', 'tipico_dag', 'load_data_to_redshift', 'manual__2024-05-31T12:23:38.696705+00:00', '--job-id', '454', '--raw', '--subdir', 'DAGS_FOLDER/tipico_dag.py', '--cfg-path', '/tmp/tmpuqqg02m5']
[2024-05-31T12:28:44.517+0000] {standard_task_runner.py:88} INFO - Job 454: Subtask load_data_to_redshift
[2024-05-31T12:28:44.565+0000] {task_command.py:423} INFO - Running <TaskInstance: tipico_dag.load_data_to_redshift manual__2024-05-31T12:23:38.696705+00:00 [running]> on host a71bb5ce980f
[2024-05-31T12:28:44.644+0000] {taskinstance.py:2480} INFO - Exporting env vars: AIRFLOW_CTX_DAG_OWNER='***' AIRFLOW_CTX_DAG_ID='tipico_dag' AIRFLOW_CTX_TASK_ID='load_data_to_redshift' AIRFLOW_CTX_EXECUTION_DATE='2024-05-31T12:23:38.696705+00:00' AIRFLOW_CTX_TRY_NUMBER='2' AIRFLOW_CTX_DAG_RUN_ID='manual__2024-05-31T12:23:38.696705+00:00'
[2024-05-31T12:28:44.689+0000] {logging_mixin.py:188} INFO -    Unnamed: 0  ...  eventMetadata
0           0  ...            NaN
1           1  ...            NaN

[2 rows x 22 columns]
[2024-05-31T12:28:44.702+0000] {logging_mixin.py:188} INFO - 2
[2024-05-31T12:28:44.703+0000] {logging_mixin.py:188} INFO - {'id': 71233, 'name': 'Kato M / Kichenok N', 'position': 'HOME', 'abbreviation': 'KKI'} ---------------- 0
[2024-05-31T12:28:44.705+0000] {logging_mixin.py:188} INFO - {'id': 39274, 'name': 'Saville D / Tomljanovic A', 'position': 'AWAY', 'abbreviation': 'STO'} ---------------- 0
[2024-05-31T12:28:44.706+0000] {logging_mixin.py:188} INFO - 2
[2024-05-31T12:28:44.707+0000] {logging_mixin.py:188} INFO - {'id': 86144, 'name': 'Jacquemot E / Tan H', 'position': 'HOME', 'abbreviation': 'JTA'} ---------------- 1
[2024-05-31T12:28:44.708+0000] {logging_mixin.py:188} INFO - {'id': 30924, 'name': 'Mihalikova T / Noskova L', 'position': 'AWAY', 'abbreviation': 'MNO'} ---------------- 1
[2024-05-31T12:28:44.749+0000] {logging_mixin.py:188} INFO - nested_dist_________ {"id": 54, "name": "French Open Women Doubles", "parentGroup": {"id": 55, "name": "WTA", "parentGroup": {"id": 21, "name": "Tennis"}}}
[2024-05-31T12:28:44.750+0000] {logging_mixin.py:188} INFO - nested_dist_________ {"id": 54, "name": "French Open Women Doubles", "parentGroup": {"id": 55, "name": "WTA", "parentGroup": {"id": 21, "name": "Tennis"}}}
[2024-05-31T12:28:44.752+0000] {logging_mixin.py:188} INFO - nested_dist_________ {"id": 54, "name": "French Open Women Doubles", "parentGroup": {"id": 55, "name": "WTA", "parentGroup": {"id": 21, "name": "Tennis"}}}
[2024-05-31T12:28:44.754+0000] {logging_mixin.py:188} INFO - nested_dist_________ {"id": 54, "name": "French Open Women Doubles", "parentGroup": {"id": 55, "name": "WTA", "parentGroup": {"id": 21, "name": "Tennis"}}}
[2024-05-31T12:28:44.755+0000] {logging_mixin.py:188} INFO - combined list_________________ []
[2024-05-31T12:28:44.779+0000] {taskinstance.py:2698} ERROR - Task failed with exception
Traceback (most recent call last):
  File "/home/airflow/.local/lib/python3.8/site-packages/airflow/models/taskinstance.py", line 433, in _execute_task
    result = execute_callable(context=context, **execute_callable_kwargs)
  File "/home/airflow/.local/lib/python3.8/site-packages/airflow/operators/python.py", line 199, in execute
    return_value = self.execute_callable()
  File "/home/airflow/.local/lib/python3.8/site-packages/airflow/operators/python.py", line 216, in execute_callable
    return self.python_callable(*self.op_args, **self.op_kwargs)
  File "/opt/airflow/dags/tipico_etl.py", line 152, in load_data_to_redshift
    df = get_group(df, 'group', 'group')
  File "/opt/airflow/dags/tipico_etl.py", line 112, in get_group
    merged_df = df.merge(group_df, left_on='id', right_on='match_id').drop(columns=['match_id'])
  File "/home/airflow/.local/lib/python3.8/site-packages/pandas/core/frame.py", line 9843, in merge
    return merge(
  File "/home/airflow/.local/lib/python3.8/site-packages/pandas/core/reshape/merge.py", line 148, in merge
    op = _MergeOperation(
  File "/home/airflow/.local/lib/python3.8/site-packages/pandas/core/reshape/merge.py", line 737, in __init__
    ) = self._get_merge_keys()
  File "/home/airflow/.local/lib/python3.8/site-packages/pandas/core/reshape/merge.py", line 1203, in _get_merge_keys
    right_keys.append(right._get_label_or_level_values(rk))
  File "/home/airflow/.local/lib/python3.8/site-packages/pandas/core/generic.py", line 1778, in _get_label_or_level_values
    raise KeyError(key)
KeyError: 'match_id'
[2024-05-31T12:28:44.813+0000] {taskinstance.py:1138} INFO - Marking task as FAILED. dag_id=tipico_dag, task_id=load_data_to_redshift, execution_date=20240531T122338, start_date=20240531T122844, end_date=20240531T122844
[2024-05-31T12:28:44.836+0000] {standard_task_runner.py:107} ERROR - Failed to execute job 454 for task load_data_to_redshift ('match_id'; 34303)
[2024-05-31T12:28:44.851+0000] {local_task_job_runner.py:234} INFO - Task exited with return code 1
[2024-05-31T12:28:44.876+0000] {taskinstance.py:3280} INFO - 0 downstream tasks scheduled from follow-on schedule check
