[2024-05-31T09:00:04.961+0000] {taskinstance.py:1956} INFO - Dependencies all met for dep_context=non-requeueable deps ti=<TaskInstance: tipico_dag.load_data_to_redshift scheduled__2024-05-31T08:50:00+00:00 [queued]>
[2024-05-31T09:00:04.970+0000] {taskinstance.py:1956} INFO - Dependencies all met for dep_context=requeueable deps ti=<TaskInstance: tipico_dag.load_data_to_redshift scheduled__2024-05-31T08:50:00+00:00 [queued]>
[2024-05-31T09:00:04.971+0000] {taskinstance.py:2170} INFO - Starting attempt 1 of 2
[2024-05-31T09:00:04.985+0000] {taskinstance.py:2191} INFO - Executing <Task(PythonOperator): load_data_to_redshift> on 2024-05-31 08:50:00+00:00
[2024-05-31T09:00:04.992+0000] {standard_task_runner.py:60} INFO - Started process 30836 to run task
[2024-05-31T09:00:04.998+0000] {standard_task_runner.py:87} INFO - Running: ['***', 'tasks', 'run', 'tipico_dag', 'load_data_to_redshift', 'scheduled__2024-05-31T08:50:00+00:00', '--job-id', '329', '--raw', '--subdir', 'DAGS_FOLDER/tipico_dag.py', '--cfg-path', '/tmp/tmpv7zkuczt']
[2024-05-31T09:00:05.000+0000] {standard_task_runner.py:88} INFO - Job 329: Subtask load_data_to_redshift
[2024-05-31T09:00:05.071+0000] {task_command.py:423} INFO - Running <TaskInstance: tipico_dag.load_data_to_redshift scheduled__2024-05-31T08:50:00+00:00 [running]> on host a71bb5ce980f
[2024-05-31T09:00:05.163+0000] {taskinstance.py:2480} INFO - Exporting env vars: AIRFLOW_CTX_DAG_OWNER='***' AIRFLOW_CTX_DAG_ID='tipico_dag' AIRFLOW_CTX_TASK_ID='load_data_to_redshift' AIRFLOW_CTX_EXECUTION_DATE='2024-05-31T08:50:00+00:00' AIRFLOW_CTX_TRY_NUMBER='1' AIRFLOW_CTX_DAG_RUN_ID='scheduled__2024-05-31T08:50:00+00:00'
[2024-05-31T09:00:05.215+0000] {logging_mixin.py:188} INFO -    Unnamed: 0  ...  eventMetadata
0           0  ...            NaN
1           1  ...            NaN
2           2  ...            NaN
3           3  ...            NaN
4           4  ...            NaN

[5 rows x 23 columns]
[2024-05-31T09:00:05.229+0000] {base.py:83} INFO - Using connection ID 'redshift_default' for task execution.
[2024-05-31T09:00:06.074+0000] {logging_mixin.py:188} INFO - {816775}
[2024-05-31T09:00:06.453+0000] {logging_mixin.py:188} INFO - {814918}
[2024-05-31T09:00:06.625+0000] {logging_mixin.py:188} INFO - {814870}
[2024-05-31T09:00:06.838+0000] {logging_mixin.py:188} INFO - {814933}
[2024-05-31T09:00:07.025+0000] {logging_mixin.py:188} INFO - {814872}
[2024-05-31T09:00:07.187+0000] {logging_mixin.py:188} INFO - {817801}
[2024-05-31T09:00:07.363+0000] {logging_mixin.py:188} INFO - {819146}
[2024-05-31T09:00:07.764+0000] {logging_mixin.py:188} INFO - {819147}
[2024-05-31T09:00:07.941+0000] {logging_mixin.py:188} INFO - {818838}
[2024-05-31T09:00:08.129+0000] {logging_mixin.py:188} INFO - {818844}
[2024-05-31T09:00:08.310+0000] {logging_mixin.py:188} INFO - {818806}
[2024-05-31T09:00:08.479+0000] {logging_mixin.py:188} INFO - {819199}
[2024-05-31T09:00:08.656+0000] {logging_mixin.py:188} INFO - {818842}
[2024-05-31T09:00:08.824+0000] {logging_mixin.py:188} INFO - {819229}
[2024-05-31T09:00:09.003+0000] {logging_mixin.py:188} INFO - {814968}
[2024-05-31T09:00:09.196+0000] {logging_mixin.py:188} INFO - {818803}
[2024-05-31T09:00:09.370+0000] {logging_mixin.py:188} INFO - {818870}
[2024-05-31T09:00:09.535+0000] {logging_mixin.py:188} INFO - {814877}
[2024-05-31T09:00:10.463+0000] {python.py:201} INFO - Done. Returned value was: None
[2024-05-31T09:00:10.483+0000] {taskinstance.py:1138} INFO - Marking task as SUCCESS. dag_id=tipico_dag, task_id=load_data_to_redshift, execution_date=20240531T085000, start_date=20240531T090004, end_date=20240531T090010
[2024-05-31T09:00:10.523+0000] {local_task_job_runner.py:234} INFO - Task exited with return code 0
[2024-05-31T09:00:10.541+0000] {taskinstance.py:3280} INFO - 0 downstream tasks scheduled from follow-on schedule check
