[2024-05-30T00:00:12.076+0000] {processor.py:161} INFO - Started process (PID=2713) to work on /opt/airflow/dags/tipico_dag.py
[2024-05-30T00:00:12.077+0000] {processor.py:830} INFO - Processing file /opt/airflow/dags/tipico_dag.py for tasks to queue
[2024-05-30T00:00:12.079+0000] {logging_mixin.py:188} INFO - [2024-05-30T00:00:12.079+0000] {dagbag.py:538} INFO - Filling up the DagBag from /opt/airflow/dags/tipico_dag.py
[2024-05-30T00:00:12.595+0000] {processor.py:840} INFO - DAG(s) 'tipico_dag' retrieved from /opt/airflow/dags/tipico_dag.py
[2024-05-30T00:00:12.681+0000] {logging_mixin.py:188} INFO - [2024-05-30T00:00:12.681+0000] {dag.py:3036} INFO - Sync 1 DAGs
[2024-05-30T00:00:12.700+0000] {logging_mixin.py:188} INFO - [2024-05-30T00:00:12.700+0000] {dag.py:3823} INFO - Setting next_dagrun for tipico_dag to 2024-05-29 23:50:00+00:00, run_after=2024-05-30 00:00:00+00:00
[2024-05-30T00:00:12.723+0000] {processor.py:183} INFO - Processing /opt/airflow/dags/tipico_dag.py took 0.653 seconds
[2024-05-30T00:00:42.779+0000] {processor.py:161} INFO - Started process (PID=2772) to work on /opt/airflow/dags/tipico_dag.py
[2024-05-30T00:00:42.780+0000] {processor.py:830} INFO - Processing file /opt/airflow/dags/tipico_dag.py for tasks to queue
[2024-05-30T00:00:42.781+0000] {logging_mixin.py:188} INFO - [2024-05-30T00:00:42.781+0000] {dagbag.py:538} INFO - Filling up the DagBag from /opt/airflow/dags/tipico_dag.py
[2024-05-30T00:00:43.251+0000] {processor.py:840} INFO - DAG(s) 'tipico_dag' retrieved from /opt/airflow/dags/tipico_dag.py
[2024-05-30T00:00:43.281+0000] {logging_mixin.py:188} INFO - [2024-05-30T00:00:43.280+0000] {dag.py:3036} INFO - Sync 1 DAGs
[2024-05-30T00:00:43.312+0000] {logging_mixin.py:188} INFO - [2024-05-30T00:00:43.311+0000] {dag.py:3823} INFO - Setting next_dagrun for tipico_dag to 2024-05-29 23:50:00+00:00, run_after=2024-05-30 00:00:00+00:00
[2024-05-30T00:00:43.366+0000] {processor.py:183} INFO - Processing /opt/airflow/dags/tipico_dag.py took 0.590 seconds
[2024-05-30T00:01:13.506+0000] {processor.py:161} INFO - Started process (PID=2831) to work on /opt/airflow/dags/tipico_dag.py
[2024-05-30T00:01:13.508+0000] {processor.py:830} INFO - Processing file /opt/airflow/dags/tipico_dag.py for tasks to queue
[2024-05-30T00:01:13.511+0000] {logging_mixin.py:188} INFO - [2024-05-30T00:01:13.510+0000] {dagbag.py:538} INFO - Filling up the DagBag from /opt/airflow/dags/tipico_dag.py
[2024-05-30T00:01:14.383+0000] {processor.py:840} INFO - DAG(s) 'tipico_dag' retrieved from /opt/airflow/dags/tipico_dag.py
[2024-05-30T00:01:14.409+0000] {logging_mixin.py:188} INFO - [2024-05-30T00:01:14.408+0000] {dag.py:3036} INFO - Sync 1 DAGs
[2024-05-30T00:01:14.445+0000] {logging_mixin.py:188} INFO - [2024-05-30T00:01:14.445+0000] {dag.py:3823} INFO - Setting next_dagrun for tipico_dag to 2024-05-29 23:50:00+00:00, run_after=2024-05-30 00:00:00+00:00
[2024-05-30T00:01:14.479+0000] {processor.py:183} INFO - Processing /opt/airflow/dags/tipico_dag.py took 0.979 seconds
[2024-05-30T00:01:44.742+0000] {processor.py:161} INFO - Started process (PID=2890) to work on /opt/airflow/dags/tipico_dag.py
[2024-05-30T00:01:44.743+0000] {processor.py:830} INFO - Processing file /opt/airflow/dags/tipico_dag.py for tasks to queue
[2024-05-30T00:01:44.744+0000] {logging_mixin.py:188} INFO - [2024-05-30T00:01:44.744+0000] {dagbag.py:538} INFO - Filling up the DagBag from /opt/airflow/dags/tipico_dag.py
[2024-05-30T00:01:45.341+0000] {processor.py:840} INFO - DAG(s) 'tipico_dag' retrieved from /opt/airflow/dags/tipico_dag.py
[2024-05-30T00:01:45.357+0000] {logging_mixin.py:188} INFO - [2024-05-30T00:01:45.356+0000] {dag.py:3036} INFO - Sync 1 DAGs
[2024-05-30T00:01:45.376+0000] {logging_mixin.py:188} INFO - [2024-05-30T00:01:45.375+0000] {dag.py:3823} INFO - Setting next_dagrun for tipico_dag to 2024-05-29 23:50:00+00:00, run_after=2024-05-30 00:00:00+00:00
[2024-05-30T00:01:45.395+0000] {processor.py:183} INFO - Processing /opt/airflow/dags/tipico_dag.py took 0.657 seconds
[2024-05-30T00:02:15.672+0000] {processor.py:161} INFO - Started process (PID=2949) to work on /opt/airflow/dags/tipico_dag.py
[2024-05-30T00:02:15.674+0000] {processor.py:830} INFO - Processing file /opt/airflow/dags/tipico_dag.py for tasks to queue
[2024-05-30T00:02:15.676+0000] {logging_mixin.py:188} INFO - [2024-05-30T00:02:15.676+0000] {dagbag.py:538} INFO - Filling up the DagBag from /opt/airflow/dags/tipico_dag.py
[2024-05-30T00:02:16.218+0000] {processor.py:840} INFO - DAG(s) 'tipico_dag' retrieved from /opt/airflow/dags/tipico_dag.py
[2024-05-30T00:02:16.239+0000] {logging_mixin.py:188} INFO - [2024-05-30T00:02:16.238+0000] {dag.py:3036} INFO - Sync 1 DAGs
[2024-05-30T00:02:16.262+0000] {logging_mixin.py:188} INFO - [2024-05-30T00:02:16.262+0000] {dag.py:3823} INFO - Setting next_dagrun for tipico_dag to 2024-05-29 23:50:00+00:00, run_after=2024-05-30 00:00:00+00:00
[2024-05-30T00:02:16.286+0000] {processor.py:183} INFO - Processing /opt/airflow/dags/tipico_dag.py took 0.620 seconds
[2024-05-30T00:02:46.987+0000] {processor.py:161} INFO - Started process (PID=3008) to work on /opt/airflow/dags/tipico_dag.py
[2024-05-30T00:02:46.988+0000] {processor.py:830} INFO - Processing file /opt/airflow/dags/tipico_dag.py for tasks to queue
[2024-05-30T00:02:46.990+0000] {logging_mixin.py:188} INFO - [2024-05-30T00:02:46.990+0000] {dagbag.py:538} INFO - Filling up the DagBag from /opt/airflow/dags/tipico_dag.py
[2024-05-30T00:02:47.961+0000] {processor.py:840} INFO - DAG(s) 'tipico_dag' retrieved from /opt/airflow/dags/tipico_dag.py
[2024-05-30T00:02:47.987+0000] {logging_mixin.py:188} INFO - [2024-05-30T00:02:47.986+0000] {dag.py:3036} INFO - Sync 1 DAGs
[2024-05-30T00:02:48.020+0000] {logging_mixin.py:188} INFO - [2024-05-30T00:02:48.020+0000] {dag.py:3823} INFO - Setting next_dagrun for tipico_dag to 2024-05-29 23:50:00+00:00, run_after=2024-05-30 00:00:00+00:00
[2024-05-30T00:02:48.044+0000] {processor.py:183} INFO - Processing /opt/airflow/dags/tipico_dag.py took 1.062 seconds
[2024-05-30T00:03:18.415+0000] {processor.py:161} INFO - Started process (PID=3067) to work on /opt/airflow/dags/tipico_dag.py
[2024-05-30T00:03:18.417+0000] {processor.py:830} INFO - Processing file /opt/airflow/dags/tipico_dag.py for tasks to queue
[2024-05-30T00:03:18.419+0000] {logging_mixin.py:188} INFO - [2024-05-30T00:03:18.418+0000] {dagbag.py:538} INFO - Filling up the DagBag from /opt/airflow/dags/tipico_dag.py
[2024-05-30T00:03:18.910+0000] {processor.py:840} INFO - DAG(s) 'tipico_dag' retrieved from /opt/airflow/dags/tipico_dag.py
[2024-05-30T00:03:18.926+0000] {logging_mixin.py:188} INFO - [2024-05-30T00:03:18.926+0000] {dag.py:3036} INFO - Sync 1 DAGs
[2024-05-30T00:03:18.946+0000] {logging_mixin.py:188} INFO - [2024-05-30T00:03:18.945+0000] {dag.py:3823} INFO - Setting next_dagrun for tipico_dag to 2024-05-29 23:50:00+00:00, run_after=2024-05-30 00:00:00+00:00
[2024-05-30T00:03:18.966+0000] {processor.py:183} INFO - Processing /opt/airflow/dags/tipico_dag.py took 0.558 seconds
[2024-05-30T00:03:49.187+0000] {processor.py:161} INFO - Started process (PID=3126) to work on /opt/airflow/dags/tipico_dag.py
[2024-05-30T00:03:49.189+0000] {processor.py:830} INFO - Processing file /opt/airflow/dags/tipico_dag.py for tasks to queue
[2024-05-30T00:03:49.191+0000] {logging_mixin.py:188} INFO - [2024-05-30T00:03:49.191+0000] {dagbag.py:538} INFO - Filling up the DagBag from /opt/airflow/dags/tipico_dag.py
[2024-05-30T00:03:49.693+0000] {processor.py:840} INFO - DAG(s) 'tipico_dag' retrieved from /opt/airflow/dags/tipico_dag.py
[2024-05-30T00:03:49.707+0000] {logging_mixin.py:188} INFO - [2024-05-30T00:03:49.706+0000] {dag.py:3036} INFO - Sync 1 DAGs
[2024-05-30T00:03:49.725+0000] {logging_mixin.py:188} INFO - [2024-05-30T00:03:49.725+0000] {dag.py:3823} INFO - Setting next_dagrun for tipico_dag to 2024-05-29 23:50:00+00:00, run_after=2024-05-30 00:00:00+00:00
[2024-05-30T00:03:49.744+0000] {processor.py:183} INFO - Processing /opt/airflow/dags/tipico_dag.py took 0.564 seconds
[2024-05-30T00:04:20.000+0000] {processor.py:161} INFO - Started process (PID=3185) to work on /opt/airflow/dags/tipico_dag.py
[2024-05-30T00:04:20.002+0000] {processor.py:830} INFO - Processing file /opt/airflow/dags/tipico_dag.py for tasks to queue
[2024-05-30T00:04:20.004+0000] {logging_mixin.py:188} INFO - [2024-05-30T00:04:20.004+0000] {dagbag.py:538} INFO - Filling up the DagBag from /opt/airflow/dags/tipico_dag.py
[2024-05-30T00:04:20.506+0000] {processor.py:840} INFO - DAG(s) 'tipico_dag' retrieved from /opt/airflow/dags/tipico_dag.py
[2024-05-30T00:04:20.523+0000] {logging_mixin.py:188} INFO - [2024-05-30T00:04:20.522+0000] {dag.py:3036} INFO - Sync 1 DAGs
[2024-05-30T00:04:20.542+0000] {logging_mixin.py:188} INFO - [2024-05-30T00:04:20.542+0000] {dag.py:3823} INFO - Setting next_dagrun for tipico_dag to 2024-05-29 23:50:00+00:00, run_after=2024-05-30 00:00:00+00:00
[2024-05-30T00:04:20.560+0000] {processor.py:183} INFO - Processing /opt/airflow/dags/tipico_dag.py took 0.568 seconds
[2024-05-30T00:04:50.715+0000] {processor.py:161} INFO - Started process (PID=3244) to work on /opt/airflow/dags/tipico_dag.py
[2024-05-30T00:04:50.716+0000] {processor.py:830} INFO - Processing file /opt/airflow/dags/tipico_dag.py for tasks to queue
[2024-05-30T00:04:50.717+0000] {logging_mixin.py:188} INFO - [2024-05-30T00:04:50.717+0000] {dagbag.py:538} INFO - Filling up the DagBag from /opt/airflow/dags/tipico_dag.py
[2024-05-30T00:04:51.187+0000] {processor.py:840} INFO - DAG(s) 'tipico_dag' retrieved from /opt/airflow/dags/tipico_dag.py
[2024-05-30T00:04:51.203+0000] {logging_mixin.py:188} INFO - [2024-05-30T00:04:51.203+0000] {dag.py:3036} INFO - Sync 1 DAGs
[2024-05-30T00:04:51.223+0000] {logging_mixin.py:188} INFO - [2024-05-30T00:04:51.223+0000] {dag.py:3823} INFO - Setting next_dagrun for tipico_dag to 2024-05-29 23:50:00+00:00, run_after=2024-05-30 00:00:00+00:00
[2024-05-30T00:04:51.243+0000] {processor.py:183} INFO - Processing /opt/airflow/dags/tipico_dag.py took 0.530 seconds
[2024-05-30T00:05:21.430+0000] {processor.py:161} INFO - Started process (PID=3303) to work on /opt/airflow/dags/tipico_dag.py
[2024-05-30T00:05:21.431+0000] {processor.py:830} INFO - Processing file /opt/airflow/dags/tipico_dag.py for tasks to queue
[2024-05-30T00:05:21.432+0000] {logging_mixin.py:188} INFO - [2024-05-30T00:05:21.432+0000] {dagbag.py:538} INFO - Filling up the DagBag from /opt/airflow/dags/tipico_dag.py
[2024-05-30T00:05:21.966+0000] {processor.py:840} INFO - DAG(s) 'tipico_dag' retrieved from /opt/airflow/dags/tipico_dag.py
[2024-05-30T00:05:21.983+0000] {logging_mixin.py:188} INFO - [2024-05-30T00:05:21.983+0000] {dag.py:3036} INFO - Sync 1 DAGs
[2024-05-30T00:05:22.001+0000] {logging_mixin.py:188} INFO - [2024-05-30T00:05:22.001+0000] {dag.py:3823} INFO - Setting next_dagrun for tipico_dag to 2024-05-29 23:50:00+00:00, run_after=2024-05-30 00:00:00+00:00
[2024-05-30T00:05:22.024+0000] {processor.py:183} INFO - Processing /opt/airflow/dags/tipico_dag.py took 0.597 seconds
[2024-05-30T00:05:52.428+0000] {processor.py:161} INFO - Started process (PID=3362) to work on /opt/airflow/dags/tipico_dag.py
[2024-05-30T00:05:52.429+0000] {processor.py:830} INFO - Processing file /opt/airflow/dags/tipico_dag.py for tasks to queue
[2024-05-30T00:05:52.432+0000] {logging_mixin.py:188} INFO - [2024-05-30T00:05:52.431+0000] {dagbag.py:538} INFO - Filling up the DagBag from /opt/airflow/dags/tipico_dag.py
[2024-05-30T00:05:52.932+0000] {processor.py:840} INFO - DAG(s) 'tipico_dag' retrieved from /opt/airflow/dags/tipico_dag.py
[2024-05-30T00:05:52.951+0000] {logging_mixin.py:188} INFO - [2024-05-30T00:05:52.950+0000] {dag.py:3036} INFO - Sync 1 DAGs
[2024-05-30T00:05:52.981+0000] {logging_mixin.py:188} INFO - [2024-05-30T00:05:52.981+0000] {dag.py:3823} INFO - Setting next_dagrun for tipico_dag to 2024-05-29 23:50:00+00:00, run_after=2024-05-30 00:00:00+00:00
[2024-05-30T00:05:53.001+0000] {processor.py:183} INFO - Processing /opt/airflow/dags/tipico_dag.py took 0.579 seconds
[2024-05-30T00:06:23.368+0000] {processor.py:161} INFO - Started process (PID=3421) to work on /opt/airflow/dags/tipico_dag.py
[2024-05-30T00:06:23.370+0000] {processor.py:830} INFO - Processing file /opt/airflow/dags/tipico_dag.py for tasks to queue
[2024-05-30T00:06:23.372+0000] {logging_mixin.py:188} INFO - [2024-05-30T00:06:23.371+0000] {dagbag.py:538} INFO - Filling up the DagBag from /opt/airflow/dags/tipico_dag.py
[2024-05-30T00:06:23.877+0000] {processor.py:840} INFO - DAG(s) 'tipico_dag' retrieved from /opt/airflow/dags/tipico_dag.py
[2024-05-30T00:06:23.894+0000] {logging_mixin.py:188} INFO - [2024-05-30T00:06:23.894+0000] {dag.py:3036} INFO - Sync 1 DAGs
[2024-05-30T00:06:23.914+0000] {logging_mixin.py:188} INFO - [2024-05-30T00:06:23.913+0000] {dag.py:3823} INFO - Setting next_dagrun for tipico_dag to 2024-05-29 23:50:00+00:00, run_after=2024-05-30 00:00:00+00:00
[2024-05-30T00:06:23.932+0000] {processor.py:183} INFO - Processing /opt/airflow/dags/tipico_dag.py took 0.570 seconds
[2024-05-30T00:06:54.035+0000] {processor.py:161} INFO - Started process (PID=3480) to work on /opt/airflow/dags/tipico_dag.py
[2024-05-30T00:06:54.036+0000] {processor.py:830} INFO - Processing file /opt/airflow/dags/tipico_dag.py for tasks to queue
[2024-05-30T00:06:54.038+0000] {logging_mixin.py:188} INFO - [2024-05-30T00:06:54.038+0000] {dagbag.py:538} INFO - Filling up the DagBag from /opt/airflow/dags/tipico_dag.py
[2024-05-30T00:06:54.425+0000] {processor.py:840} INFO - DAG(s) 'tipico_dag' retrieved from /opt/airflow/dags/tipico_dag.py
[2024-05-30T00:06:54.443+0000] {logging_mixin.py:188} INFO - [2024-05-30T00:06:54.443+0000] {dag.py:3036} INFO - Sync 1 DAGs
[2024-05-30T00:06:54.463+0000] {logging_mixin.py:188} INFO - [2024-05-30T00:06:54.463+0000] {dag.py:3823} INFO - Setting next_dagrun for tipico_dag to 2024-05-29 23:50:00+00:00, run_after=2024-05-30 00:00:00+00:00
[2024-05-30T00:06:54.483+0000] {processor.py:183} INFO - Processing /opt/airflow/dags/tipico_dag.py took 0.453 seconds
[2024-05-30T00:07:25.809+0000] {processor.py:161} INFO - Started process (PID=3541) to work on /opt/airflow/dags/tipico_dag.py
[2024-05-30T00:07:25.810+0000] {processor.py:830} INFO - Processing file /opt/airflow/dags/tipico_dag.py for tasks to queue
[2024-05-30T00:07:25.812+0000] {logging_mixin.py:188} INFO - [2024-05-30T00:07:25.812+0000] {dagbag.py:538} INFO - Filling up the DagBag from /opt/airflow/dags/tipico_dag.py
[2024-05-30T00:07:26.179+0000] {processor.py:840} INFO - DAG(s) 'tipico_dag' retrieved from /opt/airflow/dags/tipico_dag.py
[2024-05-30T00:07:26.196+0000] {logging_mixin.py:188} INFO - [2024-05-30T00:07:26.196+0000] {dag.py:3036} INFO - Sync 1 DAGs
[2024-05-30T00:07:26.219+0000] {logging_mixin.py:188} INFO - [2024-05-30T00:07:26.219+0000] {dag.py:3823} INFO - Setting next_dagrun for tipico_dag to 2024-05-29 23:50:00+00:00, run_after=2024-05-30 00:00:00+00:00
[2024-05-30T00:07:26.241+0000] {processor.py:183} INFO - Processing /opt/airflow/dags/tipico_dag.py took 0.438 seconds
[2024-05-30T00:07:56.474+0000] {processor.py:161} INFO - Started process (PID=3603) to work on /opt/airflow/dags/tipico_dag.py
[2024-05-30T00:07:56.474+0000] {processor.py:830} INFO - Processing file /opt/airflow/dags/tipico_dag.py for tasks to queue
[2024-05-30T00:07:56.476+0000] {logging_mixin.py:188} INFO - [2024-05-30T00:07:56.475+0000] {dagbag.py:538} INFO - Filling up the DagBag from /opt/airflow/dags/tipico_dag.py
[2024-05-30T00:07:56.895+0000] {processor.py:840} INFO - DAG(s) 'tipico_dag' retrieved from /opt/airflow/dags/tipico_dag.py
[2024-05-30T00:07:56.916+0000] {logging_mixin.py:188} INFO - [2024-05-30T00:07:56.915+0000] {dag.py:3036} INFO - Sync 1 DAGs
[2024-05-30T00:07:56.941+0000] {logging_mixin.py:188} INFO - [2024-05-30T00:07:56.941+0000] {dag.py:3823} INFO - Setting next_dagrun for tipico_dag to 2024-05-29 23:50:00+00:00, run_after=2024-05-30 00:00:00+00:00
[2024-05-30T00:07:56.967+0000] {processor.py:183} INFO - Processing /opt/airflow/dags/tipico_dag.py took 0.496 seconds
[2024-05-30T00:08:27.407+0000] {processor.py:161} INFO - Started process (PID=3665) to work on /opt/airflow/dags/tipico_dag.py
[2024-05-30T00:08:27.408+0000] {processor.py:830} INFO - Processing file /opt/airflow/dags/tipico_dag.py for tasks to queue
[2024-05-30T00:08:27.410+0000] {logging_mixin.py:188} INFO - [2024-05-30T00:08:27.409+0000] {dagbag.py:538} INFO - Filling up the DagBag from /opt/airflow/dags/tipico_dag.py
[2024-05-30T00:08:27.769+0000] {processor.py:840} INFO - DAG(s) 'tipico_dag' retrieved from /opt/airflow/dags/tipico_dag.py
[2024-05-30T00:08:27.787+0000] {logging_mixin.py:188} INFO - [2024-05-30T00:08:27.786+0000] {dag.py:3036} INFO - Sync 1 DAGs
[2024-05-30T00:08:27.808+0000] {logging_mixin.py:188} INFO - [2024-05-30T00:08:27.807+0000] {dag.py:3823} INFO - Setting next_dagrun for tipico_dag to 2024-05-29 23:50:00+00:00, run_after=2024-05-30 00:00:00+00:00
[2024-05-30T00:08:27.830+0000] {processor.py:183} INFO - Processing /opt/airflow/dags/tipico_dag.py took 0.427 seconds
[2024-05-30T00:08:58.271+0000] {processor.py:161} INFO - Started process (PID=3725) to work on /opt/airflow/dags/tipico_dag.py
[2024-05-30T00:08:58.272+0000] {processor.py:830} INFO - Processing file /opt/airflow/dags/tipico_dag.py for tasks to queue
[2024-05-30T00:08:58.273+0000] {logging_mixin.py:188} INFO - [2024-05-30T00:08:58.273+0000] {dagbag.py:538} INFO - Filling up the DagBag from /opt/airflow/dags/tipico_dag.py
[2024-05-30T00:08:58.694+0000] {processor.py:840} INFO - DAG(s) 'tipico_dag' retrieved from /opt/airflow/dags/tipico_dag.py
[2024-05-30T00:08:58.711+0000] {logging_mixin.py:188} INFO - [2024-05-30T00:08:58.711+0000] {dag.py:3036} INFO - Sync 1 DAGs
[2024-05-30T00:08:58.733+0000] {logging_mixin.py:188} INFO - [2024-05-30T00:08:58.733+0000] {dag.py:3823} INFO - Setting next_dagrun for tipico_dag to 2024-05-29 23:50:00+00:00, run_after=2024-05-30 00:00:00+00:00
[2024-05-30T00:08:58.756+0000] {processor.py:183} INFO - Processing /opt/airflow/dags/tipico_dag.py took 0.489 seconds
[2024-05-30T00:09:29.216+0000] {processor.py:161} INFO - Started process (PID=3784) to work on /opt/airflow/dags/tipico_dag.py
[2024-05-30T00:09:29.217+0000] {processor.py:830} INFO - Processing file /opt/airflow/dags/tipico_dag.py for tasks to queue
[2024-05-30T00:09:29.218+0000] {logging_mixin.py:188} INFO - [2024-05-30T00:09:29.218+0000] {dagbag.py:538} INFO - Filling up the DagBag from /opt/airflow/dags/tipico_dag.py
[2024-05-30T00:09:29.592+0000] {processor.py:840} INFO - DAG(s) 'tipico_dag' retrieved from /opt/airflow/dags/tipico_dag.py
[2024-05-30T00:09:29.611+0000] {logging_mixin.py:188} INFO - [2024-05-30T00:09:29.611+0000] {dag.py:3036} INFO - Sync 1 DAGs
[2024-05-30T00:09:29.638+0000] {logging_mixin.py:188} INFO - [2024-05-30T00:09:29.638+0000] {dag.py:3823} INFO - Setting next_dagrun for tipico_dag to 2024-05-29 23:50:00+00:00, run_after=2024-05-30 00:00:00+00:00
[2024-05-30T00:09:29.673+0000] {processor.py:183} INFO - Processing /opt/airflow/dags/tipico_dag.py took 0.461 seconds
[2024-05-30T00:10:00.561+0000] {processor.py:161} INFO - Started process (PID=3843) to work on /opt/airflow/dags/tipico_dag.py
[2024-05-30T00:10:00.562+0000] {processor.py:830} INFO - Processing file /opt/airflow/dags/tipico_dag.py for tasks to queue
[2024-05-30T00:10:00.563+0000] {logging_mixin.py:188} INFO - [2024-05-30T00:10:00.563+0000] {dagbag.py:538} INFO - Filling up the DagBag from /opt/airflow/dags/tipico_dag.py
[2024-05-30T00:10:00.980+0000] {processor.py:840} INFO - DAG(s) 'tipico_dag' retrieved from /opt/airflow/dags/tipico_dag.py
[2024-05-30T00:10:01.001+0000] {logging_mixin.py:188} INFO - [2024-05-30T00:10:01.000+0000] {dag.py:3036} INFO - Sync 1 DAGs
[2024-05-30T00:10:01.025+0000] {logging_mixin.py:188} INFO - [2024-05-30T00:10:01.025+0000] {dag.py:3823} INFO - Setting next_dagrun for tipico_dag to 2024-05-30 00:00:00+00:00, run_after=2024-05-30 00:10:00+00:00
[2024-05-30T00:10:01.052+0000] {processor.py:183} INFO - Processing /opt/airflow/dags/tipico_dag.py took 0.495 seconds
[2024-05-30T00:10:31.144+0000] {processor.py:161} INFO - Started process (PID=3902) to work on /opt/airflow/dags/tipico_dag.py
[2024-05-30T00:10:31.145+0000] {processor.py:830} INFO - Processing file /opt/airflow/dags/tipico_dag.py for tasks to queue
[2024-05-30T00:10:31.148+0000] {logging_mixin.py:188} INFO - [2024-05-30T00:10:31.147+0000] {dagbag.py:538} INFO - Filling up the DagBag from /opt/airflow/dags/tipico_dag.py
[2024-05-30T00:10:31.518+0000] {processor.py:840} INFO - DAG(s) 'tipico_dag' retrieved from /opt/airflow/dags/tipico_dag.py
[2024-05-30T00:10:31.535+0000] {logging_mixin.py:188} INFO - [2024-05-30T00:10:31.535+0000] {dag.py:3036} INFO - Sync 1 DAGs
[2024-05-30T00:10:31.556+0000] {logging_mixin.py:188} INFO - [2024-05-30T00:10:31.556+0000] {dag.py:3823} INFO - Setting next_dagrun for tipico_dag to 2024-05-30 00:00:00+00:00, run_after=2024-05-30 00:10:00+00:00
[2024-05-30T00:10:31.581+0000] {processor.py:183} INFO - Processing /opt/airflow/dags/tipico_dag.py took 0.443 seconds
[2024-05-30T00:11:02.039+0000] {processor.py:161} INFO - Started process (PID=3961) to work on /opt/airflow/dags/tipico_dag.py
[2024-05-30T00:11:02.040+0000] {processor.py:830} INFO - Processing file /opt/airflow/dags/tipico_dag.py for tasks to queue
[2024-05-30T00:11:02.042+0000] {logging_mixin.py:188} INFO - [2024-05-30T00:11:02.041+0000] {dagbag.py:538} INFO - Filling up the DagBag from /opt/airflow/dags/tipico_dag.py
[2024-05-30T00:11:02.411+0000] {processor.py:840} INFO - DAG(s) 'tipico_dag' retrieved from /opt/airflow/dags/tipico_dag.py
[2024-05-30T00:11:02.429+0000] {logging_mixin.py:188} INFO - [2024-05-30T00:11:02.429+0000] {dag.py:3036} INFO - Sync 1 DAGs
[2024-05-30T00:11:02.456+0000] {logging_mixin.py:188} INFO - [2024-05-30T00:11:02.455+0000] {dag.py:3823} INFO - Setting next_dagrun for tipico_dag to 2024-05-30 00:00:00+00:00, run_after=2024-05-30 00:10:00+00:00
[2024-05-30T00:11:02.486+0000] {processor.py:183} INFO - Processing /opt/airflow/dags/tipico_dag.py took 0.451 seconds
[2024-05-30T00:11:32.613+0000] {processor.py:161} INFO - Started process (PID=4023) to work on /opt/airflow/dags/tipico_dag.py
[2024-05-30T00:11:32.614+0000] {processor.py:830} INFO - Processing file /opt/airflow/dags/tipico_dag.py for tasks to queue
[2024-05-30T00:11:32.615+0000] {logging_mixin.py:188} INFO - [2024-05-30T00:11:32.615+0000] {dagbag.py:538} INFO - Filling up the DagBag from /opt/airflow/dags/tipico_dag.py
[2024-05-30T00:11:33.001+0000] {processor.py:840} INFO - DAG(s) 'tipico_dag' retrieved from /opt/airflow/dags/tipico_dag.py
[2024-05-30T00:11:33.018+0000] {logging_mixin.py:188} INFO - [2024-05-30T00:11:33.018+0000] {dag.py:3036} INFO - Sync 1 DAGs
[2024-05-30T00:11:33.040+0000] {logging_mixin.py:188} INFO - [2024-05-30T00:11:33.039+0000] {dag.py:3823} INFO - Setting next_dagrun for tipico_dag to 2024-05-30 00:00:00+00:00, run_after=2024-05-30 00:10:00+00:00
[2024-05-30T00:11:33.060+0000] {processor.py:183} INFO - Processing /opt/airflow/dags/tipico_dag.py took 0.450 seconds
[2024-05-30T00:12:03.164+0000] {processor.py:161} INFO - Started process (PID=4079) to work on /opt/airflow/dags/tipico_dag.py
[2024-05-30T00:12:03.165+0000] {processor.py:830} INFO - Processing file /opt/airflow/dags/tipico_dag.py for tasks to queue
[2024-05-30T00:12:03.166+0000] {logging_mixin.py:188} INFO - [2024-05-30T00:12:03.166+0000] {dagbag.py:538} INFO - Filling up the DagBag from /opt/airflow/dags/tipico_dag.py
[2024-05-30T00:12:03.542+0000] {processor.py:840} INFO - DAG(s) 'tipico_dag' retrieved from /opt/airflow/dags/tipico_dag.py
[2024-05-30T00:12:03.562+0000] {logging_mixin.py:188} INFO - [2024-05-30T00:12:03.561+0000] {dag.py:3036} INFO - Sync 1 DAGs
[2024-05-30T00:12:03.588+0000] {logging_mixin.py:188} INFO - [2024-05-30T00:12:03.588+0000] {dag.py:3823} INFO - Setting next_dagrun for tipico_dag to 2024-05-30 00:00:00+00:00, run_after=2024-05-30 00:10:00+00:00
[2024-05-30T00:12:03.615+0000] {processor.py:183} INFO - Processing /opt/airflow/dags/tipico_dag.py took 0.454 seconds
[2024-05-30T00:12:33.939+0000] {processor.py:161} INFO - Started process (PID=4138) to work on /opt/airflow/dags/tipico_dag.py
[2024-05-30T00:12:33.941+0000] {processor.py:830} INFO - Processing file /opt/airflow/dags/tipico_dag.py for tasks to queue
[2024-05-30T00:12:33.943+0000] {logging_mixin.py:188} INFO - [2024-05-30T00:12:33.942+0000] {dagbag.py:538} INFO - Filling up the DagBag from /opt/airflow/dags/tipico_dag.py
[2024-05-30T00:12:34.309+0000] {processor.py:840} INFO - DAG(s) 'tipico_dag' retrieved from /opt/airflow/dags/tipico_dag.py
[2024-05-30T00:12:34.326+0000] {logging_mixin.py:188} INFO - [2024-05-30T00:12:34.326+0000] {dag.py:3036} INFO - Sync 1 DAGs
[2024-05-30T00:12:34.347+0000] {logging_mixin.py:188} INFO - [2024-05-30T00:12:34.347+0000] {dag.py:3823} INFO - Setting next_dagrun for tipico_dag to 2024-05-30 00:00:00+00:00, run_after=2024-05-30 00:10:00+00:00
[2024-05-30T00:12:34.366+0000] {processor.py:183} INFO - Processing /opt/airflow/dags/tipico_dag.py took 0.433 seconds
[2024-05-30T00:13:04.732+0000] {processor.py:161} INFO - Started process (PID=4197) to work on /opt/airflow/dags/tipico_dag.py
[2024-05-30T00:13:04.734+0000] {processor.py:830} INFO - Processing file /opt/airflow/dags/tipico_dag.py for tasks to queue
[2024-05-30T00:13:04.735+0000] {logging_mixin.py:188} INFO - [2024-05-30T00:13:04.735+0000] {dagbag.py:538} INFO - Filling up the DagBag from /opt/airflow/dags/tipico_dag.py
[2024-05-30T00:13:05.124+0000] {processor.py:840} INFO - DAG(s) 'tipico_dag' retrieved from /opt/airflow/dags/tipico_dag.py
[2024-05-30T00:13:05.142+0000] {logging_mixin.py:188} INFO - [2024-05-30T00:13:05.142+0000] {dag.py:3036} INFO - Sync 1 DAGs
[2024-05-30T00:13:05.164+0000] {logging_mixin.py:188} INFO - [2024-05-30T00:13:05.164+0000] {dag.py:3823} INFO - Setting next_dagrun for tipico_dag to 2024-05-30 00:00:00+00:00, run_after=2024-05-30 00:10:00+00:00
[2024-05-30T00:13:05.187+0000] {processor.py:183} INFO - Processing /opt/airflow/dags/tipico_dag.py took 0.460 seconds
[2024-05-30T00:13:35.398+0000] {processor.py:161} INFO - Started process (PID=4256) to work on /opt/airflow/dags/tipico_dag.py
[2024-05-30T00:13:35.399+0000] {processor.py:830} INFO - Processing file /opt/airflow/dags/tipico_dag.py for tasks to queue
[2024-05-30T00:13:35.401+0000] {logging_mixin.py:188} INFO - [2024-05-30T00:13:35.401+0000] {dagbag.py:538} INFO - Filling up the DagBag from /opt/airflow/dags/tipico_dag.py
[2024-05-30T00:13:35.786+0000] {processor.py:840} INFO - DAG(s) 'tipico_dag' retrieved from /opt/airflow/dags/tipico_dag.py
[2024-05-30T00:13:35.805+0000] {logging_mixin.py:188} INFO - [2024-05-30T00:13:35.804+0000] {dag.py:3036} INFO - Sync 1 DAGs
[2024-05-30T00:13:35.828+0000] {logging_mixin.py:188} INFO - [2024-05-30T00:13:35.828+0000] {dag.py:3823} INFO - Setting next_dagrun for tipico_dag to 2024-05-30 00:00:00+00:00, run_after=2024-05-30 00:10:00+00:00
[2024-05-30T00:13:35.851+0000] {processor.py:183} INFO - Processing /opt/airflow/dags/tipico_dag.py took 0.458 seconds
[2024-05-30T00:14:06.150+0000] {processor.py:161} INFO - Started process (PID=4315) to work on /opt/airflow/dags/tipico_dag.py
[2024-05-30T00:14:06.151+0000] {processor.py:830} INFO - Processing file /opt/airflow/dags/tipico_dag.py for tasks to queue
[2024-05-30T00:14:06.152+0000] {logging_mixin.py:188} INFO - [2024-05-30T00:14:06.152+0000] {dagbag.py:538} INFO - Filling up the DagBag from /opt/airflow/dags/tipico_dag.py
[2024-05-30T00:14:06.513+0000] {processor.py:840} INFO - DAG(s) 'tipico_dag' retrieved from /opt/airflow/dags/tipico_dag.py
[2024-05-30T00:14:06.531+0000] {logging_mixin.py:188} INFO - [2024-05-30T00:14:06.531+0000] {dag.py:3036} INFO - Sync 1 DAGs
[2024-05-30T00:14:06.553+0000] {logging_mixin.py:188} INFO - [2024-05-30T00:14:06.552+0000] {dag.py:3823} INFO - Setting next_dagrun for tipico_dag to 2024-05-30 00:00:00+00:00, run_after=2024-05-30 00:10:00+00:00
[2024-05-30T00:14:06.576+0000] {processor.py:183} INFO - Processing /opt/airflow/dags/tipico_dag.py took 0.430 seconds
