[2024-05-31T09:10:05.191+0000] {taskinstance.py:1956} INFO - Dependencies all met for dep_context=non-requeueable deps ti=<TaskInstance: tipico_dag.load_data_to_redshift scheduled__2024-05-31T09:00:00+00:00 [queued]>
[2024-05-31T09:10:05.200+0000] {taskinstance.py:1956} INFO - Dependencies all met for dep_context=requeueable deps ti=<TaskInstance: tipico_dag.load_data_to_redshift scheduled__2024-05-31T09:00:00+00:00 [queued]>
[2024-05-31T09:10:05.201+0000] {taskinstance.py:2170} INFO - Starting attempt 1 of 2
[2024-05-31T09:10:05.216+0000] {taskinstance.py:2191} INFO - Executing <Task(PythonOperator): load_data_to_redshift> on 2024-05-31 09:00:00+00:00
[2024-05-31T09:10:05.223+0000] {standard_task_runner.py:60} INFO - Started process 30994 to run task
[2024-05-31T09:10:05.227+0000] {standard_task_runner.py:87} INFO - Running: ['***', 'tasks', 'run', 'tipico_dag', 'load_data_to_redshift', 'scheduled__2024-05-31T09:00:00+00:00', '--job-id', '331', '--raw', '--subdir', 'DAGS_FOLDER/tipico_dag.py', '--cfg-path', '/tmp/tmp6ckwdu_a']
[2024-05-31T09:10:05.229+0000] {standard_task_runner.py:88} INFO - Job 331: Subtask load_data_to_redshift
[2024-05-31T09:10:05.289+0000] {task_command.py:423} INFO - Running <TaskInstance: tipico_dag.load_data_to_redshift scheduled__2024-05-31T09:00:00+00:00 [running]> on host a71bb5ce980f
[2024-05-31T09:10:05.381+0000] {taskinstance.py:2480} INFO - Exporting env vars: AIRFLOW_CTX_DAG_OWNER='***' AIRFLOW_CTX_DAG_ID='tipico_dag' AIRFLOW_CTX_TASK_ID='load_data_to_redshift' AIRFLOW_CTX_EXECUTION_DATE='2024-05-31T09:00:00+00:00' AIRFLOW_CTX_TRY_NUMBER='1' AIRFLOW_CTX_DAG_RUN_ID='scheduled__2024-05-31T09:00:00+00:00'
[2024-05-31T09:10:05.432+0000] {logging_mixin.py:188} INFO -    Unnamed: 0  ...  eventMetadata
0           0  ...            NaN
1           1  ...            NaN
2           2  ...            NaN
3           3  ...            NaN
4           4  ...            NaN

[5 rows x 23 columns]
[2024-05-31T09:10:05.447+0000] {base.py:83} INFO - Using connection ID 'redshift_default' for task execution.
[2024-05-31T09:10:06.253+0000] {logging_mixin.py:188} INFO - {816775}
[2024-05-31T09:10:06.611+0000] {logging_mixin.py:188} INFO - {814918}
[2024-05-31T09:10:06.780+0000] {logging_mixin.py:188} INFO - {814870}
[2024-05-31T09:10:06.988+0000] {logging_mixin.py:188} INFO - {814933}
[2024-05-31T09:10:07.179+0000] {logging_mixin.py:188} INFO - {814872}
[2024-05-31T09:10:07.344+0000] {logging_mixin.py:188} INFO - {817801}
[2024-05-31T09:10:07.520+0000] {logging_mixin.py:188} INFO - {819146}
[2024-05-31T09:10:07.673+0000] {logging_mixin.py:188} INFO - {819147}
[2024-05-31T09:10:07.852+0000] {logging_mixin.py:188} INFO - {819199}
[2024-05-31T09:10:08.018+0000] {logging_mixin.py:188} INFO - {818842}
[2024-05-31T09:10:08.344+0000] {logging_mixin.py:188} INFO - {819229}
[2024-05-31T09:10:08.502+0000] {logging_mixin.py:188} INFO - {814968}
[2024-05-31T09:10:08.680+0000] {logging_mixin.py:188} INFO - {818803}
[2024-05-31T09:10:08.845+0000] {logging_mixin.py:188} INFO - {818870}
[2024-05-31T09:10:09.011+0000] {logging_mixin.py:188} INFO - {814929}
[2024-05-31T09:10:09.161+0000] {logging_mixin.py:188} INFO - {816200}
[2024-05-31T09:10:09.337+0000] {logging_mixin.py:188} INFO - {818857}
[2024-05-31T09:10:09.493+0000] {logging_mixin.py:188} INFO - {818810}
[2024-05-31T09:10:10.500+0000] {python.py:201} INFO - Done. Returned value was: None
[2024-05-31T09:10:10.525+0000] {taskinstance.py:1138} INFO - Marking task as SUCCESS. dag_id=tipico_dag, task_id=load_data_to_redshift, execution_date=20240531T090000, start_date=20240531T091005, end_date=20240531T091010
[2024-05-31T09:10:10.588+0000] {local_task_job_runner.py:234} INFO - Task exited with return code 0
[2024-05-31T09:10:10.619+0000] {taskinstance.py:3280} INFO - 0 downstream tasks scheduled from follow-on schedule check
