[2024-05-31T08:20:05.477+0000] {taskinstance.py:1956} INFO - Dependencies all met for dep_context=non-requeueable deps ti=<TaskInstance: tipico_dag.load_data_to_redshift scheduled__2024-05-31T08:10:00+00:00 [queued]>
[2024-05-31T08:20:05.489+0000] {taskinstance.py:1956} INFO - Dependencies all met for dep_context=requeueable deps ti=<TaskInstance: tipico_dag.load_data_to_redshift scheduled__2024-05-31T08:10:00+00:00 [queued]>
[2024-05-31T08:20:05.489+0000] {taskinstance.py:2170} INFO - Starting attempt 1 of 2
[2024-05-31T08:20:05.515+0000] {taskinstance.py:2191} INFO - Executing <Task(PythonOperator): load_data_to_redshift> on 2024-05-31 08:10:00+00:00
[2024-05-31T08:20:05.527+0000] {standard_task_runner.py:87} INFO - Running: ['***', 'tasks', 'run', 'tipico_dag', 'load_data_to_redshift', 'scheduled__2024-05-31T08:10:00+00:00', '--job-id', '321', '--raw', '--subdir', 'DAGS_FOLDER/tipico_dag.py', '--cfg-path', '/tmp/tmpiefvwohd']
[2024-05-31T08:20:05.534+0000] {standard_task_runner.py:88} INFO - Job 321: Subtask load_data_to_redshift
[2024-05-31T08:20:05.524+0000] {standard_task_runner.py:60} INFO - Started process 30229 to run task
[2024-05-31T08:20:05.604+0000] {task_command.py:423} INFO - Running <TaskInstance: tipico_dag.load_data_to_redshift scheduled__2024-05-31T08:10:00+00:00 [running]> on host a71bb5ce980f
[2024-05-31T08:20:05.695+0000] {taskinstance.py:2480} INFO - Exporting env vars: AIRFLOW_CTX_DAG_OWNER='***' AIRFLOW_CTX_DAG_ID='tipico_dag' AIRFLOW_CTX_TASK_ID='load_data_to_redshift' AIRFLOW_CTX_EXECUTION_DATE='2024-05-31T08:10:00+00:00' AIRFLOW_CTX_TRY_NUMBER='1' AIRFLOW_CTX_DAG_RUN_ID='scheduled__2024-05-31T08:10:00+00:00'
[2024-05-31T08:20:05.773+0000] {logging_mixin.py:188} INFO -    Unnamed: 0  ...  eventMetadata
0           0  ...            NaN
1           1  ...            NaN
2           2  ...            NaN
3           3  ...            NaN
4           4  ...            NaN

[5 rows x 23 columns]
[2024-05-31T08:20:05.798+0000] {base.py:83} INFO - Using connection ID 'redshift_default' for task execution.
[2024-05-31T08:20:06.632+0000] {logging_mixin.py:188} INFO - {816775}
[2024-05-31T08:20:06.990+0000] {logging_mixin.py:188} INFO - {814989}
[2024-05-31T08:20:07.160+0000] {logging_mixin.py:188} INFO - {814918}
[2024-05-31T08:20:07.356+0000] {logging_mixin.py:188} INFO - {814870}
[2024-05-31T08:20:07.553+0000] {logging_mixin.py:188} INFO - {814933}
[2024-05-31T08:20:07.706+0000] {logging_mixin.py:188} INFO - {814872}
[2024-05-31T08:20:07.873+0000] {logging_mixin.py:188} INFO - {817801}
[2024-05-31T08:20:08.065+0000] {logging_mixin.py:188} INFO - {818838}
[2024-05-31T08:20:08.396+0000] {logging_mixin.py:188} INFO - {818813}
[2024-05-31T08:20:08.580+0000] {logging_mixin.py:188} INFO - {818844}
[2024-05-31T08:20:08.760+0000] {logging_mixin.py:188} INFO - {818806}
[2024-05-31T08:20:08.936+0000] {logging_mixin.py:188} INFO - {819199}
[2024-05-31T08:20:09.113+0000] {logging_mixin.py:188} INFO - {818842}
[2024-05-31T08:20:09.282+0000] {logging_mixin.py:188} INFO - {819229}
[2024-05-31T08:20:09.458+0000] {logging_mixin.py:188} INFO - {818567}
[2024-05-31T08:20:09.640+0000] {logging_mixin.py:188} INFO - {818873}
[2024-05-31T08:20:09.810+0000] {logging_mixin.py:188} INFO - {819082}
[2024-05-31T08:20:10.001+0000] {logging_mixin.py:188} INFO - {814877}
[2024-05-31T08:20:10.851+0000] {python.py:201} INFO - Done. Returned value was: None
[2024-05-31T08:20:10.870+0000] {taskinstance.py:1138} INFO - Marking task as SUCCESS. dag_id=tipico_dag, task_id=load_data_to_redshift, execution_date=20240531T081000, start_date=20240531T082005, end_date=20240531T082010
[2024-05-31T08:20:10.934+0000] {local_task_job_runner.py:234} INFO - Task exited with return code 0
[2024-05-31T08:20:10.959+0000] {taskinstance.py:3280} INFO - 0 downstream tasks scheduled from follow-on schedule check
